[WARNING STA-0503] report_checks -group_count is deprecated. Use -group_path_count instead.
Startpoint: cpu/decoder_trigger$_DFF_P_ (rising edge-triggered flip-flop)
Endpoint: cpu/count_instr[62]$_SDFFE_PN0P_ (rising edge-triggered flip-flop)
Path Group: unconstrained
Path Type: max
Corner: slow

Fanout     Cap    Slew   Delay    Time   Description
-----------------------------------------------------------------------------
                  4.22    0.00    0.00 ^ cpu/decoder_trigger$_DFF_P_/CLK (sky130_fd_sc_hd__dfxtp_1)
    35    0.15    4.95    6.63    6.63 ^ cpu/decoder_trigger$_DFF_P_/Q (sky130_fd_sc_hd__dfxtp_1)
                                         _3425_ (net)
                  4.95    0.00    6.63 ^ _8620_/D (sky130_fd_sc_hd__and4_1)
     4    0.01    0.38    2.57    9.20 ^ _8620_/X (sky130_fd_sc_hd__and4_1)
                                         _4149_ (net)
                  0.38    0.00    9.20 ^ _8621_/D (sky130_fd_sc_hd__and4_1)
     5    0.01    0.39    0.89   10.09 ^ _8621_/X (sky130_fd_sc_hd__and4_1)
                                         _4150_ (net)
                  0.39    0.00   10.09 ^ _8622_/D (sky130_fd_sc_hd__and4_1)
     5    0.01    0.42    0.92   11.01 ^ _8622_/X (sky130_fd_sc_hd__and4_1)
                                         _4151_ (net)
                  0.42    0.00   11.01 ^ _8623_/D (sky130_fd_sc_hd__and4_1)
     5    0.01    0.45    0.96   11.97 ^ _8623_/X (sky130_fd_sc_hd__and4_1)
                                         _4152_ (net)
                  0.45    0.00   11.97 ^ _8624_/D (sky130_fd_sc_hd__and4_1)
     5    0.01    0.44    0.97   12.94 ^ _8624_/X (sky130_fd_sc_hd__and4_1)
                                         _4153_ (net)
                  0.44    0.00   12.94 ^ _8625_/D (sky130_fd_sc_hd__and4_1)
     4    0.01    0.36    0.90   13.84 ^ _8625_/X (sky130_fd_sc_hd__and4_1)
                                         _4154_ (net)
                  0.36    0.00   13.84 ^ _8626_/D (sky130_fd_sc_hd__and4_1)
     5    0.01    0.39    0.89   14.73 ^ _8626_/X (sky130_fd_sc_hd__and4_1)
                                         _4155_ (net)
                  0.39    0.00   14.73 ^ _8627_/D (sky130_fd_sc_hd__and4_1)
     5    0.01    0.39    0.90   15.63 ^ _8627_/X (sky130_fd_sc_hd__and4_1)
                                         _4156_ (net)
                  0.39    0.00   15.63 ^ _8628_/D (sky130_fd_sc_hd__and4_1)
     5    0.01    0.41    0.91   16.54 ^ _8628_/X (sky130_fd_sc_hd__and4_1)
                                         _4157_ (net)
                  0.41    0.00   16.54 ^ _8629_/D (sky130_fd_sc_hd__and4_1)
     5    0.01    0.43    0.94   17.48 ^ _8629_/X (sky130_fd_sc_hd__and4_1)
                                         _4158_ (net)
                  0.43    0.00   17.48 ^ _8630_/D (sky130_fd_sc_hd__and4_1)
     5    0.01    0.45    0.96   18.43 ^ _8630_/X (sky130_fd_sc_hd__and4_1)
                                         _4159_ (net)
                  0.45    0.00   18.43 ^ _8631_/D (sky130_fd_sc_hd__and4_1)
     5    0.01    0.43    0.96   19.39 ^ _8631_/X (sky130_fd_sc_hd__and4_1)
                                         _4160_ (net)
                  0.43    0.00   19.39 ^ _8632_/D (sky130_fd_sc_hd__and4_1)
     5    0.01    0.48    0.99   20.38 ^ _8632_/X (sky130_fd_sc_hd__and4_1)
                                         _4161_ (net)
                  0.48    0.00   20.38 ^ _8633_/D (sky130_fd_sc_hd__nand4_1)
     2    0.01    0.30    0.53   20.91 v _8633_/Y (sky130_fd_sc_hd__nand4_1)
                                         _4162_ (net)
                  0.30    0.00   20.91 v _8634_/D (sky130_fd_sc_hd__nor4_2)
     5    0.01    1.55    1.43   22.34 ^ _8634_/Y (sky130_fd_sc_hd__nor4_2)
                                         _4163_ (net)
                  1.55    0.00   22.34 ^ _8635_/D (sky130_fd_sc_hd__nand4_1)
     5    0.01    0.51    1.12   23.46 v _8635_/Y (sky130_fd_sc_hd__nand4_1)
                                         _4164_ (net)
                  0.51    0.00   23.46 v _8636_/D (sky130_fd_sc_hd__nor4_1)
     4    0.01    1.93    1.86   25.32 ^ _8636_/Y (sky130_fd_sc_hd__nor4_1)
                                         _4165_ (net)
                  1.93    0.00   25.32 ^ _8637_/C (sky130_fd_sc_hd__and3_1)
     5    0.01    0.37    1.42   26.74 ^ _8637_/X (sky130_fd_sc_hd__and3_1)
                                         _4166_ (net)
                  0.37    0.00   26.74 ^ _8638_/D (sky130_fd_sc_hd__and4_1)
     6    0.01    0.49    0.97   27.71 ^ _8638_/X (sky130_fd_sc_hd__and4_1)
                                         _4167_ (net)
                  0.49    0.00   27.71 ^ _8639_/D (sky130_fd_sc_hd__and4_1)
     6    0.01    0.53    1.05   28.76 ^ _8639_/X (sky130_fd_sc_hd__and4_1)
                                         _4168_ (net)
                  0.53    0.00   28.76 ^ _8640_/D (sky130_fd_sc_hd__and4_1)
     4    0.01    0.38    0.95   29.71 ^ _8640_/X (sky130_fd_sc_hd__and4_1)
                                         _4169_ (net)
                  0.38    0.00   29.71 ^ _8641_/B (sky130_fd_sc_hd__and2_0)
     3    0.01    0.39    0.67   30.38 ^ _8641_/X (sky130_fd_sc_hd__and2_0)
                                         _4170_ (net)
                  0.39    0.00   30.38 ^ _8642_/A2 (sky130_fd_sc_hd__o21ai_0)
     1    0.00    0.15    0.32   30.69 v _8642_/Y (sky130_fd_sc_hd__o21ai_0)
                                         _4171_ (net)
                  0.15    0.00   30.69 v _8643_/B1 (sky130_fd_sc_hd__a21oi_1)
     1    0.00    0.32    0.42   31.11 ^ _8643_/Y (sky130_fd_sc_hd__a21oi_1)
                                         _0293_ (net)
                  0.32    0.00   31.11 ^ cpu/count_instr[62]$_SDFFE_PN0P_/D (sky130_fd_sc_hd__dfxtp_1)
                                 31.11   data arrival time
-----------------------------------------------------------------------------
(Path is unconstrained)


Startpoint: cpu/decoder_trigger$_DFF_P_ (rising edge-triggered flip-flop)
Endpoint: cpu/count_instr[63]$_SDFFE_PN0P_ (rising edge-triggered flip-flop)
Path Group: unconstrained
Path Type: max
Corner: slow

Fanout     Cap    Slew   Delay    Time   Description
-----------------------------------------------------------------------------
                  4.22    0.00    0.00 ^ cpu/decoder_trigger$_DFF_P_/CLK (sky130_fd_sc_hd__dfxtp_1)
    35    0.15    4.95    6.63    6.63 ^ cpu/decoder_trigger$_DFF_P_/Q (sky130_fd_sc_hd__dfxtp_1)
                                         _3425_ (net)
                  4.95    0.00    6.63 ^ _8620_/D (sky130_fd_sc_hd__and4_1)
     4    0.01    0.38    2.57    9.20 ^ _8620_/X (sky130_fd_sc_hd__and4_1)
                                         _4149_ (net)
                  0.38    0.00    9.20 ^ _8621_/D (sky130_fd_sc_hd__and4_1)
     5    0.01    0.39    0.89   10.09 ^ _8621_/X (sky130_fd_sc_hd__and4_1)
                                         _4150_ (net)
                  0.39    0.00   10.09 ^ _8622_/D (sky130_fd_sc_hd__and4_1)
     5    0.01    0.42    0.92   11.01 ^ _8622_/X (sky130_fd_sc_hd__and4_1)
                                         _4151_ (net)
                  0.42    0.00   11.01 ^ _8623_/D (sky130_fd_sc_hd__and4_1)
     5    0.01    0.45    0.96   11.97 ^ _8623_/X (sky130_fd_sc_hd__and4_1)
                                         _4152_ (net)
                  0.45    0.00   11.97 ^ _8624_/D (sky130_fd_sc_hd__and4_1)
     5    0.01    0.44    0.97   12.94 ^ _8624_/X (sky130_fd_sc_hd__and4_1)
                                         _4153_ (net)
                  0.44    0.00   12.94 ^ _8625_/D (sky130_fd_sc_hd__and4_1)
     4    0.01    0.36    0.90   13.84 ^ _8625_/X (sky130_fd_sc_hd__and4_1)
                                         _4154_ (net)
                  0.36    0.00   13.84 ^ _8626_/D (sky130_fd_sc_hd__and4_1)
     5    0.01    0.39    0.89   14.73 ^ _8626_/X (sky130_fd_sc_hd__and4_1)
                                         _4155_ (net)
                  0.39    0.00   14.73 ^ _8627_/D (sky130_fd_sc_hd__and4_1)
     5    0.01    0.39    0.90   15.63 ^ _8627_/X (sky130_fd_sc_hd__and4_1)
                                         _4156_ (net)
                  0.39    0.00   15.63 ^ _8628_/D (sky130_fd_sc_hd__and4_1)
     5    0.01    0.41    0.91   16.54 ^ _8628_/X (sky130_fd_sc_hd__and4_1)
                                         _4157_ (net)
                  0.41    0.00   16.54 ^ _8629_/D (sky130_fd_sc_hd__and4_1)
     5    0.01    0.43    0.94   17.48 ^ _8629_/X (sky130_fd_sc_hd__and4_1)
                                         _4158_ (net)
                  0.43    0.00   17.48 ^ _8630_/D (sky130_fd_sc_hd__and4_1)
     5    0.01    0.45    0.96   18.43 ^ _8630_/X (sky130_fd_sc_hd__and4_1)
                                         _4159_ (net)
                  0.45    0.00   18.43 ^ _8631_/D (sky130_fd_sc_hd__and4_1)
     5    0.01    0.43    0.96   19.39 ^ _8631_/X (sky130_fd_sc_hd__and4_1)
                                         _4160_ (net)
                  0.43    0.00   19.39 ^ _8632_/D (sky130_fd_sc_hd__and4_1)
     5    0.01    0.48    0.99   20.38 ^ _8632_/X (sky130_fd_sc_hd__and4_1)
                                         _4161_ (net)
                  0.48    0.00   20.38 ^ _8633_/D (sky130_fd_sc_hd__nand4_1)
     2    0.01    0.30    0.53   20.91 v _8633_/Y (sky130_fd_sc_hd__nand4_1)
                                         _4162_ (net)
                  0.30    0.00   20.91 v _8634_/D (sky130_fd_sc_hd__nor4_2)
     5    0.01    1.55    1.43   22.34 ^ _8634_/Y (sky130_fd_sc_hd__nor4_2)
                                         _4163_ (net)
                  1.55    0.00   22.34 ^ _8635_/D (sky130_fd_sc_hd__nand4_1)
     5    0.01    0.51    1.12   23.46 v _8635_/Y (sky130_fd_sc_hd__nand4_1)
                                         _4164_ (net)
                  0.51    0.00   23.46 v _8636_/D (sky130_fd_sc_hd__nor4_1)
     4    0.01    1.93    1.86   25.32 ^ _8636_/Y (sky130_fd_sc_hd__nor4_1)
                                         _4165_ (net)
                  1.93    0.00   25.32 ^ _8637_/C (sky130_fd_sc_hd__and3_1)
     5    0.01    0.37    1.42   26.74 ^ _8637_/X (sky130_fd_sc_hd__and3_1)
                                         _4166_ (net)
                  0.37    0.00   26.74 ^ _8638_/D (sky130_fd_sc_hd__and4_1)
     6    0.01    0.49    0.97   27.71 ^ _8638_/X (sky130_fd_sc_hd__and4_1)
                                         _4167_ (net)
                  0.49    0.00   27.71 ^ _8639_/D (sky130_fd_sc_hd__and4_1)
     6    0.01    0.53    1.05   28.76 ^ _8639_/X (sky130_fd_sc_hd__and4_1)
                                         _4168_ (net)
                  0.53    0.00   28.76 ^ _8640_/D (sky130_fd_sc_hd__and4_1)
     4    0.01    0.38    0.95   29.71 ^ _8640_/X (sky130_fd_sc_hd__and4_1)
                                         _4169_ (net)
                  0.38    0.00   29.71 ^ _8824_/C (sky130_fd_sc_hd__nand3_1)
     1    0.00    0.16    0.36   30.07 v _8824_/Y (sky130_fd_sc_hd__nand3_1)
                                         _4287_ (net)
                  0.16    0.00   30.07 v _8825_/B (sky130_fd_sc_hd__xor2_1)
     1    0.00    0.09    0.62   30.69 v _8825_/X (sky130_fd_sc_hd__xor2_1)
                                         _4288_ (net)
                  0.09    0.00   30.69 v _8826_/B (sky130_fd_sc_hd__nor2_1)
     1    0.00    0.24    0.27   30.96 ^ _8826_/Y (sky130_fd_sc_hd__nor2_1)
                                         _0359_ (net)
                  0.24    0.00   30.96 ^ cpu/count_instr[63]$_SDFFE_PN0P_/D (sky130_fd_sc_hd__dfxtp_1)
                                 30.96   data arrival time
-----------------------------------------------------------------------------
(Path is unconstrained)


Startpoint: cpu/decoder_trigger$_DFF_P_ (rising edge-triggered flip-flop)
Endpoint: cpu/count_instr[61]$_SDFFE_PN0P_ (rising edge-triggered flip-flop)
Path Group: unconstrained
Path Type: max
Corner: slow

Fanout     Cap    Slew   Delay    Time   Description
-----------------------------------------------------------------------------
                  4.22    0.00    0.00 ^ cpu/decoder_trigger$_DFF_P_/CLK (sky130_fd_sc_hd__dfxtp_1)
    35    0.15    4.95    6.63    6.63 ^ cpu/decoder_trigger$_DFF_P_/Q (sky130_fd_sc_hd__dfxtp_1)
                                         _3425_ (net)
                  4.95    0.00    6.63 ^ _8620_/D (sky130_fd_sc_hd__and4_1)
     4    0.01    0.38    2.57    9.20 ^ _8620_/X (sky130_fd_sc_hd__and4_1)
                                         _4149_ (net)
                  0.38    0.00    9.20 ^ _8621_/D (sky130_fd_sc_hd__and4_1)
     5    0.01    0.39    0.89   10.09 ^ _8621_/X (sky130_fd_sc_hd__and4_1)
                                         _4150_ (net)
                  0.39    0.00   10.09 ^ _8622_/D (sky130_fd_sc_hd__and4_1)
     5    0.01    0.42    0.92   11.01 ^ _8622_/X (sky130_fd_sc_hd__and4_1)
                                         _4151_ (net)
                  0.42    0.00   11.01 ^ _8623_/D (sky130_fd_sc_hd__and4_1)
     5    0.01    0.45    0.96   11.97 ^ _8623_/X (sky130_fd_sc_hd__and4_1)
                                         _4152_ (net)
                  0.45    0.00   11.97 ^ _8624_/D (sky130_fd_sc_hd__and4_1)
     5    0.01    0.44    0.97   12.94 ^ _8624_/X (sky130_fd_sc_hd__and4_1)
                                         _4153_ (net)
                  0.44    0.00   12.94 ^ _8625_/D (sky130_fd_sc_hd__and4_1)
     4    0.01    0.36    0.90   13.84 ^ _8625_/X (sky130_fd_sc_hd__and4_1)
                                         _4154_ (net)
                  0.36    0.00   13.84 ^ _8626_/D (sky130_fd_sc_hd__and4_1)
     5    0.01    0.39    0.89   14.73 ^ _8626_/X (sky130_fd_sc_hd__and4_1)
                                         _4155_ (net)
                  0.39    0.00   14.73 ^ _8627_/D (sky130_fd_sc_hd__and4_1)
     5    0.01    0.39    0.90   15.63 ^ _8627_/X (sky130_fd_sc_hd__and4_1)
                                         _4156_ (net)
                  0.39    0.00   15.63 ^ _8628_/D (sky130_fd_sc_hd__and4_1)
     5    0.01    0.41    0.91   16.54 ^ _8628_/X (sky130_fd_sc_hd__and4_1)
                                         _4157_ (net)
                  0.41    0.00   16.54 ^ _8629_/D (sky130_fd_sc_hd__and4_1)
     5    0.01    0.43    0.94   17.48 ^ _8629_/X (sky130_fd_sc_hd__and4_1)
                                         _4158_ (net)
                  0.43    0.00   17.48 ^ _8630_/D (sky130_fd_sc_hd__and4_1)
     5    0.01    0.45    0.96   18.43 ^ _8630_/X (sky130_fd_sc_hd__and4_1)
                                         _4159_ (net)
                  0.45    0.00   18.43 ^ _8631_/D (sky130_fd_sc_hd__and4_1)
     5    0.01    0.43    0.96   19.39 ^ _8631_/X (sky130_fd_sc_hd__and4_1)
                                         _4160_ (net)
                  0.43    0.00   19.39 ^ _8632_/D (sky130_fd_sc_hd__and4_1)
     5    0.01    0.48    0.99   20.38 ^ _8632_/X (sky130_fd_sc_hd__and4_1)
                                         _4161_ (net)
                  0.48    0.00   20.38 ^ _8633_/D (sky130_fd_sc_hd__nand4_1)
     2    0.01    0.30    0.53   20.91 v _8633_/Y (sky130_fd_sc_hd__nand4_1)
                                         _4162_ (net)
                  0.30    0.00   20.91 v _8634_/D (sky130_fd_sc_hd__nor4_2)
     5    0.01    1.55    1.43   22.34 ^ _8634_/Y (sky130_fd_sc_hd__nor4_2)
                                         _4163_ (net)
                  1.55    0.00   22.34 ^ _8635_/D (sky130_fd_sc_hd__nand4_1)
     5    0.01    0.51    1.12   23.46 v _8635_/Y (sky130_fd_sc_hd__nand4_1)
                                         _4164_ (net)
                  0.51    0.00   23.46 v _8636_/D (sky130_fd_sc_hd__nor4_1)
     4    0.01    1.93    1.86   25.32 ^ _8636_/Y (sky130_fd_sc_hd__nor4_1)
                                         _4165_ (net)
                  1.93    0.00   25.32 ^ _8637_/C (sky130_fd_sc_hd__and3_1)
     5    0.01    0.37    1.42   26.74 ^ _8637_/X (sky130_fd_sc_hd__and3_1)
                                         _4166_ (net)
                  0.37    0.00   26.74 ^ _8638_/D (sky130_fd_sc_hd__and4_1)
     6    0.01    0.49    0.97   27.71 ^ _8638_/X (sky130_fd_sc_hd__and4_1)
                                         _4167_ (net)
                  0.49    0.00   27.71 ^ _8639_/D (sky130_fd_sc_hd__and4_1)
     6    0.01    0.53    1.05   28.76 ^ _8639_/X (sky130_fd_sc_hd__and4_1)
                                         _4168_ (net)
                  0.53    0.00   28.76 ^ _8640_/D (sky130_fd_sc_hd__and4_1)
     4    0.01    0.38    0.95   29.71 ^ _8640_/X (sky130_fd_sc_hd__and4_1)
                                         _4169_ (net)
                  0.38    0.00   29.71 ^ _8641_/B (sky130_fd_sc_hd__and2_0)
     3    0.01    0.39    0.67   30.38 ^ _8641_/X (sky130_fd_sc_hd__and2_0)
                                         _4170_ (net)
                  0.39    0.00   30.38 ^ _8645_/A (sky130_fd_sc_hd__nor2_1)
     1    0.00    0.08    0.24   30.61 v _8645_/Y (sky130_fd_sc_hd__nor2_1)
                                         _0294_ (net)
                  0.08    0.00   30.61 v cpu/count_instr[61]$_SDFFE_PN0P_/D (sky130_fd_sc_hd__dfxtp_1)
                                 30.61   data arrival time
-----------------------------------------------------------------------------
(Path is unconstrained)


Startpoint: cpu/latched_stalu$_SDFFE_PN0P_ (rising edge-triggered flip-flop)
Endpoint: cpu/reg_next_pc[31]$_SDFFE_PN0P_ (rising edge-triggered flip-flop)
Path Group: unconstrained
Path Type: max
Corner: slow

Fanout     Cap    Slew   Delay    Time   Description
-----------------------------------------------------------------------------
                  4.22    0.00    0.00 ^ cpu/latched_stalu$_SDFFE_PN0P_/CLK (sky130_fd_sc_hd__dfxtp_1)
     3    0.01    0.46    3.32    3.32 ^ cpu/latched_stalu$_SDFFE_PN0P_/Q (sky130_fd_sc_hd__dfxtp_1)
                                         _2675_ (net)
                  0.46    0.00    3.32 ^ place238/A (sky130_fd_sc_hd__buf_4)
    31    0.20    2.06    1.93    5.25 ^ place238/X (sky130_fd_sc_hd__buf_4)
                                         net238 (net)
                  2.06    0.00    5.26 ^ _6978_/S (sky130_fd_sc_hd__mux2_2)
     2    0.01    0.19    2.37    7.63 v _6978_/X (sky130_fd_sc_hd__mux2_2)
                                         _2793_ (net)
                  0.19    0.00    7.63 v _7891_/A1 (sky130_fd_sc_hd__mux2i_1)
     7    0.02    2.01    1.81    9.44 ^ _7891_/Y (sky130_fd_sc_hd__mux2i_1)
                                         _3565_ (net)
                  2.01    0.00    9.44 ^ _7969_/A (sky130_fd_sc_hd__nor2b_1)
     2    0.01    0.30    0.90   10.33 v _7969_/Y (sky130_fd_sc_hd__nor2b_1)
                                         _3639_ (net)
                  0.30    0.00   10.33 v _7971_/B1 (sky130_fd_sc_hd__a211oi_2)
     2    0.01    1.04    1.28   11.61 ^ _7971_/Y (sky130_fd_sc_hd__a211oi_2)
                                         _3641_ (net)
                  1.04    0.00   11.61 ^ _7974_/A3 (sky130_fd_sc_hd__o311ai_1)
     3    0.01    0.32    0.76   12.37 v _7974_/Y (sky130_fd_sc_hd__o311ai_1)
                                         _3644_ (net)
                  0.32    0.00   12.37 v _7977_/A3 (sky130_fd_sc_hd__a311oi_1)
     3    0.01    2.41    2.41   14.78 ^ _7977_/Y (sky130_fd_sc_hd__a311oi_1)
                                         _3647_ (net)
                  2.41    0.00   14.78 ^ _7980_/A3 (sky130_fd_sc_hd__o311ai_1)
     4    0.01    0.51    1.42   16.20 v _7980_/Y (sky130_fd_sc_hd__o311ai_1)
                                         _3650_ (net)
                  0.51    0.00   16.20 v _7983_/A3 (sky130_fd_sc_hd__a311oi_2)
     3    0.01    0.98    1.52   17.73 ^ _7983_/Y (sky130_fd_sc_hd__a311oi_2)
                                         _3653_ (net)
                  0.98    0.00   17.73 ^ _7986_/A3 (sky130_fd_sc_hd__o311ai_1)
     3    0.01    0.29    0.72   18.44 v _7986_/Y (sky130_fd_sc_hd__o311ai_1)
                                         _3656_ (net)
                  0.29    0.00   18.44 v _7988_/A3 (sky130_fd_sc_hd__a31oi_1)
     2    0.01    1.05    1.14   19.59 ^ _7988_/Y (sky130_fd_sc_hd__a31oi_1)
                                         _3658_ (net)
                  1.05    0.00   19.59 ^ _7990_/A2 (sky130_fd_sc_hd__o21bai_1)
     3    0.01    0.19    0.63   20.21 v _7990_/Y (sky130_fd_sc_hd__o21bai_1)
                                         _3660_ (net)
                  0.19    0.00   20.21 v _7993_/A2 (sky130_fd_sc_hd__a211o_1)
     3    0.01    0.17    1.36   21.58 v _7993_/X (sky130_fd_sc_hd__a211o_1)
                                         _3663_ (net)
                  0.17    0.00   21.58 v _7995_/A3 (sky130_fd_sc_hd__a31oi_1)
     3    0.01    1.28    1.22   22.80 ^ _7995_/Y (sky130_fd_sc_hd__a31oi_1)
                                         _3665_ (net)
                  1.28    0.00   22.80 ^ _8000_/A2 (sky130_fd_sc_hd__a211o_1)
     4    0.01    0.36    1.04   23.84 ^ _8000_/X (sky130_fd_sc_hd__a211o_1)
                                         _3670_ (net)
                  0.36    0.00   23.84 ^ _8001_/B (sky130_fd_sc_hd__nor2_1)
     2    0.01    0.16    0.25   24.09 v _8001_/Y (sky130_fd_sc_hd__nor2_1)
                                         _3671_ (net)
                  0.16    0.00   24.09 v _8003_/A2 (sky130_fd_sc_hd__a21o_1)
     2    0.00    0.10    0.71   24.80 v _8003_/X (sky130_fd_sc_hd__a21o_1)
                                         _3673_ (net)
                  0.10    0.00   24.80 v _8004_/B (sky130_fd_sc_hd__and2_1)
     4    0.01    0.16    0.69   25.49 v _8004_/X (sky130_fd_sc_hd__and2_1)
                                         _3674_ (net)
                  0.16    0.00   25.49 v _8006_/A3 (sky130_fd_sc_hd__a31o_1)
     2    0.01    0.14    0.95   26.44 v _8006_/X (sky130_fd_sc_hd__a31o_1)
                                         _3676_ (net)
                  0.14    0.00   26.44 v _8008_/A (sky130_fd_sc_hd__nand2_1)
     2    0.00    0.21    0.25   26.70 ^ _8008_/Y (sky130_fd_sc_hd__nand2_1)
                                         _3678_ (net)
                  0.21    0.00   26.70 ^ _8009_/B1 (sky130_fd_sc_hd__o21ai_1)
     2    0.01    0.34    0.33   27.03 v _8009_/Y (sky130_fd_sc_hd__o21ai_1)
                                         _3679_ (net)
                  0.34    0.00   27.03 v _8807_/C (sky130_fd_sc_hd__maj3_2)
     2    0.00    0.19    1.52   28.56 v _8807_/X (sky130_fd_sc_hd__maj3_2)
                                         _4273_ (net)
                  0.19    0.00   28.56 v _8811_/A1 (sky130_fd_sc_hd__o21a_1)
     1    0.00    0.09    0.79   29.35 v _8811_/X (sky130_fd_sc_hd__o21a_1)
                                         _4277_ (net)
                  0.09    0.00   29.35 v _8815_/A2 (sky130_fd_sc_hd__a21oi_1)
     1    0.00    0.35    0.48   29.82 ^ _8815_/Y (sky130_fd_sc_hd__a21oi_1)
                                         _4281_ (net)
                  0.35    0.00   29.82 ^ _8819_/A1 (sky130_fd_sc_hd__o21ai_0)
     1    0.00    0.10    0.30   30.12 v _8819_/Y (sky130_fd_sc_hd__o21ai_0)
                                         _0356_ (net)
                  0.10    0.00   30.12 v cpu/reg_next_pc[31]$_SDFFE_PN0P_/D (sky130_fd_sc_hd__dfxtp_1)
                                 30.12   data arrival time
-----------------------------------------------------------------------------
(Path is unconstrained)


Startpoint: cpu/decoder_trigger$_DFF_P_ (rising edge-triggered flip-flop)
Endpoint: cpu/count_instr[60]$_SDFFE_PN0P_ (rising edge-triggered flip-flop)
Path Group: unconstrained
Path Type: max
Corner: slow

Fanout     Cap    Slew   Delay    Time   Description
-----------------------------------------------------------------------------
                  4.22    0.00    0.00 ^ cpu/decoder_trigger$_DFF_P_/CLK (sky130_fd_sc_hd__dfxtp_1)
    35    0.15    4.95    6.63    6.63 ^ cpu/decoder_trigger$_DFF_P_/Q (sky130_fd_sc_hd__dfxtp_1)
                                         _3425_ (net)
                  4.95    0.00    6.63 ^ _8620_/D (sky130_fd_sc_hd__and4_1)
     4    0.01    0.38    2.57    9.20 ^ _8620_/X (sky130_fd_sc_hd__and4_1)
                                         _4149_ (net)
                  0.38    0.00    9.20 ^ _8621_/D (sky130_fd_sc_hd__and4_1)
     5    0.01    0.39    0.89   10.09 ^ _8621_/X (sky130_fd_sc_hd__and4_1)
                                         _4150_ (net)
                  0.39    0.00   10.09 ^ _8622_/D (sky130_fd_sc_hd__and4_1)
     5    0.01    0.42    0.92   11.01 ^ _8622_/X (sky130_fd_sc_hd__and4_1)
                                         _4151_ (net)
                  0.42    0.00   11.01 ^ _8623_/D (sky130_fd_sc_hd__and4_1)
     5    0.01    0.45    0.96   11.97 ^ _8623_/X (sky130_fd_sc_hd__and4_1)
                                         _4152_ (net)
                  0.45    0.00   11.97 ^ _8624_/D (sky130_fd_sc_hd__and4_1)
     5    0.01    0.44    0.97   12.94 ^ _8624_/X (sky130_fd_sc_hd__and4_1)
                                         _4153_ (net)
                  0.44    0.00   12.94 ^ _8625_/D (sky130_fd_sc_hd__and4_1)
     4    0.01    0.36    0.90   13.84 ^ _8625_/X (sky130_fd_sc_hd__and4_1)
                                         _4154_ (net)
                  0.36    0.00   13.84 ^ _8626_/D (sky130_fd_sc_hd__and4_1)
     5    0.01    0.39    0.89   14.73 ^ _8626_/X (sky130_fd_sc_hd__and4_1)
                                         _4155_ (net)
                  0.39    0.00   14.73 ^ _8627_/D (sky130_fd_sc_hd__and4_1)
     5    0.01    0.39    0.90   15.63 ^ _8627_/X (sky130_fd_sc_hd__and4_1)
                                         _4156_ (net)
                  0.39    0.00   15.63 ^ _8628_/D (sky130_fd_sc_hd__and4_1)
     5    0.01    0.41    0.91   16.54 ^ _8628_/X (sky130_fd_sc_hd__and4_1)
                                         _4157_ (net)
                  0.41    0.00   16.54 ^ _8629_/D (sky130_fd_sc_hd__and4_1)
     5    0.01    0.43    0.94   17.48 ^ _8629_/X (sky130_fd_sc_hd__and4_1)
                                         _4158_ (net)
                  0.43    0.00   17.48 ^ _8630_/D (sky130_fd_sc_hd__and4_1)
     5    0.01    0.45    0.96   18.43 ^ _8630_/X (sky130_fd_sc_hd__and4_1)
                                         _4159_ (net)
                  0.45    0.00   18.43 ^ _8631_/D (sky130_fd_sc_hd__and4_1)
     5    0.01    0.43    0.96   19.39 ^ _8631_/X (sky130_fd_sc_hd__and4_1)
                                         _4160_ (net)
                  0.43    0.00   19.39 ^ _8632_/D (sky130_fd_sc_hd__and4_1)
     5    0.01    0.48    0.99   20.38 ^ _8632_/X (sky130_fd_sc_hd__and4_1)
                                         _4161_ (net)
                  0.48    0.00   20.38 ^ _8633_/D (sky130_fd_sc_hd__nand4_1)
     2    0.01    0.30    0.53   20.91 v _8633_/Y (sky130_fd_sc_hd__nand4_1)
                                         _4162_ (net)
                  0.30    0.00   20.91 v _8634_/D (sky130_fd_sc_hd__nor4_2)
     5    0.01    1.55    1.43   22.34 ^ _8634_/Y (sky130_fd_sc_hd__nor4_2)
                                         _4163_ (net)
                  1.55    0.00   22.34 ^ _8635_/D (sky130_fd_sc_hd__nand4_1)
     5    0.01    0.51    1.12   23.46 v _8635_/Y (sky130_fd_sc_hd__nand4_1)
                                         _4164_ (net)
                  0.51    0.00   23.46 v _8636_/D (sky130_fd_sc_hd__nor4_1)
     4    0.01    1.93    1.86   25.32 ^ _8636_/Y (sky130_fd_sc_hd__nor4_1)
                                         _4165_ (net)
                  1.93    0.00   25.32 ^ _8637_/C (sky130_fd_sc_hd__and3_1)
     5    0.01    0.37    1.42   26.74 ^ _8637_/X (sky130_fd_sc_hd__and3_1)
                                         _4166_ (net)
                  0.37    0.00   26.74 ^ _8638_/D (sky130_fd_sc_hd__and4_1)
     6    0.01    0.49    0.97   27.71 ^ _8638_/X (sky130_fd_sc_hd__and4_1)
                                         _4167_ (net)
                  0.49    0.00   27.71 ^ _8639_/D (sky130_fd_sc_hd__and4_1)
     6    0.01    0.53    1.05   28.76 ^ _8639_/X (sky130_fd_sc_hd__and4_1)
                                         _4168_ (net)
                  0.53    0.00   28.76 ^ _8646_/C (sky130_fd_sc_hd__and3_1)
     2    0.00    0.19    0.69   29.44 ^ _8646_/X (sky130_fd_sc_hd__and3_1)
                                         _4173_ (net)
                  0.19    0.00   29.44 ^ _8647_/A2 (sky130_fd_sc_hd__o21ai_0)
     1    0.00    0.15    0.21   29.66 v _8647_/Y (sky130_fd_sc_hd__o21ai_0)
                                         _4174_ (net)
                  0.15    0.00   29.66 v _8648_/B (sky130_fd_sc_hd__nor2_1)
     1    0.00    0.23    0.31   29.96 ^ _8648_/Y (sky130_fd_sc_hd__nor2_1)
                                         _0295_ (net)
                  0.23    0.00   29.96 ^ cpu/count_instr[60]$_SDFFE_PN0P_/D (sky130_fd_sc_hd__dfxtp_1)
                                 29.96   data arrival time
-----------------------------------------------------------------------------
(Path is unconstrained)


Startpoint: cpu/decoder_trigger$_DFF_P_ (rising edge-triggered flip-flop)
Endpoint: cpu/count_instr[59]$_SDFFE_PN0P_ (rising edge-triggered flip-flop)
Path Group: unconstrained
Path Type: max
Corner: slow

Fanout     Cap    Slew   Delay    Time   Description
-----------------------------------------------------------------------------
                  4.22    0.00    0.00 ^ cpu/decoder_trigger$_DFF_P_/CLK (sky130_fd_sc_hd__dfxtp_1)
    35    0.15    4.95    6.63    6.63 ^ cpu/decoder_trigger$_DFF_P_/Q (sky130_fd_sc_hd__dfxtp_1)
                                         _3425_ (net)
                  4.95    0.00    6.63 ^ _8620_/D (sky130_fd_sc_hd__and4_1)
     4    0.01    0.38    2.57    9.20 ^ _8620_/X (sky130_fd_sc_hd__and4_1)
                                         _4149_ (net)
                  0.38    0.00    9.20 ^ _8621_/D (sky130_fd_sc_hd__and4_1)
     5    0.01    0.39    0.89   10.09 ^ _8621_/X (sky130_fd_sc_hd__and4_1)
                                         _4150_ (net)
                  0.39    0.00   10.09 ^ _8622_/D (sky130_fd_sc_hd__and4_1)
     5    0.01    0.42    0.92   11.01 ^ _8622_/X (sky130_fd_sc_hd__and4_1)
                                         _4151_ (net)
                  0.42    0.00   11.01 ^ _8623_/D (sky130_fd_sc_hd__and4_1)
     5    0.01    0.45    0.96   11.97 ^ _8623_/X (sky130_fd_sc_hd__and4_1)
                                         _4152_ (net)
                  0.45    0.00   11.97 ^ _8624_/D (sky130_fd_sc_hd__and4_1)
     5    0.01    0.44    0.97   12.94 ^ _8624_/X (sky130_fd_sc_hd__and4_1)
                                         _4153_ (net)
                  0.44    0.00   12.94 ^ _8625_/D (sky130_fd_sc_hd__and4_1)
     4    0.01    0.36    0.90   13.84 ^ _8625_/X (sky130_fd_sc_hd__and4_1)
                                         _4154_ (net)
                  0.36    0.00   13.84 ^ _8626_/D (sky130_fd_sc_hd__and4_1)
     5    0.01    0.39    0.89   14.73 ^ _8626_/X (sky130_fd_sc_hd__and4_1)
                                         _4155_ (net)
                  0.39    0.00   14.73 ^ _8627_/D (sky130_fd_sc_hd__and4_1)
     5    0.01    0.39    0.90   15.63 ^ _8627_/X (sky130_fd_sc_hd__and4_1)
                                         _4156_ (net)
                  0.39    0.00   15.63 ^ _8628_/D (sky130_fd_sc_hd__and4_1)
     5    0.01    0.41    0.91   16.54 ^ _8628_/X (sky130_fd_sc_hd__and4_1)
                                         _4157_ (net)
                  0.41    0.00   16.54 ^ _8629_/D (sky130_fd_sc_hd__and4_1)
     5    0.01    0.43    0.94   17.48 ^ _8629_/X (sky130_fd_sc_hd__and4_1)
                                         _4158_ (net)
                  0.43    0.00   17.48 ^ _8630_/D (sky130_fd_sc_hd__and4_1)
     5    0.01    0.45    0.96   18.43 ^ _8630_/X (sky130_fd_sc_hd__and4_1)
                                         _4159_ (net)
                  0.45    0.00   18.43 ^ _8631_/D (sky130_fd_sc_hd__and4_1)
     5    0.01    0.43    0.96   19.39 ^ _8631_/X (sky130_fd_sc_hd__and4_1)
                                         _4160_ (net)
                  0.43    0.00   19.39 ^ _8632_/D (sky130_fd_sc_hd__and4_1)
     5    0.01    0.48    0.99   20.38 ^ _8632_/X (sky130_fd_sc_hd__and4_1)
                                         _4161_ (net)
                  0.48    0.00   20.38 ^ _8633_/D (sky130_fd_sc_hd__nand4_1)
     2    0.01    0.30    0.53   20.91 v _8633_/Y (sky130_fd_sc_hd__nand4_1)
                                         _4162_ (net)
                  0.30    0.00   20.91 v _8634_/D (sky130_fd_sc_hd__nor4_2)
     5    0.01    1.55    1.43   22.34 ^ _8634_/Y (sky130_fd_sc_hd__nor4_2)
                                         _4163_ (net)
                  1.55    0.00   22.34 ^ _8635_/D (sky130_fd_sc_hd__nand4_1)
     5    0.01    0.51    1.12   23.46 v _8635_/Y (sky130_fd_sc_hd__nand4_1)
                                         _4164_ (net)
                  0.51    0.00   23.46 v _8636_/D (sky130_fd_sc_hd__nor4_1)
     4    0.01    1.93    1.86   25.32 ^ _8636_/Y (sky130_fd_sc_hd__nor4_1)
                                         _4165_ (net)
                  1.93    0.00   25.32 ^ _8637_/C (sky130_fd_sc_hd__and3_1)
     5    0.01    0.37    1.42   26.74 ^ _8637_/X (sky130_fd_sc_hd__and3_1)
                                         _4166_ (net)
                  0.37    0.00   26.74 ^ _8638_/D (sky130_fd_sc_hd__and4_1)
     6    0.01    0.49    0.97   27.71 ^ _8638_/X (sky130_fd_sc_hd__and4_1)
                                         _4167_ (net)
                  0.49    0.00   27.71 ^ _8639_/D (sky130_fd_sc_hd__and4_1)
     6    0.01    0.53    1.05   28.76 ^ _8639_/X (sky130_fd_sc_hd__and4_1)
                                         _4168_ (net)
                  0.53    0.00   28.76 ^ _8649_/A2 (sky130_fd_sc_hd__a21oi_1)
     1    0.00    0.10    0.35   29.10 v _8649_/Y (sky130_fd_sc_hd__a21oi_1)
                                         _4175_ (net)
                  0.10    0.00   29.10 v _8650_/C (sky130_fd_sc_hd__nor3_1)
     1    0.00    0.49    0.49   29.59 ^ _8650_/Y (sky130_fd_sc_hd__nor3_1)
                                         _0296_ (net)
                  0.49    0.00   29.59 ^ cpu/count_instr[59]$_SDFFE_PN0P_/D (sky130_fd_sc_hd__dfxtp_1)
                                 29.59   data arrival time
-----------------------------------------------------------------------------
(Path is unconstrained)


Startpoint: cpu/decoder_trigger$_DFF_P_ (rising edge-triggered flip-flop)
Endpoint: cpu/count_instr[58]$_SDFFE_PN0P_ (rising edge-triggered flip-flop)
Path Group: unconstrained
Path Type: max
Corner: slow

Fanout     Cap    Slew   Delay    Time   Description
-----------------------------------------------------------------------------
                  4.22    0.00    0.00 ^ cpu/decoder_trigger$_DFF_P_/CLK (sky130_fd_sc_hd__dfxtp_1)
    35    0.15    4.95    6.63    6.63 ^ cpu/decoder_trigger$_DFF_P_/Q (sky130_fd_sc_hd__dfxtp_1)
                                         _3425_ (net)
                  4.95    0.00    6.63 ^ _8620_/D (sky130_fd_sc_hd__and4_1)
     4    0.01    0.38    2.57    9.20 ^ _8620_/X (sky130_fd_sc_hd__and4_1)
                                         _4149_ (net)
                  0.38    0.00    9.20 ^ _8621_/D (sky130_fd_sc_hd__and4_1)
     5    0.01    0.39    0.89   10.09 ^ _8621_/X (sky130_fd_sc_hd__and4_1)
                                         _4150_ (net)
                  0.39    0.00   10.09 ^ _8622_/D (sky130_fd_sc_hd__and4_1)
     5    0.01    0.42    0.92   11.01 ^ _8622_/X (sky130_fd_sc_hd__and4_1)
                                         _4151_ (net)
                  0.42    0.00   11.01 ^ _8623_/D (sky130_fd_sc_hd__and4_1)
     5    0.01    0.45    0.96   11.97 ^ _8623_/X (sky130_fd_sc_hd__and4_1)
                                         _4152_ (net)
                  0.45    0.00   11.97 ^ _8624_/D (sky130_fd_sc_hd__and4_1)
     5    0.01    0.44    0.97   12.94 ^ _8624_/X (sky130_fd_sc_hd__and4_1)
                                         _4153_ (net)
                  0.44    0.00   12.94 ^ _8625_/D (sky130_fd_sc_hd__and4_1)
     4    0.01    0.36    0.90   13.84 ^ _8625_/X (sky130_fd_sc_hd__and4_1)
                                         _4154_ (net)
                  0.36    0.00   13.84 ^ _8626_/D (sky130_fd_sc_hd__and4_1)
     5    0.01    0.39    0.89   14.73 ^ _8626_/X (sky130_fd_sc_hd__and4_1)
                                         _4155_ (net)
                  0.39    0.00   14.73 ^ _8627_/D (sky130_fd_sc_hd__and4_1)
     5    0.01    0.39    0.90   15.63 ^ _8627_/X (sky130_fd_sc_hd__and4_1)
                                         _4156_ (net)
                  0.39    0.00   15.63 ^ _8628_/D (sky130_fd_sc_hd__and4_1)
     5    0.01    0.41    0.91   16.54 ^ _8628_/X (sky130_fd_sc_hd__and4_1)
                                         _4157_ (net)
                  0.41    0.00   16.54 ^ _8629_/D (sky130_fd_sc_hd__and4_1)
     5    0.01    0.43    0.94   17.48 ^ _8629_/X (sky130_fd_sc_hd__and4_1)
                                         _4158_ (net)
                  0.43    0.00   17.48 ^ _8630_/D (sky130_fd_sc_hd__and4_1)
     5    0.01    0.45    0.96   18.43 ^ _8630_/X (sky130_fd_sc_hd__and4_1)
                                         _4159_ (net)
                  0.45    0.00   18.43 ^ _8631_/D (sky130_fd_sc_hd__and4_1)
     5    0.01    0.43    0.96   19.39 ^ _8631_/X (sky130_fd_sc_hd__and4_1)
                                         _4160_ (net)
                  0.43    0.00   19.39 ^ _8632_/D (sky130_fd_sc_hd__and4_1)
     5    0.01    0.48    0.99   20.38 ^ _8632_/X (sky130_fd_sc_hd__and4_1)
                                         _4161_ (net)
                  0.48    0.00   20.38 ^ _8633_/D (sky130_fd_sc_hd__nand4_1)
     2    0.01    0.30    0.53   20.91 v _8633_/Y (sky130_fd_sc_hd__nand4_1)
                                         _4162_ (net)
                  0.30    0.00   20.91 v _8634_/D (sky130_fd_sc_hd__nor4_2)
     5    0.01    1.55    1.43   22.34 ^ _8634_/Y (sky130_fd_sc_hd__nor4_2)
                                         _4163_ (net)
                  1.55    0.00   22.34 ^ _8635_/D (sky130_fd_sc_hd__nand4_1)
     5    0.01    0.51    1.12   23.46 v _8635_/Y (sky130_fd_sc_hd__nand4_1)
                                         _4164_ (net)
                  0.51    0.00   23.46 v _8636_/D (sky130_fd_sc_hd__nor4_1)
     4    0.01    1.93    1.86   25.32 ^ _8636_/Y (sky130_fd_sc_hd__nor4_1)
                                         _4165_ (net)
                  1.93    0.00   25.32 ^ _8637_/C (sky130_fd_sc_hd__and3_1)
     5    0.01    0.37    1.42   26.74 ^ _8637_/X (sky130_fd_sc_hd__and3_1)
                                         _4166_ (net)
                  0.37    0.00   26.74 ^ _8638_/D (sky130_fd_sc_hd__and4_1)
     6    0.01    0.49    0.97   27.71 ^ _8638_/X (sky130_fd_sc_hd__and4_1)
                                         _4167_ (net)
                  0.49    0.00   27.71 ^ _8639_/D (sky130_fd_sc_hd__and4_1)
     6    0.01    0.53    1.05   28.76 ^ _8639_/X (sky130_fd_sc_hd__and4_1)
                                         _4168_ (net)
                  0.53    0.00   28.76 ^ _8654_/A2 (sky130_fd_sc_hd__o21ai_0)
     1    0.00    0.14    0.37   29.12 v _8654_/Y (sky130_fd_sc_hd__o21ai_0)
                                         _4178_ (net)
                  0.14    0.00   29.12 v _8655_/B1 (sky130_fd_sc_hd__a21oi_1)
     1    0.00    0.28    0.38   29.51 ^ _8655_/Y (sky130_fd_sc_hd__a21oi_1)
                                         _0298_ (net)
                  0.28    0.00   29.51 ^ cpu/count_instr[58]$_SDFFE_PN0P_/D (sky130_fd_sc_hd__dfxtp_1)
                                 29.51   data arrival time
-----------------------------------------------------------------------------
(Path is unconstrained)


Startpoint: cpu/latched_stalu$_SDFFE_PN0P_ (rising edge-triggered flip-flop)
Endpoint: cpu/reg_next_pc[30]$_SDFFE_PN0P_ (rising edge-triggered flip-flop)
Path Group: unconstrained
Path Type: max
Corner: slow

Fanout     Cap    Slew   Delay    Time   Description
-----------------------------------------------------------------------------
                  4.22    0.00    0.00 ^ cpu/latched_stalu$_SDFFE_PN0P_/CLK (sky130_fd_sc_hd__dfxtp_1)
     3    0.01    0.46    3.32    3.32 ^ cpu/latched_stalu$_SDFFE_PN0P_/Q (sky130_fd_sc_hd__dfxtp_1)
                                         _2675_ (net)
                  0.46    0.00    3.32 ^ place238/A (sky130_fd_sc_hd__buf_4)
    31    0.20    2.06    1.93    5.25 ^ place238/X (sky130_fd_sc_hd__buf_4)
                                         net238 (net)
                  2.06    0.00    5.26 ^ _6975_/S (sky130_fd_sc_hd__mux2_2)
     2    0.01    0.19    2.37    7.63 v _6975_/X (sky130_fd_sc_hd__mux2_2)
                                         _2791_ (net)
                  0.19    0.00    7.63 v _7887_/A1 (sky130_fd_sc_hd__mux2i_1)
     5    0.02    1.80    1.65    9.28 ^ _7887_/Y (sky130_fd_sc_hd__mux2i_1)
                                         _3562_ (net)
                  1.80    0.00    9.28 ^ _7962_/B (sky130_fd_sc_hd__xnor2_1)
     2    0.00    0.61    1.07   10.35 ^ _7962_/Y (sky130_fd_sc_hd__xnor2_1)
                                         _3632_ (net)
                  0.61    0.00   10.35 ^ _7963_/A (sky130_fd_sc_hd__inv_1)
     2    0.01    0.13    0.38   10.72 v _7963_/Y (sky130_fd_sc_hd__inv_1)
                                         _3633_ (net)
                  0.13    0.00   10.72 v _7974_/A1 (sky130_fd_sc_hd__o311ai_1)
     3    0.01    1.94    2.01   12.74 ^ _7974_/Y (sky130_fd_sc_hd__o311ai_1)
                                         _3644_ (net)
                  1.94    0.00   12.74 ^ _7977_/A3 (sky130_fd_sc_hd__a311oi_1)
     3    0.01    0.46    1.27   14.00 v _7977_/Y (sky130_fd_sc_hd__a311oi_1)
                                         _3647_ (net)
                  0.46    0.00   14.00 v _7980_/A3 (sky130_fd_sc_hd__o311ai_1)
     4    0.02    2.74    2.70   16.70 ^ _7980_/Y (sky130_fd_sc_hd__o311ai_1)
                                         _3650_ (net)
                  2.74    0.00   16.70 ^ _7983_/A3 (sky130_fd_sc_hd__a311oi_2)
     3    0.01    0.31    1.34   18.04 v _7983_/Y (sky130_fd_sc_hd__a311oi_2)
                                         _3653_ (net)
                  0.31    0.00   18.04 v _7986_/A3 (sky130_fd_sc_hd__o311ai_1)
     3    0.01    1.84    1.88   19.92 ^ _7986_/Y (sky130_fd_sc_hd__o311ai_1)
                                         _3656_ (net)
                  1.84    0.00   19.92 ^ _7988_/A3 (sky130_fd_sc_hd__a31oi_1)
     2    0.01    0.35    1.09   21.02 v _7988_/Y (sky130_fd_sc_hd__a31oi_1)
                                         _3658_ (net)
                  0.35    0.00   21.02 v _7990_/A2 (sky130_fd_sc_hd__o21bai_1)
     3    0.01    0.68    0.85   21.86 ^ _7990_/Y (sky130_fd_sc_hd__o21bai_1)
                                         _3660_ (net)
                  0.68    0.00   21.86 ^ _7993_/A2 (sky130_fd_sc_hd__a211o_1)
     3    0.01    0.23    0.68   22.54 ^ _7993_/X (sky130_fd_sc_hd__a211o_1)
                                         _3663_ (net)
                  0.23    0.00   22.54 ^ _7995_/A3 (sky130_fd_sc_hd__a31oi_1)
     3    0.01    0.35    0.42   22.97 v _7995_/Y (sky130_fd_sc_hd__a31oi_1)
                                         _3665_ (net)
                  0.35    0.00   22.97 v _8000_/A2 (sky130_fd_sc_hd__a211o_1)
     4    0.01    0.21    1.52   24.48 v _8000_/X (sky130_fd_sc_hd__a211o_1)
                                         _3670_ (net)
                  0.21    0.00   24.48 v _8001_/B (sky130_fd_sc_hd__nor2_1)
     2    0.01    0.49    0.55   25.03 ^ _8001_/Y (sky130_fd_sc_hd__nor2_1)
                                         _3671_ (net)
                  0.49    0.00   25.03 ^ _8003_/A2 (sky130_fd_sc_hd__a21o_1)
     2    0.00    0.17    0.53   25.57 ^ _8003_/X (sky130_fd_sc_hd__a21o_1)
                                         _3673_ (net)
                  0.17    0.00   25.57 ^ _8004_/B (sky130_fd_sc_hd__and2_1)
     4    0.01    0.43    0.60   26.16 ^ _8004_/X (sky130_fd_sc_hd__and2_1)
                                         _3674_ (net)
                  0.43    0.00   26.16 ^ _8006_/A3 (sky130_fd_sc_hd__a31o_1)
     2    0.01    0.31    0.68   26.85 ^ _8006_/X (sky130_fd_sc_hd__a31o_1)
                                         _3676_ (net)
                  0.31    0.00   26.85 ^ _8008_/A (sky130_fd_sc_hd__nand2_1)
     2    0.00    0.14    0.26   27.11 v _8008_/Y (sky130_fd_sc_hd__nand2_1)
                                         _3678_ (net)
                  0.14    0.00   27.11 v _8009_/B1 (sky130_fd_sc_hd__o21ai_1)
     2    0.01    1.15    0.66   27.77 ^ _8009_/Y (sky130_fd_sc_hd__o21ai_1)
                                         _3679_ (net)
                  1.15    0.00   27.77 ^ _8011_/A (sky130_fd_sc_hd__xnor2_1)
     1    0.00    0.48    0.80   28.57 ^ _8011_/Y (sky130_fd_sc_hd__xnor2_1)
                                         _3681_ (net)
                  0.48    0.00   28.57 ^ _8031_/A2 (sky130_fd_sc_hd__o22ai_1)
     1    0.00    0.30    0.34   28.91 v _8031_/Y (sky130_fd_sc_hd__o22ai_1)
                                         _3701_ (net)
                  0.30    0.00   28.91 v _8033_/A2 (sky130_fd_sc_hd__o21ai_0)
     1    0.00    0.37    0.56   29.47 ^ _8033_/Y (sky130_fd_sc_hd__o21ai_0)
                                         _0151_ (net)
                  0.37    0.00   29.47 ^ cpu/reg_next_pc[30]$_SDFFE_PN0P_/D (sky130_fd_sc_hd__dfxtp_1)
                                 29.47   data arrival time
-----------------------------------------------------------------------------
(Path is unconstrained)


Startpoint: cpu/decoder_trigger$_DFF_P_ (rising edge-triggered flip-flop)
Endpoint: cpu/count_instr[57]$_SDFFE_PN0P_ (rising edge-triggered flip-flop)
Path Group: unconstrained
Path Type: max
Corner: slow

Fanout     Cap    Slew   Delay    Time   Description
-----------------------------------------------------------------------------
                  4.22    0.00    0.00 ^ cpu/decoder_trigger$_DFF_P_/CLK (sky130_fd_sc_hd__dfxtp_1)
    35    0.15    4.95    6.63    6.63 ^ cpu/decoder_trigger$_DFF_P_/Q (sky130_fd_sc_hd__dfxtp_1)
                                         _3425_ (net)
                  4.95    0.00    6.63 ^ _8620_/D (sky130_fd_sc_hd__and4_1)
     4    0.01    0.38    2.57    9.20 ^ _8620_/X (sky130_fd_sc_hd__and4_1)
                                         _4149_ (net)
                  0.38    0.00    9.20 ^ _8621_/D (sky130_fd_sc_hd__and4_1)
     5    0.01    0.39    0.89   10.09 ^ _8621_/X (sky130_fd_sc_hd__and4_1)
                                         _4150_ (net)
                  0.39    0.00   10.09 ^ _8622_/D (sky130_fd_sc_hd__and4_1)
     5    0.01    0.42    0.92   11.01 ^ _8622_/X (sky130_fd_sc_hd__and4_1)
                                         _4151_ (net)
                  0.42    0.00   11.01 ^ _8623_/D (sky130_fd_sc_hd__and4_1)
     5    0.01    0.45    0.96   11.97 ^ _8623_/X (sky130_fd_sc_hd__and4_1)
                                         _4152_ (net)
                  0.45    0.00   11.97 ^ _8624_/D (sky130_fd_sc_hd__and4_1)
     5    0.01    0.44    0.97   12.94 ^ _8624_/X (sky130_fd_sc_hd__and4_1)
                                         _4153_ (net)
                  0.44    0.00   12.94 ^ _8625_/D (sky130_fd_sc_hd__and4_1)
     4    0.01    0.36    0.90   13.84 ^ _8625_/X (sky130_fd_sc_hd__and4_1)
                                         _4154_ (net)
                  0.36    0.00   13.84 ^ _8626_/D (sky130_fd_sc_hd__and4_1)
     5    0.01    0.39    0.89   14.73 ^ _8626_/X (sky130_fd_sc_hd__and4_1)
                                         _4155_ (net)
                  0.39    0.00   14.73 ^ _8627_/D (sky130_fd_sc_hd__and4_1)
     5    0.01    0.39    0.90   15.63 ^ _8627_/X (sky130_fd_sc_hd__and4_1)
                                         _4156_ (net)
                  0.39    0.00   15.63 ^ _8628_/D (sky130_fd_sc_hd__and4_1)
     5    0.01    0.41    0.91   16.54 ^ _8628_/X (sky130_fd_sc_hd__and4_1)
                                         _4157_ (net)
                  0.41    0.00   16.54 ^ _8629_/D (sky130_fd_sc_hd__and4_1)
     5    0.01    0.43    0.94   17.48 ^ _8629_/X (sky130_fd_sc_hd__and4_1)
                                         _4158_ (net)
                  0.43    0.00   17.48 ^ _8630_/D (sky130_fd_sc_hd__and4_1)
     5    0.01    0.45    0.96   18.43 ^ _8630_/X (sky130_fd_sc_hd__and4_1)
                                         _4159_ (net)
                  0.45    0.00   18.43 ^ _8631_/D (sky130_fd_sc_hd__and4_1)
     5    0.01    0.43    0.96   19.39 ^ _8631_/X (sky130_fd_sc_hd__and4_1)
                                         _4160_ (net)
                  0.43    0.00   19.39 ^ _8632_/D (sky130_fd_sc_hd__and4_1)
     5    0.01    0.48    0.99   20.38 ^ _8632_/X (sky130_fd_sc_hd__and4_1)
                                         _4161_ (net)
                  0.48    0.00   20.38 ^ _8633_/D (sky130_fd_sc_hd__nand4_1)
     2    0.01    0.30    0.53   20.91 v _8633_/Y (sky130_fd_sc_hd__nand4_1)
                                         _4162_ (net)
                  0.30    0.00   20.91 v _8634_/D (sky130_fd_sc_hd__nor4_2)
     5    0.01    1.55    1.43   22.34 ^ _8634_/Y (sky130_fd_sc_hd__nor4_2)
                                         _4163_ (net)
                  1.55    0.00   22.34 ^ _8635_/D (sky130_fd_sc_hd__nand4_1)
     5    0.01    0.51    1.12   23.46 v _8635_/Y (sky130_fd_sc_hd__nand4_1)
                                         _4164_ (net)
                  0.51    0.00   23.46 v _8636_/D (sky130_fd_sc_hd__nor4_1)
     4    0.01    1.93    1.86   25.32 ^ _8636_/Y (sky130_fd_sc_hd__nor4_1)
                                         _4165_ (net)
                  1.93    0.00   25.32 ^ _8637_/C (sky130_fd_sc_hd__and3_1)
     5    0.01    0.37    1.42   26.74 ^ _8637_/X (sky130_fd_sc_hd__and3_1)
                                         _4166_ (net)
                  0.37    0.00   26.74 ^ _8638_/D (sky130_fd_sc_hd__and4_1)
     6    0.01    0.49    0.97   27.71 ^ _8638_/X (sky130_fd_sc_hd__and4_1)
                                         _4167_ (net)
                  0.49    0.00   27.71 ^ _8639_/D (sky130_fd_sc_hd__and4_1)
     6    0.01    0.53    1.05   28.76 ^ _8639_/X (sky130_fd_sc_hd__and4_1)
                                         _4168_ (net)
                  0.53    0.00   28.76 ^ _8658_/A (sky130_fd_sc_hd__nor2_1)
     1    0.00    0.08    0.29   29.04 v _8658_/Y (sky130_fd_sc_hd__nor2_1)
                                         _0299_ (net)
                  0.08    0.00   29.04 v cpu/count_instr[57]$_SDFFE_PN0P_/D (sky130_fd_sc_hd__dfxtp_1)
                                 29.04   data arrival time
-----------------------------------------------------------------------------
(Path is unconstrained)


Startpoint: cpu/latched_stalu$_SDFFE_PN0P_ (rising edge-triggered flip-flop)
Endpoint: cpu/reg_next_pc[28]$_SDFFE_PN0P_ (rising edge-triggered flip-flop)
Path Group: unconstrained
Path Type: max
Corner: slow

Fanout     Cap    Slew   Delay    Time   Description
-----------------------------------------------------------------------------
                  4.22    0.00    0.00 ^ cpu/latched_stalu$_SDFFE_PN0P_/CLK (sky130_fd_sc_hd__dfxtp_1)
     3    0.01    0.46    3.32    3.32 ^ cpu/latched_stalu$_SDFFE_PN0P_/Q (sky130_fd_sc_hd__dfxtp_1)
                                         _2675_ (net)
                  0.46    0.00    3.32 ^ place238/A (sky130_fd_sc_hd__buf_4)
    31    0.20    2.06    1.93    5.25 ^ place238/X (sky130_fd_sc_hd__buf_4)
                                         net238 (net)
                  2.06    0.00    5.26 ^ _6975_/S (sky130_fd_sc_hd__mux2_2)
     2    0.01    0.19    2.37    7.63 v _6975_/X (sky130_fd_sc_hd__mux2_2)
                                         _2791_ (net)
                  0.19    0.00    7.63 v _7887_/A1 (sky130_fd_sc_hd__mux2i_1)
     5    0.02    1.80    1.65    9.28 ^ _7887_/Y (sky130_fd_sc_hd__mux2i_1)
                                         _3562_ (net)
                  1.80    0.00    9.28 ^ _7962_/B (sky130_fd_sc_hd__xnor2_1)
     2    0.00    0.61    1.07   10.35 ^ _7962_/Y (sky130_fd_sc_hd__xnor2_1)
                                         _3632_ (net)
                  0.61    0.00   10.35 ^ _7963_/A (sky130_fd_sc_hd__inv_1)
     2    0.01    0.13    0.38   10.72 v _7963_/Y (sky130_fd_sc_hd__inv_1)
                                         _3633_ (net)
                  0.13    0.00   10.72 v _7974_/A1 (sky130_fd_sc_hd__o311ai_1)
     3    0.01    1.94    2.01   12.74 ^ _7974_/Y (sky130_fd_sc_hd__o311ai_1)
                                         _3644_ (net)
                  1.94    0.00   12.74 ^ _7977_/A3 (sky130_fd_sc_hd__a311oi_1)
     3    0.01    0.46    1.27   14.00 v _7977_/Y (sky130_fd_sc_hd__a311oi_1)
                                         _3647_ (net)
                  0.46    0.00   14.00 v _7980_/A3 (sky130_fd_sc_hd__o311ai_1)
     4    0.02    2.74    2.70   16.70 ^ _7980_/Y (sky130_fd_sc_hd__o311ai_1)
                                         _3650_ (net)
                  2.74    0.00   16.70 ^ _7983_/A3 (sky130_fd_sc_hd__a311oi_2)
     3    0.01    0.31    1.34   18.04 v _7983_/Y (sky130_fd_sc_hd__a311oi_2)
                                         _3653_ (net)
                  0.31    0.00   18.04 v _7986_/A3 (sky130_fd_sc_hd__o311ai_1)
     3    0.01    1.84    1.88   19.92 ^ _7986_/Y (sky130_fd_sc_hd__o311ai_1)
                                         _3656_ (net)
                  1.84    0.00   19.92 ^ _7988_/A3 (sky130_fd_sc_hd__a31oi_1)
     2    0.01    0.35    1.09   21.02 v _7988_/Y (sky130_fd_sc_hd__a31oi_1)
                                         _3658_ (net)
                  0.35    0.00   21.02 v _7990_/A2 (sky130_fd_sc_hd__o21bai_1)
     3    0.01    0.68    0.85   21.86 ^ _7990_/Y (sky130_fd_sc_hd__o21bai_1)
                                         _3660_ (net)
                  0.68    0.00   21.86 ^ _7993_/A2 (sky130_fd_sc_hd__a211o_1)
     3    0.01    0.23    0.68   22.54 ^ _7993_/X (sky130_fd_sc_hd__a211o_1)
                                         _3663_ (net)
                  0.23    0.00   22.54 ^ _7995_/A3 (sky130_fd_sc_hd__a31oi_1)
     3    0.01    0.35    0.42   22.97 v _7995_/Y (sky130_fd_sc_hd__a31oi_1)
                                         _3665_ (net)
                  0.35    0.00   22.97 v _8000_/A2 (sky130_fd_sc_hd__a211o_1)
     4    0.01    0.21    1.52   24.48 v _8000_/X (sky130_fd_sc_hd__a211o_1)
                                         _3670_ (net)
                  0.21    0.00   24.48 v _8001_/B (sky130_fd_sc_hd__nor2_1)
     2    0.01    0.49    0.55   25.03 ^ _8001_/Y (sky130_fd_sc_hd__nor2_1)
                                         _3671_ (net)
                  0.49    0.00   25.03 ^ _8003_/A2 (sky130_fd_sc_hd__a21o_1)
     2    0.00    0.17    0.53   25.57 ^ _8003_/X (sky130_fd_sc_hd__a21o_1)
                                         _3673_ (net)
                  0.17    0.00   25.57 ^ _8004_/B (sky130_fd_sc_hd__and2_1)
     4    0.01    0.43    0.60   26.16 ^ _8004_/X (sky130_fd_sc_hd__and2_1)
                                         _3674_ (net)
                  0.43    0.00   26.16 ^ _8054_/A2 (sky130_fd_sc_hd__a21oi_1)
     2    0.00    0.16    0.33   26.50 v _8054_/Y (sky130_fd_sc_hd__a21oi_1)
                                         _3722_ (net)
                  0.16    0.00   26.50 v _8055_/B (sky130_fd_sc_hd__nor2_1)
     3    0.01    0.60    0.60   27.10 ^ _8055_/Y (sky130_fd_sc_hd__nor2_1)
                                         _3723_ (net)
                  0.60    0.00   27.10 ^ _8056_/C (sky130_fd_sc_hd__nor3_1)
     1    0.00    0.13    0.33   27.42 v _8056_/Y (sky130_fd_sc_hd__nor3_1)
                                         _3724_ (net)
                  0.13    0.00   27.42 v _8060_/A1 (sky130_fd_sc_hd__o221ai_1)
     1    0.00    0.55    0.73   28.15 ^ _8060_/Y (sky130_fd_sc_hd__o221ai_1)
                                         _3728_ (net)
                  0.55    0.00   28.15 ^ _8061_/B1 (sky130_fd_sc_hd__o21ai_0)
     1    0.00    0.38    0.41   28.56 v _8061_/Y (sky130_fd_sc_hd__o21ai_0)
                                         _3729_ (net)
                  0.38    0.00   28.56 v _8062_/B (sky130_fd_sc_hd__nand2_1)
     1    0.00    0.12    0.36   28.92 ^ _8062_/Y (sky130_fd_sc_hd__nand2_1)
                                         _0153_ (net)
                  0.12    0.00   28.92 ^ cpu/reg_next_pc[28]$_SDFFE_PN0P_/D (sky130_fd_sc_hd__dfxtp_1)
                                 28.92   data arrival time
-----------------------------------------------------------------------------
(Path is unconstrained)


