[INFO] Loading technology file: /home/arthur/.sc/cache/lambdapdk-v0.2.12-7b36460386694c92/lambdapdk/sky130/base/setup/klayout/skywater130.lyt
[INFO] Technology database units are: 0.001um
[INFO] LEF file: /home/arthur/.sc/cache/lambdapdk-v0.2.12-7b36460386694c92/lambdapdk/sky130/libs/sky130hd/lef/sky130_fd_sc_hd_merged.lef
[INFO] LEF file: /home/arthur/ECE507/project/sky130_sram_2kbyte_1rw1r_32x512_8.lef
[INFO] LEF file: /home/arthur/.sc/cache/lambdapdk-v0.2.12-7b36460386694c92/lambdapdk/sky130/base/apr/sky130_fd_sc.tlef
[INFO] Layout file: /home/arthur/.sc/cache/lambdapdk-v0.2.12-7b36460386694c92/lambdapdk/sky130/libs/sky130hd/gds/sky130_fd_sc_hd.gds
[INFO] Layout file: /home/arthur/ECE507/project/sky130_sram_2kbyte_1rw1r_32x512_8.gds
[INFO] Layer properties: /home/arthur/.sc/cache/lambdapdk-v0.2.12-7b36460386694c92/lambdapdk/sky130/base/setup/klayout/sky130A.lyp
[INFO] Read in 92 cells from DEF file
  [INFO] DEF cell: sky130_fd_sc_hd__a2111oi_0
  [INFO] DEF cell: sky130_fd_sc_hd__a2111oi_2
  [INFO] DEF cell: sky130_fd_sc_hd__a211o_1
  [INFO] DEF cell: sky130_fd_sc_hd__a211oi_1
  [INFO] DEF cell: sky130_fd_sc_hd__a211oi_2
  [INFO] DEF cell: sky130_fd_sc_hd__a21boi_0
  [INFO] DEF cell: sky130_fd_sc_hd__a21o_1
  [INFO] DEF cell: sky130_fd_sc_hd__a21oi_1
  [INFO] DEF cell: sky130_fd_sc_hd__a21oi_2
  [INFO] DEF cell: sky130_fd_sc_hd__a21oi_4
  [INFO] DEF cell: sky130_fd_sc_hd__a221o_1
  [INFO] DEF cell: sky130_fd_sc_hd__a221oi_1
  [INFO] DEF cell: sky130_fd_sc_hd__a222oi_1
  [INFO] DEF cell: sky130_fd_sc_hd__a22o_1
  [INFO] DEF cell: sky130_fd_sc_hd__a22oi_1
  [INFO] DEF cell: sky130_fd_sc_hd__a2bb2oi_1
  [INFO] DEF cell: sky130_fd_sc_hd__a311o_1
  [INFO] DEF cell: sky130_fd_sc_hd__a311oi_1
  [INFO] DEF cell: sky130_fd_sc_hd__a311oi_2
  [INFO] DEF cell: sky130_fd_sc_hd__a31o_1
  [INFO] DEF cell: sky130_fd_sc_hd__a31oi_1
  [INFO] DEF cell: sky130_fd_sc_hd__a32o_1
  [INFO] DEF cell: sky130_fd_sc_hd__a32oi_1
  [INFO] DEF cell: sky130_fd_sc_hd__a41oi_1
  [INFO] DEF cell: sky130_fd_sc_hd__and2_0
  [INFO] DEF cell: sky130_fd_sc_hd__and2_1
  [INFO] DEF cell: sky130_fd_sc_hd__and3_1
  [INFO] DEF cell: sky130_fd_sc_hd__and4_1
  [INFO] DEF cell: sky130_fd_sc_hd__buf_12
  [INFO] DEF cell: sky130_fd_sc_hd__buf_4
  [INFO] DEF cell: sky130_fd_sc_hd__buf_8
  [INFO] DEF cell: sky130_fd_sc_hd__clkinv_1
  [INFO] DEF cell: sky130_fd_sc_hd__conb_1
  [INFO] DEF cell: sky130_fd_sc_hd__dfxtp_1
  [INFO] DEF cell: sky130_fd_sc_hd__dfxtp_2
  [INFO] DEF cell: sky130_fd_sc_hd__diode_2
  [INFO] DEF cell: sky130_fd_sc_hd__edfxtp_1
  [INFO] DEF cell: sky130_fd_sc_hd__fill_1
  [INFO] DEF cell: sky130_fd_sc_hd__fill_2
  [INFO] DEF cell: sky130_fd_sc_hd__fill_4
  [INFO] DEF cell: sky130_fd_sc_hd__fill_8
  [INFO] DEF cell: sky130_fd_sc_hd__inv_1
  [INFO] DEF cell: sky130_fd_sc_hd__inv_2
  [INFO] DEF cell: sky130_fd_sc_hd__maj3_1
  [INFO] DEF cell: sky130_fd_sc_hd__maj3_2
  [INFO] DEF cell: sky130_fd_sc_hd__mux2_2
  [INFO] DEF cell: sky130_fd_sc_hd__mux2_4
  [INFO] DEF cell: sky130_fd_sc_hd__mux2i_1
  [INFO] DEF cell: sky130_fd_sc_hd__mux4_2
  [INFO] DEF cell: sky130_fd_sc_hd__nand2_1
  [INFO] DEF cell: sky130_fd_sc_hd__nand2b_1
  [INFO] DEF cell: sky130_fd_sc_hd__nand3_1
  [INFO] DEF cell: sky130_fd_sc_hd__nand3b_1
  [INFO] DEF cell: sky130_fd_sc_hd__nand4_1
  [INFO] DEF cell: sky130_fd_sc_hd__nand4b_1
  [INFO] DEF cell: sky130_fd_sc_hd__nor2_1
  [INFO] DEF cell: sky130_fd_sc_hd__nor2_2
  [INFO] DEF cell: sky130_fd_sc_hd__nor2b_1
  [INFO] DEF cell: sky130_fd_sc_hd__nor3_1
  [INFO] DEF cell: sky130_fd_sc_hd__nor3_2
  [INFO] DEF cell: sky130_fd_sc_hd__nor3b_1
  [INFO] DEF cell: sky130_fd_sc_hd__nor4_1
  [INFO] DEF cell: sky130_fd_sc_hd__nor4_2
  [INFO] DEF cell: sky130_fd_sc_hd__nor4b_1
  [INFO] DEF cell: sky130_fd_sc_hd__o2111a_1
  [INFO] DEF cell: sky130_fd_sc_hd__o2111ai_1
  [INFO] DEF cell: sky130_fd_sc_hd__o211a_1
  [INFO] DEF cell: sky130_fd_sc_hd__o211ai_1
  [INFO] DEF cell: sky130_fd_sc_hd__o21a_1
  [INFO] DEF cell: sky130_fd_sc_hd__o21ai_0
  [INFO] DEF cell: sky130_fd_sc_hd__o21ai_1
  [INFO] DEF cell: sky130_fd_sc_hd__o21bai_1
  [INFO] DEF cell: sky130_fd_sc_hd__o221a_2
  [INFO] DEF cell: sky130_fd_sc_hd__o221ai_1
  [INFO] DEF cell: sky130_fd_sc_hd__o22a_1
  [INFO] DEF cell: sky130_fd_sc_hd__o22ai_1
  [INFO] DEF cell: sky130_fd_sc_hd__o2bb2ai_1
  [INFO] DEF cell: sky130_fd_sc_hd__o311a_1
  [INFO] DEF cell: sky130_fd_sc_hd__o311ai_0
  [INFO] DEF cell: sky130_fd_sc_hd__o311ai_1
  [INFO] DEF cell: sky130_fd_sc_hd__o31a_1
  [INFO] DEF cell: sky130_fd_sc_hd__o31ai_1
  [INFO] DEF cell: sky130_fd_sc_hd__o31ai_2
  [INFO] DEF cell: sky130_fd_sc_hd__o32ai_1
  [INFO] DEF cell: sky130_fd_sc_hd__or2_1
  [INFO] DEF cell: sky130_fd_sc_hd__or3_1
  [INFO] DEF cell: sky130_fd_sc_hd__or3b_2
  [INFO] DEF cell: sky130_fd_sc_hd__or4_1
  [INFO] DEF cell: sky130_fd_sc_hd__or4b_2
  [INFO] DEF cell: sky130_fd_sc_hd__tapvpwrvgnd_1
  [INFO] DEF cell: sky130_fd_sc_hd__xnor2_1
  [INFO] DEF cell: sky130_fd_sc_hd__xor2_1
[INFO] Copying toplevel cell 'picorv32_bp_top'
[INFO] Checking for missing GDS/OAS...
[INFO] All LEF cells have matching GDS/OAS cells
[INFO] Checking for orphan cell in the final layout...
[INFO] Writing out GDS/OAS 'outputs/picorv32_bp_top.gds.gz'
[INFO] Opening outputs/picorv32_bp_top.gds.gz
[INFO] Turning off layer: areaid.standardc - 81/4 : 81/4
[INFO] Saving screenshot to outputs/picorv32_bp_top.png
