Cell type report:                       Count       Area
  Macro                                     1  284538.47
  Tap cell                               8830   11048.10
  Clock buffer                             89    2227.14
  Timing Repair Buffer                    417    2678.82
  Inverter                                 95     356.59
  Clock inverter                           46     559.29
  Sequential cell                        1574   44088.53
  Multi-Input combinational cell         4182   32905.31
  Total                                 15234  378402.25

Cell instance report:
  sky130_sram_2kbyte_1rw1r_32x512_8         1  284538.47
  sky130_fd_sc_hd__a2111oi_0                1       8.76
  sky130_fd_sc_hd__a211o_1                 10      87.58
  sky130_fd_sc_hd__a211oi_1                26     195.19
  sky130_fd_sc_hd__a211oi_4                 3      60.06
  sky130_fd_sc_hd__a21bo_2                  1      10.01
  sky130_fd_sc_hd__a21boi_0                 2      15.01
  sky130_fd_sc_hd__a21o_1                  58     435.42
  sky130_fd_sc_hd__a21oi_1                310    1551.49
  sky130_fd_sc_hd__a221o_1                  5      50.05
  sky130_fd_sc_hd__a221oi_1                21     183.93
  sky130_fd_sc_hd__a222oi_1                39     390.37
  sky130_fd_sc_hd__a22o_1                  30     262.75
  sky130_fd_sc_hd__a22oi_1                 48     360.35
  sky130_fd_sc_hd__a311o_1                  7      70.07
  sky130_fd_sc_hd__a311oi_1                10      87.58
  sky130_fd_sc_hd__a311oi_4                 8     210.20
  sky130_fd_sc_hd__a31o_1                   5      43.79
  sky130_fd_sc_hd__a31oi_1                 60     375.36
  sky130_fd_sc_hd__a32o_1                   8      80.08
  sky130_fd_sc_hd__a32oi_1                  3      26.28
  sky130_fd_sc_hd__a41o_1                   2      20.02
  sky130_fd_sc_hd__a41oi_1                  1       8.76
  sky130_fd_sc_hd__and2_0                  30     187.68
  sky130_fd_sc_hd__and2_1                  55     344.08
  sky130_fd_sc_hd__and3_1                  49     306.54
  sky130_fd_sc_hd__and4_1                  29     253.99
  sky130_fd_sc_hd__buf_1                  142     533.01
  sky130_fd_sc_hd__buf_12                   5     100.10
  sky130_fd_sc_hd__buf_4                  265    1989.41
  sky130_fd_sc_hd__buf_6                    2      22.52
  sky130_fd_sc_hd__bufinv_16                2      60.06
  sky130_fd_sc_hd__bufinv_8                 1      17.52
  sky130_fd_sc_hd__clkbuf_16               89    2227.14
  sky130_fd_sc_hd__clkdlybuf4s15_2          1      11.26
  sky130_fd_sc_hd__clkdlybuf4s25_2          1      10.01
  sky130_fd_sc_hd__clkinv_1                 1       3.75
  sky130_fd_sc_hd__clkinv_16                3      90.09
  sky130_fd_sc_hd__clkinv_2                 2      10.01
  sky130_fd_sc_hd__clkinv_8                 5      81.33
  sky130_fd_sc_hd__clkinvlp_2               2      10.01
  sky130_fd_sc_hd__clkinvlp_4               1       7.51
  sky130_fd_sc_hd__conb_1                 149     559.29
  sky130_fd_sc_hd__dfxtp_1                313    6266.01
  sky130_fd_sc_hd__dfxtp_2                  5     106.35
  sky130_fd_sc_hd__dlymetal6s4s_1           1      12.51
  sky130_fd_sc_hd__edfxtp_1              1256   37716.17
  sky130_fd_sc_hd__inv_1                  100     375.36
  sky130_fd_sc_hd__inv_12                   4      65.06
  sky130_fd_sc_hd__inv_16                   2      40.04
  sky130_fd_sc_hd__inv_2                    4      15.01
  sky130_fd_sc_hd__inv_4                    1       6.26
  sky130_fd_sc_hd__inv_6                    5      43.79
  sky130_fd_sc_hd__inv_8                    8      90.09
  sky130_fd_sc_hd__maj3_1                  12     120.12
  sky130_fd_sc_hd__maj3_2                   7      78.83
  sky130_fd_sc_hd__mux2_1                  40     450.43
  sky130_fd_sc_hd__mux2_2                   6      67.56
  sky130_fd_sc_hd__mux2i_1                 80     800.77
  sky130_fd_sc_hd__mux4_2                 529   11913.93
  sky130_fd_sc_hd__nand2_1                531    1993.16
  sky130_fd_sc_hd__nand2b_1                45     281.52
  sky130_fd_sc_hd__nand3_1                 73     365.35
  sky130_fd_sc_hd__nand3_2                  1      10.01
  sky130_fd_sc_hd__nand3b_1                 9      67.56
  sky130_fd_sc_hd__nand4_1                 23     143.89
  sky130_fd_sc_hd__nand4b_1                 1       8.76
  sky130_fd_sc_hd__nor2_1                 579    2173.33
  sky130_fd_sc_hd__nor2_2                  19     118.86
  sky130_fd_sc_hd__nor2b_1                 34     212.70
  sky130_fd_sc_hd__nor3_1                 121     605.58
  sky130_fd_sc_hd__nor3_2                   1      10.01
  sky130_fd_sc_hd__nor3b_1                  3      22.52
  sky130_fd_sc_hd__nor4_1                  24     150.14
  sky130_fd_sc_hd__nor4b_1                  3      26.28
  sky130_fd_sc_hd__o2111ai_1                1       8.76
  sky130_fd_sc_hd__o211a_1                  1      10.01
  sky130_fd_sc_hd__o211ai_1                31     232.72
  sky130_fd_sc_hd__o21a_1                  32     240.23
  sky130_fd_sc_hd__o21ai_0                549    2747.64
  sky130_fd_sc_hd__o21ai_1                  3      15.01
  sky130_fd_sc_hd__o21ai_2                  1       8.76
  sky130_fd_sc_hd__o21ai_4                  2      32.53
  sky130_fd_sc_hd__o21bai_1                 4      30.03
  sky130_fd_sc_hd__o221a_2                  2      22.52
  sky130_fd_sc_hd__o221ai_1                46     402.89
  sky130_fd_sc_hd__o22a_1                   3      26.28
  sky130_fd_sc_hd__o22ai_1                 36     225.22
  sky130_fd_sc_hd__o2bb2ai_1                2      17.52
  sky130_fd_sc_hd__o311a_1                  1      10.01
  sky130_fd_sc_hd__o311ai_0                21     183.93
  sky130_fd_sc_hd__o311ai_4                 6     157.65
  sky130_fd_sc_hd__o31a_1                   4      35.03
  sky130_fd_sc_hd__o31ai_1                 28     210.20
  sky130_fd_sc_hd__o31ai_2                  1      12.51
  sky130_fd_sc_hd__o31ai_4                  1      21.27
  sky130_fd_sc_hd__o32a_1                   2      20.02
  sky130_fd_sc_hd__o32ai_1                 14     122.62
  sky130_fd_sc_hd__o41ai_1                  1       8.76
  sky130_fd_sc_hd__or2_1                   36     225.22
  sky130_fd_sc_hd__or3_1                   28     175.17
  sky130_fd_sc_hd__or3b_2                   3      26.28
  sky130_fd_sc_hd__or4_1                   11      82.58
  sky130_fd_sc_hd__or4b_2                   1      10.01
  sky130_fd_sc_hd__tapvpwrvgnd_1         8830   11048.10
  sky130_fd_sc_hd__xnor2_1                131    1147.35
  sky130_fd_sc_hd__xnor2_2                  1      16.27
  sky130_fd_sc_hd__xnor2_4                  1      27.53
  sky130_fd_sc_hd__xor2_1                  67     586.81
