Startpoint: cpu/decoder_trigger$_DFF_P_ (rising edge-triggered flip-flop)
Endpoint: cpu/count_instr[62]$_SDFFE_PN0P_ (rising edge-triggered flip-flop)
Path Group: unconstrained
Path Type: max
Corner: slow

Fanout     Cap    Slew   Delay    Time   Description
-----------------------------------------------------------------------------
                  4.32    0.00    0.00 ^ cpu/decoder_trigger$_DFF_P_/CLK (sky130_fd_sc_hd__dfxtp_1)
    35    0.15    4.74    6.51    6.51 ^ cpu/decoder_trigger$_DFF_P_/Q (sky130_fd_sc_hd__dfxtp_1)
                                         _3425_ (net)
                  4.74    0.00    6.51 ^ _8620_/D (sky130_fd_sc_hd__and4_1)
     4    0.01    0.37    2.50    9.01 ^ _8620_/X (sky130_fd_sc_hd__and4_1)
                                         _4149_ (net)
                  0.37    0.00    9.01 ^ _8621_/D (sky130_fd_sc_hd__and4_1)
     5    0.01    0.40    0.90    9.90 ^ _8621_/X (sky130_fd_sc_hd__and4_1)
                                         _4150_ (net)
                  0.40    0.00    9.90 ^ _8622_/D (sky130_fd_sc_hd__and4_1)
     5    0.01    0.43    0.93   10.84 ^ _8622_/X (sky130_fd_sc_hd__and4_1)
                                         _4151_ (net)
                  0.43    0.00   10.84 ^ _8623_/D (sky130_fd_sc_hd__and4_1)
     5    0.01    0.45    0.96   11.80 ^ _8623_/X (sky130_fd_sc_hd__and4_1)
                                         _4152_ (net)
                  0.45    0.00   11.80 ^ _8624_/D (sky130_fd_sc_hd__and4_1)
     5    0.01    0.44    0.96   12.76 ^ _8624_/X (sky130_fd_sc_hd__and4_1)
                                         _4153_ (net)
                  0.44    0.00   12.76 ^ _8625_/D (sky130_fd_sc_hd__and4_1)
     4    0.01    0.36    0.89   13.65 ^ _8625_/X (sky130_fd_sc_hd__and4_1)
                                         _4154_ (net)
                  0.36    0.00   13.65 ^ _8626_/D (sky130_fd_sc_hd__and4_1)
     5    0.01    0.40    0.89   14.54 ^ _8626_/X (sky130_fd_sc_hd__and4_1)
                                         _4155_ (net)
                  0.40    0.00   14.54 ^ _8627_/D (sky130_fd_sc_hd__and4_1)
     5    0.01    0.39    0.90   15.44 ^ _8627_/X (sky130_fd_sc_hd__and4_1)
                                         _4156_ (net)
                  0.39    0.00   15.44 ^ _8628_/D (sky130_fd_sc_hd__and4_1)
     5    0.01    0.43    0.93   16.37 ^ _8628_/X (sky130_fd_sc_hd__and4_1)
                                         _4157_ (net)
                  0.43    0.00   16.37 ^ _8629_/D (sky130_fd_sc_hd__and4_1)
     5    0.01    0.42    0.94   17.31 ^ _8629_/X (sky130_fd_sc_hd__and4_1)
                                         _4158_ (net)
                  0.42    0.00   17.31 ^ _8630_/D (sky130_fd_sc_hd__and4_1)
     5    0.01    0.45    0.96   18.26 ^ _8630_/X (sky130_fd_sc_hd__and4_1)
                                         _4159_ (net)
                  0.45    0.00   18.26 ^ _8631_/D (sky130_fd_sc_hd__and4_1)
     5    0.01    0.43    0.96   19.22 ^ _8631_/X (sky130_fd_sc_hd__and4_1)
                                         _4160_ (net)
                  0.43    0.00   19.22 ^ _8632_/D (sky130_fd_sc_hd__and4_1)
     5    0.01    0.49    1.00   20.22 ^ _8632_/X (sky130_fd_sc_hd__and4_1)
                                         _4161_ (net)
                  0.49    0.00   20.22 ^ _8633_/D (sky130_fd_sc_hd__nand4_1)
     2    0.01    0.31    0.54   20.76 v _8633_/Y (sky130_fd_sc_hd__nand4_1)
                                         _4162_ (net)
                  0.31    0.00   20.76 v _8634_/D (sky130_fd_sc_hd__nor4_2)
     5    0.01    1.56    1.44   22.20 ^ _8634_/Y (sky130_fd_sc_hd__nor4_2)
                                         _4163_ (net)
                  1.56    0.00   22.20 ^ _8635_/D (sky130_fd_sc_hd__nand4_1)
     5    0.01    0.49    1.11   23.32 v _8635_/Y (sky130_fd_sc_hd__nand4_1)
                                         _4164_ (net)
                  0.49    0.00   23.32 v _8636_/D (sky130_fd_sc_hd__nor4_1)
     4    0.01    1.91    1.83   25.15 ^ _8636_/Y (sky130_fd_sc_hd__nor4_1)
                                         _4165_ (net)
                  1.91    0.00   25.15 ^ _8637_/C (sky130_fd_sc_hd__and3_1)
     5    0.01    0.37    1.41   26.56 ^ _8637_/X (sky130_fd_sc_hd__and3_1)
                                         _4166_ (net)
                  0.37    0.00   26.56 ^ _8638_/D (sky130_fd_sc_hd__and4_1)
     6    0.01    0.52    0.99   27.55 ^ _8638_/X (sky130_fd_sc_hd__and4_1)
                                         _4167_ (net)
                  0.52    0.00   27.55 ^ _8639_/D (sky130_fd_sc_hd__and4_1)
     6    0.01    0.51    1.05   28.60 ^ _8639_/X (sky130_fd_sc_hd__and4_1)
                                         _4168_ (net)
                  0.51    0.00   28.60 ^ _8640_/D (sky130_fd_sc_hd__and4_1)
     4    0.01    0.39    0.95   29.55 ^ _8640_/X (sky130_fd_sc_hd__and4_1)
                                         _4169_ (net)
                  0.39    0.00   29.55 ^ _8641_/B (sky130_fd_sc_hd__and2_0)
     3    0.01    0.39    0.67   30.21 ^ _8641_/X (sky130_fd_sc_hd__and2_0)
                                         _4170_ (net)
                  0.39    0.00   30.21 ^ _8642_/A2 (sky130_fd_sc_hd__o21ai_0)
     1    0.00    0.14    0.31   30.52 v _8642_/Y (sky130_fd_sc_hd__o21ai_0)
                                         _4171_ (net)
                  0.14    0.00   30.52 v _8643_/B1 (sky130_fd_sc_hd__a21oi_1)
     1    0.00    0.30    0.39   30.91 ^ _8643_/Y (sky130_fd_sc_hd__a21oi_1)
                                         _0293_ (net)
                  0.30    0.00   30.91 ^ cpu/count_instr[62]$_SDFFE_PN0P_/D (sky130_fd_sc_hd__dfxtp_1)
                                 30.91   data arrival time
-----------------------------------------------------------------------------
(Path is unconstrained)


