OpenROAD v2.0-27941-gf9f3050fe8 
Features included (+) or not (-): +GPU +GUI +Python
This program is licensed under the BSD-3 license. See the LICENSE file for details.
Components of this program may be licensed under more restrictive licenses which must be honored.
[INFO ORD-0030] Using 20 thread(s).
[INFO FLW-0001] Defining timing corners: fast slow typical
Reading liberty file for fast: /home/arthur/.sc/cache/lambdapdk-v0.2.12-7b36460386694c92/lambdapdk/sky130/libs/sky130hd/nldm/sky130_fd_sc_hd__ff_100C_1v95.lib.gz
Reading liberty file for slow: /home/arthur/.sc/cache/lambdapdk-v0.2.12-7b36460386694c92/lambdapdk/sky130/libs/sky130hd/nldm/sky130_fd_sc_hd__ss_n40C_1v40.lib.gz
Reading liberty file for typical: /home/arthur/.sc/cache/lambdapdk-v0.2.12-7b36460386694c92/lambdapdk/sky130/libs/sky130hd/nldm/sky130_fd_sc_hd__tt_025C_1v80.lib.gz
Reading ODB: inputs/picorv32_top.odb.gz
Reading SDC: inputs/picorv32_top.sdc
[INFO FLW-0001] Timing path groups: clk asynchronous {path delay} {gated clock} unconstrained
[INFO FLW-0001] Sourcing parasitic estimation from: /home/arthur/ECE507/SRAM/build/picorv32_top/job0/floorplan.macro_placement/0/inputs/sc_parasitics.tcl
[INFO FLW-0001] Using met5 for clock parasitics estimation
[INFO FLW-0001] Using met3 for signal parasitics estimation
[INFO FLW-0001] Setting global routing adjustment for li1 to 100%
[INFO FLW-0001] Setting global routing adjustment for met1 to 40.0%
[INFO FLW-0001] Setting global routing adjustment for met2 to 40.0%
[INFO FLW-0001] Setting global routing adjustment for met3 to 30.0%
[INFO FLW-0001] Setting global routing adjustment for met4 to 30.0%
[INFO FLW-0001] Setting global routing adjustment for met5 to 30.0%
Global connection rules: 2
  Instances: ".*" with pins "VPWR" connect to "VDD"
  Instances: ".*" with pins "VGND" connect to "VSS"
[INFO GPL-0022] Initialize gpl and calculate uniform density.
Die Area: (0.00, 0.00) (1000.00, 1000.00),  Floorplan Area: (10.12, 10.88) (989.92, 987.36)
	Number of std cell instances: 5704
	Area of std cell instances: 76429.55
	Number of macros: 1
	Area of macros: 284538.47
	Halo width: 40.00
	Halo height: 40.00
	Area of macros with halos: 378909.67
	Area of std cell instances + Area of macros: 360968.03
	Floorplan area: 956755.10
	Design Utilization: 0.38
	Floorplan Utilization: 0.11
	Manufacturing Grid: 5

[WARNING MPL-0002] Couldn't align pin sram/addr1[8] from layer met4 to the track-grid.
[WARNING MPL-0002] Couldn't align pin sram/addr1[7] from layer met4 to the track-grid.
[WARNING MPL-0002] Couldn't align pin sram/addr1[0] from layer met4 to the track-grid.
[WARNING MPL-0002] Couldn't align pin sram/addr1[1] from layer met4 to the track-grid.
[WARNING MPL-0002] Couldn't align pin sram/dout1[31] from layer met4 to the track-grid.
[WARNING MPL-0002] Couldn't align pin sram/dout0[31] from layer met4 to the track-grid.
[WARNING MPL-0002] Couldn't align pin sram/dout1[30] from layer met4 to the track-grid.
[WARNING MPL-0002] Couldn't align pin sram/dout0[30] from layer met4 to the track-grid.
[WARNING MPL-0002] Couldn't align pin sram/dout1[29] from layer met4 to the track-grid.
[WARNING MPL-0002] Couldn't align pin sram/dout0[29] from layer met4 to the track-grid.
[WARNING MPL-0002] Couldn't align pin sram/dout1[28] from layer met4 to the track-grid.
[WARNING MPL-0002] Couldn't align pin sram/dout0[28] from layer met4 to the track-grid.
[WARNING MPL-0002] Couldn't align pin sram/dout1[27] from layer met4 to the track-grid.
[WARNING MPL-0002] Couldn't align pin sram/dout0[27] from layer met4 to the track-grid.
[WARNING MPL-0002] Couldn't align pin sram/dout1[26] from layer met4 to the track-grid.
[WARNING MPL-0002] Couldn't align pin sram/dout0[26] from layer met4 to the track-grid.
[WARNING MPL-0002] Couldn't align pin sram/dout1[25] from layer met4 to the track-grid.
[WARNING MPL-0002] Couldn't align pin sram/dout0[25] from layer met4 to the track-grid.
[WARNING MPL-0002] Couldn't align pin sram/dout0[24] from layer met4 to the track-grid.
[WARNING MPL-0002] Couldn't align pin sram/dout1[24] from layer met4 to the track-grid.
[WARNING MPL-0002] Couldn't align pin sram/dout0[23] from layer met4 to the track-grid.
[WARNING MPL-0002] Couldn't align pin sram/dout1[23] from layer met4 to the track-grid.
[WARNING MPL-0002] Couldn't align pin sram/dout1[22] from layer met4 to the track-grid.
[WARNING MPL-0002] Couldn't align pin sram/dout0[22] from layer met4 to the track-grid.
[WARNING MPL-0002] Couldn't align pin sram/dout1[21] from layer met4 to the track-grid.
[WARNING MPL-0002] Couldn't align pin sram/dout0[21] from layer met4 to the track-grid.
[WARNING MPL-0002] Couldn't align pin sram/dout1[20] from layer met4 to the track-grid.
[WARNING MPL-0002] Couldn't align pin sram/dout0[20] from layer met4 to the track-grid.
[WARNING MPL-0002] Couldn't align pin sram/dout0[19] from layer met4 to the track-grid.
[WARNING MPL-0002] Couldn't align pin sram/dout1[19] from layer met4 to the track-grid.
[WARNING MPL-0002] Couldn't align pin sram/dout1[18] from layer met4 to the track-grid.
[WARNING MPL-0002] Couldn't align pin sram/dout0[18] from layer met4 to the track-grid.
[WARNING MPL-0002] Couldn't align pin sram/dout0[17] from layer met4 to the track-grid.
[WARNING MPL-0002] Couldn't align pin sram/dout1[17] from layer met4 to the track-grid.
[WARNING MPL-0002] Couldn't align pin sram/dout1[16] from layer met4 to the track-grid.
[WARNING MPL-0002] Couldn't align pin sram/dout1[15] from layer met4 to the track-grid.
[WARNING MPL-0002] Couldn't align pin sram/dout0[15] from layer met4 to the track-grid.
[WARNING MPL-0002] Couldn't align pin sram/dout1[14] from layer met4 to the track-grid.
[WARNING MPL-0002] Couldn't align pin sram/dout0[14] from layer met4 to the track-grid.
[WARNING MPL-0002] Couldn't align pin sram/dout0[13] from layer met4 to the track-grid.
[WARNING MPL-0002] Couldn't align pin sram/dout1[13] from layer met4 to the track-grid.
[WARNING MPL-0002] Couldn't align pin sram/din0[31] from layer met4 to the track-grid.
[WARNING MPL-0002] Couldn't align pin sram/dout0[12] from layer met4 to the track-grid.
[WARNING MPL-0002] Couldn't align pin sram/dout1[12] from layer met4 to the track-grid.
[WARNING MPL-0002] Couldn't align pin sram/din0[30] from layer met4 to the track-grid.
[WARNING MPL-0002] Couldn't align pin sram/din0[29] from layer met4 to the track-grid.
[WARNING MPL-0002] Couldn't align pin sram/dout1[11] from layer met4 to the track-grid.
[WARNING MPL-0002] Couldn't align pin sram/dout0[11] from layer met4 to the track-grid.
[WARNING MPL-0002] Couldn't align pin sram/din0[27] from layer met4 to the track-grid.
[WARNING MPL-0002] Couldn't align pin sram/dout1[10] from layer met4 to the track-grid.
[WARNING MPL-0002] Couldn't align pin sram/dout0[10] from layer met4 to the track-grid.
[WARNING MPL-0002] Couldn't align pin sram/din0[26] from layer met4 to the track-grid.
[WARNING MPL-0002] Couldn't align pin sram/din0[25] from layer met4 to the track-grid.
[WARNING MPL-0002] Couldn't align pin sram/din0[24] from layer met4 to the track-grid.
[WARNING MPL-0002] Couldn't align pin sram/dout1[9] from layer met4 to the track-grid.
[WARNING MPL-0002] Couldn't align pin sram/dout0[9] from layer met4 to the track-grid.
[WARNING MPL-0002] Couldn't align pin sram/din0[23] from layer met4 to the track-grid.
[WARNING MPL-0002] Couldn't align pin sram/din0[22] from layer met4 to the track-grid.
[WARNING MPL-0002] Couldn't align pin sram/dout1[8] from layer met4 to the track-grid.
[WARNING MPL-0002] Couldn't align pin sram/dout0[8] from layer met4 to the track-grid.
[WARNING MPL-0002] Couldn't align pin sram/din0[21] from layer met4 to the track-grid.
[WARNING MPL-0002] Couldn't align pin sram/dout1[7] from layer met4 to the track-grid.
[WARNING MPL-0002] Couldn't align pin sram/dout0[7] from layer met4 to the track-grid.
[WARNING MPL-0002] Couldn't align pin sram/din0[19] from layer met4 to the track-grid.
[WARNING MPL-0002] Couldn't align pin sram/din0[18] from layer met4 to the track-grid.
[WARNING MPL-0002] Couldn't align pin sram/dout0[6] from layer met4 to the track-grid.
[WARNING MPL-0002] Couldn't align pin sram/dout1[6] from layer met4 to the track-grid.
[WARNING MPL-0002] Couldn't align pin sram/din0[17] from layer met4 to the track-grid.
[WARNING MPL-0002] Couldn't align pin sram/din0[16] from layer met4 to the track-grid.
[WARNING MPL-0002] Couldn't align pin sram/dout1[5] from layer met4 to the track-grid.
[WARNING MPL-0002] Couldn't align pin sram/dout0[5] from layer met4 to the track-grid.
[WARNING MPL-0002] Couldn't align pin sram/din0[15] from layer met4 to the track-grid.
[WARNING MPL-0002] Couldn't align pin sram/din0[14] from layer met4 to the track-grid.
[WARNING MPL-0002] Couldn't align pin sram/dout1[4] from layer met4 to the track-grid.
[WARNING MPL-0002] Couldn't align pin sram/dout0[4] from layer met4 to the track-grid.
[WARNING MPL-0002] Couldn't align pin sram/din0[13] from layer met4 to the track-grid.
[WARNING MPL-0002] Couldn't align pin sram/dout1[3] from layer met4 to the track-grid.
[WARNING MPL-0002] Couldn't align pin sram/dout0[3] from layer met4 to the track-grid.
[WARNING MPL-0002] Couldn't align pin sram/din0[11] from layer met4 to the track-grid.
[WARNING MPL-0002] Couldn't align pin sram/din0[10] from layer met4 to the track-grid.
[WARNING MPL-0002] Couldn't align pin sram/dout0[2] from layer met4 to the track-grid.
[WARNING MPL-0002] Couldn't align pin sram/din0[9] from layer met4 to the track-grid.
[WARNING MPL-0002] Couldn't align pin sram/dout1[2] from layer met4 to the track-grid.
[WARNING MPL-0002] Couldn't align pin sram/din0[8] from layer met4 to the track-grid.
[WARNING MPL-0002] Couldn't align pin sram/din0[7] from layer met4 to the track-grid.
[WARNING MPL-0002] Couldn't align pin sram/dout1[1] from layer met4 to the track-grid.
[WARNING MPL-0002] Couldn't align pin sram/din0[6] from layer met4 to the track-grid.
[WARNING MPL-0002] Couldn't align pin sram/dout1[0] from layer met4 to the track-grid.
[WARNING MPL-0002] Couldn't align pin sram/din0[5] from layer met4 to the track-grid.
[WARNING MPL-0002] Couldn't align pin sram/dout0[0] from layer met4 to the track-grid.
[WARNING MPL-0002] Couldn't align pin sram/din0[3] from layer met4 to the track-grid.
[WARNING MPL-0002] Couldn't align pin sram/din0[2] from layer met4 to the track-grid.
[WARNING MPL-0002] Couldn't align pin sram/din0[1] from layer met4 to the track-grid.
[WARNING MPL-0002] Couldn't align pin sram/din0[0] from layer met4 to the track-grid.
[WARNING MPL-0002] Couldn't align pin sram/wmask0[3] from layer met4 to the track-grid.
[WARNING MPL-0002] Couldn't align pin sram/wmask0[2] from layer met4 to the track-grid.
[WARNING MPL-0002] Couldn't align pin sram/wmask0[1] from layer met4 to the track-grid.
[WARNING MPL-0002] Couldn't align pin sram/addr0[1] from layer met4 to the track-grid.
[WARNING MPL-0002] Couldn't align pin sram/addr0[0] from layer met4 to the track-grid.
[INFO FLW-0001] Removed 0 blockages created during macro placement
Macro placement information:
  sram (sky130_sram_2kbyte_1rw1r_32x512_8): LOCKED at (50.83 um, 51.15 um) R180
Writing database: outputs/picorv32_top.odb.gz
Writing DEF: outputs/picorv32_top.def.gz
Writing netlist: outputs/picorv32_top.vg
Writing LEC netlist: outputs/picorv32_top.lec.vg
Writing SDC: outputs/picorv32_top.sdc
SC_METRIC: report_checks -path_delay max
Startpoint: _8936_ (rising edge-triggered flip-flop clocked by clk)
Endpoint: pcpi_rs1[19]$_DFFE_PP_
          (rising edge-triggered flip-flop clocked by clk)
Path Group: clk
Path Type: max
Corner: slow

Fanout     Cap    Slew   Delay    Time   Description
-----------------------------------------------------------------------------
                  0.00    0.00    0.00   clock clk (rise edge)
                          0.00    0.00   clock network delay (ideal)
                  0.00    0.00    0.00 ^ _8936_/CLK (sky130_fd_sc_hd__dfxtp_1)
   254    1.25   39.58   30.71   30.71 ^ _8936_/Q (sky130_fd_sc_hd__dfxtp_1)
                                         _0000_ (net)
                 39.58    0.00   30.71 ^ _5985_/A (sky130_fd_sc_hd__inv_1)
    14    0.03    5.36   15.24   45.95 v _5985_/Y (sky130_fd_sc_hd__inv_1)
                                         _1840_ (net)
                  5.36    0.00   45.95 v _7074_/B1 (sky130_fd_sc_hd__a21oi_1)
     1    0.00    0.80    3.12   49.07 ^ _7074_/Y (sky130_fd_sc_hd__a21oi_1)
                                         _2850_ (net)
                  0.80    0.00   49.07 ^ _7075_/A2 (sky130_fd_sc_hd__a21oi_1)
     1    0.00    0.58    0.47   49.53 v _7075_/Y (sky130_fd_sc_hd__a21oi_1)
                                         _2851_ (net)
                  0.58    0.00   49.53 v _7077_/A2 (sky130_fd_sc_hd__a22oi_1)
     1    0.00    0.44    0.86   50.39 ^ _7077_/Y (sky130_fd_sc_hd__a22oi_1)
                                         _2853_ (net)
                  0.44    0.00   50.39 ^ _7084_/A1 (sky130_fd_sc_hd__mux4_2)
     1    0.00    0.17    0.87   51.26 ^ _7084_/X (sky130_fd_sc_hd__mux4_2)
                                         _2860_ (net)
                  0.17    0.00   51.26 ^ _7085_/B (sky130_fd_sc_hd__nor2_1)
     1    0.00    0.10    0.12   51.38 v _7085_/Y (sky130_fd_sc_hd__nor2_1)
                                         _2861_ (net)
                  0.10    0.00   51.38 v _7089_/B1 (sky130_fd_sc_hd__a211oi_1)
     1    0.00    0.56    0.75   52.13 ^ _7089_/Y (sky130_fd_sc_hd__a211oi_1)
                                         _2865_ (net)
                  0.56    0.00   52.13 ^ _7090_/B1 (sky130_fd_sc_hd__o21ai_0)
     1    0.00    0.32    0.38   52.51 v _7090_/Y (sky130_fd_sc_hd__o21ai_0)
                                         _4375_ (net)
                  0.32    0.00   52.51 v pcpi_rs1[19]$_DFFE_PP_/D (sky130_fd_sc_hd__edfxtp_1)
                                 52.51   data arrival time

                  0.00   25.00   25.00   clock clk (rise edge)
                          0.00   25.00   clock network delay (ideal)
                          0.00   25.00   clock reconvergence pessimism
                                 25.00 ^ pcpi_rs1[19]$_DFFE_PP_/CLK (sky130_fd_sc_hd__edfxtp_1)
                         -1.53   23.47   library setup time
                                 23.47   data required time
-----------------------------------------------------------------------------
                                 23.47   data required time
                                -52.51   data arrival time
-----------------------------------------------------------------------------
                                -29.04   slack (VIOLATED)


SC_METRIC: setupslack
worst slack max -29.04
SC_METRIC: tns
tns max -1864.09
SC_METRIC: unconstrained
Startpoint: clk (clock source 'clk')
Endpoint: sram/clk0 (internal pin)
Path Group: unconstrained
Path Type: max
Corner: fast

Fanout     Cap    Slew   Delay    Time   Description
-----------------------------------------------------------------------------
  1576    2.90    0.00    0.00   12.50 v clk (in)
                                         clk (net)
                  0.00    0.00   12.50 v sram/clk0 (sky130_sram_2kbyte_1rw1r_32x512_8)
                                 12.50   data arrival time
-----------------------------------------------------------------------------
(Path is unconstrained)


SC_METRIC: floating nets
Reporting floating nets: reports/floating_nets.rpt
SC_METRIC: overdriven nets
Reporting overdriven nets: reports/overdriven_nets.rpt
Reporting overdriven nets: reports/overdriven_nets_with_parallel.rpt
Clock                   Period          Waveform
----------------------------------------------------
clk                      25.00        0.00     12.50
SC_METRIC: cellarea
Design area 360968 um^2 38% utilization.
Cell type report:                       Count       Area
  Macro                                     1  284538.47
  Inverter                                 95     356.59
  Sequential cell                        1574   44082.28
  Multi-Input combinational cell         4035   31990.68
  Total                                  5705  360968.03

Cell instance report:
  sky130_sram_2kbyte_1rw1r_32x512_8         1  284538.47
  sky130_fd_sc_hd__a2111oi_0                1       8.76
  sky130_fd_sc_hd__a211o_1                 10      87.58
  sky130_fd_sc_hd__a211oi_1                26     195.19
  sky130_fd_sc_hd__a211oi_2                 3      37.54
  sky130_fd_sc_hd__a21bo_2                  1      10.01
  sky130_fd_sc_hd__a21boi_0                 2      15.01
  sky130_fd_sc_hd__a21o_1                  58     435.42
  sky130_fd_sc_hd__a21oi_1                310    1551.49
  sky130_fd_sc_hd__a221o_1                  5      50.05
  sky130_fd_sc_hd__a221oi_1                21     183.93
  sky130_fd_sc_hd__a222oi_1                39     390.37
  sky130_fd_sc_hd__a22o_1                  30     262.75
  sky130_fd_sc_hd__a22oi_1                 48     360.35
  sky130_fd_sc_hd__a311o_1                  7      70.07
  sky130_fd_sc_hd__a311oi_1                16     140.13
  sky130_fd_sc_hd__a311oi_2                 2      30.03
  sky130_fd_sc_hd__a31o_1                   5      43.79
  sky130_fd_sc_hd__a31oi_1                 60     375.36
  sky130_fd_sc_hd__a32o_1                   8      80.08
  sky130_fd_sc_hd__a32oi_1                  3      26.28
  sky130_fd_sc_hd__a41o_1                   2      20.02
  sky130_fd_sc_hd__a41oi_1                  1       8.76
  sky130_fd_sc_hd__and2_0                  25     156.40
  sky130_fd_sc_hd__and2_1                  60     375.36
  sky130_fd_sc_hd__and3_1                  49     306.54
  sky130_fd_sc_hd__and4_1                  29     253.99
  sky130_fd_sc_hd__clkinv_1                 1       3.75
  sky130_fd_sc_hd__conb_1                   2       7.51
  sky130_fd_sc_hd__dfxtp_1                318    6366.11
  sky130_fd_sc_hd__edfxtp_1              1256   37716.17
  sky130_fd_sc_hd__inv_1                   91     341.58
  sky130_fd_sc_hd__inv_2                    3      11.26
  sky130_fd_sc_hd__maj3_1                  13     130.12
  sky130_fd_sc_hd__maj3_2                   6      67.56
  sky130_fd_sc_hd__mux2_2                  46     518.00
  sky130_fd_sc_hd__mux2i_1                 80     800.77
  sky130_fd_sc_hd__mux4_2                 529   11913.93
  sky130_fd_sc_hd__nand2_1                531    1993.16
  sky130_fd_sc_hd__nand2b_1                45     281.52
  sky130_fd_sc_hd__nand3_1                 74     370.36
  sky130_fd_sc_hd__nand3b_1                 9      67.56
  sky130_fd_sc_hd__nand4_1                 23     143.89
  sky130_fd_sc_hd__nand4b_1                 1       8.76
  sky130_fd_sc_hd__nor2_1                 598    2244.65
  sky130_fd_sc_hd__nor2b_1                 34     212.70
  sky130_fd_sc_hd__nor3_1                 122     610.59
  sky130_fd_sc_hd__nor3b_1                  3      22.52
  sky130_fd_sc_hd__nor4_1                  24     150.14
  sky130_fd_sc_hd__nor4b_1                  3      26.28
  sky130_fd_sc_hd__o2111ai_1                1       8.76
  sky130_fd_sc_hd__o211a_1                  1      10.01
  sky130_fd_sc_hd__o211ai_1                31     232.72
  sky130_fd_sc_hd__o21a_1                  32     240.23
  sky130_fd_sc_hd__o21ai_0                550    2752.64
  sky130_fd_sc_hd__o21ai_1                  5      25.02
  sky130_fd_sc_hd__o21bai_1                 4      30.03
  sky130_fd_sc_hd__o221a_2                  2      22.52
  sky130_fd_sc_hd__o221ai_1                46     402.89
  sky130_fd_sc_hd__o22a_1                   3      26.28
  sky130_fd_sc_hd__o22ai_1                 36     225.22
  sky130_fd_sc_hd__o2bb2ai_1                2      17.52
  sky130_fd_sc_hd__o311a_1                  1      10.01
  sky130_fd_sc_hd__o311ai_0                21     183.93
  sky130_fd_sc_hd__o311ai_1                 4      35.03
  sky130_fd_sc_hd__o311ai_2                 2      32.53
  sky130_fd_sc_hd__o31a_1                   4      35.03
  sky130_fd_sc_hd__o31ai_1                 30     225.22
  sky130_fd_sc_hd__o32a_1                   2      20.02
  sky130_fd_sc_hd__o32ai_1                 14     122.62
  sky130_fd_sc_hd__o41ai_1                  1       8.76
  sky130_fd_sc_hd__or2_1                   36     225.22
  sky130_fd_sc_hd__or3_1                   28     175.17
  sky130_fd_sc_hd__or3b_2                   3      26.28
  sky130_fd_sc_hd__or4_1                   11      82.58
  sky130_fd_sc_hd__or4b_2                   1      10.01
  sky130_fd_sc_hd__xnor2_1                132    1156.11
  sky130_fd_sc_hd__xnor2_2                  1      16.27
  sky130_fd_sc_hd__xor2_1                  67     586.81
