| INFO     | job0 | floorplan.macro_p... | 0 | Running in /home/arthur/ECE507/SRAM/build/picorv32_top/job0/floorplan.macro_placement/0
| INFO     | job0 | floorplan.macro_p... | 0 | Tool 'openroad' found with version 'v2.0-27941-gf9f3050fe8' in directory '/usr/local/bin'
| INFO     | job0 | floorplan.macro_p... | 0 | Found sc-common [tool,openroad,task,init_floorplan] data at /home/arthur/ECE507/venv/lib/python3.12/site-packages/siliconcompiler/tools/_common
| INFO     | job0 | floorplan.macro_p... | 0 | openroad /home/arthur/ECE507/venv/lib/python3.12/site-packages/siliconcompiler/tools/openroad/scripts/apr/sc_macro_placement.tcl -no_init -metrics reports/metrics.json -exit
| INFO     | job0 | floorplan.macro_p... | 0 | OpenROAD v2.0-27941-gf9f3050fe8
| INFO     | job0 | floorplan.macro_p... | 0 | Features included (+) or not (-): +GPU +GUI +Python
| INFO     | job0 | floorplan.macro_p... | 0 | This program is licensed under the BSD-3 license. See the LICENSE file for details.
| INFO     | job0 | floorplan.macro_p... | 0 | Components of this program may be licensed under more restrictive licenses which must be honored.
| INFO     | job0 | floorplan.macro_p... | 0 | [INFO ORD-0030] Using 20 thread(s).
| INFO     | job0 | floorplan.macro_p... | 0 | [INFO FLW-0001] Defining timing corners: fast slow typical
| INFO     | job0 | floorplan.macro_p... | 0 | Reading liberty file for fast: /home/arthur/.sc/cache/lambdapdk-v0.2.12-7b36460386694c92/lambdapdk/sky130/libs/sky130hd/nldm/sky130_fd_sc_hd__ff_100C_1v95.lib.gz
| INFO     | job0 | floorplan.macro_p... | 0 | Reading liberty file for slow: /home/arthur/.sc/cache/lambdapdk-v0.2.12-7b36460386694c92/lambdapdk/sky130/libs/sky130hd/nldm/sky130_fd_sc_hd__ss_n40C_1v40.lib.gz
| INFO     | job0 | floorplan.macro_p... | 0 | Reading liberty file for typical: /home/arthur/.sc/cache/lambdapdk-v0.2.12-7b36460386694c92/lambdapdk/sky130/libs/sky130hd/nldm/sky130_fd_sc_hd__tt_025C_1v80.lib.gz
| INFO     | job0 | floorplan.macro_p... | 0 | Reading ODB: inputs/picorv32_top.odb.gz
| INFO     | job0 | floorplan.macro_p... | 0 | Reading SDC: inputs/picorv32_top.sdc
| INFO     | job0 | floorplan.macro_p... | 0 | [INFO FLW-0001] Timing path groups: clk asynchronous {path delay} {gated clock} unconstrained
| INFO     | job0 | floorplan.macro_p... | 0 | [INFO FLW-0001] Sourcing parasitic estimation from: /home/arthur/ECE507/SRAM/build/picorv32_top/job0/floorplan.macro_placement/0/inputs/sc_parasitics.tcl
| INFO     | job0 | floorplan.macro_p... | 0 | [INFO FLW-0001] Using met5 for clock parasitics estimation
| INFO     | job0 | floorplan.macro_p... | 0 | [INFO FLW-0001] Using met3 for signal parasitics estimation
| INFO     | job0 | floorplan.macro_p... | 0 | [INFO FLW-0001] Setting global routing adjustment for li1 to 100%
| INFO     | job0 | floorplan.macro_p... | 0 | [INFO FLW-0001] Setting global routing adjustment for met1 to 40.0%
| INFO     | job0 | floorplan.macro_p... | 0 | [INFO FLW-0001] Setting global routing adjustment for met2 to 40.0%
| INFO     | job0 | floorplan.macro_p... | 0 | [INFO FLW-0001] Setting global routing adjustment for met3 to 30.0%
| INFO     | job0 | floorplan.macro_p... | 0 | [INFO FLW-0001] Setting global routing adjustment for met4 to 30.0%
| INFO     | job0 | floorplan.macro_p... | 0 | [INFO FLW-0001] Setting global routing adjustment for met5 to 30.0%
| INFO     | job0 | floorplan.macro_p... | 0 | Global connection rules: 2
| INFO     | job0 | floorplan.macro_p... | 0 |   Instances: ".*" with pins "VPWR" connect to "VDD"
| INFO     | job0 | floorplan.macro_p... | 0 |   Instances: ".*" with pins "VGND" connect to "VSS"
| INFO     | job0 | floorplan.macro_p... | 0 | [INFO GPL-0022] Initialize gpl and calculate uniform density.
| INFO     | job0 | floorplan.macro_p... | 0 | Die Area: (0.00, 0.00) (1000.00, 1000.00),  Floorplan Area: (10.12, 10.88) (989.92, 987.36)
| INFO     | job0 | floorplan.macro_p... | 0 | 	Number of std cell instances: 5704
| INFO     | job0 | floorplan.macro_p... | 0 | 	Area of std cell instances: 76429.55
| INFO     | job0 | floorplan.macro_p... | 0 | 	Number of macros: 1
| INFO     | job0 | floorplan.macro_p... | 0 | 	Area of macros: 284538.47
| INFO     | job0 | floorplan.macro_p... | 0 | 	Halo width: 40.00
| INFO     | job0 | floorplan.macro_p... | 0 | 	Halo height: 40.00
| INFO     | job0 | floorplan.macro_p... | 0 | 	Area of macros with halos: 378909.67
| INFO     | job0 | floorplan.macro_p... | 0 | 	Area of std cell instances + Area of macros: 360968.03
| INFO     | job0 | floorplan.macro_p... | 0 | 	Floorplan area: 956755.10
| INFO     | job0 | floorplan.macro_p... | 0 | 	Design Utilization: 0.38
| INFO     | job0 | floorplan.macro_p... | 0 | 	Floorplan Utilization: 0.11
| INFO     | job0 | floorplan.macro_p... | 0 | 	Manufacturing Grid: 5
| INFO     | job0 | floorplan.macro_p... | 0 | 
| INFO     | job0 | floorplan.macro_p... | 0 | [WARNING MPL-0002] Couldn't align pin sram/addr1[8] from layer met4 to the track-grid.
| INFO     | job0 | floorplan.macro_p... | 0 | [WARNING MPL-0002] Couldn't align pin sram/addr1[7] from layer met4 to the track-grid.
| INFO     | job0 | floorplan.macro_p... | 0 | [WARNING MPL-0002] Couldn't align pin sram/addr1[0] from layer met4 to the track-grid.
| INFO     | job0 | floorplan.macro_p... | 0 | [WARNING MPL-0002] Couldn't align pin sram/addr1[1] from layer met4 to the track-grid.
| INFO     | job0 | floorplan.macro_p... | 0 | [WARNING MPL-0002] Couldn't align pin sram/dout1[31] from layer met4 to the track-grid.
| INFO     | job0 | floorplan.macro_p... | 0 | [WARNING MPL-0002] Couldn't align pin sram/dout0[31] from layer met4 to the track-grid.
| INFO     | job0 | floorplan.macro_p... | 0 | [WARNING MPL-0002] Couldn't align pin sram/dout1[30] from layer met4 to the track-grid.
| INFO     | job0 | floorplan.macro_p... | 0 | [WARNING MPL-0002] Couldn't align pin sram/dout0[30] from layer met4 to the track-grid.
| INFO     | job0 | floorplan.macro_p... | 0 | [WARNING MPL-0002] Couldn't align pin sram/dout1[29] from layer met4 to the track-grid.
| INFO     | job0 | floorplan.macro_p... | 0 | [WARNING MPL-0002] Couldn't align pin sram/dout0[29] from layer met4 to the track-grid.
| INFO     | job0 | floorplan.macro_p... | 0 | [WARNING MPL-0002] Couldn't align pin sram/dout1[28] from layer met4 to the track-grid.
| INFO     | job0 | floorplan.macro_p... | 0 | [WARNING MPL-0002] Couldn't align pin sram/dout0[28] from layer met4 to the track-grid.
| INFO     | job0 | floorplan.macro_p... | 0 | [WARNING MPL-0002] Couldn't align pin sram/dout1[27] from layer met4 to the track-grid.
| INFO     | job0 | floorplan.macro_p... | 0 | [WARNING MPL-0002] Couldn't align pin sram/dout0[27] from layer met4 to the track-grid.
| INFO     | job0 | floorplan.macro_p... | 0 | [WARNING MPL-0002] Couldn't align pin sram/dout1[26] from layer met4 to the track-grid.
| INFO     | job0 | floorplan.macro_p... | 0 | [WARNING MPL-0002] Couldn't align pin sram/dout0[26] from layer met4 to the track-grid.
| INFO     | job0 | floorplan.macro_p... | 0 | [WARNING MPL-0002] Couldn't align pin sram/dout1[25] from layer met4 to the track-grid.
| INFO     | job0 | floorplan.macro_p... | 0 | [WARNING MPL-0002] Couldn't align pin sram/dout0[25] from layer met4 to the track-grid.
| INFO     | job0 | floorplan.macro_p... | 0 | [WARNING MPL-0002] Couldn't align pin sram/dout0[24] from layer met4 to the track-grid.
| INFO     | job0 | floorplan.macro_p... | 0 | [WARNING MPL-0002] Couldn't align pin sram/dout1[24] from layer met4 to the track-grid.
| INFO     | job0 | floorplan.macro_p... | 0 | [WARNING MPL-0002] Couldn't align pin sram/dout0[23] from layer met4 to the track-grid.
| INFO     | job0 | floorplan.macro_p... | 0 | [WARNING MPL-0002] Couldn't align pin sram/dout1[23] from layer met4 to the track-grid.
| INFO     | job0 | floorplan.macro_p... | 0 | [WARNING MPL-0002] Couldn't align pin sram/dout1[22] from layer met4 to the track-grid.
| INFO     | job0 | floorplan.macro_p... | 0 | [WARNING MPL-0002] Couldn't align pin sram/dout0[22] from layer met4 to the track-grid.
| INFO     | job0 | floorplan.macro_p... | 0 | [WARNING MPL-0002] Couldn't align pin sram/dout1[21] from layer met4 to the track-grid.
| INFO     | job0 | floorplan.macro_p... | 0 | [WARNING MPL-0002] Couldn't align pin sram/dout0[21] from layer met4 to the track-grid.
| INFO     | job0 | floorplan.macro_p... | 0 | [WARNING MPL-0002] Couldn't align pin sram/dout1[20] from layer met4 to the track-grid.
| INFO     | job0 | floorplan.macro_p... | 0 | [WARNING MPL-0002] Couldn't align pin sram/dout0[20] from layer met4 to the track-grid.
| INFO     | job0 | floorplan.macro_p... | 0 | [WARNING MPL-0002] Couldn't align pin sram/dout0[19] from layer met4 to the track-grid.
| INFO     | job0 | floorplan.macro_p... | 0 | [WARNING MPL-0002] Couldn't align pin sram/dout1[19] from layer met4 to the track-grid.
| INFO     | job0 | floorplan.macro_p... | 0 | [WARNING MPL-0002] Couldn't align pin sram/dout1[18] from layer met4 to the track-grid.
| INFO     | job0 | floorplan.macro_p... | 0 | [WARNING MPL-0002] Couldn't align pin sram/dout0[18] from layer met4 to the track-grid.
| INFO     | job0 | floorplan.macro_p... | 0 | [WARNING MPL-0002] Couldn't align pin sram/dout0[17] from layer met4 to the track-grid.
| INFO     | job0 | floorplan.macro_p... | 0 | [WARNING MPL-0002] Couldn't align pin sram/dout1[17] from layer met4 to the track-grid.
| INFO     | job0 | floorplan.macro_p... | 0 | [WARNING MPL-0002] Couldn't align pin sram/dout1[16] from layer met4 to the track-grid.
| INFO     | job0 | floorplan.macro_p... | 0 | [WARNING MPL-0002] Couldn't align pin sram/dout1[15] from layer met4 to the track-grid.
| INFO     | job0 | floorplan.macro_p... | 0 | [WARNING MPL-0002] Couldn't align pin sram/dout0[15] from layer met4 to the track-grid.
| INFO     | job0 | floorplan.macro_p... | 0 | [WARNING MPL-0002] Couldn't align pin sram/dout1[14] from layer met4 to the track-grid.
| INFO     | job0 | floorplan.macro_p... | 0 | [WARNING MPL-0002] Couldn't align pin sram/dout0[14] from layer met4 to the track-grid.
| INFO     | job0 | floorplan.macro_p... | 0 | [WARNING MPL-0002] Couldn't align pin sram/dout0[13] from layer met4 to the track-grid.
| INFO     | job0 | floorplan.macro_p... | 0 | [WARNING MPL-0002] Couldn't align pin sram/dout1[13] from layer met4 to the track-grid.
| INFO     | job0 | floorplan.macro_p... | 0 | [WARNING MPL-0002] Couldn't align pin sram/din0[31] from layer met4 to the track-grid.
| INFO     | job0 | floorplan.macro_p... | 0 | [WARNING MPL-0002] Couldn't align pin sram/dout0[12] from layer met4 to the track-grid.
| INFO     | job0 | floorplan.macro_p... | 0 | [WARNING MPL-0002] Couldn't align pin sram/dout1[12] from layer met4 to the track-grid.
| INFO     | job0 | floorplan.macro_p... | 0 | [WARNING MPL-0002] Couldn't align pin sram/din0[30] from layer met4 to the track-grid.
| INFO     | job0 | floorplan.macro_p... | 0 | [WARNING MPL-0002] Couldn't align pin sram/din0[29] from layer met4 to the track-grid.
| INFO     | job0 | floorplan.macro_p... | 0 | [WARNING MPL-0002] Couldn't align pin sram/dout1[11] from layer met4 to the track-grid.
| INFO     | job0 | floorplan.macro_p... | 0 | [WARNING MPL-0002] Couldn't align pin sram/dout0[11] from layer met4 to the track-grid.
| INFO     | job0 | floorplan.macro_p... | 0 | [WARNING MPL-0002] Couldn't align pin sram/din0[27] from layer met4 to the track-grid.
| INFO     | job0 | floorplan.macro_p... | 0 | [WARNING MPL-0002] Couldn't align pin sram/dout1[10] from layer met4 to the track-grid.
| INFO     | job0 | floorplan.macro_p... | 0 | [WARNING MPL-0002] Couldn't align pin sram/dout0[10] from layer met4 to the track-grid.
| INFO     | job0 | floorplan.macro_p... | 0 | [WARNING MPL-0002] Couldn't align pin sram/din0[26] from layer met4 to the track-grid.
| INFO     | job0 | floorplan.macro_p... | 0 | [WARNING MPL-0002] Couldn't align pin sram/din0[25] from layer met4 to the track-grid.
| INFO     | job0 | floorplan.macro_p... | 0 | [WARNING MPL-0002] Couldn't align pin sram/din0[24] from layer met4 to the track-grid.
| INFO     | job0 | floorplan.macro_p... | 0 | [WARNING MPL-0002] Couldn't align pin sram/dout1[9] from layer met4 to the track-grid.
| INFO     | job0 | floorplan.macro_p... | 0 | [WARNING MPL-0002] Couldn't align pin sram/dout0[9] from layer met4 to the track-grid.
| INFO     | job0 | floorplan.macro_p... | 0 | [WARNING MPL-0002] Couldn't align pin sram/din0[23] from layer met4 to the track-grid.
| INFO     | job0 | floorplan.macro_p... | 0 | [WARNING MPL-0002] Couldn't align pin sram/din0[22] from layer met4 to the track-grid.
| INFO     | job0 | floorplan.macro_p... | 0 | [WARNING MPL-0002] Couldn't align pin sram/dout1[8] from layer met4 to the track-grid.
| INFO     | job0 | floorplan.macro_p... | 0 | [WARNING MPL-0002] Couldn't align pin sram/dout0[8] from layer met4 to the track-grid.
| INFO     | job0 | floorplan.macro_p... | 0 | [WARNING MPL-0002] Couldn't align pin sram/din0[21] from layer met4 to the track-grid.
| INFO     | job0 | floorplan.macro_p... | 0 | [WARNING MPL-0002] Couldn't align pin sram/dout1[7] from layer met4 to the track-grid.
| INFO     | job0 | floorplan.macro_p... | 0 | [WARNING MPL-0002] Couldn't align pin sram/dout0[7] from layer met4 to the track-grid.
| INFO     | job0 | floorplan.macro_p... | 0 | [WARNING MPL-0002] Couldn't align pin sram/din0[19] from layer met4 to the track-grid.
| INFO     | job0 | floorplan.macro_p... | 0 | [WARNING MPL-0002] Couldn't align pin sram/din0[18] from layer met4 to the track-grid.
| INFO     | job0 | floorplan.macro_p... | 0 | [WARNING MPL-0002] Couldn't align pin sram/dout0[6] from layer met4 to the track-grid.
| INFO     | job0 | floorplan.macro_p... | 0 | [WARNING MPL-0002] Couldn't align pin sram/dout1[6] from layer met4 to the track-grid.
| INFO     | job0 | floorplan.macro_p... | 0 | [WARNING MPL-0002] Couldn't align pin sram/din0[17] from layer met4 to the track-grid.
| INFO     | job0 | floorplan.macro_p... | 0 | [WARNING MPL-0002] Couldn't align pin sram/din0[16] from layer met4 to the track-grid.
| INFO     | job0 | floorplan.macro_p... | 0 | [WARNING MPL-0002] Couldn't align pin sram/dout1[5] from layer met4 to the track-grid.
| INFO     | job0 | floorplan.macro_p... | 0 | [WARNING MPL-0002] Couldn't align pin sram/dout0[5] from layer met4 to the track-grid.
| INFO     | job0 | floorplan.macro_p... | 0 | [WARNING MPL-0002] Couldn't align pin sram/din0[15] from layer met4 to the track-grid.
| INFO     | job0 | floorplan.macro_p... | 0 | [WARNING MPL-0002] Couldn't align pin sram/din0[14] from layer met4 to the track-grid.
| INFO     | job0 | floorplan.macro_p... | 0 | [WARNING MPL-0002] Couldn't align pin sram/dout1[4] from layer met4 to the track-grid.
| INFO     | job0 | floorplan.macro_p... | 0 | [WARNING MPL-0002] Couldn't align pin sram/dout0[4] from layer met4 to the track-grid.
| INFO     | job0 | floorplan.macro_p... | 0 | [WARNING MPL-0002] Couldn't align pin sram/din0[13] from layer met4 to the track-grid.
| INFO     | job0 | floorplan.macro_p... | 0 | [WARNING MPL-0002] Couldn't align pin sram/dout1[3] from layer met4 to the track-grid.
| INFO     | job0 | floorplan.macro_p... | 0 | [WARNING MPL-0002] Couldn't align pin sram/dout0[3] from layer met4 to the track-grid.
| INFO     | job0 | floorplan.macro_p... | 0 | [WARNING MPL-0002] Couldn't align pin sram/din0[11] from layer met4 to the track-grid.
| INFO     | job0 | floorplan.macro_p... | 0 | [WARNING MPL-0002] Couldn't align pin sram/din0[10] from layer met4 to the track-grid.
| INFO     | job0 | floorplan.macro_p... | 0 | [WARNING MPL-0002] Couldn't align pin sram/dout0[2] from layer met4 to the track-grid.
| INFO     | job0 | floorplan.macro_p... | 0 | [WARNING MPL-0002] Couldn't align pin sram/din0[9] from layer met4 to the track-grid.
| INFO     | job0 | floorplan.macro_p... | 0 | [WARNING MPL-0002] Couldn't align pin sram/dout1[2] from layer met4 to the track-grid.
| INFO     | job0 | floorplan.macro_p... | 0 | [WARNING MPL-0002] Couldn't align pin sram/din0[8] from layer met4 to the track-grid.
| INFO     | job0 | floorplan.macro_p... | 0 | [WARNING MPL-0002] Couldn't align pin sram/din0[7] from layer met4 to the track-grid.
| INFO     | job0 | floorplan.macro_p... | 0 | [WARNING MPL-0002] Couldn't align pin sram/dout1[1] from layer met4 to the track-grid.
| INFO     | job0 | floorplan.macro_p... | 0 | [WARNING MPL-0002] Couldn't align pin sram/din0[6] from layer met4 to the track-grid.
| INFO     | job0 | floorplan.macro_p... | 0 | [WARNING MPL-0002] Couldn't align pin sram/dout1[0] from layer met4 to the track-grid.
| INFO     | job0 | floorplan.macro_p... | 0 | [WARNING MPL-0002] Couldn't align pin sram/din0[5] from layer met4 to the track-grid.
| INFO     | job0 | floorplan.macro_p... | 0 | [WARNING MPL-0002] Couldn't align pin sram/dout0[0] from layer met4 to the track-grid.
| INFO     | job0 | floorplan.macro_p... | 0 | [WARNING MPL-0002] Couldn't align pin sram/din0[3] from layer met4 to the track-grid.
| INFO     | job0 | floorplan.macro_p... | 0 | [WARNING MPL-0002] Couldn't align pin sram/din0[2] from layer met4 to the track-grid.
| INFO     | job0 | floorplan.macro_p... | 0 | [WARNING MPL-0002] Couldn't align pin sram/din0[1] from layer met4 to the track-grid.
| INFO     | job0 | floorplan.macro_p... | 0 | [WARNING MPL-0002] Couldn't align pin sram/din0[0] from layer met4 to the track-grid.
| INFO     | job0 | floorplan.macro_p... | 0 | [WARNING MPL-0002] Couldn't align pin sram/wmask0[3] from layer met4 to the track-grid.
| INFO     | job0 | floorplan.macro_p... | 0 | [WARNING MPL-0002] Couldn't align pin sram/wmask0[2] from layer met4 to the track-grid.
| INFO     | job0 | floorplan.macro_p... | 0 | [WARNING MPL-0002] Couldn't align pin sram/wmask0[1] from layer met4 to the track-grid.
| INFO     | job0 | floorplan.macro_p... | 0 | [WARNING MPL-0002] Couldn't align pin sram/addr0[1] from layer met4 to the track-grid.
| INFO     | job0 | floorplan.macro_p... | 0 | [WARNING MPL-0002] Couldn't align pin sram/addr0[0] from layer met4 to the track-grid.
| INFO     | job0 | floorplan.macro_p... | 0 | [INFO FLW-0001] Removed 0 blockages created during macro placement
| INFO     | job0 | floorplan.macro_p... | 0 | Macro placement information:
| INFO     | job0 | floorplan.macro_p... | 0 |   sram (sky130_sram_2kbyte_1rw1r_32x512_8): LOCKED at (50.83 um, 51.15 um) R180
| INFO     | job0 | floorplan.macro_p... | 0 | Writing database: outputs/picorv32_top.odb.gz
| INFO     | job0 | floorplan.macro_p... | 0 | Writing DEF: outputs/picorv32_top.def.gz
| INFO     | job0 | floorplan.macro_p... | 0 | Writing netlist: outputs/picorv32_top.vg
| INFO     | job0 | floorplan.macro_p... | 0 | Writing LEC netlist: outputs/picorv32_top.lec.vg
| INFO     | job0 | floorplan.macro_p... | 0 | Writing SDC: outputs/picorv32_top.sdc
| INFO     | job0 | floorplan.macro_p... | 0 | SC_METRIC: report_checks -path_delay max
| INFO     | job0 | floorplan.macro_p... | 0 | Startpoint: _8936_ (rising edge-triggered flip-flop clocked by clk)
| INFO     | job0 | floorplan.macro_p... | 0 | Endpoint: pcpi_rs1[19]$_DFFE_PP_
| INFO     | job0 | floorplan.macro_p... | 0 |           (rising edge-triggered flip-flop clocked by clk)
| INFO     | job0 | floorplan.macro_p... | 0 | Path Group: clk
| INFO     | job0 | floorplan.macro_p... | 0 | Path Type: max
| INFO     | job0 | floorplan.macro_p... | 0 | Corner: slow
| INFO     | job0 | floorplan.macro_p... | 0 | 
| INFO     | job0 | floorplan.macro_p... | 0 | Fanout     Cap    Slew   Delay    Time   Description
| INFO     | job0 | floorplan.macro_p... | 0 | -----------------------------------------------------------------------------
| INFO     | job0 | floorplan.macro_p... | 0 |                   0.00    0.00    0.00   clock clk (rise edge)
| INFO     | job0 | floorplan.macro_p... | 0 |                           0.00    0.00   clock network delay (ideal)
| INFO     | job0 | floorplan.macro_p... | 0 |                   0.00    0.00    0.00 ^ _8936_/CLK (sky130_fd_sc_hd__dfxtp_1)
| INFO     | job0 | floorplan.macro_p... | 0 |    254    1.25   39.58   30.71   30.71 ^ _8936_/Q (sky130_fd_sc_hd__dfxtp_1)
| INFO     | job0 | floorplan.macro_p... | 0 |                                          _0000_ (net)
| INFO     | job0 | floorplan.macro_p... | 0 |                  39.58    0.00   30.71 ^ _5985_/A (sky130_fd_sc_hd__inv_1)
| INFO     | job0 | floorplan.macro_p... | 0 |     14    0.03    5.36   15.24   45.95 v _5985_/Y (sky130_fd_sc_hd__inv_1)
| INFO     | job0 | floorplan.macro_p... | 0 |                                          _1840_ (net)
| INFO     | job0 | floorplan.macro_p... | 0 |                   5.36    0.00   45.95 v _7074_/B1 (sky130_fd_sc_hd__a21oi_1)
| INFO     | job0 | floorplan.macro_p... | 0 |      1    0.00    0.80    3.12   49.07 ^ _7074_/Y (sky130_fd_sc_hd__a21oi_1)
| INFO     | job0 | floorplan.macro_p... | 0 |                                          _2850_ (net)
| INFO     | job0 | floorplan.macro_p... | 0 |                   0.80    0.00   49.07 ^ _7075_/A2 (sky130_fd_sc_hd__a21oi_1)
| INFO     | job0 | floorplan.macro_p... | 0 |      1    0.00    0.58    0.47   49.53 v _7075_/Y (sky130_fd_sc_hd__a21oi_1)
| INFO     | job0 | floorplan.macro_p... | 0 |                                          _2851_ (net)
| INFO     | job0 | floorplan.macro_p... | 0 |                   0.58    0.00   49.53 v _7077_/A2 (sky130_fd_sc_hd__a22oi_1)
| INFO     | job0 | floorplan.macro_p... | 0 |      1    0.00    0.44    0.86   50.39 ^ _7077_/Y (sky130_fd_sc_hd__a22oi_1)
| INFO     | job0 | floorplan.macro_p... | 0 |                                          _2853_ (net)
| INFO     | job0 | floorplan.macro_p... | 0 |                   0.44    0.00   50.39 ^ _7084_/A1 (sky130_fd_sc_hd__mux4_2)
| INFO     | job0 | floorplan.macro_p... | 0 |      1    0.00    0.17    0.87   51.26 ^ _7084_/X (sky130_fd_sc_hd__mux4_2)
| INFO     | job0 | floorplan.macro_p... | 0 |                                          _2860_ (net)
| INFO     | job0 | floorplan.macro_p... | 0 |                   0.17    0.00   51.26 ^ _7085_/B (sky130_fd_sc_hd__nor2_1)
| INFO     | job0 | floorplan.macro_p... | 0 |      1    0.00    0.10    0.12   51.38 v _7085_/Y (sky130_fd_sc_hd__nor2_1)
| INFO     | job0 | floorplan.macro_p... | 0 |                                          _2861_ (net)
| INFO     | job0 | floorplan.macro_p... | 0 |                   0.10    0.00   51.38 v _7089_/B1 (sky130_fd_sc_hd__a211oi_1)
| INFO     | job0 | floorplan.macro_p... | 0 |      1    0.00    0.56    0.75   52.13 ^ _7089_/Y (sky130_fd_sc_hd__a211oi_1)
| INFO     | job0 | floorplan.macro_p... | 0 |                                          _2865_ (net)
| INFO     | job0 | floorplan.macro_p... | 0 |                   0.56    0.00   52.13 ^ _7090_/B1 (sky130_fd_sc_hd__o21ai_0)
| INFO     | job0 | floorplan.macro_p... | 0 |      1    0.00    0.32    0.38   52.51 v _7090_/Y (sky130_fd_sc_hd__o21ai_0)
| INFO     | job0 | floorplan.macro_p... | 0 |                                          _4375_ (net)
| INFO     | job0 | floorplan.macro_p... | 0 |                   0.32    0.00   52.51 v pcpi_rs1[19]$_DFFE_PP_/D (sky130_fd_sc_hd__edfxtp_1)
| INFO     | job0 | floorplan.macro_p... | 0 |                                  52.51   data arrival time
| INFO     | job0 | floorplan.macro_p... | 0 | 
| INFO     | job0 | floorplan.macro_p... | 0 |                   0.00   25.00   25.00   clock clk (rise edge)
| INFO     | job0 | floorplan.macro_p... | 0 |                           0.00   25.00   clock network delay (ideal)
| INFO     | job0 | floorplan.macro_p... | 0 |                           0.00   25.00   clock reconvergence pessimism
| INFO     | job0 | floorplan.macro_p... | 0 |                                  25.00 ^ pcpi_rs1[19]$_DFFE_PP_/CLK (sky130_fd_sc_hd__edfxtp_1)
| INFO     | job0 | floorplan.macro_p... | 0 |                          -1.53   23.47   library setup time
| INFO     | job0 | floorplan.macro_p... | 0 |                                  23.47   data required time
| INFO     | job0 | floorplan.macro_p... | 0 | -----------------------------------------------------------------------------
| INFO     | job0 | floorplan.macro_p... | 0 |                                  23.47   data required time
| INFO     | job0 | floorplan.macro_p... | 0 |                                 -52.51   data arrival time
| INFO     | job0 | floorplan.macro_p... | 0 | -----------------------------------------------------------------------------
| INFO     | job0 | floorplan.macro_p... | 0 |                                 -29.04   slack (VIOLATED)
| INFO     | job0 | floorplan.macro_p... | 0 | 
| INFO     | job0 | floorplan.macro_p... | 0 | 
| INFO     | job0 | floorplan.macro_p... | 0 | SC_METRIC: setupslack
| INFO     | job0 | floorplan.macro_p... | 0 | worst slack max -29.04
| INFO     | job0 | floorplan.macro_p... | 0 | SC_METRIC: tns
| INFO     | job0 | floorplan.macro_p... | 0 | tns max -1864.09
| INFO     | job0 | floorplan.macro_p... | 0 | SC_METRIC: unconstrained
| INFO     | job0 | floorplan.macro_p... | 0 | Startpoint: clk (clock source 'clk')
| INFO     | job0 | floorplan.macro_p... | 0 | Endpoint: sram/clk0 (internal pin)
| INFO     | job0 | floorplan.macro_p... | 0 | Path Group: unconstrained
| INFO     | job0 | floorplan.macro_p... | 0 | Path Type: max
| INFO     | job0 | floorplan.macro_p... | 0 | Corner: fast
| INFO     | job0 | floorplan.macro_p... | 0 | 
| INFO     | job0 | floorplan.macro_p... | 0 | Fanout     Cap    Slew   Delay    Time   Description
| INFO     | job0 | floorplan.macro_p... | 0 | -----------------------------------------------------------------------------
| INFO     | job0 | floorplan.macro_p... | 0 |   1576    2.90    0.00    0.00   12.50 v clk (in)
| INFO     | job0 | floorplan.macro_p... | 0 |                                          clk (net)
| INFO     | job0 | floorplan.macro_p... | 0 |                   0.00    0.00   12.50 v sram/clk0 (sky130_sram_2kbyte_1rw1r_32x512_8)
| INFO     | job0 | floorplan.macro_p... | 0 |                                  12.50   data arrival time
| INFO     | job0 | floorplan.macro_p... | 0 | -----------------------------------------------------------------------------
| INFO     | job0 | floorplan.macro_p... | 0 | (Path is unconstrained)
| INFO     | job0 | floorplan.macro_p... | 0 | 
| INFO     | job0 | floorplan.macro_p... | 0 | 
| INFO     | job0 | floorplan.macro_p... | 0 | SC_METRIC: floating nets
| INFO     | job0 | floorplan.macro_p... | 0 | Reporting floating nets: reports/floating_nets.rpt
| INFO     | job0 | floorplan.macro_p... | 0 | SC_METRIC: overdriven nets
| INFO     | job0 | floorplan.macro_p... | 0 | Reporting overdriven nets: reports/overdriven_nets.rpt
| INFO     | job0 | floorplan.macro_p... | 0 | Reporting overdriven nets: reports/overdriven_nets_with_parallel.rpt
| INFO     | job0 | floorplan.macro_p... | 0 | Clock                   Period          Waveform
| INFO     | job0 | floorplan.macro_p... | 0 | ----------------------------------------------------
| INFO     | job0 | floorplan.macro_p... | 0 | clk                      25.00        0.00     12.50
| INFO     | job0 | floorplan.macro_p... | 0 | SC_METRIC: cellarea
| INFO     | job0 | floorplan.macro_p... | 0 | Design area 360968 um^2 38% utilization.
| INFO     | job0 | floorplan.macro_p... | 0 | Cell type report:                       Count       Area
| INFO     | job0 | floorplan.macro_p... | 0 |   Macro                                     1  284538.47
| INFO     | job0 | floorplan.macro_p... | 0 |   Inverter                                 95     356.59
| INFO     | job0 | floorplan.macro_p... | 0 |   Sequential cell                        1574   44082.28
| INFO     | job0 | floorplan.macro_p... | 0 |   Multi-Input combinational cell         4035   31990.68
| INFO     | job0 | floorplan.macro_p... | 0 |   Total                                  5705  360968.03
| INFO     | job0 | floorplan.macro_p... | 0 | 
| INFO     | job0 | floorplan.macro_p... | 0 | Cell instance report:
| INFO     | job0 | floorplan.macro_p... | 0 |   sky130_sram_2kbyte_1rw1r_32x512_8         1  284538.47
| INFO     | job0 | floorplan.macro_p... | 0 |   sky130_fd_sc_hd__a2111oi_0                1       8.76
| INFO     | job0 | floorplan.macro_p... | 0 |   sky130_fd_sc_hd__a211o_1                 10      87.58
| INFO     | job0 | floorplan.macro_p... | 0 |   sky130_fd_sc_hd__a211oi_1                26     195.19
| INFO     | job0 | floorplan.macro_p... | 0 |   sky130_fd_sc_hd__a211oi_2                 3      37.54
| INFO     | job0 | floorplan.macro_p... | 0 |   sky130_fd_sc_hd__a21bo_2                  1      10.01
| INFO     | job0 | floorplan.macro_p... | 0 |   sky130_fd_sc_hd__a21boi_0                 2      15.01
| INFO     | job0 | floorplan.macro_p... | 0 |   sky130_fd_sc_hd__a21o_1                  58     435.42
| INFO     | job0 | floorplan.macro_p... | 0 |   sky130_fd_sc_hd__a21oi_1                310    1551.49
| INFO     | job0 | floorplan.macro_p... | 0 |   sky130_fd_sc_hd__a221o_1                  5      50.05
| INFO     | job0 | floorplan.macro_p... | 0 |   sky130_fd_sc_hd__a221oi_1                21     183.93
| INFO     | job0 | floorplan.macro_p... | 0 |   sky130_fd_sc_hd__a222oi_1                39     390.37
| INFO     | job0 | floorplan.macro_p... | 0 |   sky130_fd_sc_hd__a22o_1                  30     262.75
| INFO     | job0 | floorplan.macro_p... | 0 |   sky130_fd_sc_hd__a22oi_1                 48     360.35
| INFO     | job0 | floorplan.macro_p... | 0 |   sky130_fd_sc_hd__a311o_1                  7      70.07
| INFO     | job0 | floorplan.macro_p... | 0 |   sky130_fd_sc_hd__a311oi_1                16     140.13
| INFO     | job0 | floorplan.macro_p... | 0 |   sky130_fd_sc_hd__a311oi_2                 2      30.03
| INFO     | job0 | floorplan.macro_p... | 0 |   sky130_fd_sc_hd__a31o_1                   5      43.79
| INFO     | job0 | floorplan.macro_p... | 0 |   sky130_fd_sc_hd__a31oi_1                 60     375.36
| INFO     | job0 | floorplan.macro_p... | 0 |   sky130_fd_sc_hd__a32o_1                   8      80.08
| INFO     | job0 | floorplan.macro_p... | 0 |   sky130_fd_sc_hd__a32oi_1                  3      26.28
| INFO     | job0 | floorplan.macro_p... | 0 |   sky130_fd_sc_hd__a41o_1                   2      20.02
| INFO     | job0 | floorplan.macro_p... | 0 |   sky130_fd_sc_hd__a41oi_1                  1       8.76
| INFO     | job0 | floorplan.macro_p... | 0 |   sky130_fd_sc_hd__and2_0                  25     156.40
| INFO     | job0 | floorplan.macro_p... | 0 |   sky130_fd_sc_hd__and2_1                  60     375.36
| INFO     | job0 | floorplan.macro_p... | 0 |   sky130_fd_sc_hd__and3_1                  49     306.54
| INFO     | job0 | floorplan.macro_p... | 0 |   sky130_fd_sc_hd__and4_1                  29     253.99
| INFO     | job0 | floorplan.macro_p... | 0 |   sky130_fd_sc_hd__clkinv_1                 1       3.75
| INFO     | job0 | floorplan.macro_p... | 0 |   sky130_fd_sc_hd__conb_1                   2       7.51
| INFO     | job0 | floorplan.macro_p... | 0 |   sky130_fd_sc_hd__dfxtp_1                318    6366.11
| INFO     | job0 | floorplan.macro_p... | 0 |   sky130_fd_sc_hd__edfxtp_1              1256   37716.17
| INFO     | job0 | floorplan.macro_p... | 0 |   sky130_fd_sc_hd__inv_1                   91     341.58
| INFO     | job0 | floorplan.macro_p... | 0 |   sky130_fd_sc_hd__inv_2                    3      11.26
| INFO     | job0 | floorplan.macro_p... | 0 |   sky130_fd_sc_hd__maj3_1                  13     130.12
| INFO     | job0 | floorplan.macro_p... | 0 |   sky130_fd_sc_hd__maj3_2                   6      67.56
| INFO     | job0 | floorplan.macro_p... | 0 |   sky130_fd_sc_hd__mux2_2                  46     518.00
| INFO     | job0 | floorplan.macro_p... | 0 |   sky130_fd_sc_hd__mux2i_1                 80     800.77
| INFO     | job0 | floorplan.macro_p... | 0 |   sky130_fd_sc_hd__mux4_2                 529   11913.93
| INFO     | job0 | floorplan.macro_p... | 0 |   sky130_fd_sc_hd__nand2_1                531    1993.16
| INFO     | job0 | floorplan.macro_p... | 0 |   sky130_fd_sc_hd__nand2b_1                45     281.52
| INFO     | job0 | floorplan.macro_p... | 0 |   sky130_fd_sc_hd__nand3_1                 74     370.36
| INFO     | job0 | floorplan.macro_p... | 0 |   sky130_fd_sc_hd__nand3b_1                 9      67.56
| INFO     | job0 | floorplan.macro_p... | 0 |   sky130_fd_sc_hd__nand4_1                 23     143.89
| INFO     | job0 | floorplan.macro_p... | 0 |   sky130_fd_sc_hd__nand4b_1                 1       8.76
| INFO     | job0 | floorplan.macro_p... | 0 |   sky130_fd_sc_hd__nor2_1                 598    2244.65
| INFO     | job0 | floorplan.macro_p... | 0 |   sky130_fd_sc_hd__nor2b_1                 34     212.70
| INFO     | job0 | floorplan.macro_p... | 0 |   sky130_fd_sc_hd__nor3_1                 122     610.59
| INFO     | job0 | floorplan.macro_p... | 0 |   sky130_fd_sc_hd__nor3b_1                  3      22.52
| INFO     | job0 | floorplan.macro_p... | 0 |   sky130_fd_sc_hd__nor4_1                  24     150.14
| INFO     | job0 | floorplan.macro_p... | 0 |   sky130_fd_sc_hd__nor4b_1                  3      26.28
| INFO     | job0 | floorplan.macro_p... | 0 |   sky130_fd_sc_hd__o2111ai_1                1       8.76
| INFO     | job0 | floorplan.macro_p... | 0 |   sky130_fd_sc_hd__o211a_1                  1      10.01
| INFO     | job0 | floorplan.macro_p... | 0 |   sky130_fd_sc_hd__o211ai_1                31     232.72
| INFO     | job0 | floorplan.macro_p... | 0 |   sky130_fd_sc_hd__o21a_1                  32     240.23
| INFO     | job0 | floorplan.macro_p... | 0 |   sky130_fd_sc_hd__o21ai_0                550    2752.64
| INFO     | job0 | floorplan.macro_p... | 0 |   sky130_fd_sc_hd__o21ai_1                  5      25.02
| INFO     | job0 | floorplan.macro_p... | 0 |   sky130_fd_sc_hd__o21bai_1                 4      30.03
| INFO     | job0 | floorplan.macro_p... | 0 |   sky130_fd_sc_hd__o221a_2                  2      22.52
| INFO     | job0 | floorplan.macro_p... | 0 |   sky130_fd_sc_hd__o221ai_1                46     402.89
| INFO     | job0 | floorplan.macro_p... | 0 |   sky130_fd_sc_hd__o22a_1                   3      26.28
| INFO     | job0 | floorplan.macro_p... | 0 |   sky130_fd_sc_hd__o22ai_1                 36     225.22
| INFO     | job0 | floorplan.macro_p... | 0 |   sky130_fd_sc_hd__o2bb2ai_1                2      17.52
| INFO     | job0 | floorplan.macro_p... | 0 |   sky130_fd_sc_hd__o311a_1                  1      10.01
| INFO     | job0 | floorplan.macro_p... | 0 |   sky130_fd_sc_hd__o311ai_0                21     183.93
| INFO     | job0 | floorplan.macro_p... | 0 |   sky130_fd_sc_hd__o311ai_1                 4      35.03
| INFO     | job0 | floorplan.macro_p... | 0 |   sky130_fd_sc_hd__o311ai_2                 2      32.53
| INFO     | job0 | floorplan.macro_p... | 0 |   sky130_fd_sc_hd__o31a_1                   4      35.03
| INFO     | job0 | floorplan.macro_p... | 0 |   sky130_fd_sc_hd__o31ai_1                 30     225.22
| INFO     | job0 | floorplan.macro_p... | 0 |   sky130_fd_sc_hd__o32a_1                   2      20.02
| INFO     | job0 | floorplan.macro_p... | 0 |   sky130_fd_sc_hd__o32ai_1                 14     122.62
| INFO     | job0 | floorplan.macro_p... | 0 |   sky130_fd_sc_hd__o41ai_1                  1       8.76
| INFO     | job0 | floorplan.macro_p... | 0 |   sky130_fd_sc_hd__or2_1                   36     225.22
| INFO     | job0 | floorplan.macro_p... | 0 |   sky130_fd_sc_hd__or3_1                   28     175.17
| INFO     | job0 | floorplan.macro_p... | 0 |   sky130_fd_sc_hd__or3b_2                   3      26.28
| INFO     | job0 | floorplan.macro_p... | 0 |   sky130_fd_sc_hd__or4_1                   11      82.58
| INFO     | job0 | floorplan.macro_p... | 0 |   sky130_fd_sc_hd__or4b_2                   1      10.01
| INFO     | job0 | floorplan.macro_p... | 0 |   sky130_fd_sc_hd__xnor2_1                132    1156.11
| INFO     | job0 | floorplan.macro_p... | 0 |   sky130_fd_sc_hd__xnor2_2                  1      16.27
| INFO     | job0 | floorplan.macro_p... | 0 |   sky130_fd_sc_hd__xor2_1                  67     586.81
| WARNING  | job0 | floorplan.macro_p... | 0 |  40: [WARNING MPL-0002] Couldn't align pin sram/addr1[8] from layer met4 to the track-grid.
| WARNING  | job0 | floorplan.macro_p... | 0 |  41: [WARNING MPL-0002] Couldn't align pin sram/addr1[7] from layer met4 to the track-grid.
| WARNING  | job0 | floorplan.macro_p... | 0 |  42: [WARNING MPL-0002] Couldn't align pin sram/addr1[0] from layer met4 to the track-grid.
| WARNING  | job0 | floorplan.macro_p... | 0 |  43: [WARNING MPL-0002] Couldn't align pin sram/addr1[1] from layer met4 to the track-grid.
| WARNING  | job0 | floorplan.macro_p... | 0 |  44: [WARNING MPL-0002] Couldn't align pin sram/dout1[31] from layer met4 to the track-grid.
| WARNING  | job0 | floorplan.macro_p... | 0 |  45: [WARNING MPL-0002] Couldn't align pin sram/dout0[31] from layer met4 to the track-grid.
| WARNING  | job0 | floorplan.macro_p... | 0 |  46: [WARNING MPL-0002] Couldn't align pin sram/dout1[30] from layer met4 to the track-grid.
| WARNING  | job0 | floorplan.macro_p... | 0 |  47: [WARNING MPL-0002] Couldn't align pin sram/dout0[30] from layer met4 to the track-grid.
| WARNING  | job0 | floorplan.macro_p... | 0 |  48: [WARNING MPL-0002] Couldn't align pin sram/dout1[29] from layer met4 to the track-grid.
| WARNING  | job0 | floorplan.macro_p... | 0 |  49: [WARNING MPL-0002] Couldn't align pin sram/dout0[29] from layer met4 to the track-grid.
| WARNING  | job0 | floorplan.macro_p... | 0 |  50: [WARNING MPL-0002] Couldn't align pin sram/dout1[28] from layer met4 to the track-grid.
| WARNING  | job0 | floorplan.macro_p... | 0 |  51: [WARNING MPL-0002] Couldn't align pin sram/dout0[28] from layer met4 to the track-grid.
| WARNING  | job0 | floorplan.macro_p... | 0 |  52: [WARNING MPL-0002] Couldn't align pin sram/dout1[27] from layer met4 to the track-grid.
| WARNING  | job0 | floorplan.macro_p... | 0 |  53: [WARNING MPL-0002] Couldn't align pin sram/dout0[27] from layer met4 to the track-grid.
| WARNING  | job0 | floorplan.macro_p... | 0 |  54: [WARNING MPL-0002] Couldn't align pin sram/dout1[26] from layer met4 to the track-grid.
| WARNING  | job0 | floorplan.macro_p... | 0 |  55: [WARNING MPL-0002] Couldn't align pin sram/dout0[26] from layer met4 to the track-grid.
| WARNING  | job0 | floorplan.macro_p... | 0 |  56: [WARNING MPL-0002] Couldn't align pin sram/dout1[25] from layer met4 to the track-grid.
| WARNING  | job0 | floorplan.macro_p... | 0 |  57: [WARNING MPL-0002] Couldn't align pin sram/dout0[25] from layer met4 to the track-grid.
| WARNING  | job0 | floorplan.macro_p... | 0 |  58: [WARNING MPL-0002] Couldn't align pin sram/dout0[24] from layer met4 to the track-grid.
| WARNING  | job0 | floorplan.macro_p... | 0 |  59: [WARNING MPL-0002] Couldn't align pin sram/dout1[24] from layer met4 to the track-grid.
| WARNING  | job0 | floorplan.macro_p... | 0 |  60: [WARNING MPL-0002] Couldn't align pin sram/dout0[23] from layer met4 to the track-grid.
| WARNING  | job0 | floorplan.macro_p... | 0 |  61: [WARNING MPL-0002] Couldn't align pin sram/dout1[23] from layer met4 to the track-grid.
| WARNING  | job0 | floorplan.macro_p... | 0 |  62: [WARNING MPL-0002] Couldn't align pin sram/dout1[22] from layer met4 to the track-grid.
| WARNING  | job0 | floorplan.macro_p... | 0 |  63: [WARNING MPL-0002] Couldn't align pin sram/dout0[22] from layer met4 to the track-grid.
| WARNING  | job0 | floorplan.macro_p... | 0 |  64: [WARNING MPL-0002] Couldn't align pin sram/dout1[21] from layer met4 to the track-grid.
| WARNING  | job0 | floorplan.macro_p... | 0 |  65: [WARNING MPL-0002] Couldn't align pin sram/dout0[21] from layer met4 to the track-grid.
| WARNING  | job0 | floorplan.macro_p... | 0 |  66: [WARNING MPL-0002] Couldn't align pin sram/dout1[20] from layer met4 to the track-grid.
| WARNING  | job0 | floorplan.macro_p... | 0 |  67: [WARNING MPL-0002] Couldn't align pin sram/dout0[20] from layer met4 to the track-grid.
| WARNING  | job0 | floorplan.macro_p... | 0 |  68: [WARNING MPL-0002] Couldn't align pin sram/dout0[19] from layer met4 to the track-grid.
| WARNING  | job0 | floorplan.macro_p... | 0 |  69: [WARNING MPL-0002] Couldn't align pin sram/dout1[19] from layer met4 to the track-grid.
| WARNING  | job0 | floorplan.macro_p... | 0 |  70: [WARNING MPL-0002] Couldn't align pin sram/dout1[18] from layer met4 to the track-grid.
| WARNING  | job0 | floorplan.macro_p... | 0 |  71: [WARNING MPL-0002] Couldn't align pin sram/dout0[18] from layer met4 to the track-grid.
| WARNING  | job0 | floorplan.macro_p... | 0 |  72: [WARNING MPL-0002] Couldn't align pin sram/dout0[17] from layer met4 to the track-grid.
| WARNING  | job0 | floorplan.macro_p... | 0 |  73: [WARNING MPL-0002] Couldn't align pin sram/dout1[17] from layer met4 to the track-grid.
| WARNING  | job0 | floorplan.macro_p... | 0 |  74: [WARNING MPL-0002] Couldn't align pin sram/dout1[16] from layer met4 to the track-grid.
| WARNING  | job0 | floorplan.macro_p... | 0 |  75: [WARNING MPL-0002] Couldn't align pin sram/dout1[15] from layer met4 to the track-grid.
| WARNING  | job0 | floorplan.macro_p... | 0 |  76: [WARNING MPL-0002] Couldn't align pin sram/dout0[15] from layer met4 to the track-grid.
| WARNING  | job0 | floorplan.macro_p... | 0 |  77: [WARNING MPL-0002] Couldn't align pin sram/dout1[14] from layer met4 to the track-grid.
| WARNING  | job0 | floorplan.macro_p... | 0 |  78: [WARNING MPL-0002] Couldn't align pin sram/dout0[14] from layer met4 to the track-grid.
| WARNING  | job0 | floorplan.macro_p... | 0 |  79: [WARNING MPL-0002] Couldn't align pin sram/dout0[13] from layer met4 to the track-grid.
| WARNING  | job0 | floorplan.macro_p... | 0 |  80: [WARNING MPL-0002] Couldn't align pin sram/dout1[13] from layer met4 to the track-grid.
| WARNING  | job0 | floorplan.macro_p... | 0 |  81: [WARNING MPL-0002] Couldn't align pin sram/din0[31] from layer met4 to the track-grid.
| WARNING  | job0 | floorplan.macro_p... | 0 |  82: [WARNING MPL-0002] Couldn't align pin sram/dout0[12] from layer met4 to the track-grid.
| WARNING  | job0 | floorplan.macro_p... | 0 |  83: [WARNING MPL-0002] Couldn't align pin sram/dout1[12] from layer met4 to the track-grid.
| WARNING  | job0 | floorplan.macro_p... | 0 |  84: [WARNING MPL-0002] Couldn't align pin sram/din0[30] from layer met4 to the track-grid.
| WARNING  | job0 | floorplan.macro_p... | 0 |  85: [WARNING MPL-0002] Couldn't align pin sram/din0[29] from layer met4 to the track-grid.
| WARNING  | job0 | floorplan.macro_p... | 0 |  86: [WARNING MPL-0002] Couldn't align pin sram/dout1[11] from layer met4 to the track-grid.
| WARNING  | job0 | floorplan.macro_p... | 0 |  87: [WARNING MPL-0002] Couldn't align pin sram/dout0[11] from layer met4 to the track-grid.
| WARNING  | job0 | floorplan.macro_p... | 0 |  88: [WARNING MPL-0002] Couldn't align pin sram/din0[27] from layer met4 to the track-grid.
| WARNING  | job0 | floorplan.macro_p... | 0 |  89: [WARNING MPL-0002] Couldn't align pin sram/dout1[10] from layer met4 to the track-grid.
| WARNING  | job0 | floorplan.macro_p... | 0 |  90: [WARNING MPL-0002] Couldn't align pin sram/dout0[10] from layer met4 to the track-grid.
| WARNING  | job0 | floorplan.macro_p... | 0 |  91: [WARNING MPL-0002] Couldn't align pin sram/din0[26] from layer met4 to the track-grid.
| WARNING  | job0 | floorplan.macro_p... | 0 |  92: [WARNING MPL-0002] Couldn't align pin sram/din0[25] from layer met4 to the track-grid.
| WARNING  | job0 | floorplan.macro_p... | 0 |  93: [WARNING MPL-0002] Couldn't align pin sram/din0[24] from layer met4 to the track-grid.
| WARNING  | job0 | floorplan.macro_p... | 0 |  94: [WARNING MPL-0002] Couldn't align pin sram/dout1[9] from layer met4 to the track-grid.
| WARNING  | job0 | floorplan.macro_p... | 0 |  95: [WARNING MPL-0002] Couldn't align pin sram/dout0[9] from layer met4 to the track-grid.
| WARNING  | job0 | floorplan.macro_p... | 0 |  96: [WARNING MPL-0002] Couldn't align pin sram/din0[23] from layer met4 to the track-grid.
| WARNING  | job0 | floorplan.macro_p... | 0 |  97: [WARNING MPL-0002] Couldn't align pin sram/din0[22] from layer met4 to the track-grid.
| WARNING  | job0 | floorplan.macro_p... | 0 |  98: [WARNING MPL-0002] Couldn't align pin sram/dout1[8] from layer met4 to the track-grid.
| WARNING  | job0 | floorplan.macro_p... | 0 |  99: [WARNING MPL-0002] Couldn't align pin sram/dout0[8] from layer met4 to the track-grid.
| WARNING  | job0 | floorplan.macro_p... | 0 | 100: [WARNING MPL-0002] Couldn't align pin sram/din0[21] from layer met4 to the track-grid.
| WARNING  | job0 | floorplan.macro_p... | 0 | 101: [WARNING MPL-0002] Couldn't align pin sram/dout1[7] from layer met4 to the track-grid.
| WARNING  | job0 | floorplan.macro_p... | 0 | 102: [WARNING MPL-0002] Couldn't align pin sram/dout0[7] from layer met4 to the track-grid.
| WARNING  | job0 | floorplan.macro_p... | 0 | 103: [WARNING MPL-0002] Couldn't align pin sram/din0[19] from layer met4 to the track-grid.
| WARNING  | job0 | floorplan.macro_p... | 0 | 104: [WARNING MPL-0002] Couldn't align pin sram/din0[18] from layer met4 to the track-grid.
| WARNING  | job0 | floorplan.macro_p... | 0 | 105: [WARNING MPL-0002] Couldn't align pin sram/dout0[6] from layer met4 to the track-grid.
| WARNING  | job0 | floorplan.macro_p... | 0 | 106: [WARNING MPL-0002] Couldn't align pin sram/dout1[6] from layer met4 to the track-grid.
| WARNING  | job0 | floorplan.macro_p... | 0 | 107: [WARNING MPL-0002] Couldn't align pin sram/din0[17] from layer met4 to the track-grid.
| WARNING  | job0 | floorplan.macro_p... | 0 | 108: [WARNING MPL-0002] Couldn't align pin sram/din0[16] from layer met4 to the track-grid.
| WARNING  | job0 | floorplan.macro_p... | 0 | 109: [WARNING MPL-0002] Couldn't align pin sram/dout1[5] from layer met4 to the track-grid.
| WARNING  | job0 | floorplan.macro_p... | 0 | 110: [WARNING MPL-0002] Couldn't align pin sram/dout0[5] from layer met4 to the track-grid.
| WARNING  | job0 | floorplan.macro_p... | 0 | 111: [WARNING MPL-0002] Couldn't align pin sram/din0[15] from layer met4 to the track-grid.
| WARNING  | job0 | floorplan.macro_p... | 0 | 112: [WARNING MPL-0002] Couldn't align pin sram/din0[14] from layer met4 to the track-grid.
| WARNING  | job0 | floorplan.macro_p... | 0 | 113: [WARNING MPL-0002] Couldn't align pin sram/dout1[4] from layer met4 to the track-grid.
| WARNING  | job0 | floorplan.macro_p... | 0 | 114: [WARNING MPL-0002] Couldn't align pin sram/dout0[4] from layer met4 to the track-grid.
| WARNING  | job0 | floorplan.macro_p... | 0 | 115: [WARNING MPL-0002] Couldn't align pin sram/din0[13] from layer met4 to the track-grid.
| WARNING  | job0 | floorplan.macro_p... | 0 | 116: [WARNING MPL-0002] Couldn't align pin sram/dout1[3] from layer met4 to the track-grid.
| WARNING  | job0 | floorplan.macro_p... | 0 | 117: [WARNING MPL-0002] Couldn't align pin sram/dout0[3] from layer met4 to the track-grid.
| WARNING  | job0 | floorplan.macro_p... | 0 | 118: [WARNING MPL-0002] Couldn't align pin sram/din0[11] from layer met4 to the track-grid.
| WARNING  | job0 | floorplan.macro_p... | 0 | 119: [WARNING MPL-0002] Couldn't align pin sram/din0[10] from layer met4 to the track-grid.
| WARNING  | job0 | floorplan.macro_p... | 0 | 120: [WARNING MPL-0002] Couldn't align pin sram/dout0[2] from layer met4 to the track-grid.
| WARNING  | job0 | floorplan.macro_p... | 0 | 121: [WARNING MPL-0002] Couldn't align pin sram/din0[9] from layer met4 to the track-grid.
| WARNING  | job0 | floorplan.macro_p... | 0 | 122: [WARNING MPL-0002] Couldn't align pin sram/dout1[2] from layer met4 to the track-grid.
| WARNING  | job0 | floorplan.macro_p... | 0 | 123: [WARNING MPL-0002] Couldn't align pin sram/din0[8] from layer met4 to the track-grid.
| WARNING  | job0 | floorplan.macro_p... | 0 | 124: [WARNING MPL-0002] Couldn't align pin sram/din0[7] from layer met4 to the track-grid.
| WARNING  | job0 | floorplan.macro_p... | 0 | 125: [WARNING MPL-0002] Couldn't align pin sram/dout1[1] from layer met4 to the track-grid.
| WARNING  | job0 | floorplan.macro_p... | 0 | 126: [WARNING MPL-0002] Couldn't align pin sram/din0[6] from layer met4 to the track-grid.
| WARNING  | job0 | floorplan.macro_p... | 0 | 127: [WARNING MPL-0002] Couldn't align pin sram/dout1[0] from layer met4 to the track-grid.
| WARNING  | job0 | floorplan.macro_p... | 0 | 128: [WARNING MPL-0002] Couldn't align pin sram/din0[5] from layer met4 to the track-grid.
| WARNING  | job0 | floorplan.macro_p... | 0 | 129: [WARNING MPL-0002] Couldn't align pin sram/dout0[0] from layer met4 to the track-grid.
| WARNING  | job0 | floorplan.macro_p... | 0 | 130: [WARNING MPL-0002] Couldn't align pin sram/din0[3] from layer met4 to the track-grid.
| WARNING  | job0 | floorplan.macro_p... | 0 | 131: [WARNING MPL-0002] Couldn't align pin sram/din0[2] from layer met4 to the track-grid.
| WARNING  | job0 | floorplan.macro_p... | 0 | 132: [WARNING MPL-0002] Couldn't align pin sram/din0[1] from layer met4 to the track-grid.
| WARNING  | job0 | floorplan.macro_p... | 0 | 133: [WARNING MPL-0002] Couldn't align pin sram/din0[0] from layer met4 to the track-grid.
| WARNING  | job0 | floorplan.macro_p... | 0 | 134: [WARNING MPL-0002] Couldn't align pin sram/wmask0[3] from layer met4 to the track-grid.
| WARNING  | job0 | floorplan.macro_p... | 0 | 135: [WARNING MPL-0002] Couldn't align pin sram/wmask0[2] from layer met4 to the track-grid.
| WARNING  | job0 | floorplan.macro_p... | 0 | 136: [WARNING MPL-0002] Couldn't align pin sram/wmask0[1] from layer met4 to the track-grid.
| WARNING  | job0 | floorplan.macro_p... | 0 | 137: [WARNING MPL-0002] Couldn't align pin sram/addr0[1] from layer met4 to the track-grid.
| WARNING  | job0 | floorplan.macro_p... | 0 | 138: [WARNING MPL-0002] Couldn't align pin sram/addr0[0] from layer met4 to the track-grid.
| INFO     | job0 | floorplan.macro_p... | 0 | Number of errors: 0
| INFO     | job0 | floorplan.macro_p... | 0 | Number of warnings: 99
| INFO     | job0 | floorplan.macro_p... | 0 | Finished task in 163.41s
