[WARNING STA-0503] report_checks -group_count is deprecated. Use -group_path_count instead.
Startpoint: cpu/latched_stalu$_SDFFE_PN0P_ (rising edge-triggered flip-flop)
Endpoint: cpu/reg_next_pc[31]$_SDFFE_PN0P_ (rising edge-triggered flip-flop)
Path Group: unconstrained
Path Type: max
Corner: slow

Fanout     Cap    Slew   Delay    Time   Description
-----------------------------------------------------------------------------
                  2.88    0.00    0.00 ^ cpu/latched_stalu$_SDFFE_PN0P_/CLK (sky130_fd_sc_hd__dfxtp_1)
     3    0.01    0.32    2.72    2.72 ^ cpu/latched_stalu$_SDFFE_PN0P_/Q (sky130_fd_sc_hd__dfxtp_1)
                                         _2675_ (net)
                  0.32    0.00    2.72 ^ place238/A (sky130_fd_sc_hd__buf_4)
    31    0.13    1.35    1.35    4.07 ^ place238/X (sky130_fd_sc_hd__buf_4)
                                         net238 (net)
                  1.35    0.00    4.07 ^ _6985_/S (sky130_fd_sc_hd__mux2_4)
     3    0.01    0.18    1.77    5.84 v _6985_/X (sky130_fd_sc_hd__mux2_4)
                                         _2798_ (net)
                  0.18    0.00    5.84 v _7966_/A1 (sky130_fd_sc_hd__mux2_2)
     2    0.01    0.19    1.39    7.23 v _7966_/X (sky130_fd_sc_hd__mux2_2)
                                         _3636_ (net)
                  0.19    0.00    7.23 v _7968_/B (sky130_fd_sc_hd__maj3_2)
     3    0.01    0.22    1.59    8.82 v _7968_/X (sky130_fd_sc_hd__maj3_2)
                                         _3638_ (net)
                  0.22    0.00    8.82 v _7971_/A2 (sky130_fd_sc_hd__a211oi_2)
     2    0.00    0.62    0.96    9.78 ^ _7971_/Y (sky130_fd_sc_hd__a211oi_2)
                                         _3641_ (net)
                  0.62    0.00    9.78 ^ _7974_/A3 (sky130_fd_sc_hd__o311ai_1)
     3    0.01    0.22    0.49   10.27 v _7974_/Y (sky130_fd_sc_hd__o311ai_1)
                                         _3644_ (net)
                  0.22    0.00   10.27 v _7977_/A3 (sky130_fd_sc_hd__a311oi_1)
     3    0.01    1.10    1.37   11.64 ^ _7977_/Y (sky130_fd_sc_hd__a311oi_1)
                                         _3647_ (net)
                  1.10    0.00   11.64 ^ _7980_/A3 (sky130_fd_sc_hd__o311ai_1)
     4    0.01    0.33    0.79   12.43 v _7980_/Y (sky130_fd_sc_hd__o311ai_1)
                                         _3650_ (net)
                  0.33    0.00   12.43 v _7983_/A3 (sky130_fd_sc_hd__a311oi_2)
     3    0.01    0.77    1.25   13.67 ^ _7983_/Y (sky130_fd_sc_hd__a311oi_2)
                                         _3653_ (net)
                  0.77    0.00   13.67 ^ _7986_/A3 (sky130_fd_sc_hd__o311ai_1)
     3    0.01    0.25    0.57   14.25 v _7986_/Y (sky130_fd_sc_hd__o311ai_1)
                                         _3656_ (net)
                  0.25    0.00   14.25 v _7988_/A3 (sky130_fd_sc_hd__a31oi_1)
     2    0.02    1.55    1.47   15.72 ^ _7988_/Y (sky130_fd_sc_hd__a31oi_1)
                                         _3658_ (net)
                  1.55    0.00   15.72 ^ _7990_/A2 (sky130_fd_sc_hd__o21bai_1)
     3    0.00    0.22    0.79   16.50 v _7990_/Y (sky130_fd_sc_hd__o21bai_1)
                                         _3660_ (net)
                  0.22    0.00   16.50 v _7993_/A2 (sky130_fd_sc_hd__a211o_1)
     3    0.00    0.16    1.36   17.86 v _7993_/X (sky130_fd_sc_hd__a211o_1)
                                         _3663_ (net)
                  0.16    0.00   17.86 v _7995_/A3 (sky130_fd_sc_hd__a31oi_1)
     3    0.01    0.92    0.96   18.82 ^ _7995_/Y (sky130_fd_sc_hd__a31oi_1)
                                         _3665_ (net)
                  0.92    0.00   18.82 ^ _8000_/A2 (sky130_fd_sc_hd__a211o_1)
     4    0.01    0.28    0.83   19.65 ^ _8000_/X (sky130_fd_sc_hd__a211o_1)
                                         _3670_ (net)
                  0.28    0.00   19.65 ^ _8001_/B (sky130_fd_sc_hd__nor2_1)
     2    0.00    0.19    0.20   19.85 v _8001_/Y (sky130_fd_sc_hd__nor2_1)
                                         _3671_ (net)
                  0.19    0.00   19.85 v _8003_/A2 (sky130_fd_sc_hd__a21o_1)
     2    0.01    0.15    0.79   20.64 v _8003_/X (sky130_fd_sc_hd__a21o_1)
                                         _3673_ (net)
                  0.15    0.00   20.64 v _8004_/B (sky130_fd_sc_hd__and2_1)
     4    0.01    0.14    0.70   21.34 v _8004_/X (sky130_fd_sc_hd__and2_1)
                                         _3674_ (net)
                  0.14    0.00   21.34 v _8006_/A3 (sky130_fd_sc_hd__a31o_1)
     2    0.00    0.11    0.91   22.25 v _8006_/X (sky130_fd_sc_hd__a31o_1)
                                         _3676_ (net)
                  0.11    0.00   22.25 v _8008_/A (sky130_fd_sc_hd__nand2_1)
     2    0.00    0.18    0.22   22.46 ^ _8008_/Y (sky130_fd_sc_hd__nand2_1)
                                         _3678_ (net)
                  0.18    0.00   22.46 ^ _8009_/B1 (sky130_fd_sc_hd__o21ai_1)
     2    0.01    0.21    0.24   22.71 v _8009_/Y (sky130_fd_sc_hd__o21ai_1)
                                         _3679_ (net)
                  0.21    0.00   22.71 v _8807_/C (sky130_fd_sc_hd__maj3_2)
     2    0.00    0.19    1.45   24.15 v _8807_/X (sky130_fd_sc_hd__maj3_2)
                                         _4273_ (net)
                  0.19    0.00   24.15 v _8811_/A1 (sky130_fd_sc_hd__o21a_1)
     1    0.00    0.10    0.81   24.96 v _8811_/X (sky130_fd_sc_hd__o21a_1)
                                         _4277_ (net)
                  0.10    0.00   24.97 v _8815_/A2 (sky130_fd_sc_hd__a21oi_1)
     1    0.00    0.51    0.61   25.58 ^ _8815_/Y (sky130_fd_sc_hd__a21oi_1)
                                         _4281_ (net)
                  0.51    0.00   25.58 ^ _8819_/A1 (sky130_fd_sc_hd__o21ai_0)
     1    0.00    0.16    0.42   26.00 v _8819_/Y (sky130_fd_sc_hd__o21ai_0)
                                         _0356_ (net)
                  0.16    0.00   26.00 v cpu/reg_next_pc[31]$_SDFFE_PN0P_/D (sky130_fd_sc_hd__dfxtp_1)
                                 26.00   data arrival time
-----------------------------------------------------------------------------
(Path is unconstrained)


Startpoint: cpu/decoder_trigger$_DFF_P_ (rising edge-triggered flip-flop)
Endpoint: cpu/count_instr[62]$_SDFFE_PN0P_ (rising edge-triggered flip-flop)
Path Group: unconstrained
Path Type: max
Corner: slow

Fanout     Cap    Slew   Delay    Time   Description
-----------------------------------------------------------------------------
                  2.88    0.00    0.00 ^ cpu/decoder_trigger$_DFF_P_/CLK (sky130_fd_sc_hd__dfxtp_1)
    35    0.06    2.03    3.99    3.99 ^ cpu/decoder_trigger$_DFF_P_/Q (sky130_fd_sc_hd__dfxtp_1)
                                         _3425_ (net)
                  2.03    0.00    3.99 ^ _8620_/D (sky130_fd_sc_hd__and4_1)
     4    0.01    0.41    1.59    5.59 ^ _8620_/X (sky130_fd_sc_hd__and4_1)
                                         _4149_ (net)
                  0.41    0.00    5.59 ^ _8621_/D (sky130_fd_sc_hd__and4_1)
     5    0.01    0.33    0.85    6.44 ^ _8621_/X (sky130_fd_sc_hd__and4_1)
                                         _4150_ (net)
                  0.33    0.00    6.44 ^ _8622_/D (sky130_fd_sc_hd__and4_1)
     5    0.01    0.33    0.82    7.26 ^ _8622_/X (sky130_fd_sc_hd__and4_1)
                                         _4151_ (net)
                  0.33    0.00    7.26 ^ _8623_/D (sky130_fd_sc_hd__and4_1)
     5    0.01    0.33    0.82    8.08 ^ _8623_/X (sky130_fd_sc_hd__and4_1)
                                         _4152_ (net)
                  0.33    0.00    8.08 ^ _8624_/D (sky130_fd_sc_hd__and4_1)
     5    0.01    0.33    0.82    8.90 ^ _8624_/X (sky130_fd_sc_hd__and4_1)
                                         _4153_ (net)
                  0.33    0.00    8.90 ^ _8625_/D (sky130_fd_sc_hd__and4_1)
     4    0.01    0.42    0.90    9.79 ^ _8625_/X (sky130_fd_sc_hd__and4_1)
                                         _4154_ (net)
                  0.42    0.00    9.79 ^ _8626_/D (sky130_fd_sc_hd__and4_1)
     5    0.01    0.33    0.86   10.65 ^ _8626_/X (sky130_fd_sc_hd__and4_1)
                                         _4155_ (net)
                  0.33    0.00   10.65 ^ _8627_/D (sky130_fd_sc_hd__and4_1)
     5    0.01    0.43    0.91   11.56 ^ _8627_/X (sky130_fd_sc_hd__and4_1)
                                         _4156_ (net)
                  0.43    0.00   11.56 ^ _8628_/D (sky130_fd_sc_hd__and4_1)
     5    0.01    0.37    0.91   12.47 ^ _8628_/X (sky130_fd_sc_hd__and4_1)
                                         _4157_ (net)
                  0.37    0.00   12.47 ^ _8629_/D (sky130_fd_sc_hd__and4_1)
     5    0.01    0.33    0.84   13.31 ^ _8629_/X (sky130_fd_sc_hd__and4_1)
                                         _4158_ (net)
                  0.33    0.00   13.31 ^ _8630_/D (sky130_fd_sc_hd__and4_1)
     5    0.01    0.39    0.87   14.18 ^ _8630_/X (sky130_fd_sc_hd__and4_1)
                                         _4159_ (net)
                  0.39    0.00   14.18 ^ _8631_/D (sky130_fd_sc_hd__and4_1)
     5    0.01    0.45    0.95   15.13 ^ _8631_/X (sky130_fd_sc_hd__and4_1)
                                         _4160_ (net)
                  0.45    0.00   15.13 ^ _8632_/D (sky130_fd_sc_hd__and4_1)
     5    0.01    0.48    1.00   16.13 ^ _8632_/X (sky130_fd_sc_hd__and4_1)
                                         _4161_ (net)
                  0.48    0.00   16.13 ^ _8633_/D (sky130_fd_sc_hd__nand4_1)
     2    0.01    0.26    0.50   16.62 v _8633_/Y (sky130_fd_sc_hd__nand4_1)
                                         _4162_ (net)
                  0.26    0.00   16.62 v _8634_/D (sky130_fd_sc_hd__nor4_2)
     5    0.01    1.24    1.17   17.79 ^ _8634_/Y (sky130_fd_sc_hd__nor4_2)
                                         _4163_ (net)
                  1.24    0.00   17.79 ^ _8635_/D (sky130_fd_sc_hd__nand4_1)
     5    0.01    0.56    1.06   18.85 v _8635_/Y (sky130_fd_sc_hd__nand4_1)
                                         _4164_ (net)
                  0.56    0.00   18.85 v _8636_/D (sky130_fd_sc_hd__nor4_1)
     4    0.01    1.59    1.61   20.46 ^ _8636_/Y (sky130_fd_sc_hd__nor4_1)
                                         _4165_ (net)
                  1.59    0.00   20.46 ^ _8637_/C (sky130_fd_sc_hd__and3_1)
     5    0.01    0.34    1.27   21.73 ^ _8637_/X (sky130_fd_sc_hd__and3_1)
                                         _4166_ (net)
                  0.34    0.00   21.73 ^ _8638_/D (sky130_fd_sc_hd__and4_1)
     6    0.01    0.42    0.90   22.63 ^ _8638_/X (sky130_fd_sc_hd__and4_1)
                                         _4167_ (net)
                  0.42    0.00   22.63 ^ _8639_/D (sky130_fd_sc_hd__and4_1)
     6    0.01    0.49    1.00   23.63 ^ _8639_/X (sky130_fd_sc_hd__and4_1)
                                         _4168_ (net)
                  0.49    0.00   23.63 ^ _8640_/D (sky130_fd_sc_hd__and4_1)
     4    0.01    0.31    0.88   24.50 ^ _8640_/X (sky130_fd_sc_hd__and4_1)
                                         _4169_ (net)
                  0.31    0.00   24.50 ^ _8641_/B (sky130_fd_sc_hd__and2_0)
     3    0.01    0.34    0.59   25.09 ^ _8641_/X (sky130_fd_sc_hd__and2_0)
                                         _4170_ (net)
                  0.34    0.00   25.09 ^ _8642_/A2 (sky130_fd_sc_hd__o21ai_0)
     1    0.00    0.18    0.34   25.43 v _8642_/Y (sky130_fd_sc_hd__o21ai_0)
                                         _4171_ (net)
                  0.18    0.00   25.43 v _8643_/B1 (sky130_fd_sc_hd__a21oi_1)
     1    0.00    0.37    0.48   25.91 ^ _8643_/Y (sky130_fd_sc_hd__a21oi_1)
                                         _0293_ (net)
                  0.37    0.00   25.91 ^ cpu/count_instr[62]$_SDFFE_PN0P_/D (sky130_fd_sc_hd__dfxtp_1)
                                 25.91   data arrival time
-----------------------------------------------------------------------------
(Path is unconstrained)


Startpoint: cpu/decoder_trigger$_DFF_P_ (rising edge-triggered flip-flop)
Endpoint: cpu/count_instr[63]$_SDFFE_PN0P_ (rising edge-triggered flip-flop)
Path Group: unconstrained
Path Type: max
Corner: slow

Fanout     Cap    Slew   Delay    Time   Description
-----------------------------------------------------------------------------
                  2.88    0.00    0.00 ^ cpu/decoder_trigger$_DFF_P_/CLK (sky130_fd_sc_hd__dfxtp_1)
    35    0.06    2.03    3.99    3.99 ^ cpu/decoder_trigger$_DFF_P_/Q (sky130_fd_sc_hd__dfxtp_1)
                                         _3425_ (net)
                  2.03    0.00    3.99 ^ _8620_/D (sky130_fd_sc_hd__and4_1)
     4    0.01    0.41    1.59    5.59 ^ _8620_/X (sky130_fd_sc_hd__and4_1)
                                         _4149_ (net)
                  0.41    0.00    5.59 ^ _8621_/D (sky130_fd_sc_hd__and4_1)
     5    0.01    0.33    0.85    6.44 ^ _8621_/X (sky130_fd_sc_hd__and4_1)
                                         _4150_ (net)
                  0.33    0.00    6.44 ^ _8622_/D (sky130_fd_sc_hd__and4_1)
     5    0.01    0.33    0.82    7.26 ^ _8622_/X (sky130_fd_sc_hd__and4_1)
                                         _4151_ (net)
                  0.33    0.00    7.26 ^ _8623_/D (sky130_fd_sc_hd__and4_1)
     5    0.01    0.33    0.82    8.08 ^ _8623_/X (sky130_fd_sc_hd__and4_1)
                                         _4152_ (net)
                  0.33    0.00    8.08 ^ _8624_/D (sky130_fd_sc_hd__and4_1)
     5    0.01    0.33    0.82    8.90 ^ _8624_/X (sky130_fd_sc_hd__and4_1)
                                         _4153_ (net)
                  0.33    0.00    8.90 ^ _8625_/D (sky130_fd_sc_hd__and4_1)
     4    0.01    0.42    0.90    9.79 ^ _8625_/X (sky130_fd_sc_hd__and4_1)
                                         _4154_ (net)
                  0.42    0.00    9.79 ^ _8626_/D (sky130_fd_sc_hd__and4_1)
     5    0.01    0.33    0.86   10.65 ^ _8626_/X (sky130_fd_sc_hd__and4_1)
                                         _4155_ (net)
                  0.33    0.00   10.65 ^ _8627_/D (sky130_fd_sc_hd__and4_1)
     5    0.01    0.43    0.91   11.56 ^ _8627_/X (sky130_fd_sc_hd__and4_1)
                                         _4156_ (net)
                  0.43    0.00   11.56 ^ _8628_/D (sky130_fd_sc_hd__and4_1)
     5    0.01    0.37    0.91   12.47 ^ _8628_/X (sky130_fd_sc_hd__and4_1)
                                         _4157_ (net)
                  0.37    0.00   12.47 ^ _8629_/D (sky130_fd_sc_hd__and4_1)
     5    0.01    0.33    0.84   13.31 ^ _8629_/X (sky130_fd_sc_hd__and4_1)
                                         _4158_ (net)
                  0.33    0.00   13.31 ^ _8630_/D (sky130_fd_sc_hd__and4_1)
     5    0.01    0.39    0.87   14.18 ^ _8630_/X (sky130_fd_sc_hd__and4_1)
                                         _4159_ (net)
                  0.39    0.00   14.18 ^ _8631_/D (sky130_fd_sc_hd__and4_1)
     5    0.01    0.45    0.95   15.13 ^ _8631_/X (sky130_fd_sc_hd__and4_1)
                                         _4160_ (net)
                  0.45    0.00   15.13 ^ _8632_/D (sky130_fd_sc_hd__and4_1)
     5    0.01    0.48    1.00   16.13 ^ _8632_/X (sky130_fd_sc_hd__and4_1)
                                         _4161_ (net)
                  0.48    0.00   16.13 ^ _8633_/D (sky130_fd_sc_hd__nand4_1)
     2    0.01    0.26    0.50   16.62 v _8633_/Y (sky130_fd_sc_hd__nand4_1)
                                         _4162_ (net)
                  0.26    0.00   16.62 v _8634_/D (sky130_fd_sc_hd__nor4_2)
     5    0.01    1.24    1.17   17.79 ^ _8634_/Y (sky130_fd_sc_hd__nor4_2)
                                         _4163_ (net)
                  1.24    0.00   17.79 ^ _8635_/D (sky130_fd_sc_hd__nand4_1)
     5    0.01    0.56    1.06   18.85 v _8635_/Y (sky130_fd_sc_hd__nand4_1)
                                         _4164_ (net)
                  0.56    0.00   18.85 v _8636_/D (sky130_fd_sc_hd__nor4_1)
     4    0.01    1.59    1.61   20.46 ^ _8636_/Y (sky130_fd_sc_hd__nor4_1)
                                         _4165_ (net)
                  1.59    0.00   20.46 ^ _8637_/C (sky130_fd_sc_hd__and3_1)
     5    0.01    0.34    1.27   21.73 ^ _8637_/X (sky130_fd_sc_hd__and3_1)
                                         _4166_ (net)
                  0.34    0.00   21.73 ^ _8638_/D (sky130_fd_sc_hd__and4_1)
     6    0.01    0.42    0.90   22.63 ^ _8638_/X (sky130_fd_sc_hd__and4_1)
                                         _4167_ (net)
                  0.42    0.00   22.63 ^ _8639_/D (sky130_fd_sc_hd__and4_1)
     6    0.01    0.49    1.00   23.63 ^ _8639_/X (sky130_fd_sc_hd__and4_1)
                                         _4168_ (net)
                  0.49    0.00   23.63 ^ _8640_/D (sky130_fd_sc_hd__and4_1)
     4    0.01    0.31    0.88   24.50 ^ _8640_/X (sky130_fd_sc_hd__and4_1)
                                         _4169_ (net)
                  0.31    0.00   24.50 ^ _8824_/C (sky130_fd_sc_hd__nand3_1)
     1    0.01    0.20    0.35   24.86 v _8824_/Y (sky130_fd_sc_hd__nand3_1)
                                         _4287_ (net)
                  0.20    0.00   24.86 v _8825_/B (sky130_fd_sc_hd__xor2_1)
     1    0.00    0.11    0.66   25.52 v _8825_/X (sky130_fd_sc_hd__xor2_1)
                                         _4288_ (net)
                  0.11    0.00   25.52 v _8826_/B (sky130_fd_sc_hd__nor2_1)
     1    0.00    0.31    0.35   25.87 ^ _8826_/Y (sky130_fd_sc_hd__nor2_1)
                                         _0359_ (net)
                  0.31    0.00   25.87 ^ cpu/count_instr[63]$_SDFFE_PN0P_/D (sky130_fd_sc_hd__dfxtp_1)
                                 25.87   data arrival time
-----------------------------------------------------------------------------
(Path is unconstrained)


Startpoint: cpu/latched_stalu$_SDFFE_PN0P_ (rising edge-triggered flip-flop)
Endpoint: cpu/reg_next_pc[28]$_SDFFE_PN0P_ (rising edge-triggered flip-flop)
Path Group: unconstrained
Path Type: max
Corner: slow

Fanout     Cap    Slew   Delay    Time   Description
-----------------------------------------------------------------------------
                  2.88    0.00    0.00 ^ cpu/latched_stalu$_SDFFE_PN0P_/CLK (sky130_fd_sc_hd__dfxtp_1)
     3    0.01    0.32    2.72    2.72 ^ cpu/latched_stalu$_SDFFE_PN0P_/Q (sky130_fd_sc_hd__dfxtp_1)
                                         _2675_ (net)
                  0.32    0.00    2.72 ^ place238/A (sky130_fd_sc_hd__buf_4)
    31    0.13    1.35    1.35    4.07 ^ place238/X (sky130_fd_sc_hd__buf_4)
                                         net238 (net)
                  1.35    0.00    4.07 ^ _6975_/S (sky130_fd_sc_hd__mux2_2)
     2    0.00    0.17    2.06    6.14 v _6975_/X (sky130_fd_sc_hd__mux2_2)
                                         _2791_ (net)
                  0.17    0.00    6.14 v _7887_/A1 (sky130_fd_sc_hd__mux2i_1)
     5    0.01    1.50    1.40    7.54 ^ _7887_/Y (sky130_fd_sc_hd__mux2i_1)
                                         _3562_ (net)
                  1.50    0.00    7.54 ^ _7962_/B (sky130_fd_sc_hd__xnor2_1)
     2    0.01    0.75    1.00    8.54 ^ _7962_/Y (sky130_fd_sc_hd__xnor2_1)
                                         _3632_ (net)
                  0.75    0.00    8.54 ^ _7963_/A (sky130_fd_sc_hd__inv_1)
     2    0.01    0.17    0.47    9.01 v _7963_/Y (sky130_fd_sc_hd__inv_1)
                                         _3633_ (net)
                  0.17    0.00    9.01 v _7974_/A1 (sky130_fd_sc_hd__o311ai_1)
     3    0.01    1.37    1.58   10.59 ^ _7974_/Y (sky130_fd_sc_hd__o311ai_1)
                                         _3644_ (net)
                  1.37    0.00   10.59 ^ _7977_/A3 (sky130_fd_sc_hd__a311oi_1)
     3    0.00    0.29    0.82   11.40 v _7977_/Y (sky130_fd_sc_hd__a311oi_1)
                                         _3647_ (net)
                  0.29    0.00   11.40 v _7980_/A3 (sky130_fd_sc_hd__o311ai_1)
     4    0.01    2.04    2.04   13.44 ^ _7980_/Y (sky130_fd_sc_hd__o311ai_1)
                                         _3650_ (net)
                  2.04    0.00   13.44 ^ _7983_/A3 (sky130_fd_sc_hd__a311oi_2)
     3    0.00    0.24    1.02   14.46 v _7983_/Y (sky130_fd_sc_hd__a311oi_2)
                                         _3653_ (net)
                  0.24    0.00   14.46 v _7986_/A3 (sky130_fd_sc_hd__o311ai_1)
     3    0.01    1.48    1.56   16.02 ^ _7986_/Y (sky130_fd_sc_hd__o311ai_1)
                                         _3656_ (net)
                  1.48    0.00   16.02 ^ _7988_/A3 (sky130_fd_sc_hd__a31oi_1)
     2    0.02    0.48    1.07   17.09 v _7988_/Y (sky130_fd_sc_hd__a31oi_1)
                                         _3658_ (net)
                  0.48    0.00   17.09 v _7990_/A2 (sky130_fd_sc_hd__o21bai_1)
     3    0.01    0.61    0.87   17.96 ^ _7990_/Y (sky130_fd_sc_hd__o21bai_1)
                                         _3660_ (net)
                  0.61    0.00   17.96 ^ _7993_/A2 (sky130_fd_sc_hd__a211o_1)
     3    0.00    0.18    0.61   18.57 ^ _7993_/X (sky130_fd_sc_hd__a211o_1)
                                         _3663_ (net)
                  0.18    0.00   18.57 ^ _7995_/A3 (sky130_fd_sc_hd__a31oi_1)
     3    0.01    0.32    0.33   18.90 v _7995_/Y (sky130_fd_sc_hd__a31oi_1)
                                         _3665_ (net)
                  0.32    0.00   18.90 v _8000_/A2 (sky130_fd_sc_hd__a211o_1)
     4    0.01    0.19    1.46   20.35 v _8000_/X (sky130_fd_sc_hd__a211o_1)
                                         _3670_ (net)
                  0.19    0.00   20.35 v _8001_/B (sky130_fd_sc_hd__nor2_1)
     2    0.00    0.40    0.46   20.81 ^ _8001_/Y (sky130_fd_sc_hd__nor2_1)
                                         _3671_ (net)
                  0.40    0.00   20.81 ^ _8003_/A2 (sky130_fd_sc_hd__a21o_1)
     2    0.01    0.33    0.61   21.43 ^ _8003_/X (sky130_fd_sc_hd__a21o_1)
                                         _3673_ (net)
                  0.33    0.00   21.43 ^ _8004_/B (sky130_fd_sc_hd__and2_1)
     4    0.01    0.36    0.63   22.06 ^ _8004_/X (sky130_fd_sc_hd__and2_1)
                                         _3674_ (net)
                  0.36    0.00   22.06 ^ _8054_/A2 (sky130_fd_sc_hd__a21oi_1)
     2    0.00    0.15    0.30   22.35 v _8054_/Y (sky130_fd_sc_hd__a21oi_1)
                                         _3722_ (net)
                  0.15    0.00   22.35 v _8055_/B (sky130_fd_sc_hd__nor2_1)
     3    0.01    0.95    0.87   23.22 ^ _8055_/Y (sky130_fd_sc_hd__nor2_1)
                                         _3723_ (net)
                  0.95    0.00   23.22 ^ _8056_/C (sky130_fd_sc_hd__nor3_1)
     1    0.00    0.15    0.45   23.68 v _8056_/Y (sky130_fd_sc_hd__nor3_1)
                                         _3724_ (net)
                  0.15    0.00   23.68 v _8060_/A1 (sky130_fd_sc_hd__o221ai_1)
     1    0.01    0.84    0.94   24.62 ^ _8060_/Y (sky130_fd_sc_hd__o221ai_1)
                                         _3728_ (net)
                  0.84    0.00   24.62 ^ _8061_/B1 (sky130_fd_sc_hd__o21ai_0)
     1    0.00    0.18    0.52   25.13 v _8061_/Y (sky130_fd_sc_hd__o21ai_0)
                                         _3729_ (net)
                  0.18    0.00   25.13 v _8062_/B (sky130_fd_sc_hd__nand2_1)
     1    0.00    0.11    0.22   25.36 ^ _8062_/Y (sky130_fd_sc_hd__nand2_1)
                                         _0153_ (net)
                  0.11    0.00   25.36 ^ cpu/reg_next_pc[28]$_SDFFE_PN0P_/D (sky130_fd_sc_hd__dfxtp_1)
                                 25.36   data arrival time
-----------------------------------------------------------------------------
(Path is unconstrained)


Startpoint: cpu/decoder_trigger$_DFF_P_ (rising edge-triggered flip-flop)
Endpoint: cpu/count_instr[61]$_SDFFE_PN0P_ (rising edge-triggered flip-flop)
Path Group: unconstrained
Path Type: max
Corner: slow

Fanout     Cap    Slew   Delay    Time   Description
-----------------------------------------------------------------------------
                  2.88    0.00    0.00 ^ cpu/decoder_trigger$_DFF_P_/CLK (sky130_fd_sc_hd__dfxtp_1)
    35    0.06    2.03    3.99    3.99 ^ cpu/decoder_trigger$_DFF_P_/Q (sky130_fd_sc_hd__dfxtp_1)
                                         _3425_ (net)
                  2.03    0.00    3.99 ^ _8620_/D (sky130_fd_sc_hd__and4_1)
     4    0.01    0.41    1.59    5.59 ^ _8620_/X (sky130_fd_sc_hd__and4_1)
                                         _4149_ (net)
                  0.41    0.00    5.59 ^ _8621_/D (sky130_fd_sc_hd__and4_1)
     5    0.01    0.33    0.85    6.44 ^ _8621_/X (sky130_fd_sc_hd__and4_1)
                                         _4150_ (net)
                  0.33    0.00    6.44 ^ _8622_/D (sky130_fd_sc_hd__and4_1)
     5    0.01    0.33    0.82    7.26 ^ _8622_/X (sky130_fd_sc_hd__and4_1)
                                         _4151_ (net)
                  0.33    0.00    7.26 ^ _8623_/D (sky130_fd_sc_hd__and4_1)
     5    0.01    0.33    0.82    8.08 ^ _8623_/X (sky130_fd_sc_hd__and4_1)
                                         _4152_ (net)
                  0.33    0.00    8.08 ^ _8624_/D (sky130_fd_sc_hd__and4_1)
     5    0.01    0.33    0.82    8.90 ^ _8624_/X (sky130_fd_sc_hd__and4_1)
                                         _4153_ (net)
                  0.33    0.00    8.90 ^ _8625_/D (sky130_fd_sc_hd__and4_1)
     4    0.01    0.42    0.90    9.79 ^ _8625_/X (sky130_fd_sc_hd__and4_1)
                                         _4154_ (net)
                  0.42    0.00    9.79 ^ _8626_/D (sky130_fd_sc_hd__and4_1)
     5    0.01    0.33    0.86   10.65 ^ _8626_/X (sky130_fd_sc_hd__and4_1)
                                         _4155_ (net)
                  0.33    0.00   10.65 ^ _8627_/D (sky130_fd_sc_hd__and4_1)
     5    0.01    0.43    0.91   11.56 ^ _8627_/X (sky130_fd_sc_hd__and4_1)
                                         _4156_ (net)
                  0.43    0.00   11.56 ^ _8628_/D (sky130_fd_sc_hd__and4_1)
     5    0.01    0.37    0.91   12.47 ^ _8628_/X (sky130_fd_sc_hd__and4_1)
                                         _4157_ (net)
                  0.37    0.00   12.47 ^ _8629_/D (sky130_fd_sc_hd__and4_1)
     5    0.01    0.33    0.84   13.31 ^ _8629_/X (sky130_fd_sc_hd__and4_1)
                                         _4158_ (net)
                  0.33    0.00   13.31 ^ _8630_/D (sky130_fd_sc_hd__and4_1)
     5    0.01    0.39    0.87   14.18 ^ _8630_/X (sky130_fd_sc_hd__and4_1)
                                         _4159_ (net)
                  0.39    0.00   14.18 ^ _8631_/D (sky130_fd_sc_hd__and4_1)
     5    0.01    0.45    0.95   15.13 ^ _8631_/X (sky130_fd_sc_hd__and4_1)
                                         _4160_ (net)
                  0.45    0.00   15.13 ^ _8632_/D (sky130_fd_sc_hd__and4_1)
     5    0.01    0.48    1.00   16.13 ^ _8632_/X (sky130_fd_sc_hd__and4_1)
                                         _4161_ (net)
                  0.48    0.00   16.13 ^ _8633_/D (sky130_fd_sc_hd__nand4_1)
     2    0.01    0.26    0.50   16.62 v _8633_/Y (sky130_fd_sc_hd__nand4_1)
                                         _4162_ (net)
                  0.26    0.00   16.62 v _8634_/D (sky130_fd_sc_hd__nor4_2)
     5    0.01    1.24    1.17   17.79 ^ _8634_/Y (sky130_fd_sc_hd__nor4_2)
                                         _4163_ (net)
                  1.24    0.00   17.79 ^ _8635_/D (sky130_fd_sc_hd__nand4_1)
     5    0.01    0.56    1.06   18.85 v _8635_/Y (sky130_fd_sc_hd__nand4_1)
                                         _4164_ (net)
                  0.56    0.00   18.85 v _8636_/D (sky130_fd_sc_hd__nor4_1)
     4    0.01    1.59    1.61   20.46 ^ _8636_/Y (sky130_fd_sc_hd__nor4_1)
                                         _4165_ (net)
                  1.59    0.00   20.46 ^ _8637_/C (sky130_fd_sc_hd__and3_1)
     5    0.01    0.34    1.27   21.73 ^ _8637_/X (sky130_fd_sc_hd__and3_1)
                                         _4166_ (net)
                  0.34    0.00   21.73 ^ _8638_/D (sky130_fd_sc_hd__and4_1)
     6    0.01    0.42    0.90   22.63 ^ _8638_/X (sky130_fd_sc_hd__and4_1)
                                         _4167_ (net)
                  0.42    0.00   22.63 ^ _8639_/D (sky130_fd_sc_hd__and4_1)
     6    0.01    0.49    1.00   23.63 ^ _8639_/X (sky130_fd_sc_hd__and4_1)
                                         _4168_ (net)
                  0.49    0.00   23.63 ^ _8640_/D (sky130_fd_sc_hd__and4_1)
     4    0.01    0.31    0.88   24.50 ^ _8640_/X (sky130_fd_sc_hd__and4_1)
                                         _4169_ (net)
                  0.31    0.00   24.50 ^ _8641_/B (sky130_fd_sc_hd__and2_0)
     3    0.01    0.34    0.59   25.09 ^ _8641_/X (sky130_fd_sc_hd__and2_0)
                                         _4170_ (net)
                  0.34    0.00   25.09 ^ _8645_/A (sky130_fd_sc_hd__nor2_1)
     1    0.00    0.12    0.24   25.34 v _8645_/Y (sky130_fd_sc_hd__nor2_1)
                                         _0294_ (net)
                  0.12    0.00   25.34 v cpu/count_instr[61]$_SDFFE_PN0P_/D (sky130_fd_sc_hd__dfxtp_1)
                                 25.34   data arrival time
-----------------------------------------------------------------------------
(Path is unconstrained)


Startpoint: cpu/latched_stalu$_SDFFE_PN0P_ (rising edge-triggered flip-flop)
Endpoint: cpu/reg_next_pc[30]$_SDFFE_PN0P_ (rising edge-triggered flip-flop)
Path Group: unconstrained
Path Type: max
Corner: slow

Fanout     Cap    Slew   Delay    Time   Description
-----------------------------------------------------------------------------
                  2.88    0.00    0.00 ^ cpu/latched_stalu$_SDFFE_PN0P_/CLK (sky130_fd_sc_hd__dfxtp_1)
     3    0.01    0.32    2.72    2.72 ^ cpu/latched_stalu$_SDFFE_PN0P_/Q (sky130_fd_sc_hd__dfxtp_1)
                                         _2675_ (net)
                  0.32    0.00    2.72 ^ place238/A (sky130_fd_sc_hd__buf_4)
    31    0.13    1.35    1.35    4.07 ^ place238/X (sky130_fd_sc_hd__buf_4)
                                         net238 (net)
                  1.35    0.00    4.07 ^ _6975_/S (sky130_fd_sc_hd__mux2_2)
     2    0.00    0.17    2.06    6.14 v _6975_/X (sky130_fd_sc_hd__mux2_2)
                                         _2791_ (net)
                  0.17    0.00    6.14 v _7887_/A1 (sky130_fd_sc_hd__mux2i_1)
     5    0.01    1.50    1.40    7.54 ^ _7887_/Y (sky130_fd_sc_hd__mux2i_1)
                                         _3562_ (net)
                  1.50    0.00    7.54 ^ _7962_/B (sky130_fd_sc_hd__xnor2_1)
     2    0.01    0.75    1.00    8.54 ^ _7962_/Y (sky130_fd_sc_hd__xnor2_1)
                                         _3632_ (net)
                  0.75    0.00    8.54 ^ _7963_/A (sky130_fd_sc_hd__inv_1)
     2    0.01    0.17    0.47    9.01 v _7963_/Y (sky130_fd_sc_hd__inv_1)
                                         _3633_ (net)
                  0.17    0.00    9.01 v _7974_/A1 (sky130_fd_sc_hd__o311ai_1)
     3    0.01    1.37    1.58   10.59 ^ _7974_/Y (sky130_fd_sc_hd__o311ai_1)
                                         _3644_ (net)
                  1.37    0.00   10.59 ^ _7977_/A3 (sky130_fd_sc_hd__a311oi_1)
     3    0.00    0.29    0.82   11.40 v _7977_/Y (sky130_fd_sc_hd__a311oi_1)
                                         _3647_ (net)
                  0.29    0.00   11.40 v _7980_/A3 (sky130_fd_sc_hd__o311ai_1)
     4    0.01    2.04    2.04   13.44 ^ _7980_/Y (sky130_fd_sc_hd__o311ai_1)
                                         _3650_ (net)
                  2.04    0.00   13.44 ^ _7983_/A3 (sky130_fd_sc_hd__a311oi_2)
     3    0.00    0.24    1.02   14.46 v _7983_/Y (sky130_fd_sc_hd__a311oi_2)
                                         _3653_ (net)
                  0.24    0.00   14.46 v _7986_/A3 (sky130_fd_sc_hd__o311ai_1)
     3    0.01    1.48    1.56   16.02 ^ _7986_/Y (sky130_fd_sc_hd__o311ai_1)
                                         _3656_ (net)
                  1.48    0.00   16.02 ^ _7988_/A3 (sky130_fd_sc_hd__a31oi_1)
     2    0.02    0.48    1.07   17.09 v _7988_/Y (sky130_fd_sc_hd__a31oi_1)
                                         _3658_ (net)
                  0.48    0.00   17.09 v _7990_/A2 (sky130_fd_sc_hd__o21bai_1)
     3    0.01    0.61    0.87   17.96 ^ _7990_/Y (sky130_fd_sc_hd__o21bai_1)
                                         _3660_ (net)
                  0.61    0.00   17.96 ^ _7993_/A2 (sky130_fd_sc_hd__a211o_1)
     3    0.00    0.18    0.61   18.57 ^ _7993_/X (sky130_fd_sc_hd__a211o_1)
                                         _3663_ (net)
                  0.18    0.00   18.57 ^ _7995_/A3 (sky130_fd_sc_hd__a31oi_1)
     3    0.01    0.32    0.33   18.90 v _7995_/Y (sky130_fd_sc_hd__a31oi_1)
                                         _3665_ (net)
                  0.32    0.00   18.90 v _8000_/A2 (sky130_fd_sc_hd__a211o_1)
     4    0.01    0.19    1.46   20.35 v _8000_/X (sky130_fd_sc_hd__a211o_1)
                                         _3670_ (net)
                  0.19    0.00   20.35 v _8001_/B (sky130_fd_sc_hd__nor2_1)
     2    0.00    0.40    0.46   20.81 ^ _8001_/Y (sky130_fd_sc_hd__nor2_1)
                                         _3671_ (net)
                  0.40    0.00   20.81 ^ _8003_/A2 (sky130_fd_sc_hd__a21o_1)
     2    0.01    0.33    0.61   21.43 ^ _8003_/X (sky130_fd_sc_hd__a21o_1)
                                         _3673_ (net)
                  0.33    0.00   21.43 ^ _8004_/B (sky130_fd_sc_hd__and2_1)
     4    0.01    0.36    0.63   22.06 ^ _8004_/X (sky130_fd_sc_hd__and2_1)
                                         _3674_ (net)
                  0.36    0.00   22.06 ^ _8006_/A3 (sky130_fd_sc_hd__a31o_1)
     2    0.00    0.21    0.57   22.62 ^ _8006_/X (sky130_fd_sc_hd__a31o_1)
                                         _3676_ (net)
                  0.21    0.00   22.62 ^ _8008_/A (sky130_fd_sc_hd__nand2_1)
     2    0.00    0.14    0.19   22.82 v _8008_/Y (sky130_fd_sc_hd__nand2_1)
                                         _3678_ (net)
                  0.14    0.00   22.82 v _8009_/B1 (sky130_fd_sc_hd__o21ai_1)
     2    0.01    0.73    0.45   23.27 ^ _8009_/Y (sky130_fd_sc_hd__o21ai_1)
                                         _3679_ (net)
                  0.73    0.00   23.27 ^ _8011_/A (sky130_fd_sc_hd__xnor2_1)
     1    0.01    0.82    0.71   23.98 ^ _8011_/Y (sky130_fd_sc_hd__xnor2_1)
                                         _3681_ (net)
                  0.82    0.00   23.98 ^ _8031_/A2 (sky130_fd_sc_hd__o22ai_1)
     1    0.00    0.13    0.47   24.45 v _8031_/Y (sky130_fd_sc_hd__o22ai_1)
                                         _3701_ (net)
                  0.13    0.00   24.45 v _8033_/A2 (sky130_fd_sc_hd__o21ai_0)
     1    0.00    0.48    0.57   25.02 ^ _8033_/Y (sky130_fd_sc_hd__o21ai_0)
                                         _0151_ (net)
                  0.48    0.00   25.03 ^ cpu/reg_next_pc[30]$_SDFFE_PN0P_/D (sky130_fd_sc_hd__dfxtp_1)
                                 25.03   data arrival time
-----------------------------------------------------------------------------
(Path is unconstrained)


Startpoint: cpu/decoder_trigger$_DFF_P_ (rising edge-triggered flip-flop)
Endpoint: cpu/count_instr[60]$_SDFFE_PN0P_ (rising edge-triggered flip-flop)
Path Group: unconstrained
Path Type: max
Corner: slow

Fanout     Cap    Slew   Delay    Time   Description
-----------------------------------------------------------------------------
                  2.88    0.00    0.00 ^ cpu/decoder_trigger$_DFF_P_/CLK (sky130_fd_sc_hd__dfxtp_1)
    35    0.06    2.03    3.99    3.99 ^ cpu/decoder_trigger$_DFF_P_/Q (sky130_fd_sc_hd__dfxtp_1)
                                         _3425_ (net)
                  2.03    0.00    3.99 ^ _8620_/D (sky130_fd_sc_hd__and4_1)
     4    0.01    0.41    1.59    5.59 ^ _8620_/X (sky130_fd_sc_hd__and4_1)
                                         _4149_ (net)
                  0.41    0.00    5.59 ^ _8621_/D (sky130_fd_sc_hd__and4_1)
     5    0.01    0.33    0.85    6.44 ^ _8621_/X (sky130_fd_sc_hd__and4_1)
                                         _4150_ (net)
                  0.33    0.00    6.44 ^ _8622_/D (sky130_fd_sc_hd__and4_1)
     5    0.01    0.33    0.82    7.26 ^ _8622_/X (sky130_fd_sc_hd__and4_1)
                                         _4151_ (net)
                  0.33    0.00    7.26 ^ _8623_/D (sky130_fd_sc_hd__and4_1)
     5    0.01    0.33    0.82    8.08 ^ _8623_/X (sky130_fd_sc_hd__and4_1)
                                         _4152_ (net)
                  0.33    0.00    8.08 ^ _8624_/D (sky130_fd_sc_hd__and4_1)
     5    0.01    0.33    0.82    8.90 ^ _8624_/X (sky130_fd_sc_hd__and4_1)
                                         _4153_ (net)
                  0.33    0.00    8.90 ^ _8625_/D (sky130_fd_sc_hd__and4_1)
     4    0.01    0.42    0.90    9.79 ^ _8625_/X (sky130_fd_sc_hd__and4_1)
                                         _4154_ (net)
                  0.42    0.00    9.79 ^ _8626_/D (sky130_fd_sc_hd__and4_1)
     5    0.01    0.33    0.86   10.65 ^ _8626_/X (sky130_fd_sc_hd__and4_1)
                                         _4155_ (net)
                  0.33    0.00   10.65 ^ _8627_/D (sky130_fd_sc_hd__and4_1)
     5    0.01    0.43    0.91   11.56 ^ _8627_/X (sky130_fd_sc_hd__and4_1)
                                         _4156_ (net)
                  0.43    0.00   11.56 ^ _8628_/D (sky130_fd_sc_hd__and4_1)
     5    0.01    0.37    0.91   12.47 ^ _8628_/X (sky130_fd_sc_hd__and4_1)
                                         _4157_ (net)
                  0.37    0.00   12.47 ^ _8629_/D (sky130_fd_sc_hd__and4_1)
     5    0.01    0.33    0.84   13.31 ^ _8629_/X (sky130_fd_sc_hd__and4_1)
                                         _4158_ (net)
                  0.33    0.00   13.31 ^ _8630_/D (sky130_fd_sc_hd__and4_1)
     5    0.01    0.39    0.87   14.18 ^ _8630_/X (sky130_fd_sc_hd__and4_1)
                                         _4159_ (net)
                  0.39    0.00   14.18 ^ _8631_/D (sky130_fd_sc_hd__and4_1)
     5    0.01    0.45    0.95   15.13 ^ _8631_/X (sky130_fd_sc_hd__and4_1)
                                         _4160_ (net)
                  0.45    0.00   15.13 ^ _8632_/D (sky130_fd_sc_hd__and4_1)
     5    0.01    0.48    1.00   16.13 ^ _8632_/X (sky130_fd_sc_hd__and4_1)
                                         _4161_ (net)
                  0.48    0.00   16.13 ^ _8633_/D (sky130_fd_sc_hd__nand4_1)
     2    0.01    0.26    0.50   16.62 v _8633_/Y (sky130_fd_sc_hd__nand4_1)
                                         _4162_ (net)
                  0.26    0.00   16.62 v _8634_/D (sky130_fd_sc_hd__nor4_2)
     5    0.01    1.24    1.17   17.79 ^ _8634_/Y (sky130_fd_sc_hd__nor4_2)
                                         _4163_ (net)
                  1.24    0.00   17.79 ^ _8635_/D (sky130_fd_sc_hd__nand4_1)
     5    0.01    0.56    1.06   18.85 v _8635_/Y (sky130_fd_sc_hd__nand4_1)
                                         _4164_ (net)
                  0.56    0.00   18.85 v _8636_/D (sky130_fd_sc_hd__nor4_1)
     4    0.01    1.59    1.61   20.46 ^ _8636_/Y (sky130_fd_sc_hd__nor4_1)
                                         _4165_ (net)
                  1.59    0.00   20.46 ^ _8637_/C (sky130_fd_sc_hd__and3_1)
     5    0.01    0.34    1.27   21.73 ^ _8637_/X (sky130_fd_sc_hd__and3_1)
                                         _4166_ (net)
                  0.34    0.00   21.73 ^ _8638_/D (sky130_fd_sc_hd__and4_1)
     6    0.01    0.42    0.90   22.63 ^ _8638_/X (sky130_fd_sc_hd__and4_1)
                                         _4167_ (net)
                  0.42    0.00   22.63 ^ _8639_/D (sky130_fd_sc_hd__and4_1)
     6    0.01    0.49    1.00   23.63 ^ _8639_/X (sky130_fd_sc_hd__and4_1)
                                         _4168_ (net)
                  0.49    0.00   23.63 ^ _8646_/C (sky130_fd_sc_hd__and3_1)
     2    0.00    0.19    0.68   24.30 ^ _8646_/X (sky130_fd_sc_hd__and3_1)
                                         _4173_ (net)
                  0.19    0.00   24.30 ^ _8647_/A2 (sky130_fd_sc_hd__o21ai_0)
     1    0.00    0.19    0.27   24.57 v _8647_/Y (sky130_fd_sc_hd__o21ai_0)
                                         _4174_ (net)
                  0.19    0.00   24.57 v _8648_/B (sky130_fd_sc_hd__nor2_1)
     1    0.00    0.28    0.38   24.95 ^ _8648_/Y (sky130_fd_sc_hd__nor2_1)
                                         _0295_ (net)
                  0.28    0.00   24.95 ^ cpu/count_instr[60]$_SDFFE_PN0P_/D (sky130_fd_sc_hd__dfxtp_1)
                                 24.95   data arrival time
-----------------------------------------------------------------------------
(Path is unconstrained)


Startpoint: cpu/count_cycle[1]$_SDFF_PN0_ (rising edge-triggered flip-flop)
Endpoint: cpu/count_cycle[63]$_SDFF_PN0_ (rising edge-triggered flip-flop)
Path Group: unconstrained
Path Type: max
Corner: slow

Fanout     Cap    Slew   Delay    Time   Description
-----------------------------------------------------------------------------
                  2.88    0.00    0.00 ^ cpu/count_cycle[1]$_SDFF_PN0_/CLK (sky130_fd_sc_hd__dfxtp_1)
     6    0.01    0.48    2.85    2.85 ^ cpu/count_cycle[1]$_SDFF_PN0_/Q (sky130_fd_sc_hd__dfxtp_1)
                                         cpu/count_cycle[1] (net)
                  0.48    0.00    2.85 ^ _8352_/C (sky130_fd_sc_hd__and4_1)
     6    0.01    0.47    1.00    3.84 ^ _8352_/X (sky130_fd_sc_hd__and4_1)
                                         _3981_ (net)
                  0.47    0.00    3.84 ^ _8353_/D (sky130_fd_sc_hd__and4_1)
     5    0.01    0.35    0.90    4.74 ^ _8353_/X (sky130_fd_sc_hd__and4_1)
                                         _3982_ (net)
                  0.35    0.00    4.74 ^ _8354_/D (sky130_fd_sc_hd__and4_1)
     5    0.01    0.33    0.83    5.57 ^ _8354_/X (sky130_fd_sc_hd__and4_1)
                                         _3983_ (net)
                  0.33    0.00    5.57 ^ _8355_/D (sky130_fd_sc_hd__and4_1)
     5    0.01    0.33    0.82    6.39 ^ _8355_/X (sky130_fd_sc_hd__and4_1)
                                         _3984_ (net)
                  0.33    0.00    6.39 ^ _8356_/D (sky130_fd_sc_hd__and4_1)
     5    0.01    0.33    0.82    7.21 ^ _8356_/X (sky130_fd_sc_hd__and4_1)
                                         _3985_ (net)
                  0.33    0.00    7.21 ^ _8357_/D (sky130_fd_sc_hd__and4_1)
     5    0.02    0.57    1.02    8.23 ^ _8357_/X (sky130_fd_sc_hd__and4_1)
                                         _3986_ (net)
                  0.57    0.00    8.23 ^ _8358_/D (sky130_fd_sc_hd__and4_1)
     5    0.01    0.35    0.95    9.18 ^ _8358_/X (sky130_fd_sc_hd__and4_1)
                                         _3987_ (net)
                  0.35    0.00    9.18 ^ _8359_/D (sky130_fd_sc_hd__nand4_1)
     3    0.01    0.42    0.57    9.75 v _8359_/Y (sky130_fd_sc_hd__nand4_1)
                                         _3988_ (net)
                  0.42    0.00    9.75 v _8360_/D (sky130_fd_sc_hd__nor4_1)
     5    0.01    1.83    1.73   11.48 ^ _8360_/Y (sky130_fd_sc_hd__nor4_1)
                                         _3989_ (net)
                  1.83    0.00   11.48 ^ _8361_/D (sky130_fd_sc_hd__and4_1)
     4    0.01    0.41    1.51   12.99 ^ _8361_/X (sky130_fd_sc_hd__and4_1)
                                         _3990_ (net)
                  0.41    0.00   12.99 ^ _8362_/D (sky130_fd_sc_hd__and4_1)
     5    0.01    0.33    0.85   13.85 ^ _8362_/X (sky130_fd_sc_hd__and4_1)
                                         _3991_ (net)
                  0.33    0.00   13.85 ^ _8363_/D (sky130_fd_sc_hd__and4_1)
     5    0.01    0.33    0.82   14.66 ^ _8363_/X (sky130_fd_sc_hd__and4_1)
                                         _3992_ (net)
                  0.33    0.00   14.66 ^ _8364_/D (sky130_fd_sc_hd__and4_1)
     5    0.01    0.35    0.84   15.50 ^ _8364_/X (sky130_fd_sc_hd__and4_1)
                                         _3993_ (net)
                  0.35    0.00   15.50 ^ _8365_/D (sky130_fd_sc_hd__nand4_1)
     5    0.01    0.37    0.53   16.03 v _8365_/Y (sky130_fd_sc_hd__nand4_1)
                                         _3994_ (net)
                  0.37    0.00   16.03 v _8366_/D (sky130_fd_sc_hd__nor4_1)
     4    0.01    1.72    1.62   17.65 ^ _8366_/Y (sky130_fd_sc_hd__nor4_1)
                                         _3995_ (net)
                  1.72    0.00   17.65 ^ _8367_/C (sky130_fd_sc_hd__and3_1)
     6    0.01    0.42    1.38   19.03 ^ _8367_/X (sky130_fd_sc_hd__and3_1)
                                         _3996_ (net)
                  0.42    0.00   19.03 ^ _8368_/D (sky130_fd_sc_hd__and4_1)
     6    0.01    0.42    0.93   19.96 ^ _8368_/X (sky130_fd_sc_hd__and4_1)
                                         _3997_ (net)
                  0.42    0.00   19.96 ^ _8369_/D (sky130_fd_sc_hd__and4_1)
     5    0.01    0.51    1.01   20.97 ^ _8369_/X (sky130_fd_sc_hd__and4_1)
                                         _3998_ (net)
                  0.51    0.00   20.97 ^ _8370_/C (sky130_fd_sc_hd__and3_1)
     4    0.01    0.37    0.83   21.80 ^ _8370_/X (sky130_fd_sc_hd__and3_1)
                                         _3999_ (net)
                  0.37    0.00   21.80 ^ _8371_/D (sky130_fd_sc_hd__and4_1)
     3    0.01    0.24    0.77   22.57 ^ _8371_/X (sky130_fd_sc_hd__and4_1)
                                         _4000_ (net)
                  0.24    0.00   22.57 ^ _8372_/B (sky130_fd_sc_hd__and2_1)
     5    0.01    0.38    0.60   23.17 ^ _8372_/X (sky130_fd_sc_hd__and2_1)
                                         _4001_ (net)
                  0.38    0.00   23.17 ^ _8373_/C (sky130_fd_sc_hd__and3_1)
     5    0.01    0.35    0.74   23.92 ^ _8373_/X (sky130_fd_sc_hd__and3_1)
                                         _4002_ (net)
                  0.35    0.00   23.92 ^ _8833_/A2 (sky130_fd_sc_hd__a21oi_1)
     1    0.00    0.11    0.29   24.21 v _8833_/Y (sky130_fd_sc_hd__a21oi_1)
                                         _4293_ (net)
                  0.11    0.00   24.21 v _8834_/C (sky130_fd_sc_hd__nor3_1)
     1    0.00    0.70    0.70   24.91 ^ _8834_/Y (sky130_fd_sc_hd__nor3_1)
                                         _0362_ (net)
                  0.70    0.00   24.91 ^ cpu/count_cycle[63]$_SDFF_PN0_/D (sky130_fd_sc_hd__dfxtp_1)
                                 24.91   data arrival time
-----------------------------------------------------------------------------
(Path is unconstrained)


Startpoint: cpu/count_cycle[1]$_SDFF_PN0_ (rising edge-triggered flip-flop)
Endpoint: cpu/count_cycle[62]$_SDFF_PN0_ (rising edge-triggered flip-flop)
Path Group: unconstrained
Path Type: max
Corner: slow

Fanout     Cap    Slew   Delay    Time   Description
-----------------------------------------------------------------------------
                  2.88    0.00    0.00 ^ cpu/count_cycle[1]$_SDFF_PN0_/CLK (sky130_fd_sc_hd__dfxtp_1)
     6    0.01    0.48    2.85    2.85 ^ cpu/count_cycle[1]$_SDFF_PN0_/Q (sky130_fd_sc_hd__dfxtp_1)
                                         cpu/count_cycle[1] (net)
                  0.48    0.00    2.85 ^ _8352_/C (sky130_fd_sc_hd__and4_1)
     6    0.01    0.47    1.00    3.84 ^ _8352_/X (sky130_fd_sc_hd__and4_1)
                                         _3981_ (net)
                  0.47    0.00    3.84 ^ _8353_/D (sky130_fd_sc_hd__and4_1)
     5    0.01    0.35    0.90    4.74 ^ _8353_/X (sky130_fd_sc_hd__and4_1)
                                         _3982_ (net)
                  0.35    0.00    4.74 ^ _8354_/D (sky130_fd_sc_hd__and4_1)
     5    0.01    0.33    0.83    5.57 ^ _8354_/X (sky130_fd_sc_hd__and4_1)
                                         _3983_ (net)
                  0.33    0.00    5.57 ^ _8355_/D (sky130_fd_sc_hd__and4_1)
     5    0.01    0.33    0.82    6.39 ^ _8355_/X (sky130_fd_sc_hd__and4_1)
                                         _3984_ (net)
                  0.33    0.00    6.39 ^ _8356_/D (sky130_fd_sc_hd__and4_1)
     5    0.01    0.33    0.82    7.21 ^ _8356_/X (sky130_fd_sc_hd__and4_1)
                                         _3985_ (net)
                  0.33    0.00    7.21 ^ _8357_/D (sky130_fd_sc_hd__and4_1)
     5    0.02    0.57    1.02    8.23 ^ _8357_/X (sky130_fd_sc_hd__and4_1)
                                         _3986_ (net)
                  0.57    0.00    8.23 ^ _8358_/D (sky130_fd_sc_hd__and4_1)
     5    0.01    0.35    0.95    9.18 ^ _8358_/X (sky130_fd_sc_hd__and4_1)
                                         _3987_ (net)
                  0.35    0.00    9.18 ^ _8359_/D (sky130_fd_sc_hd__nand4_1)
     3    0.01    0.42    0.57    9.75 v _8359_/Y (sky130_fd_sc_hd__nand4_1)
                                         _3988_ (net)
                  0.42    0.00    9.75 v _8360_/D (sky130_fd_sc_hd__nor4_1)
     5    0.01    1.83    1.73   11.48 ^ _8360_/Y (sky130_fd_sc_hd__nor4_1)
                                         _3989_ (net)
                  1.83    0.00   11.48 ^ _8361_/D (sky130_fd_sc_hd__and4_1)
     4    0.01    0.41    1.51   12.99 ^ _8361_/X (sky130_fd_sc_hd__and4_1)
                                         _3990_ (net)
                  0.41    0.00   12.99 ^ _8362_/D (sky130_fd_sc_hd__and4_1)
     5    0.01    0.33    0.85   13.85 ^ _8362_/X (sky130_fd_sc_hd__and4_1)
                                         _3991_ (net)
                  0.33    0.00   13.85 ^ _8363_/D (sky130_fd_sc_hd__and4_1)
     5    0.01    0.33    0.82   14.66 ^ _8363_/X (sky130_fd_sc_hd__and4_1)
                                         _3992_ (net)
                  0.33    0.00   14.66 ^ _8364_/D (sky130_fd_sc_hd__and4_1)
     5    0.01    0.35    0.84   15.50 ^ _8364_/X (sky130_fd_sc_hd__and4_1)
                                         _3993_ (net)
                  0.35    0.00   15.50 ^ _8365_/D (sky130_fd_sc_hd__nand4_1)
     5    0.01    0.37    0.53   16.03 v _8365_/Y (sky130_fd_sc_hd__nand4_1)
                                         _3994_ (net)
                  0.37    0.00   16.03 v _8366_/D (sky130_fd_sc_hd__nor4_1)
     4    0.01    1.72    1.62   17.65 ^ _8366_/Y (sky130_fd_sc_hd__nor4_1)
                                         _3995_ (net)
                  1.72    0.00   17.65 ^ _8367_/C (sky130_fd_sc_hd__and3_1)
     6    0.01    0.42    1.38   19.03 ^ _8367_/X (sky130_fd_sc_hd__and3_1)
                                         _3996_ (net)
                  0.42    0.00   19.03 ^ _8368_/D (sky130_fd_sc_hd__and4_1)
     6    0.01    0.42    0.93   19.96 ^ _8368_/X (sky130_fd_sc_hd__and4_1)
                                         _3997_ (net)
                  0.42    0.00   19.96 ^ _8369_/D (sky130_fd_sc_hd__and4_1)
     5    0.01    0.51    1.01   20.97 ^ _8369_/X (sky130_fd_sc_hd__and4_1)
                                         _3998_ (net)
                  0.51    0.00   20.97 ^ _8370_/C (sky130_fd_sc_hd__and3_1)
     4    0.01    0.37    0.83   21.80 ^ _8370_/X (sky130_fd_sc_hd__and3_1)
                                         _3999_ (net)
                  0.37    0.00   21.80 ^ _8371_/D (sky130_fd_sc_hd__and4_1)
     3    0.01    0.24    0.77   22.57 ^ _8371_/X (sky130_fd_sc_hd__and4_1)
                                         _4000_ (net)
                  0.24    0.00   22.57 ^ _8372_/B (sky130_fd_sc_hd__and2_1)
     5    0.01    0.38    0.60   23.17 ^ _8372_/X (sky130_fd_sc_hd__and2_1)
                                         _4001_ (net)
                  0.38    0.00   23.17 ^ _8373_/C (sky130_fd_sc_hd__and3_1)
     5    0.01    0.35    0.74   23.92 ^ _8373_/X (sky130_fd_sc_hd__and3_1)
                                         _4002_ (net)
                  0.35    0.00   23.92 ^ _8375_/A2 (sky130_fd_sc_hd__o21ai_0)
     1    0.00    0.18    0.34   24.26 v _8375_/Y (sky130_fd_sc_hd__o21ai_0)
                                         _4004_ (net)
                  0.18    0.00   24.26 v _8376_/B1 (sky130_fd_sc_hd__a21oi_1)
     1    0.00    0.40    0.51   24.76 ^ _8376_/Y (sky130_fd_sc_hd__a21oi_1)
                                         _0193_ (net)
                  0.40    0.00   24.77 ^ cpu/count_cycle[62]$_SDFF_PN0_/D (sky130_fd_sc_hd__dfxtp_1)
                                 24.77   data arrival time
-----------------------------------------------------------------------------
(Path is unconstrained)


Startpoint: cpu/latched_stalu$_SDFFE_PN0P_ (rising edge-triggered flip-flop)
Endpoint: cpu/reg_next_pc[26]$_SDFFE_PN0P_ (rising edge-triggered flip-flop)
Path Group: unconstrained
Path Type: max
Corner: slow

Fanout     Cap    Slew   Delay    Time   Description
-----------------------------------------------------------------------------
                  2.88    0.00    0.00 ^ cpu/latched_stalu$_SDFFE_PN0P_/CLK (sky130_fd_sc_hd__dfxtp_1)
     3    0.01    0.32    2.72    2.72 ^ cpu/latched_stalu$_SDFFE_PN0P_/Q (sky130_fd_sc_hd__dfxtp_1)
                                         _2675_ (net)
                  0.32    0.00    2.72 ^ place238/A (sky130_fd_sc_hd__buf_4)
    31    0.13    1.35    1.35    4.07 ^ place238/X (sky130_fd_sc_hd__buf_4)
                                         net238 (net)
                  1.35    0.00    4.07 ^ _6975_/S (sky130_fd_sc_hd__mux2_2)
     2    0.00    0.17    2.06    6.14 v _6975_/X (sky130_fd_sc_hd__mux2_2)
                                         _2791_ (net)
                  0.17    0.00    6.14 v _7887_/A1 (sky130_fd_sc_hd__mux2i_1)
     5    0.01    1.50    1.40    7.54 ^ _7887_/Y (sky130_fd_sc_hd__mux2i_1)
                                         _3562_ (net)
                  1.50    0.00    7.54 ^ _7962_/B (sky130_fd_sc_hd__xnor2_1)
     2    0.01    0.75    1.00    8.54 ^ _7962_/Y (sky130_fd_sc_hd__xnor2_1)
                                         _3632_ (net)
                  0.75    0.00    8.54 ^ _7963_/A (sky130_fd_sc_hd__inv_1)
     2    0.01    0.17    0.47    9.01 v _7963_/Y (sky130_fd_sc_hd__inv_1)
                                         _3633_ (net)
                  0.17    0.00    9.01 v _7974_/A1 (sky130_fd_sc_hd__o311ai_1)
     3    0.01    1.37    1.58   10.59 ^ _7974_/Y (sky130_fd_sc_hd__o311ai_1)
                                         _3644_ (net)
                  1.37    0.00   10.59 ^ _7977_/A3 (sky130_fd_sc_hd__a311oi_1)
     3    0.00    0.29    0.82   11.40 v _7977_/Y (sky130_fd_sc_hd__a311oi_1)
                                         _3647_ (net)
                  0.29    0.00   11.40 v _7980_/A3 (sky130_fd_sc_hd__o311ai_1)
     4    0.01    2.04    2.04   13.44 ^ _7980_/Y (sky130_fd_sc_hd__o311ai_1)
                                         _3650_ (net)
                  2.04    0.00   13.44 ^ _7983_/A3 (sky130_fd_sc_hd__a311oi_2)
     3    0.00    0.24    1.02   14.46 v _7983_/Y (sky130_fd_sc_hd__a311oi_2)
                                         _3653_ (net)
                  0.24    0.00   14.46 v _7986_/A3 (sky130_fd_sc_hd__o311ai_1)
     3    0.01    1.48    1.56   16.02 ^ _7986_/Y (sky130_fd_sc_hd__o311ai_1)
                                         _3656_ (net)
                  1.48    0.00   16.02 ^ _7988_/A3 (sky130_fd_sc_hd__a31oi_1)
     2    0.02    0.48    1.07   17.09 v _7988_/Y (sky130_fd_sc_hd__a31oi_1)
                                         _3658_ (net)
                  0.48    0.00   17.09 v _7990_/A2 (sky130_fd_sc_hd__o21bai_1)
     3    0.01    0.61    0.87   17.96 ^ _7990_/Y (sky130_fd_sc_hd__o21bai_1)
                                         _3660_ (net)
                  0.61    0.00   17.96 ^ _7993_/A2 (sky130_fd_sc_hd__a211o_1)
     3    0.00    0.18    0.61   18.57 ^ _7993_/X (sky130_fd_sc_hd__a211o_1)
                                         _3663_ (net)
                  0.18    0.00   18.57 ^ _7995_/A3 (sky130_fd_sc_hd__a31oi_1)
     3    0.01    0.32    0.33   18.90 v _7995_/Y (sky130_fd_sc_hd__a31oi_1)
                                         _3665_ (net)
                  0.32    0.00   18.90 v _8000_/A2 (sky130_fd_sc_hd__a211o_1)
     4    0.01    0.19    1.46   20.35 v _8000_/X (sky130_fd_sc_hd__a211o_1)
                                         _3670_ (net)
                  0.19    0.00   20.35 v _8001_/B (sky130_fd_sc_hd__nor2_1)
     2    0.00    0.40    0.46   20.81 ^ _8001_/Y (sky130_fd_sc_hd__nor2_1)
                                         _3671_ (net)
                  0.40    0.00   20.81 ^ _8003_/A2 (sky130_fd_sc_hd__a21o_1)
     2    0.01    0.33    0.61   21.43 ^ _8003_/X (sky130_fd_sc_hd__a21o_1)
                                         _3673_ (net)
                  0.33    0.00   21.43 ^ _8004_/B (sky130_fd_sc_hd__and2_1)
     4    0.01    0.36    0.63   22.06 ^ _8004_/X (sky130_fd_sc_hd__and2_1)
                                         _3674_ (net)
                  0.36    0.00   22.06 ^ _8075_/B1 (sky130_fd_sc_hd__a21oi_1)
     2    0.01    0.27    0.26   22.32 v _8075_/Y (sky130_fd_sc_hd__a21oi_1)
                                         _3741_ (net)
                  0.27    0.00   22.32 v _8077_/A2 (sky130_fd_sc_hd__o21ai_0)
     1    0.00    0.57    0.72   23.04 ^ _8077_/Y (sky130_fd_sc_hd__o21ai_0)
                                         _3743_ (net)
                  0.57    0.00   23.04 ^ _8078_/B1 (sky130_fd_sc_hd__a21oi_1)
     1    0.00    0.13    0.29   23.33 v _8078_/Y (sky130_fd_sc_hd__a21oi_1)
                                         _3744_ (net)
                  0.13    0.00   23.33 v _8083_/A1 (sky130_fd_sc_hd__o22ai_1)
     1    0.01    0.82    0.91   24.25 ^ _8083_/Y (sky130_fd_sc_hd__o22ai_1)
                                         _3749_ (net)
                  0.82    0.00   24.25 ^ _8084_/B (sky130_fd_sc_hd__nand2_1)
     1    0.00    0.14    0.49   24.73 v _8084_/Y (sky130_fd_sc_hd__nand2_1)
                                         _0155_ (net)
                  0.14    0.00   24.73 v cpu/reg_next_pc[26]$_SDFFE_PN0P_/D (sky130_fd_sc_hd__dfxtp_1)
                                 24.73   data arrival time
-----------------------------------------------------------------------------
(Path is unconstrained)


