Startpoint: cpu/latched_stalu$_SDFFE_PN0P_ (rising edge-triggered flip-flop)
Endpoint: cpu/reg_next_pc[31]$_SDFFE_PN0P_ (rising edge-triggered flip-flop)
Path Group: unconstrained
Path Type: max
Corner: slow

Fanout     Cap    Slew   Delay    Time   Description
-----------------------------------------------------------------------------
                  2.88    0.00    0.00 ^ cpu/latched_stalu$_SDFFE_PN0P_/CLK (sky130_fd_sc_hd__dfxtp_1)
     3    0.01    0.32    2.72    2.72 ^ cpu/latched_stalu$_SDFFE_PN0P_/Q (sky130_fd_sc_hd__dfxtp_1)
                                         _2675_ (net)
                  0.32    0.00    2.72 ^ place238/A (sky130_fd_sc_hd__buf_4)
    31    0.13    1.35    1.35    4.07 ^ place238/X (sky130_fd_sc_hd__buf_4)
                                         net238 (net)
                  1.35    0.00    4.07 ^ _6985_/S (sky130_fd_sc_hd__mux2_4)
     3    0.01    0.18    1.77    5.84 v _6985_/X (sky130_fd_sc_hd__mux2_4)
                                         _2798_ (net)
                  0.18    0.00    5.84 v _7966_/A1 (sky130_fd_sc_hd__mux2_2)
     2    0.01    0.19    1.39    7.23 v _7966_/X (sky130_fd_sc_hd__mux2_2)
                                         _3636_ (net)
                  0.19    0.00    7.23 v _7968_/B (sky130_fd_sc_hd__maj3_2)
     3    0.01    0.22    1.59    8.82 v _7968_/X (sky130_fd_sc_hd__maj3_2)
                                         _3638_ (net)
                  0.22    0.00    8.82 v _7971_/A2 (sky130_fd_sc_hd__a211oi_2)
     2    0.00    0.62    0.96    9.78 ^ _7971_/Y (sky130_fd_sc_hd__a211oi_2)
                                         _3641_ (net)
                  0.62    0.00    9.78 ^ _7974_/A3 (sky130_fd_sc_hd__o311ai_1)
     3    0.01    0.22    0.49   10.27 v _7974_/Y (sky130_fd_sc_hd__o311ai_1)
                                         _3644_ (net)
                  0.22    0.00   10.27 v _7977_/A3 (sky130_fd_sc_hd__a311oi_1)
     3    0.01    1.10    1.37   11.64 ^ _7977_/Y (sky130_fd_sc_hd__a311oi_1)
                                         _3647_ (net)
                  1.10    0.00   11.64 ^ _7980_/A3 (sky130_fd_sc_hd__o311ai_1)
     4    0.01    0.33    0.79   12.43 v _7980_/Y (sky130_fd_sc_hd__o311ai_1)
                                         _3650_ (net)
                  0.33    0.00   12.43 v _7983_/A3 (sky130_fd_sc_hd__a311oi_2)
     3    0.01    0.77    1.25   13.67 ^ _7983_/Y (sky130_fd_sc_hd__a311oi_2)
                                         _3653_ (net)
                  0.77    0.00   13.67 ^ _7986_/A3 (sky130_fd_sc_hd__o311ai_1)
     3    0.01    0.25    0.57   14.25 v _7986_/Y (sky130_fd_sc_hd__o311ai_1)
                                         _3656_ (net)
                  0.25    0.00   14.25 v _7988_/A3 (sky130_fd_sc_hd__a31oi_1)
     2    0.02    1.55    1.47   15.72 ^ _7988_/Y (sky130_fd_sc_hd__a31oi_1)
                                         _3658_ (net)
                  1.55    0.00   15.72 ^ _7990_/A2 (sky130_fd_sc_hd__o21bai_1)
     3    0.00    0.22    0.79   16.50 v _7990_/Y (sky130_fd_sc_hd__o21bai_1)
                                         _3660_ (net)
                  0.22    0.00   16.50 v _7993_/A2 (sky130_fd_sc_hd__a211o_1)
     3    0.00    0.16    1.36   17.86 v _7993_/X (sky130_fd_sc_hd__a211o_1)
                                         _3663_ (net)
                  0.16    0.00   17.86 v _7995_/A3 (sky130_fd_sc_hd__a31oi_1)
     3    0.01    0.92    0.96   18.82 ^ _7995_/Y (sky130_fd_sc_hd__a31oi_1)
                                         _3665_ (net)
                  0.92    0.00   18.82 ^ _8000_/A2 (sky130_fd_sc_hd__a211o_1)
     4    0.01    0.28    0.83   19.65 ^ _8000_/X (sky130_fd_sc_hd__a211o_1)
                                         _3670_ (net)
                  0.28    0.00   19.65 ^ _8001_/B (sky130_fd_sc_hd__nor2_1)
     2    0.00    0.19    0.20   19.85 v _8001_/Y (sky130_fd_sc_hd__nor2_1)
                                         _3671_ (net)
                  0.19    0.00   19.85 v _8003_/A2 (sky130_fd_sc_hd__a21o_1)
     2    0.01    0.15    0.79   20.64 v _8003_/X (sky130_fd_sc_hd__a21o_1)
                                         _3673_ (net)
                  0.15    0.00   20.64 v _8004_/B (sky130_fd_sc_hd__and2_1)
     4    0.01    0.14    0.70   21.34 v _8004_/X (sky130_fd_sc_hd__and2_1)
                                         _3674_ (net)
                  0.14    0.00   21.34 v _8006_/A3 (sky130_fd_sc_hd__a31o_1)
     2    0.00    0.11    0.91   22.25 v _8006_/X (sky130_fd_sc_hd__a31o_1)
                                         _3676_ (net)
                  0.11    0.00   22.25 v _8008_/A (sky130_fd_sc_hd__nand2_1)
     2    0.00    0.18    0.22   22.46 ^ _8008_/Y (sky130_fd_sc_hd__nand2_1)
                                         _3678_ (net)
                  0.18    0.00   22.46 ^ _8009_/B1 (sky130_fd_sc_hd__o21ai_1)
     2    0.01    0.21    0.24   22.71 v _8009_/Y (sky130_fd_sc_hd__o21ai_1)
                                         _3679_ (net)
                  0.21    0.00   22.71 v _8807_/C (sky130_fd_sc_hd__maj3_2)
     2    0.00    0.19    1.45   24.15 v _8807_/X (sky130_fd_sc_hd__maj3_2)
                                         _4273_ (net)
                  0.19    0.00   24.15 v _8811_/A1 (sky130_fd_sc_hd__o21a_1)
     1    0.00    0.10    0.81   24.96 v _8811_/X (sky130_fd_sc_hd__o21a_1)
                                         _4277_ (net)
                  0.10    0.00   24.97 v _8815_/A2 (sky130_fd_sc_hd__a21oi_1)
     1    0.00    0.51    0.61   25.58 ^ _8815_/Y (sky130_fd_sc_hd__a21oi_1)
                                         _4281_ (net)
                  0.51    0.00   25.58 ^ _8819_/A1 (sky130_fd_sc_hd__o21ai_0)
     1    0.00    0.16    0.42   26.00 v _8819_/Y (sky130_fd_sc_hd__o21ai_0)
                                         _0356_ (net)
                  0.16    0.00   26.00 v cpu/reg_next_pc[31]$_SDFFE_PN0P_/D (sky130_fd_sc_hd__dfxtp_1)
                                 26.00   data arrival time
-----------------------------------------------------------------------------
(Path is unconstrained)


