OpenROAD 26Q1-951-g6975124cf2 
Features included (+) or not (-): +GPU +GUI +Python
This program is licensed under the BSD-3 license. See the LICENSE file for details.
Components of this program may be licensed under more restrictive licenses which must be honored.
[INFO ORD-0030] Using 4 thread(s).
[INFO FLW-0001] Defining timing corners: fast slow typical
Reading liberty file for fast: /home/dkropp/.sc/cache/lambdapdk-v0.2.12-7b36460386694c92/lambdapdk/sky130/libs/sky130hd/nldm/sky130_fd_sc_hd__ff_100C_1v95.lib.gz
Reading liberty file for fast: /home/dkropp/507/VLSI-Final-507/Project/sky130_sram_2kbyte_1rw1r_32x512_8_TT_1p8V_25C.lib
Reading liberty file for slow: /home/dkropp/.sc/cache/lambdapdk-v0.2.12-7b36460386694c92/lambdapdk/sky130/libs/sky130hd/nldm/sky130_fd_sc_hd__ss_n40C_1v40.lib.gz
Reading liberty file for slow: /home/dkropp/507/VLSI-Final-507/Project/sky130_sram_2kbyte_1rw1r_32x512_8_TT_1p8V_25C.lib
[WARNING STA-1140] /home/dkropp/507/VLSI-Final-507/Project/sky130_sram_2kbyte_1rw1r_32x512_8_TT_1p8V_25C.lib line 1, library sky130_sram_2kbyte_1rw1r_32x512_8_TT_1p8V_25C_lib already exists.
Reading liberty file for typical: /home/dkropp/.sc/cache/lambdapdk-v0.2.12-7b36460386694c92/lambdapdk/sky130/libs/sky130hd/nldm/sky130_fd_sc_hd__tt_025C_1v80.lib.gz
Reading liberty file for typical: /home/dkropp/507/VLSI-Final-507/Project/sky130_sram_2kbyte_1rw1r_32x512_8_TT_1p8V_25C.lib
[WARNING STA-1140] /home/dkropp/507/VLSI-Final-507/Project/sky130_sram_2kbyte_1rw1r_32x512_8_TT_1p8V_25C.lib line 1, library sky130_sram_2kbyte_1rw1r_32x512_8_TT_1p8V_25C_lib already exists.
Reading ODB: inputs/picorv32_bp_top.odb.gz
Reading SDC: inputs/picorv32_bp_top.sdc
[INFO FLW-0001] Timing path groups: clk asynchronous {path delay} {gated clock} unconstrained
[INFO FLW-0001] Sourcing parasitic estimation from: /home/dkropp/507/VLSI-Final-507/Project/build/picorv32_bp_top/job0/floorplan.macro_placement/0/inputs/sc_parasitics.tcl
[INFO FLW-0001] Using met5 for clock parasitics estimation
[INFO FLW-0001] Using met3 for signal parasitics estimation
[INFO FLW-0001] Setting global routing adjustment for li1 to 100%
[INFO FLW-0001] Setting global routing adjustment for met1 to 40.0%
[INFO FLW-0001] Setting global routing adjustment for met2 to 40.0%
[INFO FLW-0001] Setting global routing adjustment for met3 to 30.0%
[INFO FLW-0001] Setting global routing adjustment for met4 to 30.0%
[INFO FLW-0001] Setting global routing adjustment for met5 to 30.0%
Global connection rules: 2
  Instances: ".*" with pins "VPWR" connect to "VDD"
  Instances: ".*" with pins "VGND" connect to "VSS"
[INFO GPL-0022] Initialize gpl and calculate uniform density.
Die Area: (0.00, 0.00) (1000.00, 1000.00),  Floorplan Area: (10.12, 10.88) (989.92, 987.36)
	Number of std cell instances: 6517
	Area of std cell instances: 87697.86
	Number of macros: 1
	Area of macros: 284538.47
	Halo width: 40.00
	Halo height: 40.00
	Area of macros with halos: 378909.67
	Area of std cell instances + Area of macros: 372236.33
	Floorplan area: 956755.10
	Design Utilization: 0.39
	Floorplan Utilization: 0.13
	Manufacturing Grid: 5

[WARNING MPL-0002] Could not align all pins of the macro sram to the track-grid. 2 out of 106 pins were aligned.
[INFO FLW-0001] Removed 0 blockages created during macro placement
Macro placement information:
  sram (sky130_sram_2kbyte_1rw1r_32x512_8): LOCKED at (50.23 um, 51.15 um) R180
Writing database: outputs/picorv32_bp_top.odb.gz
Writing DEF: outputs/picorv32_bp_top.def.gz
Writing netlist: outputs/picorv32_bp_top.vg
Writing LEC netlist: outputs/picorv32_bp_top.lec.vg
Writing SDC: outputs/picorv32_bp_top.sdc
SC_METRIC: report_checks -path_delay max
Startpoint: _10196_ (rising edge-triggered flip-flop clocked by clk)
Endpoint: cpu/pcpi_rs1[23]$_DFFE_PP_
          (rising edge-triggered flip-flop clocked by clk)
Path Group: clk
Path Type: max
Corner: slow

Fanout     Cap    Slew   Delay    Time   Description
-----------------------------------------------------------------------------
                  0.00    0.00    0.00   clock clk (rise edge)
                          0.00    0.00   clock network delay (ideal)
                  0.00    0.00    0.00 ^ _10196_/CLK (sky130_fd_sc_hd__dfxtp_1)
   258    1.31   41.43   32.09   32.09 ^ _10196_/Q (sky130_fd_sc_hd__dfxtp_1)
                                         _00005_ (net)
                 41.43    0.00   32.09 ^ _05636_/S0 (sky130_fd_sc_hd__mux4_2)
     1    0.00    0.29   15.75   47.84 v _05636_/X (sky130_fd_sc_hd__mux4_2)
                                         _01231_ (net)
                  0.29    0.00   47.84 v _05640_/A0 (sky130_fd_sc_hd__mux4_2)
     1    0.00    0.26    2.57   50.41 v _05640_/X (sky130_fd_sc_hd__mux4_2)
                                         _01235_ (net)
                  0.26    0.00   50.41 v _05641_/A2 (sky130_fd_sc_hd__o21ai_0)
     1    0.00    0.47    0.60   51.01 ^ _05641_/Y (sky130_fd_sc_hd__o21ai_0)
                                         _01236_ (net)
                  0.47    0.00   51.01 ^ _05642_/B (sky130_fd_sc_hd__nor2_1)
     1    0.00    0.08    0.26   51.27 v _05642_/Y (sky130_fd_sc_hd__nor2_1)
                                         _01237_ (net)
                  0.08    0.00   51.27 v _05643_/B1 (sky130_fd_sc_hd__a21oi_1)
     1    0.00    0.33    0.38   51.65 ^ _05643_/Y (sky130_fd_sc_hd__a21oi_1)
                                         _01238_ (net)
                  0.33    0.00   51.65 ^ _05644_/B1 (sky130_fd_sc_hd__o32ai_1)
     1    0.00    0.26    0.27   51.92 v _05644_/Y (sky130_fd_sc_hd__o32ai_1)
                                         _01239_ (net)
                  0.26    0.00   51.92 v _05645_/C1 (sky130_fd_sc_hd__a211o_1)
     1    0.00    0.12    1.12   53.04 v _05645_/X (sky130_fd_sc_hd__a211o_1)
                                         _05011_ (net)
                  0.12    0.00   53.04 v cpu/pcpi_rs1[23]$_DFFE_PP_/D (sky130_fd_sc_hd__edfxtp_1)
                                 53.04   data arrival time

                  0.00   75.00   75.00   clock clk (rise edge)
                          0.00   75.00   clock network delay (ideal)
                          0.00   75.00   clock reconvergence pessimism
                                 75.00 ^ cpu/pcpi_rs1[23]$_DFFE_PP_/CLK (sky130_fd_sc_hd__edfxtp_1)
                         -1.41   73.59   library setup time
                                 73.59   data required time
-----------------------------------------------------------------------------
                                 73.59   data required time
                                -53.04   data arrival time
-----------------------------------------------------------------------------
                                 20.55   slack (MET)


SC_METRIC: setupslack
worst slack max 20.55
SC_METRIC: tns
tns max 0.00
SC_METRIC: unconstrained
Startpoint: sram (falling edge-triggered flip-flop clocked by clk)
Endpoint: sram/dout1[0] (internal pin)
Path Group: unconstrained
Path Type: max
Corner: fast

Fanout     Cap    Slew   Delay    Time   Description
-----------------------------------------------------------------------------
                  0.00    0.00   37.50 v sram/clk1 (sky130_sram_2kbyte_1rw1r_32x512_8)
     0    0.00    0.00    0.37   37.87 ^ sram/dout1[0] (sky130_sram_2kbyte_1rw1r_32x512_8)
                                         sram_dout1[31] (net)
                                 37.87   data arrival time
-----------------------------------------------------------------------------
(Path is unconstrained)


SC_METRIC: floating nets
Reporting floating nets: reports/floating_nets.rpt
SC_METRIC: overdriven nets
Reporting overdriven nets: reports/overdriven_nets.rpt
Reporting overdriven nets: reports/overdriven_nets_with_parallel.rpt
Clock                   Period          Waveform
----------------------------------------------------
clk                      75.00        0.00     37.50
SC_METRIC: cellarea
Design area 372236 um^2 39% utilization.
Cell type report:                       Count       Area
  Macro                                     1  284538.47
  Inverter                                 97     364.10
  Sequential cell                        1817   50528.46
  Multi-Input combinational cell         4603   36805.30
  Total                                  6518  372236.33

Cell instance report:
  sky130_sram_2kbyte_1rw1r_32x512_8         1  284538.47
  sky130_fd_sc_hd__a2111oi_0                2      17.52
  sky130_fd_sc_hd__a211o_1                 20     175.17
  sky130_fd_sc_hd__a211oi_1                18     135.13
  sky130_fd_sc_hd__a21boi_0                 4      30.03
  sky130_fd_sc_hd__a21o_1                  56     420.40
  sky130_fd_sc_hd__a21oi_1                271    1356.30
  sky130_fd_sc_hd__a221o_1                 13     130.12
  sky130_fd_sc_hd__a221oi_1                27     236.48
  sky130_fd_sc_hd__a222oi_1                41     410.39
  sky130_fd_sc_hd__a22o_1                  35     306.54
  sky130_fd_sc_hd__a22oi_1                 40     300.29
  sky130_fd_sc_hd__a2bb2oi_1                8      70.07
  sky130_fd_sc_hd__a311o_1                  2      20.02
  sky130_fd_sc_hd__a311oi_1                16     140.13
  sky130_fd_sc_hd__a31o_1                   7      61.31
  sky130_fd_sc_hd__a31oi_1                 65     406.64
  sky130_fd_sc_hd__a32o_1                   8      80.08
  sky130_fd_sc_hd__a32oi_1                 15     131.38
  sky130_fd_sc_hd__a41o_1                   1      10.01
  sky130_fd_sc_hd__a41oi_1                  2      17.52
  sky130_fd_sc_hd__and2_0                 123     769.49
  sky130_fd_sc_hd__and2_1                  52     325.31
  sky130_fd_sc_hd__and3_1                  56     350.34
  sky130_fd_sc_hd__and4_1                  28     245.24
  sky130_fd_sc_hd__conb_1                   2       7.51
  sky130_fd_sc_hd__dfxtp_1                403    8067.74
  sky130_fd_sc_hd__edfxtp_1              1414   42460.72
  sky130_fd_sc_hd__inv_1                   94     352.84
  sky130_fd_sc_hd__inv_2                    3      11.26
  sky130_fd_sc_hd__maj3_1                  46     460.44
  sky130_fd_sc_hd__mux2_2                  51     574.30
  sky130_fd_sc_hd__mux2i_1                 67     670.64
  sky130_fd_sc_hd__mux4_2                 604   13603.05
  sky130_fd_sc_hd__nand2_1                575    2158.32
  sky130_fd_sc_hd__nand2b_1                52     325.31
  sky130_fd_sc_hd__nand3_1                 75     375.36
  sky130_fd_sc_hd__nand3b_1                 6      45.04
  sky130_fd_sc_hd__nand4_1                 24     150.14
  sky130_fd_sc_hd__nand4b_1                 1       8.76
  sky130_fd_sc_hd__nor2_1                 676    2537.43
  sky130_fd_sc_hd__nor2b_1                 92     575.55
  sky130_fd_sc_hd__nor3_1                 131     655.63
  sky130_fd_sc_hd__nor3b_1                 25     187.68
  sky130_fd_sc_hd__nor4_1                  23     143.89
  sky130_fd_sc_hd__nor4b_1                  5      43.79
  sky130_fd_sc_hd__o2111ai_1                2      17.52
  sky130_fd_sc_hd__o211a_1                  2      20.02
  sky130_fd_sc_hd__o211ai_1                27     202.69
  sky130_fd_sc_hd__o21a_1                  45     337.82
  sky130_fd_sc_hd__o21ai_0                613    3067.94
  sky130_fd_sc_hd__o21ai_1                  3      15.01
  sky130_fd_sc_hd__o21bai_1                 2      15.01
  sky130_fd_sc_hd__o221a_2                  5      56.30
  sky130_fd_sc_hd__o221ai_1                52     455.44
  sky130_fd_sc_hd__o22a_1                   3      26.28
  sky130_fd_sc_hd__o22ai_1                 55     344.08
  sky130_fd_sc_hd__o2bb2ai_1                1       8.76
  sky130_fd_sc_hd__o311a_1                  4      40.04
  sky130_fd_sc_hd__o311ai_0                17     148.89
  sky130_fd_sc_hd__o31a_1                   7      61.31
  sky130_fd_sc_hd__o31ai_1                 25     187.68
  sky130_fd_sc_hd__o32ai_1                 19     166.41
  sky130_fd_sc_hd__o41ai_1                  1       8.76
  sky130_fd_sc_hd__or2_0                    1       6.26
  sky130_fd_sc_hd__or2_1                   30     187.68
  sky130_fd_sc_hd__or3_1                   26     162.66
  sky130_fd_sc_hd__or3b_2                   1       8.76
  sky130_fd_sc_hd__or4_1                   10      75.07
  sky130_fd_sc_hd__or4b_2                   2      20.02
  sky130_fd_sc_hd__xnor2_1                175    1532.72
  sky130_fd_sc_hd__xor2_1                 110     963.42
