[0.254, 0.345): ******** (125)
[0.345, 0.435): ********* (143)
[0.435, 0.526): ********* (136)
[0.526, 0.617): ***** (73)
[0.617, 0.707): ** (30)
[0.707, 0.798): ** (26)
[0.798, 0.888): ******* (106)
[0.888, 0.979): ************************************************** (797)
[0.979, 1.069): ************** (223)
[1.069, 1.160): * (13)
[1.160, 1.250): *** (49)
[1.250, 1.341): **** (69)
[1.341, 1.432): ******* (111)
[1.432, 1.522): ******** (123)
[1.522, 1.613): *************************** (438)
[1.613, 1.703): ***************** (272)
[1.703, 1.794): * (1)
[1.794, 1.884):  (0)
[1.884, 1.975):  (0)
[1.975, 2.066]: ** (31)
