[-2.346, -1.104): * (12)
[-1.104,  0.138): * (14)
[ 0.138,  1.380): ** (39)
[ 1.380,  2.622): ** (30)
[ 2.622,  3.865): ***** (80)
[ 3.865,  5.107): ************************************************** (789)
[ 5.107,  6.349): ************** (218)
[ 6.349,  7.591): ************ (197)
[ 7.591,  8.833): ************ (188)
[ 8.833, 10.076): ******************************************* (678)
[10.076, 11.318): ****** (88)
[11.318, 12.560): ************* (213)
[12.560, 13.802): **** (65)
[13.802, 15.044): *** (49)
[15.044, 16.287): * (18)
[16.287, 17.529): * (16)
[17.529, 18.771): * (23)
[18.771, 20.013): * (22)
[20.013, 21.255): * (19)
[21.255, 22.498]: * (8)
