Startpoint: pcpi_rs1[1]$_DFFE_PP_
            (rising edge-triggered flip-flop clocked by clk)
Endpoint: pcpi_rs1[31]$_DFFE_PP_
          (rising edge-triggered flip-flop clocked by clk)
Path Group: clk
Path Type: max
Corner: slow

Fanout     Cap    Slew   Delay    Time   Description
-----------------------------------------------------------------------------
                          0.00    0.00   clock clk (rise edge)
                          0.00    0.00   clock source latency
     2    0.06    0.00    0.00    0.00 ^ clk (in)
                                         clk (net)
                  0.00    0.00    0.00 ^ clkbuf_regs_0_clk/A (sky130_fd_sc_hd__clkbuf_16)
     1    0.01    0.09    0.27    0.27 ^ clkbuf_regs_0_clk/X (sky130_fd_sc_hd__clkbuf_16)
                                         clk_regs (net)
                  0.09    0.00    0.27 ^ clkbuf_0_clk_regs/A (sky130_fd_sc_hd__clkbuf_16)
     2    0.02    0.12    0.34    0.61 ^ clkbuf_0_clk_regs/X (sky130_fd_sc_hd__clkbuf_16)
                                         clknet_0_clk_regs (net)
                  0.12    0.00    0.61 ^ clkbuf_1_1_0_clk_regs/A (sky130_fd_sc_hd__clkbuf_16)
     2    0.02    0.14    0.38    0.98 ^ clkbuf_1_1_0_clk_regs/X (sky130_fd_sc_hd__clkbuf_16)
                                         clknet_1_1_0_clk_regs (net)
                  0.14    0.00    0.99 ^ clkbuf_2_2_0_clk_regs/A (sky130_fd_sc_hd__clkbuf_16)
     2    0.02    0.13    0.38    1.36 ^ clkbuf_2_2_0_clk_regs/X (sky130_fd_sc_hd__clkbuf_16)
                                         clknet_2_2_0_clk_regs (net)
                  0.13    0.00    1.36 ^ clkbuf_3_5__f_clk_regs/A (sky130_fd_sc_hd__clkbuf_16)
     9    0.08    0.33    0.53    1.89 ^ clkbuf_3_5__f_clk_regs/X (sky130_fd_sc_hd__clkbuf_16)
                                         clknet_3_5__leaf_clk_regs (net)
                  0.33    0.00    1.89 ^ clkbuf_leaf_46_clk_regs/A (sky130_fd_sc_hd__clkbuf_16)
    10    0.06    0.26    0.59    2.48 ^ clkbuf_leaf_46_clk_regs/X (sky130_fd_sc_hd__clkbuf_16)
                                         clknet_leaf_46_clk_regs (net)
                  0.26    0.00    2.48 ^ pcpi_rs1[1]$_DFFE_PP_/CLK (sky130_fd_sc_hd__edfxtp_1)
     3    0.02    0.43    2.01    4.49 v pcpi_rs1[1]$_DFFE_PP_/Q (sky130_fd_sc_hd__edfxtp_1)
                                         net518 (net)
                  0.43    0.00    4.49 v _5903_/A (sky130_fd_sc_hd__xnor2_4)
     2    0.01    0.51    0.88    5.37 ^ _5903_/Y (sky130_fd_sc_hd__xnor2_4)
                                         _1758_ (net)
                  0.51    0.00    5.37 ^ _5905_/A2 (sky130_fd_sc_hd__o21ai_4)
     2    0.01    0.08    0.30    5.68 v _5905_/Y (sky130_fd_sc_hd__o21ai_4)
                                         _1760_ (net)
                  0.08    0.00    5.68 v _5906_/C (sky130_fd_sc_hd__maj3_2)
     2    0.01    0.20    1.41    7.09 v _5906_/X (sky130_fd_sc_hd__maj3_2)
                                         _1761_ (net)
                  0.20    0.00    7.09 v _5907_/C (sky130_fd_sc_hd__maj3_2)
     2    0.01    0.20    1.47    8.56 v _5907_/X (sky130_fd_sc_hd__maj3_2)
                                         _1762_ (net)
                  0.20    0.00    8.56 v _5908_/C (sky130_fd_sc_hd__maj3_2)
     2    0.01    0.21    1.49   10.05 v _5908_/X (sky130_fd_sc_hd__maj3_2)
                                         _1763_ (net)
                  0.21    0.00   10.05 v _5909_/C (sky130_fd_sc_hd__maj3_2)
     3    0.02    0.26    1.57   11.62 v _5909_/X (sky130_fd_sc_hd__maj3_2)
                                         _1764_ (net)
                  0.26    0.00   11.62 v _5913_/A2 (sky130_fd_sc_hd__a211oi_4)
     2    0.01    0.93    1.29   12.91 ^ _5913_/Y (sky130_fd_sc_hd__a211oi_4)
                                         _1768_ (net)
                  0.93    0.00   12.91 ^ _5915_/A3 (sky130_fd_sc_hd__o31ai_4)
     2    0.01    0.15    0.48   13.39 v _5915_/Y (sky130_fd_sc_hd__o31ai_4)
                                         _1770_ (net)
                  0.15    0.00   13.39 v _5916_/C (sky130_fd_sc_hd__maj3_2)
     3    0.02    0.25    1.53   14.93 v _5916_/X (sky130_fd_sc_hd__maj3_2)
                                         _1771_ (net)
                  0.25    0.00   14.93 v _5919_/A2 (sky130_fd_sc_hd__a211oi_4)
     2    0.01    1.04    1.38   16.31 ^ _5919_/Y (sky130_fd_sc_hd__a211oi_4)
                                         _1774_ (net)
                  1.04    0.00   16.31 ^ _5922_/A3 (sky130_fd_sc_hd__o311ai_4)
     3    0.01    0.18    0.64   16.94 v _5922_/Y (sky130_fd_sc_hd__o311ai_4)
                                         _1777_ (net)
                  0.18    0.00   16.94 v _5924_/A3 (sky130_fd_sc_hd__a311oi_4)
     3    0.01    1.03    1.43   18.37 ^ _5924_/Y (sky130_fd_sc_hd__a311oi_4)
                                         _1779_ (net)
                  1.03    0.00   18.37 ^ _5927_/A3 (sky130_fd_sc_hd__o311ai_4)
     3    0.01    0.22    0.64   19.01 v _5927_/Y (sky130_fd_sc_hd__o311ai_4)
                                         _1782_ (net)
                  0.22    0.00   19.01 v _5929_/A3 (sky130_fd_sc_hd__a311oi_4)
     2    0.01    0.99    1.42   20.43 ^ _5929_/Y (sky130_fd_sc_hd__a311oi_4)
                                         _1784_ (net)
                  0.99    0.00   20.43 ^ _5932_/A3 (sky130_fd_sc_hd__o311ai_4)
     3    0.01    0.19    0.62   21.05 v _5932_/Y (sky130_fd_sc_hd__o311ai_4)
                                         _1787_ (net)
                  0.19    0.00   21.05 v _5934_/A3 (sky130_fd_sc_hd__a311oi_4)
     2    0.01    1.02    1.42   22.47 ^ _5934_/Y (sky130_fd_sc_hd__a311oi_4)
                                         _1789_ (net)
                  1.02    0.00   22.47 ^ _5937_/A3 (sky130_fd_sc_hd__o311ai_4)
     2    0.01    0.18    0.62   23.09 v _5937_/Y (sky130_fd_sc_hd__o311ai_4)
                                         _1792_ (net)
                  0.18    0.00   23.09 v _5939_/A3 (sky130_fd_sc_hd__a311oi_4)
     2    0.01    0.80    1.25   24.33 ^ _5939_/Y (sky130_fd_sc_hd__a311oi_4)
                                         _1794_ (net)
                  0.80    0.00   24.33 ^ _5941_/A3 (sky130_fd_sc_hd__o31ai_2)
     3    0.01    0.14    0.49   24.82 v _5941_/Y (sky130_fd_sc_hd__o31ai_2)
                                         _1796_ (net)
                  0.14    0.00   24.82 v _5942_/C (sky130_fd_sc_hd__maj3_2)
     2    0.01    0.20    1.44   26.26 v _5942_/X (sky130_fd_sc_hd__maj3_2)
                                         _1797_ (net)
                  0.20    0.00   26.26 v _5943_/C (sky130_fd_sc_hd__maj3_2)
     1    0.01    0.21    1.49   27.74 v _5943_/X (sky130_fd_sc_hd__maj3_2)
                                         _1798_ (net)
                  0.21    0.00   27.74 v _5945_/A (sky130_fd_sc_hd__xnor2_2)
     1    0.00    0.31    0.54   28.29 ^ _5945_/Y (sky130_fd_sc_hd__xnor2_2)
                                         _1800_ (net)
                  0.31    0.00   28.29 ^ _6039_/A2 (sky130_fd_sc_hd__o21ai_1)
     1    0.00    0.15    0.24   28.52 v _6039_/Y (sky130_fd_sc_hd__o21ai_1)
                                         _4389_ (net)
                  0.15    0.00   28.52 v pcpi_rs1[31]$_DFFE_PP_/D (sky130_fd_sc_hd__edfxtp_1)
                                 28.52   data arrival time

                         25.00   25.00   clock clk (rise edge)
                          0.00   25.00   clock source latency
     2    0.06    0.00    0.00   25.00 ^ clk (in)
                                         clk (net)
                  0.00    0.00   25.00 ^ clkbuf_regs_0_clk/A (sky130_fd_sc_hd__clkbuf_16)
     1    0.01    0.09    0.27   25.27 ^ clkbuf_regs_0_clk/X (sky130_fd_sc_hd__clkbuf_16)
                                         clk_regs (net)
                  0.09    0.00   25.27 ^ clkbuf_0_clk_regs/A (sky130_fd_sc_hd__clkbuf_16)
     2    0.02    0.12    0.34   25.61 ^ clkbuf_0_clk_regs/X (sky130_fd_sc_hd__clkbuf_16)
                                         clknet_0_clk_regs (net)
                  0.12    0.00   25.61 ^ clkbuf_1_0_0_clk_regs/A (sky130_fd_sc_hd__clkbuf_16)
     2    0.02    0.14    0.37   25.98 ^ clkbuf_1_0_0_clk_regs/X (sky130_fd_sc_hd__clkbuf_16)
                                         clknet_1_0_0_clk_regs (net)
                  0.14    0.00   25.98 ^ clkbuf_2_0_0_clk_regs/A (sky130_fd_sc_hd__clkbuf_16)
     2    0.02    0.13    0.37   26.36 ^ clkbuf_2_0_0_clk_regs/X (sky130_fd_sc_hd__clkbuf_16)
                                         clknet_2_0_0_clk_regs (net)
                  0.13    0.00   26.36 ^ clkbuf_3_1__f_clk_regs/A (sky130_fd_sc_hd__clkbuf_16)
     8    0.07    0.31    0.51   26.87 ^ clkbuf_3_1__f_clk_regs/X (sky130_fd_sc_hd__clkbuf_16)
                                         clknet_3_1__leaf_clk_regs (net)
                  0.31    0.00   26.87 ^ clkbuf_leaf_3_clk_regs/A (sky130_fd_sc_hd__clkbuf_16)
    19    0.07    0.29    0.60   27.47 ^ clkbuf_leaf_3_clk_regs/X (sky130_fd_sc_hd__clkbuf_16)
                                         clknet_leaf_3_clk_regs (net)
                  0.29    0.00   27.47 ^ pcpi_rs1[31]$_DFFE_PP_/CLK (sky130_fd_sc_hd__edfxtp_1)
                          0.00   27.47   clock reconvergence pessimism
                         -1.29   26.18   library setup time
                                 26.18   data required time
-----------------------------------------------------------------------------
                                 26.18   data required time
                                -28.52   data arrival time
-----------------------------------------------------------------------------
                                 -2.35   slack (VIOLATED)


