[-47.367, -43.869): * (7)
[-43.869, -40.372): * (6)
[-40.372, -36.874): *** (53)
[-36.874, -33.376): * (3)
[-33.376, -29.878):  (0)
[-29.878, -26.380):  (0)
[-26.380, -22.883):  (0)
[-22.883, -19.385):  (0)
[-19.385, -15.887):  (0)
[-15.887, -12.389):  (0)
[-12.389,  -8.891): * (4)
[ -8.891,  -5.393): ** (48)
[ -5.393,  -1.896): * (14)
[ -1.896,   1.602): ******************** (429)
[  1.602,   5.100): ************************************************** (1059)
[  5.100,   8.598): ******************************* (647)
[  8.598,  12.096): *********** (228)
[ 12.096,  15.594): ******* (155)
[ 15.594,  19.091): **** (75)
[ 19.091,  22.589]: ** (38)
