Cell type report:                       Count       Area
  Tap cell                              18487   23130.93
  Timing Repair Buffer                    114     950.91
  Inverter                                 84     315.30
  Sequential cell                        1597   44786.70
  Multi-Input combinational cell         4059   32315.99
  Total                                 24341  101499.85

Cell instance report:
  sky130_fd_sc_hd__a2111oi_0                1       8.76
  sky130_fd_sc_hd__a2111oi_2                1      15.01
  sky130_fd_sc_hd__a211o_1                 12     105.10
  sky130_fd_sc_hd__a211oi_1                23     172.67
  sky130_fd_sc_hd__a211oi_2                 2      25.02
  sky130_fd_sc_hd__a21boi_0                 5      37.54
  sky130_fd_sc_hd__a21o_1                  63     472.95
  sky130_fd_sc_hd__a21oi_1                276    1381.32
  sky130_fd_sc_hd__a21oi_2                  1       8.76
  sky130_fd_sc_hd__a21oi_4                  1      16.27
  sky130_fd_sc_hd__a221o_1                 15     150.14
  sky130_fd_sc_hd__a221oi_1                25     218.96
  sky130_fd_sc_hd__a222oi_1                40     400.38
  sky130_fd_sc_hd__a22o_1                  27     236.48
  sky130_fd_sc_hd__a22oi_1                 38     285.27
  sky130_fd_sc_hd__a2bb2oi_1                1       8.76
  sky130_fd_sc_hd__a311o_1                  2      20.02
  sky130_fd_sc_hd__a311oi_1                11      96.34
  sky130_fd_sc_hd__a311oi_2                 3      45.04
  sky130_fd_sc_hd__a31o_1                   4      35.03
  sky130_fd_sc_hd__a31oi_1                 64     400.38
  sky130_fd_sc_hd__a32o_1                   8      80.08
  sky130_fd_sc_hd__a32oi_1                 10      87.58
  sky130_fd_sc_hd__a41oi_1                  3      26.28
  sky130_fd_sc_hd__and2_0                  26     162.66
  sky130_fd_sc_hd__and2_1                  53     331.57
  sky130_fd_sc_hd__and3_1                  49     306.54
  sky130_fd_sc_hd__and4_1                  32     280.27
  sky130_fd_sc_hd__buf_12                   7     140.13
  sky130_fd_sc_hd__buf_4                  106     795.76
  sky130_fd_sc_hd__buf_8                    1      15.01
  sky130_fd_sc_hd__clkinv_1                 3      11.26
  sky130_fd_sc_hd__conb_1                  34     127.62
  sky130_fd_sc_hd__dfxtp_1                314    6286.03
  sky130_fd_sc_hd__dfxtp_2                  3      63.81
  sky130_fd_sc_hd__edfxtp_1              1280   38436.86
  sky130_fd_sc_hd__inv_1                   78     292.78
  sky130_fd_sc_hd__inv_2                    3      11.26
  sky130_fd_sc_hd__maj3_1                   4      40.04
  sky130_fd_sc_hd__maj3_2                   7      78.83
  sky130_fd_sc_hd__mux2_2                  54     608.08
  sky130_fd_sc_hd__mux2_4                   1      15.01
  sky130_fd_sc_hd__mux2i_1                 75     750.72
  sky130_fd_sc_hd__mux4_2                 540   12161.66
  sky130_fd_sc_hd__nand2_1                541    2030.70
  sky130_fd_sc_hd__nand2b_1                39     243.98
  sky130_fd_sc_hd__nand3_1                 76     380.36
  sky130_fd_sc_hd__nand3b_1                11      82.58
  sky130_fd_sc_hd__nand4_1                 21     131.38
  sky130_fd_sc_hd__nand4b_1                 3      26.28
  sky130_fd_sc_hd__nor2_1                 586    2199.61
  sky130_fd_sc_hd__nor2_2                  33     206.45
  sky130_fd_sc_hd__nor2b_1                 47     294.03
  sky130_fd_sc_hd__nor3_1                 111     555.53
  sky130_fd_sc_hd__nor3_2                   3      30.03
  sky130_fd_sc_hd__nor3b_1                  2      15.01
  sky130_fd_sc_hd__nor4_1                  20     125.12
  sky130_fd_sc_hd__nor4_2                   2      25.02
  sky130_fd_sc_hd__nor4b_1                  3      26.28
  sky130_fd_sc_hd__o2111a_1                 1      11.26
  sky130_fd_sc_hd__o2111ai_1                1       8.76
  sky130_fd_sc_hd__o211a_1                  2      20.02
  sky130_fd_sc_hd__o211ai_1                28     210.20
  sky130_fd_sc_hd__o21a_1                  33     247.74
  sky130_fd_sc_hd__o21ai_0                544    2722.61
  sky130_fd_sc_hd__o21ai_1                 19      95.09
  sky130_fd_sc_hd__o21bai_1                 3      22.52
  sky130_fd_sc_hd__o221a_2                  3      33.78
  sky130_fd_sc_hd__o221ai_1                58     507.99
  sky130_fd_sc_hd__o22a_1                   1       8.76
  sky130_fd_sc_hd__o22ai_1                 48     300.29
  sky130_fd_sc_hd__o2bb2ai_1                2      17.52
  sky130_fd_sc_hd__o311a_1                  1      10.01
  sky130_fd_sc_hd__o311ai_0                 4      35.03
  sky130_fd_sc_hd__o311ai_1                 8      70.07
  sky130_fd_sc_hd__o31a_1                   5      43.79
  sky130_fd_sc_hd__o31ai_1                 26     195.19
  sky130_fd_sc_hd__o31ai_2                  1      12.51
  sky130_fd_sc_hd__o32ai_1                 11      96.34
  sky130_fd_sc_hd__or2_1                   27     168.91
  sky130_fd_sc_hd__or3_1                   20     125.12
  sky130_fd_sc_hd__or3b_2                   3      26.28
  sky130_fd_sc_hd__or4_1                    5      37.54
  sky130_fd_sc_hd__or4b_2                   2      20.02
  sky130_fd_sc_hd__tapvpwrvgnd_1        18487   23130.93
  sky130_fd_sc_hd__xnor2_1                123    1077.28
  sky130_fd_sc_hd__xor2_1                  71     621.85
