OpenROAD v2.0-27941-gf9f3050fe8 
Features included (+) or not (-): +GPU +GUI +Python
This program is licensed under the BSD-3 license. See the LICENSE file for details.
Components of this program may be licensed under more restrictive licenses which must be honored.
[INFO ORD-0030] Using 20 thread(s).
[INFO FLW-0001] Defining timing corners: fast slow typical
Reading liberty file for fast: /home/arthur/.sc/cache/lambdapdk-v0.2.12-7b36460386694c92/lambdapdk/sky130/libs/sky130hd/nldm/sky130_fd_sc_hd__ff_100C_1v95.lib.gz
Reading liberty file for slow: /home/arthur/.sc/cache/lambdapdk-v0.2.12-7b36460386694c92/lambdapdk/sky130/libs/sky130hd/nldm/sky130_fd_sc_hd__ss_n40C_1v40.lib.gz
Reading liberty file for typical: /home/arthur/.sc/cache/lambdapdk-v0.2.12-7b36460386694c92/lambdapdk/sky130/libs/sky130hd/nldm/sky130_fd_sc_hd__tt_025C_1v80.lib.gz
Reading ODB: inputs/picorv32_bp_top.odb.gz
Reading SDC: inputs/picorv32_bp_top.sdc
[INFO FLW-0001] Timing path groups: asynchronous {path delay} {gated clock} unconstrained
[WARNING FLW-0001] No clocks defined.
[INFO FLW-0001] Sourcing parasitic estimation from: /home/arthur/ECE507/project/build/picorv32_bp_top/job0/place.repair_design/0/inputs/sc_parasitics.tcl
[INFO FLW-0001] Using met5 for clock parasitics estimation
[INFO FLW-0001] Using met3 for signal parasitics estimation
[INFO FLW-0001] Setting global routing adjustment for li1 to 100%
[INFO FLW-0001] Setting global routing adjustment for met1 to 40.0%
[INFO FLW-0001] Setting global routing adjustment for met2 to 40.0%
[INFO FLW-0001] Setting global routing adjustment for met3 to 30.0%
[INFO FLW-0001] Setting global routing adjustment for met4 to 30.0%
[INFO FLW-0001] Setting global routing adjustment for met5 to 30.0%
Global connection rules: 2
  Instances: ".*" with pins "VPWR" connect to "VDD"
  Instances: ".*" with pins "VGND" connect to "VSS"
Dont use report: reports/dont_use.repair_drv.rpt
Iteration |   Area    | Resized | Buffers | Nets repaired | Remaining
---------------------------------------------------------------------
        0 |     +0.0% |       0 |       0 |             0 |      5856
     1000 |     +0.0% |       0 |       0 |             0 |      4856
     2000 |     +0.0% |       0 |       0 |             0 |      3856
     3000 |     +0.0% |       0 |       0 |             0 |      2856
     4000 |     +0.0% |       1 |       0 |             0 |      1856
     5000 |     +0.0% |       1 |       1 |             1 |       856
    final |     +0.0% |       1 |       1 |             1 |         0
---------------------------------------------------------------------
[INFO RSZ-0034] Found 2 slew violations.
[INFO RSZ-0036] Found 1 capacitance violations.
[INFO RSZ-0039] Resized 1 instances.
[INFO RSZ-0038] Inserted 1 buffers in 1 nets.
[INFO RSZ-0042] Inserted 34 tie sky130_fd_sc_hd__conb_1 instances.
Writing database: outputs/picorv32_bp_top.odb.gz
Writing DEF: outputs/picorv32_bp_top.def.gz
Writing netlist: outputs/picorv32_bp_top.vg
Writing LEC netlist: outputs/picorv32_bp_top.lec.vg
Writing SDC: outputs/picorv32_bp_top.sdc
SC_METRIC: report_checks -path_delay max
No paths found.
SC_METRIC: setupslack
worst slack max INF
SC_METRIC: tns
tns max 0.00
SC_METRIC: unconstrained
Startpoint: cpu/decoder_trigger$_DFF_P_ (rising edge-triggered flip-flop)
Endpoint: cpu/count_instr[62]$_SDFFE_PN0P_ (rising edge-triggered flip-flop)
Path Group: unconstrained
Path Type: max
Corner: slow

Fanout     Cap    Slew   Delay    Time   Description
-----------------------------------------------------------------------------
                  4.22    0.00    0.00 ^ cpu/decoder_trigger$_DFF_P_/CLK (sky130_fd_sc_hd__dfxtp_1)
    35    0.15    4.95    6.63    6.63 ^ cpu/decoder_trigger$_DFF_P_/Q (sky130_fd_sc_hd__dfxtp_1)
                                         _3425_ (net)
                  4.95    0.00    6.63 ^ _8620_/D (sky130_fd_sc_hd__and4_1)
     4    0.01    0.38    2.57    9.20 ^ _8620_/X (sky130_fd_sc_hd__and4_1)
                                         _4149_ (net)
                  0.38    0.00    9.20 ^ _8621_/D (sky130_fd_sc_hd__and4_1)
     5    0.01    0.39    0.89   10.09 ^ _8621_/X (sky130_fd_sc_hd__and4_1)
                                         _4150_ (net)
                  0.39    0.00   10.09 ^ _8622_/D (sky130_fd_sc_hd__and4_1)
     5    0.01    0.42    0.92   11.01 ^ _8622_/X (sky130_fd_sc_hd__and4_1)
                                         _4151_ (net)
                  0.42    0.00   11.01 ^ _8623_/D (sky130_fd_sc_hd__and4_1)
     5    0.01    0.45    0.96   11.97 ^ _8623_/X (sky130_fd_sc_hd__and4_1)
                                         _4152_ (net)
                  0.45    0.00   11.97 ^ _8624_/D (sky130_fd_sc_hd__and4_1)
     5    0.01    0.44    0.97   12.94 ^ _8624_/X (sky130_fd_sc_hd__and4_1)
                                         _4153_ (net)
                  0.44    0.00   12.94 ^ _8625_/D (sky130_fd_sc_hd__and4_1)
     4    0.01    0.36    0.90   13.84 ^ _8625_/X (sky130_fd_sc_hd__and4_1)
                                         _4154_ (net)
                  0.36    0.00   13.84 ^ _8626_/D (sky130_fd_sc_hd__and4_1)
     5    0.01    0.39    0.89   14.73 ^ _8626_/X (sky130_fd_sc_hd__and4_1)
                                         _4155_ (net)
                  0.39    0.00   14.73 ^ _8627_/D (sky130_fd_sc_hd__and4_1)
     5    0.01    0.39    0.90   15.63 ^ _8627_/X (sky130_fd_sc_hd__and4_1)
                                         _4156_ (net)
                  0.39    0.00   15.63 ^ _8628_/D (sky130_fd_sc_hd__and4_1)
     5    0.01    0.41    0.91   16.54 ^ _8628_/X (sky130_fd_sc_hd__and4_1)
                                         _4157_ (net)
                  0.41    0.00   16.54 ^ _8629_/D (sky130_fd_sc_hd__and4_1)
     5    0.01    0.43    0.94   17.48 ^ _8629_/X (sky130_fd_sc_hd__and4_1)
                                         _4158_ (net)
                  0.43    0.00   17.48 ^ _8630_/D (sky130_fd_sc_hd__and4_1)
     5    0.01    0.45    0.96   18.43 ^ _8630_/X (sky130_fd_sc_hd__and4_1)
                                         _4159_ (net)
                  0.45    0.00   18.43 ^ _8631_/D (sky130_fd_sc_hd__and4_1)
     5    0.01    0.43    0.96   19.39 ^ _8631_/X (sky130_fd_sc_hd__and4_1)
                                         _4160_ (net)
                  0.43    0.00   19.39 ^ _8632_/D (sky130_fd_sc_hd__and4_1)
     5    0.01    0.48    0.99   20.38 ^ _8632_/X (sky130_fd_sc_hd__and4_1)
                                         _4161_ (net)
                  0.48    0.00   20.38 ^ _8633_/D (sky130_fd_sc_hd__nand4_1)
     2    0.01    0.30    0.53   20.91 v _8633_/Y (sky130_fd_sc_hd__nand4_1)
                                         _4162_ (net)
                  0.30    0.00   20.91 v _8634_/D (sky130_fd_sc_hd__nor4_2)
     5    0.01    1.55    1.43   22.34 ^ _8634_/Y (sky130_fd_sc_hd__nor4_2)
                                         _4163_ (net)
                  1.55    0.00   22.34 ^ _8635_/D (sky130_fd_sc_hd__nand4_1)
     5    0.01    0.51    1.12   23.46 v _8635_/Y (sky130_fd_sc_hd__nand4_1)
                                         _4164_ (net)
                  0.51    0.00   23.46 v _8636_/D (sky130_fd_sc_hd__nor4_1)
     4    0.01    1.93    1.86   25.32 ^ _8636_/Y (sky130_fd_sc_hd__nor4_1)
                                         _4165_ (net)
                  1.93    0.00   25.32 ^ _8637_/C (sky130_fd_sc_hd__and3_1)
     5    0.01    0.37    1.42   26.74 ^ _8637_/X (sky130_fd_sc_hd__and3_1)
                                         _4166_ (net)
                  0.37    0.00   26.74 ^ _8638_/D (sky130_fd_sc_hd__and4_1)
     6    0.01    0.49    0.97   27.71 ^ _8638_/X (sky130_fd_sc_hd__and4_1)
                                         _4167_ (net)
                  0.49    0.00   27.71 ^ _8639_/D (sky130_fd_sc_hd__and4_1)
     6    0.01    0.53    1.05   28.76 ^ _8639_/X (sky130_fd_sc_hd__and4_1)
                                         _4168_ (net)
                  0.53    0.00   28.76 ^ _8640_/D (sky130_fd_sc_hd__and4_1)
     4    0.01    0.38    0.95   29.71 ^ _8640_/X (sky130_fd_sc_hd__and4_1)
                                         _4169_ (net)
                  0.38    0.00   29.71 ^ _8641_/B (sky130_fd_sc_hd__and2_0)
     3    0.01    0.39    0.67   30.38 ^ _8641_/X (sky130_fd_sc_hd__and2_0)
                                         _4170_ (net)
                  0.39    0.00   30.38 ^ _8642_/A2 (sky130_fd_sc_hd__o21ai_0)
     1    0.00    0.15    0.32   30.69 v _8642_/Y (sky130_fd_sc_hd__o21ai_0)
                                         _4171_ (net)
                  0.15    0.00   30.69 v _8643_/B1 (sky130_fd_sc_hd__a21oi_1)
     1    0.00    0.32    0.42   31.11 ^ _8643_/Y (sky130_fd_sc_hd__a21oi_1)
                                         _0293_ (net)
                  0.32    0.00   31.11 ^ cpu/count_instr[62]$_SDFFE_PN0P_/D (sky130_fd_sc_hd__dfxtp_1)
                                 31.11   data arrival time
-----------------------------------------------------------------------------
(Path is unconstrained)


SC_METRIC: DRV violators
SC_METRIC: floating nets
Reporting floating nets: reports/floating_nets.rpt
SC_METRIC: overdriven nets
Reporting overdriven nets: reports/overdriven_nets.rpt
Reporting overdriven nets: reports/overdriven_nets_with_parallel.rpt
SC_METRIC: fmax
SC_METRIC: power
Power for corner: fast
Group                  Internal  Switching    Leakage      Total
                          Power      Power      Power      Power (Watts)
----------------------------------------------------------------
Sequential             1.89e-02   1.18e-02   4.73e-05   3.08e-02  27.7%
Combinational          4.40e-02   3.62e-02   3.21e-05   8.03e-02  72.3%
Clock                  0.00e+00   0.00e+00   0.00e+00   0.00e+00   0.0%
Macro                  0.00e+00   0.00e+00   0.00e+00   0.00e+00   0.0%
Pad                    0.00e+00   0.00e+00   0.00e+00   0.00e+00   0.0%
----------------------------------------------------------------
Total                  6.29e-02   4.81e-02   7.94e-05   1.11e-01 100.0%
                          56.6%      43.3%       0.1%
Power for corner: slow
Group                  Internal  Switching    Leakage      Total
                          Power      Power      Power      Power (Watts)
----------------------------------------------------------------
Sequential             6.78e-03   5.84e-03   6.00e-10   1.26e-02  29.9%
Combinational          1.29e-02   1.66e-02   8.48e-10   2.96e-02  70.1%
Clock                  0.00e+00   0.00e+00   0.00e+00   0.00e+00   0.0%
Macro                  0.00e+00   0.00e+00   0.00e+00   0.00e+00   0.0%
Pad                    0.00e+00   0.00e+00   0.00e+00   0.00e+00   0.0%
----------------------------------------------------------------
Total                  1.97e-02   2.25e-02   1.45e-09   4.22e-02 100.0%
                          46.7%      53.3%       0.0%
Power for corner: typical
Group                  Internal  Switching    Leakage      Total
                          Power      Power      Power      Power (Watts)
----------------------------------------------------------------
Sequential             1.30e-02   9.97e-03   1.37e-08   2.30e-02  30.0%
Combinational          2.37e-02   3.00e-02   1.16e-08   5.37e-02  70.0%
Clock                  0.00e+00   0.00e+00   0.00e+00   0.00e+00   0.0%
Macro                  0.00e+00   0.00e+00   0.00e+00   0.00e+00   0.0%
Pad                    0.00e+00   0.00e+00   0.00e+00   0.00e+00   0.0%
----------------------------------------------------------------
Total                  3.67e-02   3.99e-02   2.52e-08   7.67e-02 100.0%
                          47.9%      52.1%       0.0%
SC_METRIC: cellarea
Design area 78369 um^2 6% utilization.
Cell type report:                       Count       Area
  Tap cell                              18487   23130.93
  Timing Repair Buffer                    114     950.91
  Inverter                                 84     315.30
  Sequential cell                        1597   44786.70
  Multi-Input combinational cell         4059   32315.99
  Total                                 24341  101499.85

Cell instance report:
  sky130_fd_sc_hd__a2111oi_0                1       8.76
  sky130_fd_sc_hd__a2111oi_2                1      15.01
  sky130_fd_sc_hd__a211o_1                 12     105.10
  sky130_fd_sc_hd__a211oi_1                23     172.67
  sky130_fd_sc_hd__a211oi_2                 2      25.02
  sky130_fd_sc_hd__a21boi_0                 5      37.54
  sky130_fd_sc_hd__a21o_1                  63     472.95
  sky130_fd_sc_hd__a21oi_1                276    1381.32
  sky130_fd_sc_hd__a21oi_2                  1       8.76
  sky130_fd_sc_hd__a21oi_4                  1      16.27
  sky130_fd_sc_hd__a221o_1                 15     150.14
  sky130_fd_sc_hd__a221oi_1                25     218.96
  sky130_fd_sc_hd__a222oi_1                40     400.38
  sky130_fd_sc_hd__a22o_1                  27     236.48
  sky130_fd_sc_hd__a22oi_1                 38     285.27
  sky130_fd_sc_hd__a2bb2oi_1                1       8.76
  sky130_fd_sc_hd__a311o_1                  2      20.02
  sky130_fd_sc_hd__a311oi_1                11      96.34
  sky130_fd_sc_hd__a311oi_2                 3      45.04
  sky130_fd_sc_hd__a31o_1                   4      35.03
  sky130_fd_sc_hd__a31oi_1                 64     400.38
  sky130_fd_sc_hd__a32o_1                   8      80.08
  sky130_fd_sc_hd__a32oi_1                 10      87.58
  sky130_fd_sc_hd__a41oi_1                  3      26.28
  sky130_fd_sc_hd__and2_0                  26     162.66
  sky130_fd_sc_hd__and2_1                  53     331.57
  sky130_fd_sc_hd__and3_1                  49     306.54
  sky130_fd_sc_hd__and4_1                  32     280.27
  sky130_fd_sc_hd__buf_12                   7     140.13
  sky130_fd_sc_hd__buf_4                  106     795.76
  sky130_fd_sc_hd__buf_8                    1      15.01
  sky130_fd_sc_hd__clkinv_1                 3      11.26
  sky130_fd_sc_hd__conb_1                  34     127.62
  sky130_fd_sc_hd__dfxtp_1                314    6286.03
  sky130_fd_sc_hd__dfxtp_2                  3      63.81
  sky130_fd_sc_hd__edfxtp_1              1280   38436.86
  sky130_fd_sc_hd__inv_1                   78     292.78
  sky130_fd_sc_hd__inv_2                    3      11.26
  sky130_fd_sc_hd__maj3_1                   4      40.04
  sky130_fd_sc_hd__maj3_2                   7      78.83
  sky130_fd_sc_hd__mux2_2                  54     608.08
  sky130_fd_sc_hd__mux2_4                   1      15.01
  sky130_fd_sc_hd__mux2i_1                 75     750.72
  sky130_fd_sc_hd__mux4_2                 540   12161.66
  sky130_fd_sc_hd__nand2_1                541    2030.70
  sky130_fd_sc_hd__nand2b_1                39     243.98
  sky130_fd_sc_hd__nand3_1                 76     380.36
  sky130_fd_sc_hd__nand3b_1                11      82.58
  sky130_fd_sc_hd__nand4_1                 21     131.38
  sky130_fd_sc_hd__nand4b_1                 3      26.28
  sky130_fd_sc_hd__nor2_1                 586    2199.61
  sky130_fd_sc_hd__nor2_2                  33     206.45
  sky130_fd_sc_hd__nor2b_1                 47     294.03
  sky130_fd_sc_hd__nor3_1                 111     555.53
  sky130_fd_sc_hd__nor3_2                   3      30.03
  sky130_fd_sc_hd__nor3b_1                  2      15.01
  sky130_fd_sc_hd__nor4_1                  20     125.12
  sky130_fd_sc_hd__nor4_2                   2      25.02
  sky130_fd_sc_hd__nor4b_1                  3      26.28
  sky130_fd_sc_hd__o2111a_1                 1      11.26
  sky130_fd_sc_hd__o2111ai_1                1       8.76
  sky130_fd_sc_hd__o211a_1                  2      20.02
  sky130_fd_sc_hd__o211ai_1                28     210.20
  sky130_fd_sc_hd__o21a_1                  33     247.74
  sky130_fd_sc_hd__o21ai_0                544    2722.61
  sky130_fd_sc_hd__o21ai_1                 19      95.09
  sky130_fd_sc_hd__o21bai_1                 3      22.52
  sky130_fd_sc_hd__o221a_2                  3      33.78
  sky130_fd_sc_hd__o221ai_1                58     507.99
  sky130_fd_sc_hd__o22a_1                   1       8.76
  sky130_fd_sc_hd__o22ai_1                 48     300.29
  sky130_fd_sc_hd__o2bb2ai_1                2      17.52
  sky130_fd_sc_hd__o311a_1                  1      10.01
  sky130_fd_sc_hd__o311ai_0                 4      35.03
  sky130_fd_sc_hd__o311ai_1                 8      70.07
  sky130_fd_sc_hd__o31a_1                   5      43.79
  sky130_fd_sc_hd__o31ai_1                 26     195.19
  sky130_fd_sc_hd__o31ai_2                  1      12.51
  sky130_fd_sc_hd__o32ai_1                 11      96.34
  sky130_fd_sc_hd__or2_1                   27     168.91
  sky130_fd_sc_hd__or3_1                   20     125.12
  sky130_fd_sc_hd__or3b_2                   3      26.28
  sky130_fd_sc_hd__or4_1                    5      37.54
  sky130_fd_sc_hd__or4b_2                   2      20.02
  sky130_fd_sc_hd__tapvpwrvgnd_1        18487   23130.93
  sky130_fd_sc_hd__xnor2_1                123    1077.28
  sky130_fd_sc_hd__xor2_1                  71     621.85
[WARNING GUI-0076] QStandardPaths: wrong permissions on runtime directory /run/user/1000/, 0755 instead of 0700
[INFO FLW-0001] Saving "snapshot" to reports/images/picorv32_bp_top.png
[INFO FLW-0001] Saving "placement" to reports/images/picorv32_bp_top.placement.png
[INFO FLW-0001] Saving "setup timing histogram" to reports/images/timing/setup.histogram.png
[WARNING GUI-0097] All pins are unconstrained. Cannot plot histogram. Check if timing data is loaded!
[WARNING GUI-0097] All pins are unconstrained. Cannot plot histogram. Check if timing data is loaded!
[INFO FLW-0001] Saving "placement density heatmap" to reports/images/heatmap/placement_density.png
[INFO FLW-0001] Saving "estimated routing congestion heatmap" to reports/images/heatmap/estimated_routing_congestion.png
[INFO FLW-0001] Saving "power density for fast heatmap" to reports/images/heatmap/power_density/fast.png
[INFO FLW-0001] Saving "power density for slow heatmap" to reports/images/heatmap/power_density/slow.png
[INFO FLW-0001] Saving "power density for typical heatmap" to reports/images/heatmap/power_density/typical.png
[INFO FLW-0001] Saving "optimizer" to reports/images/picorv32_bp_top.optimizer.png
