Startpoint: mem_valid$_SDFFCE_PN0P_
            (rising edge-triggered flip-flop clocked by clk)
Endpoint: mem_ready$_DFF_P_ (rising edge-triggered flip-flop clocked by clk)
Path Group: clk
Path Type: min
Corner: fast

Fanout     Cap    Slew   Delay    Time   Description
-----------------------------------------------------------------------------
                          0.00    0.00   clock clk (rise edge)
                          0.00    0.00   clock source latency
     2    0.02    0.00    0.00    0.00 ^ clk (in)
                                         clk (net)
                  0.00    0.00    0.00 ^ clkbuf_regs_0_clk/A (sky130_fd_sc_hd__clkbuf_16)
     1    0.01    0.03    0.08    0.08 ^ clkbuf_regs_0_clk/X (sky130_fd_sc_hd__clkbuf_16)
                                         clk_regs (net)
                  0.03    0.00    0.08 ^ clkbuf_0_clk_regs/A (sky130_fd_sc_hd__clkbuf_16)
     2    0.02    0.03    0.09    0.16 ^ clkbuf_0_clk_regs/X (sky130_fd_sc_hd__clkbuf_16)
                                         clknet_0_clk_regs (net)
                  0.03    0.00    0.16 ^ clkbuf_1_1_0_clk_regs/A (sky130_fd_sc_hd__clkbuf_16)
     2    0.02    0.03    0.09    0.25 ^ clkbuf_1_1_0_clk_regs/X (sky130_fd_sc_hd__clkbuf_16)
                                         clknet_1_1_0_clk_regs (net)
                  0.03    0.00    0.25 ^ clkbuf_2_2_0_clk_regs/A (sky130_fd_sc_hd__clkbuf_16)
     2    0.02    0.03    0.09    0.34 ^ clkbuf_2_2_0_clk_regs/X (sky130_fd_sc_hd__clkbuf_16)
                                         clknet_2_2_0_clk_regs (net)
                  0.03    0.00    0.34 ^ clkbuf_3_5__f_clk_regs/A (sky130_fd_sc_hd__clkbuf_16)
     9    0.07    0.07    0.12    0.46 ^ clkbuf_3_5__f_clk_regs/X (sky130_fd_sc_hd__clkbuf_16)
                                         clknet_3_5__leaf_clk_regs (net)
                  0.07    0.00    0.46 ^ clkbuf_leaf_52_clk_regs/A (sky130_fd_sc_hd__clkbuf_16)
    20    0.06    0.06    0.12    0.58 ^ clkbuf_leaf_52_clk_regs/X (sky130_fd_sc_hd__clkbuf_16)
                                         clknet_leaf_52_clk_regs (net)
                  0.06    0.00    0.58 ^ mem_valid$_SDFFCE_PN0P_/CLK (sky130_fd_sc_hd__edfxtp_1)
     2    0.00    0.05    0.23    0.81 ^ mem_valid$_SDFFCE_PN0P_/Q (sky130_fd_sc_hd__edfxtp_1)
                                         mem_valid (net)
                  0.05    0.00    0.81 ^ mem_ready$_DFF_P_/D (sky130_fd_sc_hd__dfxtp_1)
                                  0.81   data arrival time

                          0.00    0.00   clock clk (rise edge)
                          0.00    0.00   clock source latency
     2    0.02    0.00    0.00    0.00 ^ clk (in)
                                         clk (net)
                  0.00    0.00    0.00 ^ clkbuf_regs_0_clk/A (sky130_fd_sc_hd__clkbuf_16)
     1    0.01    0.03    0.08    0.08 ^ clkbuf_regs_0_clk/X (sky130_fd_sc_hd__clkbuf_16)
                                         clk_regs (net)
                  0.03    0.00    0.08 ^ clkbuf_0_clk_regs/A (sky130_fd_sc_hd__clkbuf_16)
     2    0.02    0.03    0.09    0.16 ^ clkbuf_0_clk_regs/X (sky130_fd_sc_hd__clkbuf_16)
                                         clknet_0_clk_regs (net)
                  0.03    0.00    0.16 ^ clkbuf_1_1_0_clk_regs/A (sky130_fd_sc_hd__clkbuf_16)
     2    0.02    0.03    0.09    0.25 ^ clkbuf_1_1_0_clk_regs/X (sky130_fd_sc_hd__clkbuf_16)
                                         clknet_1_1_0_clk_regs (net)
                  0.03    0.00    0.25 ^ clkbuf_2_2_0_clk_regs/A (sky130_fd_sc_hd__clkbuf_16)
     2    0.02    0.03    0.09    0.34 ^ clkbuf_2_2_0_clk_regs/X (sky130_fd_sc_hd__clkbuf_16)
                                         clknet_2_2_0_clk_regs (net)
                  0.03    0.00    0.34 ^ clkbuf_3_5__f_clk_regs/A (sky130_fd_sc_hd__clkbuf_16)
     9    0.07    0.07    0.12    0.46 ^ clkbuf_3_5__f_clk_regs/X (sky130_fd_sc_hd__clkbuf_16)
                                         clknet_3_5__leaf_clk_regs (net)
                  0.07    0.00    0.46 ^ clkbuf_leaf_52_clk_regs/A (sky130_fd_sc_hd__clkbuf_16)
    20    0.06    0.06    0.12    0.58 ^ clkbuf_leaf_52_clk_regs/X (sky130_fd_sc_hd__clkbuf_16)
                                         clknet_leaf_52_clk_regs (net)
                  0.06    0.00    0.58 ^ mem_ready$_DFF_P_/CLK (sky130_fd_sc_hd__dfxtp_1)
                          0.00    0.58   clock reconvergence pessimism
                         -0.02    0.56   library hold time
                                  0.56   data required time
-----------------------------------------------------------------------------
                                  0.56   data required time
                                 -0.81   data arrival time
-----------------------------------------------------------------------------
                                  0.25   slack (MET)


