[0.249, 0.324): *** (53)
[0.324, 0.399): ************* (197)
[0.399, 0.475): *********** (162)
[0.475, 0.550): ****** (94)
[0.550, 0.625): ** (30)
[0.625, 0.701): ** (26)
[0.701, 0.776): ********************* (317)
[0.776, 0.851): ************************************************** (762)
[0.851, 0.927): *** (46)
[0.927, 1.002): ************* (195)
[1.002, 1.077): ************* (193)
[1.077, 1.153): ************************************** (584)
[1.153, 1.228): ** (25)
[1.228, 1.303): *** (51)
[1.303, 1.379):  (0)
[1.379, 1.454):  (0)
[1.454, 1.529):  (0)
[1.529, 1.605):  (0)
[1.605, 1.680):  (0)
[1.680, 1.755]: ** (31)
