[-4.701, -3.340): * (2)
[-3.340, -1.980): * (9)
[-1.980, -0.619): * (6)
[-0.619,  0.741): * (18)
[ 0.741,  2.101): * (14)
[ 2.101,  3.462): * (18)
[ 3.462,  4.822): *** (48)
[ 4.822,  6.183): ****** (101)
[ 6.183,  7.543): ******** (135)
[ 7.543,  8.903): ***** (79)
[ 8.903, 10.264): ******** (132)
[10.264, 11.624): **************** (248)
[11.624, 12.985): ************************************************** (796)
[12.985, 14.345): ******************************************** (693)
[14.345, 15.706): ************** (229)
[15.706, 17.066): ********* (141)
[17.066, 18.426): ** (26)
[18.426, 19.787): * (21)
[19.787, 21.147): ** (34)
[21.147, 22.508]: * (16)
