OpenROAD v2.0-27941-gf9f3050fe8 
Features included (+) or not (-): +GPU +GUI +Python
This program is licensed under the BSD-3 license. See the LICENSE file for details.
Components of this program may be licensed under more restrictive licenses which must be honored.
[INFO ORD-0030] Using 20 thread(s).
[INFO FLW-0001] Defining timing corners: fast slow typical
Reading liberty file for fast: /home/arthur/.sc/cache/lambdapdk-v0.2.12-7b36460386694c92/lambdapdk/sky130/libs/sky130hd/nldm/sky130_fd_sc_hd__ff_100C_1v95.lib.gz
Reading liberty file for slow: /home/arthur/.sc/cache/lambdapdk-v0.2.12-7b36460386694c92/lambdapdk/sky130/libs/sky130hd/nldm/sky130_fd_sc_hd__ss_n40C_1v40.lib.gz
Reading liberty file for typical: /home/arthur/.sc/cache/lambdapdk-v0.2.12-7b36460386694c92/lambdapdk/sky130/libs/sky130hd/nldm/sky130_fd_sc_hd__tt_025C_1v80.lib.gz
Reading ODB: inputs/picorv32_bp_top.odb.gz
Reading SDC: inputs/picorv32_bp_top.sdc
[INFO FLW-0001] Timing path groups: asynchronous {path delay} {gated clock} unconstrained
[WARNING FLW-0001] No clocks defined.
[INFO FLW-0001] Sourcing parasitic estimation from: /home/arthur/ECE507/project/build/picorv32_bp_top/job0/place.global/0/inputs/sc_parasitics.tcl
[INFO FLW-0001] Using met5 for clock parasitics estimation
[INFO FLW-0001] Using met3 for signal parasitics estimation
[INFO FLW-0001] Setting global routing adjustment for li1 to 100%
[INFO FLW-0001] Setting global routing adjustment for met1 to 40.0%
[INFO FLW-0001] Setting global routing adjustment for met2 to 40.0%
[INFO FLW-0001] Setting global routing adjustment for met3 to 30.0%
[INFO FLW-0001] Setting global routing adjustment for met4 to 30.0%
[INFO FLW-0001] Setting global routing adjustment for met5 to 30.0%
[INFO FLW-0001] Setting global routing signal routing layers to: met1-met5
[INFO FLW-0001] Setting global routing clock routing layers to: met1-met5
Global connection rules: 2
  Instances: ".*" with pins "VPWR" connect to "VDD"
  Instances: ".*" with pins "VGND" connect to "VSS"
Dont use report: reports/dont_use.global_placement.rpt
[INFO GPL-0022] Initialize gpl and calculate uniform density.
global_placement siliconcompiler arguments: -routability_driven -timing_driven
[INFO GPL-0005] Execute conjugate gradient initial placement.
[INFO GPL-0002] DBU: 1000
[INFO GPL-0003] SiteSize: (  0.460  2.720 ) um
[INFO GPL-0004] CoreBBox: ( 10.120 10.880 ) ( 1189.560 1188.640 ) um
[INFO GPL-0032] Initializing region: Top-level
[INFO GPL-0006] Number of instances:             24194
[INFO GPL-0007] Movable instances:                5707
[INFO GPL-0008] Fixed instances:                 18487
[INFO GPL-0009] Dummy instances:                     0
[INFO GPL-0010] Number of nets:                   5742
[INFO GPL-0011] Number of pins:                  23343
[INFO GPL-0012] Die BBox:  (  0.000  0.000 ) ( 1200.000 1200.000 ) um
[INFO GPL-0013] Core BBox: ( 10.120 10.880 ) ( 1189.560 1188.640 ) um
[INFO GPL-0016] Core area:                  1389097.254 um^2
[INFO GPL-0014] Region name: top-level.
[INFO GPL-0015] Region area:                1389097.254 um^2
[INFO GPL-0017] Fixed instances area:        23130.934 um^2
[INFO GPL-0018] Movable instances area:      81177.987 um^2
[INFO GPL-0019] Utilization:                     5.943 %
[INFO GPL-0020] Standard cells area:         81177.987 um^2
[INFO GPL-0021] Large instances area:            0.000 um^2
[InitialPlace]  Iter: 1 conjugate gradient residual: 0.00001024 HPWL: 241935778
[InitialPlace]  Iter: 2 conjugate gradient residual: 0.00002371 HPWL: 109153001
[InitialPlace]  Iter: 3 conjugate gradient residual: 0.00004158 HPWL: 102859491
[InitialPlace]  Iter: 4 conjugate gradient residual: 0.00015902 HPWL: 96101242
[InitialPlace]  Iter: 5 conjugate gradient residual: 0.00003175 HPWL: 92074822
[InitialPlace]  Iter: 6 conjugate gradient residual: 0.00000946 HPWL: 90529001
[INFO GPL-0033] Initializing Nesterov region: Top-level
[INFO GPL-0023] Placement target density:       0.5000
[INFO GPL-0024] Movable insts average area:     14.224 um^2
[INFO GPL-0025] Ideal bin area:                 28.449 um^2
[INFO GPL-0026] Ideal bin count:                 48828
[INFO GPL-0027] Total bin area:             1389097.254 um^2
[INFO GPL-0028] Bin count (X, Y):         128 ,    128
[INFO GPL-0029] Bin size (W * H):       9.214 *  9.201 um
[INFO GPL-0030] Number of bins:                  16384
[INFO GPL-0007] Execute nesterov global placement.
[INFO GPL-0031] HPWL: Half-Perimeter Wirelength
Iteration | Overflow |     HPWL (um) |  HPWL(%) |   Penalty | Group
---------------------------------------------------------------
        0 |   0.9859 |  4.925103e+04 |   +0.00% |  3.73e-16 |      
       10 |   0.9577 |  8.068158e+04 |  +63.82% |  6.06e-16 |      
       20 |   0.9472 |  8.786280e+04 |   +8.90% |  9.87e-16 |      
       30 |   0.9388 |  9.246743e+04 |   +5.24% |  1.61e-15 |      
       40 |   0.9351 |  9.409629e+04 |   +1.76% |  2.62e-15 |      
       50 |   0.9336 |  9.409623e+04 |   -0.00% |  4.26e-15 |      
       60 |   0.9318 |  9.333265e+04 |   -0.81% |  6.94e-15 |      
       70 |   0.9300 |  9.284432e+04 |   -0.52% |  1.13e-14 |      
       80 |   0.9270 |  9.308170e+04 |   +0.26% |  1.84e-14 |      
       90 |   0.9244 |  9.385530e+04 |   +0.83% |  3.00e-14 |      
      100 |   0.9228 |  9.493066e+04 |   +1.15% |  4.88e-14 |      
      110 |   0.9212 |  9.620507e+04 |   +1.34% |  7.96e-14 |      
      120 |   0.9191 |  9.746393e+04 |   +1.31% |  1.30e-13 |      
      130 |   0.9179 |  9.854632e+04 |   +1.11% |  2.11e-13 |      
      140 |   0.9166 |  9.935255e+04 |   +0.82% |  3.44e-13 |      
      150 |   0.9155 |  1.000653e+05 |   +0.72% |  5.60e-13 |      
      160 |   0.9146 |  1.008146e+05 |   +0.75% |  9.12e-13 |      
      170 |   0.9138 |  1.018465e+05 |   +1.02% |  1.49e-12 |      
      180 |   0.9106 |  1.034422e+05 |   +1.57% |  2.42e-12 |      
      190 |   0.9063 |  1.061511e+05 |   +2.62% |  3.94e-12 |      
      200 |   0.8996 |  1.103763e+05 |   +3.98% |  6.41e-12 |      
      210 |   0.8883 |  1.154921e+05 |   +4.63% |  1.04e-11 |      
      220 |   0.8739 |  1.203235e+05 |   +4.18% |  1.70e-11 |      
      230 |   0.8563 |  1.240455e+05 |   +3.09% |  2.77e-11 |      
      240 |   0.8348 |  1.299192e+05 |   +4.74% |  4.51e-11 |      
      250 |   0.8070 |  1.382885e+05 |   +6.44% |  7.33e-11 |      
      260 |   0.7746 |  1.424817e+05 |   +3.03% |  1.19e-10 |      
      270 |   0.7386 |  1.510208e+05 |   +5.99% |  1.94e-10 |      
      280 |   0.7008 |  1.523571e+05 |   +0.88% |  3.16e-10 |      
      290 |   0.6622 |  1.592804e+05 |   +4.54% |  5.15e-10 |      
[INFO GPL-0100] Timing-driven iteration 1/2, virtual: false.
[INFO GPL-0101]    Iter: 298, overflow: 0.628, keep resizer changes at: 1, HPWL: 161111516
Iteration |   Area    | Resized | Buffers | Nets repaired | Remaining
---------------------------------------------------------------------
        0 |     +0.0% |       0 |       0 |             0 |      5743
    final |     +3.8% |      51 |     154 |            89 |         0
---------------------------------------------------------------------
[INFO RSZ-0034] Found 88 slew violations.
[INFO RSZ-0036] Found 76 capacitance violations.
[INFO RSZ-0039] Resized 51 instances.
[INFO RSZ-0038] Inserted 154 buffers in 89 nets.
   Iter   |    Area   | Removed | Inserted |   Pins
          |           | Buffers | Buffers  | Remaining
-------------------------------------------------------
        0 |     +0.0% |       0 |        0 |      5707
      570 |     +0.0% |       7 |       13 |      5137
     1140 |     +0.1% |      16 |       25 |      4567
     1710 |     -0.4% |      48 |       58 |      3997
     2280 |     -0.4% |      52 |       63 |      3427
     2850 |     -0.5% |      54 |       65 |      2857
     3420 |     -0.5% |      57 |       69 |      2287
     3990 |     -0.6% |      68 |       79 |      1717
     4560 |     -0.6% |      71 |       86 |      1147
     5130 |     -0.6% |      71 |       86 |       577
     5700 |     -1.1% |      94 |       94 |         7
    final |     -2.4% |     150 |      109 |         0
-------------------------------------------------------
[INFO GPL-0106] Timing-driven: worst slack 1e+30
[WARNING GPL-0102] Timing-driven: no slacks found. Timing-driven mode disabled.
[INFO GPL-0107] Timing-driven: repair_design delta area: 949.961 um^2 (+1.17%)
[INFO GPL-0108] Timing-driven: repair_design, gpl delta gcells: 113 (+1.98%)
[INFO GPL-0109] Timing-driven: repair_design, gcells created: 263, deleted: 150
[INFO GPL-0110] Timing-driven: new target density: 0.50069547
Iteration | Overflow |     HPWL (um) |  HPWL(%) |   Penalty | Group
---------------------------------------------------------------
      300 |   0.6130 |  1.699225e+05 |   +6.68% |  8.38e-10 |      
[INFO GPL-0038] Routability snapshot saved at iter = 305
      304 |   0.5991 |  1.724824e+05 |          |           |      
      310 |   0.5730 |  1.762033e+05 |   +3.70% |  1.36e-09 |      
      320 |   0.5205 |  1.799790e+05 |   +2.14% |  2.22e-09 |      
      330 |   0.4772 |  1.828242e+05 |   +1.58% |  3.62e-09 |      
      340 |   0.4214 |  1.853329e+05 |   +1.37% |  5.89e-09 |      
      350 |   0.3732 |  1.870280e+05 |   +0.91% |  9.59e-09 |      
      360 |   0.3274 |  1.879974e+05 |   +0.52% |  1.50e-08 |      
[INFO GPL-0040] Routability iteration: 1
[INFO GPL-0041] Total routing overflow: 19.6800
[INFO GPL-0042] Number of overflowed tiles: 200 (0.67%)
[INFO GPL-0043] Average top 0.5% routing congestion: 1.1263
[INFO GPL-0044] Average top 1.0% routing congestion: 1.0589
[INFO GPL-0045] Average top 2.0% routing congestion: 0.9844
[INFO GPL-0046] Average top 5.0% routing congestion: 0.8669
[INFO GPL-0047] Routability iteration weighted routing congestion: 1.0926
[INFO GPL-0048] Routing congestion (1.0926) lower than previous minimum (1e+30). Updating minimum.
[INFO GPL-0051] Inflated area:                2788.796 um^2 (+3.40%)
[INFO GPL-0052] Placement target density:       0.5007
[INFO GPL-0076] Removing fillers, count: Before: 40271, After: 40085 (-0.46%)
[INFO GPL-0077] Filler area (um^2)     : Before: 601805.175, After: 599019.978 (-0.46%)
[INFO GPL-0078] Removed fillers count: 186, area removed: 2779.536 um^2. Remaining area to be compensated by modifying density: 9.259 um^2
[INFO GPL-0058] White space area:           1365966.320 um^2 (+0.00%)
[INFO GPL-0059] Movable instances area:     683933.172 um^2 (+0.00%)
[INFO GPL-0060] Total filler area:          599019.978 um^2 (-0.46%)
[INFO GPL-0061] Total non-inflated area:    683936.722 um^2 (+0.00%)
[INFO GPL-0062] Total inflated area:        686725.518 um^2 (+0.00%)
[INFO GPL-0063] New Target Density:             0.5007
[INFO GPL-0087] Routability end iteration: increase inflation and revert back to snapshot.
Iteration | Overflow |     HPWL (um) |  HPWL(%) |   Penalty | Group
---------------------------------------------------------------
      370 |   0.6080 |  1.722641e+05 |   -8.37% |  1.07e-09 |      
      380 |   0.5469 |  1.828201e+05 |   +6.13% |  1.57e-09 |      
      390 |   0.5170 |  1.830920e+05 |   +0.15% |  2.32e-09 |      
      400 |   0.4800 |  1.857553e+05 |   +1.45% |  3.41e-09 |      
      410 |   0.4381 |  1.871967e+05 |   +0.78% |  5.03e-09 |      
      420 |   0.3990 |  1.885981e+05 |   +0.75% |  7.40e-09 |      
      430 |   0.3599 |  1.895688e+05 |   +0.51% |  1.09e-08 |      
      440 |   0.3220 |  1.915991e+05 |   +1.07% |  1.61e-08 |      
[INFO GPL-0040] Routability iteration: 2
[INFO GPL-0041] Total routing overflow: 11.6542
[INFO GPL-0042] Number of overflowed tiles: 169 (0.56%)
[INFO GPL-0043] Average top 0.5% routing congestion: 1.0773
[INFO GPL-0044] Average top 1.0% routing congestion: 1.0258
[INFO GPL-0045] Average top 2.0% routing congestion: 0.9626
[INFO GPL-0046] Average top 5.0% routing congestion: 0.8580
[INFO GPL-0047] Routability iteration weighted routing congestion: 1.0516
[INFO GPL-0048] Routing congestion (1.0516) lower than previous minimum (1.093). Updating minimum.
[INFO GPL-0051] Inflated area:                1192.713 um^2 (+1.40%)
[INFO GPL-0052] Placement target density:       0.5007
[INFO GPL-0076] Removing fillers, count: Before: 40085, After: 40006 (-0.20%)
[INFO GPL-0077] Filler area (um^2)     : Before: 599019.978, After: 597839.422 (-0.20%)
[INFO GPL-0078] Removed fillers count: 79, area removed: 1180.556 um^2. Remaining area to be compensated by modifying density: 12.157 um^2
[INFO GPL-0058] White space area:           1365966.320 um^2 (+0.00%)
[INFO GPL-0059] Movable instances area:     683933.172 um^2 (+0.00%)
[INFO GPL-0060] Total filler area:          597839.422 um^2 (-0.20%)
[INFO GPL-0061] Total non-inflated area:    683948.879 um^2 (+0.00%)
[INFO GPL-0062] Total inflated area:        685141.593 um^2 (+0.00%)
[INFO GPL-0063] New Target Density:             0.5007
[INFO GPL-0087] Routability end iteration: increase inflation and revert back to snapshot.
Iteration | Overflow |     HPWL (um) |  HPWL(%) |   Penalty | Group
---------------------------------------------------------------
      450 |   0.5930 |  1.776279e+05 |   -7.29% |  1.15e-09 |      
      460 |   0.5393 |  1.841764e+05 |   +3.69% |  1.70e-09 |      
      470 |   0.5085 |  1.855267e+05 |   +0.73% |  2.50e-09 |      
      480 |   0.4705 |  1.884809e+05 |   +1.59% |  3.69e-09 |      
      490 |   0.4272 |  1.894372e+05 |   +0.51% |  5.43e-09 |      
      500 |   0.3886 |  1.911656e+05 |   +0.91% |  8.00e-09 |      
      510 |   0.3505 |  1.920006e+05 |   +0.44% |  1.18e-08 |      
      520 |   0.3165 |  1.937830e+05 |   +0.93% |  1.74e-08 |      
[INFO GPL-0040] Routability iteration: 3
[INFO GPL-0041] Total routing overflow: 10.5549
[INFO GPL-0042] Number of overflowed tiles: 160 (0.53%)
[INFO GPL-0043] Average top 0.5% routing congestion: 1.0703
[INFO GPL-0044] Average top 1.0% routing congestion: 1.0200
[INFO GPL-0045] Average top 2.0% routing congestion: 0.9605
[INFO GPL-0046] Average top 5.0% routing congestion: 0.8601
[INFO GPL-0047] Routability iteration weighted routing congestion: 1.0452
[INFO GPL-0048] Routing congestion (1.0452) lower than previous minimum (1.052). Updating minimum.
[INFO GPL-0051] Inflated area:                1034.143 um^2 (+1.20%)
[INFO GPL-0052] Placement target density:       0.5007
[INFO GPL-0076] Removing fillers, count: Before: 40006, After: 39937 (-0.17%)
[INFO GPL-0077] Filler area (um^2)     : Before: 597839.422, After: 596808.304 (-0.17%)
[INFO GPL-0078] Removed fillers count: 69, area removed: 1031.118 um^2. Remaining area to be compensated by modifying density: 3.024 um^2
[INFO GPL-0058] White space area:           1365966.320 um^2 (+0.00%)
[INFO GPL-0059] Movable instances area:     683933.172 um^2 (+0.00%)
[INFO GPL-0060] Total filler area:          596808.304 um^2 (-0.17%)
[INFO GPL-0061] Total non-inflated area:    683951.904 um^2 (+0.00%)
[INFO GPL-0062] Total inflated area:        684986.046 um^2 (+0.00%)
[INFO GPL-0063] New Target Density:             0.5007
[INFO GPL-0087] Routability end iteration: increase inflation and revert back to snapshot.
Iteration | Overflow |     HPWL (um) |  HPWL(%) |   Penalty | Group
---------------------------------------------------------------
      530 |   0.5660 |  1.848811e+05 |   -4.59% |  1.30e-09 |      
      540 |   0.5312 |  1.864678e+05 |   +0.86% |  1.91e-09 |      
      550 |   0.4979 |  1.875387e+05 |   +0.57% |  2.81e-09 |      
      560 |   0.4580 |  1.906047e+05 |   +1.63% |  4.14e-09 |      
      570 |   0.4152 |  1.914004e+05 |   +0.42% |  6.10e-09 |      
      580 |   0.3769 |  1.927184e+05 |   +0.69% |  8.98e-09 |      
      590 |   0.3394 |  1.943652e+05 |   +0.85% |  1.32e-08 |      
      600 |   0.3044 |  1.955656e+05 |   +0.62% |  1.95e-08 |      
[INFO GPL-0040] Routability iteration: 4
[INFO GPL-0041] Total routing overflow: 9.3556
[INFO GPL-0042] Number of overflowed tiles: 143 (0.48%)
[INFO GPL-0043] Average top 0.5% routing congestion: 1.0623
[INFO GPL-0044] Average top 1.0% routing congestion: 1.0137
[INFO GPL-0045] Average top 2.0% routing congestion: 0.9560
[INFO GPL-0046] Average top 5.0% routing congestion: 0.8577
[INFO GPL-0047] Routability iteration weighted routing congestion: 1.0380
[INFO GPL-0048] Routing congestion (1.0380) lower than previous minimum (1.045). Updating minimum.
[INFO GPL-0051] Inflated area:                1039.273 um^2 (+1.19%)
[INFO GPL-0052] Placement target density:       0.5007
[INFO GPL-0076] Removing fillers, count: Before: 39937, After: 39868 (-0.17%)
[INFO GPL-0077] Filler area (um^2)     : Before: 596808.304, After: 595777.186 (-0.17%)
[INFO GPL-0078] Removed fillers count: 69, area removed: 1031.118 um^2. Remaining area to be compensated by modifying density: 8.154 um^2
[INFO GPL-0058] White space area:           1365966.320 um^2 (+0.00%)
[INFO GPL-0059] Movable instances area:     683933.172 um^2 (+0.00%)
[INFO GPL-0060] Total filler area:          595777.186 um^2 (-0.17%)
[INFO GPL-0061] Total non-inflated area:    683960.058 um^2 (+0.00%)
[INFO GPL-0062] Total inflated area:        684999.331 um^2 (+0.00%)
[INFO GPL-0063] New Target Density:             0.5007
[INFO GPL-0087] Routability end iteration: increase inflation and revert back to snapshot.
Iteration | Overflow |     HPWL (um) |  HPWL(%) |   Penalty | Group
---------------------------------------------------------------
      610 |   0.5470 |  1.887522e+05 |   -3.48% |  1.40e-09 |      
      620 |   0.5210 |  1.891741e+05 |   +0.22% |  2.06e-09 |      
      630 |   0.4887 |  1.899701e+05 |   +0.42% |  3.04e-09 |      
      640 |   0.4452 |  1.922699e+05 |   +1.21% |  4.47e-09 |      
      650 |   0.4065 |  1.932773e+05 |   +0.52% |  6.59e-09 |      
      660 |   0.3722 |  1.941539e+05 |   +0.45% |  9.71e-09 |      
      670 |   0.3313 |  1.957207e+05 |   +0.81% |  1.43e-08 |      
      680 |   0.2985 |  1.973469e+05 |   +0.83% |  2.11e-08 |      
[INFO GPL-0040] Routability iteration: 5
[INFO GPL-0041] Total routing overflow: 8.4043
[INFO GPL-0042] Number of overflowed tiles: 133 (0.44%)
[INFO GPL-0043] Average top 0.5% routing congestion: 1.0556
[INFO GPL-0044] Average top 1.0% routing congestion: 1.0074
[INFO GPL-0045] Average top 2.0% routing congestion: 0.9503
[INFO GPL-0046] Average top 5.0% routing congestion: 0.8568
[INFO GPL-0047] Routability iteration weighted routing congestion: 1.0315
[INFO GPL-0048] Routing congestion (1.0315) lower than previous minimum (1.038). Updating minimum.
[INFO GPL-0051] Inflated area:                 900.784 um^2 (+1.02%)
[INFO GPL-0052] Placement target density:       0.5007
[INFO GPL-0076] Removing fillers, count: Before: 39868, After: 39808 (-0.15%)
[INFO GPL-0077] Filler area (um^2)     : Before: 595777.186, After: 594880.561 (-0.15%)
[INFO GPL-0078] Removed fillers count: 60, area removed: 896.625 um^2. Remaining area to be compensated by modifying density: 4.159 um^2
[INFO GPL-0058] White space area:           1365966.320 um^2 (+0.00%)
[INFO GPL-0059] Movable instances area:     683933.172 um^2 (+0.00%)
[INFO GPL-0060] Total filler area:          594880.561 um^2 (-0.15%)
[INFO GPL-0061] Total non-inflated area:    683964.218 um^2 (+0.00%)
[INFO GPL-0062] Total inflated area:        684865.002 um^2 (+0.00%)
[INFO GPL-0063] New Target Density:             0.5007
[INFO GPL-0087] Routability end iteration: increase inflation and revert back to snapshot.
Iteration | Overflow |     HPWL (um) |  HPWL(%) |   Penalty | Group
---------------------------------------------------------------
      690 |   0.5385 |  1.907661e+05 |   -3.33% |  1.51e-09 |      
      700 |   0.5129 |  1.917614e+05 |   +0.52% |  2.23e-09 |      
      710 |   0.4812 |  1.932136e+05 |   +0.76% |  3.28e-09 |      
      720 |   0.4341 |  1.941248e+05 |   +0.47% |  4.83e-09 |      
      730 |   0.3981 |  1.956820e+05 |   +0.80% |  7.12e-09 |      
      740 |   0.3601 |  1.960389e+05 |   +0.18% |  1.05e-08 |      
      750 |   0.3283 |  1.977393e+05 |   +0.87% |  1.54e-08 |      
[INFO GPL-0040] Routability iteration: 6
[INFO GPL-0041] Total routing overflow: 6.1377
[INFO GPL-0042] Number of overflowed tiles: 119 (0.40%)
[INFO GPL-0043] Average top 0.5% routing congestion: 1.0393
[INFO GPL-0044] Average top 1.0% routing congestion: 0.9958
[INFO GPL-0045] Average top 2.0% routing congestion: 0.9440
[INFO GPL-0046] Average top 5.0% routing congestion: 0.8545
[INFO GPL-0047] Routability iteration weighted routing congestion: 1.0175
[INFO GPL-0048] Routing congestion (1.0175) lower than previous minimum (1.031). Updating minimum.
[INFO GPL-0051] Inflated area:                 793.910 um^2 (+0.89%)
[INFO GPL-0052] Placement target density:       0.5007
[INFO GPL-0076] Removing fillers, count: Before: 39808, After: 39755 (-0.13%)
[INFO GPL-0077] Filler area (um^2)     : Before: 594880.561, After: 594088.543 (-0.13%)
[INFO GPL-0078] Removed fillers count: 53, area removed: 792.018 um^2. Remaining area to be compensated by modifying density: 1.892 um^2
[INFO GPL-0058] White space area:           1365966.320 um^2 (+0.00%)
[INFO GPL-0059] Movable instances area:     683933.172 um^2 (+0.00%)
[INFO GPL-0060] Total filler area:          594088.543 um^2 (-0.13%)
[INFO GPL-0061] Total non-inflated area:    683966.109 um^2 (+0.00%)
[INFO GPL-0062] Total inflated area:        684760.020 um^2 (+0.00%)
[INFO GPL-0063] New Target Density:             0.5007
[INFO GPL-0087] Routability end iteration: increase inflation and revert back to snapshot.
Iteration | Overflow |     HPWL (um) |  HPWL(%) |   Penalty | Group
---------------------------------------------------------------
      760 |   0.6184 |  1.746457e+05 |  -11.68% |  1.11e-09 |      
      770 |   0.5380 |  1.930127e+05 |  +10.52% |  1.63e-09 |      
      780 |   0.5066 |  1.938834e+05 |   +0.45% |  2.41e-09 |      
      790 |   0.4717 |  1.958801e+05 |   +1.03% |  3.54e-09 |      
      800 |   0.4262 |  1.955645e+05 |   -0.16% |  5.22e-09 |      
      810 |   0.3930 |  1.970551e+05 |   +0.76% |  7.69e-09 |      
      820 |   0.3522 |  1.975864e+05 |   +0.27% |  1.13e-08 |      
      830 |   0.3176 |  1.995771e+05 |   +1.01% |  1.67e-08 |      
[INFO GPL-0040] Routability iteration: 7
[INFO GPL-0041] Total routing overflow: 6.1518
[INFO GPL-0042] Number of overflowed tiles: 115 (0.38%)
[INFO GPL-0043] Average top 0.5% routing congestion: 1.0388
[INFO GPL-0044] Average top 1.0% routing congestion: 0.9940
[INFO GPL-0045] Average top 2.0% routing congestion: 0.9423
[INFO GPL-0046] Average top 5.0% routing congestion: 0.8539
[INFO GPL-0047] Routability iteration weighted routing congestion: 1.0164
[INFO GPL-0048] Routing congestion (1.0164) lower than previous minimum (1.018). Updating minimum.
[INFO GPL-0051] Inflated area:                 660.075 um^2 (+0.73%)
[INFO GPL-0052] Placement target density:       0.5007
[INFO GPL-0076] Removing fillers, count: Before: 39755, After: 39711 (-0.11%)
[INFO GPL-0077] Filler area (um^2)     : Before: 594088.543, After: 593431.018 (-0.11%)
[INFO GPL-0078] Removed fillers count: 44, area removed: 657.525 um^2. Remaining area to be compensated by modifying density: 2.550 um^2
[INFO GPL-0058] White space area:           1365966.320 um^2 (+0.00%)
[INFO GPL-0059] Movable instances area:     683933.172 um^2 (+0.00%)
[INFO GPL-0060] Total filler area:          593431.018 um^2 (-0.11%)
[INFO GPL-0061] Total non-inflated area:    683968.660 um^2 (+0.00%)
[INFO GPL-0062] Total inflated area:        684628.735 um^2 (+0.00%)
[INFO GPL-0063] New Target Density:             0.5007
[INFO GPL-0087] Routability end iteration: increase inflation and revert back to snapshot.
Iteration | Overflow |     HPWL (um) |  HPWL(%) |   Penalty | Group
---------------------------------------------------------------
      840 |   0.5760 |  1.927196e+05 |   -3.44% |  1.20e-09 |      
      850 |   0.5339 |  1.945094e+05 |   +0.93% |  1.76e-09 |      
      860 |   0.5039 |  1.949000e+05 |   +0.20% |  2.60e-09 |      
      870 |   0.4652 |  1.969679e+05 |   +1.06% |  3.83e-09 |      
      880 |   0.4176 |  1.968667e+05 |   -0.05% |  5.64e-09 |      
      890 |   0.3848 |  1.979329e+05 |   +0.54% |  8.31e-09 |      
      900 |   0.3471 |  1.992750e+05 |   +0.68% |  1.22e-08 |      
      910 |   0.3111 |  2.008665e+05 |   +0.80% |  1.80e-08 |      
[INFO GPL-0040] Routability iteration: 8
[INFO GPL-0041] Total routing overflow: 5.1983
[INFO GPL-0042] Number of overflowed tiles: 90 (0.30%)
[INFO GPL-0043] Average top 0.5% routing congestion: 1.0289
[INFO GPL-0044] Average top 1.0% routing congestion: 0.9885
[INFO GPL-0045] Average top 2.0% routing congestion: 0.9396
[INFO GPL-0046] Average top 5.0% routing congestion: 0.8534
[INFO GPL-0047] Routability iteration weighted routing congestion: 1.0087
[INFO GPL-0050] Weighted routing congestion is lower than target routing congestion(1.0100), end routability optimization.
[INFO GPL-0090] Routability finished. Target routing congestion achieved succesfully.
Iteration | Overflow |     HPWL (um) |  HPWL(%) |   Penalty | Group
---------------------------------------------------------------
      920 |   0.2821 |  2.024488e+05 |   +0.79% |  2.65e-08 |      
      930 |   0.2466 |  2.039755e+05 |   +0.75% |  3.91e-08 |      
      940 |   0.2141 |  2.049663e+05 |   +0.49% |  5.76e-08 |      
      950 |   0.1856 |  2.065678e+05 |   +0.78% |  8.48e-08 |      
      960 |   0.1612 |  2.077196e+05 |   +0.56% |  1.25e-07 |      
      970 |   0.1383 |  2.081075e+05 |   +0.19% |  1.84e-07 |      
      980 |   0.1242 |  2.086580e+05 |   +0.26% |  2.71e-07 |      
      990 |   0.1064 |  2.093223e+05 |   +0.32% |  3.99e-07 |      
      995 |   0.0994 |  2.098191e+05 |          |  5.04e-07 |      
---------------------------------------------------------------
[INFO GPL-1001] Global placement finished at iteration 995
[INFO GPL-1003] Routability mode iteration count: 601
[INFO GPL-1005] Routability final weighted congestion: 0.9751
[INFO GPL-1002] Placed Cell Area            90537.6417
[INFO GPL-1003] Available Free Area         1365966.3200
[INFO GPL-1004] Minimum Feasible Density        0.0600 (cell_area / free_area)
[INFO GPL-1006]   Suggested Target Densities:
[INFO GPL-1007]     - For 90% usage of free space: 0.0736
[INFO GPL-1008]     - For 80% usage of free space: 0.0829
[INFO GPL-1009]     - For 50% usage of free space: 0.1326
[INFO GPL-1011] Original area (um^2): 81177.99
[INFO GPL-1012] Total routability artificial inflation: 9359.65 (+11.53%)
[INFO GPL-1014] Final placement area: 90537.64 (+11.53%)
Writing database: outputs/picorv32_bp_top.odb.gz
Writing DEF: outputs/picorv32_bp_top.def.gz
Writing netlist: outputs/picorv32_bp_top.vg
Writing LEC netlist: outputs/picorv32_bp_top.lec.vg
Writing SDC: outputs/picorv32_bp_top.sdc
SC_METRIC: report_checks -path_delay max
No paths found.
SC_METRIC: setupslack
worst slack max INF
SC_METRIC: tns
tns max 0.00
SC_METRIC: unconstrained
Startpoint: cpu/decoder_trigger$_DFF_P_ (rising edge-triggered flip-flop)
Endpoint: cpu/count_instr[62]$_SDFFE_PN0P_ (rising edge-triggered flip-flop)
Path Group: unconstrained
Path Type: max
Corner: slow

Fanout     Cap    Slew   Delay    Time   Description
-----------------------------------------------------------------------------
                  4.22    0.00    0.00 ^ cpu/decoder_trigger$_DFF_P_/CLK (sky130_fd_sc_hd__dfxtp_1)
    35    0.15    4.95    6.63    6.63 ^ cpu/decoder_trigger$_DFF_P_/Q (sky130_fd_sc_hd__dfxtp_1)
                                         _3425_ (net)
                  4.95    0.00    6.63 ^ _8620_/D (sky130_fd_sc_hd__and4_1)
     4    0.01    0.38    2.57    9.20 ^ _8620_/X (sky130_fd_sc_hd__and4_1)
                                         _4149_ (net)
                  0.38    0.00    9.20 ^ _8621_/D (sky130_fd_sc_hd__and4_1)
     5    0.01    0.39    0.89   10.09 ^ _8621_/X (sky130_fd_sc_hd__and4_1)
                                         _4150_ (net)
                  0.39    0.00   10.09 ^ _8622_/D (sky130_fd_sc_hd__and4_1)
     5    0.01    0.42    0.92   11.01 ^ _8622_/X (sky130_fd_sc_hd__and4_1)
                                         _4151_ (net)
                  0.42    0.00   11.01 ^ _8623_/D (sky130_fd_sc_hd__and4_1)
     5    0.01    0.45    0.96   11.97 ^ _8623_/X (sky130_fd_sc_hd__and4_1)
                                         _4152_ (net)
                  0.45    0.00   11.97 ^ _8624_/D (sky130_fd_sc_hd__and4_1)
     5    0.01    0.44    0.97   12.94 ^ _8624_/X (sky130_fd_sc_hd__and4_1)
                                         _4153_ (net)
                  0.44    0.00   12.94 ^ _8625_/D (sky130_fd_sc_hd__and4_1)
     4    0.01    0.36    0.90   13.84 ^ _8625_/X (sky130_fd_sc_hd__and4_1)
                                         _4154_ (net)
                  0.36    0.00   13.84 ^ _8626_/D (sky130_fd_sc_hd__and4_1)
     5    0.01    0.39    0.89   14.73 ^ _8626_/X (sky130_fd_sc_hd__and4_1)
                                         _4155_ (net)
                  0.39    0.00   14.73 ^ _8627_/D (sky130_fd_sc_hd__and4_1)
     5    0.01    0.39    0.90   15.63 ^ _8627_/X (sky130_fd_sc_hd__and4_1)
                                         _4156_ (net)
                  0.39    0.00   15.63 ^ _8628_/D (sky130_fd_sc_hd__and4_1)
     5    0.01    0.41    0.91   16.54 ^ _8628_/X (sky130_fd_sc_hd__and4_1)
                                         _4157_ (net)
                  0.41    0.00   16.54 ^ _8629_/D (sky130_fd_sc_hd__and4_1)
     5    0.01    0.43    0.94   17.48 ^ _8629_/X (sky130_fd_sc_hd__and4_1)
                                         _4158_ (net)
                  0.43    0.00   17.48 ^ _8630_/D (sky130_fd_sc_hd__and4_1)
     5    0.01    0.45    0.96   18.43 ^ _8630_/X (sky130_fd_sc_hd__and4_1)
                                         _4159_ (net)
                  0.45    0.00   18.43 ^ _8631_/D (sky130_fd_sc_hd__and4_1)
     5    0.01    0.43    0.96   19.39 ^ _8631_/X (sky130_fd_sc_hd__and4_1)
                                         _4160_ (net)
                  0.43    0.00   19.39 ^ _8632_/D (sky130_fd_sc_hd__and4_1)
     5    0.01    0.48    0.99   20.38 ^ _8632_/X (sky130_fd_sc_hd__and4_1)
                                         _4161_ (net)
                  0.48    0.00   20.38 ^ _8633_/D (sky130_fd_sc_hd__nand4_1)
     2    0.01    0.30    0.53   20.91 v _8633_/Y (sky130_fd_sc_hd__nand4_1)
                                         _4162_ (net)
                  0.30    0.00   20.91 v _8634_/D (sky130_fd_sc_hd__nor4_2)
     5    0.01    1.55    1.43   22.34 ^ _8634_/Y (sky130_fd_sc_hd__nor4_2)
                                         _4163_ (net)
                  1.55    0.00   22.34 ^ _8635_/D (sky130_fd_sc_hd__nand4_1)
     5    0.01    0.51    1.12   23.46 v _8635_/Y (sky130_fd_sc_hd__nand4_1)
                                         _4164_ (net)
                  0.51    0.00   23.46 v _8636_/D (sky130_fd_sc_hd__nor4_1)
     4    0.01    1.93    1.86   25.32 ^ _8636_/Y (sky130_fd_sc_hd__nor4_1)
                                         _4165_ (net)
                  1.93    0.00   25.32 ^ _8637_/C (sky130_fd_sc_hd__and3_1)
     5    0.01    0.37    1.42   26.74 ^ _8637_/X (sky130_fd_sc_hd__and3_1)
                                         _4166_ (net)
                  0.37    0.00   26.74 ^ _8638_/D (sky130_fd_sc_hd__and4_1)
     6    0.01    0.49    0.97   27.71 ^ _8638_/X (sky130_fd_sc_hd__and4_1)
                                         _4167_ (net)
                  0.49    0.00   27.71 ^ _8639_/D (sky130_fd_sc_hd__and4_1)
     6    0.01    0.53    1.05   28.76 ^ _8639_/X (sky130_fd_sc_hd__and4_1)
                                         _4168_ (net)
                  0.53    0.00   28.76 ^ _8640_/D (sky130_fd_sc_hd__and4_1)
     4    0.01    0.38    0.95   29.71 ^ _8640_/X (sky130_fd_sc_hd__and4_1)
                                         _4169_ (net)
                  0.38    0.00   29.71 ^ _8641_/B (sky130_fd_sc_hd__and2_0)
     3    0.01    0.39    0.67   30.38 ^ _8641_/X (sky130_fd_sc_hd__and2_0)
                                         _4170_ (net)
                  0.39    0.00   30.38 ^ _8642_/A2 (sky130_fd_sc_hd__o21ai_0)
     1    0.00    0.15    0.32   30.69 v _8642_/Y (sky130_fd_sc_hd__o21ai_0)
                                         _4171_ (net)
                  0.15    0.00   30.69 v _8643_/B1 (sky130_fd_sc_hd__a21oi_1)
     1    0.00    0.32    0.42   31.11 ^ _8643_/Y (sky130_fd_sc_hd__a21oi_1)
                                         _0293_ (net)
                  0.32    0.00   31.11 ^ cpu/count_instr[62]$_SDFFE_PN0P_/D (sky130_fd_sc_hd__dfxtp_1)
                                 31.11   data arrival time
-----------------------------------------------------------------------------
(Path is unconstrained)


SC_METRIC: floating nets
Reporting floating nets: reports/floating_nets.rpt
SC_METRIC: overdriven nets
Reporting overdriven nets: reports/overdriven_nets.rpt
Reporting overdriven nets: reports/overdriven_nets_with_parallel.rpt
SC_METRIC: fmax
SC_METRIC: power
Power for corner: fast
Group                  Internal  Switching    Leakage      Total
                          Power      Power      Power      Power (Watts)
----------------------------------------------------------------
Sequential             1.89e-02   1.18e-02   4.73e-05   3.08e-02  27.7%
Combinational          4.40e-02   3.62e-02   3.21e-05   8.02e-02  72.3%
Clock                  0.00e+00   0.00e+00   0.00e+00   0.00e+00   0.0%
Macro                  0.00e+00   0.00e+00   0.00e+00   0.00e+00   0.0%
Pad                    0.00e+00   0.00e+00   0.00e+00   0.00e+00   0.0%
----------------------------------------------------------------
Total                  6.29e-02   4.80e-02   7.94e-05   1.11e-01 100.0%
                          56.7%      43.3%       0.1%
Power for corner: slow
Group                  Internal  Switching    Leakage      Total
                          Power      Power      Power      Power (Watts)
----------------------------------------------------------------
Sequential             6.78e-03   5.84e-03   6.00e-10   1.26e-02  29.9%
Combinational          1.29e-02   1.66e-02   7.03e-10   2.95e-02  70.1%
Clock                  0.00e+00   0.00e+00   0.00e+00   0.00e+00   0.0%
Macro                  0.00e+00   0.00e+00   0.00e+00   0.00e+00   0.0%
Pad                    0.00e+00   0.00e+00   0.00e+00   0.00e+00   0.0%
----------------------------------------------------------------
Total                  1.97e-02   2.25e-02   1.30e-09   4.22e-02 100.0%
                          46.8%      53.2%       0.0%
Power for corner: typical
Group                  Internal  Switching    Leakage      Total
                          Power      Power      Power      Power (Watts)
----------------------------------------------------------------
Sequential             1.30e-02   9.97e-03   1.37e-08   2.30e-02  30.0%
Combinational          2.37e-02   2.99e-02   1.14e-08   5.37e-02  70.0%
Clock                  0.00e+00   0.00e+00   0.00e+00   0.00e+00   0.0%
Macro                  0.00e+00   0.00e+00   0.00e+00   0.00e+00   0.0%
Pad                    0.00e+00   0.00e+00   0.00e+00   0.00e+00   0.0%
----------------------------------------------------------------
Total                  3.67e-02   3.99e-02   2.51e-08   7.66e-02 100.0%
                          47.9%      52.1%       0.0%
SC_METRIC: cellarea
Design area 78230 um^2 6% utilization.
Cell type report:                       Count       Area
  Tap cell                              18487   23130.93
  Timing Repair Buffer                    113     935.90
  Inverter                                 84     315.30
  Sequential cell                        1597   44786.70
  Multi-Input combinational cell         4026   32192.12
  Total                                 24307  101360.96

Cell instance report:
  sky130_fd_sc_hd__a2111oi_0                1       8.76
  sky130_fd_sc_hd__a2111oi_2                1      15.01
  sky130_fd_sc_hd__a211o_1                 12     105.10
  sky130_fd_sc_hd__a211oi_1                23     172.67
  sky130_fd_sc_hd__a211oi_2                 2      25.02
  sky130_fd_sc_hd__a21boi_0                 5      37.54
  sky130_fd_sc_hd__a21o_1                  63     472.95
  sky130_fd_sc_hd__a21oi_1                276    1381.32
  sky130_fd_sc_hd__a21oi_2                  1       8.76
  sky130_fd_sc_hd__a21oi_4                  1      16.27
  sky130_fd_sc_hd__a221o_1                 15     150.14
  sky130_fd_sc_hd__a221oi_1                25     218.96
  sky130_fd_sc_hd__a222oi_1                40     400.38
  sky130_fd_sc_hd__a22o_1                  27     236.48
  sky130_fd_sc_hd__a22oi_1                 38     285.27
  sky130_fd_sc_hd__a2bb2oi_1                1       8.76
  sky130_fd_sc_hd__a311o_1                  2      20.02
  sky130_fd_sc_hd__a311oi_1                11      96.34
  sky130_fd_sc_hd__a311oi_2                 3      45.04
  sky130_fd_sc_hd__a31o_1                   4      35.03
  sky130_fd_sc_hd__a31oi_1                 64     400.38
  sky130_fd_sc_hd__a32o_1                   8      80.08
  sky130_fd_sc_hd__a32oi_1                 10      87.58
  sky130_fd_sc_hd__a41oi_1                  3      26.28
  sky130_fd_sc_hd__and2_0                  26     162.66
  sky130_fd_sc_hd__and2_1                  53     331.57
  sky130_fd_sc_hd__and3_1                  49     306.54
  sky130_fd_sc_hd__and4_1                  32     280.27
  sky130_fd_sc_hd__buf_12                   7     140.13
  sky130_fd_sc_hd__buf_4                  106     795.76
  sky130_fd_sc_hd__clkinv_1                 2       7.51
  sky130_fd_sc_hd__conb_1                   1       3.75
  sky130_fd_sc_hd__dfxtp_1                314    6286.03
  sky130_fd_sc_hd__dfxtp_2                  3      63.81
  sky130_fd_sc_hd__edfxtp_1              1280   38436.86
  sky130_fd_sc_hd__inv_1                   79     296.53
  sky130_fd_sc_hd__inv_2                    3      11.26
  sky130_fd_sc_hd__maj3_1                   4      40.04
  sky130_fd_sc_hd__maj3_2                   7      78.83
  sky130_fd_sc_hd__mux2_2                  54     608.08
  sky130_fd_sc_hd__mux2_4                   1      15.01
  sky130_fd_sc_hd__mux2i_1                 75     750.72
  sky130_fd_sc_hd__mux4_2                 540   12161.66
  sky130_fd_sc_hd__nand2_1                541    2030.70
  sky130_fd_sc_hd__nand2b_1                39     243.98
  sky130_fd_sc_hd__nand3_1                 76     380.36
  sky130_fd_sc_hd__nand3b_1                11      82.58
  sky130_fd_sc_hd__nand4_1                 21     131.38
  sky130_fd_sc_hd__nand4b_1                 3      26.28
  sky130_fd_sc_hd__nor2_1                 586    2199.61
  sky130_fd_sc_hd__nor2_2                  33     206.45
  sky130_fd_sc_hd__nor2b_1                 47     294.03
  sky130_fd_sc_hd__nor3_1                 111     555.53
  sky130_fd_sc_hd__nor3_2                   3      30.03
  sky130_fd_sc_hd__nor3b_1                  2      15.01
  sky130_fd_sc_hd__nor4_1                  20     125.12
  sky130_fd_sc_hd__nor4_2                   2      25.02
  sky130_fd_sc_hd__nor4b_1                  3      26.28
  sky130_fd_sc_hd__o2111a_1                 1      11.26
  sky130_fd_sc_hd__o2111ai_1                1       8.76
  sky130_fd_sc_hd__o211a_1                  2      20.02
  sky130_fd_sc_hd__o211ai_1                28     210.20
  sky130_fd_sc_hd__o21a_1                  33     247.74
  sky130_fd_sc_hd__o21ai_0                544    2722.61
  sky130_fd_sc_hd__o21ai_1                 19      95.09
  sky130_fd_sc_hd__o21bai_1                 3      22.52
  sky130_fd_sc_hd__o221a_2                  3      33.78
  sky130_fd_sc_hd__o221ai_1                58     507.99
  sky130_fd_sc_hd__o22a_1                   1       8.76
  sky130_fd_sc_hd__o22ai_1                 48     300.29
  sky130_fd_sc_hd__o2bb2ai_1                2      17.52
  sky130_fd_sc_hd__o311a_1                  1      10.01
  sky130_fd_sc_hd__o311ai_0                 4      35.03
  sky130_fd_sc_hd__o311ai_1                 8      70.07
  sky130_fd_sc_hd__o31a_1                   5      43.79
  sky130_fd_sc_hd__o31ai_1                 26     195.19
  sky130_fd_sc_hd__o31ai_2                  1      12.51
  sky130_fd_sc_hd__o32ai_1                 11      96.34
  sky130_fd_sc_hd__or2_1                   27     168.91
  sky130_fd_sc_hd__or3_1                   20     125.12
  sky130_fd_sc_hd__or3b_2                   3      26.28
  sky130_fd_sc_hd__or4_1                    5      37.54
  sky130_fd_sc_hd__or4b_2                   2      20.02
  sky130_fd_sc_hd__tapvpwrvgnd_1        18487   23130.93
  sky130_fd_sc_hd__xnor2_1                123    1077.28
  sky130_fd_sc_hd__xor2_1                  71     621.85
