OpenROAD v2.0-27941-gf9f3050fe8 
Features included (+) or not (-): +GPU +GUI +Python
This program is licensed under the BSD-3 license. See the LICENSE file for details.
Components of this program may be licensed under more restrictive licenses which must be honored.
[INFO ORD-0030] Using 20 thread(s).
[INFO FLW-0001] Defining timing corners: fast slow typical
Reading liberty file for fast: /home/arthur/.sc/cache/lambdapdk-v0.2.12-7b36460386694c92/lambdapdk/sky130/libs/sky130hd/nldm/sky130_fd_sc_hd__ff_100C_1v95.lib.gz
Reading liberty file for slow: /home/arthur/.sc/cache/lambdapdk-v0.2.12-7b36460386694c92/lambdapdk/sky130/libs/sky130hd/nldm/sky130_fd_sc_hd__ss_n40C_1v40.lib.gz
Reading liberty file for typical: /home/arthur/.sc/cache/lambdapdk-v0.2.12-7b36460386694c92/lambdapdk/sky130/libs/sky130hd/nldm/sky130_fd_sc_hd__tt_025C_1v80.lib.gz
Reading ODB: inputs/picorv32_bp_top.odb.gz
Reading SDC: inputs/picorv32_bp_top.sdc
[INFO FLW-0001] Timing path groups: asynchronous {path delay} {gated clock} unconstrained
[WARNING FLW-0001] No clocks defined.
[INFO FLW-0001] Sourcing parasitic estimation from: /home/arthur/ECE507/project/build/picorv32_bp_top/job0/route.detailed/0/inputs/sc_parasitics.tcl
[INFO FLW-0001] Using met5 for clock parasitics estimation
[INFO FLW-0001] Using met3 for signal parasitics estimation
[INFO FLW-0001] Setting global routing adjustment for li1 to 100%
[INFO FLW-0001] Setting global routing adjustment for met1 to 40.0%
[INFO FLW-0001] Setting global routing adjustment for met2 to 40.0%
[INFO FLW-0001] Setting global routing adjustment for met3 to 30.0%
[INFO FLW-0001] Setting global routing adjustment for met4 to 30.0%
[INFO FLW-0001] Setting global routing adjustment for met5 to 30.0%
Global connection rules: 2
  Instances: ".*" with pins "VPWR" connect to "VDD"
  Instances: ".*" with pins "VGND" connect to "VSS"
detailed_route siliconcompiler arguments: -drc_report_iter_step 5
[INFO DRT-0149] Reading tech and libs.
[WARNING DRT-0349] LEF58_ENCLOSURE with no CUTCLASS is not supported. Skipping for layer mcon
[WARNING DRT-0349] LEF58_ENCLOSURE with no CUTCLASS is not supported. Skipping for layer mcon
[WARNING DRT-0349] LEF58_ENCLOSURE with no CUTCLASS is not supported. Skipping for layer via
[WARNING DRT-0349] LEF58_ENCLOSURE with no CUTCLASS is not supported. Skipping for layer via
[WARNING DRT-0349] LEF58_ENCLOSURE with no CUTCLASS is not supported. Skipping for layer via2
[WARNING DRT-0349] LEF58_ENCLOSURE with no CUTCLASS is not supported. Skipping for layer via2
[WARNING DRT-0349] LEF58_ENCLOSURE with no CUTCLASS is not supported. Skipping for layer via3
[WARNING DRT-0349] LEF58_ENCLOSURE with no CUTCLASS is not supported. Skipping for layer via3
[WARNING DRT-0349] LEF58_ENCLOSURE with no CUTCLASS is not supported. Skipping for layer via4
[WARNING DRT-0349] LEF58_ENCLOSURE with no CUTCLASS is not supported. Skipping for layer via4

Units:                1000
Number of layers:     13
Number of macros:     438
Number of vias:       29
Number of viarulegen: 25

[INFO DRT-0150] Reading design.
[WARNING DRT-0120] Large net net154 has 433 pins which may impact routing performance. Consider optimization.
[WARNING DRT-0120] Large net net262 has 168 pins which may impact routing performance. Consider optimization.
[WARNING DRT-0120] Large net net261 has 441 pins which may impact routing performance. Consider optimization.
[WARNING DRT-0120] Large net net263 has 198 pins which may impact routing performance. Consider optimization.
[WARNING DRT-0120] Large net net260 has 215 pins which may impact routing performance. Consider optimization.
[WARNING DRT-0120] Large net net259 has 153 pins which may impact routing performance. Consider optimization.
[WARNING DRT-0120] Large net net251 has 113 pins which may impact routing performance. Consider optimization.
[WARNING DRT-0120] Large net net252 has 102 pins which may impact routing performance. Consider optimization.
[WARNING DRT-0120] Large net net246 has 134 pins which may impact routing performance. Consider optimization.
[WARNING DRT-0120] Large net net244 has 260 pins which may impact routing performance. Consider optimization.

Design:                   picorv32_bp_top
Die area:                 ( 0 0 ) ( 1200000 1200000 )
Number of track patterns: 12
Number of DEF vias:       0
Number of components:     185283
Number of terminals:      107
Number of snets:          2
Number of nets:           5889

[INFO DRT-0167] List of default vias:
  Layer via
    default via: M1M2_PR
  Layer via2
    default via: M2M3_PR
  Layer via3
    default via: M3M4_PR
  Layer via4
    default via: M4M5_PR
[INFO DRT-0162] Library cell analysis.
[INFO DRT-0163] Instance analysis.
  Complete 100000 instances.
[INFO DRT-0164] Number of unique instances = 167.
[INFO DRT-0168] Init region query.
[INFO DRT-0018]   Complete 100000 insts.
[INFO DRT-0024]   Complete FR_MASTERSLICE.
[INFO DRT-0024]   Complete licon.
[INFO DRT-0024]   Complete li1.
[INFO DRT-0024]   Complete mcon.
[INFO DRT-0024]   Complete met1.
[INFO DRT-0024]   Complete via.
[INFO DRT-0024]   Complete met2.
[INFO DRT-0024]   Complete via2.
[INFO DRT-0024]   Complete met3.
[INFO DRT-0024]   Complete via3.
[INFO DRT-0024]   Complete met4.
[INFO DRT-0024]   Complete via4.
[INFO DRT-0024]   Complete met5.
[INFO DRT-0033] FR_MASTERSLICE shape region query size = 0.
[INFO DRT-0033] licon shape region query size = 0.
[INFO DRT-0033] li1 shape region query size = 620612.
[INFO DRT-0033] mcon shape region query size = 17942.
[INFO DRT-0033] met1 shape region query size = 418975.
[INFO DRT-0033] via shape region query size = 94395.
[INFO DRT-0033] met2 shape region query size = 56661.
[INFO DRT-0033] via2 shape region query size = 75516.
[INFO DRT-0033] met3 shape region query size = 56718.
[INFO DRT-0033] via3 shape region query size = 75516.
[INFO DRT-0033] met4 shape region query size = 22751.
[INFO DRT-0033] via4 shape region query size = 3785.
[INFO DRT-0033] met5 shape region query size = 3959.
[INFO DRT-0165] Start pin access.
[INFO DRT-0076]   Complete 1000 pins.
[INFO DRT-0078]   Complete 1018 pins.
[INFO DRT-0079]   Complete 100 unique inst patterns.
[INFO DRT-0081]   Complete 167 unique inst patterns.
[INFO DRT-0084]   Complete 4051 groups.
#scanned instances     = 185283
#unique  instances     = 167
#stdCellGenAp          = 5097
#stdCellValidPlanarAp  = 28
#stdCellValidViaAp     = 4104
#stdCellPinNoAp        = 0
#stdCellPinCnt         = 23505
#instTermValidViaApCnt = 0
#macroGenAp            = 0
#macroValidPlanarAp    = 0
#macroValidViaAp       = 0
#macroNoAp             = 0
[INFO DRT-0166] Complete pin access.
[INFO DRT-0267] cpu time = 00:05:24, elapsed time = 00:00:20, memory = 432.08 (MB), peak = 435.71 (MB)

[INFO DRT-0157] Number of guides:     58591

[INFO DRT-0169] Post process guides.
[INFO DRT-0176] GCELLGRID X 0 DO 173 STEP 6900 ;
[INFO DRT-0177] GCELLGRID Y 0 DO 173 STEP 6900 ;
[INFO DRT-0028]   Complete FR_MASTERSLICE.
[INFO DRT-0028]   Complete licon.
[INFO DRT-0028]   Complete li1.
[INFO DRT-0028]   Complete mcon.
[INFO DRT-0028]   Complete met1.
[INFO DRT-0028]   Complete via.
[INFO DRT-0028]   Complete met2.
[INFO DRT-0028]   Complete via2.
[INFO DRT-0028]   Complete met3.
[INFO DRT-0028]   Complete via3.
[INFO DRT-0028]   Complete met4.
[INFO DRT-0028]   Complete via4.
[INFO DRT-0028]   Complete met5.
[INFO DRT-0178] Init guide query.
[INFO DRT-0035]   Complete FR_MASTERSLICE (guide).
[INFO DRT-0035]   Complete licon (guide).
[INFO DRT-0035]   Complete li1 (guide).
[INFO DRT-0035]   Complete mcon (guide).
[INFO DRT-0035]   Complete met1 (guide).
[INFO DRT-0035]   Complete via (guide).
[INFO DRT-0035]   Complete met2 (guide).
[INFO DRT-0035]   Complete via2 (guide).
[INFO DRT-0035]   Complete met3 (guide).
[INFO DRT-0035]   Complete via3 (guide).
[INFO DRT-0035]   Complete met4 (guide).
[INFO DRT-0035]   Complete via4 (guide).
[INFO DRT-0035]   Complete met5 (guide).
[INFO DRT-0036] FR_MASTERSLICE guide region query size = 0.
[INFO DRT-0036] licon guide region query size = 0.
[INFO DRT-0036] li1 guide region query size = 18390.
[INFO DRT-0036] mcon guide region query size = 0.
[INFO DRT-0036] met1 guide region query size = 16761.
[INFO DRT-0036] via guide region query size = 0.
[INFO DRT-0036] met2 guide region query size = 10120.
[INFO DRT-0036] via2 guide region query size = 0.
[INFO DRT-0036] met3 guide region query size = 2199.
[INFO DRT-0036] via3 guide region query size = 0.
[INFO DRT-0036] met4 guide region query size = 584.
[INFO DRT-0036] via4 guide region query size = 0.
[INFO DRT-0036] met5 guide region query size = 53.
[INFO DRT-0179] Init gr pin query.
[INFO DRT-0267] cpu time = 00:00:02, elapsed time = 00:00:00, memory = 452.86 (MB), peak = 452.86 (MB)
[INFO DRT-0185] Post process initialize RPin region query.
[INFO DRT-0181] Start track assignment.
[INFO DRT-0184] Done with 29094 vertical wires in 4 frboxes and 19013 horizontal wires in 4 frboxes.
[INFO DRT-0186] Done with 3146 vertical wires in 4 frboxes and 5210 horizontal wires in 4 frboxes.
[INFO DRT-0182] Complete track assignment.
[INFO DRT-0267] cpu time = 00:00:19, elapsed time = 00:00:07, memory = 921.33 (MB), peak = 997.32 (MB)
[INFO DRT-0187] Start routing data preparation.
[INFO DRT-0267] cpu time = 00:00:00, elapsed time = 00:00:00, memory = 921.33 (MB), peak = 997.32 (MB)
[INFO DRT-0194] Start detail routing.
[INFO DRT-0195] Start 0th optimization iteration.
    Completing 10% with 0 violations.
    elapsed time = 00:00:00, memory = 921.33 (MB).
    Completing 20% with 0 violations.
    elapsed time = 00:00:00, memory = 1136.96 (MB).
    Completing 30% with 529 violations.
    elapsed time = 00:00:09, memory = 1270.80 (MB).
    Completing 40% with 529 violations.
    elapsed time = 00:00:09, memory = 1270.80 (MB).
    Completing 50% with 529 violations.
    elapsed time = 00:00:15, memory = 1528.30 (MB).
    Completing 60% with 1113 violations.
    elapsed time = 00:00:19, memory = 1392.32 (MB).
    Completing 70% with 1113 violations.
    elapsed time = 00:00:19, memory = 1417.17 (MB).
    Completing 80% with 1662 violations.
    elapsed time = 00:00:35, memory = 1440.52 (MB).
    Completing 90% with 1662 violations.
    elapsed time = 00:00:35, memory = 1444.27 (MB).
    Completing 100% with 2287 violations.
    elapsed time = 00:00:47, memory = 1535.02 (MB).
[INFO DRT-0199]   Number of violations = 3048.
Viol/Layer         li1   mcon   met1   met2   met3   met4   via4   met5
Cut Spacing          0      9      0      0      0      0      0      0
Metal Spacing        0      0    819     68     16     10      0     15
Min Hole             0      0      6      0      0      0      0      0
NS Metal             0      0      1      0      0      0      0      0
Recheck              2      0    496    223     10     25      0      5
Short                0      2   1219     98     22      1      1      0
[INFO DRT-0267] cpu time = 00:10:03, elapsed time = 00:00:48, memory = 1857.36 (MB), peak = 1857.36 (MB)
Total wire length = 319089 um.
Total wire length on LAYER li1 = 0 um.
Total wire length on LAYER met1 = 105922 um.
Total wire length on LAYER met2 = 133605 um.
Total wire length on LAYER met3 = 55522 um.
Total wire length on LAYER met4 = 22501 um.
Total wire length on LAYER met5 = 1537 um.
Total number of vias = 53283.
Up-via summary (total 53283):

------------------------
 FR_MASTERSLICE        0
            li1    23144
           met1    25887
           met2     3226
           met3      946
           met4       80
------------------------
               53283


[INFO DRT-0195] Start 1st optimization iteration.
    Completing 10% with 3048 violations.
    elapsed time = 00:00:00, memory = 1857.36 (MB).
    Completing 20% with 3048 violations.
    elapsed time = 00:00:00, memory = 1871.27 (MB).
    Completing 30% with 2594 violations.
    elapsed time = 00:00:14, memory = 1884.56 (MB).
    Completing 40% with 2594 violations.
    elapsed time = 00:00:14, memory = 1884.56 (MB).
    Completing 50% with 2594 violations.
    elapsed time = 00:00:20, memory = 1938.16 (MB).
    Completing 60% with 2220 violations.
    elapsed time = 00:00:24, memory = 1906.55 (MB).
    Completing 70% with 2220 violations.
    elapsed time = 00:00:24, memory = 1906.55 (MB).
    Completing 80% with 1849 violations.
    elapsed time = 00:00:36, memory = 1914.03 (MB).
    Completing 90% with 1849 violations.
    elapsed time = 00:00:37, memory = 1914.03 (MB).
    Completing 100% with 1429 violations.
    elapsed time = 00:00:54, memory = 1936.66 (MB).
[INFO DRT-0199]   Number of violations = 1431.
Viol/Layer        mcon   met1   met2   met3   met5
Cut Spacing          7      0      0      0      0
Metal Spacing        0    464     30      5      3
Min Hole             0      1      0      0      0
Recheck              0      2      0      0      0
Short                0    877     41      1      0
[INFO DRT-0267] cpu time = 00:10:04, elapsed time = 00:00:55, memory = 1939.63 (MB), peak = 1951.08 (MB)
Total wire length = 317055 um.
Total wire length on LAYER li1 = 0 um.
Total wire length on LAYER met1 = 105341 um.
Total wire length on LAYER met2 = 132646 um.
Total wire length on LAYER met3 = 55222 um.
Total wire length on LAYER met4 = 22399 um.
Total wire length on LAYER met5 = 1444 um.
Total number of vias = 52652.
Up-via summary (total 52652):

------------------------
 FR_MASTERSLICE        0
            li1    23124
           met1    25440
           met2     3109
           met3      912
           met4       67
------------------------
               52652


[INFO DRT-0195] Start 2nd optimization iteration.
    Completing 10% with 1431 violations.
    elapsed time = 00:00:00, memory = 1939.63 (MB).
    Completing 20% with 1431 violations.
    elapsed time = 00:00:00, memory = 1939.63 (MB).
    Completing 30% with 1320 violations.
    elapsed time = 00:00:14, memory = 1942.77 (MB).
    Completing 40% with 1320 violations.
    elapsed time = 00:00:14, memory = 1942.77 (MB).
    Completing 50% with 1320 violations.
    elapsed time = 00:00:28, memory = 1961.05 (MB).
    Completing 60% with 1134 violations.
    elapsed time = 00:00:29, memory = 1961.05 (MB).
    Completing 70% with 1134 violations.
    elapsed time = 00:00:29, memory = 1961.05 (MB).
    Completing 80% with 1161 violations.
    elapsed time = 00:00:40, memory = 1961.41 (MB).
    Completing 90% with 1161 violations.
    elapsed time = 00:00:40, memory = 1961.41 (MB).
    Completing 100% with 1176 violations.
    elapsed time = 00:00:51, memory = 1964.06 (MB).
[INFO DRT-0199]   Number of violations = 1176.
Viol/Layer        mcon   met1   met2   met3   met4   met5
Cut Spacing          3      0      0      0      0      0
Metal Spacing        0    395     30      4      2      1
Short                0    714     26      1      0      0
[INFO DRT-0267] cpu time = 00:09:08, elapsed time = 00:00:51, memory = 1964.06 (MB), peak = 2032.45 (MB)
Total wire length = 316748 um.
Total wire length on LAYER li1 = 0 um.
Total wire length on LAYER met1 = 105257 um.
Total wire length on LAYER met2 = 132380 um.
Total wire length on LAYER met3 = 55233 um.
Total wire length on LAYER met4 = 22419 um.
Total wire length on LAYER met5 = 1457 um.
Total number of vias = 52586.
Up-via summary (total 52586):

------------------------
 FR_MASTERSLICE        0
            li1    23130
           met1    25344
           met2     3126
           met3      919
           met4       67
------------------------
               52586


[INFO DRT-0195] Start 3rd optimization iteration.
    Completing 10% with 1176 violations.
    elapsed time = 00:00:00, memory = 1964.06 (MB).
    Completing 20% with 1176 violations.
    elapsed time = 00:00:00, memory = 1964.06 (MB).
    Completing 30% with 966 violations.
    elapsed time = 00:00:11, memory = 1977.64 (MB).
    Completing 40% with 966 violations.
    elapsed time = 00:00:11, memory = 1977.64 (MB).
    Completing 50% with 966 violations.
    elapsed time = 00:00:14, memory = 2040.61 (MB).
    Completing 60% with 702 violations.
    elapsed time = 00:00:28, memory = 1984.64 (MB).
    Completing 70% with 702 violations.
    elapsed time = 00:00:28, memory = 1984.64 (MB).
    Completing 80% with 417 violations.
    elapsed time = 00:00:42, memory = 1984.76 (MB).
    Completing 90% with 417 violations.
    elapsed time = 00:00:42, memory = 1984.76 (MB).
    Completing 100% with 213 violations.
    elapsed time = 00:00:54, memory = 1986.17 (MB).
[INFO DRT-0199]   Number of violations = 213.
Viol/Layer        mcon   met1   met2
Cut Spacing          1      0      0
Metal Spacing        0     69     13
Short                0    128      2
[INFO DRT-0267] cpu time = 00:06:38, elapsed time = 00:00:55, memory = 1986.17 (MB), peak = 2073.58 (MB)
Total wire length = 316645 um.
Total wire length on LAYER li1 = 0 um.
Total wire length on LAYER met1 = 103504 um.
Total wire length on LAYER met2 = 132700 um.
Total wire length on LAYER met3 = 56612 um.
Total wire length on LAYER met4 = 22375 um.
Total wire length on LAYER met5 = 1452 um.
Total number of vias = 53066.
Up-via summary (total 53066):

------------------------
 FR_MASTERSLICE        0
            li1    23120
           met1    25512
           met2     3451
           met3      916
           met4       67
------------------------
               53066


[INFO DRT-0195] Start 4th optimization iteration.
    Completing 10% with 213 violations.
    elapsed time = 00:00:00, memory = 1986.17 (MB).
    Completing 20% with 213 violations.
    elapsed time = 00:00:00, memory = 1986.17 (MB).
    Completing 30% with 175 violations.
    elapsed time = 00:00:02, memory = 1986.17 (MB).
    Completing 40% with 175 violations.
    elapsed time = 00:00:02, memory = 1986.17 (MB).
    Completing 50% with 175 violations.
    elapsed time = 00:00:02, memory = 1986.17 (MB).
    Completing 60% with 125 violations.
    elapsed time = 00:00:09, memory = 1987.43 (MB).
    Completing 70% with 125 violations.
    elapsed time = 00:00:09, memory = 1987.43 (MB).
    Completing 80% with 110 violations.
    elapsed time = 00:00:12, memory = 1987.47 (MB).
    Completing 90% with 110 violations.
    elapsed time = 00:00:12, memory = 1987.47 (MB).
    Completing 100% with 37 violations.
    elapsed time = 00:00:27, memory = 1980.64 (MB).
[INFO DRT-0199]   Number of violations = 37.
Viol/Layer        mcon   met1
Cut Spacing          2      0
Metal Spacing        0     21
Short                0     14
[INFO DRT-0267] cpu time = 00:01:10, elapsed time = 00:00:27, memory = 1980.64 (MB), peak = 2073.58 (MB)
Total wire length = 316646 um.
Total wire length on LAYER li1 = 0 um.
Total wire length on LAYER met1 = 103415 um.
Total wire length on LAYER met2 = 132731 um.
Total wire length on LAYER met3 = 56692 um.
Total wire length on LAYER met4 = 22353 um.
Total wire length on LAYER met5 = 1452 um.
Total number of vias = 53126.
Up-via summary (total 53126):

------------------------
 FR_MASTERSLICE        0
            li1    23120
           met1    25559
           met2     3465
           met3      915
           met4       67
------------------------
               53126


[INFO DRT-0195] Start 5th optimization iteration.
    Completing 10% with 37 violations.
    elapsed time = 00:00:00, memory = 1980.64 (MB).
    Completing 20% with 37 violations.
    elapsed time = 00:00:00, memory = 1980.64 (MB).
    Completing 30% with 24 violations.
    elapsed time = 00:00:01, memory = 1982.99 (MB).
    Completing 40% with 24 violations.
    elapsed time = 00:00:01, memory = 1982.99 (MB).
    Completing 50% with 24 violations.
    elapsed time = 00:00:01, memory = 1982.99 (MB).
    Completing 60% with 17 violations.
    elapsed time = 00:00:03, memory = 1982.99 (MB).
    Completing 70% with 17 violations.
    elapsed time = 00:00:03, memory = 1982.99 (MB).
    Completing 80% with 15 violations.
    elapsed time = 00:00:04, memory = 1982.99 (MB).
    Completing 90% with 15 violations.
    elapsed time = 00:00:04, memory = 1982.99 (MB).
    Completing 100% with 0 violations.
    elapsed time = 00:00:06, memory = 1982.99 (MB).
[INFO DRT-0199]   Number of violations = 0.
[INFO DRT-0267] cpu time = 00:00:15, elapsed time = 00:00:06, memory = 1982.99 (MB), peak = 2073.58 (MB)
Total wire length = 316646 um.
Total wire length on LAYER li1 = 0 um.
Total wire length on LAYER met1 = 103379 um.
Total wire length on LAYER met2 = 132743 um.
Total wire length on LAYER met3 = 56716 um.
Total wire length on LAYER met4 = 22353 um.
Total wire length on LAYER met5 = 1452 um.
Total number of vias = 53127.
Up-via summary (total 53127):

------------------------
 FR_MASTERSLICE        0
            li1    23119
           met1    25557
           met2     3469
           met3      915
           met4       67
------------------------
               53127


[INFO DRT-0198] Complete detail routing.
Total wire length = 316646 um.
Total wire length on LAYER li1 = 0 um.
Total wire length on LAYER met1 = 103379 um.
Total wire length on LAYER met2 = 132743 um.
Total wire length on LAYER met3 = 56716 um.
Total wire length on LAYER met4 = 22353 um.
Total wire length on LAYER met5 = 1452 um.
Total number of vias = 53127.
Up-via summary (total 53127):

------------------------
 FR_MASTERSLICE        0
            li1    23119
           met1    25557
           met2     3469
           met3      915
           met4       67
------------------------
               53127


[INFO DRT-0267] cpu time = 00:37:20, elapsed time = 00:04:06, memory = 1982.99 (MB), peak = 2073.58 (MB)

[INFO DRT-0180] Post processing.
[INFO FLW-0001] Deleted 0 routing obstructions
[WARNING EST-0026] Missing route to pin _5804_/A1 in net _1685_.
[WARNING EST-0026] Missing route to pin _5804_/A1 in net _1685_.
[WARNING EST-0026] Missing route to pin _5804_/A1 in net _1685_.
[WARNING EST-0026] Missing route to pin _6656_/S0 in net net257.
[WARNING EST-0026] Missing route to pin _6048_/S0 in net net257.
[WARNING EST-0026] Missing route to pin _6042_/S0 in net net257.
[WARNING EST-0026] Missing route to pin _6656_/S0 in net net257.
[WARNING EST-0026] Missing route to pin _6048_/S0 in net net257.
[WARNING EST-0026] Missing route to pin _6042_/S0 in net net257.
[WARNING EST-0026] Missing route to pin _6656_/S0 in net net257.
[WARNING EST-0026] Missing route to pin _6048_/S0 in net net257.
[WARNING EST-0026] Missing route to pin _6042_/S0 in net net257.
[WARNING EST-0026] Missing route to pin _6324_/S0 in net net255.
[WARNING EST-0026] Missing route to pin _6324_/S0 in net net255.
[WARNING EST-0026] Missing route to pin _6324_/S0 in net net255.
[WARNING EST-0026] Missing route to pin _7681_/S0 in net net256.
[WARNING EST-0026] Missing route to pin _6573_/S0 in net net256.
[WARNING EST-0026] Missing route to pin _7681_/S0 in net net256.
[WARNING EST-0026] Missing route to pin _6573_/S0 in net net256.
[WARNING EST-0026] Missing route to pin _7681_/S0 in net net256.
[WARNING EST-0026] Missing route to pin _6573_/S0 in net net256.
[WARNING EST-0026] Missing route to pin _6110_/S0 in net net258.
[WARNING EST-0026] Missing route to pin _6110_/S0 in net net258.
[WARNING EST-0026] Missing route to pin _6110_/S0 in net net258.
[WARNING EST-0026] Missing route to pin _7431_/S0 in net net246.
[WARNING EST-0026] Missing route to pin _5339_/S0 in net net246.
[WARNING EST-0026] Missing route to pin _7431_/S0 in net net246.
[WARNING EST-0026] Missing route to pin _5339_/S0 in net net246.
[WARNING EST-0026] Missing route to pin _7431_/S0 in net net246.
[WARNING EST-0026] Missing route to pin _5339_/S0 in net net246.
[WARNING EST-0026] Missing route to pin _6788_/S0 in net net247.
[WARNING EST-0026] Missing route to pin _5411_/S0 in net net247.
[WARNING EST-0026] Missing route to pin _6788_/S0 in net net247.
[WARNING EST-0026] Missing route to pin _5411_/S0 in net net247.
[WARNING EST-0026] Missing route to pin _6788_/S0 in net net247.
[WARNING EST-0026] Missing route to pin _5411_/S0 in net net247.
[WARNING EST-0026] Missing route to pin _5373_/S0 in net net248.
[WARNING EST-0026] Missing route to pin _5373_/S0 in net net248.
[WARNING EST-0026] Missing route to pin _5373_/S0 in net net248.
[WARNING EST-0026] Missing route to pin _7977_/B1 in net _3645_.
[WARNING EST-0026] Missing route to pin _7977_/B1 in net _3645_.
[WARNING EST-0026] Missing route to pin _7977_/B1 in net _3645_.
[WARNING EST-0026] Missing route to pin cpu\/cpuregs\[0\]\[26\]$_DFFE_PP_/Q in net cpu\/cpuregs\[0\]\[26\].
[WARNING EST-0026] Missing route to pin cpu\/cpuregs\[0\]\[26\]$_DFFE_PP_/Q in net cpu\/cpuregs\[0\]\[26\].
[WARNING EST-0026] Missing route to pin cpu\/cpuregs\[0\]\[26\]$_DFFE_PP_/Q in net cpu\/cpuregs\[0\]\[26\].
[WARNING EST-0026] Missing route to pin cpu\/cpuregs\[11\]\[2\]$_DFFE_PP_/Q in net cpu\/cpuregs\[11\]\[2\].
[WARNING EST-0026] Missing route to pin cpu\/cpuregs\[11\]\[2\]$_DFFE_PP_/Q in net cpu\/cpuregs\[11\]\[2\].
[WARNING EST-0026] Missing route to pin cpu\/cpuregs\[11\]\[2\]$_DFFE_PP_/Q in net cpu\/cpuregs\[11\]\[2\].
[WARNING EST-0026] Missing route to pin _6619_/A2 in net cpu\/cpuregs\[12\]\[7\].
[WARNING EST-0026] Missing route to pin _6619_/A2 in net cpu\/cpuregs\[12\]\[7\].
[WARNING EST-0026] Missing route to pin _6619_/A2 in net cpu\/cpuregs\[12\]\[7\].
[WARNING EST-0026] Missing route to pin _5788_/A2 in net cpu\/cpuregs\[20\]\[16\].
[WARNING EST-0026] Missing route to pin _5788_/A2 in net cpu\/cpuregs\[20\]\[16\].
[WARNING EST-0026] Missing route to pin _5788_/A2 in net cpu\/cpuregs\[20\]\[16\].
[WARNING EST-0026] Missing route to pin cpu\/cpuregs\[21\]\[12\]$_DFFE_PP_/Q in net cpu\/cpuregs\[21\]\[12\].
[WARNING EST-0026] Missing route to pin cpu\/cpuregs\[21\]\[12\]$_DFFE_PP_/Q in net cpu\/cpuregs\[21\]\[12\].
[WARNING EST-0026] Missing route to pin cpu\/cpuregs\[21\]\[12\]$_DFFE_PP_/Q in net cpu\/cpuregs\[21\]\[12\].
[WARNING EST-0026] Missing route to pin _7506_/A2 in net cpu\/cpuregs\[28\]\[25\].
[WARNING EST-0026] Missing route to pin _7506_/A2 in net cpu\/cpuregs\[28\]\[25\].
[WARNING EST-0026] Missing route to pin _7506_/A2 in net cpu\/cpuregs\[28\]\[25\].
[WARNING EST-0026] Missing route to pin cpu\/mem_rdata_q\[16\]$_DFFE_PP_/Q in net cpu\/mem_rdata_q\[16\].
[WARNING EST-0026] Missing route to pin cpu\/mem_rdata_q\[16\]$_DFFE_PP_/Q in net cpu\/mem_rdata_q\[16\].
[WARNING EST-0026] Missing route to pin cpu\/mem_rdata_q\[16\]$_DFFE_PP_/Q in net cpu\/mem_rdata_q\[16\].
[WARNING EST-0026] Missing route to pin _4495_/A1 in net cpu\/pcpi_rs2\[21\].
[WARNING EST-0026] Missing route to pin _4495_/A1 in net cpu\/pcpi_rs2\[21\].
[WARNING EST-0026] Missing route to pin _4495_/A1 in net cpu\/pcpi_rs2\[21\].
Writing database: outputs/picorv32_bp_top.odb.gz
Writing DEF: outputs/picorv32_bp_top.def.gz
Writing netlist: outputs/picorv32_bp_top.vg
Writing LEC netlist: outputs/picorv32_bp_top.lec.vg
Writing SDC: outputs/picorv32_bp_top.sdc
SC_METRIC: report_checks -path_delay max
No paths found.
SC_METRIC: setupslack
worst slack max INF
SC_METRIC: tns
tns max 0.00
SC_METRIC: report_checks -path_delay min
No paths found.
SC_METRIC: holdslack
worst slack min INF
SC_METRIC: unconstrained
Startpoint: cpu/latched_stalu$_SDFFE_PN0P_ (rising edge-triggered flip-flop)
Endpoint: cpu/reg_next_pc[31]$_SDFFE_PN0P_ (rising edge-triggered flip-flop)
Path Group: unconstrained
Path Type: max
Corner: slow

Fanout     Cap    Slew   Delay    Time   Description
-----------------------------------------------------------------------------
                  2.88    0.00    0.00 ^ cpu/latched_stalu$_SDFFE_PN0P_/CLK (sky130_fd_sc_hd__dfxtp_1)
     3    0.01    0.32    2.72    2.72 ^ cpu/latched_stalu$_SDFFE_PN0P_/Q (sky130_fd_sc_hd__dfxtp_1)
                                         _2675_ (net)
                  0.32    0.00    2.72 ^ place238/A (sky130_fd_sc_hd__buf_4)
    31    0.13    1.35    1.35    4.07 ^ place238/X (sky130_fd_sc_hd__buf_4)
                                         net238 (net)
                  1.35    0.00    4.07 ^ _6985_/S (sky130_fd_sc_hd__mux2_4)
     3    0.01    0.18    1.77    5.84 v _6985_/X (sky130_fd_sc_hd__mux2_4)
                                         _2798_ (net)
                  0.18    0.00    5.84 v _7966_/A1 (sky130_fd_sc_hd__mux2_2)
     2    0.01    0.19    1.39    7.23 v _7966_/X (sky130_fd_sc_hd__mux2_2)
                                         _3636_ (net)
                  0.19    0.00    7.23 v _7968_/B (sky130_fd_sc_hd__maj3_2)
     3    0.01    0.22    1.59    8.82 v _7968_/X (sky130_fd_sc_hd__maj3_2)
                                         _3638_ (net)
                  0.22    0.00    8.82 v _7971_/A2 (sky130_fd_sc_hd__a211oi_2)
     2    0.00    0.62    0.96    9.78 ^ _7971_/Y (sky130_fd_sc_hd__a211oi_2)
                                         _3641_ (net)
                  0.62    0.00    9.78 ^ _7974_/A3 (sky130_fd_sc_hd__o311ai_1)
     3    0.01    0.22    0.49   10.27 v _7974_/Y (sky130_fd_sc_hd__o311ai_1)
                                         _3644_ (net)
                  0.22    0.00   10.27 v _7977_/A3 (sky130_fd_sc_hd__a311oi_1)
     3    0.01    1.10    1.37   11.64 ^ _7977_/Y (sky130_fd_sc_hd__a311oi_1)
                                         _3647_ (net)
                  1.10    0.00   11.64 ^ _7980_/A3 (sky130_fd_sc_hd__o311ai_1)
     4    0.01    0.33    0.79   12.43 v _7980_/Y (sky130_fd_sc_hd__o311ai_1)
                                         _3650_ (net)
                  0.33    0.00   12.43 v _7983_/A3 (sky130_fd_sc_hd__a311oi_2)
     3    0.01    0.77    1.25   13.67 ^ _7983_/Y (sky130_fd_sc_hd__a311oi_2)
                                         _3653_ (net)
                  0.77    0.00   13.67 ^ _7986_/A3 (sky130_fd_sc_hd__o311ai_1)
     3    0.01    0.25    0.57   14.25 v _7986_/Y (sky130_fd_sc_hd__o311ai_1)
                                         _3656_ (net)
                  0.25    0.00   14.25 v _7988_/A3 (sky130_fd_sc_hd__a31oi_1)
     2    0.02    1.55    1.47   15.72 ^ _7988_/Y (sky130_fd_sc_hd__a31oi_1)
                                         _3658_ (net)
                  1.55    0.00   15.72 ^ _7990_/A2 (sky130_fd_sc_hd__o21bai_1)
     3    0.00    0.22    0.79   16.50 v _7990_/Y (sky130_fd_sc_hd__o21bai_1)
                                         _3660_ (net)
                  0.22    0.00   16.50 v _7993_/A2 (sky130_fd_sc_hd__a211o_1)
     3    0.00    0.16    1.36   17.86 v _7993_/X (sky130_fd_sc_hd__a211o_1)
                                         _3663_ (net)
                  0.16    0.00   17.86 v _7995_/A3 (sky130_fd_sc_hd__a31oi_1)
     3    0.01    0.92    0.96   18.82 ^ _7995_/Y (sky130_fd_sc_hd__a31oi_1)
                                         _3665_ (net)
                  0.92    0.00   18.82 ^ _8000_/A2 (sky130_fd_sc_hd__a211o_1)
     4    0.01    0.28    0.83   19.65 ^ _8000_/X (sky130_fd_sc_hd__a211o_1)
                                         _3670_ (net)
                  0.28    0.00   19.65 ^ _8001_/B (sky130_fd_sc_hd__nor2_1)
     2    0.00    0.19    0.20   19.85 v _8001_/Y (sky130_fd_sc_hd__nor2_1)
                                         _3671_ (net)
                  0.19    0.00   19.85 v _8003_/A2 (sky130_fd_sc_hd__a21o_1)
     2    0.01    0.15    0.79   20.64 v _8003_/X (sky130_fd_sc_hd__a21o_1)
                                         _3673_ (net)
                  0.15    0.00   20.64 v _8004_/B (sky130_fd_sc_hd__and2_1)
     4    0.01    0.14    0.70   21.34 v _8004_/X (sky130_fd_sc_hd__and2_1)
                                         _3674_ (net)
                  0.14    0.00   21.34 v _8006_/A3 (sky130_fd_sc_hd__a31o_1)
     2    0.00    0.11    0.91   22.25 v _8006_/X (sky130_fd_sc_hd__a31o_1)
                                         _3676_ (net)
                  0.11    0.00   22.25 v _8008_/A (sky130_fd_sc_hd__nand2_1)
     2    0.00    0.18    0.22   22.46 ^ _8008_/Y (sky130_fd_sc_hd__nand2_1)
                                         _3678_ (net)
                  0.18    0.00   22.46 ^ _8009_/B1 (sky130_fd_sc_hd__o21ai_1)
     2    0.01    0.21    0.24   22.71 v _8009_/Y (sky130_fd_sc_hd__o21ai_1)
                                         _3679_ (net)
                  0.21    0.00   22.71 v _8807_/C (sky130_fd_sc_hd__maj3_2)
     2    0.00    0.19    1.45   24.15 v _8807_/X (sky130_fd_sc_hd__maj3_2)
                                         _4273_ (net)
                  0.19    0.00   24.15 v _8811_/A1 (sky130_fd_sc_hd__o21a_1)
     1    0.00    0.10    0.81   24.96 v _8811_/X (sky130_fd_sc_hd__o21a_1)
                                         _4277_ (net)
                  0.10    0.00   24.97 v _8815_/A2 (sky130_fd_sc_hd__a21oi_1)
     1    0.00    0.51    0.61   25.58 ^ _8815_/Y (sky130_fd_sc_hd__a21oi_1)
                                         _4281_ (net)
                  0.51    0.00   25.58 ^ _8819_/A1 (sky130_fd_sc_hd__o21ai_0)
     1    0.00    0.16    0.42   26.00 v _8819_/Y (sky130_fd_sc_hd__o21ai_0)
                                         _0356_ (net)
                  0.16    0.00   26.00 v cpu/reg_next_pc[31]$_SDFFE_PN0P_/D (sky130_fd_sc_hd__dfxtp_1)
                                 26.00   data arrival time
-----------------------------------------------------------------------------
(Path is unconstrained)


SC_METRIC: DRV violators
SC_METRIC: floating nets
Reporting floating nets: reports/floating_nets.rpt
SC_METRIC: overdriven nets
Reporting overdriven nets: reports/overdriven_nets.rpt
Reporting overdriven nets: reports/overdriven_nets_with_parallel.rpt
SC_METRIC: fmax
SC_METRIC: power
Power for corner: fast
Group                  Internal  Switching    Leakage      Total
                          Power      Power      Power      Power (Watts)
----------------------------------------------------------------
Sequential             1.87e-02   7.48e-03   4.73e-05   2.62e-02  26.6%
Combinational          4.15e-02   3.08e-02   3.21e-05   7.23e-02  73.4%
Clock                 -7.66e-10   0.00e+00   1.06e-11  -7.55e-10  -0.0%
Macro                  0.00e+00   0.00e+00   0.00e+00   0.00e+00   0.0%
Pad                    0.00e+00   0.00e+00   0.00e+00   0.00e+00   0.0%
----------------------------------------------------------------
Total                  6.02e-02   3.83e-02   7.94e-05   9.86e-02 100.0%
                          61.1%      38.8%       0.1%
Power for corner: slow
Group                  Internal  Switching    Leakage      Total
                          Power      Power      Power      Power (Watts)
----------------------------------------------------------------
Sequential             7.16e-03   3.61e-03   6.00e-10   1.08e-02  28.2%
Combinational          1.37e-02   1.38e-02   8.48e-10   2.75e-02  71.8%
Clock                  2.51e-10   0.00e+00   1.76e-14   2.51e-10   0.0%
Macro                  0.00e+00   0.00e+00   0.00e+00   0.00e+00   0.0%
Pad                    0.00e+00   0.00e+00   0.00e+00   0.00e+00   0.0%
----------------------------------------------------------------
Total                  2.09e-02   1.74e-02   1.45e-09   3.83e-02 100.0%
                          54.6%      45.4%       0.0%
Power for corner: typical
Group                  Internal  Switching    Leakage      Total
                          Power      Power      Power      Power (Watts)
----------------------------------------------------------------
Sequential             1.35e-02   6.28e-03   1.37e-08   1.98e-02  28.3%
Combinational          2.47e-02   2.53e-02   1.16e-08   5.00e-02  71.7%
Clock                  3.02e-10   0.00e+00   3.80e-14   3.02e-10   0.0%
Macro                  0.00e+00   0.00e+00   0.00e+00   0.00e+00   0.0%
Pad                    0.00e+00   0.00e+00   0.00e+00   0.00e+00   0.0%
----------------------------------------------------------------
Total                  3.82e-02   3.16e-02   2.52e-08   6.98e-02 100.0%
                          54.8%      45.2%       0.0%
SC_METRIC: cellarea
Design area 78384 um^2 6% utilization.
Cell type report:                       Count       Area
  Fill cell                            160936 1287582.39
  Tap cell                              18487   23130.93
  Timing Repair Buffer                    114     950.91
  Inverter                                 84     315.30
  Sequential cell                        1597   44786.70
  Multi-Input combinational cell         4065   32331.01
  Total                                185283 1389097.25

Cell instance report:
  sky130_fd_sc_hd__a2111oi_0                1       8.76
  sky130_fd_sc_hd__a2111oi_2                1      15.01
  sky130_fd_sc_hd__a211o_1                 12     105.10
  sky130_fd_sc_hd__a211oi_1                23     172.67
  sky130_fd_sc_hd__a211oi_2                 2      25.02
  sky130_fd_sc_hd__a21boi_0                 5      37.54
  sky130_fd_sc_hd__a21o_1                  63     472.95
  sky130_fd_sc_hd__a21oi_1                276    1381.32
  sky130_fd_sc_hd__a21oi_2                  1       8.76
  sky130_fd_sc_hd__a21oi_4                  1      16.27
  sky130_fd_sc_hd__a221o_1                 15     150.14
  sky130_fd_sc_hd__a221oi_1                25     218.96
  sky130_fd_sc_hd__a222oi_1                40     400.38
  sky130_fd_sc_hd__a22o_1                  27     236.48
  sky130_fd_sc_hd__a22oi_1                 38     285.27
  sky130_fd_sc_hd__a2bb2oi_1                1       8.76
  sky130_fd_sc_hd__a311o_1                  2      20.02
  sky130_fd_sc_hd__a311oi_1                11      96.34
  sky130_fd_sc_hd__a311oi_2                 3      45.04
  sky130_fd_sc_hd__a31o_1                   4      35.03
  sky130_fd_sc_hd__a31oi_1                 64     400.38
  sky130_fd_sc_hd__a32o_1                   8      80.08
  sky130_fd_sc_hd__a32oi_1                 10      87.58
  sky130_fd_sc_hd__a41oi_1                  3      26.28
  sky130_fd_sc_hd__and2_0                  26     162.66
  sky130_fd_sc_hd__and2_1                  53     331.57
  sky130_fd_sc_hd__and3_1                  49     306.54
  sky130_fd_sc_hd__and4_1                  32     280.27
  sky130_fd_sc_hd__buf_12                   7     140.13
  sky130_fd_sc_hd__buf_4                  106     795.76
  sky130_fd_sc_hd__buf_8                    1      15.01
  sky130_fd_sc_hd__clkinv_1                 3      11.26
  sky130_fd_sc_hd__conb_1                  34     127.62
  sky130_fd_sc_hd__dfxtp_1                314    6286.03
  sky130_fd_sc_hd__dfxtp_2                  3      63.81
  sky130_fd_sc_hd__diode_2                  6      15.01
  sky130_fd_sc_hd__edfxtp_1              1280   38436.86
  sky130_fd_sc_hd__fill_1               19184   24003.02
  sky130_fd_sc_hd__fill_2               18697   46787.37
  sky130_fd_sc_hd__fill_4                2985   14939.33
  sky130_fd_sc_hd__fill_8              120070 1201852.67
  sky130_fd_sc_hd__inv_1                   78     292.78
  sky130_fd_sc_hd__inv_2                    3      11.26
  sky130_fd_sc_hd__maj3_1                   4      40.04
  sky130_fd_sc_hd__maj3_2                   7      78.83
  sky130_fd_sc_hd__mux2_2                  54     608.08
  sky130_fd_sc_hd__mux2_4                   1      15.01
  sky130_fd_sc_hd__mux2i_1                 75     750.72
  sky130_fd_sc_hd__mux4_2                 540   12161.66
  sky130_fd_sc_hd__nand2_1                541    2030.70
  sky130_fd_sc_hd__nand2b_1                39     243.98
  sky130_fd_sc_hd__nand3_1                 76     380.36
  sky130_fd_sc_hd__nand3b_1                11      82.58
  sky130_fd_sc_hd__nand4_1                 21     131.38
  sky130_fd_sc_hd__nand4b_1                 3      26.28
  sky130_fd_sc_hd__nor2_1                 586    2199.61
  sky130_fd_sc_hd__nor2_2                  33     206.45
  sky130_fd_sc_hd__nor2b_1                 47     294.03
  sky130_fd_sc_hd__nor3_1                 111     555.53
  sky130_fd_sc_hd__nor3_2                   3      30.03
  sky130_fd_sc_hd__nor3b_1                  2      15.01
  sky130_fd_sc_hd__nor4_1                  20     125.12
  sky130_fd_sc_hd__nor4_2                   2      25.02
  sky130_fd_sc_hd__nor4b_1                  3      26.28
  sky130_fd_sc_hd__o2111a_1                 1      11.26
  sky130_fd_sc_hd__o2111ai_1                1       8.76
  sky130_fd_sc_hd__o211a_1                  2      20.02
  sky130_fd_sc_hd__o211ai_1                28     210.20
  sky130_fd_sc_hd__o21a_1                  33     247.74
  sky130_fd_sc_hd__o21ai_0                544    2722.61
  sky130_fd_sc_hd__o21ai_1                 19      95.09
  sky130_fd_sc_hd__o21bai_1                 3      22.52
  sky130_fd_sc_hd__o221a_2                  3      33.78
  sky130_fd_sc_hd__o221ai_1                58     507.99
  sky130_fd_sc_hd__o22a_1                   1       8.76
  sky130_fd_sc_hd__o22ai_1                 48     300.29
  sky130_fd_sc_hd__o2bb2ai_1                2      17.52
  sky130_fd_sc_hd__o311a_1                  1      10.01
  sky130_fd_sc_hd__o311ai_0                 4      35.03
  sky130_fd_sc_hd__o311ai_1                 8      70.07
  sky130_fd_sc_hd__o31a_1                   5      43.79
  sky130_fd_sc_hd__o31ai_1                 26     195.19
  sky130_fd_sc_hd__o31ai_2                  1      12.51
  sky130_fd_sc_hd__o32ai_1                 11      96.34
  sky130_fd_sc_hd__or2_1                   27     168.91
  sky130_fd_sc_hd__or3_1                   20     125.12
  sky130_fd_sc_hd__or3b_2                   3      26.28
  sky130_fd_sc_hd__or4_1                    5      37.54
  sky130_fd_sc_hd__or4b_2                   2      20.02
  sky130_fd_sc_hd__tapvpwrvgnd_1        18487   23130.93
  sky130_fd_sc_hd__xnor2_1                123    1077.28
  sky130_fd_sc_hd__xor2_1                  71     621.85
