| INFO     | job0 | elaborate            | 0 | Running in /home/arthur/ECE507/project/build/picorv32_bp_top/job0/elaborate/0
| INFO     | job0 | elaborate            | 0 | runtime arguments: --single-unit --threads 20 /home/arthur/ECE507/project/picorv32_bp_top.v /home/arthur/ECE507/project/picorv32.v /home/arthur/ECE507/project/neural_bht.v /home/arthur/ECE507/project/sky130_sram_2k.bb.v --top picorv32_bp_top --allow-use-before-declare --ignore-unknown-modules -Weverything
| WARNING  | job0 | elaborate            | 0 | /home/arthur/ECE507/project/picorv32_bp_top.v:38:7: warning: port 'trap' has no connection [-Wunconnected-port]
| WARNING  | job0 | elaborate            | 0 |     ) cpu (
| WARNING  | job0 | elaborate            | 0 |       ^
| WARNING  | job0 | elaborate            | 0 | /home/arthur/ECE507/project/picorv32_bp_top.v:38:7: warning: port 'mem_la_read' has no connection [-Wunconnected-port]
| WARNING  | job0 | elaborate            | 0 |     ) cpu (
| WARNING  | job0 | elaborate            | 0 |       ^
| WARNING  | job0 | elaborate            | 0 | /home/arthur/ECE507/project/picorv32_bp_top.v:38:7: warning: port 'mem_la_write' has no connection [-Wunconnected-port]
| WARNING  | job0 | elaborate            | 0 |     ) cpu (
| WARNING  | job0 | elaborate            | 0 |       ^
| WARNING  | job0 | elaborate            | 0 | /home/arthur/ECE507/project/picorv32_bp_top.v:38:7: warning: port 'mem_la_addr' has no connection [-Wunconnected-port]
| WARNING  | job0 | elaborate            | 0 |     ) cpu (
| WARNING  | job0 | elaborate            | 0 |       ^
| WARNING  | job0 | elaborate            | 0 | /home/arthur/ECE507/project/picorv32_bp_top.v:38:7: warning: port 'mem_la_wdata' has no connection [-Wunconnected-port]
| WARNING  | job0 | elaborate            | 0 |     ) cpu (
| WARNING  | job0 | elaborate            | 0 |       ^
| WARNING  | job0 | elaborate            | 0 | /home/arthur/ECE507/project/picorv32_bp_top.v:38:7: warning: port 'mem_la_wstrb' has no connection [-Wunconnected-port]
| WARNING  | job0 | elaborate            | 0 |     ) cpu (
| WARNING  | job0 | elaborate            | 0 |       ^
| WARNING  | job0 | elaborate            | 0 | /home/arthur/ECE507/project/picorv32_bp_top.v:38:7: warning: port 'pcpi_valid' has no connection [-Wunconnected-port]
| WARNING  | job0 | elaborate            | 0 |     ) cpu (
| WARNING  | job0 | elaborate            | 0 |       ^
| WARNING  | job0 | elaborate            | 0 | /home/arthur/ECE507/project/picorv32_bp_top.v:38:7: warning: port 'pcpi_insn' has no connection [-Wunconnected-port]
| WARNING  | job0 | elaborate            | 0 |     ) cpu (
| WARNING  | job0 | elaborate            | 0 |       ^
| WARNING  | job0 | elaborate            | 0 | /home/arthur/ECE507/project/picorv32_bp_top.v:38:7: warning: port 'pcpi_rs1' has no connection [-Wunconnected-port]
| WARNING  | job0 | elaborate            | 0 |     ) cpu (
| WARNING  | job0 | elaborate            | 0 |       ^
| WARNING  | job0 | elaborate            | 0 | /home/arthur/ECE507/project/picorv32_bp_top.v:38:7: warning: port 'pcpi_rs2' has no connection [-Wunconnected-port]
| WARNING  | job0 | elaborate            | 0 |     ) cpu (
| WARNING  | job0 | elaborate            | 0 |       ^
| WARNING  | job0 | elaborate            | 0 | /home/arthur/ECE507/project/picorv32_bp_top.v:38:7: warning: port 'pcpi_wr' has no connection [-Wunconnected-port]
| WARNING  | job0 | elaborate            | 0 |     ) cpu (
| WARNING  | job0 | elaborate            | 0 |       ^
| WARNING  | job0 | elaborate            | 0 | /home/arthur/ECE507/project/picorv32_bp_top.v:38:7: warning: port 'pcpi_rd' has no connection [-Wunconnected-port]
| WARNING  | job0 | elaborate            | 0 |     ) cpu (
| WARNING  | job0 | elaborate            | 0 |       ^
| WARNING  | job0 | elaborate            | 0 | /home/arthur/ECE507/project/picorv32_bp_top.v:38:7: warning: port 'pcpi_wait' has no connection [-Wunconnected-port]
| WARNING  | job0 | elaborate            | 0 |     ) cpu (
| WARNING  | job0 | elaborate            | 0 |       ^
| WARNING  | job0 | elaborate            | 0 | /home/arthur/ECE507/project/picorv32_bp_top.v:38:7: warning: port 'pcpi_ready' has no connection [-Wunconnected-port]
| WARNING  | job0 | elaborate            | 0 |     ) cpu (
| WARNING  | job0 | elaborate            | 0 |       ^
| WARNING  | job0 | elaborate            | 0 | /home/arthur/ECE507/project/picorv32_bp_top.v:38:7: warning: port 'irq' has no connection [-Wunconnected-port]
| WARNING  | job0 | elaborate            | 0 |     ) cpu (
| WARNING  | job0 | elaborate            | 0 |       ^
| WARNING  | job0 | elaborate            | 0 | /home/arthur/ECE507/project/picorv32_bp_top.v:38:7: warning: port 'eoi' has no connection [-Wunconnected-port]
| WARNING  | job0 | elaborate            | 0 |     ) cpu (
| WARNING  | job0 | elaborate            | 0 |       ^
| WARNING  | job0 | elaborate            | 0 | /home/arthur/ECE507/project/picorv32.v:272:32: warning: generate block is unnamed [-Wunnamed-generate]
| WARNING  | job0 | elaborate            | 0 |         generate if (ENABLE_FAST_MUL) begin
| WARNING  | job0 | elaborate            | 0 |                                       ^~~~~
| WARNING  | job0 | elaborate            | 0 | /home/arthur/ECE507/project/picorv32.v:285:27: warning: generate block is unnamed [-Wunnamed-generate]
| WARNING  | job0 | elaborate            | 0 |         end else if (ENABLE_MUL) begin
| WARNING  | job0 | elaborate            | 0 |                                  ^~~~~
| WARNING  | job0 | elaborate            | 0 | /home/arthur/ECE507/project/picorv32.v:298:11: warning: generate block is unnamed [-Wunnamed-generate]
| WARNING  | job0 | elaborate            | 0 |         end else begin
| WARNING  | job0 | elaborate            | 0 |                  ^~~~~
| WARNING  | job0 | elaborate            | 0 | /home/arthur/ECE507/project/picorv32.v:305:27: warning: generate block is unnamed [-Wunnamed-generate]
| WARNING  | job0 | elaborate            | 0 |         generate if (ENABLE_DIV) begin
| WARNING  | job0 | elaborate            | 0 |                                  ^~~~~
| WARNING  | job0 | elaborate            | 0 | /home/arthur/ECE507/project/picorv32.v:318:11: warning: generate block is unnamed [-Wunnamed-generate]
| WARNING  | job0 | elaborate            | 0 |         end else begin
| WARNING  | job0 | elaborate            | 0 |                  ^~~~~
| WARNING  | job0 | elaborate            | 0 | /home/arthur/ECE507/project/picorv32.v:332:3: warning: 'case' missing 'default' label [-Wcase-default]
| WARNING  | job0 | elaborate            | 0 |                 case (1'b1)
| WARNING  | job0 | elaborate            | 0 |                 ^~~~
| WARNING  | job0 | elaborate            | 0 | /home/arthur/ECE507/project/picorv32.v:382:74: warning: arithmetic between operands of different types ('logic[31:2]' and 'logic') [-Warith-op-mismatch]
| WARNING  | job0 | elaborate            | 0 |         assign mem_la_addr = (mem_do_prefetch || mem_do_rinst) ? {next_pc[31:2] + mem_la_firstword_xfer, 2'b00} : {reg_op1[31:2], 2'b00};
| WARNING  | job0 | elaborate            | 0 |                                                                   ~~~~~~~~~~~~~ ^ ~~~~~~~~~~~~~~~~~~~~~
| WARNING  | job0 | elaborate            | 0 | /home/arthur/ECE507/project/picorv32.v:403:3: warning: 'case' missing 'default' label [-Wcase-default]
| WARNING  | job0 | elaborate            | 0 |                 case (mem_wordsize)
| WARNING  | job0 | elaborate            | 0 |                 ^~~~
| WARNING  | job0 | elaborate            | 0 | /home/arthur/ECE507/project/picorv32.v:412:5: warning: 'case' missing 'default' label [-Wcase-default]
| WARNING  | job0 | elaborate            | 0 |                                 case (reg_op1[1])
| WARNING  | job0 | elaborate            | 0 |                                 ^~~~
| WARNING  | job0 | elaborate            | 0 | /home/arthur/ECE507/project/picorv32.v:420:5: warning: 'case' missing 'default' label [-Wcase-default]
| WARNING  | job0 | elaborate            | 0 |                                 case (reg_op1[1:0])
| WARNING  | job0 | elaborate            | 0 |                                 ^~~~
| WARNING  | job0 | elaborate            | 0 | /home/arthur/ECE507/project/picorv32.v:437:4: warning: 'case' missing 'default' label [-Wcase-default]
| WARNING  | job0 | elaborate            | 0 |                         case (mem_rdata_latched[1:0])
| WARNING  | job0 | elaborate            | 0 |                         ^~~~
| WARNING  | job0 | elaborate            | 0 | /home/arthur/ECE507/project/picorv32.v:439:6: warning: 'case' missing 'default' label [-Wcase-default]
| WARNING  | job0 | elaborate            | 0 |                                         case (mem_rdata_latched[15:13])
| WARNING  | job0 | elaborate            | 0 |                                         ^~~~
| WARNING  | job0 | elaborate            | 0 | /home/arthur/ECE507/project/picorv32.v:455:6: warning: 'case' missing 'default' label [-Wcase-default]
| WARNING  | job0 | elaborate            | 0 |                                         case (mem_rdata_latched[15:13])
| WARNING  | job0 | elaborate            | 0 |                                         ^~~~
| WARNING  | job0 | elaborate            | 0 | /home/arthur/ECE507/project/picorv32.v:509:6: warning: 'case' missing 'default' label [-Wcase-default]
| WARNING  | job0 | elaborate            | 0 |                                         case (mem_rdata_latched[15:13])
| WARNING  | job0 | elaborate            | 0 |                                         ^~~~
| WARNING  | job0 | elaborate            | 0 | /home/arthur/ECE507/project/picorv32.v:581:4: warning: 'case' missing 'default' label [-Wcase-default]
| WARNING  | job0 | elaborate            | 0 |                         case (mem_state)
| WARNING  | job0 | elaborate            | 0 |                         ^~~~
| WARNING  | job0 | elaborate            | 0 | /home/arthur/ECE507/project/picorv32.v:879:112: warning: implicit conversion changes signedness from 'logic signed[31:0]' to 'logic[31:0]' [-Wsign-conversion]
| WARNING  | job0 | elaborate            | 0 |                         { decoded_imm_j[31:20], decoded_imm_j[10:1], decoded_imm_j[11], decoded_imm_j[19:12], decoded_imm_j[0] } <= $signed({mem_rdata_latched[31:12], 1'b0});
| WARNING  | job0 | elaborate            | 0 |                                                                                                                                  ~~ ^~~~~~~~~~~~~~~~~~~~~~~~~~~~~~~~~~~~~~~~~
| WARNING  | job0 | elaborate            | 0 | /home/arthur/ECE507/project/picorv32.v:879:112: warning: implicit conversion expands from 21 to 32 bits [-Wwidth-expand]
| WARNING  | job0 | elaborate            | 0 |                         { decoded_imm_j[31:20], decoded_imm_j[10:1], decoded_imm_j[11], decoded_imm_j[19:12], decoded_imm_j[0] } <= $signed({mem_rdata_latched[31:12], 1'b0});
| WARNING  | job0 | elaborate            | 0 |                                                                                                                                  ~~ ^~~~~~~~~~~~~~~~~~~~~~~~~~~~~~~~~~~~~~~~~
| WARNING  | job0 | elaborate            | 0 | /home/arthur/ECE507/project/picorv32.v:889:17: warning: implicit conversion from 'integer' to 'reg[4:0]' changes value from 32 to 5'b0 [-Wconstant-conversion]
| WARNING  | job0 | elaborate            | 0 |                                 decoded_rs1 <= ENABLE_IRQ_QREGS ? irqregs_offset : 3; // instr_retirq
| WARNING  | job0 | elaborate            | 0 |                                             ^~ ~~~~~~~~~~~~~~~~~~~~~~~~~~~~~~~~~~~~~
| WARNING  | job0 | elaborate            | 0 | /home/arthur/ECE507/project/picorv32.v:901:5: warning: 'case' missing 'default' label [-Wcase-default]
| WARNING  | job0 | elaborate            | 0 |                                 case (mem_rdata_latched[1:0])
| WARNING  | job0 | elaborate            | 0 |                                 ^~~~
| WARNING  | job0 | elaborate            | 0 | /home/arthur/ECE507/project/picorv32.v:903:7: warning: 'case' missing 'default' label [-Wcase-default]
| WARNING  | job0 | elaborate            | 0 |                                                 case (mem_rdata_latched[15:13])
| WARNING  | job0 | elaborate            | 0 |                                                 ^~~~
| WARNING  | job0 | elaborate            | 0 | /home/arthur/ECE507/project/picorv32.v:907:25: warning: arithmetic between operands of different types ('int' and 'logic[4:2]') [-Warith-op-mismatch]
| WARNING  | job0 | elaborate            | 0 |                                                                 decoded_rd <= 8 + mem_rdata_latched[4:2];
| WARNING  | job0 | elaborate            | 0 |                                                                               ~ ^ ~~~~~~~~~~~~~~~~~~~~~~
| WARNING  | job0 | elaborate            | 0 | /home/arthur/ECE507/project/picorv32.v:911:26: warning: arithmetic between operands of different types ('int' and 'logic[9:7]') [-Warith-op-mismatch]
| WARNING  | job0 | elaborate            | 0 |                                                                 decoded_rs1 <= 8 + mem_rdata_latched[9:7];
| WARNING  | job0 | elaborate            | 0 |                                                                                ~ ^ ~~~~~~~~~~~~~~~~~~~~~~
| WARNING  | job0 | elaborate            | 0 | /home/arthur/ECE507/project/picorv32.v:912:25: warning: arithmetic between operands of different types ('int' and 'logic[4:2]') [-Warith-op-mismatch]
| WARNING  | job0 | elaborate            | 0 |                                                                 decoded_rd <= 8 + mem_rdata_latched[4:2];
| WARNING  | job0 | elaborate            | 0 |                                                                               ~ ^ ~~~~~~~~~~~~~~~~~~~~~~
| WARNING  | job0 | elaborate            | 0 | /home/arthur/ECE507/project/picorv32.v:916:26: warning: arithmetic between operands of different types ('int' and 'logic[9:7]') [-Warith-op-mismatch]
| WARNING  | job0 | elaborate            | 0 |                                                                 decoded_rs1 <= 8 + mem_rdata_latched[9:7];
| WARNING  | job0 | elaborate            | 0 |                                                                                ~ ^ ~~~~~~~~~~~~~~~~~~~~~~
| WARNING  | job0 | elaborate            | 0 | /home/arthur/ECE507/project/picorv32.v:917:26: warning: arithmetic between operands of different types ('int' and 'logic[4:2]') [-Warith-op-mismatch]
| WARNING  | job0 | elaborate            | 0 |                                                                 decoded_rs2 <= 8 + mem_rdata_latched[4:2];
| WARNING  | job0 | elaborate            | 0 |                                                                                ~ ^ ~~~~~~~~~~~~~~~~~~~~~~
| WARNING  | job0 | elaborate            | 0 | /home/arthur/ECE507/project/picorv32.v:922:7: warning: 'case' missing 'default' label [-Wcase-default]
| WARNING  | job0 | elaborate            | 0 |                                                 case (mem_rdata_latched[15:13])
| WARNING  | job0 | elaborate            | 0 |                                                 ^~~~
| WARNING  | job0 | elaborate            | 0 | /home/arthur/ECE507/project/picorv32.v:938:38: warning: implicit conversion from 'logic[6:2]' to boolean value [-Wint-bool-conv]
| WARNING  | job0 | elaborate            | 0 |                                                                 if (mem_rdata_latched[12] || mem_rdata_latched[6:2]) begin
| WARNING  | job0 | elaborate            | 0 |                                                                                              ^~~~~~~~~~~~~~~~~~~~~~
| WARNING  | job0 | elaborate            | 0 | /home/arthur/ECE507/project/picorv32.v:953:26: warning: arithmetic between operands of different types ('int' and 'logic[9:7]') [-Warith-op-mismatch]
| WARNING  | job0 | elaborate            | 0 |                                                                         decoded_rd <= 8 + mem_rdata_latched[9:7];
| WARNING  | job0 | elaborate            | 0 |                                                                                       ~ ^ ~~~~~~~~~~~~~~~~~~~~~~
| WARNING  | job0 | elaborate            | 0 | /home/arthur/ECE507/project/picorv32.v:954:27: warning: arithmetic between operands of different types ('int' and 'logic[9:7]') [-Warith-op-mismatch]
| WARNING  | job0 | elaborate            | 0 |                                                                         decoded_rs1 <= 8 + mem_rdata_latched[9:7];
| WARNING  | job0 | elaborate            | 0 |                                                                                        ~ ^ ~~~~~~~~~~~~~~~~~~~~~~
| WARNING  | job0 | elaborate            | 0 | /home/arthur/ECE507/project/picorv32.v:959:26: warning: arithmetic between operands of different types ('int' and 'logic[9:7]') [-Warith-op-mismatch]
| WARNING  | job0 | elaborate            | 0 |                                                                         decoded_rd <= 8 + mem_rdata_latched[9:7];
| WARNING  | job0 | elaborate            | 0 |                                                                                       ~ ^ ~~~~~~~~~~~~~~~~~~~~~~
| WARNING  | job0 | elaborate            | 0 | /home/arthur/ECE507/project/picorv32.v:960:27: warning: arithmetic between operands of different types ('int' and 'logic[9:7]') [-Warith-op-mismatch]
| WARNING  | job0 | elaborate            | 0 |                                                                         decoded_rs1 <= 8 + mem_rdata_latched[9:7];
| WARNING  | job0 | elaborate            | 0 |                                                                                        ~ ^ ~~~~~~~~~~~~~~~~~~~~~~
| WARNING  | job0 | elaborate            | 0 | /home/arthur/ECE507/project/picorv32.v:964:26: warning: arithmetic between operands of different types ('int' and 'logic[9:7]') [-Warith-op-mismatch]
| WARNING  | job0 | elaborate            | 0 |                                                                         decoded_rd <= 8 + mem_rdata_latched[9:7];
| WARNING  | job0 | elaborate            | 0 |                                                                                       ~ ^ ~~~~~~~~~~~~~~~~~~~~~~
| WARNING  | job0 | elaborate            | 0 | /home/arthur/ECE507/project/picorv32.v:965:27: warning: arithmetic between operands of different types ('int' and 'logic[9:7]') [-Warith-op-mismatch]
| WARNING  | job0 | elaborate            | 0 |                                                                         decoded_rs1 <= 8 + mem_rdata_latched[9:7];
| WARNING  | job0 | elaborate            | 0 |                                                                                        ~ ^ ~~~~~~~~~~~~~~~~~~~~~~
| WARNING  | job0 | elaborate            | 0 | /home/arthur/ECE507/project/picorv32.v:966:27: warning: arithmetic between operands of different types ('int' and 'logic[4:2]') [-Warith-op-mismatch]
| WARNING  | job0 | elaborate            | 0 |                                                                         decoded_rs2 <= 8 + mem_rdata_latched[4:2];
| WARNING  | job0 | elaborate            | 0 |                                                                                        ~ ^ ~~~~~~~~~~~~~~~~~~~~~~
| WARNING  | job0 | elaborate            | 0 | /home/arthur/ECE507/project/picorv32.v:974:26: warning: arithmetic between operands of different types ('int' and 'logic[9:7]') [-Warith-op-mismatch]
| WARNING  | job0 | elaborate            | 0 |                                                                 decoded_rs1 <= 8 + mem_rdata_latched[9:7];
| WARNING  | job0 | elaborate            | 0 |                                                                                ~ ^ ~~~~~~~~~~~~~~~~~~~~~~
| WARNING  | job0 | elaborate            | 0 | /home/arthur/ECE507/project/picorv32.v:979:26: warning: arithmetic between operands of different types ('int' and 'logic[9:7]') [-Warith-op-mismatch]
| WARNING  | job0 | elaborate            | 0 |                                                                 decoded_rs1 <= 8 + mem_rdata_latched[9:7];
| WARNING  | job0 | elaborate            | 0 |                                                                                ~ ^ ~~~~~~~~~~~~~~~~~~~~~~
| WARNING  | job0 | elaborate            | 0 | /home/arthur/ECE507/project/picorv32.v:985:7: warning: 'case' missing 'default' label [-Wcase-default]
| WARNING  | job0 | elaborate            | 0 |                                                 case (mem_rdata_latched[15:13])
| WARNING  | job0 | elaborate            | 0 |                                                 ^~~~
| WARNING  | job0 | elaborate            | 0 | /home/arthur/ECE507/project/picorv32.v:995:13: warning: implicit conversion from 'logic[11:7]' to boolean value [-Wint-bool-conv]
| WARNING  | job0 | elaborate            | 0 |                                                                 if (mem_rdata_latched[11:7]) begin
| WARNING  | job0 | elaborate            | 0 |                                                                     ^~~~~~~~~~~~~~~~~~~~~~~
| WARNING  | job0 | elaborate            | 0 | /home/arthur/ECE507/project/picorv32.v:1100:74: warning: '&&' within '||' [-Wlogical-op-parentheses]
| WARNING  | job0 | elaborate            | 0 |                         is_jalr_addi_slti_sltiu_xori_ori_andi <= instr_jalr || is_alu_reg_imm && |{
| WARNING  | job0 | elaborate            | 0 |                                                                             ~~ ~~~~~~~~~~~~~~~^~~~~
| WARNING  | job0 | elaborate            | 0 | ../../../../../picorv32.v:1100:74: note: place parentheses around the '&&' expression to silence this warning
| WARNING  | job0 | elaborate            | 0 |                         is_jalr_addi_slti_sltiu_xori_ori_andi <= instr_jalr || is_alu_reg_imm && |{
| WARNING  | job0 | elaborate            | 0 |                                                                                ~~~~~~~~~~~~~~~^~~~~
| WARNING  | job0 | elaborate            | 0 | /home/arthur/ECE507/project/picorv32.v:1125:21: warning: implicit conversion changes signedness from 'reg signed[31:0]' to 'reg[31:0]' [-Wsign-conversion]
| WARNING  | job0 | elaborate            | 0 |                                         decoded_imm <= $signed(mem_rdata_q[31:20]);
| WARNING  | job0 | elaborate            | 0 |                                                     ~~ ^~~~~~~~~~~~~~~~~~~~~~~~~~~
| WARNING  | job0 | elaborate            | 0 | /home/arthur/ECE507/project/picorv32.v:1125:21: warning: implicit conversion expands from 12 to 32 bits [-Wwidth-expand]
| WARNING  | job0 | elaborate            | 0 |                                         decoded_imm <= $signed(mem_rdata_q[31:20]);
| WARNING  | job0 | elaborate            | 0 |                                                     ~~ ^~~~~~~~~~~~~~~~~~~~~~~~~~~
| WARNING  | job0 | elaborate            | 0 | /home/arthur/ECE507/project/picorv32.v:1127:21: warning: implicit conversion changes signedness from 'logic signed[31:0]' to 'reg[31:0]' [-Wsign-conversion]
| WARNING  | job0 | elaborate            | 0 |                                         decoded_imm <= $signed({mem_rdata_q[31], mem_rdata_q[7], mem_rdata_q[30:25], mem_rdata_q[11:8], 1'b0});
| WARNING  | job0 | elaborate            | 0 |                                                     ~~ ^~~~~~~~~~~~~~~~~~~~~~~~~~~~~~~~~~~~~~~~~~~~~~~~~~~~~~~~~~~~~~~~~~~~~~~~~~~~~~~~~~~~~~~
| WARNING  | job0 | elaborate            | 0 | /home/arthur/ECE507/project/picorv32.v:1127:21: warning: implicit conversion expands from 13 to 32 bits [-Wwidth-expand]
| WARNING  | job0 | elaborate            | 0 |                                         decoded_imm <= $signed({mem_rdata_q[31], mem_rdata_q[7], mem_rdata_q[30:25], mem_rdata_q[11:8], 1'b0});
| WARNING  | job0 | elaborate            | 0 |                                                     ~~ ^~~~~~~~~~~~~~~~~~~~~~~~~~~~~~~~~~~~~~~~~~~~~~~~~~~~~~~~~~~~~~~~~~~~~~~~~~~~~~~~~~~~~~~
| WARNING  | job0 | elaborate            | 0 | /home/arthur/ECE507/project/picorv32.v:1129:21: warning: implicit conversion changes signedness from 'logic signed[31:0]' to 'reg[31:0]' [-Wsign-conversion]
| WARNING  | job0 | elaborate            | 0 |                                         decoded_imm <= $signed({mem_rdata_q[31:25], mem_rdata_q[11:7]});
| WARNING  | job0 | elaborate            | 0 |                                                     ~~ ^~~~~~~~~~~~~~~~~~~~~~~~~~~~~~~~~~~~~~~~~~~~~~~~
| WARNING  | job0 | elaborate            | 0 | /home/arthur/ECE507/project/picorv32.v:1129:21: warning: implicit conversion expands from 12 to 32 bits [-Wwidth-expand]
| WARNING  | job0 | elaborate            | 0 |                                         decoded_imm <= $signed({mem_rdata_q[31:25], mem_rdata_q[11:7]});
| WARNING  | job0 | elaborate            | 0 |                                                     ~~ ^~~~~~~~~~~~~~~~~~~~~~~~~~~~~~~~~~~~~~~~~~~~~~~~
| WARNING  | job0 | elaborate            | 0 | /home/arthur/ECE507/project/picorv32.v:1228:30: warning: generate block is unnamed [-Wunnamed-generate]
| WARNING  | job0 | elaborate            | 0 |         generate if (TWO_CYCLE_ALU) begin
| WARNING  | job0 | elaborate            | 0 |                                     ^~~~~
| WARNING  | job0 | elaborate            | 0 | /home/arthur/ECE507/project/picorv32.v:1237:11: warning: generate block is unnamed [-Wunnamed-generate]
| WARNING  | job0 | elaborate            | 0 |         end else begin
| WARNING  | job0 | elaborate            | 0 |                  ^~~~~
| WARNING  | job0 | elaborate            | 0 | /home/arthur/ECE507/project/picorv32.v:1244:14: warning: implicit conversion changes signedness from 'logic signed[32:0]' to 'reg[31:0]' [-Wsign-conversion]
| WARNING  | job0 | elaborate            | 0 |                         alu_shr = $signed({instr_sra || instr_srai ? reg_op1[31] : 1'b0, reg_op1}) >>> reg_op2[4:0];
| WARNING  | job0 | elaborate            | 0 |                                 ~ ^~~~~~~~~~~~~~~~~~~~~~~~~~~~~~~~~~~~~~~~~~~~~~~~~~~~~~~~~~~~~~~~~~~~~~~~~~~~~~~~~
| WARNING  | job0 | elaborate            | 0 | /home/arthur/ECE507/project/picorv32.v:1244:14: warning: implicit conversion truncates from 33 to 32 bits [-Wwidth-trunc]
| WARNING  | job0 | elaborate            | 0 |                         alu_shr = $signed({instr_sra || instr_srai ? reg_op1[31] : 1'b0, reg_op1}) >>> reg_op2[4:0];
| WARNING  | job0 | elaborate            | 0 |                                 ~ ^~~~~~~~~~~~~~~~~~~~~~~~~~~~~~~~~~~~~~~~~~~~~~~~~~~~~~~~~~~~~~~~~~~~~~~~~~~~~~~~~
| WARNING  | job0 | elaborate            | 0 | /home/arthur/ECE507/project/picorv32.v:1251:3: warning: 'case' missing 'default' label [-Wcase-default]
| WARNING  | job0 | elaborate            | 0 |                 case (1'b1)
| WARNING  | job0 | elaborate            | 0 |                 ^~~~
| WARNING  | job0 | elaborate            | 0 | /home/arthur/ECE507/project/picorv32.v:1268:3: warning: 'case' missing 'default' label [-Wcase-default]
| WARNING  | job0 | elaborate            | 0 |                 case (1'b1)
| WARNING  | job0 | elaborate            | 0 |                 ^~~~
| WARNING  | job0 | elaborate            | 0 | /home/arthur/ECE507/project/picorv32.v:1272:15: warning: implicit conversion expands from 1 to 32 bits [-Wwidth-expand]
| WARNING  | job0 | elaborate            | 0 |                                 alu_out = alu_out_0;
| WARNING  | job0 | elaborate            | 0 |                                         ~ ^~~~~~~~~
| WARNING  | job0 | elaborate            | 0 | /home/arthur/ECE507/project/picorv32.v:1298:25: warning: implicit conversion from 'reg[1:0]' to boolean value [-Wint-bool-conv]
| WARNING  | job0 | elaborate            | 0 |                 if (latched_branch || irq_state || !resetn)
| WARNING  | job0 | elaborate            | 0 |                                       ^~~~~~~~~
| WARNING  | job0 | elaborate            | 0 | /home/arthur/ECE507/project/picorv32.v:1314:4: warning: 'case' missing 'default' label [-Wcase-default]
| WARNING  | job0 | elaborate            | 0 |                         case (1'b1)
| WARNING  | job0 | elaborate            | 0 |                         ^~~~
| WARNING  | job0 | elaborate            | 0 | /home/arthur/ECE507/project/picorv32.v:1324:35: warning: bitwise operation between operands of different types ('reg[31:0]' and 'reg') [-Wbitwise-op-mismatch]
| WARNING  | job0 | elaborate            | 0 |                                         cpuregs_wrdata = reg_next_pc | latched_compr;
| WARNING  | job0 | elaborate            | 0 |                                                          ~~~~~~~~~~~ ^ ~~~~~~~~~~~~~
| WARNING  | job0 | elaborate            | 0 | /home/arthur/ECE507/project/picorv32.v:1337:34: warning: implicit conversion from 'reg[4:0]' to boolean value [-Wint-bool-conv]
| WARNING  | job0 | elaborate            | 0 |                 if (resetn && cpuregs_write && latched_rd)
| WARNING  | job0 | elaborate            | 0 |                                                ^~~~~~~~~~
| WARNING  | job0 | elaborate            | 0 | /home/arthur/ECE507/project/picorv32.v:1351:18: warning: implicit conversion from 'reg[4:0]' to boolean value [-Wint-bool-conv]
| WARNING  | job0 | elaborate            | 0 |                         cpuregs_rs1 = decoded_rs1 ? cpuregs[decoded_rs1] : 0;
| WARNING  | job0 | elaborate            | 0 |                                       ^~~~~~~~~~~
| WARNING  | job0 | elaborate            | 0 | /home/arthur/ECE507/project/picorv32.v:1352:18: warning: implicit conversion from 'reg[4:0]' to boolean value [-Wint-bool-conv]
| WARNING  | job0 | elaborate            | 0 |                         cpuregs_rs2 = decoded_rs2 ? cpuregs[decoded_rs2] : 0;
| WARNING  | job0 | elaborate            | 0 |                                       ^~~~~~~~~~~
| WARNING  | job0 | elaborate            | 0 | /home/arthur/ECE507/project/picorv32.v:1360:18: warning: implicit conversion from 'reg[4:0]' to boolean value [-Wint-bool-conv]
| WARNING  | job0 | elaborate            | 0 |                         cpuregs_rs1 = decoded_rs ? cpuregs[decoded_rs] : 0;
| WARNING  | job0 | elaborate            | 0 |                                       ^~~~~~~~~~
| WARNING  | job0 | elaborate            | 0 | /home/arthur/ECE507/project/picorv32.v:1424:9: warning: implicit conversion from 'reg[3:0]' to boolean value [-Wint-bool-conv]
| WARNING  | job0 | elaborate            | 0 |                                 if (pcpi_timeout_counter)
| WARNING  | job0 | elaborate            | 0 |                                     ^~~~~~~~~~~~~~~~~~~~
| WARNING  | job0 | elaborate            | 0 | /home/arthur/ECE507/project/picorv32.v:1441:41: warning: implicit conversion from 'reg[31:0]' to boolean value [-Wint-bool-conv]
| WARNING  | job0 | elaborate            | 0 |                 if (ENABLE_IRQ && ENABLE_IRQ_TIMER && timer) begin
| WARNING  | job0 | elaborate            | 0 |                                                       ^~~~~
| WARNING  | job0 | elaborate            | 0 | /home/arthur/ECE507/project/picorv32.v:1477:8: warning: implicit conversion from 'logic[31:0]' to boolean value [-Wint-bool-conv]
| WARNING  | job0 | elaborate            | 0 |                         if (~STACKADDR) begin
| WARNING  | job0 | elaborate            | 0 |                             ^~~~~~~~~~
| WARNING  | job0 | elaborate            | 0 | /home/arthur/ECE507/project/picorv32.v:1485:3: warning: 'case' missing 'default' label [-Wcase-default]
| WARNING  | job0 | elaborate            | 0 |                 case (cpu_state)
| WARNING  | job0 | elaborate            | 0 |                 ^~~~
| WARNING  | job0 | elaborate            | 0 | /home/arthur/ECE507/project/picorv32.v:1497:5: warning: 'case' missing 'default' label [-Wcase-default]
| WARNING  | job0 | elaborate            | 0 |                                 case (1'b1)
| WARNING  | job0 | elaborate            | 0 |                                 ^~~~
| WARNING  | job0 | elaborate            | 0 | /home/arthur/ECE507/project/picorv32.v:1520:65: warning: bitwise operation between operands of different types ('logic[35:0]' and 'reg[31:0]') [-Wbitwise-op-mismatch]
| WARNING  | job0 | elaborate            | 0 |                                                 trace_data <= (irq_active ? TRACE_IRQ : 0) | TRACE_BRANCH | (current_pc & 32'hfffffffe);
| WARNING  | job0 | elaborate            | 0 |                                                               ~~~~~~~~~~~~~~~~~~~~~~~~~~~~~~~~~~~~~~~~~~~ ^  ~~~~~~~~~~~~~~~~~~~~~~~~~
| WARNING  | job0 | elaborate            | 0 | /home/arthur/ECE507/project/picorv32.v:1522:50: warning: bitwise operation between operands of different types ('logic[35:0]' and 'reg[31:0]') [-Wbitwise-op-mismatch]
| WARNING  | job0 | elaborate            | 0 |                                                 trace_data <= (irq_active ? TRACE_IRQ : 0) | (latched_stalu ? alu_out_q : reg_out);
| WARNING  | job0 | elaborate            | 0 |                                                                ~~~~~~~~~~~~~~~~~~~~~~~~~~  ^  ~~~~~~~~~~~~~~~~~~~~~~~~~~~~~~~~~~~
| WARNING  | job0 | elaborate            | 0 | /home/arthur/ECE507/project/picorv32.v:1522:69: warning: implicit conversion expands from 32 to 36 bits [-Wwidth-expand]
| WARNING  | job0 | elaborate            | 0 |                                                 trace_data <= (irq_active ? TRACE_IRQ : 0) | (latched_stalu ? alu_out_q : reg_out);
| WARNING  | job0 | elaborate            | 0 |                                                                                            ~                  ^~~~~~~~~
| WARNING  | job0 | elaborate            | 0 | /home/arthur/ECE507/project/picorv32.v:1522:81: warning: implicit conversion expands from 32 to 36 bits [-Wwidth-expand]
| WARNING  | job0 | elaborate            | 0 |                                                 trace_data <= (irq_active ? TRACE_IRQ : 0) | (latched_stalu ? alu_out_q : reg_out);
| WARNING  | job0 | elaborate            | 0 |                                                                                            ~                              ^~~~~~~
| WARNING  | job0 | elaborate            | 0 | /home/arthur/ECE507/project/picorv32.v:1537:104: warning: implicit conversion from 'reg[1:0]' to boolean value [-Wint-bool-conv]
| WARNING  | job0 | elaborate            | 0 |                                 if (ENABLE_IRQ && ((decoder_trigger && !irq_active && !irq_delay && |(irq_pending & ~irq_mask)) || irq_state)) begin
| WARNING  | job0 | elaborate            | 0 |                                                                                                                                    ^~~~~~~~~
| WARNING  | job0 | elaborate            | 0 | /home/arthur/ECE507/project/picorv32.v:1543:36: warning: bitwise operation between operands of different types ('integer' and 'reg') [-Wbitwise-op-mismatch]
| WARNING  | job0 | elaborate            | 0 |                                                 latched_rd <= irqregs_offset | irq_state[0];
| WARNING  | job0 | elaborate            | 0 |                                                               ~~~~~~~~~~~~~~ ^ ~~~~~~~~~~~~
| WARNING  | job0 | elaborate            | 0 | /home/arthur/ECE507/project/picorv32.v:1548:10: warning: implicit conversion from 'reg[31:0]' to boolean value [-Wint-bool-conv]
| WARNING  | job0 | elaborate            | 0 |                                         if (irq_pending) begin
| WARNING  | job0 | elaborate            | 0 |                                             ^~~~~~~~~~~
| WARNING  | job0 | elaborate            | 0 | /home/arthur/ECE507/project/picorv32.v:1627:7: warning: 'case' missing 'default' label [-Wcase-default]
| WARNING  | job0 | elaborate            | 0 |                                                 case (1'b1)
| WARNING  | job0 | elaborate            | 0 |                                                 ^~~~
| WARNING  | job0 | elaborate            | 0 | /home/arthur/ECE507/project/picorv32.v:1662:21: warning: implicit conversion truncates from 32 to 5 bits [-Wwidth-trunc]
| WARNING  | job0 | elaborate            | 0 |                                                 latched_rd <= latched_rd | irqregs_offset;
| WARNING  | job0 | elaborate            | 0 |                                                            ~~ ^~~~~~~~~~~~~~~~~~~~~~~~~~~
| WARNING  | job0 | elaborate            | 0 | /home/arthur/ECE507/project/picorv32.v:1662:32: warning: bitwise operation between operands of different types ('reg[4:0]' and 'integer') [-Wbitwise-op-mismatch]
| WARNING  | job0 | elaborate            | 0 |                                                 latched_rd <= latched_rd | irqregs_offset;
| WARNING  | job0 | elaborate            | 0 |                                                               ~~~~~~~~~~ ^ ~~~~~~~~~~~~~~
| WARNING  | job0 | elaborate            | 0 | /home/arthur/ECE507/project/picorv32.v:1716:56: warning: implicit conversion expands from 5 to 32 bits [-Wwidth-expand]
| WARNING  | job0 | elaborate            | 0 |                                                 reg_op2 <= is_slli_srli_srai && BARREL_SHIFTER ? decoded_rs2 : decoded_imm;
| WARNING  | job0 | elaborate            | 0 |                                                                                                ~ ^~~~~~~~~~~
| WARNING  | job0 | elaborate            | 0 | /home/arthur/ECE507/project/picorv32.v:1730:18: warning: implicit conversion truncates from 32 to 5 bits [-Wwidth-trunc]
| WARNING  | job0 | elaborate            | 0 |                                                         reg_sh <= cpuregs_rs2;
| WARNING  | job0 | elaborate            | 0 |                                                                ~~ ^~~~~~~~~~~
| WARNING  | job0 | elaborate            | 0 | /home/arthur/ECE507/project/picorv32.v:1760:15: warning: implicit conversion truncates from 32 to 5 bits [-Wwidth-trunc]
| WARNING  | job0 | elaborate            | 0 |                                 reg_sh <= cpuregs_rs2;
| WARNING  | job0 | elaborate            | 0 |                                        ~~ ^~~~~~~~~~~
| WARNING  | job0 | elaborate            | 0 | /home/arthur/ECE507/project/picorv32.v:1836:6: warning: 'case' missing 'default' label [-Wcase-default]
| WARNING  | job0 | elaborate            | 0 |                                         case (1'b1)
| WARNING  | job0 | elaborate            | 0 |                                         ^~~~
| WARNING  | job0 | elaborate            | 0 | /home/arthur/ECE507/project/picorv32.v:1839:43: warning: implicit conversion changes signedness from 'reg signed[31:0]' to 'reg[31:0]' [-Wsign-conversion]
| WARNING  | job0 | elaborate            | 0 |                                                 instr_srai || instr_sra: reg_op1 <= $signed(reg_op1) >>> 4;
| WARNING  | job0 | elaborate            | 0 |                                                                                  ~~ ^~~~~~~~~~~~~~~~~~~~~~
| WARNING  | job0 | elaborate            | 0 | /home/arthur/ECE507/project/picorv32.v:1844:6: warning: 'case' missing 'default' label [-Wcase-default]
| WARNING  | job0 | elaborate            | 0 |                                         case (1'b1)
| WARNING  | job0 | elaborate            | 0 |                                         ^~~~
| WARNING  | job0 | elaborate            | 0 | /home/arthur/ECE507/project/picorv32.v:1847:43: warning: implicit conversion changes signedness from 'reg signed[31:0]' to 'reg[31:0]' [-Wsign-conversion]
| WARNING  | job0 | elaborate            | 0 |                                                 instr_srai || instr_sra: reg_op1 <= $signed(reg_op1) >>> 1;
| WARNING  | job0 | elaborate            | 0 |                                                                                  ~~ ^~~~~~~~~~~~~~~~~~~~~~
| WARNING  | job0 | elaborate            | 0 | /home/arthur/ECE507/project/picorv32.v:1859:7: warning: 'case' missing 'default' label [-Wcase-default]
| WARNING  | job0 | elaborate            | 0 |                                                 case (1'b1)
| WARNING  | job0 | elaborate            | 0 |                                                 ^~~~
| WARNING  | job0 | elaborate            | 0 | /home/arthur/ECE507/project/picorv32.v:1866:64: warning: bitwise operation between operands of different types ('logic[35:0]' and 'reg[31:0]') [-Wbitwise-op-mismatch]
| WARNING  | job0 | elaborate            | 0 |                                                         trace_data <= (irq_active ? TRACE_IRQ : 0) | TRACE_ADDR | ((reg_op1 + decoded_imm) & 32'hffffffff);
| WARNING  | job0 | elaborate            | 0 |                                                                       ~~~~~~~~~~~~~~~~~~~~~~~~~~~~~~~~~~~~~~~~~ ^  ~~~~~~~~~~~~~~~~~~~~~~~~~~~~~~~~~~~~~~
| WARNING  | job0 | elaborate            | 0 | /home/arthur/ECE507/project/picorv32.v:1884:7: warning: 'case' missing 'default' label [-Wcase-default]
| WARNING  | job0 | elaborate            | 0 |                                                 case (1'b1)
| WARNING  | job0 | elaborate            | 0 |                                                 ^~~~
| WARNING  | job0 | elaborate            | 0 | /home/arthur/ECE507/project/picorv32.v:1894:64: warning: bitwise operation between operands of different types ('logic[35:0]' and 'reg[31:0]') [-Wbitwise-op-mismatch]
| WARNING  | job0 | elaborate            | 0 |                                                         trace_data <= (irq_active ? TRACE_IRQ : 0) | TRACE_ADDR | ((reg_op1 + decoded_imm) & 32'hffffffff);
| WARNING  | job0 | elaborate            | 0 |                                                                       ~~~~~~~~~~~~~~~~~~~~~~~~~~~~~~~~~~~~~~~~~ ^  ~~~~~~~~~~~~~~~~~~~~~~~~~~~~~~~~~~~~~~
| WARNING  | job0 | elaborate            | 0 | /home/arthur/ECE507/project/picorv32.v:1901:7: warning: 'case' missing 'default' label [-Wcase-default]
| WARNING  | job0 | elaborate            | 0 |                                                 case (1'b1)
| WARNING  | job0 | elaborate            | 0 |                                                 ^~~~
| WARNING  | job0 | elaborate            | 0 | /home/arthur/ECE507/project/picorv32.v:1903:34: warning: implicit conversion changes signedness from 'reg signed[31:0]' to 'reg[31:0]' [-Wsign-conversion]
| WARNING  | job0 | elaborate            | 0 |                                                         latched_is_lh: reg_out <= $signed(mem_rdata_word[15:0]);
| WARNING  | job0 | elaborate            | 0 |                                                                                ~~ ^~~~~~~~~~~~~~~~~~~~~~~~~~~~~
| WARNING  | job0 | elaborate            | 0 | /home/arthur/ECE507/project/picorv32.v:1903:34: warning: implicit conversion expands from 16 to 32 bits [-Wwidth-expand]
| WARNING  | job0 | elaborate            | 0 |                                                         latched_is_lh: reg_out <= $signed(mem_rdata_word[15:0]);
| WARNING  | job0 | elaborate            | 0 |                                                                                ~~ ^~~~~~~~~~~~~~~~~~~~~~~~~~~~~
| WARNING  | job0 | elaborate            | 0 | /home/arthur/ECE507/project/picorv32.v:1904:34: warning: implicit conversion changes signedness from 'reg signed[31:0]' to 'reg[31:0]' [-Wsign-conversion]
| WARNING  | job0 | elaborate            | 0 |                                                         latched_is_lb: reg_out <= $signed(mem_rdata_word[7:0]);
| WARNING  | job0 | elaborate            | 0 |                                                                                ~~ ^~~~~~~~~~~~~~~~~~~~~~~~~~~~
| WARNING  | job0 | elaborate            | 0 | /home/arthur/ECE507/project/picorv32.v:1904:34: warning: implicit conversion expands from 8 to 32 bits [-Wwidth-expand]
| WARNING  | job0 | elaborate            | 0 |                                                         latched_is_lb: reg_out <= $signed(mem_rdata_word[7:0]);
| WARNING  | job0 | elaborate            | 0 |                                                                                ~~ ^~~~~~~~~~~~~~~~~~~~~~~~~~~~
| WARNING  | job0 | elaborate            | 0 | /home/arthur/ECE507/project/picorv32.v:1916:27: warning: implicit conversion from 'reg[31:0]' to boolean value [-Wint-bool-conv]
| WARNING  | job0 | elaborate            | 0 |                         if(ENABLE_IRQ_TIMER && timer)
| WARNING  | job0 | elaborate            | 0 |                                                ^~~~~
| WARNING  | job0 | elaborate            | 0 | /home/arthur/ECE507/project/neural_bht.v:61:32: warning: implicit conversion changes signedness from 'logic[7:0]' to 'logic signed[7:0]' [-Wsign-conversion]
| WARNING  | job0 | elaborate            | 0 |     wire signed [7:0] w_bias = read_weights[7:0];
| WARNING  | job0 | elaborate            | 0 |                              ~ ^~~~~~~~~~~~~~~~~
| WARNING  | job0 | elaborate            | 0 | /home/arthur/ECE507/project/neural_bht.v:62:30: warning: implicit conversion changes signedness from 'logic[15:8]' to 'logic signed[7:0]' [-Wsign-conversion]
| WARNING  | job0 | elaborate            | 0 |     wire signed [7:0] w_h0 = read_weights[15:8];
| WARNING  | job0 | elaborate            | 0 |                            ~ ^~~~~~~~~~~~~~~~~~
| WARNING  | job0 | elaborate            | 0 | /home/arthur/ECE507/project/neural_bht.v:63:30: warning: implicit conversion changes signedness from 'logic[23:16]' to 'logic signed[7:0]' [-Wsign-conversion]
| WARNING  | job0 | elaborate            | 0 |     wire signed [7:0] w_h1 = read_weights[23:16];
| WARNING  | job0 | elaborate            | 0 |                            ~ ^~~~~~~~~~~~~~~~~~~
| WARNING  | job0 | elaborate            | 0 | /home/arthur/ECE507/project/neural_bht.v:64:30: warning: implicit conversion changes signedness from 'logic[31:24]' to 'logic signed[7:0]' [-Wsign-conversion]
| WARNING  | job0 | elaborate            | 0 |     wire signed [7:0] w_h2 = read_weights[31:24];
| WARNING  | job0 | elaborate            | 0 |                            ~ ^~~~~~~~~~~~~~~~~~~
| WARNING  | job0 | elaborate            | 0 | /home/arthur/ECE507/project/neural_bht.v:75:35: warning: implicit conversion changes signedness from 'logic[7:0]' to 'logic signed[7:0]' [-Wsign-conversion]
| WARNING  | job0 | elaborate            | 0 |     wire signed [7:0] up_w_bias = read_weights[7:0];
| WARNING  | job0 | elaborate            | 0 |                                 ~ ^~~~~~~~~~~~~~~~~
| WARNING  | job0 | elaborate            | 0 | /home/arthur/ECE507/project/neural_bht.v:76:33: warning: implicit conversion changes signedness from 'logic[15:8]' to 'logic signed[7:0]' [-Wsign-conversion]
| WARNING  | job0 | elaborate            | 0 |     wire signed [7:0] up_w_h0 = read_weights[15:8];
| WARNING  | job0 | elaborate            | 0 |                               ~ ^~~~~~~~~~~~~~~~~~
| WARNING  | job0 | elaborate            | 0 | /home/arthur/ECE507/project/neural_bht.v:77:33: warning: implicit conversion changes signedness from 'logic[23:16]' to 'logic signed[7:0]' [-Wsign-conversion]
| WARNING  | job0 | elaborate            | 0 |     wire signed [7:0] up_w_h1 = read_weights[23:16];
| WARNING  | job0 | elaborate            | 0 |                               ~ ^~~~~~~~~~~~~~~~~~~
| WARNING  | job0 | elaborate            | 0 | /home/arthur/ECE507/project/neural_bht.v:78:33: warning: implicit conversion changes signedness from 'logic[31:24]' to 'logic signed[7:0]' [-Wsign-conversion]
| WARNING  | job0 | elaborate            | 0 |     wire signed [7:0] up_w_h2 = read_weights[31:24];
| WARNING  | job0 | elaborate            | 0 |                               ~ ^~~~~~~~~~~~~~~~~~~
| WARNING  | job0 | elaborate            | 0 | /home/arthur/ECE507/project/neural_bht.v:91:28: warning: implicit conversion changes signedness from 'reg[7:0]' to 'logic signed[7:0]' [-Wsign-conversion]
| WARNING  | job0 | elaborate            | 0 |             else sat_add = temp[7:0];
| WARNING  | job0 | elaborate            | 0 |                          ~ ^~~~~~~~~
| WARNING  | job0 | elaborate            | 0 | /home/arthur/ECE507/project/neural_bht.v:104:45: warning: implicit conversion changes signedness from 'logic signed[7:0]' to 'reg[7:0]' [-Wsign-conversion]
| WARNING  | job0 | elaborate            | 0 |                     write_weights[7:0]   <= sat_add(up_w_bias, t_val);
| WARNING  | job0 | elaborate            | 0 |                                          ~~ ^~~~~~~~~~~~~~~~~~~~~~~~~
| WARNING  | job0 | elaborate            | 0 | /home/arthur/ECE507/project/neural_bht.v:105:45: warning: implicit conversion changes signedness from 'logic signed[7:0]' to 'reg[15:8]' [-Wsign-conversion]
| WARNING  | job0 | elaborate            | 0 |                     write_weights[15:8]  <= sat_add(up_w_h0, t_val * x_h0);
| WARNING  | job0 | elaborate            | 0 |                                          ~~ ^~~~~~~~~~~~~~~~~~~~~~~~~~~~~~
| WARNING  | job0 | elaborate            | 0 | /home/arthur/ECE507/project/neural_bht.v:106:45: warning: implicit conversion changes signedness from 'logic signed[7:0]' to 'reg[23:16]' [-Wsign-conversion]
| WARNING  | job0 | elaborate            | 0 |                     write_weights[23:16] <= sat_add(up_w_h1, t_val * x_h1);
| WARNING  | job0 | elaborate            | 0 |                                          ~~ ^~~~~~~~~~~~~~~~~~~~~~~~~~~~~~
| WARNING  | job0 | elaborate            | 0 | /home/arthur/ECE507/project/neural_bht.v:107:45: warning: implicit conversion changes signedness from 'logic signed[7:0]' to 'reg[31:24]' [-Wsign-conversion]
| WARNING  | job0 | elaborate            | 0 |                     write_weights[31:24] <= sat_add(up_w_h2, t_val * x_h2);
| WARNING  | job0 | elaborate            | 0 |                                          ~~ ^~~~~~~~~~~~~~~~~~~~~~~~~~~~~~
| INFO     | job0 | elaborate            | 0 | Number of errors: 0
| INFO     | job0 | elaborate            | 0 | Number of warnings: 120
| INFO     | job0 | elaborate            | 0 | Finished task in 1.13s
