| INFO     | job0 | floorplan.pin_pla... | 0 | Running in /home/arthur/ECE507/project/build/picorv32_bp_top/job0/floorplan.pin_placement/0
| INFO     | job0 | floorplan.pin_pla... | 0 | Tool 'openroad' found with version 'v2.0-27941-gf9f3050fe8' in directory '/usr/local/bin'
| INFO     | job0 | floorplan.pin_pla... | 0 | openroad /home/arthur/ECE507/venv/lib/python3.12/site-packages/siliconcompiler/tools/openroad/scripts/apr/sc_pin_placement.tcl -no_init -metrics reports/metrics.json -exit
| INFO     | job0 | floorplan.pin_pla... | 0 | OpenROAD v2.0-27941-gf9f3050fe8
| INFO     | job0 | floorplan.pin_pla... | 0 | Features included (+) or not (-): +GPU +GUI +Python
| INFO     | job0 | floorplan.pin_pla... | 0 | This program is licensed under the BSD-3 license. See the LICENSE file for details.
| INFO     | job0 | floorplan.pin_pla... | 0 | Components of this program may be licensed under more restrictive licenses which must be honored.
| INFO     | job0 | floorplan.pin_pla... | 0 | [INFO ORD-0030] Using 20 thread(s).
| INFO     | job0 | floorplan.pin_pla... | 0 | [INFO FLW-0001] Defining timing corners: fast slow typical
| INFO     | job0 | floorplan.pin_pla... | 0 | Reading liberty file for fast: /home/arthur/.sc/cache/lambdapdk-v0.2.12-7b36460386694c92/lambdapdk/sky130/libs/sky130hd/nldm/sky130_fd_sc_hd__ff_100C_1v95.lib.gz
| INFO     | job0 | floorplan.pin_pla... | 0 | Reading liberty file for slow: /home/arthur/.sc/cache/lambdapdk-v0.2.12-7b36460386694c92/lambdapdk/sky130/libs/sky130hd/nldm/sky130_fd_sc_hd__ss_n40C_1v40.lib.gz
| INFO     | job0 | floorplan.pin_pla... | 0 | Reading liberty file for typical: /home/arthur/.sc/cache/lambdapdk-v0.2.12-7b36460386694c92/lambdapdk/sky130/libs/sky130hd/nldm/sky130_fd_sc_hd__tt_025C_1v80.lib.gz
| INFO     | job0 | floorplan.pin_pla... | 0 | Reading ODB: inputs/picorv32_bp_top.odb.gz
| INFO     | job0 | floorplan.pin_pla... | 0 | Reading SDC: inputs/picorv32_bp_top.sdc
| INFO     | job0 | floorplan.pin_pla... | 0 | [INFO FLW-0001] Timing path groups: asynchronous {path delay} {gated clock} unconstrained
| INFO     | job0 | floorplan.pin_pla... | 0 | [WARNING FLW-0001] No clocks defined.
| INFO     | job0 | floorplan.pin_pla... | 0 | [INFO FLW-0001] Sourcing parasitic estimation from: /home/arthur/ECE507/project/build/picorv32_bp_top/job0/floorplan.pin_placement/0/inputs/sc_parasitics.tcl
| INFO     | job0 | floorplan.pin_pla... | 0 | [INFO FLW-0001] Using met5 for clock parasitics estimation
| INFO     | job0 | floorplan.pin_pla... | 0 | [INFO FLW-0001] Using met3 for signal parasitics estimation
| INFO     | job0 | floorplan.pin_pla... | 0 | [INFO FLW-0001] Setting global routing adjustment for li1 to 100%
| INFO     | job0 | floorplan.pin_pla... | 0 | [INFO FLW-0001] Setting global routing adjustment for met1 to 40.0%
| INFO     | job0 | floorplan.pin_pla... | 0 | [INFO FLW-0001] Setting global routing adjustment for met2 to 40.0%
| INFO     | job0 | floorplan.pin_pla... | 0 | [INFO FLW-0001] Setting global routing adjustment for met3 to 30.0%
| INFO     | job0 | floorplan.pin_pla... | 0 | [INFO FLW-0001] Setting global routing adjustment for met4 to 30.0%
| INFO     | job0 | floorplan.pin_pla... | 0 | [INFO FLW-0001] Setting global routing adjustment for met5 to 30.0%
| INFO     | job0 | floorplan.pin_pla... | 0 | Global connection rules: 2
| INFO     | job0 | floorplan.pin_pla... | 0 |   Instances: ".*" with pins "VPWR" connect to "VDD"
| INFO     | job0 | floorplan.pin_pla... | 0 |   Instances: ".*" with pins "VGND" connect to "VSS"
| INFO     | job0 | floorplan.pin_pla... | 0 | [INFO FLW-0001] Performing global placement without considering IO
| INFO     | job0 | floorplan.pin_pla... | 0 | [INFO GPL-0022] Initialize gpl and calculate uniform density.
| INFO     | job0 | floorplan.pin_pla... | 0 | global_placement siliconcompiler arguments: -routability_driven -timing_driven -skip_io
| INFO     | job0 | floorplan.pin_pla... | 0 | [INFO GPL-0005] Execute conjugate gradient initial placement.
| INFO     | job0 | floorplan.pin_pla... | 0 | [INFO GPL-0002] DBU: 1000
| INFO     | job0 | floorplan.pin_pla... | 0 | [INFO GPL-0003] SiteSize: (  0.460  2.720 ) um
| INFO     | job0 | floorplan.pin_pla... | 0 | [INFO GPL-0004] CoreBBox: ( 10.120 10.880 ) ( 1189.560 1188.640 ) um
| INFO     | job0 | floorplan.pin_pla... | 0 | [INFO GPL-0032] Initializing region: Top-level
| INFO     | job0 | floorplan.pin_pla... | 0 | [INFO GPL-0006] Number of instances:             24194
| INFO     | job0 | floorplan.pin_pla... | 0 | [INFO GPL-0007] Movable instances:                5707
| INFO     | job0 | floorplan.pin_pla... | 0 | [INFO GPL-0008] Fixed instances:                 18487
| INFO     | job0 | floorplan.pin_pla... | 0 | [INFO GPL-0009] Dummy instances:                     0
| INFO     | job0 | floorplan.pin_pla... | 0 | [INFO GPL-0010] Number of nets:                   5742
| INFO     | job0 | floorplan.pin_pla... | 0 | [INFO GPL-0011] Number of pins:                  23238
| INFO     | job0 | floorplan.pin_pla... | 0 | [INFO GPL-0012] Die BBox:  (  0.000  0.000 ) ( 1200.000 1200.000 ) um
| INFO     | job0 | floorplan.pin_pla... | 0 | [INFO GPL-0013] Core BBox: ( 10.120 10.880 ) ( 1189.560 1188.640 ) um
| INFO     | job0 | floorplan.pin_pla... | 0 | [INFO GPL-0016] Core area:                  1389097.254 um^2
| INFO     | job0 | floorplan.pin_pla... | 0 | [INFO GPL-0014] Region name: top-level.
| INFO     | job0 | floorplan.pin_pla... | 0 | [INFO GPL-0015] Region area:                1389097.254 um^2
| INFO     | job0 | floorplan.pin_pla... | 0 | [INFO GPL-0017] Fixed instances area:        23130.934 um^2
| INFO     | job0 | floorplan.pin_pla... | 0 | [INFO GPL-0018] Movable instances area:      81177.987 um^2
| INFO     | job0 | floorplan.pin_pla... | 0 | [INFO GPL-0019] Utilization:                     5.943 %
| INFO     | job0 | floorplan.pin_pla... | 0 | [INFO GPL-0020] Standard cells area:         81177.987 um^2
| INFO     | job0 | floorplan.pin_pla... | 0 | [INFO GPL-0021] Large instances area:            0.000 um^2
| INFO     | job0 | floorplan.pin_pla... | 0 | [INFO GPL-0033] Initializing Nesterov region: Top-level
| INFO     | job0 | floorplan.pin_pla... | 0 | [INFO GPL-0023] Placement target density:       0.6000
| INFO     | job0 | floorplan.pin_pla... | 0 | [INFO GPL-0024] Movable insts average area:     14.224 um^2
| INFO     | job0 | floorplan.pin_pla... | 0 | [INFO GPL-0025] Ideal bin area:                 23.707 um^2
| INFO     | job0 | floorplan.pin_pla... | 0 | [INFO GPL-0026] Ideal bin count:                 58594
| INFO     | job0 | floorplan.pin_pla... | 0 | [INFO GPL-0027] Total bin area:             1389097.254 um^2
| INFO     | job0 | floorplan.pin_pla... | 0 | [INFO GPL-0028] Bin count (X, Y):         128 ,    128
| INFO     | job0 | floorplan.pin_pla... | 0 | [INFO GPL-0029] Bin size (W * H):       9.214 *  9.201 um
| INFO     | job0 | floorplan.pin_pla... | 0 | [INFO GPL-0030] Number of bins:                  16384
| INFO     | job0 | floorplan.pin_pla... | 0 | [INFO GPL-0007] Execute nesterov global placement.
| INFO     | job0 | floorplan.pin_pla... | 0 | [INFO GPL-0031] HPWL: Half-Perimeter Wirelength
| INFO     | job0 | floorplan.pin_pla... | 0 | Iteration | Overflow |     HPWL (um) |  HPWL(%) |   Penalty | Group
| INFO     | job0 | floorplan.pin_pla... | 0 | ---------------------------------------------------------------
| INFO     | job0 | floorplan.pin_pla... | 0 |         0 |   0.9974 |  1.896308e+04 |   +0.00% |  8.76e-16 |
| INFO     | job0 | floorplan.pin_pla... | 0 |        10 |   0.9950 |  8.412483e+03 |  -55.64% |  1.43e-15 |
| INFO     | job0 | floorplan.pin_pla... | 0 |        20 |   0.9950 |  8.176295e+03 |   -2.81% |  2.32e-15 |
| INFO     | job0 | floorplan.pin_pla... | 0 |        30 |   0.9950 |  8.088228e+03 |   -1.08% |  3.79e-15 |
| INFO     | job0 | floorplan.pin_pla... | 0 |        40 |   0.9950 |  8.041687e+03 |   -0.58% |  6.17e-15 |
| INFO     | job0 | floorplan.pin_pla... | 0 |        50 |   0.9950 |  8.016544e+03 |   -0.31% |  1.00e-14 |
| INFO     | job0 | floorplan.pin_pla... | 0 |        60 |   0.9950 |  8.005128e+03 |   -0.14% |  1.64e-14 |
| INFO     | job0 | floorplan.pin_pla... | 0 |        70 |   0.9950 |  8.002512e+03 |   -0.03% |  2.66e-14 |
| INFO     | job0 | floorplan.pin_pla... | 0 |        80 |   0.9950 |  8.013170e+03 |   +0.13% |  4.34e-14 |
| INFO     | job0 | floorplan.pin_pla... | 0 |        90 |   0.9950 |  8.037265e+03 |   +0.30% |  7.07e-14 |
| INFO     | job0 | floorplan.pin_pla... | 0 |       100 |   0.9949 |  8.087492e+03 |   +0.62% |  1.15e-13 |
| INFO     | job0 | floorplan.pin_pla... | 0 |       110 |   0.9947 |  8.207350e+03 |   +1.48% |  1.88e-13 |
| INFO     | job0 | floorplan.pin_pla... | 0 |       120 |   0.9936 |  8.508888e+03 |   +3.67% |  3.06e-13 |
| INFO     | job0 | floorplan.pin_pla... | 0 |       130 |   0.9923 |  9.204357e+03 |   +8.17% |  4.98e-13 |
| INFO     | job0 | floorplan.pin_pla... | 0 |       140 |   0.9921 |  1.063027e+04 |  +15.49% |  8.11e-13 |
| INFO     | job0 | floorplan.pin_pla... | 0 |       150 |   0.9907 |  1.302512e+04 |  +22.53% |  1.32e-12 |
| INFO     | job0 | floorplan.pin_pla... | 0 |       160 |   0.9889 |  1.631369e+04 |  +25.25% |  2.15e-12 |
| INFO     | job0 | floorplan.pin_pla... | 0 |       170 |   0.9836 |  2.042997e+04 |  +25.23% |  3.50e-12 |
| INFO     | job0 | floorplan.pin_pla... | 0 |       180 |   0.9776 |  2.567103e+04 |  +25.65% |  5.70e-12 |
| INFO     | job0 | floorplan.pin_pla... | 0 |       190 |   0.9560 |  3.370252e+04 |  +31.29% |  9.27e-12 |
| INFO     | job0 | floorplan.pin_pla... | 0 |       200 |   0.9345 |  4.191716e+04 |  +24.37% |  1.51e-11 |
| INFO     | job0 | floorplan.pin_pla... | 0 |       210 |   0.9136 |  5.075455e+04 |  +21.08% |  2.46e-11 |
| INFO     | job0 | floorplan.pin_pla... | 0 |       220 |   0.8818 |  6.017030e+04 |  +18.55% |  4.00e-11 |
| INFO     | job0 | floorplan.pin_pla... | 0 |       230 |   0.8486 |  6.749470e+04 |  +12.17% |  6.50e-11 |
| INFO     | job0 | floorplan.pin_pla... | 0 |       240 |   0.8169 |  7.519731e+04 |  +11.41% |  1.06e-10 |
| INFO     | job0 | floorplan.pin_pla... | 0 |       250 |   0.7756 |  8.587777e+04 |  +14.20% |  1.72e-10 |
| INFO     | job0 | floorplan.pin_pla... | 0 |       260 |   0.7358 |  9.324868e+04 |   +8.58% |  2.80e-10 |
| INFO     | job0 | floorplan.pin_pla... | 0 |       270 |   0.6943 |  1.003952e+05 |   +7.66% |  4.56e-10 |
| INFO     | job0 | floorplan.pin_pla... | 0 |       280 |   0.6454 |  1.084989e+05 |   +8.07% |  7.42e-10 |
| INFO     | job0 | floorplan.pin_pla... | 0 |       290 |   0.5968 |  1.165728e+05 |   +7.44% |  1.21e-09 |
| INFO     | job0 | floorplan.pin_pla... | 0 |       300 |   0.5390 |  1.223960e+05 |   +5.00% |  1.97e-09 |
| INFO     | job0 | floorplan.pin_pla... | 0 |       310 |   0.4864 |  1.275464e+05 |   +4.21% |  3.20e-09 |
| INFO     | job0 | floorplan.pin_pla... | 0 |       320 |   0.4302 |  1.320768e+05 |   +3.55% |  5.21e-09 |
| INFO     | job0 | floorplan.pin_pla... | 0 |       330 |   0.3790 |  1.342834e+05 |   +1.67% |  8.49e-09 |
| INFO     | job0 | floorplan.pin_pla... | 0 |       340 |   0.3274 |  1.363266e+05 |   +1.52% |  1.34e-08 |
| INFO     | job0 | floorplan.pin_pla... | 0 |       350 |   0.2971 |  1.369778e+05 |   +0.48% |  1.98e-08 |
| INFO     | job0 | floorplan.pin_pla... | 0 |       360 |   0.2657 |  1.384935e+05 |   +1.11% |  2.91e-08 |
| INFO     | job0 | floorplan.pin_pla... | 0 |       370 |   0.2336 |  1.392807e+05 |   +0.57% |  4.29e-08 |
| INFO     | job0 | floorplan.pin_pla... | 0 |       380 |   0.2004 |  1.402353e+05 |   +0.69% |  6.32e-08 |
| INFO     | job0 | floorplan.pin_pla... | 0 |       390 |   0.1703 |  1.410645e+05 |   +0.59% |  9.30e-08 |
| INFO     | job0 | floorplan.pin_pla... | 0 |       400 |   0.1511 |  1.417341e+05 |   +0.47% |  1.37e-07 |
| INFO     | job0 | floorplan.pin_pla... | 0 |       410 |   0.1296 |  1.423587e+05 |   +0.44% |  2.02e-07 |
| INFO     | job0 | floorplan.pin_pla... | 0 |       420 |   0.1089 |  1.426960e+05 |   +0.24% |  2.97e-07 |
| INFO     | job0 | floorplan.pin_pla... | 0 |       427 |   0.0990 |  1.429090e+05 |          |  4.05e-07 |
| INFO     | job0 | floorplan.pin_pla... | 0 | ---------------------------------------------------------------
| INFO     | job0 | floorplan.pin_pla... | 0 | [INFO GPL-1001] Global placement finished at iteration 427
| INFO     | job0 | floorplan.pin_pla... | 0 | [INFO GPL-1002] Placed Cell Area            81177.9867
| INFO     | job0 | floorplan.pin_pla... | 0 | [INFO GPL-1003] Available Free Area         1365966.3200
| INFO     | job0 | floorplan.pin_pla... | 0 | [INFO GPL-1004] Minimum Feasible Density        0.0600 (cell_area / free_area)
| INFO     | job0 | floorplan.pin_pla... | 0 | [INFO GPL-1006]   Suggested Target Densities:
| INFO     | job0 | floorplan.pin_pla... | 0 | [INFO GPL-1007]     - For 90% usage of free space: 0.0660
| INFO     | job0 | floorplan.pin_pla... | 0 | [INFO GPL-1008]     - For 80% usage of free space: 0.0743
| INFO     | job0 | floorplan.pin_pla... | 0 | [INFO GPL-1009]     - For 50% usage of free space: 0.1189
| INFO     | job0 | floorplan.pin_pla... | 0 | [INFO GPL-1014] Final placement area: 81177.99 (+0.00%)
| INFO     | job0 | floorplan.pin_pla... | 0 | Found 0 macro blocks.
| INFO     | job0 | floorplan.pin_pla... | 0 | Using 2 tracks default min distance between IO pins.
| INFO     | job0 | floorplan.pin_pla... | 0 | [INFO PPL-0001] Number of available slots 4362
| INFO     | job0 | floorplan.pin_pla... | 0 | [INFO PPL-0002] Number of I/O             105
| INFO     | job0 | floorplan.pin_pla... | 0 | [INFO PPL-0003] Number of I/O w/sink      105
| INFO     | job0 | floorplan.pin_pla... | 0 | [INFO PPL-0004] Number of I/O w/o sink    0
| INFO     | job0 | floorplan.pin_pla... | 0 | [INFO PPL-0005] Slots per section         200
| INFO     | job0 | floorplan.pin_pla... | 0 | [INFO PPL-0008] Successfully assigned pins to sections.
| INFO     | job0 | floorplan.pin_pla... | 0 | [INFO PPL-0012] I/O nets HPWL: 55298.84 um.
| INFO     | job0 | floorplan.pin_pla... | 0 | Writing database: outputs/picorv32_bp_top.odb.gz
| INFO     | job0 | floorplan.pin_pla... | 0 | Writing DEF: outputs/picorv32_bp_top.def.gz
| INFO     | job0 | floorplan.pin_pla... | 0 | Writing netlist: outputs/picorv32_bp_top.vg
| INFO     | job0 | floorplan.pin_pla... | 0 | Writing LEC netlist: outputs/picorv32_bp_top.lec.vg
| INFO     | job0 | floorplan.pin_pla... | 0 | Writing SDC: outputs/picorv32_bp_top.sdc
| INFO     | job0 | floorplan.pin_pla... | 0 | SC_METRIC: report_checks -path_delay max
| INFO     | job0 | floorplan.pin_pla... | 0 | No paths found.
| INFO     | job0 | floorplan.pin_pla... | 0 | SC_METRIC: setupslack
| INFO     | job0 | floorplan.pin_pla... | 0 | worst slack max INF
| INFO     | job0 | floorplan.pin_pla... | 0 | SC_METRIC: tns
| INFO     | job0 | floorplan.pin_pla... | 0 | tns max 0.00
| INFO     | job0 | floorplan.pin_pla... | 0 | SC_METRIC: unconstrained
| INFO     | job0 | floorplan.pin_pla... | 0 | Startpoint: _8914_ (rising edge-triggered flip-flop)
| INFO     | job0 | floorplan.pin_pla... | 0 | Endpoint: cpu/pcpi_rs1[31]$_DFFE_PP_ (rising edge-triggered flip-flop)
| INFO     | job0 | floorplan.pin_pla... | 0 | Path Group: unconstrained
| INFO     | job0 | floorplan.pin_pla... | 0 | Path Type: max
| INFO     | job0 | floorplan.pin_pla... | 0 | Corner: slow
| INFO     | job0 | floorplan.pin_pla... | 0 | 
| INFO     | job0 | floorplan.pin_pla... | 0 | Fanout     Cap    Slew   Delay    Time   Description
| INFO     | job0 | floorplan.pin_pla... | 0 | -----------------------------------------------------------------------------
| INFO     | job0 | floorplan.pin_pla... | 0 |                 141.41    0.00    0.00 ^ _8914_/CLK (sky130_fd_sc_hd__dfxtp_1)
| INFO     | job0 | floorplan.pin_pla... | 0 |    258    1.64   58.39   90.69   90.69 ^ _8914_/Q (sky130_fd_sc_hd__dfxtp_1)
| INFO     | job0 | floorplan.pin_pla... | 0 |                                          _0005_ (net)
| INFO     | job0 | floorplan.pin_pla... | 0 |                  58.39    0.05   90.74 ^ _6712_/S0 (sky130_fd_sc_hd__mux4_2)
| INFO     | job0 | floorplan.pin_pla... | 0 |      1    0.00    0.66   22.10  112.84 ^ _6712_/X (sky130_fd_sc_hd__mux4_2)
| INFO     | job0 | floorplan.pin_pla... | 0 |                                          _2558_ (net)
| INFO     | job0 | floorplan.pin_pla... | 0 |                   0.66    0.00  112.84 ^ _6713_/B (sky130_fd_sc_hd__nor2_1)
| INFO     | job0 | floorplan.pin_pla... | 0 |      1    0.00    0.71    0.34  113.18 v _6713_/Y (sky130_fd_sc_hd__nor2_1)
| INFO     | job0 | floorplan.pin_pla... | 0 |                                          _2559_ (net)
| INFO     | job0 | floorplan.pin_pla... | 0 |                   0.71    0.00  113.18 v _6714_/B (sky130_fd_sc_hd__nor2_1)
| INFO     | job0 | floorplan.pin_pla... | 0 |      1    0.00    0.36    0.64  113.82 ^ _6714_/Y (sky130_fd_sc_hd__nor2_1)
| INFO     | job0 | floorplan.pin_pla... | 0 |                                          _2560_ (net)
| INFO     | job0 | floorplan.pin_pla... | 0 |                   0.36    0.00  113.82 ^ _6715_/B1 (sky130_fd_sc_hd__o21ai_0)
| INFO     | job0 | floorplan.pin_pla... | 0 |      1    0.00    0.85    0.30  114.12 v _6715_/Y (sky130_fd_sc_hd__o21ai_0)
| INFO     | job0 | floorplan.pin_pla... | 0 |                                          _2561_ (net)
| INFO     | job0 | floorplan.pin_pla... | 0 |                   0.85    0.00  114.12 v _6716_/A2 (sky130_fd_sc_hd__a21oi_1)
| INFO     | job0 | floorplan.pin_pla... | 0 |      1    0.00    0.57    1.06  115.18 ^ _6716_/Y (sky130_fd_sc_hd__a21oi_1)
| INFO     | job0 | floorplan.pin_pla... | 0 |                                          _2562_ (net)
| INFO     | job0 | floorplan.pin_pla... | 0 |                   0.57    0.00  115.18 ^ _6717_/B1 (sky130_fd_sc_hd__a21oi_1)
| INFO     | job0 | floorplan.pin_pla... | 0 |      1    0.00    0.71    0.31  115.49 v _6717_/Y (sky130_fd_sc_hd__a21oi_1)
| INFO     | job0 | floorplan.pin_pla... | 0 |                                          _2563_ (net)
| INFO     | job0 | floorplan.pin_pla... | 0 |                   0.71    0.00  115.49 v _6718_/B (sky130_fd_sc_hd__nor2_1)
| INFO     | job0 | floorplan.pin_pla... | 0 |      1    0.02    1.80    1.84  117.33 ^ _6718_/Y (sky130_fd_sc_hd__nor2_1)
| INFO     | job0 | floorplan.pin_pla... | 0 |                                          _2564_ (net)
| INFO     | job0 | floorplan.pin_pla... | 0 |                   1.80    0.00  117.33 ^ _6721_/B1 (sky130_fd_sc_hd__a211oi_1)
| INFO     | job0 | floorplan.pin_pla... | 0 |      1    0.00    0.34    0.71  118.04 v _6721_/Y (sky130_fd_sc_hd__a211oi_1)
| INFO     | job0 | floorplan.pin_pla... | 0 |                                          _2567_ (net)
| INFO     | job0 | floorplan.pin_pla... | 0 |                   0.34    0.00  118.04 v _6722_/B1 (sky130_fd_sc_hd__o21ai_0)
| INFO     | job0 | floorplan.pin_pla... | 0 |      1    0.01    1.16    0.60  118.63 ^ _6722_/Y (sky130_fd_sc_hd__o21ai_0)
| INFO     | job0 | floorplan.pin_pla... | 0 |                                          _4379_ (net)
| INFO     | job0 | floorplan.pin_pla... | 0 |                   1.16    0.00  118.63 ^ cpu/pcpi_rs1[31]$_DFFE_PP_/D (sky130_fd_sc_hd__edfxtp_1)
| INFO     | job0 | floorplan.pin_pla... | 0 |                                 118.63   data arrival time
| INFO     | job0 | floorplan.pin_pla... | 0 | -----------------------------------------------------------------------------
| INFO     | job0 | floorplan.pin_pla... | 0 | (Path is unconstrained)
| INFO     | job0 | floorplan.pin_pla... | 0 | 
| INFO     | job0 | floorplan.pin_pla... | 0 | 
| INFO     | job0 | floorplan.pin_pla... | 0 | SC_METRIC: floating nets
| INFO     | job0 | floorplan.pin_pla... | 0 | Reporting floating nets: reports/floating_nets.rpt
| INFO     | job0 | floorplan.pin_pla... | 0 | SC_METRIC: overdriven nets
| INFO     | job0 | floorplan.pin_pla... | 0 | Reporting overdriven nets: reports/overdriven_nets.rpt
| INFO     | job0 | floorplan.pin_pla... | 0 | Reporting overdriven nets: reports/overdriven_nets_with_parallel.rpt
| INFO     | job0 | floorplan.pin_pla... | 0 | SC_METRIC: cellarea
| INFO     | job0 | floorplan.pin_pla... | 0 | Design area 77203 um^2 6% utilization.
| INFO     | job0 | floorplan.pin_pla... | 0 | Cell type report:                       Count       Area
| INFO     | job0 | floorplan.pin_pla... | 0 |   Tap cell                              18487   23130.93
| INFO     | job0 | floorplan.pin_pla... | 0 |   Inverter                                 84     315.30
| INFO     | job0 | floorplan.pin_pla... | 0 |   Sequential cell                        1597   44782.95
| INFO     | job0 | floorplan.pin_pla... | 0 |   Multi-Input combinational cell         4026   32104.54
| INFO     | job0 | floorplan.pin_pla... | 0 |   Total                                 24194  100333.73
| INFO     | job0 | floorplan.pin_pla... | 0 | 
| INFO     | job0 | floorplan.pin_pla... | 0 | Cell instance report:
| INFO     | job0 | floorplan.pin_pla... | 0 |   sky130_fd_sc_hd__a2111oi_0                1       8.76
| INFO     | job0 | floorplan.pin_pla... | 0 |   sky130_fd_sc_hd__a2111oi_2                1      15.01
| INFO     | job0 | floorplan.pin_pla... | 0 |   sky130_fd_sc_hd__a211o_1                 12     105.10
| INFO     | job0 | floorplan.pin_pla... | 0 |   sky130_fd_sc_hd__a211oi_1                23     172.67
| INFO     | job0 | floorplan.pin_pla... | 0 |   sky130_fd_sc_hd__a211oi_2                 2      25.02
| INFO     | job0 | floorplan.pin_pla... | 0 |   sky130_fd_sc_hd__a21boi_0                 5      37.54
| INFO     | job0 | floorplan.pin_pla... | 0 |   sky130_fd_sc_hd__a21o_1                  63     472.95
| INFO     | job0 | floorplan.pin_pla... | 0 |   sky130_fd_sc_hd__a21oi_1                276    1381.32
| INFO     | job0 | floorplan.pin_pla... | 0 |   sky130_fd_sc_hd__a21oi_2                  1       8.76
| INFO     | job0 | floorplan.pin_pla... | 0 |   sky130_fd_sc_hd__a21oi_4                  1      16.27
| INFO     | job0 | floorplan.pin_pla... | 0 |   sky130_fd_sc_hd__a221o_1                 15     150.14
| INFO     | job0 | floorplan.pin_pla... | 0 |   sky130_fd_sc_hd__a221oi_1                25     218.96
| INFO     | job0 | floorplan.pin_pla... | 0 |   sky130_fd_sc_hd__a222oi_1                40     400.38
| INFO     | job0 | floorplan.pin_pla... | 0 |   sky130_fd_sc_hd__a22o_1                  27     236.48
| INFO     | job0 | floorplan.pin_pla... | 0 |   sky130_fd_sc_hd__a22oi_1                 38     285.27
| INFO     | job0 | floorplan.pin_pla... | 0 |   sky130_fd_sc_hd__a2bb2oi_1                1       8.76
| INFO     | job0 | floorplan.pin_pla... | 0 |   sky130_fd_sc_hd__a311o_1                  2      20.02
| INFO     | job0 | floorplan.pin_pla... | 0 |   sky130_fd_sc_hd__a311oi_1                11      96.34
| INFO     | job0 | floorplan.pin_pla... | 0 |   sky130_fd_sc_hd__a311oi_2                 3      45.04
| INFO     | job0 | floorplan.pin_pla... | 0 |   sky130_fd_sc_hd__a31o_1                   4      35.03
| INFO     | job0 | floorplan.pin_pla... | 0 |   sky130_fd_sc_hd__a31oi_1                 64     400.38
| INFO     | job0 | floorplan.pin_pla... | 0 |   sky130_fd_sc_hd__a32o_1                   8      80.08
| INFO     | job0 | floorplan.pin_pla... | 0 |   sky130_fd_sc_hd__a32oi_1                 10      87.58
| INFO     | job0 | floorplan.pin_pla... | 0 |   sky130_fd_sc_hd__a41oi_1                  3      26.28
| INFO     | job0 | floorplan.pin_pla... | 0 |   sky130_fd_sc_hd__and2_0                  26     162.66
| INFO     | job0 | floorplan.pin_pla... | 0 |   sky130_fd_sc_hd__and2_1                  53     331.57
| INFO     | job0 | floorplan.pin_pla... | 0 |   sky130_fd_sc_hd__and3_1                  49     306.54
| INFO     | job0 | floorplan.pin_pla... | 0 |   sky130_fd_sc_hd__and4_1                  32     280.27
| INFO     | job0 | floorplan.pin_pla... | 0 |   sky130_fd_sc_hd__clkinv_1                 3      11.26
| INFO     | job0 | floorplan.pin_pla... | 0 |   sky130_fd_sc_hd__conb_1                   1       3.75
| INFO     | job0 | floorplan.pin_pla... | 0 |   sky130_fd_sc_hd__dfxtp_1                317    6346.09
| INFO     | job0 | floorplan.pin_pla... | 0 |   sky130_fd_sc_hd__edfxtp_1              1280   38436.86
| INFO     | job0 | floorplan.pin_pla... | 0 |   sky130_fd_sc_hd__inv_1                   80     300.29
| INFO     | job0 | floorplan.pin_pla... | 0 |   sky130_fd_sc_hd__inv_2                    1       3.75
| INFO     | job0 | floorplan.pin_pla... | 0 |   sky130_fd_sc_hd__maj3_1                   4      40.04
| INFO     | job0 | floorplan.pin_pla... | 0 |   sky130_fd_sc_hd__maj3_2                   7      78.83
| INFO     | job0 | floorplan.pin_pla... | 0 |   sky130_fd_sc_hd__mux2_2                  54     608.08
| INFO     | job0 | floorplan.pin_pla... | 0 |   sky130_fd_sc_hd__mux2_4                   1      15.01
| INFO     | job0 | floorplan.pin_pla... | 0 |   sky130_fd_sc_hd__mux2i_1                 75     750.72
| INFO     | job0 | floorplan.pin_pla... | 0 |   sky130_fd_sc_hd__mux4_2                 540   12161.66
| INFO     | job0 | floorplan.pin_pla... | 0 |   sky130_fd_sc_hd__nand2_1                541    2030.70
| INFO     | job0 | floorplan.pin_pla... | 0 |   sky130_fd_sc_hd__nand2b_1                39     243.98
| INFO     | job0 | floorplan.pin_pla... | 0 |   sky130_fd_sc_hd__nand3_1                 76     380.36
| INFO     | job0 | floorplan.pin_pla... | 0 |   sky130_fd_sc_hd__nand3b_1                11      82.58
| INFO     | job0 | floorplan.pin_pla... | 0 |   sky130_fd_sc_hd__nand4_1                 21     131.38
| INFO     | job0 | floorplan.pin_pla... | 0 |   sky130_fd_sc_hd__nand4b_1                 3      26.28
| INFO     | job0 | floorplan.pin_pla... | 0 |   sky130_fd_sc_hd__nor2_1                 619    2323.48
| INFO     | job0 | floorplan.pin_pla... | 0 |   sky130_fd_sc_hd__nor2b_1                 47     294.03
| INFO     | job0 | floorplan.pin_pla... | 0 |   sky130_fd_sc_hd__nor3_1                 112     560.54
| INFO     | job0 | floorplan.pin_pla... | 0 |   sky130_fd_sc_hd__nor3_2                   2      20.02
| INFO     | job0 | floorplan.pin_pla... | 0 |   sky130_fd_sc_hd__nor3b_1                  2      15.01
| INFO     | job0 | floorplan.pin_pla... | 0 |   sky130_fd_sc_hd__nor4_1                  20     125.12
| INFO     | job0 | floorplan.pin_pla... | 0 |   sky130_fd_sc_hd__nor4_2                   2      25.02
| INFO     | job0 | floorplan.pin_pla... | 0 |   sky130_fd_sc_hd__nor4b_1                  3      26.28
| INFO     | job0 | floorplan.pin_pla... | 0 |   sky130_fd_sc_hd__o2111a_1                 1      11.26
| INFO     | job0 | floorplan.pin_pla... | 0 |   sky130_fd_sc_hd__o2111ai_1                1       8.76
| INFO     | job0 | floorplan.pin_pla... | 0 |   sky130_fd_sc_hd__o211a_1                  2      20.02
| INFO     | job0 | floorplan.pin_pla... | 0 |   sky130_fd_sc_hd__o211ai_1                28     210.20
| INFO     | job0 | floorplan.pin_pla... | 0 |   sky130_fd_sc_hd__o21a_1                  33     247.74
| INFO     | job0 | floorplan.pin_pla... | 0 |   sky130_fd_sc_hd__o21ai_0                556    2782.67
| INFO     | job0 | floorplan.pin_pla... | 0 |   sky130_fd_sc_hd__o21ai_1                  7      35.03
| INFO     | job0 | floorplan.pin_pla... | 0 |   sky130_fd_sc_hd__o21bai_1                 3      22.52
| INFO     | job0 | floorplan.pin_pla... | 0 |   sky130_fd_sc_hd__o221a_2                  3      33.78
| INFO     | job0 | floorplan.pin_pla... | 0 |   sky130_fd_sc_hd__o221ai_1                58     507.99
| INFO     | job0 | floorplan.pin_pla... | 0 |   sky130_fd_sc_hd__o22a_1                   1       8.76
| INFO     | job0 | floorplan.pin_pla... | 0 |   sky130_fd_sc_hd__o22ai_1                 48     300.29
| INFO     | job0 | floorplan.pin_pla... | 0 |   sky130_fd_sc_hd__o2bb2ai_1                2      17.52
| INFO     | job0 | floorplan.pin_pla... | 0 |   sky130_fd_sc_hd__o311a_1                  1      10.01
| INFO     | job0 | floorplan.pin_pla... | 0 |   sky130_fd_sc_hd__o311ai_0                 4      35.03
| INFO     | job0 | floorplan.pin_pla... | 0 |   sky130_fd_sc_hd__o311ai_1                 8      70.07
| INFO     | job0 | floorplan.pin_pla... | 0 |   sky130_fd_sc_hd__o31a_1                   5      43.79
| INFO     | job0 | floorplan.pin_pla... | 0 |   sky130_fd_sc_hd__o31ai_1                 26     195.19
| INFO     | job0 | floorplan.pin_pla... | 0 |   sky130_fd_sc_hd__o31ai_2                  1      12.51
| INFO     | job0 | floorplan.pin_pla... | 0 |   sky130_fd_sc_hd__o32ai_1                 11      96.34
| INFO     | job0 | floorplan.pin_pla... | 0 |   sky130_fd_sc_hd__or2_1                   27     168.91
| INFO     | job0 | floorplan.pin_pla... | 0 |   sky130_fd_sc_hd__or3_1                   20     125.12
| INFO     | job0 | floorplan.pin_pla... | 0 |   sky130_fd_sc_hd__or3b_2                   3      26.28
| INFO     | job0 | floorplan.pin_pla... | 0 |   sky130_fd_sc_hd__or4_1                    5      37.54
| INFO     | job0 | floorplan.pin_pla... | 0 |   sky130_fd_sc_hd__or4b_2                   2      20.02
| INFO     | job0 | floorplan.pin_pla... | 0 |   sky130_fd_sc_hd__tapvpwrvgnd_1        18487   23130.93
| INFO     | job0 | floorplan.pin_pla... | 0 |   sky130_fd_sc_hd__xnor2_1                123    1077.28
| INFO     | job0 | floorplan.pin_pla... | 0 |   sky130_fd_sc_hd__xor2_1                  71     621.85
| INFO     | job0 | floorplan.pin_pla... | 0 | [WARNING GUI-0076] QStandardPaths: wrong permissions on runtime directory /run/user/1000/, 0755 instead of 0700
| INFO     | job0 | floorplan.pin_pla... | 0 | [INFO FLW-0001] Saving "snapshot" to reports/images/picorv32_bp_top.png
| INFO     | job0 | floorplan.pin_pla... | 0 | [INFO FLW-0001] Saving "placement" to reports/images/picorv32_bp_top.placement.png
| INFO     | job0 | floorplan.pin_pla... | 0 | [INFO FLW-0001] Saving "setup timing histogram" to reports/images/timing/setup.histogram.png
| INFO     | job0 | floorplan.pin_pla... | 0 | [WARNING GUI-0097] All pins are unconstrained. Cannot plot histogram. Check if timing data is loaded!
| INFO     | job0 | floorplan.pin_pla... | 0 | [WARNING GUI-0097] All pins are unconstrained. Cannot plot histogram. Check if timing data is loaded!
| INFO     | job0 | floorplan.pin_pla... | 0 | [INFO FLW-0001] Saving "placement density heatmap" to reports/images/heatmap/placement_density.png
| INFO     | job0 | floorplan.pin_pla... | 0 | [WARNING GRT-0281] Net clk has a large fanout of 1598 terminals.
| INFO     | job0 | floorplan.pin_pla... | 0 | [INFO FLW-0001] Saving "estimated routing congestion heatmap" to reports/images/heatmap/estimated_routing_congestion.png
| WARNING  | job0 | floorplan.pin_pla... | 0 |  13: [WARNING FLW-0001] No clocks defined.
| WARNING  | job0 | floorplan.pin_pla... | 0 | 279: [WARNING GUI-0076] QStandardPaths: wrong permissions on runtime directory /run/user/1000/, 0755 instead of 0700
| WARNING  | job0 | floorplan.pin_pla... | 0 | 283: [WARNING GUI-0097] All pins are unconstrained. Cannot plot histogram. Check if timing data is loaded!
| WARNING  | job0 | floorplan.pin_pla... | 0 | 284: [WARNING GUI-0097] All pins are unconstrained. Cannot plot histogram. Check if timing data is loaded!
| WARNING  | job0 | floorplan.pin_pla... | 0 | 286: [WARNING GRT-0281] Net clk has a large fanout of 1598 terminals.
| INFO     | job0 | floorplan.pin_pla... | 0 | Number of errors: 0
| INFO     | job0 | floorplan.pin_pla... | 0 | Number of warnings: 5
| INFO     | job0 | floorplan.pin_pla... | 0 | Finished task in 37.58s
