[0.294, 0.426): ********** (155)
[0.426, 0.559): ********* (140)
[0.559, 0.691): ********* (146)
[0.691, 0.823): *** (51)
[0.823, 0.956): * (15)
[0.956, 1.088): **** (67)
[1.088, 1.221): **** (64)
[1.221, 1.353): ************************************************** (799)
[1.353, 1.485): ************** (227)
[1.485, 1.618): **** (56)
[1.618, 1.750): ****** (100)
[1.750, 1.883): ****** (91)
[1.883, 2.015): ************* (208)
[2.015, 2.147): ******************************* (496)
[2.147, 2.280): **** (56)
[2.280, 2.412): ** (39)
[2.412, 2.545):  (0)
[2.545, 2.677): * (16)
[2.677, 2.810): * (9)
[2.810, 2.942]: ** (31)
