[WARNING STA-0503] report_checks -group_count is deprecated. Use -group_path_count instead.
Startpoint: rv32_soc/decoder_trigger$_DFF_P_
            (rising edge-triggered flip-flop clocked by clk)
Endpoint: rv32_soc/instr_and$_SDFFE_PN0P_
          (rising edge-triggered flip-flop clocked by clk)
Path Group: clk
Path Type: max
Corner: slow

Fanout     Cap    Slew   Delay    Time   Description
-----------------------------------------------------------------------------
                          0.00    0.00   clock clk (rise edge)
                          3.42    3.42   clock network delay (propagated)
                  0.46    0.00    3.42 ^ rv32_soc/decoder_trigger$_DFF_P_/CLK (sky130_fd_sc_hd__dfxtp_1)
     2    0.01    0.33    1.59    5.01 ^ rv32_soc/decoder_trigger$_DFF_P_/Q (sky130_fd_sc_hd__dfxtp_1)
                                         _0408_ (net)
                  0.33    0.00    5.01 ^ place871/A (sky130_fd_sc_hd__buf_1)
    32    0.24   10.71    8.15   13.16 ^ place871/X (sky130_fd_sc_hd__buf_1)
                                         net871 (net)
                 10.71    0.02   13.18 ^ _4400_/B_N (sky130_fd_sc_hd__nor2b_1)
     1    0.01    0.58    4.06   17.24 ^ _4400_/Y (sky130_fd_sc_hd__nor2b_1)
                                         _0056_ (net)
                  0.58    0.00   17.24 ^ place849/A (sky130_fd_sc_hd__buf_1)
    56    0.40   17.57   13.30   30.54 ^ place849/X (sky130_fd_sc_hd__buf_1)
                                         net849 (net)
                 17.57    0.09   30.63 ^ _8761_/C (sky130_fd_sc_hd__nand4_1)
     8    0.04    2.66    8.27   38.90 v _8761_/Y (sky130_fd_sc_hd__nand4_1)
                                         _4227_ (net)
                  2.66    0.00   38.90 v _8933_/A2 (sky130_fd_sc_hd__o21ai_0)
     1    0.01    0.95    2.41   41.32 ^ _8933_/Y (sky130_fd_sc_hd__o21ai_0)
                                         _0405_ (net)
                  0.95    0.00   41.32 ^ rv32_soc/instr_and$_SDFFE_PN0P_/D (sky130_fd_sc_hd__dfxtp_1)
                                 41.32   data arrival time

                         25.00   25.00   clock clk (rise edge)
                          3.24   28.24   clock network delay (propagated)
                          0.00   28.24   clock reconvergence pessimism
                                 28.24 ^ rv32_soc/instr_and$_SDFFE_PN0P_/CLK (sky130_fd_sc_hd__dfxtp_1)
                         -0.47   27.77   library setup time
                                 27.77   data required time
-----------------------------------------------------------------------------
                                 27.77   data required time
                                -41.32   data arrival time
-----------------------------------------------------------------------------
                                -13.55   slack (VIOLATED)


Startpoint: rv32_soc/decoder_trigger$_DFF_P_
            (rising edge-triggered flip-flop clocked by clk)
Endpoint: rv32_soc/instr_or$_SDFFE_PN0P_
          (rising edge-triggered flip-flop clocked by clk)
Path Group: clk
Path Type: max
Corner: slow

Fanout     Cap    Slew   Delay    Time   Description
-----------------------------------------------------------------------------
                          0.00    0.00   clock clk (rise edge)
                          3.42    3.42   clock network delay (propagated)
                  0.46    0.00    3.42 ^ rv32_soc/decoder_trigger$_DFF_P_/CLK (sky130_fd_sc_hd__dfxtp_1)
     2    0.01    0.33    1.59    5.01 ^ rv32_soc/decoder_trigger$_DFF_P_/Q (sky130_fd_sc_hd__dfxtp_1)
                                         _0408_ (net)
                  0.33    0.00    5.01 ^ place871/A (sky130_fd_sc_hd__buf_1)
    32    0.24   10.71    8.15   13.16 ^ place871/X (sky130_fd_sc_hd__buf_1)
                                         net871 (net)
                 10.71    0.02   13.18 ^ _4400_/B_N (sky130_fd_sc_hd__nor2b_1)
     1    0.01    0.58    4.06   17.24 ^ _4400_/Y (sky130_fd_sc_hd__nor2b_1)
                                         _0056_ (net)
                  0.58    0.00   17.24 ^ place849/A (sky130_fd_sc_hd__buf_1)
    56    0.40   17.57   13.30   30.54 ^ place849/X (sky130_fd_sc_hd__buf_1)
                                         net849 (net)
                 17.57    0.09   30.63 ^ _8761_/C (sky130_fd_sc_hd__nand4_1)
     8    0.04    2.66    8.27   38.90 v _8761_/Y (sky130_fd_sc_hd__nand4_1)
                                         _4227_ (net)
                  2.66    0.00   38.90 v _8763_/A2 (sky130_fd_sc_hd__o21ai_0)
     1    0.01    0.92    2.38   41.28 ^ _8763_/Y (sky130_fd_sc_hd__o21ai_0)
                                         _0334_ (net)
                  0.92    0.00   41.28 ^ rv32_soc/instr_or$_SDFFE_PN0P_/D (sky130_fd_sc_hd__dfxtp_1)
                                 41.28   data arrival time

                         25.00   25.00   clock clk (rise edge)
                          3.24   28.24   clock network delay (propagated)
                          0.00   28.24   clock reconvergence pessimism
                                 28.24 ^ rv32_soc/instr_or$_SDFFE_PN0P_/CLK (sky130_fd_sc_hd__dfxtp_1)
                         -0.45   27.78   library setup time
                                 27.78   data required time
-----------------------------------------------------------------------------
                                 27.78   data required time
                                -41.28   data arrival time
-----------------------------------------------------------------------------
                                -13.50   slack (VIOLATED)


Startpoint: rv32_soc/decoder_trigger$_DFF_P_
            (rising edge-triggered flip-flop clocked by clk)
Endpoint: rv32_soc/instr_add$_SDFFE_PN0P_
          (rising edge-triggered flip-flop clocked by clk)
Path Group: clk
Path Type: max
Corner: slow

Fanout     Cap    Slew   Delay    Time   Description
-----------------------------------------------------------------------------
                          0.00    0.00   clock clk (rise edge)
                          3.42    3.42   clock network delay (propagated)
                  0.46    0.00    3.42 ^ rv32_soc/decoder_trigger$_DFF_P_/CLK (sky130_fd_sc_hd__dfxtp_1)
     2    0.01    0.33    1.59    5.01 ^ rv32_soc/decoder_trigger$_DFF_P_/Q (sky130_fd_sc_hd__dfxtp_1)
                                         _0408_ (net)
                  0.33    0.00    5.01 ^ place871/A (sky130_fd_sc_hd__buf_1)
    32    0.24   10.71    8.15   13.16 ^ place871/X (sky130_fd_sc_hd__buf_1)
                                         net871 (net)
                 10.71    0.02   13.18 ^ _4400_/B_N (sky130_fd_sc_hd__nor2b_1)
     1    0.01    0.58    4.06   17.24 ^ _4400_/Y (sky130_fd_sc_hd__nor2b_1)
                                         _0056_ (net)
                  0.58    0.00   17.24 ^ place849/A (sky130_fd_sc_hd__buf_1)
    56    0.40   17.57   13.30   30.54 ^ place849/X (sky130_fd_sc_hd__buf_1)
                                         net849 (net)
                 17.57    0.09   30.63 ^ _8761_/C (sky130_fd_sc_hd__nand4_1)
     8    0.04    2.66    8.27   38.90 v _8761_/Y (sky130_fd_sc_hd__nand4_1)
                                         _4227_ (net)
                  2.66    0.00   38.90 v _8899_/A2 (sky130_fd_sc_hd__o21ai_0)
     1    0.01    0.91    2.37   41.28 ^ _8899_/Y (sky130_fd_sc_hd__o21ai_0)
                                         _0386_ (net)
                  0.91    0.00   41.28 ^ rv32_soc/instr_add$_SDFFE_PN0P_/D (sky130_fd_sc_hd__dfxtp_1)
                                 41.28   data arrival time

                         25.00   25.00   clock clk (rise edge)
                          3.24   28.24   clock network delay (propagated)
                          0.00   28.24   clock reconvergence pessimism
                                 28.24 ^ rv32_soc/instr_add$_SDFFE_PN0P_/CLK (sky130_fd_sc_hd__dfxtp_1)
                         -0.45   27.79   library setup time
                                 27.79   data required time
-----------------------------------------------------------------------------
                                 27.79   data required time
                                -41.28   data arrival time
-----------------------------------------------------------------------------
                                -13.49   slack (VIOLATED)


Startpoint: rv32_soc/decoder_trigger$_DFF_P_
            (rising edge-triggered flip-flop clocked by clk)
Endpoint: rv32_soc/instr_xor$_SDFFE_PN0P_
          (rising edge-triggered flip-flop clocked by clk)
Path Group: clk
Path Type: max
Corner: slow

Fanout     Cap    Slew   Delay    Time   Description
-----------------------------------------------------------------------------
                          0.00    0.00   clock clk (rise edge)
                          3.42    3.42   clock network delay (propagated)
                  0.46    0.00    3.42 ^ rv32_soc/decoder_trigger$_DFF_P_/CLK (sky130_fd_sc_hd__dfxtp_1)
     2    0.01    0.33    1.59    5.01 ^ rv32_soc/decoder_trigger$_DFF_P_/Q (sky130_fd_sc_hd__dfxtp_1)
                                         _0408_ (net)
                  0.33    0.00    5.01 ^ place871/A (sky130_fd_sc_hd__buf_1)
    32    0.24   10.71    8.15   13.16 ^ place871/X (sky130_fd_sc_hd__buf_1)
                                         net871 (net)
                 10.71    0.02   13.18 ^ _4400_/B_N (sky130_fd_sc_hd__nor2b_1)
     1    0.01    0.58    4.06   17.24 ^ _4400_/Y (sky130_fd_sc_hd__nor2b_1)
                                         _0056_ (net)
                  0.58    0.00   17.24 ^ place849/A (sky130_fd_sc_hd__buf_1)
    56    0.40   17.57   13.30   30.54 ^ place849/X (sky130_fd_sc_hd__buf_1)
                                         net849 (net)
                 17.57    0.09   30.63 ^ _8761_/C (sky130_fd_sc_hd__nand4_1)
     8    0.04    2.66    8.27   38.90 v _8761_/Y (sky130_fd_sc_hd__nand4_1)
                                         _4227_ (net)
                  2.66    0.00   38.90 v _8886_/A2 (sky130_fd_sc_hd__o21ai_0)
     1    0.01    0.90    2.36   41.27 ^ _8886_/Y (sky130_fd_sc_hd__o21ai_0)
                                         _0378_ (net)
                  0.90    0.00   41.27 ^ rv32_soc/instr_xor$_SDFFE_PN0P_/D (sky130_fd_sc_hd__dfxtp_1)
                                 41.27   data arrival time

                         25.00   25.00   clock clk (rise edge)
                          3.24   28.24   clock network delay (propagated)
                          0.00   28.24   clock reconvergence pessimism
                                 28.24 ^ rv32_soc/instr_xor$_SDFFE_PN0P_/CLK (sky130_fd_sc_hd__dfxtp_1)
                         -0.45   27.79   library setup time
                                 27.79   data required time
-----------------------------------------------------------------------------
                                 27.79   data required time
                                -41.27   data arrival time
-----------------------------------------------------------------------------
                                -13.48   slack (VIOLATED)


Startpoint: rv32_soc/decoder_trigger$_DFF_P_
            (rising edge-triggered flip-flop clocked by clk)
Endpoint: rv32_soc/instr_sll$_SDFFE_PN0P_
          (rising edge-triggered flip-flop clocked by clk)
Path Group: clk
Path Type: max
Corner: slow

Fanout     Cap    Slew   Delay    Time   Description
-----------------------------------------------------------------------------
                          0.00    0.00   clock clk (rise edge)
                          3.42    3.42   clock network delay (propagated)
                  0.46    0.00    3.42 ^ rv32_soc/decoder_trigger$_DFF_P_/CLK (sky130_fd_sc_hd__dfxtp_1)
     2    0.01    0.33    1.59    5.01 ^ rv32_soc/decoder_trigger$_DFF_P_/Q (sky130_fd_sc_hd__dfxtp_1)
                                         _0408_ (net)
                  0.33    0.00    5.01 ^ place871/A (sky130_fd_sc_hd__buf_1)
    32    0.24   10.71    8.15   13.16 ^ place871/X (sky130_fd_sc_hd__buf_1)
                                         net871 (net)
                 10.71    0.02   13.18 ^ _4400_/B_N (sky130_fd_sc_hd__nor2b_1)
     1    0.01    0.58    4.06   17.24 ^ _4400_/Y (sky130_fd_sc_hd__nor2b_1)
                                         _0056_ (net)
                  0.58    0.00   17.24 ^ place849/A (sky130_fd_sc_hd__buf_1)
    56    0.40   17.57   13.30   30.54 ^ place849/X (sky130_fd_sc_hd__buf_1)
                                         net849 (net)
                 17.57    0.09   30.63 ^ _8761_/C (sky130_fd_sc_hd__nand4_1)
     8    0.04    2.66    8.27   38.90 v _8761_/Y (sky130_fd_sc_hd__nand4_1)
                                         _4227_ (net)
                  2.66    0.00   38.90 v _8913_/A3 (sky130_fd_sc_hd__o31ai_1)
     1    0.00    0.85    2.41   41.31 ^ _8913_/Y (sky130_fd_sc_hd__o31ai_1)
                                         _0393_ (net)
                  0.85    0.00   41.31 ^ rv32_soc/instr_sll$_SDFFE_PN0P_/D (sky130_fd_sc_hd__dfxtp_1)
                                 41.31   data arrival time

                         25.00   25.00   clock clk (rise edge)
                          3.25   28.25   clock network delay (propagated)
                          0.00   28.25   clock reconvergence pessimism
                                 28.25 ^ rv32_soc/instr_sll$_SDFFE_PN0P_/CLK (sky130_fd_sc_hd__dfxtp_1)
                         -0.42   27.83   library setup time
                                 27.83   data required time
-----------------------------------------------------------------------------
                                 27.83   data required time
                                -41.31   data arrival time
-----------------------------------------------------------------------------
                                -13.48   slack (VIOLATED)


Startpoint: rv32_soc/decoder_trigger$_DFF_P_
            (rising edge-triggered flip-flop clocked by clk)
Endpoint: rv32_soc/instr_sltu$_SDFFE_PN0P_
          (rising edge-triggered flip-flop clocked by clk)
Path Group: clk
Path Type: max
Corner: slow

Fanout     Cap    Slew   Delay    Time   Description
-----------------------------------------------------------------------------
                          0.00    0.00   clock clk (rise edge)
                          3.42    3.42   clock network delay (propagated)
                  0.46    0.00    3.42 ^ rv32_soc/decoder_trigger$_DFF_P_/CLK (sky130_fd_sc_hd__dfxtp_1)
     2    0.01    0.33    1.59    5.01 ^ rv32_soc/decoder_trigger$_DFF_P_/Q (sky130_fd_sc_hd__dfxtp_1)
                                         _0408_ (net)
                  0.33    0.00    5.01 ^ place871/A (sky130_fd_sc_hd__buf_1)
    32    0.24   10.71    8.15   13.16 ^ place871/X (sky130_fd_sc_hd__buf_1)
                                         net871 (net)
                 10.71    0.02   13.18 ^ _4400_/B_N (sky130_fd_sc_hd__nor2b_1)
     1    0.01    0.58    4.06   17.24 ^ _4400_/Y (sky130_fd_sc_hd__nor2b_1)
                                         _0056_ (net)
                  0.58    0.00   17.24 ^ place849/A (sky130_fd_sc_hd__buf_1)
    56    0.40   17.57   13.30   30.54 ^ place849/X (sky130_fd_sc_hd__buf_1)
                                         net849 (net)
                 17.57    0.09   30.63 ^ _8761_/C (sky130_fd_sc_hd__nand4_1)
     8    0.04    2.66    8.27   38.90 v _8761_/Y (sky130_fd_sc_hd__nand4_1)
                                         _4227_ (net)
                  2.66    0.00   38.90 v _8835_/A2 (sky130_fd_sc_hd__o21ai_0)
     1    0.00    0.83    2.29   41.20 ^ _8835_/Y (sky130_fd_sc_hd__o21ai_0)
                                         _0351_ (net)
                  0.83    0.00   41.20 ^ rv32_soc/instr_sltu$_SDFFE_PN0P_/D (sky130_fd_sc_hd__dfxtp_1)
                                 41.20   data arrival time

                         25.00   25.00   clock clk (rise edge)
                          3.24   28.24   clock network delay (propagated)
                          0.00   28.24   clock reconvergence pessimism
                                 28.24 ^ rv32_soc/instr_sltu$_SDFFE_PN0P_/CLK (sky130_fd_sc_hd__dfxtp_1)
                         -0.42   27.82   library setup time
                                 27.82   data required time
-----------------------------------------------------------------------------
                                 27.82   data required time
                                -41.20   data arrival time
-----------------------------------------------------------------------------
                                -13.38   slack (VIOLATED)


Startpoint: rv32_soc/decoder_trigger$_DFF_P_
            (rising edge-triggered flip-flop clocked by clk)
Endpoint: rv32_soc/instr_slt$_SDFFE_PN0P_
          (rising edge-triggered flip-flop clocked by clk)
Path Group: clk
Path Type: max
Corner: slow

Fanout     Cap    Slew   Delay    Time   Description
-----------------------------------------------------------------------------
                          0.00    0.00   clock clk (rise edge)
                          3.42    3.42   clock network delay (propagated)
                  0.46    0.00    3.42 ^ rv32_soc/decoder_trigger$_DFF_P_/CLK (sky130_fd_sc_hd__dfxtp_1)
     2    0.01    0.33    1.59    5.01 ^ rv32_soc/decoder_trigger$_DFF_P_/Q (sky130_fd_sc_hd__dfxtp_1)
                                         _0408_ (net)
                  0.33    0.00    5.01 ^ place871/A (sky130_fd_sc_hd__buf_1)
    32    0.24   10.71    8.15   13.16 ^ place871/X (sky130_fd_sc_hd__buf_1)
                                         net871 (net)
                 10.71    0.02   13.18 ^ _4400_/B_N (sky130_fd_sc_hd__nor2b_1)
     1    0.01    0.58    4.06   17.24 ^ _4400_/Y (sky130_fd_sc_hd__nor2b_1)
                                         _0056_ (net)
                  0.58    0.00   17.24 ^ place849/A (sky130_fd_sc_hd__buf_1)
    56    0.40   17.57   13.30   30.54 ^ place849/X (sky130_fd_sc_hd__buf_1)
                                         net849 (net)
                 17.57    0.09   30.63 ^ _8761_/C (sky130_fd_sc_hd__nand4_1)
     8    0.04    2.66    8.27   38.90 v _8761_/Y (sky130_fd_sc_hd__nand4_1)
                                         _4227_ (net)
                  2.66    0.00   38.90 v _8909_/A2 (sky130_fd_sc_hd__o21ai_0)
     1    0.00    0.83    2.29   41.20 ^ _8909_/Y (sky130_fd_sc_hd__o21ai_0)
                                         _0391_ (net)
                  0.83    0.00   41.20 ^ rv32_soc/instr_slt$_SDFFE_PN0P_/D (sky130_fd_sc_hd__dfxtp_1)
                                 41.20   data arrival time

                         25.00   25.00   clock clk (rise edge)
                          3.25   28.25   clock network delay (propagated)
                          0.00   28.25   clock reconvergence pessimism
                                 28.25 ^ rv32_soc/instr_slt$_SDFFE_PN0P_/CLK (sky130_fd_sc_hd__dfxtp_1)
                         -0.41   27.84   library setup time
                                 27.84   data required time
-----------------------------------------------------------------------------
                                 27.84   data required time
                                -41.20   data arrival time
-----------------------------------------------------------------------------
                                -13.35   slack (VIOLATED)


Startpoint: rv32_soc/decoder_trigger$_DFF_P_
            (rising edge-triggered flip-flop clocked by clk)
Endpoint: rv32_soc/instr_bne$_SDFFE_PN0P_
          (rising edge-triggered flip-flop clocked by clk)
Path Group: clk
Path Type: max
Corner: slow

Fanout     Cap    Slew   Delay    Time   Description
-----------------------------------------------------------------------------
                          0.00    0.00   clock clk (rise edge)
                          3.42    3.42   clock network delay (propagated)
                  0.46    0.00    3.42 ^ rv32_soc/decoder_trigger$_DFF_P_/CLK (sky130_fd_sc_hd__dfxtp_1)
     2    0.01    0.33    1.59    5.01 ^ rv32_soc/decoder_trigger$_DFF_P_/Q (sky130_fd_sc_hd__dfxtp_1)
                                         _0408_ (net)
                  0.33    0.00    5.01 ^ place871/A (sky130_fd_sc_hd__buf_1)
    32    0.24   10.71    8.15   13.16 ^ place871/X (sky130_fd_sc_hd__buf_1)
                                         net871 (net)
                 10.71    0.02   13.18 ^ _4400_/B_N (sky130_fd_sc_hd__nor2b_1)
     1    0.01    0.58    4.06   17.24 ^ _4400_/Y (sky130_fd_sc_hd__nor2b_1)
                                         _0056_ (net)
                  0.58    0.00   17.24 ^ place849/A (sky130_fd_sc_hd__buf_1)
    56    0.40   17.57   13.30   30.54 ^ place849/X (sky130_fd_sc_hd__buf_1)
                                         net849 (net)
                 17.57    0.09   30.63 ^ _8786_/C (sky130_fd_sc_hd__nand3_1)
     6    0.03    2.37    7.78   38.41 v _8786_/Y (sky130_fd_sc_hd__nand3_1)
                                         _4248_ (net)
                  2.37    0.00   38.41 v _8911_/A3 (sky130_fd_sc_hd__o31ai_1)
     1    0.00    1.09    2.45   40.86 ^ _8911_/Y (sky130_fd_sc_hd__o31ai_1)
                                         _0392_ (net)
                  1.09    0.00   40.86 ^ rv32_soc/instr_bne$_SDFFE_PN0P_/D (sky130_fd_sc_hd__dfxtp_1)
                                 40.86   data arrival time

                         25.00   25.00   clock clk (rise edge)
                          3.23   28.23   clock network delay (propagated)
                          0.00   28.23   clock reconvergence pessimism
                                 28.23 ^ rv32_soc/instr_bne$_SDFFE_PN0P_/CLK (sky130_fd_sc_hd__dfxtp_1)
                         -0.53   27.71   library setup time
                                 27.71   data required time
-----------------------------------------------------------------------------
                                 27.71   data required time
                                -40.86   data arrival time
-----------------------------------------------------------------------------
                                -13.15   slack (VIOLATED)


Startpoint: rv32_soc/decoder_trigger$_DFF_P_
            (rising edge-triggered flip-flop clocked by clk)
Endpoint: rv32_soc/instr_srl$_SDFFE_PN0P_
          (rising edge-triggered flip-flop clocked by clk)
Path Group: clk
Path Type: max
Corner: slow

Fanout     Cap    Slew   Delay    Time   Description
-----------------------------------------------------------------------------
                          0.00    0.00   clock clk (rise edge)
                          3.42    3.42   clock network delay (propagated)
                  0.46    0.00    3.42 ^ rv32_soc/decoder_trigger$_DFF_P_/CLK (sky130_fd_sc_hd__dfxtp_1)
     2    0.01    0.33    1.59    5.01 ^ rv32_soc/decoder_trigger$_DFF_P_/Q (sky130_fd_sc_hd__dfxtp_1)
                                         _0408_ (net)
                  0.33    0.00    5.01 ^ place871/A (sky130_fd_sc_hd__buf_1)
    32    0.24   10.71    8.15   13.16 ^ place871/X (sky130_fd_sc_hd__buf_1)
                                         net871 (net)
                 10.71    0.02   13.18 ^ _4400_/B_N (sky130_fd_sc_hd__nor2b_1)
     1    0.01    0.58    4.06   17.24 ^ _4400_/Y (sky130_fd_sc_hd__nor2b_1)
                                         _0056_ (net)
                  0.58    0.00   17.24 ^ place849/A (sky130_fd_sc_hd__buf_1)
    56    0.40   17.57   13.30   30.54 ^ place849/X (sky130_fd_sc_hd__buf_1)
                                         net849 (net)
                 17.57    0.09   30.63 ^ _8761_/C (sky130_fd_sc_hd__nand4_1)
     8    0.04    2.66    8.27   38.90 v _8761_/Y (sky130_fd_sc_hd__nand4_1)
                                         _4227_ (net)
                  2.66    0.00   38.90 v _8904_/A2 (sky130_fd_sc_hd__o21ai_0)
     1    0.00    0.65    2.12   41.03 ^ _8904_/Y (sky130_fd_sc_hd__o21ai_0)
                                         _0388_ (net)
                  0.65    0.00   41.03 ^ rv32_soc/instr_srl$_SDFFE_PN0P_/D (sky130_fd_sc_hd__dfxtp_1)
                                 41.03   data arrival time

                         25.00   25.00   clock clk (rise edge)
                          3.24   28.24   clock network delay (propagated)
                          0.00   28.24   clock reconvergence pessimism
                                 28.24 ^ rv32_soc/instr_srl$_SDFFE_PN0P_/CLK (sky130_fd_sc_hd__dfxtp_1)
                         -0.34   27.89   library setup time
                                 27.89   data required time
-----------------------------------------------------------------------------
                                 27.89   data required time
                                -41.03   data arrival time
-----------------------------------------------------------------------------
                                -13.14   slack (VIOLATED)


Startpoint: rv32_soc/decoder_trigger$_DFF_P_
            (rising edge-triggered flip-flop clocked by clk)
Endpoint: rv32_soc/instr_bltu$_SDFFE_PN0P_
          (rising edge-triggered flip-flop clocked by clk)
Path Group: clk
Path Type: max
Corner: slow

Fanout     Cap    Slew   Delay    Time   Description
-----------------------------------------------------------------------------
                          0.00    0.00   clock clk (rise edge)
                          3.42    3.42   clock network delay (propagated)
                  0.46    0.00    3.42 ^ rv32_soc/decoder_trigger$_DFF_P_/CLK (sky130_fd_sc_hd__dfxtp_1)
     2    0.01    0.33    1.59    5.01 ^ rv32_soc/decoder_trigger$_DFF_P_/Q (sky130_fd_sc_hd__dfxtp_1)
                                         _0408_ (net)
                  0.33    0.00    5.01 ^ place871/A (sky130_fd_sc_hd__buf_1)
    32    0.24   10.71    8.15   13.16 ^ place871/X (sky130_fd_sc_hd__buf_1)
                                         net871 (net)
                 10.71    0.02   13.18 ^ _4400_/B_N (sky130_fd_sc_hd__nor2b_1)
     1    0.01    0.58    4.06   17.24 ^ _4400_/Y (sky130_fd_sc_hd__nor2b_1)
                                         _0056_ (net)
                  0.58    0.00   17.24 ^ place849/A (sky130_fd_sc_hd__buf_1)
    56    0.40   17.57   13.30   30.54 ^ place849/X (sky130_fd_sc_hd__buf_1)
                                         net849 (net)
                 17.57    0.09   30.63 ^ _8786_/C (sky130_fd_sc_hd__nand3_1)
     6    0.03    2.37    7.78   38.41 v _8786_/Y (sky130_fd_sc_hd__nand3_1)
                                         _4248_ (net)
                  2.37    0.00   38.41 v _8921_/A2 (sky130_fd_sc_hd__o21ai_0)
     1    0.00    0.77    2.08   40.50 ^ _8921_/Y (sky130_fd_sc_hd__o21ai_0)
                                         _0398_ (net)
                  0.77    0.00   40.50 ^ rv32_soc/instr_bltu$_SDFFE_PN0P_/D (sky130_fd_sc_hd__dfxtp_1)
                                 40.50   data arrival time

                         25.00   25.00   clock clk (rise edge)
                          3.24   28.24   clock network delay (propagated)
                          0.00   28.24   clock reconvergence pessimism
                                 28.24 ^ rv32_soc/instr_bltu$_SDFFE_PN0P_/CLK (sky130_fd_sc_hd__dfxtp_1)
                         -0.40   27.84   library setup time
                                 27.84   data required time
-----------------------------------------------------------------------------
                                 27.84   data required time
                                -40.50   data arrival time
-----------------------------------------------------------------------------
                                -12.65   slack (VIOLATED)


