[-13.548, -11.757): * (22)
[-11.757,  -9.966): * (10)
[ -9.966,  -8.176): **** (60)
[ -8.176,  -6.385): ***** (75)
[ -6.385,  -4.595): ************************************************** (764)
[ -4.595,  -2.804): *************** (235)
[ -2.804,  -1.014): ************************* (380)
[ -1.014,   0.777): ******************************************** (678)
[  0.777,   2.568): **** (61)
[  2.568,   4.358): ******** (124)
[  4.358,   6.149): ********* (141)
[  6.149,   7.939): ** (35)
[  7.939,   9.730): *** (40)
[  9.730,  11.520): *** (44)
[ 11.520,  13.311): * (9)
[ 13.311,  15.102): ** (25)
[ 15.102,  16.892): * (12)
[ 16.892,  18.683): ** (23)
[ 18.683,  20.473): * (18)
[ 20.473,  22.264]: * (10)
