Startpoint: rv32_soc/mem_do_prefetch$_SDFFE_PP0P_
            (rising edge-triggered flip-flop clocked by clk)
Endpoint: mem_la_addr[5] (output port)
Path Group: unconstrained
Path Type: max
Corner: slow

Fanout     Cap    Slew   Delay    Time   Description
-----------------------------------------------------------------------------
     2    0.23    0.00    0.00    0.00 ^ clk (in)
                                         clk (net)
                  0.17    0.09    0.09 ^ clkbuf_regs_0_clk/A (sky130_fd_sc_hd__clkbuf_16)
     1    0.01    0.11    0.38    0.47 ^ clkbuf_regs_0_clk/X (sky130_fd_sc_hd__clkbuf_16)
                                         clk_regs (net)
                  0.11    0.00    0.47 ^ clkbuf_0_clk_regs/A (sky130_fd_sc_hd__clkbuf_16)
     2    0.03    0.16    0.39    0.85 ^ clkbuf_0_clk_regs/X (sky130_fd_sc_hd__clkbuf_16)
                                         clknet_0_clk_regs (net)
                  0.16    0.00    0.85 ^ clkbuf_1_1_0_clk_regs/A (sky130_fd_sc_hd__clkbuf_16)
     2    0.06    0.26    0.49    1.35 ^ clkbuf_1_1_0_clk_regs/X (sky130_fd_sc_hd__clkbuf_16)
                                         clknet_1_1_0_clk_regs (net)
                  0.26    0.01    1.35 ^ clkbuf_2_2_0_clk_regs/A (sky130_fd_sc_hd__clkbuf_16)
     2    0.04    0.19    0.50    1.86 ^ clkbuf_2_2_0_clk_regs/X (sky130_fd_sc_hd__clkbuf_16)
                                         clknet_2_2_0_clk_regs (net)
                  0.19    0.00    1.86 ^ clkbuf_3_4__f_clk_regs/A (sky130_fd_sc_hd__clkbuf_16)
     8    0.13    0.52    0.70    2.56 ^ clkbuf_3_4__f_clk_regs/X (sky130_fd_sc_hd__clkbuf_16)
                                         clknet_3_4__leaf_clk_regs (net)
                  0.52    0.01    2.57 ^ clkbuf_leaf_54_clk_regs/A (sky130_fd_sc_hd__clkbuf_16)
    27    0.12    0.47    0.84    3.41 ^ clkbuf_leaf_54_clk_regs/X (sky130_fd_sc_hd__clkbuf_16)
                                         clknet_leaf_54_clk_regs (net)
                  0.47    0.01    3.43 ^ rv32_soc/mem_do_prefetch$_SDFFE_PP0P_/CLK (sky130_fd_sc_hd__dfxtp_1)
    10    0.06    1.85    2.72    6.14 ^ rv32_soc/mem_do_prefetch$_SDFFE_PP0P_/Q (sky130_fd_sc_hd__dfxtp_1)
                                         _0890_ (net)
                  1.85    0.00    6.14 ^ _4942_/A (sky130_fd_sc_hd__or2_1)
     1    0.00    0.18    1.07    7.21 ^ _4942_/X (sky130_fd_sc_hd__or2_1)
                                         _0891_ (net)
                  0.18    0.00    7.21 ^ place835/A (sky130_fd_sc_hd__buf_1)
    62    0.32   14.21   10.63   17.84 ^ place835/X (sky130_fd_sc_hd__buf_1)
                                         net835 (net)
                 14.21    0.05   17.89 ^ _5064_/B (sky130_fd_sc_hd__nor2_1)
     1    0.00    1.55    3.90   21.79 v _5064_/Y (sky130_fd_sc_hd__nor2_1)
                                         _0988_ (net)
                  1.55    0.00   21.79 v _5065_/B1 (sky130_fd_sc_hd__a31oi_1)
     3    0.12   10.49    9.01   30.80 ^ _5065_/Y (sky130_fd_sc_hd__a31oi_1)
                                         mem_la_addr[5] (net)
                 10.49    0.03   30.83 ^ mem_la_addr[5] (out)
                                 30.83   data arrival time
-----------------------------------------------------------------------------
(Path is unconstrained)


