[WARNING STA-0503] report_checks -group_count is deprecated. Use -group_path_count instead.
Startpoint: cpu/decoder_trigger$_DFF_P_ (rising edge-triggered flip-flop)
Endpoint: cpu/count_instr[62]$_SDFFE_PN0P_ (rising edge-triggered flip-flop)
Path Group: unconstrained
Path Type: max
Corner: slow

Fanout     Cap    Slew   Delay    Time   Description
-----------------------------------------------------------------------------
                  7.56    0.00    0.00 ^ cpu/decoder_trigger$_DFF_P_/CLK (sky130_fd_sc_hd__dfxtp_1)
    35    0.25    8.16   10.12   10.12 ^ cpu/decoder_trigger$_DFF_P_/Q (sky130_fd_sc_hd__dfxtp_1)
                                         _3425_ (net)
                  8.16    0.01   10.13 ^ _8620_/D (sky130_fd_sc_hd__and4_1)
     4    0.02    0.61    3.80   13.93 ^ _8620_/X (sky130_fd_sc_hd__and4_1)
                                         _4149_ (net)
                  0.61    0.00   13.93 ^ _8621_/D (sky130_fd_sc_hd__and4_1)
     5    0.02    0.71    1.24   15.17 ^ _8621_/X (sky130_fd_sc_hd__and4_1)
                                         _4150_ (net)
                  0.71    0.00   15.18 ^ _8622_/D (sky130_fd_sc_hd__and4_1)
     5    0.02    0.63    1.23   16.40 ^ _8622_/X (sky130_fd_sc_hd__and4_1)
                                         _4151_ (net)
                  0.63    0.00   16.40 ^ _8623_/D (sky130_fd_sc_hd__and4_1)
     5    0.02    0.70    1.25   17.65 ^ _8623_/X (sky130_fd_sc_hd__and4_1)
                                         _4152_ (net)
                  0.70    0.00   17.65 ^ _8624_/D (sky130_fd_sc_hd__and4_1)
     5    0.02    0.74    1.31   18.96 ^ _8624_/X (sky130_fd_sc_hd__and4_1)
                                         _4153_ (net)
                  0.74    0.00   18.96 ^ _8625_/D (sky130_fd_sc_hd__and4_1)
     4    0.02    0.69    1.29   20.25 ^ _8625_/X (sky130_fd_sc_hd__and4_1)
                                         _4154_ (net)
                  0.69    0.00   20.25 ^ _8626_/D (sky130_fd_sc_hd__and4_1)
     5    0.02    0.73    1.29   21.54 ^ _8626_/X (sky130_fd_sc_hd__and4_1)
                                         _4155_ (net)
                  0.73    0.00   21.54 ^ _8627_/D (sky130_fd_sc_hd__and4_1)
     5    0.02    0.70    1.29   22.83 ^ _8627_/X (sky130_fd_sc_hd__and4_1)
                                         _4156_ (net)
                  0.70    0.00   22.83 ^ _8628_/D (sky130_fd_sc_hd__and4_1)
     5    0.02    0.84    1.38   24.21 ^ _8628_/X (sky130_fd_sc_hd__and4_1)
                                         _4157_ (net)
                  0.84    0.00   24.21 ^ _8629_/D (sky130_fd_sc_hd__and4_1)
     5    0.02    0.67    1.31   25.52 ^ _8629_/X (sky130_fd_sc_hd__and4_1)
                                         _4158_ (net)
                  0.67    0.00   25.52 ^ _8630_/D (sky130_fd_sc_hd__and4_1)
     5    0.02    0.82    1.35   26.88 ^ _8630_/X (sky130_fd_sc_hd__and4_1)
                                         _4159_ (net)
                  0.82    0.00   26.88 ^ _8631_/D (sky130_fd_sc_hd__and4_1)
     5    0.02    0.76    1.37   28.25 ^ _8631_/X (sky130_fd_sc_hd__and4_1)
                                         _4160_ (net)
                  0.76    0.00   28.25 ^ _8632_/D (sky130_fd_sc_hd__and4_1)
     5    0.03    0.94    1.48   29.73 ^ _8632_/X (sky130_fd_sc_hd__and4_1)
                                         _4161_ (net)
                  0.94    0.00   29.73 ^ _8633_/D (sky130_fd_sc_hd__nand4_1)
     2    0.01    0.46    0.86   30.59 v _8633_/Y (sky130_fd_sc_hd__nand4_1)
                                         _4162_ (net)
                  0.46    0.00   30.59 v _8634_/D (sky130_fd_sc_hd__nor4_2)
     5    0.02    2.38    2.21   32.80 ^ _8634_/Y (sky130_fd_sc_hd__nor4_2)
                                         _4163_ (net)
                  2.38    0.00   32.80 ^ _8635_/D (sky130_fd_sc_hd__nand4_1)
     5    0.02    0.77    1.67   34.47 v _8635_/Y (sky130_fd_sc_hd__nand4_1)
                                         _4164_ (net)
                  0.77    0.00   34.47 v _8636_/D (sky130_fd_sc_hd__nor4_1)
     4    0.01    2.86    2.75   37.22 ^ _8636_/Y (sky130_fd_sc_hd__nor4_1)
                                         _4165_ (net)
                  2.86    0.00   37.22 ^ _8637_/C (sky130_fd_sc_hd__and3_1)
     5    0.02    0.68    2.03   39.25 ^ _8637_/X (sky130_fd_sc_hd__and3_1)
                                         _4166_ (net)
                  0.68    0.00   39.25 ^ _8638_/D (sky130_fd_sc_hd__and4_1)
     6    0.03    0.91    1.42   40.67 ^ _8638_/X (sky130_fd_sc_hd__and4_1)
                                         _4167_ (net)
                  0.91    0.00   40.67 ^ _8639_/D (sky130_fd_sc_hd__and4_1)
     6    0.02    0.78    1.42   42.10 ^ _8639_/X (sky130_fd_sc_hd__and4_1)
                                         _4168_ (net)
                  0.78    0.00   42.10 ^ _8640_/D (sky130_fd_sc_hd__and4_1)
     4    0.02    0.64    1.26   43.36 ^ _8640_/X (sky130_fd_sc_hd__and4_1)
                                         _4169_ (net)
                  0.64    0.00   43.36 ^ _8641_/B (sky130_fd_sc_hd__and2_0)
     3    0.01    0.56    0.92   44.28 ^ _8641_/X (sky130_fd_sc_hd__and2_0)
                                         _4170_ (net)
                  0.56    0.00   44.28 ^ _8642_/A2 (sky130_fd_sc_hd__o21ai_0)
     1    0.00    0.25    0.45   44.73 v _8642_/Y (sky130_fd_sc_hd__o21ai_0)
                                         _4171_ (net)
                  0.25    0.00   44.73 v _8643_/B1 (sky130_fd_sc_hd__a21oi_1)
     1    0.00    0.36    0.51   45.24 ^ _8643_/Y (sky130_fd_sc_hd__a21oi_1)
                                         _0293_ (net)
                  0.36    0.00   45.24 ^ cpu/count_instr[62]$_SDFFE_PN0P_/D (sky130_fd_sc_hd__dfxtp_1)
                                 45.24   data arrival time
-----------------------------------------------------------------------------
(Path is unconstrained)


Startpoint: cpu/decoder_trigger$_DFF_P_ (rising edge-triggered flip-flop)
Endpoint: cpu/count_instr[63]$_SDFFE_PN0P_ (rising edge-triggered flip-flop)
Path Group: unconstrained
Path Type: max
Corner: slow

Fanout     Cap    Slew   Delay    Time   Description
-----------------------------------------------------------------------------
                  7.56    0.00    0.00 ^ cpu/decoder_trigger$_DFF_P_/CLK (sky130_fd_sc_hd__dfxtp_1)
    35    0.25    8.16   10.12   10.12 ^ cpu/decoder_trigger$_DFF_P_/Q (sky130_fd_sc_hd__dfxtp_1)
                                         _3425_ (net)
                  8.16    0.01   10.13 ^ _8620_/D (sky130_fd_sc_hd__and4_1)
     4    0.02    0.61    3.80   13.93 ^ _8620_/X (sky130_fd_sc_hd__and4_1)
                                         _4149_ (net)
                  0.61    0.00   13.93 ^ _8621_/D (sky130_fd_sc_hd__and4_1)
     5    0.02    0.71    1.24   15.17 ^ _8621_/X (sky130_fd_sc_hd__and4_1)
                                         _4150_ (net)
                  0.71    0.00   15.18 ^ _8622_/D (sky130_fd_sc_hd__and4_1)
     5    0.02    0.63    1.23   16.40 ^ _8622_/X (sky130_fd_sc_hd__and4_1)
                                         _4151_ (net)
                  0.63    0.00   16.40 ^ _8623_/D (sky130_fd_sc_hd__and4_1)
     5    0.02    0.70    1.25   17.65 ^ _8623_/X (sky130_fd_sc_hd__and4_1)
                                         _4152_ (net)
                  0.70    0.00   17.65 ^ _8624_/D (sky130_fd_sc_hd__and4_1)
     5    0.02    0.74    1.31   18.96 ^ _8624_/X (sky130_fd_sc_hd__and4_1)
                                         _4153_ (net)
                  0.74    0.00   18.96 ^ _8625_/D (sky130_fd_sc_hd__and4_1)
     4    0.02    0.69    1.29   20.25 ^ _8625_/X (sky130_fd_sc_hd__and4_1)
                                         _4154_ (net)
                  0.69    0.00   20.25 ^ _8626_/D (sky130_fd_sc_hd__and4_1)
     5    0.02    0.73    1.29   21.54 ^ _8626_/X (sky130_fd_sc_hd__and4_1)
                                         _4155_ (net)
                  0.73    0.00   21.54 ^ _8627_/D (sky130_fd_sc_hd__and4_1)
     5    0.02    0.70    1.29   22.83 ^ _8627_/X (sky130_fd_sc_hd__and4_1)
                                         _4156_ (net)
                  0.70    0.00   22.83 ^ _8628_/D (sky130_fd_sc_hd__and4_1)
     5    0.02    0.84    1.38   24.21 ^ _8628_/X (sky130_fd_sc_hd__and4_1)
                                         _4157_ (net)
                  0.84    0.00   24.21 ^ _8629_/D (sky130_fd_sc_hd__and4_1)
     5    0.02    0.67    1.31   25.52 ^ _8629_/X (sky130_fd_sc_hd__and4_1)
                                         _4158_ (net)
                  0.67    0.00   25.52 ^ _8630_/D (sky130_fd_sc_hd__and4_1)
     5    0.02    0.82    1.35   26.88 ^ _8630_/X (sky130_fd_sc_hd__and4_1)
                                         _4159_ (net)
                  0.82    0.00   26.88 ^ _8631_/D (sky130_fd_sc_hd__and4_1)
     5    0.02    0.76    1.37   28.25 ^ _8631_/X (sky130_fd_sc_hd__and4_1)
                                         _4160_ (net)
                  0.76    0.00   28.25 ^ _8632_/D (sky130_fd_sc_hd__and4_1)
     5    0.03    0.94    1.48   29.73 ^ _8632_/X (sky130_fd_sc_hd__and4_1)
                                         _4161_ (net)
                  0.94    0.00   29.73 ^ _8633_/D (sky130_fd_sc_hd__nand4_1)
     2    0.01    0.46    0.86   30.59 v _8633_/Y (sky130_fd_sc_hd__nand4_1)
                                         _4162_ (net)
                  0.46    0.00   30.59 v _8634_/D (sky130_fd_sc_hd__nor4_2)
     5    0.02    2.38    2.21   32.80 ^ _8634_/Y (sky130_fd_sc_hd__nor4_2)
                                         _4163_ (net)
                  2.38    0.00   32.80 ^ _8635_/D (sky130_fd_sc_hd__nand4_1)
     5    0.02    0.77    1.67   34.47 v _8635_/Y (sky130_fd_sc_hd__nand4_1)
                                         _4164_ (net)
                  0.77    0.00   34.47 v _8636_/D (sky130_fd_sc_hd__nor4_1)
     4    0.01    2.86    2.75   37.22 ^ _8636_/Y (sky130_fd_sc_hd__nor4_1)
                                         _4165_ (net)
                  2.86    0.00   37.22 ^ _8637_/C (sky130_fd_sc_hd__and3_1)
     5    0.02    0.68    2.03   39.25 ^ _8637_/X (sky130_fd_sc_hd__and3_1)
                                         _4166_ (net)
                  0.68    0.00   39.25 ^ _8638_/D (sky130_fd_sc_hd__and4_1)
     6    0.03    0.91    1.42   40.67 ^ _8638_/X (sky130_fd_sc_hd__and4_1)
                                         _4167_ (net)
                  0.91    0.00   40.67 ^ _8639_/D (sky130_fd_sc_hd__and4_1)
     6    0.02    0.78    1.42   42.10 ^ _8639_/X (sky130_fd_sc_hd__and4_1)
                                         _4168_ (net)
                  0.78    0.00   42.10 ^ _8640_/D (sky130_fd_sc_hd__and4_1)
     4    0.02    0.64    1.26   43.36 ^ _8640_/X (sky130_fd_sc_hd__and4_1)
                                         _4169_ (net)
                  0.64    0.00   43.36 ^ _8824_/C (sky130_fd_sc_hd__nand3_1)
     1    0.01    0.25    0.54   43.90 v _8824_/Y (sky130_fd_sc_hd__nand3_1)
                                         _4287_ (net)
                  0.25    0.00   43.90 v _8825_/B (sky130_fd_sc_hd__xor2_1)
     1    0.00    0.12    0.69   44.59 v _8825_/X (sky130_fd_sc_hd__xor2_1)
                                         _4288_ (net)
                  0.12    0.00   44.59 v _8826_/B (sky130_fd_sc_hd__nor2_1)
     1    0.00    0.37    0.34   44.93 ^ _8826_/Y (sky130_fd_sc_hd__nor2_1)
                                         _0359_ (net)
                  0.37    0.00   44.93 ^ cpu/count_instr[63]$_SDFFE_PN0P_/D (sky130_fd_sc_hd__dfxtp_1)
                                 44.93   data arrival time
-----------------------------------------------------------------------------
(Path is unconstrained)


Startpoint: cpu/decoder_trigger$_DFF_P_ (rising edge-triggered flip-flop)
Endpoint: cpu/count_instr[61]$_SDFFE_PN0P_ (rising edge-triggered flip-flop)
Path Group: unconstrained
Path Type: max
Corner: slow

Fanout     Cap    Slew   Delay    Time   Description
-----------------------------------------------------------------------------
                  7.56    0.00    0.00 ^ cpu/decoder_trigger$_DFF_P_/CLK (sky130_fd_sc_hd__dfxtp_1)
    35    0.25    8.16   10.12   10.12 ^ cpu/decoder_trigger$_DFF_P_/Q (sky130_fd_sc_hd__dfxtp_1)
                                         _3425_ (net)
                  8.16    0.01   10.13 ^ _8620_/D (sky130_fd_sc_hd__and4_1)
     4    0.02    0.61    3.80   13.93 ^ _8620_/X (sky130_fd_sc_hd__and4_1)
                                         _4149_ (net)
                  0.61    0.00   13.93 ^ _8621_/D (sky130_fd_sc_hd__and4_1)
     5    0.02    0.71    1.24   15.17 ^ _8621_/X (sky130_fd_sc_hd__and4_1)
                                         _4150_ (net)
                  0.71    0.00   15.18 ^ _8622_/D (sky130_fd_sc_hd__and4_1)
     5    0.02    0.63    1.23   16.40 ^ _8622_/X (sky130_fd_sc_hd__and4_1)
                                         _4151_ (net)
                  0.63    0.00   16.40 ^ _8623_/D (sky130_fd_sc_hd__and4_1)
     5    0.02    0.70    1.25   17.65 ^ _8623_/X (sky130_fd_sc_hd__and4_1)
                                         _4152_ (net)
                  0.70    0.00   17.65 ^ _8624_/D (sky130_fd_sc_hd__and4_1)
     5    0.02    0.74    1.31   18.96 ^ _8624_/X (sky130_fd_sc_hd__and4_1)
                                         _4153_ (net)
                  0.74    0.00   18.96 ^ _8625_/D (sky130_fd_sc_hd__and4_1)
     4    0.02    0.69    1.29   20.25 ^ _8625_/X (sky130_fd_sc_hd__and4_1)
                                         _4154_ (net)
                  0.69    0.00   20.25 ^ _8626_/D (sky130_fd_sc_hd__and4_1)
     5    0.02    0.73    1.29   21.54 ^ _8626_/X (sky130_fd_sc_hd__and4_1)
                                         _4155_ (net)
                  0.73    0.00   21.54 ^ _8627_/D (sky130_fd_sc_hd__and4_1)
     5    0.02    0.70    1.29   22.83 ^ _8627_/X (sky130_fd_sc_hd__and4_1)
                                         _4156_ (net)
                  0.70    0.00   22.83 ^ _8628_/D (sky130_fd_sc_hd__and4_1)
     5    0.02    0.84    1.38   24.21 ^ _8628_/X (sky130_fd_sc_hd__and4_1)
                                         _4157_ (net)
                  0.84    0.00   24.21 ^ _8629_/D (sky130_fd_sc_hd__and4_1)
     5    0.02    0.67    1.31   25.52 ^ _8629_/X (sky130_fd_sc_hd__and4_1)
                                         _4158_ (net)
                  0.67    0.00   25.52 ^ _8630_/D (sky130_fd_sc_hd__and4_1)
     5    0.02    0.82    1.35   26.88 ^ _8630_/X (sky130_fd_sc_hd__and4_1)
                                         _4159_ (net)
                  0.82    0.00   26.88 ^ _8631_/D (sky130_fd_sc_hd__and4_1)
     5    0.02    0.76    1.37   28.25 ^ _8631_/X (sky130_fd_sc_hd__and4_1)
                                         _4160_ (net)
                  0.76    0.00   28.25 ^ _8632_/D (sky130_fd_sc_hd__and4_1)
     5    0.03    0.94    1.48   29.73 ^ _8632_/X (sky130_fd_sc_hd__and4_1)
                                         _4161_ (net)
                  0.94    0.00   29.73 ^ _8633_/D (sky130_fd_sc_hd__nand4_1)
     2    0.01    0.46    0.86   30.59 v _8633_/Y (sky130_fd_sc_hd__nand4_1)
                                         _4162_ (net)
                  0.46    0.00   30.59 v _8634_/D (sky130_fd_sc_hd__nor4_2)
     5    0.02    2.38    2.21   32.80 ^ _8634_/Y (sky130_fd_sc_hd__nor4_2)
                                         _4163_ (net)
                  2.38    0.00   32.80 ^ _8635_/D (sky130_fd_sc_hd__nand4_1)
     5    0.02    0.77    1.67   34.47 v _8635_/Y (sky130_fd_sc_hd__nand4_1)
                                         _4164_ (net)
                  0.77    0.00   34.47 v _8636_/D (sky130_fd_sc_hd__nor4_1)
     4    0.01    2.86    2.75   37.22 ^ _8636_/Y (sky130_fd_sc_hd__nor4_1)
                                         _4165_ (net)
                  2.86    0.00   37.22 ^ _8637_/C (sky130_fd_sc_hd__and3_1)
     5    0.02    0.68    2.03   39.25 ^ _8637_/X (sky130_fd_sc_hd__and3_1)
                                         _4166_ (net)
                  0.68    0.00   39.25 ^ _8638_/D (sky130_fd_sc_hd__and4_1)
     6    0.03    0.91    1.42   40.67 ^ _8638_/X (sky130_fd_sc_hd__and4_1)
                                         _4167_ (net)
                  0.91    0.00   40.67 ^ _8639_/D (sky130_fd_sc_hd__and4_1)
     6    0.02    0.78    1.42   42.10 ^ _8639_/X (sky130_fd_sc_hd__and4_1)
                                         _4168_ (net)
                  0.78    0.00   42.10 ^ _8640_/D (sky130_fd_sc_hd__and4_1)
     4    0.02    0.64    1.26   43.36 ^ _8640_/X (sky130_fd_sc_hd__and4_1)
                                         _4169_ (net)
                  0.64    0.00   43.36 ^ _8641_/B (sky130_fd_sc_hd__and2_0)
     3    0.01    0.56    0.92   44.28 ^ _8641_/X (sky130_fd_sc_hd__and2_0)
                                         _4170_ (net)
                  0.56    0.00   44.28 ^ _8645_/A (sky130_fd_sc_hd__nor2_1)
     1    0.00    0.12    0.34   44.63 v _8645_/Y (sky130_fd_sc_hd__nor2_1)
                                         _0294_ (net)
                  0.12    0.00   44.63 v cpu/count_instr[61]$_SDFFE_PN0P_/D (sky130_fd_sc_hd__dfxtp_1)
                                 44.63   data arrival time
-----------------------------------------------------------------------------
(Path is unconstrained)


Startpoint: cpu/decoder_trigger$_DFF_P_ (rising edge-triggered flip-flop)
Endpoint: cpu/count_instr[60]$_SDFFE_PN0P_ (rising edge-triggered flip-flop)
Path Group: unconstrained
Path Type: max
Corner: slow

Fanout     Cap    Slew   Delay    Time   Description
-----------------------------------------------------------------------------
                  7.56    0.00    0.00 ^ cpu/decoder_trigger$_DFF_P_/CLK (sky130_fd_sc_hd__dfxtp_1)
    35    0.25    8.16   10.12   10.12 ^ cpu/decoder_trigger$_DFF_P_/Q (sky130_fd_sc_hd__dfxtp_1)
                                         _3425_ (net)
                  8.16    0.01   10.13 ^ _8620_/D (sky130_fd_sc_hd__and4_1)
     4    0.02    0.61    3.80   13.93 ^ _8620_/X (sky130_fd_sc_hd__and4_1)
                                         _4149_ (net)
                  0.61    0.00   13.93 ^ _8621_/D (sky130_fd_sc_hd__and4_1)
     5    0.02    0.71    1.24   15.17 ^ _8621_/X (sky130_fd_sc_hd__and4_1)
                                         _4150_ (net)
                  0.71    0.00   15.18 ^ _8622_/D (sky130_fd_sc_hd__and4_1)
     5    0.02    0.63    1.23   16.40 ^ _8622_/X (sky130_fd_sc_hd__and4_1)
                                         _4151_ (net)
                  0.63    0.00   16.40 ^ _8623_/D (sky130_fd_sc_hd__and4_1)
     5    0.02    0.70    1.25   17.65 ^ _8623_/X (sky130_fd_sc_hd__and4_1)
                                         _4152_ (net)
                  0.70    0.00   17.65 ^ _8624_/D (sky130_fd_sc_hd__and4_1)
     5    0.02    0.74    1.31   18.96 ^ _8624_/X (sky130_fd_sc_hd__and4_1)
                                         _4153_ (net)
                  0.74    0.00   18.96 ^ _8625_/D (sky130_fd_sc_hd__and4_1)
     4    0.02    0.69    1.29   20.25 ^ _8625_/X (sky130_fd_sc_hd__and4_1)
                                         _4154_ (net)
                  0.69    0.00   20.25 ^ _8626_/D (sky130_fd_sc_hd__and4_1)
     5    0.02    0.73    1.29   21.54 ^ _8626_/X (sky130_fd_sc_hd__and4_1)
                                         _4155_ (net)
                  0.73    0.00   21.54 ^ _8627_/D (sky130_fd_sc_hd__and4_1)
     5    0.02    0.70    1.29   22.83 ^ _8627_/X (sky130_fd_sc_hd__and4_1)
                                         _4156_ (net)
                  0.70    0.00   22.83 ^ _8628_/D (sky130_fd_sc_hd__and4_1)
     5    0.02    0.84    1.38   24.21 ^ _8628_/X (sky130_fd_sc_hd__and4_1)
                                         _4157_ (net)
                  0.84    0.00   24.21 ^ _8629_/D (sky130_fd_sc_hd__and4_1)
     5    0.02    0.67    1.31   25.52 ^ _8629_/X (sky130_fd_sc_hd__and4_1)
                                         _4158_ (net)
                  0.67    0.00   25.52 ^ _8630_/D (sky130_fd_sc_hd__and4_1)
     5    0.02    0.82    1.35   26.88 ^ _8630_/X (sky130_fd_sc_hd__and4_1)
                                         _4159_ (net)
                  0.82    0.00   26.88 ^ _8631_/D (sky130_fd_sc_hd__and4_1)
     5    0.02    0.76    1.37   28.25 ^ _8631_/X (sky130_fd_sc_hd__and4_1)
                                         _4160_ (net)
                  0.76    0.00   28.25 ^ _8632_/D (sky130_fd_sc_hd__and4_1)
     5    0.03    0.94    1.48   29.73 ^ _8632_/X (sky130_fd_sc_hd__and4_1)
                                         _4161_ (net)
                  0.94    0.00   29.73 ^ _8633_/D (sky130_fd_sc_hd__nand4_1)
     2    0.01    0.46    0.86   30.59 v _8633_/Y (sky130_fd_sc_hd__nand4_1)
                                         _4162_ (net)
                  0.46    0.00   30.59 v _8634_/D (sky130_fd_sc_hd__nor4_2)
     5    0.02    2.38    2.21   32.80 ^ _8634_/Y (sky130_fd_sc_hd__nor4_2)
                                         _4163_ (net)
                  2.38    0.00   32.80 ^ _8635_/D (sky130_fd_sc_hd__nand4_1)
     5    0.02    0.77    1.67   34.47 v _8635_/Y (sky130_fd_sc_hd__nand4_1)
                                         _4164_ (net)
                  0.77    0.00   34.47 v _8636_/D (sky130_fd_sc_hd__nor4_1)
     4    0.01    2.86    2.75   37.22 ^ _8636_/Y (sky130_fd_sc_hd__nor4_1)
                                         _4165_ (net)
                  2.86    0.00   37.22 ^ _8637_/C (sky130_fd_sc_hd__and3_1)
     5    0.02    0.68    2.03   39.25 ^ _8637_/X (sky130_fd_sc_hd__and3_1)
                                         _4166_ (net)
                  0.68    0.00   39.25 ^ _8638_/D (sky130_fd_sc_hd__and4_1)
     6    0.03    0.91    1.42   40.67 ^ _8638_/X (sky130_fd_sc_hd__and4_1)
                                         _4167_ (net)
                  0.91    0.00   40.67 ^ _8639_/D (sky130_fd_sc_hd__and4_1)
     6    0.02    0.78    1.42   42.10 ^ _8639_/X (sky130_fd_sc_hd__and4_1)
                                         _4168_ (net)
                  0.78    0.00   42.10 ^ _8640_/D (sky130_fd_sc_hd__and4_1)
     4    0.02    0.64    1.26   43.36 ^ _8640_/X (sky130_fd_sc_hd__and4_1)
                                         _4169_ (net)
                  0.64    0.00   43.36 ^ _8648_/A (sky130_fd_sc_hd__nor2_1)
     1    0.00    0.12    0.35   43.71 v _8648_/Y (sky130_fd_sc_hd__nor2_1)
                                         _0295_ (net)
                  0.12    0.00   43.71 v cpu/count_instr[60]$_SDFFE_PN0P_/D (sky130_fd_sc_hd__dfxtp_1)
                                 43.71   data arrival time
-----------------------------------------------------------------------------
(Path is unconstrained)


Startpoint: cpu/decoder_trigger$_DFF_P_ (rising edge-triggered flip-flop)
Endpoint: cpu/count_instr[59]$_SDFFE_PN0P_ (rising edge-triggered flip-flop)
Path Group: unconstrained
Path Type: max
Corner: slow

Fanout     Cap    Slew   Delay    Time   Description
-----------------------------------------------------------------------------
                  7.56    0.00    0.00 ^ cpu/decoder_trigger$_DFF_P_/CLK (sky130_fd_sc_hd__dfxtp_1)
    35    0.25    8.16   10.12   10.12 ^ cpu/decoder_trigger$_DFF_P_/Q (sky130_fd_sc_hd__dfxtp_1)
                                         _3425_ (net)
                  8.16    0.01   10.13 ^ _8620_/D (sky130_fd_sc_hd__and4_1)
     4    0.02    0.61    3.80   13.93 ^ _8620_/X (sky130_fd_sc_hd__and4_1)
                                         _4149_ (net)
                  0.61    0.00   13.93 ^ _8621_/D (sky130_fd_sc_hd__and4_1)
     5    0.02    0.71    1.24   15.17 ^ _8621_/X (sky130_fd_sc_hd__and4_1)
                                         _4150_ (net)
                  0.71    0.00   15.18 ^ _8622_/D (sky130_fd_sc_hd__and4_1)
     5    0.02    0.63    1.23   16.40 ^ _8622_/X (sky130_fd_sc_hd__and4_1)
                                         _4151_ (net)
                  0.63    0.00   16.40 ^ _8623_/D (sky130_fd_sc_hd__and4_1)
     5    0.02    0.70    1.25   17.65 ^ _8623_/X (sky130_fd_sc_hd__and4_1)
                                         _4152_ (net)
                  0.70    0.00   17.65 ^ _8624_/D (sky130_fd_sc_hd__and4_1)
     5    0.02    0.74    1.31   18.96 ^ _8624_/X (sky130_fd_sc_hd__and4_1)
                                         _4153_ (net)
                  0.74    0.00   18.96 ^ _8625_/D (sky130_fd_sc_hd__and4_1)
     4    0.02    0.69    1.29   20.25 ^ _8625_/X (sky130_fd_sc_hd__and4_1)
                                         _4154_ (net)
                  0.69    0.00   20.25 ^ _8626_/D (sky130_fd_sc_hd__and4_1)
     5    0.02    0.73    1.29   21.54 ^ _8626_/X (sky130_fd_sc_hd__and4_1)
                                         _4155_ (net)
                  0.73    0.00   21.54 ^ _8627_/D (sky130_fd_sc_hd__and4_1)
     5    0.02    0.70    1.29   22.83 ^ _8627_/X (sky130_fd_sc_hd__and4_1)
                                         _4156_ (net)
                  0.70    0.00   22.83 ^ _8628_/D (sky130_fd_sc_hd__and4_1)
     5    0.02    0.84    1.38   24.21 ^ _8628_/X (sky130_fd_sc_hd__and4_1)
                                         _4157_ (net)
                  0.84    0.00   24.21 ^ _8629_/D (sky130_fd_sc_hd__and4_1)
     5    0.02    0.67    1.31   25.52 ^ _8629_/X (sky130_fd_sc_hd__and4_1)
                                         _4158_ (net)
                  0.67    0.00   25.52 ^ _8630_/D (sky130_fd_sc_hd__and4_1)
     5    0.02    0.82    1.35   26.88 ^ _8630_/X (sky130_fd_sc_hd__and4_1)
                                         _4159_ (net)
                  0.82    0.00   26.88 ^ _8631_/D (sky130_fd_sc_hd__and4_1)
     5    0.02    0.76    1.37   28.25 ^ _8631_/X (sky130_fd_sc_hd__and4_1)
                                         _4160_ (net)
                  0.76    0.00   28.25 ^ _8632_/D (sky130_fd_sc_hd__and4_1)
     5    0.03    0.94    1.48   29.73 ^ _8632_/X (sky130_fd_sc_hd__and4_1)
                                         _4161_ (net)
                  0.94    0.00   29.73 ^ _8633_/D (sky130_fd_sc_hd__nand4_1)
     2    0.01    0.46    0.86   30.59 v _8633_/Y (sky130_fd_sc_hd__nand4_1)
                                         _4162_ (net)
                  0.46    0.00   30.59 v _8634_/D (sky130_fd_sc_hd__nor4_2)
     5    0.02    2.38    2.21   32.80 ^ _8634_/Y (sky130_fd_sc_hd__nor4_2)
                                         _4163_ (net)
                  2.38    0.00   32.80 ^ _8635_/D (sky130_fd_sc_hd__nand4_1)
     5    0.02    0.77    1.67   34.47 v _8635_/Y (sky130_fd_sc_hd__nand4_1)
                                         _4164_ (net)
                  0.77    0.00   34.47 v _8636_/D (sky130_fd_sc_hd__nor4_1)
     4    0.01    2.86    2.75   37.22 ^ _8636_/Y (sky130_fd_sc_hd__nor4_1)
                                         _4165_ (net)
                  2.86    0.00   37.22 ^ _8637_/C (sky130_fd_sc_hd__and3_1)
     5    0.02    0.68    2.03   39.25 ^ _8637_/X (sky130_fd_sc_hd__and3_1)
                                         _4166_ (net)
                  0.68    0.00   39.25 ^ _8638_/D (sky130_fd_sc_hd__and4_1)
     6    0.03    0.91    1.42   40.67 ^ _8638_/X (sky130_fd_sc_hd__and4_1)
                                         _4167_ (net)
                  0.91    0.00   40.67 ^ _8639_/D (sky130_fd_sc_hd__and4_1)
     6    0.02    0.78    1.42   42.10 ^ _8639_/X (sky130_fd_sc_hd__and4_1)
                                         _4168_ (net)
                  0.78    0.00   42.10 ^ _8649_/A2 (sky130_fd_sc_hd__a21oi_1)
     1    0.00    0.15    0.50   42.60 v _8649_/Y (sky130_fd_sc_hd__a21oi_1)
                                         _4175_ (net)
                  0.15    0.00   42.60 v _8650_/C (sky130_fd_sc_hd__nor3_1)
     1    0.00    0.62    0.61   43.21 ^ _8650_/Y (sky130_fd_sc_hd__nor3_1)
                                         _0296_ (net)
                  0.62    0.00   43.21 ^ cpu/count_instr[59]$_SDFFE_PN0P_/D (sky130_fd_sc_hd__dfxtp_1)
                                 43.21   data arrival time
-----------------------------------------------------------------------------
(Path is unconstrained)


Startpoint: cpu/decoder_trigger$_DFF_P_ (rising edge-triggered flip-flop)
Endpoint: cpu/count_instr[58]$_SDFFE_PN0P_ (rising edge-triggered flip-flop)
Path Group: unconstrained
Path Type: max
Corner: slow

Fanout     Cap    Slew   Delay    Time   Description
-----------------------------------------------------------------------------
                  7.56    0.00    0.00 ^ cpu/decoder_trigger$_DFF_P_/CLK (sky130_fd_sc_hd__dfxtp_1)
    35    0.25    8.16   10.12   10.12 ^ cpu/decoder_trigger$_DFF_P_/Q (sky130_fd_sc_hd__dfxtp_1)
                                         _3425_ (net)
                  8.16    0.01   10.13 ^ _8620_/D (sky130_fd_sc_hd__and4_1)
     4    0.02    0.61    3.80   13.93 ^ _8620_/X (sky130_fd_sc_hd__and4_1)
                                         _4149_ (net)
                  0.61    0.00   13.93 ^ _8621_/D (sky130_fd_sc_hd__and4_1)
     5    0.02    0.71    1.24   15.17 ^ _8621_/X (sky130_fd_sc_hd__and4_1)
                                         _4150_ (net)
                  0.71    0.00   15.18 ^ _8622_/D (sky130_fd_sc_hd__and4_1)
     5    0.02    0.63    1.23   16.40 ^ _8622_/X (sky130_fd_sc_hd__and4_1)
                                         _4151_ (net)
                  0.63    0.00   16.40 ^ _8623_/D (sky130_fd_sc_hd__and4_1)
     5    0.02    0.70    1.25   17.65 ^ _8623_/X (sky130_fd_sc_hd__and4_1)
                                         _4152_ (net)
                  0.70    0.00   17.65 ^ _8624_/D (sky130_fd_sc_hd__and4_1)
     5    0.02    0.74    1.31   18.96 ^ _8624_/X (sky130_fd_sc_hd__and4_1)
                                         _4153_ (net)
                  0.74    0.00   18.96 ^ _8625_/D (sky130_fd_sc_hd__and4_1)
     4    0.02    0.69    1.29   20.25 ^ _8625_/X (sky130_fd_sc_hd__and4_1)
                                         _4154_ (net)
                  0.69    0.00   20.25 ^ _8626_/D (sky130_fd_sc_hd__and4_1)
     5    0.02    0.73    1.29   21.54 ^ _8626_/X (sky130_fd_sc_hd__and4_1)
                                         _4155_ (net)
                  0.73    0.00   21.54 ^ _8627_/D (sky130_fd_sc_hd__and4_1)
     5    0.02    0.70    1.29   22.83 ^ _8627_/X (sky130_fd_sc_hd__and4_1)
                                         _4156_ (net)
                  0.70    0.00   22.83 ^ _8628_/D (sky130_fd_sc_hd__and4_1)
     5    0.02    0.84    1.38   24.21 ^ _8628_/X (sky130_fd_sc_hd__and4_1)
                                         _4157_ (net)
                  0.84    0.00   24.21 ^ _8629_/D (sky130_fd_sc_hd__and4_1)
     5    0.02    0.67    1.31   25.52 ^ _8629_/X (sky130_fd_sc_hd__and4_1)
                                         _4158_ (net)
                  0.67    0.00   25.52 ^ _8630_/D (sky130_fd_sc_hd__and4_1)
     5    0.02    0.82    1.35   26.88 ^ _8630_/X (sky130_fd_sc_hd__and4_1)
                                         _4159_ (net)
                  0.82    0.00   26.88 ^ _8631_/D (sky130_fd_sc_hd__and4_1)
     5    0.02    0.76    1.37   28.25 ^ _8631_/X (sky130_fd_sc_hd__and4_1)
                                         _4160_ (net)
                  0.76    0.00   28.25 ^ _8632_/D (sky130_fd_sc_hd__and4_1)
     5    0.03    0.94    1.48   29.73 ^ _8632_/X (sky130_fd_sc_hd__and4_1)
                                         _4161_ (net)
                  0.94    0.00   29.73 ^ _8633_/D (sky130_fd_sc_hd__nand4_1)
     2    0.01    0.46    0.86   30.59 v _8633_/Y (sky130_fd_sc_hd__nand4_1)
                                         _4162_ (net)
                  0.46    0.00   30.59 v _8634_/D (sky130_fd_sc_hd__nor4_2)
     5    0.02    2.38    2.21   32.80 ^ _8634_/Y (sky130_fd_sc_hd__nor4_2)
                                         _4163_ (net)
                  2.38    0.00   32.80 ^ _8635_/D (sky130_fd_sc_hd__nand4_1)
     5    0.02    0.77    1.67   34.47 v _8635_/Y (sky130_fd_sc_hd__nand4_1)
                                         _4164_ (net)
                  0.77    0.00   34.47 v _8636_/D (sky130_fd_sc_hd__nor4_1)
     4    0.01    2.86    2.75   37.22 ^ _8636_/Y (sky130_fd_sc_hd__nor4_1)
                                         _4165_ (net)
                  2.86    0.00   37.22 ^ _8637_/C (sky130_fd_sc_hd__and3_1)
     5    0.02    0.68    2.03   39.25 ^ _8637_/X (sky130_fd_sc_hd__and3_1)
                                         _4166_ (net)
                  0.68    0.00   39.25 ^ _8638_/D (sky130_fd_sc_hd__and4_1)
     6    0.03    0.91    1.42   40.67 ^ _8638_/X (sky130_fd_sc_hd__and4_1)
                                         _4167_ (net)
                  0.91    0.00   40.67 ^ _8639_/D (sky130_fd_sc_hd__and4_1)
     6    0.02    0.78    1.42   42.10 ^ _8639_/X (sky130_fd_sc_hd__and4_1)
                                         _4168_ (net)
                  0.78    0.00   42.10 ^ _8654_/A2 (sky130_fd_sc_hd__o21ai_0)
     1    0.00    0.21    0.51   42.61 v _8654_/Y (sky130_fd_sc_hd__o21ai_0)
                                         _4178_ (net)
                  0.21    0.00   42.61 v _8655_/B1 (sky130_fd_sc_hd__a21oi_1)
     1    0.00    0.51    0.60   43.21 ^ _8655_/Y (sky130_fd_sc_hd__a21oi_1)
                                         _0298_ (net)
                  0.51    0.00   43.21 ^ cpu/count_instr[58]$_SDFFE_PN0P_/D (sky130_fd_sc_hd__dfxtp_1)
                                 43.21   data arrival time
-----------------------------------------------------------------------------
(Path is unconstrained)


Startpoint: cpu/latched_store$_SDFFE_PN0P_ (rising edge-triggered flip-flop)
Endpoint: cpu/reg_next_pc[31]$_SDFFE_PN0P_ (rising edge-triggered flip-flop)
Path Group: unconstrained
Path Type: max
Corner: slow

Fanout     Cap    Slew   Delay    Time   Description
-----------------------------------------------------------------------------
                  7.55    0.00    0.00 ^ cpu/latched_store$_SDFFE_PN0P_/CLK (sky130_fd_sc_hd__dfxtp_1)
     6    0.03    1.11    4.98    4.98 ^ cpu/latched_store$_SDFFE_PN0P_/Q (sky130_fd_sc_hd__dfxtp_1)
                                         cpu/latched_store (net)
                  1.11    0.00    4.98 ^ _5589_/A (sky130_fd_sc_hd__and2_0)
     3    0.01    0.64    1.18    6.17 ^ _5589_/X (sky130_fd_sc_hd__and2_0)
                                         _1532_ (net)
                  0.64    0.00    6.17 ^ place225/A (sky130_fd_sc_hd__buf_4)
    35    0.25    2.65    2.41    8.58 ^ place225/X (sky130_fd_sc_hd__buf_4)
                                         net225 (net)
                  2.65    0.02    8.60 ^ _7891_/S (sky130_fd_sc_hd__mux2i_1)
     7    0.03    0.71    1.79   10.38 v _7891_/Y (sky130_fd_sc_hd__mux2i_1)
                                         _3565_ (net)
                  0.71    0.00   10.39 v _8013_/B (sky130_fd_sc_hd__nor4_1)
     2    0.02    3.86    3.86   14.25 ^ _8013_/Y (sky130_fd_sc_hd__nor4_1)
                                         _3683_ (net)
                  3.86    0.00   14.25 ^ _8014_/B (sky130_fd_sc_hd__nand2_1)
     3    0.02    0.74    2.08   16.33 v _8014_/Y (sky130_fd_sc_hd__nand2_1)
                                         _3684_ (net)
                  0.74    0.00   16.33 v _8015_/C (sky130_fd_sc_hd__nor3_2)
     3    0.02    1.45    1.61   17.94 ^ _8015_/Y (sky130_fd_sc_hd__nor3_2)
                                         _3685_ (net)
                  1.45    0.00   17.94 ^ _8016_/B (sky130_fd_sc_hd__nand2_1)
     3    0.02    0.67    1.02   18.96 v _8016_/Y (sky130_fd_sc_hd__nand2_1)
                                         _3686_ (net)
                  0.67    0.00   18.96 v _8017_/C (sky130_fd_sc_hd__nor3_1)
     3    0.02    2.62    2.49   21.46 ^ _8017_/Y (sky130_fd_sc_hd__nor3_1)
                                         _3687_ (net)
                  2.62    0.00   21.46 ^ _8018_/B (sky130_fd_sc_hd__nand2_1)
     3    0.02    0.82    1.54   23.00 v _8018_/Y (sky130_fd_sc_hd__nand2_1)
                                         _3688_ (net)
                  0.82    0.00   23.00 v _8019_/C (sky130_fd_sc_hd__nor3_2)
     3    0.02    1.18    1.42   24.42 ^ _8019_/Y (sky130_fd_sc_hd__nor3_2)
                                         _3689_ (net)
                  1.18    0.00   24.42 ^ _8020_/B (sky130_fd_sc_hd__nand2b_1)
     3    0.02    0.45    0.93   25.36 v _8020_/Y (sky130_fd_sc_hd__nand2b_1)
                                         _3690_ (net)
                  0.45    0.00   25.36 v _8021_/C (sky130_fd_sc_hd__nor3_1)
     2    0.01    1.52    1.51   26.86 ^ _8021_/Y (sky130_fd_sc_hd__nor3_1)
                                         _3691_ (net)
                  1.52    0.00   26.86 ^ _8022_/B (sky130_fd_sc_hd__nand2_1)
     2    0.01    0.39    0.94   27.80 v _8022_/Y (sky130_fd_sc_hd__nand2_1)
                                         _3692_ (net)
                  0.39    0.00   27.80 v _8023_/B (sky130_fd_sc_hd__nor2_1)
     2    0.01    1.05    1.08   28.88 ^ _8023_/Y (sky130_fd_sc_hd__nor2_1)
                                         _3693_ (net)
                  1.05    0.00   28.88 ^ _8024_/B (sky130_fd_sc_hd__nand2_1)
     4    0.02    0.46    0.84   29.72 v _8024_/Y (sky130_fd_sc_hd__nand2_1)
                                         _3694_ (net)
                  0.46    0.00   29.72 v _8025_/D (sky130_fd_sc_hd__nor4_1)
     3    0.02    3.60    3.19   32.91 ^ _8025_/Y (sky130_fd_sc_hd__nor4_1)
                                         _3695_ (net)
                  3.60    0.00   32.91 ^ _8026_/B (sky130_fd_sc_hd__nand2b_1)
     4    0.02    0.70    1.98   34.89 v _8026_/Y (sky130_fd_sc_hd__nand2b_1)
                                         _3696_ (net)
                  0.70    0.00   34.89 v _8027_/D (sky130_fd_sc_hd__nor4_2)
     3    0.02    2.14    2.12   37.01 ^ _8027_/Y (sky130_fd_sc_hd__nor4_2)
                                         _3697_ (net)
                  2.14    0.00   37.01 ^ _8028_/B (sky130_fd_sc_hd__nand2b_1)
     2    0.01    0.42    1.23   38.24 v _8028_/Y (sky130_fd_sc_hd__nand2b_1)
                                         _3698_ (net)
                  0.42    0.00   38.24 v _8029_/B (sky130_fd_sc_hd__nor2_1)
     2    0.02    1.21    1.22   39.46 ^ _8029_/Y (sky130_fd_sc_hd__nor2_1)
                                         _3699_ (net)
                  1.21    0.00   39.46 ^ _8812_/B (sky130_fd_sc_hd__nand2_1)
     1    0.01    0.39    0.71   40.17 v _8812_/Y (sky130_fd_sc_hd__nand2_1)
                                         _4278_ (net)
                  0.39    0.00   40.17 v _8813_/A (sky130_fd_sc_hd__xnor2_1)
     1    0.00    0.65    0.93   41.10 ^ _8813_/Y (sky130_fd_sc_hd__xnor2_1)
                                         _4279_ (net)
                  0.65    0.00   41.10 ^ _8814_/A2 (sky130_fd_sc_hd__o21ai_0)
     1    0.00    1.02    0.47   41.57 v _8814_/Y (sky130_fd_sc_hd__o21ai_0)
                                         _4280_ (net)
                  1.02    0.00   41.57 v _8815_/B1 (sky130_fd_sc_hd__a21oi_1)
     1    0.00    0.52    1.07   42.65 ^ _8815_/Y (sky130_fd_sc_hd__a21oi_1)
                                         _4281_ (net)
                  0.52    0.00   42.65 ^ _8819_/A1 (sky130_fd_sc_hd__o21ai_0)
     1    0.00    0.17    0.44   43.09 v _8819_/Y (sky130_fd_sc_hd__o21ai_0)
                                         _0356_ (net)
                  0.17    0.00   43.09 v cpu/reg_next_pc[31]$_SDFFE_PN0P_/D (sky130_fd_sc_hd__dfxtp_1)
                                 43.09   data arrival time
-----------------------------------------------------------------------------
(Path is unconstrained)


Startpoint: cpu/decoder_trigger$_DFF_P_ (rising edge-triggered flip-flop)
Endpoint: cpu/count_instr[57]$_SDFFE_PN0P_ (rising edge-triggered flip-flop)
Path Group: unconstrained
Path Type: max
Corner: slow

Fanout     Cap    Slew   Delay    Time   Description
-----------------------------------------------------------------------------
                  7.56    0.00    0.00 ^ cpu/decoder_trigger$_DFF_P_/CLK (sky130_fd_sc_hd__dfxtp_1)
    35    0.25    8.16   10.12   10.12 ^ cpu/decoder_trigger$_DFF_P_/Q (sky130_fd_sc_hd__dfxtp_1)
                                         _3425_ (net)
                  8.16    0.01   10.13 ^ _8620_/D (sky130_fd_sc_hd__and4_1)
     4    0.02    0.61    3.80   13.93 ^ _8620_/X (sky130_fd_sc_hd__and4_1)
                                         _4149_ (net)
                  0.61    0.00   13.93 ^ _8621_/D (sky130_fd_sc_hd__and4_1)
     5    0.02    0.71    1.24   15.17 ^ _8621_/X (sky130_fd_sc_hd__and4_1)
                                         _4150_ (net)
                  0.71    0.00   15.18 ^ _8622_/D (sky130_fd_sc_hd__and4_1)
     5    0.02    0.63    1.23   16.40 ^ _8622_/X (sky130_fd_sc_hd__and4_1)
                                         _4151_ (net)
                  0.63    0.00   16.40 ^ _8623_/D (sky130_fd_sc_hd__and4_1)
     5    0.02    0.70    1.25   17.65 ^ _8623_/X (sky130_fd_sc_hd__and4_1)
                                         _4152_ (net)
                  0.70    0.00   17.65 ^ _8624_/D (sky130_fd_sc_hd__and4_1)
     5    0.02    0.74    1.31   18.96 ^ _8624_/X (sky130_fd_sc_hd__and4_1)
                                         _4153_ (net)
                  0.74    0.00   18.96 ^ _8625_/D (sky130_fd_sc_hd__and4_1)
     4    0.02    0.69    1.29   20.25 ^ _8625_/X (sky130_fd_sc_hd__and4_1)
                                         _4154_ (net)
                  0.69    0.00   20.25 ^ _8626_/D (sky130_fd_sc_hd__and4_1)
     5    0.02    0.73    1.29   21.54 ^ _8626_/X (sky130_fd_sc_hd__and4_1)
                                         _4155_ (net)
                  0.73    0.00   21.54 ^ _8627_/D (sky130_fd_sc_hd__and4_1)
     5    0.02    0.70    1.29   22.83 ^ _8627_/X (sky130_fd_sc_hd__and4_1)
                                         _4156_ (net)
                  0.70    0.00   22.83 ^ _8628_/D (sky130_fd_sc_hd__and4_1)
     5    0.02    0.84    1.38   24.21 ^ _8628_/X (sky130_fd_sc_hd__and4_1)
                                         _4157_ (net)
                  0.84    0.00   24.21 ^ _8629_/D (sky130_fd_sc_hd__and4_1)
     5    0.02    0.67    1.31   25.52 ^ _8629_/X (sky130_fd_sc_hd__and4_1)
                                         _4158_ (net)
                  0.67    0.00   25.52 ^ _8630_/D (sky130_fd_sc_hd__and4_1)
     5    0.02    0.82    1.35   26.88 ^ _8630_/X (sky130_fd_sc_hd__and4_1)
                                         _4159_ (net)
                  0.82    0.00   26.88 ^ _8631_/D (sky130_fd_sc_hd__and4_1)
     5    0.02    0.76    1.37   28.25 ^ _8631_/X (sky130_fd_sc_hd__and4_1)
                                         _4160_ (net)
                  0.76    0.00   28.25 ^ _8632_/D (sky130_fd_sc_hd__and4_1)
     5    0.03    0.94    1.48   29.73 ^ _8632_/X (sky130_fd_sc_hd__and4_1)
                                         _4161_ (net)
                  0.94    0.00   29.73 ^ _8633_/D (sky130_fd_sc_hd__nand4_1)
     2    0.01    0.46    0.86   30.59 v _8633_/Y (sky130_fd_sc_hd__nand4_1)
                                         _4162_ (net)
                  0.46    0.00   30.59 v _8634_/D (sky130_fd_sc_hd__nor4_2)
     5    0.02    2.38    2.21   32.80 ^ _8634_/Y (sky130_fd_sc_hd__nor4_2)
                                         _4163_ (net)
                  2.38    0.00   32.80 ^ _8635_/D (sky130_fd_sc_hd__nand4_1)
     5    0.02    0.77    1.67   34.47 v _8635_/Y (sky130_fd_sc_hd__nand4_1)
                                         _4164_ (net)
                  0.77    0.00   34.47 v _8636_/D (sky130_fd_sc_hd__nor4_1)
     4    0.01    2.86    2.75   37.22 ^ _8636_/Y (sky130_fd_sc_hd__nor4_1)
                                         _4165_ (net)
                  2.86    0.00   37.22 ^ _8637_/C (sky130_fd_sc_hd__and3_1)
     5    0.02    0.68    2.03   39.25 ^ _8637_/X (sky130_fd_sc_hd__and3_1)
                                         _4166_ (net)
                  0.68    0.00   39.25 ^ _8638_/D (sky130_fd_sc_hd__and4_1)
     6    0.03    0.91    1.42   40.67 ^ _8638_/X (sky130_fd_sc_hd__and4_1)
                                         _4167_ (net)
                  0.91    0.00   40.67 ^ _8639_/D (sky130_fd_sc_hd__and4_1)
     6    0.02    0.78    1.42   42.10 ^ _8639_/X (sky130_fd_sc_hd__and4_1)
                                         _4168_ (net)
                  0.78    0.00   42.10 ^ _8658_/A (sky130_fd_sc_hd__nor2_1)
     1    0.00    0.14    0.42   42.52 v _8658_/Y (sky130_fd_sc_hd__nor2_1)
                                         _0299_ (net)
                  0.14    0.00   42.52 v cpu/count_instr[57]$_SDFFE_PN0P_/D (sky130_fd_sc_hd__dfxtp_1)
                                 42.52   data arrival time
-----------------------------------------------------------------------------
(Path is unconstrained)


Startpoint: cpu/decoder_trigger$_DFF_P_ (rising edge-triggered flip-flop)
Endpoint: cpu/count_instr[55]$_SDFFE_PN0P_ (rising edge-triggered flip-flop)
Path Group: unconstrained
Path Type: max
Corner: slow

Fanout     Cap    Slew   Delay    Time   Description
-----------------------------------------------------------------------------
                  7.56    0.00    0.00 ^ cpu/decoder_trigger$_DFF_P_/CLK (sky130_fd_sc_hd__dfxtp_1)
    35    0.25    8.16   10.12   10.12 ^ cpu/decoder_trigger$_DFF_P_/Q (sky130_fd_sc_hd__dfxtp_1)
                                         _3425_ (net)
                  8.16    0.01   10.13 ^ _8620_/D (sky130_fd_sc_hd__and4_1)
     4    0.02    0.61    3.80   13.93 ^ _8620_/X (sky130_fd_sc_hd__and4_1)
                                         _4149_ (net)
                  0.61    0.00   13.93 ^ _8621_/D (sky130_fd_sc_hd__and4_1)
     5    0.02    0.71    1.24   15.17 ^ _8621_/X (sky130_fd_sc_hd__and4_1)
                                         _4150_ (net)
                  0.71    0.00   15.18 ^ _8622_/D (sky130_fd_sc_hd__and4_1)
     5    0.02    0.63    1.23   16.40 ^ _8622_/X (sky130_fd_sc_hd__and4_1)
                                         _4151_ (net)
                  0.63    0.00   16.40 ^ _8623_/D (sky130_fd_sc_hd__and4_1)
     5    0.02    0.70    1.25   17.65 ^ _8623_/X (sky130_fd_sc_hd__and4_1)
                                         _4152_ (net)
                  0.70    0.00   17.65 ^ _8624_/D (sky130_fd_sc_hd__and4_1)
     5    0.02    0.74    1.31   18.96 ^ _8624_/X (sky130_fd_sc_hd__and4_1)
                                         _4153_ (net)
                  0.74    0.00   18.96 ^ _8625_/D (sky130_fd_sc_hd__and4_1)
     4    0.02    0.69    1.29   20.25 ^ _8625_/X (sky130_fd_sc_hd__and4_1)
                                         _4154_ (net)
                  0.69    0.00   20.25 ^ _8626_/D (sky130_fd_sc_hd__and4_1)
     5    0.02    0.73    1.29   21.54 ^ _8626_/X (sky130_fd_sc_hd__and4_1)
                                         _4155_ (net)
                  0.73    0.00   21.54 ^ _8627_/D (sky130_fd_sc_hd__and4_1)
     5    0.02    0.70    1.29   22.83 ^ _8627_/X (sky130_fd_sc_hd__and4_1)
                                         _4156_ (net)
                  0.70    0.00   22.83 ^ _8628_/D (sky130_fd_sc_hd__and4_1)
     5    0.02    0.84    1.38   24.21 ^ _8628_/X (sky130_fd_sc_hd__and4_1)
                                         _4157_ (net)
                  0.84    0.00   24.21 ^ _8629_/D (sky130_fd_sc_hd__and4_1)
     5    0.02    0.67    1.31   25.52 ^ _8629_/X (sky130_fd_sc_hd__and4_1)
                                         _4158_ (net)
                  0.67    0.00   25.52 ^ _8630_/D (sky130_fd_sc_hd__and4_1)
     5    0.02    0.82    1.35   26.88 ^ _8630_/X (sky130_fd_sc_hd__and4_1)
                                         _4159_ (net)
                  0.82    0.00   26.88 ^ _8631_/D (sky130_fd_sc_hd__and4_1)
     5    0.02    0.76    1.37   28.25 ^ _8631_/X (sky130_fd_sc_hd__and4_1)
                                         _4160_ (net)
                  0.76    0.00   28.25 ^ _8632_/D (sky130_fd_sc_hd__and4_1)
     5    0.03    0.94    1.48   29.73 ^ _8632_/X (sky130_fd_sc_hd__and4_1)
                                         _4161_ (net)
                  0.94    0.00   29.73 ^ _8633_/D (sky130_fd_sc_hd__nand4_1)
     2    0.01    0.46    0.86   30.59 v _8633_/Y (sky130_fd_sc_hd__nand4_1)
                                         _4162_ (net)
                  0.46    0.00   30.59 v _8634_/D (sky130_fd_sc_hd__nor4_2)
     5    0.02    2.38    2.21   32.80 ^ _8634_/Y (sky130_fd_sc_hd__nor4_2)
                                         _4163_ (net)
                  2.38    0.00   32.80 ^ _8635_/D (sky130_fd_sc_hd__nand4_1)
     5    0.02    0.77    1.67   34.47 v _8635_/Y (sky130_fd_sc_hd__nand4_1)
                                         _4164_ (net)
                  0.77    0.00   34.47 v _8636_/D (sky130_fd_sc_hd__nor4_1)
     4    0.01    2.86    2.75   37.22 ^ _8636_/Y (sky130_fd_sc_hd__nor4_1)
                                         _4165_ (net)
                  2.86    0.00   37.22 ^ _8637_/C (sky130_fd_sc_hd__and3_1)
     5    0.02    0.68    2.03   39.25 ^ _8637_/X (sky130_fd_sc_hd__and3_1)
                                         _4166_ (net)
                  0.68    0.00   39.25 ^ _8638_/D (sky130_fd_sc_hd__and4_1)
     6    0.03    0.91    1.42   40.67 ^ _8638_/X (sky130_fd_sc_hd__and4_1)
                                         _4167_ (net)
                  0.91    0.00   40.67 ^ _8661_/A2 (sky130_fd_sc_hd__o21ai_0)
     1    0.00    0.23    0.61   41.28 v _8661_/Y (sky130_fd_sc_hd__o21ai_0)
                                         _4182_ (net)
                  0.23    0.00   41.28 v _8662_/B1 (sky130_fd_sc_hd__a21oi_1)
     1    0.01    0.60    0.69   41.97 ^ _8662_/Y (sky130_fd_sc_hd__a21oi_1)
                                         _0301_ (net)
                  0.60    0.00   41.97 ^ cpu/count_instr[55]$_SDFFE_PN0P_/D (sky130_fd_sc_hd__dfxtp_1)
                                 41.97   data arrival time
-----------------------------------------------------------------------------
(Path is unconstrained)


Startpoint: cpu/latched_store$_SDFFE_PN0P_ (rising edge-triggered flip-flop)
Endpoint: cpu/reg_next_pc[30]$_SDFFE_PN0P_ (rising edge-triggered flip-flop)
Path Group: unconstrained
Path Type: max
Corner: slow

Fanout     Cap    Slew   Delay    Time   Description
-----------------------------------------------------------------------------
                  7.55    0.00    0.00 ^ cpu/latched_store$_SDFFE_PN0P_/CLK (sky130_fd_sc_hd__dfxtp_1)
     6    0.03    1.11    4.98    4.98 ^ cpu/latched_store$_SDFFE_PN0P_/Q (sky130_fd_sc_hd__dfxtp_1)
                                         cpu/latched_store (net)
                  1.11    0.00    4.98 ^ _5589_/A (sky130_fd_sc_hd__and2_0)
     3    0.01    0.64    1.18    6.17 ^ _5589_/X (sky130_fd_sc_hd__and2_0)
                                         _1532_ (net)
                  0.64    0.00    6.17 ^ place225/A (sky130_fd_sc_hd__buf_4)
    35    0.25    2.65    2.41    8.58 ^ place225/X (sky130_fd_sc_hd__buf_4)
                                         net225 (net)
                  2.65    0.02    8.60 ^ _7891_/S (sky130_fd_sc_hd__mux2i_1)
     7    0.03    0.71    1.79   10.38 v _7891_/Y (sky130_fd_sc_hd__mux2i_1)
                                         _3565_ (net)
                  0.71    0.00   10.39 v _8013_/B (sky130_fd_sc_hd__nor4_1)
     2    0.02    3.86    3.86   14.25 ^ _8013_/Y (sky130_fd_sc_hd__nor4_1)
                                         _3683_ (net)
                  3.86    0.00   14.25 ^ _8014_/B (sky130_fd_sc_hd__nand2_1)
     3    0.02    0.74    2.08   16.33 v _8014_/Y (sky130_fd_sc_hd__nand2_1)
                                         _3684_ (net)
                  0.74    0.00   16.33 v _8015_/C (sky130_fd_sc_hd__nor3_2)
     3    0.02    1.45    1.61   17.94 ^ _8015_/Y (sky130_fd_sc_hd__nor3_2)
                                         _3685_ (net)
                  1.45    0.00   17.94 ^ _8016_/B (sky130_fd_sc_hd__nand2_1)
     3    0.02    0.67    1.02   18.96 v _8016_/Y (sky130_fd_sc_hd__nand2_1)
                                         _3686_ (net)
                  0.67    0.00   18.96 v _8017_/C (sky130_fd_sc_hd__nor3_1)
     3    0.02    2.62    2.49   21.46 ^ _8017_/Y (sky130_fd_sc_hd__nor3_1)
                                         _3687_ (net)
                  2.62    0.00   21.46 ^ _8018_/B (sky130_fd_sc_hd__nand2_1)
     3    0.02    0.82    1.54   23.00 v _8018_/Y (sky130_fd_sc_hd__nand2_1)
                                         _3688_ (net)
                  0.82    0.00   23.00 v _8019_/C (sky130_fd_sc_hd__nor3_2)
     3    0.02    1.18    1.42   24.42 ^ _8019_/Y (sky130_fd_sc_hd__nor3_2)
                                         _3689_ (net)
                  1.18    0.00   24.42 ^ _8020_/B (sky130_fd_sc_hd__nand2b_1)
     3    0.02    0.45    0.93   25.36 v _8020_/Y (sky130_fd_sc_hd__nand2b_1)
                                         _3690_ (net)
                  0.45    0.00   25.36 v _8021_/C (sky130_fd_sc_hd__nor3_1)
     2    0.01    1.52    1.51   26.86 ^ _8021_/Y (sky130_fd_sc_hd__nor3_1)
                                         _3691_ (net)
                  1.52    0.00   26.86 ^ _8022_/B (sky130_fd_sc_hd__nand2_1)
     2    0.01    0.39    0.94   27.80 v _8022_/Y (sky130_fd_sc_hd__nand2_1)
                                         _3692_ (net)
                  0.39    0.00   27.80 v _8023_/B (sky130_fd_sc_hd__nor2_1)
     2    0.01    1.05    1.08   28.88 ^ _8023_/Y (sky130_fd_sc_hd__nor2_1)
                                         _3693_ (net)
                  1.05    0.00   28.88 ^ _8024_/B (sky130_fd_sc_hd__nand2_1)
     4    0.02    0.46    0.84   29.72 v _8024_/Y (sky130_fd_sc_hd__nand2_1)
                                         _3694_ (net)
                  0.46    0.00   29.72 v _8025_/D (sky130_fd_sc_hd__nor4_1)
     3    0.02    3.60    3.19   32.91 ^ _8025_/Y (sky130_fd_sc_hd__nor4_1)
                                         _3695_ (net)
                  3.60    0.00   32.91 ^ _8026_/B (sky130_fd_sc_hd__nand2b_1)
     4    0.02    0.70    1.98   34.89 v _8026_/Y (sky130_fd_sc_hd__nand2b_1)
                                         _3696_ (net)
                  0.70    0.00   34.89 v _8027_/D (sky130_fd_sc_hd__nor4_2)
     3    0.02    2.14    2.12   37.01 ^ _8027_/Y (sky130_fd_sc_hd__nor4_2)
                                         _3697_ (net)
                  2.14    0.00   37.01 ^ _8028_/B (sky130_fd_sc_hd__nand2b_1)
     2    0.01    0.42    1.23   38.24 v _8028_/Y (sky130_fd_sc_hd__nand2b_1)
                                         _3698_ (net)
                  0.42    0.00   38.24 v _8029_/B (sky130_fd_sc_hd__nor2_1)
     2    0.02    1.21    1.22   39.46 ^ _8029_/Y (sky130_fd_sc_hd__nor2_1)
                                         _3699_ (net)
                  1.21    0.00   39.46 ^ _8030_/B (sky130_fd_sc_hd__xor2_1)
     1    0.01    0.67    1.17   40.64 ^ _8030_/X (sky130_fd_sc_hd__xor2_1)
                                         _3700_ (net)
                  0.67    0.00   40.64 ^ _8031_/B1 (sky130_fd_sc_hd__o22ai_1)
     1    0.01    0.54    0.48   41.12 v _8031_/Y (sky130_fd_sc_hd__o22ai_1)
                                         _3701_ (net)
                  0.54    0.00   41.12 v _8033_/A2 (sky130_fd_sc_hd__o21ai_0)
     1    0.00    0.48    0.80   41.92 ^ _8033_/Y (sky130_fd_sc_hd__o21ai_0)
                                         _0151_ (net)
                  0.48    0.00   41.92 ^ cpu/reg_next_pc[30]$_SDFFE_PN0P_/D (sky130_fd_sc_hd__dfxtp_1)
                                 41.92   data arrival time
-----------------------------------------------------------------------------
(Path is unconstrained)


