Startpoint: cpu/decoder_trigger$_DFF_P_ (rising edge-triggered flip-flop)
Endpoint: cpu/count_instr[62]$_SDFFE_PN0P_ (rising edge-triggered flip-flop)
Path Group: unconstrained
Path Type: max
Corner: slow

Fanout     Cap    Slew   Delay    Time   Description
-----------------------------------------------------------------------------
                  7.56    0.00    0.00 ^ cpu/decoder_trigger$_DFF_P_/CLK (sky130_fd_sc_hd__dfxtp_1)
    35    0.25    8.16   10.12   10.12 ^ cpu/decoder_trigger$_DFF_P_/Q (sky130_fd_sc_hd__dfxtp_1)
                                         _3425_ (net)
                  8.16    0.01   10.13 ^ _8620_/D (sky130_fd_sc_hd__and4_1)
     4    0.02    0.61    3.80   13.93 ^ _8620_/X (sky130_fd_sc_hd__and4_1)
                                         _4149_ (net)
                  0.61    0.00   13.93 ^ _8621_/D (sky130_fd_sc_hd__and4_1)
     5    0.02    0.71    1.24   15.17 ^ _8621_/X (sky130_fd_sc_hd__and4_1)
                                         _4150_ (net)
                  0.71    0.00   15.18 ^ _8622_/D (sky130_fd_sc_hd__and4_1)
     5    0.02    0.63    1.23   16.40 ^ _8622_/X (sky130_fd_sc_hd__and4_1)
                                         _4151_ (net)
                  0.63    0.00   16.40 ^ _8623_/D (sky130_fd_sc_hd__and4_1)
     5    0.02    0.70    1.25   17.65 ^ _8623_/X (sky130_fd_sc_hd__and4_1)
                                         _4152_ (net)
                  0.70    0.00   17.65 ^ _8624_/D (sky130_fd_sc_hd__and4_1)
     5    0.02    0.74    1.31   18.96 ^ _8624_/X (sky130_fd_sc_hd__and4_1)
                                         _4153_ (net)
                  0.74    0.00   18.96 ^ _8625_/D (sky130_fd_sc_hd__and4_1)
     4    0.02    0.69    1.29   20.25 ^ _8625_/X (sky130_fd_sc_hd__and4_1)
                                         _4154_ (net)
                  0.69    0.00   20.25 ^ _8626_/D (sky130_fd_sc_hd__and4_1)
     5    0.02    0.73    1.29   21.54 ^ _8626_/X (sky130_fd_sc_hd__and4_1)
                                         _4155_ (net)
                  0.73    0.00   21.54 ^ _8627_/D (sky130_fd_sc_hd__and4_1)
     5    0.02    0.70    1.29   22.83 ^ _8627_/X (sky130_fd_sc_hd__and4_1)
                                         _4156_ (net)
                  0.70    0.00   22.83 ^ _8628_/D (sky130_fd_sc_hd__and4_1)
     5    0.02    0.84    1.38   24.21 ^ _8628_/X (sky130_fd_sc_hd__and4_1)
                                         _4157_ (net)
                  0.84    0.00   24.21 ^ _8629_/D (sky130_fd_sc_hd__and4_1)
     5    0.02    0.67    1.31   25.52 ^ _8629_/X (sky130_fd_sc_hd__and4_1)
                                         _4158_ (net)
                  0.67    0.00   25.52 ^ _8630_/D (sky130_fd_sc_hd__and4_1)
     5    0.02    0.82    1.35   26.88 ^ _8630_/X (sky130_fd_sc_hd__and4_1)
                                         _4159_ (net)
                  0.82    0.00   26.88 ^ _8631_/D (sky130_fd_sc_hd__and4_1)
     5    0.02    0.76    1.37   28.25 ^ _8631_/X (sky130_fd_sc_hd__and4_1)
                                         _4160_ (net)
                  0.76    0.00   28.25 ^ _8632_/D (sky130_fd_sc_hd__and4_1)
     5    0.03    0.94    1.48   29.73 ^ _8632_/X (sky130_fd_sc_hd__and4_1)
                                         _4161_ (net)
                  0.94    0.00   29.73 ^ _8633_/D (sky130_fd_sc_hd__nand4_1)
     2    0.01    0.46    0.86   30.59 v _8633_/Y (sky130_fd_sc_hd__nand4_1)
                                         _4162_ (net)
                  0.46    0.00   30.59 v _8634_/D (sky130_fd_sc_hd__nor4_2)
     5    0.02    2.38    2.21   32.80 ^ _8634_/Y (sky130_fd_sc_hd__nor4_2)
                                         _4163_ (net)
                  2.38    0.00   32.80 ^ _8635_/D (sky130_fd_sc_hd__nand4_1)
     5    0.02    0.77    1.67   34.47 v _8635_/Y (sky130_fd_sc_hd__nand4_1)
                                         _4164_ (net)
                  0.77    0.00   34.47 v _8636_/D (sky130_fd_sc_hd__nor4_1)
     4    0.01    2.86    2.75   37.22 ^ _8636_/Y (sky130_fd_sc_hd__nor4_1)
                                         _4165_ (net)
                  2.86    0.00   37.22 ^ _8637_/C (sky130_fd_sc_hd__and3_1)
     5    0.02    0.68    2.03   39.25 ^ _8637_/X (sky130_fd_sc_hd__and3_1)
                                         _4166_ (net)
                  0.68    0.00   39.25 ^ _8638_/D (sky130_fd_sc_hd__and4_1)
     6    0.03    0.91    1.42   40.67 ^ _8638_/X (sky130_fd_sc_hd__and4_1)
                                         _4167_ (net)
                  0.91    0.00   40.67 ^ _8639_/D (sky130_fd_sc_hd__and4_1)
     6    0.02    0.78    1.42   42.10 ^ _8639_/X (sky130_fd_sc_hd__and4_1)
                                         _4168_ (net)
                  0.78    0.00   42.10 ^ _8640_/D (sky130_fd_sc_hd__and4_1)
     4    0.02    0.64    1.26   43.36 ^ _8640_/X (sky130_fd_sc_hd__and4_1)
                                         _4169_ (net)
                  0.64    0.00   43.36 ^ _8641_/B (sky130_fd_sc_hd__and2_0)
     3    0.01    0.56    0.92   44.28 ^ _8641_/X (sky130_fd_sc_hd__and2_0)
                                         _4170_ (net)
                  0.56    0.00   44.28 ^ _8642_/A2 (sky130_fd_sc_hd__o21ai_0)
     1    0.00    0.25    0.45   44.73 v _8642_/Y (sky130_fd_sc_hd__o21ai_0)
                                         _4171_ (net)
                  0.25    0.00   44.73 v _8643_/B1 (sky130_fd_sc_hd__a21oi_1)
     1    0.00    0.36    0.51   45.24 ^ _8643_/Y (sky130_fd_sc_hd__a21oi_1)
                                         _0293_ (net)
                  0.36    0.00   45.24 ^ cpu/count_instr[62]$_SDFFE_PN0P_/D (sky130_fd_sc_hd__dfxtp_1)
                                 45.24   data arrival time
-----------------------------------------------------------------------------
(Path is unconstrained)


