| INFO     | job0 | place.detailed       | 0 | Running in /home/arthur/ECE507/SRAM/build/picorv32_top/job0/place.detailed/0
| INFO     | job0 | place.detailed       | 0 | Tool 'openroad' found with version 'v2.0-27941-gf9f3050fe8' in directory '/usr/local/bin'
| INFO     | job0 | place.detailed       | 0 | openroad /home/arthur/ECE507/venv/lib/python3.12/site-packages/siliconcompiler/tools/openroad/scripts/apr/sc_detailed_placement.tcl -no_init -metrics reports/metrics.json -exit
| INFO     | job0 | place.detailed       | 0 | OpenROAD v2.0-27941-gf9f3050fe8
| INFO     | job0 | place.detailed       | 0 | Features included (+) or not (-): +GPU +GUI +Python
| INFO     | job0 | place.detailed       | 0 | This program is licensed under the BSD-3 license. See the LICENSE file for details.
| INFO     | job0 | place.detailed       | 0 | Components of this program may be licensed under more restrictive licenses which must be honored.
| INFO     | job0 | place.detailed       | 0 | [INFO ORD-0030] Using 20 thread(s).
| INFO     | job0 | place.detailed       | 0 | [INFO FLW-0001] Defining timing corners: fast slow typical
| INFO     | job0 | place.detailed       | 0 | Reading liberty file for fast: /home/arthur/.sc/cache/lambdapdk-v0.2.12-7b36460386694c92/lambdapdk/sky130/libs/sky130hd/nldm/sky130_fd_sc_hd__ff_100C_1v95.lib.gz
| INFO     | job0 | place.detailed       | 0 | Reading liberty file for slow: /home/arthur/.sc/cache/lambdapdk-v0.2.12-7b36460386694c92/lambdapdk/sky130/libs/sky130hd/nldm/sky130_fd_sc_hd__ss_n40C_1v40.lib.gz
| INFO     | job0 | place.detailed       | 0 | Reading liberty file for typical: /home/arthur/.sc/cache/lambdapdk-v0.2.12-7b36460386694c92/lambdapdk/sky130/libs/sky130hd/nldm/sky130_fd_sc_hd__tt_025C_1v80.lib.gz
| INFO     | job0 | place.detailed       | 0 | Reading ODB: inputs/picorv32_top.odb.gz
| INFO     | job0 | place.detailed       | 0 | Reading SDC: inputs/picorv32_top.sdc
| INFO     | job0 | place.detailed       | 0 | [INFO FLW-0001] Timing path groups: clk asynchronous {path delay} {gated clock} unconstrained
| INFO     | job0 | place.detailed       | 0 | [INFO FLW-0001] Sourcing parasitic estimation from: /home/arthur/ECE507/SRAM/build/picorv32_top/job0/place.detailed/0/inputs/sc_parasitics.tcl
| INFO     | job0 | place.detailed       | 0 | [INFO FLW-0001] Using met5 for clock parasitics estimation
| INFO     | job0 | place.detailed       | 0 | [INFO FLW-0001] Using met3 for signal parasitics estimation
| INFO     | job0 | place.detailed       | 0 | [INFO FLW-0001] Setting global routing adjustment for li1 to 100%
| INFO     | job0 | place.detailed       | 0 | [INFO FLW-0001] Setting global routing adjustment for met1 to 40.0%
| INFO     | job0 | place.detailed       | 0 | [INFO FLW-0001] Setting global routing adjustment for met2 to 40.0%
| INFO     | job0 | place.detailed       | 0 | [INFO FLW-0001] Setting global routing adjustment for met3 to 30.0%
| INFO     | job0 | place.detailed       | 0 | [INFO FLW-0001] Setting global routing adjustment for met4 to 30.0%
| INFO     | job0 | place.detailed       | 0 | [INFO FLW-0001] Setting global routing adjustment for met5 to 30.0%
| INFO     | job0 | place.detailed       | 0 | Global connection rules: 2
| INFO     | job0 | place.detailed       | 0 |   Instances: ".*" with pins "VPWR" connect to "VDD"
| INFO     | job0 | place.detailed       | 0 |   Instances: ".*" with pins "VGND" connect to "VSS"
| INFO     | job0 | place.detailed       | 0 | [WARNING GRT-0281] Net clk has a large fanout of 1577 terminals.
| INFO     | job0 | place.detailed       | 0 | Placement Analysis
| INFO     | job0 | place.detailed       | 0 | ---------------------------------
| INFO     | job0 | place.detailed       | 0 | total displacement      12852.6 u
| INFO     | job0 | place.detailed       | 0 | average displacement        0.9 u
| INFO     | job0 | place.detailed       | 0 | max displacement           10.4 u
| INFO     | job0 | place.detailed       | 0 | original HPWL          238924.8 u
| INFO     | job0 | place.detailed       | 0 | legalized HPWL         250351.6 u
| INFO     | job0 | place.detailed       | 0 | delta HPWL                    5 %
| INFO     | job0 | place.detailed       | 0 | 
| INFO     | job0 | place.detailed       | 0 | Detailed placement improvement.
| INFO     | job0 | place.detailed       | 0 | [INFO DPL-0401] Setting random seed to 1.
| INFO     | job0 | place.detailed       | 0 | [INFO DPL-0402] Setting maximum displacement 5 5 to 13600 13600 units.
| INFO     | job0 | place.detailed       | 0 | [INFO DPL-0320] Collected 9292 fixed cells.
| INFO     | job0 | place.detailed       | 0 | [INFO DPL-0318] Collected 6264 single height cells.
| INFO     | job0 | place.detailed       | 0 | [INFO DPL-0321] Collected 0 wide cells.
| INFO     | job0 | place.detailed       | 0 | [INFO DPL-0322] Image (10120, 10880) - (989920, 987360)
| INFO     | job0 | place.detailed       | 0 | [INFO DPL-0310] Assigned 6264 cells into segments.  Movement in X-direction is 0.000000, movement in Y-direction is 0.000000.
| INFO     | job0 | place.detailed       | 0 | [INFO DPL-0313] Found 0 cells in wrong regions.
| INFO     | job0 | place.detailed       | 0 | [INFO DPL-0315] Found 0 row alignment problems.
| INFO     | job0 | place.detailed       | 0 | [INFO DPL-0314] Found 0 site alignment problems.
| INFO     | job0 | place.detailed       | 0 | [INFO DPL-0311] Found 0 overlaps between adjacent cells.
| INFO     | job0 | place.detailed       | 0 | [INFO DPL-0312] Found 0 edge spacing violations and 0 padding violations.
| INFO     | job0 | place.detailed       | 0 | [INFO DPL-0303] Running algorithm for independent set matching.
| INFO     | job0 | place.detailed       | 0 | [INFO DPL-0300] Set matching objective is wirelength.
| INFO     | job0 | place.detailed       | 0 | [INFO DPL-0301] Pass   1 of matching; objective is 3.092328e+08.
| INFO     | job0 | place.detailed       | 0 | [INFO DPL-0302] End of matching; objective is 3.091262e+08, improvement is 0.03 percent.
| INFO     | job0 | place.detailed       | 0 | [INFO DPL-0303] Running algorithm for global swaps.
| INFO     | job0 | place.detailed       | 0 | [INFO DPL-0306] Pass   1 of global swaps; hpwl is 3.050237e+08.
| INFO     | job0 | place.detailed       | 0 | [INFO DPL-0306] Pass   2 of global swaps; hpwl is 3.041375e+08.
| INFO     | job0 | place.detailed       | 0 | [INFO DPL-0307] End of global swaps; objective is 3.041375e+08, improvement is 1.61 percent.
| INFO     | job0 | place.detailed       | 0 | [INFO DPL-0303] Running algorithm for vertical swaps.
| INFO     | job0 | place.detailed       | 0 | [INFO DPL-0308] Pass   1 of vertical swaps; hpwl is 3.027845e+08.
| INFO     | job0 | place.detailed       | 0 | [INFO DPL-0309] End of vertical swaps; objective is 3.027845e+08, improvement is 0.44 percent.
| INFO     | job0 | place.detailed       | 0 | [INFO DPL-0303] Running algorithm for reordering.
| INFO     | job0 | place.detailed       | 0 | [INFO DPL-0304] Pass   1 of reordering; objective is 3.027157e+08.
| INFO     | job0 | place.detailed       | 0 | [INFO DPL-0305] End of reordering; objective is 3.027157e+08, improvement is 0.02 percent.
| INFO     | job0 | place.detailed       | 0 | [INFO DPL-0303] Running algorithm for random improvement.
| INFO     | job0 | place.detailed       | 0 | [INFO DPL-0324] Random improver is using random generator.
| INFO     | job0 | place.detailed       | 0 | [INFO DPL-0325] Random improver is using hpwl objective.
| INFO     | job0 | place.detailed       | 0 | [INFO DPL-0326] Random improver cost string is (a).
| INFO     | job0 | place.detailed       | 0 | [INFO DPL-0332] End of pass, Generator random called 125280 times.
| INFO     | job0 | place.detailed       | 0 | [INFO DPL-0335] Generator random, Cumulative attempts 125280, swaps 33984, moves 81879 since last reset.
| INFO     | job0 | place.detailed       | 0 | [INFO DPL-0333] End of pass, Objective hpwl, Initial cost 2.975587e+08, Scratch cost 2.948656e+08, Incremental cost 2.948656e+08, Mismatch? N
| INFO     | job0 | place.detailed       | 0 | [INFO DPL-0338] End of pass, Total cost is 2.948656e+08.
| INFO     | job0 | place.detailed       | 0 | [INFO DPL-0327] Pass   1 of random improver; improvement in cost is 0.91 percent.
| INFO     | job0 | place.detailed       | 0 | [INFO DPL-0328] End of random improver; improvement is 0.905084 percent.
| INFO     | job0 | place.detailed       | 0 | [INFO DPL-0380] Cell flipping.
| INFO     | job0 | place.detailed       | 0 | [INFO DPL-0382] Changed 0 cell orientations for row compatibility.
| INFO     | job0 | place.detailed       | 0 | [INFO DPL-0383] Performed 1709 cell flips.
| INFO     | job0 | place.detailed       | 0 | [INFO DPL-0384] End of flipping; objective is 2.970380e+08, improvement is 1.00 percent.
| INFO     | job0 | place.detailed       | 0 | [INFO DPL-0313] Found 0 cells in wrong regions.
| INFO     | job0 | place.detailed       | 0 | [INFO DPL-0315] Found 0 row alignment problems.
| INFO     | job0 | place.detailed       | 0 | [INFO DPL-0314] Found 0 site alignment problems.
| INFO     | job0 | place.detailed       | 0 | [INFO DPL-0311] Found 0 overlaps between adjacent cells.
| INFO     | job0 | place.detailed       | 0 | [INFO DPL-0312] Found 0 edge spacing violations and 0 padding violations.
| INFO     | job0 | place.detailed       | 0 | Detailed Improvement Results
| INFO     | job0 | place.detailed       | 0 | ------------------------------------------
| INFO     | job0 | place.detailed       | 0 | Original HPWL           250351.6 u (  117211.9,   133139.7)
| INFO     | job0 | place.detailed       | 0 | Final HPWL              239745.8 u (  112530.4,   127215.4)
| INFO     | job0 | place.detailed       | 0 | Delta HPWL                  -4.2 % (      -4.0,       -4.4)
| INFO     | job0 | place.detailed       | 0 | 
| INFO     | job0 | place.detailed       | 0 | [WARNING GRT-0281] Net clk has a large fanout of 1577 terminals.
| INFO     | job0 | place.detailed       | 0 | Placement Analysis
| INFO     | job0 | place.detailed       | 0 | ---------------------------------
| INFO     | job0 | place.detailed       | 0 | total displacement          0.0 u
| INFO     | job0 | place.detailed       | 0 | average displacement        0.0 u
| INFO     | job0 | place.detailed       | 0 | max displacement            0.0 u
| INFO     | job0 | place.detailed       | 0 | original HPWL          239745.8 u
| INFO     | job0 | place.detailed       | 0 | legalized HPWL         242009.6 u
| INFO     | job0 | place.detailed       | 0 | delta HPWL                    1 %
| INFO     | job0 | place.detailed       | 0 | 
| INFO     | job0 | place.detailed       | 0 | [INFO DPL-0020] Mirrored 1799 instances
| INFO     | job0 | place.detailed       | 0 | [INFO DPL-0021] HPWL before          242009.6 u
| INFO     | job0 | place.detailed       | 0 | [INFO DPL-0022] HPWL after           239273.3 u
| INFO     | job0 | place.detailed       | 0 | [INFO DPL-0023] HPWL delta               -1.1 %
| INFO     | job0 | place.detailed       | 0 | Writing database: outputs/picorv32_top.odb.gz
| INFO     | job0 | place.detailed       | 0 | Writing DEF: outputs/picorv32_top.def.gz
| INFO     | job0 | place.detailed       | 0 | Writing netlist: outputs/picorv32_top.vg
| INFO     | job0 | place.detailed       | 0 | Writing LEC netlist: outputs/picorv32_top.lec.vg
| INFO     | job0 | place.detailed       | 0 | Writing SDC: outputs/picorv32_top.sdc
| INFO     | job0 | place.detailed       | 0 | SC_METRIC: report_checks -path_delay max
| INFO     | job0 | place.detailed       | 0 | Startpoint: pcpi_rs1[1]$_DFFE_PP_
| INFO     | job0 | place.detailed       | 0 |             (rising edge-triggered flip-flop clocked by clk)
| INFO     | job0 | place.detailed       | 0 | Endpoint: pcpi_rs1[31]$_DFFE_PP_
| INFO     | job0 | place.detailed       | 0 |           (rising edge-triggered flip-flop clocked by clk)
| INFO     | job0 | place.detailed       | 0 | Path Group: clk
| INFO     | job0 | place.detailed       | 0 | Path Type: max
| INFO     | job0 | place.detailed       | 0 | Corner: slow
| INFO     | job0 | place.detailed       | 0 | 
| INFO     | job0 | place.detailed       | 0 | Fanout     Cap    Slew   Delay    Time   Description
| INFO     | job0 | place.detailed       | 0 | -----------------------------------------------------------------------------
| INFO     | job0 | place.detailed       | 0 |                   0.00    0.00    0.00   clock clk (rise edge)
| INFO     | job0 | place.detailed       | 0 |                           0.00    0.00   clock network delay (ideal)
| INFO     | job0 | place.detailed       | 0 |                   0.00    0.00    0.00 ^ pcpi_rs1[1]$_DFFE_PP_/CLK (sky130_fd_sc_hd__edfxtp_1)
| INFO     | job0 | place.detailed       | 0 |      3    0.01    0.37    1.76    1.76 v pcpi_rs1[1]$_DFFE_PP_/Q (sky130_fd_sc_hd__edfxtp_1)
| INFO     | job0 | place.detailed       | 0 |                                          net518 (net)
| INFO     | job0 | place.detailed       | 0 |                   0.37    0.00    1.76 v _5903_/A (sky130_fd_sc_hd__xnor2_2)
| INFO     | job0 | place.detailed       | 0 |      2    0.01    0.51    0.80    2.56 ^ _5903_/Y (sky130_fd_sc_hd__xnor2_2)
| INFO     | job0 | place.detailed       | 0 |                                          _1758_ (net)
| INFO     | job0 | place.detailed       | 0 |                   0.51    0.00    2.56 ^ _5905_/A2 (sky130_fd_sc_hd__o21ai_1)
| INFO     | job0 | place.detailed       | 0 |      2    0.01    0.19    0.43    2.99 v _5905_/Y (sky130_fd_sc_hd__o21ai_1)
| INFO     | job0 | place.detailed       | 0 |                                          _1760_ (net)
| INFO     | job0 | place.detailed       | 0 |                   0.19    0.00    2.99 v _5906_/C (sky130_fd_sc_hd__maj3_2)
| INFO     | job0 | place.detailed       | 0 |      2    0.01    0.20    1.46    4.45 v _5906_/X (sky130_fd_sc_hd__maj3_2)
| INFO     | job0 | place.detailed       | 0 |                                          _1761_ (net)
| INFO     | job0 | place.detailed       | 0 |                   0.20    0.00    4.45 v _5907_/C (sky130_fd_sc_hd__maj3_2)
| INFO     | job0 | place.detailed       | 0 |      2    0.01    0.21    1.49    5.94 v _5907_/X (sky130_fd_sc_hd__maj3_2)
| INFO     | job0 | place.detailed       | 0 |                                          _1762_ (net)
| INFO     | job0 | place.detailed       | 0 |                   0.21    0.00    5.94 v _5908_/C (sky130_fd_sc_hd__maj3_2)
| INFO     | job0 | place.detailed       | 0 |      2    0.01    0.21    1.49    7.43 v _5908_/X (sky130_fd_sc_hd__maj3_2)
| INFO     | job0 | place.detailed       | 0 |                                          _1763_ (net)
| INFO     | job0 | place.detailed       | 0 |                   0.21    0.00    7.43 v _5909_/C (sky130_fd_sc_hd__maj3_2)
| INFO     | job0 | place.detailed       | 0 |      3    0.01    0.23    1.53    8.96 v _5909_/X (sky130_fd_sc_hd__maj3_2)
| INFO     | job0 | place.detailed       | 0 |                                          _1764_ (net)
| INFO     | job0 | place.detailed       | 0 |                   0.23    0.00    8.96 v _5913_/A2 (sky130_fd_sc_hd__a211oi_2)
| INFO     | job0 | place.detailed       | 0 |      2    0.01    0.71    1.04   10.01 ^ _5913_/Y (sky130_fd_sc_hd__a211oi_2)
| INFO     | job0 | place.detailed       | 0 |                                          _1768_ (net)
| INFO     | job0 | place.detailed       | 0 |                   0.71    0.00   10.01 ^ _5915_/A3 (sky130_fd_sc_hd__o31ai_1)
| INFO     | job0 | place.detailed       | 0 |      2    0.01    0.22    0.52   10.53 v _5915_/Y (sky130_fd_sc_hd__o31ai_1)
| INFO     | job0 | place.detailed       | 0 |                                          _1770_ (net)
| INFO     | job0 | place.detailed       | 0 |                   0.22    0.00   10.53 v _5916_/C (sky130_fd_sc_hd__maj3_2)
| INFO     | job0 | place.detailed       | 0 |      3    0.01    0.22    1.53   12.06 v _5916_/X (sky130_fd_sc_hd__maj3_2)
| INFO     | job0 | place.detailed       | 0 |                                          _1771_ (net)
| INFO     | job0 | place.detailed       | 0 |                   0.22    0.00   12.06 v _5919_/A2 (sky130_fd_sc_hd__a211oi_2)
| INFO     | job0 | place.detailed       | 0 |      2    0.01    0.88    1.17   13.23 ^ _5919_/Y (sky130_fd_sc_hd__a211oi_2)
| INFO     | job0 | place.detailed       | 0 |                                          _1774_ (net)
| INFO     | job0 | place.detailed       | 0 |                   0.88    0.00   13.23 ^ _5922_/A3 (sky130_fd_sc_hd__o311ai_1)
| INFO     | job0 | place.detailed       | 0 |      3    0.01    0.25    0.64   13.87 v _5922_/Y (sky130_fd_sc_hd__o311ai_1)
| INFO     | job0 | place.detailed       | 0 |                                          _1777_ (net)
| INFO     | job0 | place.detailed       | 0 |                   0.25    0.00   13.87 v _5924_/A3 (sky130_fd_sc_hd__a311oi_1)
| INFO     | job0 | place.detailed       | 0 |      1    0.00    0.82    1.17   15.04 ^ _5924_/Y (sky130_fd_sc_hd__a311oi_1)
| INFO     | job0 | place.detailed       | 0 |                                          _1779_ (net)
| INFO     | job0 | place.detailed       | 0 |                   0.82    0.00   15.04 ^ place590/A (sky130_fd_sc_hd__buf_4)
| INFO     | job0 | place.detailed       | 0 |      3    0.01    0.11    0.68   15.72 ^ place590/X (sky130_fd_sc_hd__buf_4)
| INFO     | job0 | place.detailed       | 0 |                                          net590 (net)
| INFO     | job0 | place.detailed       | 0 |                   0.11    0.00   15.72 ^ _5927_/A3 (sky130_fd_sc_hd__o311ai_1)
| INFO     | job0 | place.detailed       | 0 |      3    0.01    0.30    0.32   16.04 v _5927_/Y (sky130_fd_sc_hd__o311ai_1)
| INFO     | job0 | place.detailed       | 0 |                                          _1782_ (net)
| INFO     | job0 | place.detailed       | 0 |                   0.30    0.00   16.04 v _5929_/A3 (sky130_fd_sc_hd__a311oi_2)
| INFO     | job0 | place.detailed       | 0 |      2    0.01    0.84    1.28   17.32 ^ _5929_/Y (sky130_fd_sc_hd__a311oi_2)
| INFO     | job0 | place.detailed       | 0 |                                          _1784_ (net)
| INFO     | job0 | place.detailed       | 0 |                   0.84    0.00   17.32 ^ _5932_/A3 (sky130_fd_sc_hd__o311ai_1)
| INFO     | job0 | place.detailed       | 0 |      3    0.01    0.29    0.66   17.97 v _5932_/Y (sky130_fd_sc_hd__o311ai_1)
| INFO     | job0 | place.detailed       | 0 |                                          _1787_ (net)
| INFO     | job0 | place.detailed       | 0 |                   0.29    0.00   17.97 v _5934_/A3 (sky130_fd_sc_hd__a311oi_2)
| INFO     | job0 | place.detailed       | 0 |      3    0.01    1.03    1.43   19.40 ^ _5934_/Y (sky130_fd_sc_hd__a311oi_2)
| INFO     | job0 | place.detailed       | 0 |                                          _1789_ (net)
| INFO     | job0 | place.detailed       | 0 |                   1.03    0.00   19.40 ^ _5937_/A3 (sky130_fd_sc_hd__o311ai_1)
| INFO     | job0 | place.detailed       | 0 |      2    0.01    0.22    0.67   20.07 v _5937_/Y (sky130_fd_sc_hd__o311ai_1)
| INFO     | job0 | place.detailed       | 0 |                                          _1792_ (net)
| INFO     | job0 | place.detailed       | 0 |                   0.22    0.00   20.07 v _5939_/A3 (sky130_fd_sc_hd__a311oi_1)
| INFO     | job0 | place.detailed       | 0 |      1    0.00    0.81    1.15   21.22 ^ _5939_/Y (sky130_fd_sc_hd__a311oi_1)
| INFO     | job0 | place.detailed       | 0 |                                          _1794_ (net)
| INFO     | job0 | place.detailed       | 0 |                   0.81    0.00   21.22 ^ place572/A (sky130_fd_sc_hd__buf_4)
| INFO     | job0 | place.detailed       | 0 |      2    0.01    0.10    0.67   21.89 ^ place572/X (sky130_fd_sc_hd__buf_4)
| INFO     | job0 | place.detailed       | 0 |                                          net572 (net)
| INFO     | job0 | place.detailed       | 0 |                   0.10    0.00   21.89 ^ _5941_/A3 (sky130_fd_sc_hd__o31ai_1)
| INFO     | job0 | place.detailed       | 0 |      1    0.00    0.11    0.15   22.03 v _5941_/Y (sky130_fd_sc_hd__o31ai_1)
| INFO     | job0 | place.detailed       | 0 |                                          _1796_ (net)
| INFO     | job0 | place.detailed       | 0 |                   0.11    0.00   22.03 v place568/A (sky130_fd_sc_hd__buf_4)
| INFO     | job0 | place.detailed       | 0 |      3    0.01    0.08    0.51   22.55 v place568/X (sky130_fd_sc_hd__buf_4)
| INFO     | job0 | place.detailed       | 0 |                                          net568 (net)
| INFO     | job0 | place.detailed       | 0 |                   0.08    0.00   22.55 v _5942_/C (sky130_fd_sc_hd__maj3_1)
| INFO     | job0 | place.detailed       | 0 |      2    0.01    0.24    1.72   24.27 v _5942_/X (sky130_fd_sc_hd__maj3_1)
| INFO     | job0 | place.detailed       | 0 |                                          _1797_ (net)
| INFO     | job0 | place.detailed       | 0 |                   0.24    0.00   24.27 v _5943_/C (sky130_fd_sc_hd__maj3_1)
| INFO     | job0 | place.detailed       | 0 |      1    0.00    0.23    1.77   26.04 v _5943_/X (sky130_fd_sc_hd__maj3_1)
| INFO     | job0 | place.detailed       | 0 |                                          _1798_ (net)
| INFO     | job0 | place.detailed       | 0 |                   0.23    0.00   26.04 v _5945_/A (sky130_fd_sc_hd__xnor2_1)
| INFO     | job0 | place.detailed       | 0 |      1    0.00    0.40    0.62   26.66 ^ _5945_/Y (sky130_fd_sc_hd__xnor2_1)
| INFO     | job0 | place.detailed       | 0 |                                          _1800_ (net)
| INFO     | job0 | place.detailed       | 0 |                   0.40    0.00   26.66 ^ _6039_/A2 (sky130_fd_sc_hd__o21ai_0)
| INFO     | job0 | place.detailed       | 0 |      1    0.00    0.17    0.31   26.97 v _6039_/Y (sky130_fd_sc_hd__o21ai_0)
| INFO     | job0 | place.detailed       | 0 |                                          _4389_ (net)
| INFO     | job0 | place.detailed       | 0 |                   0.17    0.00   26.97 v pcpi_rs1[31]$_DFFE_PP_/D (sky130_fd_sc_hd__edfxtp_1)
| INFO     | job0 | place.detailed       | 0 |                                  26.97   data arrival time
| INFO     | job0 | place.detailed       | 0 | 
| INFO     | job0 | place.detailed       | 0 |                   0.00   25.00   25.00   clock clk (rise edge)
| INFO     | job0 | place.detailed       | 0 |                           0.00   25.00   clock network delay (ideal)
| INFO     | job0 | place.detailed       | 0 |                           0.00   25.00   clock reconvergence pessimism
| INFO     | job0 | place.detailed       | 0 |                                  25.00 ^ pcpi_rs1[31]$_DFFE_PP_/CLK (sky130_fd_sc_hd__edfxtp_1)
| INFO     | job0 | place.detailed       | 0 |                          -1.44   23.56   library setup time
| INFO     | job0 | place.detailed       | 0 |                                  23.56   data required time
| INFO     | job0 | place.detailed       | 0 | -----------------------------------------------------------------------------
| INFO     | job0 | place.detailed       | 0 |                                  23.56   data required time
| INFO     | job0 | place.detailed       | 0 |                                 -26.97   data arrival time
| INFO     | job0 | place.detailed       | 0 | -----------------------------------------------------------------------------
| INFO     | job0 | place.detailed       | 0 |                                  -3.42   slack (VIOLATED)
| INFO     | job0 | place.detailed       | 0 | 
| INFO     | job0 | place.detailed       | 0 | 
| INFO     | job0 | place.detailed       | 0 | SC_METRIC: setupslack
| INFO     | job0 | place.detailed       | 0 | worst slack max -3.42
| INFO     | job0 | place.detailed       | 0 | SC_METRIC: tns
| INFO     | job0 | place.detailed       | 0 | tns max -11.54
| INFO     | job0 | place.detailed       | 0 | SC_METRIC: unconstrained
| INFO     | job0 | place.detailed       | 0 | Startpoint: clk (clock source 'clk')
| INFO     | job0 | place.detailed       | 0 | Endpoint: sram/clk0 (internal pin)
| INFO     | job0 | place.detailed       | 0 | Path Group: unconstrained
| INFO     | job0 | place.detailed       | 0 | Path Type: max
| INFO     | job0 | place.detailed       | 0 | Corner: fast
| INFO     | job0 | place.detailed       | 0 | 
| INFO     | job0 | place.detailed       | 0 | Fanout     Cap    Slew   Delay    Time   Description
| INFO     | job0 | place.detailed       | 0 | -----------------------------------------------------------------------------
| INFO     | job0 | place.detailed       | 0 |   1576    2.90    0.00    0.00   12.50 v clk (in)
| INFO     | job0 | place.detailed       | 0 |                                          clk (net)
| INFO     | job0 | place.detailed       | 0 |                   0.00    0.00   12.50 v sram/clk0 (sky130_sram_2kbyte_1rw1r_32x512_8)
| INFO     | job0 | place.detailed       | 0 |                                  12.50   data arrival time
| INFO     | job0 | place.detailed       | 0 | -----------------------------------------------------------------------------
| INFO     | job0 | place.detailed       | 0 | (Path is unconstrained)
| INFO     | job0 | place.detailed       | 0 | 
| INFO     | job0 | place.detailed       | 0 | 
| INFO     | job0 | place.detailed       | 0 | SC_METRIC: DRV violators
| INFO     | job0 | place.detailed       | 0 | SC_METRIC: floating nets
| INFO     | job0 | place.detailed       | 0 | Reporting floating nets: reports/floating_nets.rpt
| INFO     | job0 | place.detailed       | 0 | SC_METRIC: overdriven nets
| INFO     | job0 | place.detailed       | 0 | Reporting overdriven nets: reports/overdriven_nets.rpt
| INFO     | job0 | place.detailed       | 0 | Reporting overdriven nets: reports/overdriven_nets_with_parallel.rpt
| INFO     | job0 | place.detailed       | 0 | SC_METRIC: fmax
| INFO     | job0 | place.detailed       | 0 | clk fmax = 35.19 MHz
| INFO     | job0 | place.detailed       | 0 | Clock                   Period          Waveform
| INFO     | job0 | place.detailed       | 0 | ----------------------------------------------------
| INFO     | job0 | place.detailed       | 0 | clk                      25.00        0.00     12.50
| INFO     | job0 | place.detailed       | 0 | SC_METRIC: power
| INFO     | job0 | place.detailed       | 0 | Power for corner: fast
| INFO     | job0 | place.detailed       | 0 | Group                  Internal  Switching    Leakage      Total
| INFO     | job0 | place.detailed       | 0 |                           Power      Power      Power      Power (Watts)
| INFO     | job0 | place.detailed       | 0 | ----------------------------------------------------------------
| INFO     | job0 | place.detailed       | 0 | Sequential             3.49e-03   4.94e-05   4.68e-05   3.58e-03  77.2%
| INFO     | job0 | place.detailed       | 0 | Combinational          5.16e-04   5.05e-04   3.61e-05   1.06e-03  22.8%
| INFO     | job0 | place.detailed       | 0 | Clock                  0.00e+00   0.00e+00   0.00e+00   0.00e+00   0.0%
| INFO     | job0 | place.detailed       | 0 | Macro                  0.00e+00   0.00e+00   0.00e+00   0.00e+00   0.0%
| INFO     | job0 | place.detailed       | 0 | Pad                    0.00e+00   0.00e+00   0.00e+00   0.00e+00   0.0%
| INFO     | job0 | place.detailed       | 0 | ----------------------------------------------------------------
| INFO     | job0 | place.detailed       | 0 | Total                  4.00e-03   5.55e-04   8.29e-05   4.64e-03 100.0%
| INFO     | job0 | place.detailed       | 0 |                           86.3%      12.0%       1.8%
| INFO     | job0 | place.detailed       | 0 | Power for corner: slow
| INFO     | job0 | place.detailed       | 0 | Group                  Internal  Switching    Leakage      Total
| INFO     | job0 | place.detailed       | 0 |                           Power      Power      Power      Power (Watts)
| INFO     | job0 | place.detailed       | 0 | ----------------------------------------------------------------
| INFO     | job0 | place.detailed       | 0 | Sequential             1.34e-03   2.28e-05   5.94e-10   1.36e-03  76.5%
| INFO     | job0 | place.detailed       | 0 | Combinational          1.85e-04   2.34e-04   1.39e-09   4.19e-04  23.5%
| INFO     | job0 | place.detailed       | 0 | Clock                  0.00e+00   0.00e+00   0.00e+00   0.00e+00   0.0%
| INFO     | job0 | place.detailed       | 0 | Macro                  0.00e+00   0.00e+00   0.00e+00   0.00e+00   0.0%
| INFO     | job0 | place.detailed       | 0 | Pad                    0.00e+00   0.00e+00   0.00e+00   0.00e+00   0.0%
| INFO     | job0 | place.detailed       | 0 | ----------------------------------------------------------------
| INFO     | job0 | place.detailed       | 0 | Total                  1.52e-03   2.57e-04   1.98e-09   1.78e-03 100.0%
| INFO     | job0 | place.detailed       | 0 |                           85.5%      14.5%       0.0%
| INFO     | job0 | place.detailed       | 0 | Power for corner: typical
| INFO     | job0 | place.detailed       | 0 | Group                  Internal  Switching    Leakage      Total
| INFO     | job0 | place.detailed       | 0 |                           Power      Power      Power      Power (Watts)
| INFO     | job0 | place.detailed       | 0 | ----------------------------------------------------------------
| INFO     | job0 | place.detailed       | 0 | Sequential             2.95e-03   4.10e-05   1.36e-08   2.99e-03  80.0%
| INFO     | job0 | place.detailed       | 0 | Combinational          3.30e-04   4.19e-04   1.35e-08   7.49e-04  20.0%
| INFO     | job0 | place.detailed       | 0 | Clock                  0.00e+00   0.00e+00   0.00e+00   0.00e+00   0.0%
| INFO     | job0 | place.detailed       | 0 | Macro                  0.00e+00   0.00e+00   0.00e+00   0.00e+00   0.0%
| INFO     | job0 | place.detailed       | 0 | Pad                    0.00e+00   0.00e+00   0.00e+00   0.00e+00   0.0%
| INFO     | job0 | place.detailed       | 0 | ----------------------------------------------------------------
| INFO     | job0 | place.detailed       | 0 | Total                  3.28e-03   4.60e-04   2.71e-08   3.74e-03 100.0%
| INFO     | job0 | place.detailed       | 0 |                           87.7%      12.3%       0.0%
| INFO     | job0 | place.detailed       | 0 | SC_METRIC: cellarea
| INFO     | job0 | place.detailed       | 0 | Design area 364814 um^2 38% utilization.
| INFO     | job0 | place.detailed       | 0 | Cell type report:                       Count       Area
| INFO     | job0 | place.detailed       | 0 |   Macro                                     1  284538.47
| INFO     | job0 | place.detailed       | 0 |   Tap cell                               8830   11048.10
| INFO     | job0 | place.detailed       | 0 |   Timing Repair Buffer                    413    3200.57
| INFO     | job0 | place.detailed       | 0 |   Inverter                                 95     356.59
| INFO     | job0 | place.detailed       | 0 |   Sequential cell                        1574   44088.53
| INFO     | job0 | place.detailed       | 0 |   Multi-Input combinational cell         4182   32630.04
| INFO     | job0 | place.detailed       | 0 |   Total                                 15095  375862.31
| INFO     | job0 | place.detailed       | 0 | 
| INFO     | job0 | place.detailed       | 0 | Cell instance report:
| INFO     | job0 | place.detailed       | 0 |   sky130_sram_2kbyte_1rw1r_32x512_8         1  284538.47
| INFO     | job0 | place.detailed       | 0 |   sky130_fd_sc_hd__a2111oi_0                1       8.76
| INFO     | job0 | place.detailed       | 0 |   sky130_fd_sc_hd__a211o_1                 10      87.58
| INFO     | job0 | place.detailed       | 0 |   sky130_fd_sc_hd__a211oi_1                26     195.19
| INFO     | job0 | place.detailed       | 0 |   sky130_fd_sc_hd__a211oi_2                 3      37.54
| INFO     | job0 | place.detailed       | 0 |   sky130_fd_sc_hd__a21bo_2                  1      10.01
| INFO     | job0 | place.detailed       | 0 |   sky130_fd_sc_hd__a21boi_0                 2      15.01
| INFO     | job0 | place.detailed       | 0 |   sky130_fd_sc_hd__a21o_1                  58     435.42
| INFO     | job0 | place.detailed       | 0 |   sky130_fd_sc_hd__a21oi_1                310    1551.49
| INFO     | job0 | place.detailed       | 0 |   sky130_fd_sc_hd__a221o_1                  5      50.05
| INFO     | job0 | place.detailed       | 0 |   sky130_fd_sc_hd__a221oi_1                21     183.93
| INFO     | job0 | place.detailed       | 0 |   sky130_fd_sc_hd__a222oi_1                39     390.37
| INFO     | job0 | place.detailed       | 0 |   sky130_fd_sc_hd__a22o_1                  30     262.75
| INFO     | job0 | place.detailed       | 0 |   sky130_fd_sc_hd__a22oi_1                 48     360.35
| INFO     | job0 | place.detailed       | 0 |   sky130_fd_sc_hd__a311o_1                  7      70.07
| INFO     | job0 | place.detailed       | 0 |   sky130_fd_sc_hd__a311oi_1                16     140.13
| INFO     | job0 | place.detailed       | 0 |   sky130_fd_sc_hd__a311oi_2                 2      30.03
| INFO     | job0 | place.detailed       | 0 |   sky130_fd_sc_hd__a31o_1                   5      43.79
| INFO     | job0 | place.detailed       | 0 |   sky130_fd_sc_hd__a31oi_1                 60     375.36
| INFO     | job0 | place.detailed       | 0 |   sky130_fd_sc_hd__a32o_1                   8      80.08
| INFO     | job0 | place.detailed       | 0 |   sky130_fd_sc_hd__a32oi_1                  3      26.28
| INFO     | job0 | place.detailed       | 0 |   sky130_fd_sc_hd__a41o_1                   2      20.02
| INFO     | job0 | place.detailed       | 0 |   sky130_fd_sc_hd__a41oi_1                  1       8.76
| INFO     | job0 | place.detailed       | 0 |   sky130_fd_sc_hd__and2_0                  25     156.40
| INFO     | job0 | place.detailed       | 0 |   sky130_fd_sc_hd__and2_1                  60     375.36
| INFO     | job0 | place.detailed       | 0 |   sky130_fd_sc_hd__and3_1                  49     306.54
| INFO     | job0 | place.detailed       | 0 |   sky130_fd_sc_hd__and4_1                  29     253.99
| INFO     | job0 | place.detailed       | 0 |   sky130_fd_sc_hd__buf_12                   8     160.15
| INFO     | job0 | place.detailed       | 0 |   sky130_fd_sc_hd__buf_4                  405    3040.42
| INFO     | job0 | place.detailed       | 0 |   sky130_fd_sc_hd__clkinv_1                 1       3.75
| INFO     | job0 | place.detailed       | 0 |   sky130_fd_sc_hd__conb_1                 149     559.29
| INFO     | job0 | place.detailed       | 0 |   sky130_fd_sc_hd__dfxtp_1                313    6266.01
| INFO     | job0 | place.detailed       | 0 |   sky130_fd_sc_hd__dfxtp_2                  5     106.35
| INFO     | job0 | place.detailed       | 0 |   sky130_fd_sc_hd__edfxtp_1              1256   37716.17
| INFO     | job0 | place.detailed       | 0 |   sky130_fd_sc_hd__inv_1                   89     334.07
| INFO     | job0 | place.detailed       | 0 |   sky130_fd_sc_hd__inv_2                    5      18.77
| INFO     | job0 | place.detailed       | 0 |   sky130_fd_sc_hd__maj3_1                  13     130.12
| INFO     | job0 | place.detailed       | 0 |   sky130_fd_sc_hd__maj3_2                   6      67.56
| INFO     | job0 | place.detailed       | 0 |   sky130_fd_sc_hd__mux2_2                  46     518.00
| INFO     | job0 | place.detailed       | 0 |   sky130_fd_sc_hd__mux2i_1                 80     800.77
| INFO     | job0 | place.detailed       | 0 |   sky130_fd_sc_hd__mux4_2                 529   11913.93
| INFO     | job0 | place.detailed       | 0 |   sky130_fd_sc_hd__nand2_1                531    1993.16
| INFO     | job0 | place.detailed       | 0 |   sky130_fd_sc_hd__nand2b_1                45     281.52
| INFO     | job0 | place.detailed       | 0 |   sky130_fd_sc_hd__nand3_1                 74     370.36
| INFO     | job0 | place.detailed       | 0 |   sky130_fd_sc_hd__nand3b_1                 9      67.56
| INFO     | job0 | place.detailed       | 0 |   sky130_fd_sc_hd__nand4_1                 23     143.89
| INFO     | job0 | place.detailed       | 0 |   sky130_fd_sc_hd__nand4b_1                 1       8.76
| INFO     | job0 | place.detailed       | 0 |   sky130_fd_sc_hd__nor2_1                 565    2120.78
| INFO     | job0 | place.detailed       | 0 |   sky130_fd_sc_hd__nor2_2                  33     206.45
| INFO     | job0 | place.detailed       | 0 |   sky130_fd_sc_hd__nor2b_1                 34     212.70
| INFO     | job0 | place.detailed       | 0 |   sky130_fd_sc_hd__nor3_1                 121     605.58
| INFO     | job0 | place.detailed       | 0 |   sky130_fd_sc_hd__nor3_2                   1      10.01
| INFO     | job0 | place.detailed       | 0 |   sky130_fd_sc_hd__nor3b_1                  3      22.52
| INFO     | job0 | place.detailed       | 0 |   sky130_fd_sc_hd__nor4_1                  24     150.14
| INFO     | job0 | place.detailed       | 0 |   sky130_fd_sc_hd__nor4b_1                  3      26.28
| INFO     | job0 | place.detailed       | 0 |   sky130_fd_sc_hd__o2111ai_1                1       8.76
| INFO     | job0 | place.detailed       | 0 |   sky130_fd_sc_hd__o211a_1                  1      10.01
| INFO     | job0 | place.detailed       | 0 |   sky130_fd_sc_hd__o211ai_1                31     232.72
| INFO     | job0 | place.detailed       | 0 |   sky130_fd_sc_hd__o21a_1                  32     240.23
| INFO     | job0 | place.detailed       | 0 |   sky130_fd_sc_hd__o21ai_0                528    2642.53
| INFO     | job0 | place.detailed       | 0 |   sky130_fd_sc_hd__o21ai_1                 27     135.13
| INFO     | job0 | place.detailed       | 0 |   sky130_fd_sc_hd__o21bai_1                 4      30.03
| INFO     | job0 | place.detailed       | 0 |   sky130_fd_sc_hd__o221a_2                  2      22.52
| INFO     | job0 | place.detailed       | 0 |   sky130_fd_sc_hd__o221ai_1                46     402.89
| INFO     | job0 | place.detailed       | 0 |   sky130_fd_sc_hd__o22a_1                   3      26.28
| INFO     | job0 | place.detailed       | 0 |   sky130_fd_sc_hd__o22ai_1                 36     225.22
| INFO     | job0 | place.detailed       | 0 |   sky130_fd_sc_hd__o2bb2ai_1                2      17.52
| INFO     | job0 | place.detailed       | 0 |   sky130_fd_sc_hd__o311a_1                  1      10.01
| INFO     | job0 | place.detailed       | 0 |   sky130_fd_sc_hd__o311ai_0                21     183.93
| INFO     | job0 | place.detailed       | 0 |   sky130_fd_sc_hd__o311ai_1                 4      35.03
| INFO     | job0 | place.detailed       | 0 |   sky130_fd_sc_hd__o311ai_2                 2      32.53
| INFO     | job0 | place.detailed       | 0 |   sky130_fd_sc_hd__o31a_1                   4      35.03
| INFO     | job0 | place.detailed       | 0 |   sky130_fd_sc_hd__o31ai_1                 30     225.22
| INFO     | job0 | place.detailed       | 0 |   sky130_fd_sc_hd__o32a_1                   2      20.02
| INFO     | job0 | place.detailed       | 0 |   sky130_fd_sc_hd__o32ai_1                 14     122.62
| INFO     | job0 | place.detailed       | 0 |   sky130_fd_sc_hd__o41ai_1                  1       8.76
| INFO     | job0 | place.detailed       | 0 |   sky130_fd_sc_hd__or2_1                   36     225.22
| INFO     | job0 | place.detailed       | 0 |   sky130_fd_sc_hd__or3_1                   28     175.17
| INFO     | job0 | place.detailed       | 0 |   sky130_fd_sc_hd__or3b_2                   3      26.28
| INFO     | job0 | place.detailed       | 0 |   sky130_fd_sc_hd__or4_1                   11      82.58
| INFO     | job0 | place.detailed       | 0 |   sky130_fd_sc_hd__or4b_2                   1      10.01
| INFO     | job0 | place.detailed       | 0 |   sky130_fd_sc_hd__tapvpwrvgnd_1         8830   11048.10
| INFO     | job0 | place.detailed       | 0 |   sky130_fd_sc_hd__xnor2_1                132    1156.11
| INFO     | job0 | place.detailed       | 0 |   sky130_fd_sc_hd__xnor2_2                  1      16.27
| INFO     | job0 | place.detailed       | 0 |   sky130_fd_sc_hd__xor2_1                  67     586.81
| WARNING  | job0 | place.detailed       | 0 |  25: [WARNING GRT-0281] Net clk has a large fanout of 1577 terminals.
| WARNING  | job0 | place.detailed       | 0 |  87: [WARNING GRT-0281] Net clk has a large fanout of 1577 terminals.
| INFO     | job0 | place.detailed       | 0 | Number of errors: 0
| INFO     | job0 | place.detailed       | 0 | Number of warnings: 2
| INFO     | job0 | place.detailed       | 0 | Finished task in 22.83s
