Warning: There are 68 input ports missing set_input_delay.
  irq[0]
  irq[10]
  irq[11]
  irq[12]
  irq[13]
  irq[14]
  irq[15]
  irq[16]
  irq[17]
  irq[18]
  irq[19]
  irq[1]
  irq[20]
  irq[21]
  irq[22]
  irq[23]
  irq[24]
  irq[25]
  irq[26]
  irq[27]
  irq[28]
  irq[29]
  irq[2]
  irq[30]
  irq[31]
  irq[3]
  irq[4]
  irq[5]
  irq[6]
  irq[7]
  irq[8]
  irq[9]
  pcpi_rd[0]
  pcpi_rd[10]
  pcpi_rd[11]
  pcpi_rd[12]
  pcpi_rd[13]
  pcpi_rd[14]
  pcpi_rd[15]
  pcpi_rd[16]
  pcpi_rd[17]
  pcpi_rd[18]
  pcpi_rd[19]
  pcpi_rd[1]
  pcpi_rd[20]
  pcpi_rd[21]
  pcpi_rd[22]
  pcpi_rd[23]
  pcpi_rd[24]
  pcpi_rd[25]
  pcpi_rd[26]
  pcpi_rd[27]
  pcpi_rd[28]
  pcpi_rd[29]
  pcpi_rd[2]
  pcpi_rd[30]
  pcpi_rd[31]
  pcpi_rd[3]
  pcpi_rd[4]
  pcpi_rd[5]
  pcpi_rd[6]
  pcpi_rd[7]
  pcpi_rd[8]
  pcpi_rd[9]
  pcpi_ready
  pcpi_wait
  pcpi_wr
  resetn
Warning: There are 133 output ports missing set_output_delay.
  mem_la_addr[10]
  mem_la_addr[11]
  mem_la_addr[12]
  mem_la_addr[13]
  mem_la_addr[14]
  mem_la_addr[15]
  mem_la_addr[16]
  mem_la_addr[17]
  mem_la_addr[18]
  mem_la_addr[19]
  mem_la_addr[20]
  mem_la_addr[21]
  mem_la_addr[22]
  mem_la_addr[23]
  mem_la_addr[24]
  mem_la_addr[25]
  mem_la_addr[26]
  mem_la_addr[27]
  mem_la_addr[28]
  mem_la_addr[29]
  mem_la_addr[2]
  mem_la_addr[30]
  mem_la_addr[31]
  mem_la_addr[3]
  mem_la_addr[4]
  mem_la_addr[5]
  mem_la_addr[6]
  mem_la_addr[7]
  mem_la_addr[8]
  mem_la_addr[9]
  mem_la_read
  mem_la_wdata[0]
  mem_la_wdata[10]
  mem_la_wdata[11]
  mem_la_wdata[12]
  mem_la_wdata[13]
  mem_la_wdata[14]
  mem_la_wdata[15]
  mem_la_wdata[16]
  mem_la_wdata[17]
  mem_la_wdata[18]
  mem_la_wdata[19]
  mem_la_wdata[1]
  mem_la_wdata[20]
  mem_la_wdata[21]
  mem_la_wdata[22]
  mem_la_wdata[23]
  mem_la_wdata[24]
  mem_la_wdata[25]
  mem_la_wdata[26]
  mem_la_wdata[27]
  mem_la_wdata[28]
  mem_la_wdata[29]
  mem_la_wdata[2]
  mem_la_wdata[30]
  mem_la_wdata[31]
  mem_la_wdata[3]
  mem_la_wdata[4]
  mem_la_wdata[5]
  mem_la_wdata[6]
  mem_la_wdata[7]
  mem_la_wdata[8]
  mem_la_wdata[9]
  mem_la_write
  mem_la_wstrb[0]
  mem_la_wstrb[1]
  mem_la_wstrb[2]
  mem_la_wstrb[3]
  pcpi_rs1[0]
  pcpi_rs1[10]
  pcpi_rs1[11]
  pcpi_rs1[12]
  pcpi_rs1[13]
  pcpi_rs1[14]
  pcpi_rs1[15]
  pcpi_rs1[16]
  pcpi_rs1[17]
  pcpi_rs1[18]
  pcpi_rs1[19]
  pcpi_rs1[1]
  pcpi_rs1[20]
  pcpi_rs1[21]
  pcpi_rs1[22]
  pcpi_rs1[23]
  pcpi_rs1[24]
  pcpi_rs1[25]
  pcpi_rs1[26]
  pcpi_rs1[27]
  pcpi_rs1[28]
  pcpi_rs1[29]
  pcpi_rs1[2]
  pcpi_rs1[30]
  pcpi_rs1[31]
  pcpi_rs1[3]
  pcpi_rs1[4]
  pcpi_rs1[5]
  pcpi_rs1[6]
  pcpi_rs1[7]
  pcpi_rs1[8]
  pcpi_rs1[9]
  pcpi_rs2[0]
  pcpi_rs2[10]
  pcpi_rs2[11]
  pcpi_rs2[12]
  pcpi_rs2[13]
  pcpi_rs2[14]
  pcpi_rs2[15]
  pcpi_rs2[16]
  pcpi_rs2[17]
  pcpi_rs2[18]
  pcpi_rs2[19]
  pcpi_rs2[1]
  pcpi_rs2[20]
  pcpi_rs2[21]
  pcpi_rs2[22]
  pcpi_rs2[23]
  pcpi_rs2[24]
  pcpi_rs2[25]
  pcpi_rs2[26]
  pcpi_rs2[27]
  pcpi_rs2[28]
  pcpi_rs2[29]
  pcpi_rs2[2]
  pcpi_rs2[30]
  pcpi_rs2[31]
  pcpi_rs2[3]
  pcpi_rs2[4]
  pcpi_rs2[5]
  pcpi_rs2[6]
  pcpi_rs2[7]
  pcpi_rs2[8]
  pcpi_rs2[9]
  trap
Warning: There are 165 unconstrained endpoints.
  mem_la_addr[10]
  mem_la_addr[11]
  mem_la_addr[12]
  mem_la_addr[13]
  mem_la_addr[14]
  mem_la_addr[15]
  mem_la_addr[16]
  mem_la_addr[17]
  mem_la_addr[18]
  mem_la_addr[19]
  mem_la_addr[20]
  mem_la_addr[21]
  mem_la_addr[22]
  mem_la_addr[23]
  mem_la_addr[24]
  mem_la_addr[25]
  mem_la_addr[26]
  mem_la_addr[27]
  mem_la_addr[28]
  mem_la_addr[29]
  mem_la_addr[2]
  mem_la_addr[30]
  mem_la_addr[31]
  mem_la_addr[3]
  mem_la_addr[4]
  mem_la_addr[5]
  mem_la_addr[6]
  mem_la_addr[7]
  mem_la_addr[8]
  mem_la_addr[9]
  mem_la_read
  mem_la_wdata[0]
  mem_la_wdata[10]
  mem_la_wdata[11]
  mem_la_wdata[12]
  mem_la_wdata[13]
  mem_la_wdata[14]
  mem_la_wdata[15]
  mem_la_wdata[16]
  mem_la_wdata[17]
  mem_la_wdata[18]
  mem_la_wdata[19]
  mem_la_wdata[1]
  mem_la_wdata[20]
  mem_la_wdata[21]
  mem_la_wdata[22]
  mem_la_wdata[23]
  mem_la_wdata[24]
  mem_la_wdata[25]
  mem_la_wdata[26]
  mem_la_wdata[27]
  mem_la_wdata[28]
  mem_la_wdata[29]
  mem_la_wdata[2]
  mem_la_wdata[30]
  mem_la_wdata[31]
  mem_la_wdata[3]
  mem_la_wdata[4]
  mem_la_wdata[5]
  mem_la_wdata[6]
  mem_la_wdata[7]
  mem_la_wdata[8]
  mem_la_wdata[9]
  mem_la_write
  mem_la_wstrb[0]
  mem_la_wstrb[1]
  mem_la_wstrb[2]
  mem_la_wstrb[3]
  pcpi_rs1[0]
  pcpi_rs1[10]
  pcpi_rs1[11]
  pcpi_rs1[12]
  pcpi_rs1[13]
  pcpi_rs1[14]
  pcpi_rs1[15]
  pcpi_rs1[16]
  pcpi_rs1[17]
  pcpi_rs1[18]
  pcpi_rs1[19]
  pcpi_rs1[1]
  pcpi_rs1[20]
  pcpi_rs1[21]
  pcpi_rs1[22]
  pcpi_rs1[23]
  pcpi_rs1[24]
  pcpi_rs1[25]
  pcpi_rs1[26]
  pcpi_rs1[27]
  pcpi_rs1[28]
  pcpi_rs1[29]
  pcpi_rs1[2]
  pcpi_rs1[30]
  pcpi_rs1[31]
  pcpi_rs1[3]
  pcpi_rs1[4]
  pcpi_rs1[5]
  pcpi_rs1[6]
  pcpi_rs1[7]
  pcpi_rs1[8]
  pcpi_rs1[9]
  pcpi_rs2[0]
  pcpi_rs2[10]
  pcpi_rs2[11]
  pcpi_rs2[12]
  pcpi_rs2[13]
  pcpi_rs2[14]
  pcpi_rs2[15]
  pcpi_rs2[16]
  pcpi_rs2[17]
  pcpi_rs2[18]
  pcpi_rs2[19]
  pcpi_rs2[1]
  pcpi_rs2[20]
  pcpi_rs2[21]
  pcpi_rs2[22]
  pcpi_rs2[23]
  pcpi_rs2[24]
  pcpi_rs2[25]
  pcpi_rs2[26]
  pcpi_rs2[27]
  pcpi_rs2[28]
  pcpi_rs2[29]
  pcpi_rs2[2]
  pcpi_rs2[30]
  pcpi_rs2[31]
  pcpi_rs2[3]
  pcpi_rs2[4]
  pcpi_rs2[5]
  pcpi_rs2[6]
  pcpi_rs2[7]
  pcpi_rs2[8]
  pcpi_rs2[9]
  trap
  rv32_soc/mem_rdata_q[0]$_DFFE_PP_/D
  rv32_soc/mem_rdata_q[10]$_DFFE_PP_/D
  rv32_soc/mem_rdata_q[11]$_DFFE_PP_/D
  rv32_soc/mem_rdata_q[12]$_DFFE_PP_/D
  rv32_soc/mem_rdata_q[13]$_DFFE_PP_/D
  rv32_soc/mem_rdata_q[14]$_DFFE_PP_/D
  rv32_soc/mem_rdata_q[15]$_DFFE_PP_/D
  rv32_soc/mem_rdata_q[16]$_DFFE_PP_/D
  rv32_soc/mem_rdata_q[17]$_DFFE_PP_/D
  rv32_soc/mem_rdata_q[18]$_DFFE_PP_/D
  rv32_soc/mem_rdata_q[19]$_DFFE_PP_/D
  rv32_soc/mem_rdata_q[1]$_DFFE_PP_/D
  rv32_soc/mem_rdata_q[20]$_DFFE_PP_/D
  rv32_soc/mem_rdata_q[21]$_DFFE_PP_/D
  rv32_soc/mem_rdata_q[22]$_DFFE_PP_/D
  rv32_soc/mem_rdata_q[23]$_DFFE_PP_/D
  rv32_soc/mem_rdata_q[24]$_DFFE_PP_/D
  rv32_soc/mem_rdata_q[25]$_DFFE_PP_/D
  rv32_soc/mem_rdata_q[26]$_DFFE_PP_/D
  rv32_soc/mem_rdata_q[27]$_DFFE_PP_/D
  rv32_soc/mem_rdata_q[28]$_DFFE_PP_/D
  rv32_soc/mem_rdata_q[29]$_DFFE_PP_/D
  rv32_soc/mem_rdata_q[2]$_DFFE_PP_/D
  rv32_soc/mem_rdata_q[30]$_DFFE_PP_/D
  rv32_soc/mem_rdata_q[31]$_DFFE_PP_/D
  rv32_soc/mem_rdata_q[3]$_DFFE_PP_/D
  rv32_soc/mem_rdata_q[4]$_DFFE_PP_/D
  rv32_soc/mem_rdata_q[5]$_DFFE_PP_/D
  rv32_soc/mem_rdata_q[6]$_DFFE_PP_/D
  rv32_soc/mem_rdata_q[7]$_DFFE_PP_/D
  rv32_soc/mem_rdata_q[8]$_DFFE_PP_/D
  rv32_soc/mem_rdata_q[9]$_DFFE_PP_/D
