OpenROAD v2.0-27941-gf9f3050fe8 
Features included (+) or not (-): +GPU +GUI +Python
This program is licensed under the BSD-3 license. See the LICENSE file for details.
Components of this program may be licensed under more restrictive licenses which must be honored.
[INFO ORD-0030] Using 20 thread(s).
[INFO FLW-0001] Defining timing corners: fast slow typical
Reading liberty file for fast: /home/arthur/.sc/cache/lambdapdk-v0.2.12-7b36460386694c92/lambdapdk/sky130/libs/sky130hd/nldm/sky130_fd_sc_hd__ff_100C_1v95.lib.gz
Reading liberty file for slow: /home/arthur/.sc/cache/lambdapdk-v0.2.12-7b36460386694c92/lambdapdk/sky130/libs/sky130hd/nldm/sky130_fd_sc_hd__ss_n40C_1v40.lib.gz
Reading liberty file for typical: /home/arthur/.sc/cache/lambdapdk-v0.2.12-7b36460386694c92/lambdapdk/sky130/libs/sky130hd/nldm/sky130_fd_sc_hd__tt_025C_1v80.lib.gz
Reading ODB: inputs/picorv32_bp_top.odb.gz
Reading SDC: inputs/picorv32_bp_top.sdc
[INFO FLW-0001] Timing path groups: asynchronous {path delay} {gated clock} unconstrained
[WARNING FLW-0001] No clocks defined.
[INFO FLW-0001] Sourcing parasitic estimation from: /home/arthur/ECE507/project/build/picorv32_bp_top/job0/write.views/0/inputs/sc_parasitics.tcl
[INFO FLW-0001] Using met5 for clock parasitics estimation
[INFO FLW-0001] Using met3 for signal parasitics estimation
[INFO FLW-0001] Setting global routing adjustment for li1 to 100%
[INFO FLW-0001] Setting global routing adjustment for met1 to 40.0%
[INFO FLW-0001] Setting global routing adjustment for met2 to 40.0%
[INFO FLW-0001] Setting global routing adjustment for met3 to 30.0%
[INFO FLW-0001] Setting global routing adjustment for met4 to 30.0%
[INFO FLW-0001] Setting global routing adjustment for met5 to 30.0%
Global connection rules: 2
  Instances: ".*" with pins "VPWR" connect to "VDD"
  Instances: ".*" with pins "VGND" connect to "VSS"
write_abstract_lef siliconcompiler arguments: -bloat_occupied_layers
[INFO RCX-0431] Defined process_corner X with ext_model_index 0
[INFO RCX-0029] Defined extraction corner X
Writing SPEF for typical
[INFO RCX-0435] Reading extraction model file /home/arthur/.sc/cache/lambdapdk-v0.2.12-7b36460386694c92/lambdapdk/sky130/base/pex/openroad/maximum.rules ...
[INFO RCX-0436] RC segment generation picorv32_bp_top (max_merge_res 50.0) ...
[INFO RCX-0040] Final 32047 rc segments
[INFO RCX-0439] Coupling Cap extraction picorv32_bp_top ...
[INFO RCX-0440] Coupling threshhold is 0.1000 fF, coupling capacitance less than 0.1000 fF will be grounded.
[INFO RCX-0442] 20% of 93965 wires extracted
[INFO RCX-0442] 70% of 93965 wires extracted
[INFO RCX-0442] 100% of 93965 wires extracted
[INFO RCX-0045] Extract 5889 nets, 37936 rsegs, 37936 caps, 49980 ccs
[INFO RCX-0443] 5889 nets finished
Reading SPEF for typical into fast
Reading SPEF for typical into slow
Reading SPEF for typical into typical
Writing timing model for fast
Writing timing model for slow
Writing timing model for typical
Writing SDF for fast
Writing SDF for slow
Writing SDF for typical
Analyzing supply net: VDD on typical
[INFO PSM-0040] All shapes on net VDD are connected.
########## IR report #################
Net              : VDD
Corner           : typical
Total power      : 7.86e-02 W
Supply voltage   : 1.95e+00 V
Worstcase voltage: 1.95e+00 V
Average voltage  : 1.95e+00 V
Average IR drop  : 3.58e-05 V
Worstcase IR drop: 1.47e-03 V
Percentage drop  : 0.08 %
######################################
Analyzing supply net: VSS on typical
[INFO PSM-0040] All shapes on net VSS are connected.
########## IR report #################
Net              : VSS
Corner           : typical
Total power      : 7.86e-02 W
Supply voltage   : 0.00e+00 V
Worstcase voltage: 1.53e-03 V
Average voltage  : 3.48e-05 V
Average IR drop  : 3.48e-05 V
Worstcase IR drop: 1.53e-03 V
Percentage drop  : 0.08 %
######################################
Writing database: outputs/picorv32_bp_top.odb.gz
Writing DEF: outputs/picorv32_bp_top.def.gz
Writing netlist: outputs/picorv32_bp_top.vg
Writing LEC netlist: outputs/picorv32_bp_top.lec.vg
Writing SDC: outputs/picorv32_bp_top.sdc
SC_METRIC: report_checks -path_delay max
No paths found.
SC_METRIC: setupslack
worst slack max INF
SC_METRIC: tns
tns max 0.00
SC_METRIC: report_checks -path_delay min
No paths found.
SC_METRIC: holdslack
worst slack min INF
SC_METRIC: unconstrained
Startpoint: cpu/decoder_trigger$_DFF_P_ (rising edge-triggered flip-flop)
Endpoint: cpu/count_instr[62]$_SDFFE_PN0P_ (rising edge-triggered flip-flop)
Path Group: unconstrained
Path Type: max
Corner: slow

Fanout     Cap    Slew   Delay    Time   Description
-----------------------------------------------------------------------------
                  4.59    0.00    0.00 ^ cpu/decoder_trigger$_DFF_P_/CLK (sky130_fd_sc_hd__dfxtp_1)
    35    0.15    4.83    6.64    6.64 ^ cpu/decoder_trigger$_DFF_P_/Q (sky130_fd_sc_hd__dfxtp_1)
                                         _3425_ (net)
                  4.83    0.01    6.65 ^ _8620_/D (sky130_fd_sc_hd__and4_1)
     4    0.01    0.38    2.54    9.19 ^ _8620_/X (sky130_fd_sc_hd__and4_1)
                                         _4149_ (net)
                  0.38    0.00    9.19 ^ _8621_/D (sky130_fd_sc_hd__and4_1)
     5    0.01    0.41    0.91   10.10 ^ _8621_/X (sky130_fd_sc_hd__and4_1)
                                         _4150_ (net)
                  0.41    0.00   10.10 ^ _8622_/D (sky130_fd_sc_hd__and4_1)
     5    0.01    0.44    0.95   11.06 ^ _8622_/X (sky130_fd_sc_hd__and4_1)
                                         _4151_ (net)
                  0.44    0.00   11.06 ^ _8623_/D (sky130_fd_sc_hd__and4_1)
     5    0.01    0.44    0.97   12.02 ^ _8623_/X (sky130_fd_sc_hd__and4_1)
                                         _4152_ (net)
                  0.44    0.00   12.02 ^ _8624_/D (sky130_fd_sc_hd__and4_1)
     5    0.01    0.45    0.97   12.99 ^ _8624_/X (sky130_fd_sc_hd__and4_1)
                                         _4153_ (net)
                  0.45    0.00   13.00 ^ _8625_/D (sky130_fd_sc_hd__and4_1)
     4    0.01    0.37    0.91   13.91 ^ _8625_/X (sky130_fd_sc_hd__and4_1)
                                         _4154_ (net)
                  0.37    0.00   13.91 ^ _8626_/D (sky130_fd_sc_hd__and4_1)
     5    0.01    0.40    0.90   14.81 ^ _8626_/X (sky130_fd_sc_hd__and4_1)
                                         _4155_ (net)
                  0.40    0.00   14.81 ^ _8627_/D (sky130_fd_sc_hd__and4_1)
     5    0.01    0.41    0.92   15.73 ^ _8627_/X (sky130_fd_sc_hd__and4_1)
                                         _4156_ (net)
                  0.41    0.00   15.74 ^ _8628_/D (sky130_fd_sc_hd__and4_1)
     5    0.01    0.45    0.96   16.69 ^ _8628_/X (sky130_fd_sc_hd__and4_1)
                                         _4157_ (net)
                  0.45    0.00   16.69 ^ _8629_/D (sky130_fd_sc_hd__and4_1)
     5    0.01    0.41    0.94   17.63 ^ _8629_/X (sky130_fd_sc_hd__and4_1)
                                         _4158_ (net)
                  0.41    0.00   17.63 ^ _8630_/D (sky130_fd_sc_hd__and4_1)
     5    0.01    0.47    0.97   18.61 ^ _8630_/X (sky130_fd_sc_hd__and4_1)
                                         _4159_ (net)
                  0.47    0.00   18.61 ^ _8631_/D (sky130_fd_sc_hd__and4_1)
     5    0.01    0.45    0.98   19.59 ^ _8631_/X (sky130_fd_sc_hd__and4_1)
                                         _4160_ (net)
                  0.45    0.00   19.59 ^ _8632_/D (sky130_fd_sc_hd__and4_1)
     5    0.01    0.52    1.03   20.62 ^ _8632_/X (sky130_fd_sc_hd__and4_1)
                                         _4161_ (net)
                  0.52    0.00   20.62 ^ _8633_/D (sky130_fd_sc_hd__nand4_1)
     2    0.01    0.29    0.54   21.16 v _8633_/Y (sky130_fd_sc_hd__nand4_1)
                                         _4162_ (net)
                  0.29    0.00   21.16 v _8634_/D (sky130_fd_sc_hd__nor4_2)
     5    0.01    1.56    1.47   22.63 ^ _8634_/Y (sky130_fd_sc_hd__nor4_2)
                                         _4163_ (net)
                  1.56    0.00   22.63 ^ _8635_/D (sky130_fd_sc_hd__nand4_1)
     5    0.01    0.50    1.13   23.76 v _8635_/Y (sky130_fd_sc_hd__nand4_1)
                                         _4164_ (net)
                  0.50    0.00   23.76 v _8636_/D (sky130_fd_sc_hd__nor4_1)
     4    0.01    1.98    1.89   25.65 ^ _8636_/Y (sky130_fd_sc_hd__nor4_1)
                                         _4165_ (net)
                  1.98    0.00   25.65 ^ _8637_/C (sky130_fd_sc_hd__and3_1)
     5    0.01    0.38    1.45   27.11 ^ _8637_/X (sky130_fd_sc_hd__and3_1)
                                         _4166_ (net)
                  0.38    0.00   27.11 ^ _8638_/D (sky130_fd_sc_hd__and4_1)
     6    0.01    0.53    1.01   28.12 ^ _8638_/X (sky130_fd_sc_hd__and4_1)
                                         _4167_ (net)
                  0.53    0.00   28.12 ^ _8639_/D (sky130_fd_sc_hd__and4_1)
     6    0.01    0.53    1.07   29.19 ^ _8639_/X (sky130_fd_sc_hd__and4_1)
                                         _4168_ (net)
                  0.53    0.00   29.19 ^ _8640_/D (sky130_fd_sc_hd__and4_1)
     4    0.01    0.39    0.97   30.15 ^ _8640_/X (sky130_fd_sc_hd__and4_1)
                                         _4169_ (net)
                  0.39    0.00   30.15 ^ _8641_/B (sky130_fd_sc_hd__and2_0)
     3    0.01    0.38    0.67   30.82 ^ _8641_/X (sky130_fd_sc_hd__and2_0)
                                         _4170_ (net)
                  0.38    0.00   30.82 ^ _8642_/A2 (sky130_fd_sc_hd__o21ai_0)
     1    0.00    0.14    0.31   31.13 v _8642_/Y (sky130_fd_sc_hd__o21ai_0)
                                         _4171_ (net)
                  0.14    0.00   31.13 v _8643_/B1 (sky130_fd_sc_hd__a21oi_1)
     1    0.00    0.29    0.39   31.52 ^ _8643_/Y (sky130_fd_sc_hd__a21oi_1)
                                         _0293_ (net)
                  0.29    0.00   31.52 ^ cpu/count_instr[62]$_SDFFE_PN0P_/D (sky130_fd_sc_hd__dfxtp_1)
                                 31.52   data arrival time
-----------------------------------------------------------------------------
(Path is unconstrained)


SC_METRIC: DRV violators
max slew

Pin                                    Limit    Slew   Slack
------------------------------------------------------------
cpu/cpuregs[31][25]$_DFFE_PP_/CLK       1.50    1.73   -0.23 (VIOLATED)
cpu/cpuregs[26][25]$_DFFE_PP_/CLK       1.50    1.73   -0.23 (VIOLATED)
cpu/cpuregs[27][25]$_DFFE_PP_/CLK       1.50    1.73   -0.23 (VIOLATED)
cpu/cpuregs[30][25]$_DFFE_PP_/CLK       1.50    1.73   -0.23 (VIOLATED)
cpu/cpuregs[14][25]$_DFFE_PP_/CLK       1.50    1.73   -0.23 (VIOLATED)
cpu/cpuregs[11][25]$_DFFE_PP_/CLK       1.50    1.73   -0.23 (VIOLATED)
cpu/cpuregs[15][25]$_DFFE_PP_/CLK       1.50    1.73   -0.23 (VIOLATED)
cpu/cpuregs[18][25]$_DFFE_PP_/CLK       1.50    1.73   -0.23 (VIOLATED)
cpu/cpuregs[19][25]$_DFFE_PP_/CLK       1.50    1.73   -0.23 (VIOLATED)
cpu/cpuregs[22][25]$_DFFE_PP_/CLK       1.50    1.73   -0.23 (VIOLATED)
cpu/cpuregs[10][25]$_DFFE_PP_/CLK       1.50    1.73   -0.23 (VIOLATED)
cpu/cpuregs[23][25]$_DFFE_PP_/CLK       1.50    1.73   -0.23 (VIOLATED)
cpu/cpuregs[25][25]$_DFFE_PP_/CLK       1.50    1.73   -0.23 (VIOLATED)
cpu/cpuregs[28][25]$_DFFE_PP_/CLK       1.50    1.72   -0.22 (VIOLATED)
cpu/cpuregs[3][25]$_DFFE_PP_/CLK        1.50    1.72   -0.22 (VIOLATED)
cpu/cpuregs[29][25]$_DFFE_PP_/CLK       1.50    1.72   -0.22 (VIOLATED)
cpu/cpuregs[2][25]$_DFFE_PP_/CLK        1.50    1.72   -0.22 (VIOLATED)
cpu/cpuregs[6][25]$_DFFE_PP_/CLK        1.50    1.72   -0.22 (VIOLATED)
cpu/cpuregs[24][25]$_DFFE_PP_/CLK       1.50    1.72   -0.22 (VIOLATED)
cpu/cpuregs[7][25]$_DFFE_PP_/CLK        1.50    1.72   -0.22 (VIOLATED)
cpu/cpuregs[17][25]$_DFFE_PP_/CLK       1.50    1.72   -0.22 (VIOLATED)
cpu/cpuregs[9][25]$_DFFE_PP_/CLK        1.50    1.72   -0.22 (VIOLATED)
cpu/cpuregs[12][25]$_DFFE_PP_/CLK       1.50    1.72   -0.22 (VIOLATED)
cpu/cpuregs[20][25]$_DFFE_PP_/CLK       1.50    1.72   -0.22 (VIOLATED)
cpu/cpuregs[13][25]$_DFFE_PP_/CLK       1.50    1.72   -0.22 (VIOLATED)
cpu/cpuregs[16][25]$_DFFE_PP_/CLK       1.50    1.72   -0.22 (VIOLATED)
cpu/cpuregs[21][25]$_DFFE_PP_/CLK       1.50    1.72   -0.22 (VIOLATED)
cpu/cpuregs[8][25]$_DFFE_PP_/CLK        1.50    1.72   -0.22 (VIOLATED)
cpu/cpuregs[5][25]$_DFFE_PP_/CLK        1.50    1.72   -0.22 (VIOLATED)
cpu/cpuregs[4][25]$_DFFE_PP_/CLK        1.50    1.72   -0.22 (VIOLATED)
cpu/cpuregs[16][31]$_DFFE_PP_/CLK       1.50    1.72   -0.22 (VIOLATED)
cpu/cpuregs[18][31]$_DFFE_PP_/CLK       1.50    1.72   -0.22 (VIOLATED)
cpu/cpuregs[29][12]$_DFFE_PP_/CLK       1.50    1.72   -0.22 (VIOLATED)
cpu/cpuregs[28][12]$_DFFE_PP_/CLK       1.50    1.72   -0.22 (VIOLATED)
cpu/cpuregs[25][12]$_DFFE_PP_/CLK       1.50    1.72   -0.22 (VIOLATED)
cpu/cpuregs[0][25]$_DFFE_PP_/CLK        1.50    1.72   -0.22 (VIOLATED)
cpu/cpuregs[26][12]$_DFFE_PP_/CLK       1.50    1.72   -0.22 (VIOLATED)
cpu/cpuregs[31][12]$_DFFE_PP_/CLK       1.50    1.72   -0.22 (VIOLATED)
cpu/cpuregs[30][12]$_DFFE_PP_/CLK       1.50    1.72   -0.22 (VIOLATED)
cpu/cpuregs[27][12]$_DFFE_PP_/CLK       1.50    1.72   -0.22 (VIOLATED)
cpu/cpuregs[21][12]$_DFFE_PP_/CLK       1.50    1.72   -0.22 (VIOLATED)
cpu/cpuregs[20][12]$_DFFE_PP_/CLK       1.50    1.72   -0.22 (VIOLATED)
cpu/cpuregs[1][25]$_DFFE_PP_/CLK        1.50    1.72   -0.22 (VIOLATED)
cpu/cpuregs[17][12]$_DFFE_PP_/CLK       1.50    1.72   -0.22 (VIOLATED)
cpu/cpuregs[16][12]$_DFFE_PP_/CLK       1.50    1.72   -0.22 (VIOLATED)
cpu/cpuregs[19][12]$_DFFE_PP_/CLK       1.50    1.72   -0.22 (VIOLATED)
cpu/cpuregs[23][12]$_DFFE_PP_/CLK       1.50    1.72   -0.22 (VIOLATED)
cpu/cpuregs[22][12]$_DFFE_PP_/CLK       1.50    1.72   -0.22 (VIOLATED)
cpu/cpuregs[18][12]$_DFFE_PP_/CLK       1.50    1.72   -0.22 (VIOLATED)
cpu/cpuregs[4][12]$_DFFE_PP_/CLK        1.50    1.72   -0.22 (VIOLATED)
cpu/cpuregs[1][12]$_DFFE_PP_/CLK        1.50    1.72   -0.22 (VIOLATED)
cpu/cpuregs[20][17]$_DFFE_PP_/CLK       1.50    1.72   -0.22 (VIOLATED)
cpu/cpuregs[5][12]$_DFFE_PP_/CLK        1.50    1.72   -0.22 (VIOLATED)
cpu/cpuregs[0][12]$_DFFE_PP_/CLK        1.50    1.71   -0.21 (VIOLATED)
cpu/cpuregs[18][17]$_DFFE_PP_/CLK       1.50    1.71   -0.21 (VIOLATED)
cpu/cpuregs[22][17]$_DFFE_PP_/CLK       1.50    1.71   -0.21 (VIOLATED)
cpu/cpuregs[23][17]$_DFFE_PP_/CLK       1.50    1.71   -0.21 (VIOLATED)
cpu/cpuregs[19][17]$_DFFE_PP_/CLK       1.50    1.71   -0.21 (VIOLATED)
cpu/cpuregs[21][17]$_DFFE_PP_/CLK       1.50    1.71   -0.21 (VIOLATED)
cpu/cpuregs[16][17]$_DFFE_PP_/CLK       1.50    1.71   -0.21 (VIOLATED)
cpu/cpuregs[17][17]$_DFFE_PP_/CLK       1.50    1.71   -0.21 (VIOLATED)
cpu/cpuregs[24][17]$_DFFE_PP_/CLK       1.50    1.71   -0.21 (VIOLATED)
cpu/cpuregs[29][17]$_DFFE_PP_/CLK       1.50    1.71   -0.21 (VIOLATED)
cpu/cpuregs[28][17]$_DFFE_PP_/CLK       1.50    1.71   -0.21 (VIOLATED)
cpu/cpuregs[1][17]$_DFFE_PP_/CLK        1.50    1.70   -0.20 (VIOLATED)
cpu/cpuregs[5][17]$_DFFE_PP_/CLK        1.50    1.70   -0.20 (VIOLATED)
cpu/cpuregs[0][17]$_DFFE_PP_/CLK        1.50    1.70   -0.20 (VIOLATED)
cpu/cpuregs[25][17]$_DFFE_PP_/CLK       1.50    1.70   -0.20 (VIOLATED)
cpu/cpuregs[31][17]$_DFFE_PP_/CLK       1.50    1.70   -0.20 (VIOLATED)
cpu/cpuregs[30][17]$_DFFE_PP_/CLK       1.50    1.70   -0.20 (VIOLATED)
place259/A                              1.50    1.70   -0.20 (VIOLATED)
cpu/cpuregs[10][17]$_DFFE_PP_/CLK       1.50    1.70   -0.20 (VIOLATED)
cpu/cpuregs[11][17]$_DFFE_PP_/CLK       1.50    1.70   -0.20 (VIOLATED)
cpu/cpuregs[3][17]$_DFFE_PP_/CLK        1.50    1.69   -0.19 (VIOLATED)
cpu/cpuregs[2][17]$_DFFE_PP_/CLK        1.50    1.69   -0.19 (VIOLATED)
cpu/cpuregs[7][17]$_DFFE_PP_/CLK        1.50    1.69   -0.19 (VIOLATED)
cpu/cpuregs[27][17]$_DFFE_PP_/CLK       1.50    1.69   -0.19 (VIOLATED)
cpu/cpuregs[26][17]$_DFFE_PP_/CLK       1.50    1.69   -0.19 (VIOLATED)
cpu/cpuregs[7][16]$_DFFE_PP_/CLK        1.50    1.68   -0.18 (VIOLATED)
cpu/cpuregs[6][16]$_DFFE_PP_/CLK        1.50    1.68   -0.18 (VIOLATED)
cpu/cpuregs[3][16]$_DFFE_PP_/CLK        1.50    1.68   -0.18 (VIOLATED)
cpu/cpuregs[1][16]$_DFFE_PP_/CLK        1.50    1.68   -0.18 (VIOLATED)
cpu/cpuregs[0][16]$_DFFE_PP_/CLK        1.50    1.68   -0.18 (VIOLATED)
cpu/cpuregs[5][16]$_DFFE_PP_/CLK        1.50    1.68   -0.18 (VIOLATED)
cpu/cpuregs[4][16]$_DFFE_PP_/CLK        1.50    1.68   -0.18 (VIOLATED)
cpu/cpuregs[8][16]$_DFFE_PP_/CLK        1.50    1.68   -0.18 (VIOLATED)
cpu/cpuregs[9][16]$_DFFE_PP_/CLK        1.50    1.68   -0.18 (VIOLATED)
cpu/cpuregs[13][16]$_DFFE_PP_/CLK       1.50    1.68   -0.18 (VIOLATED)
cpu/cpuregs[11][16]$_DFFE_PP_/CLK       1.50    1.68   -0.18 (VIOLATED)
cpu/cpuregs[10][16]$_DFFE_PP_/CLK       1.50    1.68   -0.18 (VIOLATED)
cpu/cpuregs[12][16]$_DFFE_PP_/CLK       1.50    1.68   -0.18 (VIOLATED)
cpu/cpuregs[14][16]$_DFFE_PP_/CLK       1.50    1.68   -0.18 (VIOLATED)
cpu/cpuregs[15][16]$_DFFE_PP_/CLK       1.50    1.68   -0.18 (VIOLATED)
cpu/cpuregs[26][16]$_DFFE_PP_/CLK       1.50    1.68   -0.18 (VIOLATED)
cpu/cpuregs[31][16]$_DFFE_PP_/CLK       1.50    1.68   -0.18 (VIOLATED)
cpu/cpuregs[30][16]$_DFFE_PP_/CLK       1.50    1.68   -0.18 (VIOLATED)
cpu/cpuregs[27][16]$_DFFE_PP_/CLK       1.50    1.68   -0.18 (VIOLATED)
cpu/cpuregs[2][16]$_DFFE_PP_/CLK        1.50    1.67   -0.17 (VIOLATED)
cpu/cpuregs[17][16]$_DFFE_PP_/CLK       1.50    1.67   -0.17 (VIOLATED)
cpu/cpuregs[16][16]$_DFFE_PP_/CLK       1.50    1.67   -0.17 (VIOLATED)
cpu/cpuregs[21][16]$_DFFE_PP_/CLK       1.50    1.67   -0.17 (VIOLATED)
cpu/cpuregs[20][16]$_DFFE_PP_/CLK       1.50    1.67   -0.17 (VIOLATED)
cpu/cpuregs[10][11]$_DFFE_PP_/CLK       1.50    1.67   -0.17 (VIOLATED)
cpu/cpuregs[11][11]$_DFFE_PP_/CLK       1.50    1.67   -0.17 (VIOLATED)
cpu/cpuregs[0][11]$_DFFE_PP_/CLK        1.50    1.67   -0.17 (VIOLATED)
cpu/cpuregs[14][11]$_DFFE_PP_/CLK       1.50    1.67   -0.17 (VIOLATED)
cpu/cpuregs[1][11]$_DFFE_PP_/CLK        1.50    1.67   -0.17 (VIOLATED)
cpu/cpuregs[2][11]$_DFFE_PP_/CLK        1.50    1.67   -0.17 (VIOLATED)
cpu/cpuregs[15][11]$_DFFE_PP_/CLK       1.50    1.67   -0.17 (VIOLATED)
cpu/cpuregs[3][11]$_DFFE_PP_/CLK        1.50    1.67   -0.17 (VIOLATED)
cpu/cpuregs[5][11]$_DFFE_PP_/CLK        1.50    1.67   -0.17 (VIOLATED)
cpu/cpuregs[4][11]$_DFFE_PP_/CLK        1.50    1.67   -0.17 (VIOLATED)
cpu/cpuregs[7][11]$_DFFE_PP_/CLK        1.50    1.67   -0.17 (VIOLATED)
cpu/cpuregs[12][11]$_DFFE_PP_/CLK       1.50    1.67   -0.17 (VIOLATED)
cpu/cpuregs[9][11]$_DFFE_PP_/CLK        1.50    1.67   -0.17 (VIOLATED)
cpu/cpuregs[6][11]$_DFFE_PP_/CLK        1.50    1.67   -0.17 (VIOLATED)
cpu/cpuregs[8][11]$_DFFE_PP_/CLK        1.50    1.67   -0.17 (VIOLATED)
cpu/cpuregs[13][11]$_DFFE_PP_/CLK       1.50    1.67   -0.17 (VIOLATED)
cpu/cpuregs[22][11]$_DFFE_PP_/CLK       1.50    1.67   -0.17 (VIOLATED)
cpu/cpuregs[23][11]$_DFFE_PP_/CLK       1.50    1.67   -0.17 (VIOLATED)
cpu/cpuregs[19][11]$_DFFE_PP_/CLK       1.50    1.67   -0.17 (VIOLATED)
cpu/cpuregs[18][11]$_DFFE_PP_/CLK       1.50    1.67   -0.17 (VIOLATED)
cpu/cpuregs[19][16]$_DFFE_PP_/CLK       1.50    1.67   -0.17 (VIOLATED)
cpu/cpuregs[28][16]$_DFFE_PP_/CLK       1.50    1.67   -0.17 (VIOLATED)
cpu/cpuregs[23][16]$_DFFE_PP_/CLK       1.50    1.67   -0.17 (VIOLATED)
cpu/cpuregs[18][16]$_DFFE_PP_/CLK       1.50    1.67   -0.17 (VIOLATED)
cpu/cpuregs[22][16]$_DFFE_PP_/CLK       1.50    1.67   -0.17 (VIOLATED)
cpu/cpuregs[29][16]$_DFFE_PP_/CLK       1.50    1.67   -0.17 (VIOLATED)
cpu/cpuregs[25][16]$_DFFE_PP_/CLK       1.50    1.67   -0.17 (VIOLATED)
cpu/cpuregs[24][16]$_DFFE_PP_/CLK       1.50    1.66   -0.16 (VIOLATED)
cpu/cpuregs[7][12]$_DFFE_PP_/CLK        1.50    1.65   -0.15 (VIOLATED)
cpu/cpuregs[3][12]$_DFFE_PP_/CLK        1.50    1.65   -0.15 (VIOLATED)
cpu/cpuregs[2][12]$_DFFE_PP_/CLK        1.50    1.64   -0.14 (VIOLATED)
cpu/cpuregs[14][12]$_DFFE_PP_/CLK       1.50    1.64   -0.14 (VIOLATED)
cpu/cpuregs[15][12]$_DFFE_PP_/CLK       1.50    1.64   -0.14 (VIOLATED)
cpu/cpuregs[11][12]$_DFFE_PP_/CLK       1.50    1.64   -0.14 (VIOLATED)
cpu/cpuregs[6][12]$_DFFE_PP_/CLK        1.50    1.64   -0.14 (VIOLATED)
cpu/cpuregs[26][11]$_DFFE_PP_/CLK       1.50    1.63   -0.13 (VIOLATED)
cpu/cpuregs[27][11]$_DFFE_PP_/CLK       1.50    1.63   -0.13 (VIOLATED)
cpu/cpuregs[17][11]$_DFFE_PP_/CLK       1.50    1.63   -0.13 (VIOLATED)
cpu/cpuregs[16][11]$_DFFE_PP_/CLK       1.50    1.63   -0.13 (VIOLATED)
cpu/cpuregs[21][11]$_DFFE_PP_/CLK       1.50    1.63   -0.13 (VIOLATED)
cpu/cpuregs[16][10]$_DFFE_PP_/CLK       1.50    1.63   -0.13 (VIOLATED)
cpu/cpuregs[5][10]$_DFFE_PP_/CLK        1.50    1.63   -0.13 (VIOLATED)
cpu/cpuregs[20][10]$_DFFE_PP_/CLK       1.50    1.63   -0.13 (VIOLATED)
cpu/cpuregs[21][10]$_DFFE_PP_/CLK       1.50    1.63   -0.13 (VIOLATED)
cpu/cpuregs[1][10]$_DFFE_PP_/CLK        1.50    1.63   -0.13 (VIOLATED)
cpu/cpuregs[17][10]$_DFFE_PP_/CLK       1.50    1.63   -0.13 (VIOLATED)
cpu/cpuregs[0][10]$_DFFE_PP_/CLK        1.50    1.63   -0.13 (VIOLATED)
cpu/cpuregs[18][10]$_DFFE_PP_/CLK       1.50    1.63   -0.13 (VIOLATED)
cpu/cpuregs[4][10]$_DFFE_PP_/CLK        1.50    1.63   -0.13 (VIOLATED)
cpu/cpuregs[19][10]$_DFFE_PP_/CLK       1.50    1.63   -0.13 (VIOLATED)
cpu/cpuregs[23][10]$_DFFE_PP_/CLK       1.50    1.63   -0.13 (VIOLATED)
cpu/cpuregs[22][10]$_DFFE_PP_/CLK       1.50    1.63   -0.13 (VIOLATED)
cpu/cpuregs[24][10]$_DFFE_PP_/CLK       1.50    1.63   -0.13 (VIOLATED)
cpu/cpuregs[28][10]$_DFFE_PP_/CLK       1.50    1.63   -0.13 (VIOLATED)
cpu/cpuregs[25][10]$_DFFE_PP_/CLK       1.50    1.63   -0.13 (VIOLATED)
cpu/cpuregs[26][10]$_DFFE_PP_/CLK       1.50    1.63   -0.13 (VIOLATED)
cpu/cpuregs[29][10]$_DFFE_PP_/CLK       1.50    1.63   -0.13 (VIOLATED)
cpu/cpuregs[13][10]$_DFFE_PP_/CLK       1.50    1.63   -0.13 (VIOLATED)
cpu/cpuregs[12][10]$_DFFE_PP_/CLK       1.50    1.63   -0.13 (VIOLATED)
cpu/cpuregs[9][10]$_DFFE_PP_/CLK        1.50    1.63   -0.13 (VIOLATED)
cpu/cpuregs[27][10]$_DFFE_PP_/CLK       1.50    1.63   -0.13 (VIOLATED)
cpu/cpuregs[30][10]$_DFFE_PP_/CLK       1.50    1.63   -0.13 (VIOLATED)
cpu/cpuregs[20][11]$_DFFE_PP_/CLK       1.50    1.63   -0.13 (VIOLATED)
cpu/cpuregs[31][10]$_DFFE_PP_/CLK       1.50    1.63   -0.13 (VIOLATED)
cpu/cpuregs[15][10]$_DFFE_PP_/CLK       1.50    1.63   -0.13 (VIOLATED)
cpu/cpuregs[14][10]$_DFFE_PP_/CLK       1.50    1.62   -0.12 (VIOLATED)
cpu/cpuregs[6][10]$_DFFE_PP_/CLK        1.50    1.62   -0.12 (VIOLATED)
cpu/cpuregs[7][10]$_DFFE_PP_/CLK        1.50    1.62   -0.12 (VIOLATED)
cpu/cpuregs[2][10]$_DFFE_PP_/CLK        1.50    1.62   -0.12 (VIOLATED)
cpu/cpuregs[3][10]$_DFFE_PP_/CLK        1.50    1.62   -0.12 (VIOLATED)
cpu/cpuregs[8][10]$_DFFE_PP_/CLK        1.50    1.62   -0.12 (VIOLATED)
cpu/cpuregs[10][10]$_DFFE_PP_/CLK       1.50    1.62   -0.12 (VIOLATED)
cpu/cpuregs[11][10]$_DFFE_PP_/CLK       1.50    1.62   -0.12 (VIOLATED)
cpu/cpuregs[29][11]$_DFFE_PP_/CLK       1.50    1.62   -0.12 (VIOLATED)
cpu/cpuregs[10][12]$_DFFE_PP_/CLK       1.50    1.62   -0.12 (VIOLATED)
cpu/cpuregs[28][11]$_DFFE_PP_/CLK       1.50    1.62   -0.12 (VIOLATED)
cpu/cpuregs[25][11]$_DFFE_PP_/CLK       1.50    1.62   -0.12 (VIOLATED)
cpu/cpuregs[24][11]$_DFFE_PP_/CLK       1.50    1.62   -0.12 (VIOLATED)
cpu/cpuregs[31][11]$_DFFE_PP_/CLK       1.50    1.62   -0.12 (VIOLATED)
cpu/cpuregs[30][11]$_DFFE_PP_/CLK       1.50    1.62   -0.12 (VIOLATED)
cpu/cpuregs[8][12]$_DFFE_PP_/CLK        1.50    1.61   -0.11 (VIOLATED)
cpu/cpuregs[12][12]$_DFFE_PP_/CLK       1.50    1.60   -0.10 (VIOLATED)
cpu/cpuregs[13][12]$_DFFE_PP_/CLK       1.50    1.59   -0.09 (VIOLATED)
cpu/cpuregs[9][12]$_DFFE_PP_/CLK        1.50    1.59   -0.09 (VIOLATED)
cpu/cpuregs[3][14]$_DFFE_PP_/CLK        1.50    1.58   -0.08 (VIOLATED)
cpu/cpuregs[2][14]$_DFFE_PP_/CLK        1.50    1.58   -0.08 (VIOLATED)
cpu/cpuregs[6][14]$_DFFE_PP_/CLK        1.50    1.58   -0.08 (VIOLATED)
cpu/cpuregs[7][14]$_DFFE_PP_/CLK        1.50    1.58   -0.08 (VIOLATED)
cpu/reg_next_pc[13]$_SDFFE_PN0P_/CLK    1.50    1.58   -0.08 (VIOLATED)
cpu/reg_pc[13]$_SDFFE_PN0P_/CLK         1.50    1.58   -0.08 (VIOLATED)
cpu/reg_next_pc[12]$_SDFFE_PN0P_/CLK    1.50    1.58   -0.08 (VIOLATED)
cpu/reg_pc[14]$_SDFFE_PN0P_/CLK         1.50    1.58   -0.08 (VIOLATED)
cpu/cpuregs[4][14]$_DFFE_PP_/CLK        1.50    1.58   -0.08 (VIOLATED)
cpu/reg_next_pc[16]$_SDFFE_PN0P_/CLK    1.50    1.58   -0.08 (VIOLATED)
cpu/reg_next_pc[14]$_SDFFE_PN0P_/CLK    1.50    1.58   -0.08 (VIOLATED)
cpu/reg_next_pc[15]$_SDFFE_PN0P_/CLK    1.50    1.58   -0.08 (VIOLATED)
cpu/reg_pc[15]$_SDFFE_PN0P_/CLK         1.50    1.58   -0.08 (VIOLATED)
cpu/cpuregs[0][14]$_DFFE_PP_/CLK        1.50    1.58   -0.08 (VIOLATED)
cpu/cpuregs[1][14]$_DFFE_PP_/CLK        1.50    1.58   -0.08 (VIOLATED)
cpu/cpuregs[5][14]$_DFFE_PP_/CLK        1.50    1.58   -0.08 (VIOLATED)
cpu/alu_out_q[14]$_DFF_P_/CLK           1.50    1.58   -0.08 (VIOLATED)
cpu/alu_out_q[15]$_DFF_P_/CLK           1.50    1.58   -0.08 (VIOLATED)
cpu/cpuregs[8][14]$_DFFE_PP_/CLK        1.50    1.58   -0.08 (VIOLATED)
cpu/cpuregs[13][14]$_DFFE_PP_/CLK       1.50    1.58   -0.08 (VIOLATED)
cpu/cpuregs[12][14]$_DFFE_PP_/CLK       1.50    1.58   -0.08 (VIOLATED)
cpu/cpuregs[9][14]$_DFFE_PP_/CLK        1.50    1.58   -0.08 (VIOLATED)
cpu/cpuregs[10][14]$_DFFE_PP_/CLK       1.50    1.58   -0.08 (VIOLATED)
cpu/reg_out[14]$_DFF_P_/CLK             1.50    1.58   -0.08 (VIOLATED)
cpu/reg_out[15]$_DFF_P_/CLK             1.50    1.58   -0.08 (VIOLATED)
cpu/reg_pc[12]$_SDFFE_PN0P_/CLK         1.50    1.58   -0.08 (VIOLATED)
cpu/alu_out_q[12]$_DFF_P_/CLK           1.50    1.58   -0.08 (VIOLATED)
cpu/reg_out[12]$_DFF_P_/CLK             1.50    1.58   -0.08 (VIOLATED)
cpu/reg_out[13]$_DFF_P_/CLK             1.50    1.58   -0.08 (VIOLATED)
cpu/alu_out_q[13]$_DFF_P_/CLK           1.50    1.57   -0.07 (VIOLATED)
cpu/cpuregs[11][14]$_DFFE_PP_/CLK       1.50    1.57   -0.07 (VIOLATED)
cpu/reg_next_pc[11]$_SDFFE_PN0P_/CLK    1.50    1.57   -0.07 (VIOLATED)
cpu/decoded_imm_j[10]$_DFFE_PP_/CLK     1.50    1.57   -0.07 (VIOLATED)
cpu/reg_next_pc[10]$_SDFFE_PN0P_/CLK    1.50    1.57   -0.07 (VIOLATED)
mem_wdata[13]$_DFFE_PP_/CLK             1.50    1.57   -0.07 (VIOLATED)
mem_wdata[29]$_DFFE_PP_/CLK             1.50    1.57   -0.07 (VIOLATED)
mem_addr[30]$_DFFE_PP_/CLK              1.50    1.57   -0.07 (VIOLATED)
mem_addr[14]$_DFFE_PP_/CLK              1.50    1.57   -0.07 (VIOLATED)
mem_addr[13]$_DFFE_PP_/CLK              1.50    1.57   -0.07 (VIOLATED)
mem_addr[15]$_DFFE_PP_/CLK              1.50    1.57   -0.07 (VIOLATED)
mem_wdata[18]$_DFFE_PP_/CLK             1.50    1.57   -0.07 (VIOLATED)
mem_wdata[19]$_DFFE_PP_/CLK             1.50    1.57   -0.07 (VIOLATED)
mem_wdata[28]$_DFFE_PP_/CLK             1.50    1.57   -0.07 (VIOLATED)
mem_wdata[22]$_DFFE_PP_/CLK             1.50    1.57   -0.07 (VIOLATED)
cpu/cpuregs[15][14]$_DFFE_PP_/CLK       1.50    1.57   -0.07 (VIOLATED)
mem_wdata[26]$_DFFE_PP_/CLK             1.50    1.57   -0.07 (VIOLATED)
mem_wdata[23]$_DFFE_PP_/CLK             1.50    1.57   -0.07 (VIOLATED)
mem_wdata[7]$_DFFE_PP_/CLK              1.50    1.57   -0.07 (VIOLATED)
mem_wdata[27]$_DFFE_PP_/CLK             1.50    1.57   -0.07 (VIOLATED)
mem_wdata[31]$_DFFE_PP_/CLK             1.50    1.57   -0.07 (VIOLATED)
mem_wdata[24]$_DFFE_PP_/CLK             1.50    1.57   -0.07 (VIOLATED)
mem_wdata[21]$_DFFE_PP_/CLK             1.50    1.57   -0.07 (VIOLATED)
mem_wdata[15]$_DFFE_PP_/CLK             1.50    1.57   -0.07 (VIOLATED)
mem_wdata[20]$_DFFE_PP_/CLK             1.50    1.57   -0.07 (VIOLATED)
mem_wdata[3]$_DFFE_PP_/CLK              1.50    1.57   -0.07 (VIOLATED)
mem_wdata[12]$_DFFE_PP_/CLK             1.50    1.57   -0.07 (VIOLATED)
mem_addr[11]$_DFFE_PP_/CLK              1.50    1.57   -0.07 (VIOLATED)
mem_wdata[4]$_DFFE_PP_/CLK              1.50    1.57   -0.07 (VIOLATED)
mem_wdata[11]$_DFFE_PP_/CLK             1.50    1.57   -0.07 (VIOLATED)
mem_wdata[10]$_DFFE_PP_/CLK             1.50    1.56   -0.06 (VIOLATED)
mem_wdata[2]$_DFFE_PP_/CLK              1.50    1.56   -0.06 (VIOLATED)
cpu/count_cycle[44]$_SDFF_PN0_/CLK      1.50    1.56   -0.06 (VIOLATED)
cpu/count_instr[13]$_SDFFE_PN0P_/CLK    1.50    1.56   -0.06 (VIOLATED)
cpu/count_instr[12]$_SDFFE_PN0P_/CLK    1.50    1.56   -0.06 (VIOLATED)
mem_wdata[14]$_DFFE_PP_/CLK             1.50    1.56   -0.06 (VIOLATED)
cpu/count_instr[11]$_SDFFE_PN0P_/CLK    1.50    1.56   -0.06 (VIOLATED)
cpu/count_instr[42]$_SDFFE_PN0P_/CLK    1.50    1.56   -0.06 (VIOLATED)
cpu/count_instr[43]$_SDFFE_PN0P_/CLK    1.50    1.56   -0.06 (VIOLATED)
mem_wdata[30]$_DFFE_PP_/CLK             1.50    1.56   -0.06 (VIOLATED)
cpu/count_instr[41]$_SDFFE_PN0P_/CLK    1.50    1.56   -0.06 (VIOLATED)
cpu/count_cycle[42]$_SDFF_PN0_/CLK      1.50    1.56   -0.06 (VIOLATED)
cpu/count_instr[9]$_SDFFE_PN0P_/CLK     1.50    1.56   -0.06 (VIOLATED)
cpu/count_instr[8]$_SDFFE_PN0P_/CLK     1.50    1.56   -0.06 (VIOLATED)
cpu/count_cycle[41]$_SDFF_PN0_/CLK      1.50    1.56   -0.06 (VIOLATED)
mem_wdata[17]$_DFFE_PP_/CLK             1.50    1.56   -0.06 (VIOLATED)
cpu/count_cycle[40]$_SDFF_PN0_/CLK      1.50    1.56   -0.06 (VIOLATED)
cpu/count_cycle[9]$_SDFF_PN0_/CLK       1.50    1.56   -0.06 (VIOLATED)
cpu/count_instr[10]$_SDFFE_PN0P_/CLK    1.50    1.56   -0.06 (VIOLATED)
cpu/count_instr[40]$_SDFFE_PN0P_/CLK    1.50    1.56   -0.06 (VIOLATED)
cpu/count_instr[39]$_SDFFE_PN0P_/CLK    1.50    1.56   -0.06 (VIOLATED)
mem_addr[10]$_DFFE_PP_/CLK              1.50    1.56   -0.06 (VIOLATED)
cpu/count_instr[38]$_SDFFE_PN0P_/CLK    1.50    1.56   -0.06 (VIOLATED)
mem_wdata[6]$_DFFE_PP_/CLK              1.50    1.56   -0.06 (VIOLATED)
cpu/count_cycle[8]$_SDFF_PN0_/CLK       1.50    1.56   -0.06 (VIOLATED)
mem_wdata[25]$_DFFE_PP_/CLK             1.50    1.56   -0.06 (VIOLATED)
cpu/count_cycle[7]$_SDFF_PN0_/CLK       1.50    1.56   -0.06 (VIOLATED)
mem_wdata[5]$_DFFE_PP_/CLK              1.50    1.56   -0.06 (VIOLATED)
mem_wdata[16]$_DFFE_PP_/CLK             1.50    1.56   -0.06 (VIOLATED)
cpu/count_cycle[6]$_SDFF_PN0_/CLK       1.50    1.56   -0.06 (VIOLATED)
mem_addr[9]$_DFFE_PP_/CLK               1.50    1.56   -0.06 (VIOLATED)
mem_wdata[0]$_DFFE_PP_/CLK              1.50    1.56   -0.06 (VIOLATED)
cpu/count_instr[6]$_SDFFE_PN0P_/CLK     1.50    1.56   -0.06 (VIOLATED)
cpu/count_cycle[37]$_SDFF_PN0_/CLK      1.50    1.56   -0.06 (VIOLATED)
cpu/count_cycle[39]$_SDFF_PN0_/CLK      1.50    1.56   -0.06 (VIOLATED)
cpu/count_cycle[38]$_SDFF_PN0_/CLK      1.50    1.56   -0.06 (VIOLATED)
cpu/count_instr[7]$_SDFFE_PN0P_/CLK     1.50    1.56   -0.06 (VIOLATED)
mem_wdata[8]$_DFFE_PP_/CLK              1.50    1.56   -0.06 (VIOLATED)
cpu/count_instr[5]$_SDFFE_PN0P_/CLK     1.50    1.56   -0.06 (VIOLATED)
mem_addr[8]$_DFFE_PP_/CLK               1.50    1.56   -0.06 (VIOLATED)
mem_wdata[1]$_DFFE_PP_/CLK              1.50    1.56   -0.06 (VIOLATED)
cpu/count_cycle[5]$_SDFF_PN0_/CLK       1.50    1.56   -0.06 (VIOLATED)
cpu/count_instr[37]$_SDFFE_PN0P_/CLK    1.50    1.56   -0.06 (VIOLATED)
cpu/count_instr[4]$_SDFFE_PN0P_/CLK     1.50    1.56   -0.06 (VIOLATED)
mem_wdata[9]$_DFFE_PP_/CLK              1.50    1.56   -0.06 (VIOLATED)
cpu/mem_do_rinst$_SDFFE_PP1P_/CLK       1.50    1.56   -0.06 (VIOLATED)
cpu/cpu_state[1]$_DFF_P_/CLK            1.50    1.56   -0.06 (VIOLATED)
cpu/mem_do_wdata$_SDFFE_PP1P_/CLK       1.50    1.56   -0.06 (VIOLATED)
cpu/mem_do_rdata$_SDFFE_PP1P_/CLK       1.50    1.56   -0.06 (VIOLATED)
mem_addr[7]$_DFFE_PP_/CLK               1.50    1.56   -0.06 (VIOLATED)
cpu/count_instr[2]$_SDFFE_PN0P_/CLK     1.50    1.56   -0.06 (VIOLATED)
cpu/count_cycle[27]$_SDFF_PN0_/CLK      1.50    1.56   -0.06 (VIOLATED)
cpu/count_cycle[26]$_SDFF_PN0_/CLK      1.50    1.56   -0.06 (VIOLATED)
cpu/count_cycle[25]$_SDFF_PN0_/CLK      1.50    1.55   -0.05 (VIOLATED)
cpu/count_instr[3]$_SDFFE_PN0P_/CLK     1.50    1.55   -0.05 (VIOLATED)
cpu/count_cycle[24]$_SDFF_PN0_/CLK      1.50    1.55   -0.05 (VIOLATED)
cpu/count_cycle[23]$_SDFF_PN0_/CLK      1.50    1.55   -0.05 (VIOLATED)
cpu/count_instr[33]$_SDFFE_PN0P_/CLK    1.50    1.55   -0.05 (VIOLATED)
cpu/count_cycle[22]$_SDFF_PN0_/CLK      1.50    1.55   -0.05 (VIOLATED)
cpu/count_instr[22]$_SDFFE_PN0P_/CLK    1.50    1.55   -0.05 (VIOLATED)
cpu/count_instr[21]$_SDFFE_PN0P_/CLK    1.50    1.55   -0.05 (VIOLATED)
cpu/count_instr[20]$_SDFFE_PN0P_/CLK    1.50    1.55   -0.05 (VIOLATED)
cpu/count_cycle[20]$_SDFF_PN0_/CLK      1.50    1.55   -0.05 (VIOLATED)
cpu/count_cycle[21]$_SDFF_PN0_/CLK      1.50    1.55   -0.05 (VIOLATED)
cpu/count_cycle[19]$_SDFF_PN0_/CLK      1.50    1.55   -0.05 (VIOLATED)
cpu/mem_rdata_q[13]$_DFFE_PP_/CLK       1.50    1.55   -0.05 (VIOLATED)
cpu/count_cycle[0]$_SDFF_PN0_/CLK       1.50    1.55   -0.05 (VIOLATED)
cpu/count_cycle[1]$_SDFF_PN0_/CLK       1.50    1.55   -0.05 (VIOLATED)
cpu/count_instr[35]$_SDFFE_PN0P_/CLK    1.50    1.55   -0.05 (VIOLATED)
cpu/count_instr[34]$_SDFFE_PN0P_/CLK    1.50    1.55   -0.05 (VIOLATED)
cpu/count_cycle[36]$_SDFF_PN0_/CLK      1.50    1.55   -0.05 (VIOLATED)
cpu/count_cycle[35]$_SDFF_PN0_/CLK      1.50    1.55   -0.05 (VIOLATED)
cpu/cpuregs[14][14]$_DFFE_PP_/CLK       1.50    1.55   -0.05 (VIOLATED)
cpu/count_cycle[34]$_SDFF_PN0_/CLK      1.50    1.55   -0.05 (VIOLATED)
cpu/reg_next_pc[9]$_SDFFE_PN0P_/CLK     1.50    1.55   -0.05 (VIOLATED)
cpu/decoded_imm_j[12]$_DFFE_PP_/CLK     1.50    1.55   -0.05 (VIOLATED)
cpu/mem_rdata_q[12]$_DFFE_PP_/CLK       1.50    1.55   -0.05 (VIOLATED)
cpu/count_cycle[2]$_SDFF_PN0_/CLK       1.50    1.55   -0.05 (VIOLATED)
cpu/decoded_imm_j[14]$_DFFE_PP_/CLK     1.50    1.55   -0.05 (VIOLATED)
cpu/decoded_imm_j[13]$_DFFE_PP_/CLK     1.50    1.55   -0.05 (VIOLATED)
cpu/count_cycle[12]$_SDFF_PN0_/CLK      1.50    1.55   -0.05 (VIOLATED)
cpu/count_cycle[10]$_SDFF_PN0_/CLK      1.50    1.55   -0.05 (VIOLATED)
cpu/count_cycle[13]$_SDFF_PN0_/CLK      1.50    1.55   -0.05 (VIOLATED)
cpu/count_cycle[11]$_SDFF_PN0_/CLK      1.50    1.55   -0.05 (VIOLATED)
cpu/count_cycle[14]$_SDFF_PN0_/CLK      1.50    1.55   -0.05 (VIOLATED)
cpu/count_cycle[15]$_SDFF_PN0_/CLK      1.50    1.55   -0.05 (VIOLATED)
cpu/count_cycle[4]$_SDFF_PN0_/CLK       1.50    1.55   -0.05 (VIOLATED)
cpu/count_instr[36]$_SDFFE_PN0P_/CLK    1.50    1.55   -0.05 (VIOLATED)
cpu/count_cycle[3]$_SDFF_PN0_/CLK       1.50    1.55   -0.05 (VIOLATED)
cpu/mem_rdata_q[14]$_DFFE_PP_/CLK       1.50    1.55   -0.05 (VIOLATED)
cpu/mem_rdata_q[3]$_DFFE_PP_/CLK        1.50    1.55   -0.05 (VIOLATED)
cpu/instr_jal$_DFFE_PP_/CLK             1.50    1.55   -0.05 (VIOLATED)
cpu/cpuregs[27][24]$_DFFE_PP_/CLK       1.50    1.55   -0.05 (VIOLATED)
cpu/cpuregs[26][24]$_DFFE_PP_/CLK       1.50    1.55   -0.05 (VIOLATED)
cpu/cpuregs[24][12]$_DFFE_PP_/CLK       1.50    1.55   -0.05 (VIOLATED)
cpu/cpuregs[24][14]$_DFFE_PP_/CLK       1.50    1.55   -0.05 (VIOLATED)
cpu/count_cycle[17]$_SDFF_PN0_/CLK      1.50    1.55   -0.05 (VIOLATED)
cpu/mem_rdata_q[4]$_DFFE_PP_/CLK        1.50    1.55   -0.05 (VIOLATED)
cpu/cpuregs[25][14]$_DFFE_PP_/CLK       1.50    1.54   -0.04 (VIOLATED)
mem_addr[6]$_DFFE_PP_/CLK               1.50    1.54   -0.04 (VIOLATED)
cpu/count_cycle[18]$_SDFF_PN0_/CLK      1.50    1.54   -0.04 (VIOLATED)
cpu/mem_rdata_q[5]$_DFFE_PP_/CLK        1.50    1.54   -0.04 (VIOLATED)
mem_addr[5]$_DFFE_PP_/CLK               1.50    1.54   -0.04 (VIOLATED)
cpu/count_cycle[16]$_SDFF_PN0_/CLK      1.50    1.54   -0.04 (VIOLATED)
cpu/reg_pc[4]$_SDFFE_PN0P_/CLK          1.50    1.54   -0.04 (VIOLATED)
cpu/decoded_imm[0]$_DFFE_PP_/CLK        1.50    1.54   -0.04 (VIOLATED)
cpu/reg_out[4]$_DFF_P_/CLK              1.50    1.54   -0.04 (VIOLATED)
cpu/count_instr[45]$_SDFFE_PN0P_/CLK    1.50    1.54   -0.04 (VIOLATED)
cpu/count_instr[44]$_SDFFE_PN0P_/CLK    1.50    1.54   -0.04 (VIOLATED)
cpu/count_cycle[43]$_SDFF_PN0_/CLK      1.50    1.54   -0.04 (VIOLATED)
cpu/cpuregs[28][14]$_DFFE_PP_/CLK       1.50    1.54   -0.04 (VIOLATED)
cpu/count_cycle[45]$_SDFF_PN0_/CLK      1.50    1.54   -0.04 (VIOLATED)
cpu/reg_next_pc[5]$_SDFFE_PN0P_/CLK     1.50    1.54   -0.04 (VIOLATED)
cpu/count_instr[46]$_SDFFE_PN0P_/CLK    1.50    1.54   -0.04 (VIOLATED)
cpu/reg_pc[5]$_SDFFE_PN0P_/CLK          1.50    1.54   -0.04 (VIOLATED)
cpu/count_cycle[46]$_SDFF_PN0_/CLK      1.50    1.54   -0.04 (VIOLATED)
cpu/count_instr[47]$_SDFFE_PN0P_/CLK    1.50    1.54   -0.04 (VIOLATED)
cpu/count_cycle[47]$_SDFF_PN0_/CLK      1.50    1.54   -0.04 (VIOLATED)
cpu/alu_out_q[4]$_DFF_P_/CLK            1.50    1.54   -0.04 (VIOLATED)
cpu/decoded_imm_j[2]$_DFFE_PP_/CLK      1.50    1.54   -0.04 (VIOLATED)
cpu/count_instr[14]$_SDFFE_PN0P_/CLK    1.50    1.54   -0.04 (VIOLATED)
cpu/count_instr[15]$_SDFFE_PN0P_/CLK    1.50    1.54   -0.04 (VIOLATED)
cpu/count_instr[16]$_SDFFE_PN0P_/CLK    1.50    1.54   -0.04 (VIOLATED)
cpu/reg_pc[6]$_SDFFE_PN0P_/CLK          1.50    1.53   -0.03 (VIOLATED)
cpu/decoded_imm[5]$_SDFFCE_PN0P_/CLK    1.50    1.53   -0.03 (VIOLATED)
cpu/alu_out_q[5]$_DFF_P_/CLK            1.50    1.53   -0.03 (VIOLATED)
cpu/decoded_imm_j[5]$_DFFE_PP_/CLK      1.50    1.53   -0.03 (VIOLATED)
cpu/alu_out_q[6]$_DFF_P_/CLK            1.50    1.53   -0.03 (VIOLATED)
cpu/mem_rdata_q[6]$_DFFE_PP_/CLK        1.50    1.53   -0.03 (VIOLATED)
cpu/reg_next_pc[8]$_SDFFE_PN0P_/CLK     1.50    1.53   -0.03 (VIOLATED)
cpu/decoded_imm[6]$_SDFFCE_PN0P_/CLK    1.50    1.53   -0.03 (VIOLATED)
cpu/reg_next_pc[6]$_SDFFE_PN0P_/CLK     1.50    1.53   -0.03 (VIOLATED)
cpu/count_instr[19]$_SDFFE_PN0P_/CLK    1.50    1.53   -0.03 (VIOLATED)
cpu/count_instr[18]$_SDFFE_PN0P_/CLK    1.50    1.53   -0.03 (VIOLATED)
cpu/reg_out[7]$_DFF_P_/CLK              1.50    1.53   -0.03 (VIOLATED)
cpu/alu_out_q[7]$_DFF_P_/CLK            1.50    1.53   -0.03 (VIOLATED)
mem_addr[4]$_DFFE_PP_/CLK               1.50    1.53   -0.03 (VIOLATED)
_8917_/CLK                              1.50    1.53   -0.03 (VIOLATED)
_8918_/CLK                              1.50    1.53   -0.03 (VIOLATED)
_8916_/CLK                              1.50    1.53   -0.03 (VIOLATED)
_8915_/CLK                              1.50    1.53   -0.03 (VIOLATED)
cpu/reg_next_pc[7]$_SDFFE_PN0P_/CLK     1.50    1.53   -0.03 (VIOLATED)
cpu/pcpi_rs1[31]$_DFFE_PP_/CLK          1.50    1.53   -0.03 (VIOLATED)
cpu/alu_out_q[30]$_DFF_P_/CLK           1.50    1.53   -0.03 (VIOLATED)
cpu/reg_next_pc[30]$_SDFFE_PN0P_/CLK    1.50    1.53   -0.03 (VIOLATED)
cpu/reg_pc[7]$_SDFFE_PN0P_/CLK          1.50    1.53   -0.03 (VIOLATED)
cpu/reg_out[30]$_DFF_P_/CLK             1.50    1.53   -0.03 (VIOLATED)
_8909_/CLK                              1.50    1.53   -0.03 (VIOLATED)
cpu/decoded_imm_j[11]$_DFFE_PP_/CLK     1.50    1.53   -0.03 (VIOLATED)
cpu/decoded_imm[28]$_SDFFCE_PN0P_/CLK    1.50    1.53   -0.03 (VIOLATED)
cpu/decoded_imm[23]$_SDFFCE_PN0P_/CLK    1.50    1.53   -0.03 (VIOLATED)
cpu/decoded_imm[25]$_SDFFCE_PN0P_/CLK    1.50    1.53   -0.03 (VIOLATED)
cpu/decoded_imm[24]$_SDFFCE_PN0P_/CLK    1.50    1.53   -0.03 (VIOLATED)
cpu/decoded_imm[27]$_SDFFCE_PN0P_/CLK    1.50    1.53   -0.03 (VIOLATED)
cpu/decoded_imm[16]$_SDFFCE_PN0P_/CLK    1.50    1.53   -0.03 (VIOLATED)
cpu/decoded_imm[18]$_SDFFCE_PN0P_/CLK    1.50    1.53   -0.03 (VIOLATED)
cpu/decoded_imm[19]$_SDFFCE_PN0P_/CLK    1.50    1.53   -0.03 (VIOLATED)
cpu/decoded_imm[17]$_SDFFCE_PN0P_/CLK    1.50    1.53   -0.03 (VIOLATED)
cpu/decoded_imm_j[16]$_DFFE_PP_/CLK     1.50    1.53   -0.03 (VIOLATED)
cpu/decoded_imm[7]$_SDFFCE_PN0P_/CLK    1.50    1.53   -0.03 (VIOLATED)
cpu/decoded_imm_j[19]$_DFFE_PP_/CLK     1.50    1.53   -0.03 (VIOLATED)
cpu/decoded_imm[29]$_SDFFCE_PN0P_/CLK    1.50    1.53   -0.03 (VIOLATED)
cpu/decoded_imm_j[17]$_DFFE_PP_/CLK     1.50    1.53   -0.03 (VIOLATED)
cpu/cpuregs[29][14]$_DFFE_PP_/CLK       1.50    1.53   -0.03 (VIOLATED)
cpu/decoded_imm[30]$_SDFFCE_PN0P_/CLK    1.50    1.53   -0.03 (VIOLATED)
cpu/count_instr[17]$_SDFFE_PN0P_/CLK    1.50    1.53   -0.03 (VIOLATED)
cpu/decoded_imm_j[18]$_DFFE_PP_/CLK     1.50    1.53   -0.03 (VIOLATED)
cpu/mem_rdata_q[17]$_DFFE_PP_/CLK       1.50    1.53   -0.03 (VIOLATED)
cpu/decoded_imm_j[20]$_DFFE_PP_/CLK     1.50    1.53   -0.03 (VIOLATED)
cpu/decoded_imm[26]$_SDFFCE_PN0P_/CLK    1.50    1.53   -0.03 (VIOLATED)
cpu/mem_rdata_q[19]$_DFFE_PP_/CLK       1.50    1.53   -0.03 (VIOLATED)
cpu/decoded_imm_j[7]$_DFFE_PP_/CLK      1.50    1.53   -0.03 (VIOLATED)
cpu/mem_rdata_q[24]$_DFFE_PP_/CLK       1.50    1.53   -0.03 (VIOLATED)
cpu/mem_rdata_q[18]$_DFFE_PP_/CLK       1.50    1.53   -0.03 (VIOLATED)
mem_addr[2]$_DFFE_PP_/CLK               1.50    1.53   -0.03 (VIOLATED)
cpu/mem_rdata_q[28]$_DFFE_PP_/CLK       1.50    1.53   -0.03 (VIOLATED)
cpu/decoded_imm_j[6]$_DFFE_PP_/CLK      1.50    1.53   -0.03 (VIOLATED)
cpu/mem_rdata_q[27]$_DFFE_PP_/CLK       1.50    1.53   -0.03 (VIOLATED)
cpu/decoded_imm[22]$_SDFFCE_PN0P_/CLK    1.50    1.52   -0.02 (VIOLATED)
cpu/decoded_imm[20]$_SDFFCE_PN0P_/CLK    1.50    1.52   -0.02 (VIOLATED)
cpu/mem_rdata_q[26]$_DFFE_PP_/CLK       1.50    1.52   -0.02 (VIOLATED)
cpu/reg_out[11]$_DFF_P_/CLK             1.50    1.52   -0.02 (VIOLATED)
cpu/alu_out_q[11]$_DFF_P_/CLK           1.50    1.52   -0.02 (VIOLATED)
cpu/decoded_imm[15]$_SDFFCE_PN0P_/CLK    1.50    1.52   -0.02 (VIOLATED)
cpu/reg_pc[11]$_SDFFE_PN0P_/CLK         1.50    1.52   -0.02 (VIOLATED)
cpu/mem_rdata_q[31]$_DFFE_PP_/CLK       1.50    1.52   -0.02 (VIOLATED)
cpu/decoded_imm[12]$_SDFFCE_PN0P_/CLK    1.50    1.52   -0.02 (VIOLATED)
cpu/count_instr[49]$_SDFFE_PN0P_/CLK    1.50    1.52   -0.02 (VIOLATED)
cpu/count_instr[48]$_SDFFE_PN0P_/CLK    1.50    1.52   -0.02 (VIOLATED)
cpu/mem_rdata_q[20]$_DFFE_PP_/CLK       1.50    1.52   -0.02 (VIOLATED)
cpu/mem_rdata_q[25]$_DFFE_PP_/CLK       1.50    1.52   -0.02 (VIOLATED)
cpu/count_cycle[49]$_SDFF_PN0_/CLK      1.50    1.52   -0.02 (VIOLATED)
cpu/decoded_imm[21]$_SDFFCE_PN0P_/CLK    1.50    1.52   -0.02 (VIOLATED)
cpu/instr_andi$_SDFFE_PN0P_/CLK         1.50    1.52   -0.02 (VIOLATED)
cpu/instr_and$_SDFFE_PN0P_/CLK          1.50    1.52   -0.02 (VIOLATED)
cpu/mem_rdata_q[23]$_DFFE_PP_/CLK       1.50    1.52   -0.02 (VIOLATED)
cpu/instr_ori$_SDFFE_PN0P_/CLK          1.50    1.52   -0.02 (VIOLATED)
cpu/mem_rdata_q[22]$_DFFE_PP_/CLK       1.50    1.52   -0.02 (VIOLATED)
cpu/mem_rdata_q[21]$_DFFE_PP_/CLK       1.50    1.52   -0.02 (VIOLATED)
cpu/instr_slt$_SDFFE_PN0P_/CLK          1.50    1.52   -0.02 (VIOLATED)
cpu/instr_blt$_SDFFE_PN0P_/CLK          1.50    1.52   -0.02 (VIOLATED)
cpu/instr_slti$_SDFFE_PN0P_/CLK         1.50    1.52   -0.02 (VIOLATED)
cpu/instr_sltiu$_SDFFE_PN0P_/CLK        1.50    1.52   -0.02 (VIOLATED)
cpu/instr_sltu$_SDFFE_PN0P_/CLK         1.50    1.52   -0.02 (VIOLATED)
cpu/count_instr[50]$_SDFFE_PN0P_/CLK    1.50    1.52   -0.02 (VIOLATED)
cpu/instr_bltu$_SDFFE_PN0P_/CLK         1.50    1.52   -0.02 (VIOLATED)
cpu/cpuregs[27][14]$_DFFE_PP_/CLK       1.50    1.52   -0.02 (VIOLATED)
cpu/decoded_imm_j[8]$_DFFE_PP_/CLK      1.50    1.52   -0.02 (VIOLATED)
cpu/cpuregs[26][14]$_DFFE_PP_/CLK       1.50    1.52   -0.02 (VIOLATED)
cpu/cpuregs[19][14]$_DFFE_PP_/CLK       1.50    1.52   -0.02 (VIOLATED)
cpu/cpuregs[22][14]$_DFFE_PP_/CLK       1.50    1.52   -0.02 (VIOLATED)
cpu/cpuregs[23][14]$_DFFE_PP_/CLK       1.50    1.52   -0.02 (VIOLATED)
cpu/cpuregs[18][14]$_DFFE_PP_/CLK       1.50    1.52   -0.02 (VIOLATED)
cpu/cpuregs[30][14]$_DFFE_PP_/CLK       1.50    1.52   -0.02 (VIOLATED)
cpu/instr_or$_SDFFE_PN0P_/CLK           1.50    1.52   -0.02 (VIOLATED)
cpu/cpuregs[17][14]$_DFFE_PP_/CLK       1.50    1.52   -0.02 (VIOLATED)
cpu/cpuregs[21][14]$_DFFE_PP_/CLK       1.50    1.51   -0.01 (VIOLATED)
cpu/cpuregs[20][14]$_DFFE_PP_/CLK       1.50    1.51   -0.01 (VIOLATED)
cpu/cpuregs[16][14]$_DFFE_PP_/CLK       1.50    1.51   -0.01 (VIOLATED)
cpu/cpuregs[31][14]$_DFFE_PP_/CLK       1.50    1.51   -0.01 (VIOLATED)
cpu/count_cycle[48]$_SDFF_PN0_/CLK      1.50    1.51   -0.01 (VIOLATED)
cpu/count_cycle[50]$_SDFF_PN0_/CLK      1.50    1.51   -0.01 (VIOLATED)
cpu/decoded_imm[8]$_SDFFCE_PN0P_/CLK    1.50    1.51   -0.01 (VIOLATED)
cpu/instr_fence$_SDFFE_PN0P_/CLK        1.50    1.51   -0.01 (VIOLATED)
_6754_/S1                               1.50    1.51   -0.01 (VIOLATED)
_5410_/S1                               1.50    1.51   -0.01 (VIOLATED)
_5411_/S1                               1.50    1.51   -0.01 (VIOLATED)
_5402_/S1                               1.50    1.51   -0.01 (VIOLATED)
cpu/instr_bne$_SDFFE_PN0P_/CLK          1.50    1.51   -0.01 (VIOLATED)
_5408_/S1                               1.50    1.51   -0.01 (VIOLATED)
_6763_/S1                               1.50    1.51   -0.01 (VIOLATED)
_6765_/S1                               1.50    1.51   -0.01 (VIOLATED)
cpu/count_cycle[51]$_SDFF_PN0_/CLK      1.50    1.51   -0.01 (VIOLATED)
_5429_/S1                               1.50    1.51   -0.01 (VIOLATED)
_5426_/S1                               1.50    1.51   -0.01 (VIOLATED)
_6758_/S1                               1.50    1.51   -0.01 (VIOLATED)
_6760_/S1                               1.50    1.51   -0.01 (VIOLATED)
_6755_/S1                               1.50    1.51   -0.01 (VIOLATED)
_6752_/S1                               1.50    1.51   -0.01 (VIOLATED)
_6753_/S1                               1.50    1.51   -0.01 (VIOLATED)
_5428_/S1                               1.50    1.51   -0.01 (VIOLATED)
_5409_/S1                               1.50    1.51   -0.01 (VIOLATED)
_5427_/S1                               1.50    1.51   -0.01 (VIOLATED)
_5451_/S1                               1.50    1.51   -0.01 (VIOLATED)
_5401_/S1                               1.50    1.51   -0.01 (VIOLATED)
_5447_/S1                               1.50    1.51   -0.01 (VIOLATED)
_6734_/S1                               1.50    1.51   -0.01 (VIOLATED)
_6732_/S1                               1.50    1.51   -0.01 (VIOLATED)
_5439_/S1                               1.50    1.51   -0.01 (VIOLATED)
_6727_/S1                               1.50    1.51   -0.01 (VIOLATED)
_6738_/S1                               1.50    1.51   -0.01 (VIOLATED)
_6736_/S1                               1.50    1.51   -0.01 (VIOLATED)
_6729_/S1                               1.50    1.51   -0.01 (VIOLATED)
cpu/count_instr[54]$_SDFFE_PN0P_/CLK    1.50    1.51   -0.01 (VIOLATED)
cpu/is_compare$_SDFF_PP0_/CLK           1.50    1.51   -0.01 (VIOLATED)
_6725_/S1                               1.50    1.51   -0.01 (VIOLATED)
cpu/count_cycle[53]$_SDFF_PN0_/CLK      1.50    1.51   -0.01 (VIOLATED)
cpu/count_instr[53]$_SDFFE_PN0P_/CLK    1.50    1.51   -0.01 (VIOLATED)
_7240_/S1                               1.50    1.51   -0.01 (VIOLATED)
_7319_/S1                               1.50    1.51   -0.01 (VIOLATED)
_7320_/S1                               1.50    1.51   -0.01 (VIOLATED)
_7314_/S1                               1.50    1.50   -0.00 (VIOLATED)
_7316_/S1                               1.50    1.50   -0.00 (VIOLATED)
_7322_/S1                               1.50    1.50   -0.00 (VIOLATED)
cpu/instr_srl$_SDFFE_PN0P_/CLK          1.50    1.50   -0.00 (VIOLATED)
_7324_/S1                               1.50    1.50   -0.00 (VIOLATED)
_7245_/S1                               1.50    1.50   -0.00 (VIOLATED)
_5434_/S1                               1.50    1.50   -0.00 (VIOLATED)
_7235_/S1                               1.50    1.50   -0.00 (VIOLATED)
_7237_/S1                               1.50    1.50   -0.00 (VIOLATED)
_7247_/S1                               1.50    1.50   -0.00 (VIOLATED)
_6723_/S1                               1.50    1.50   -0.00 (VIOLATED)
_7243_/S1                               1.50    1.50   -0.00 (VIOLATED)
cpu/count_cycle[52]$_SDFF_PN0_/CLK      1.50    1.50   -0.00 (VIOLATED)
cpu/count_instr[51]$_SDFFE_PN0P_/CLK    1.50    1.50   -0.00 (VIOLATED)
cpu/count_instr[52]$_SDFFE_PN0P_/CLK    1.50    1.50   -0.00 (VIOLATED)
cpu/decoded_imm[14]$_SDFFCE_PN0P_/CLK    1.50    1.50   -0.00 (VIOLATED)
_7249_/S1                               1.50    1.50   -0.00 (VIOLATED)
cpu/reg_pc[9]$_SDFFE_PN0P_/CLK          1.50    1.50   -0.00 (VIOLATED)
cpu/mem_rdata_q[15]$_DFFE_PP_/CLK       1.50    1.50   -0.00 (VIOLATED)
cpu/decoded_imm[10]$_SDFFCE_PN0P_/CLK    1.50    1.50   -0.00 (VIOLATED)
cpu/mem_rdata_q[29]$_DFFE_PP_/CLK       1.50    1.50   -0.00 (VIOLATED)
cpu/decoded_imm_j[15]$_DFFE_PP_/CLK     1.50    1.50   -0.00 (VIOLATED)
cpu/reg_pc[10]$_SDFFE_PN0P_/CLK         1.50    1.50   -0.00 (VIOLATED)
cpu/decoded_imm[11]$_SDFFCE_PN0P_/CLK    1.50    1.50   -0.00 (VIOLATED)
cpu/decoded_imm_j[9]$_DFFE_PP_/CLK      1.50    1.50   -0.00 (VIOLATED)
cpu/cpuregs[18][9]$_DFFE_PP_/CLK        1.50    1.50   -0.00 (VIOLATED)
cpu/count_cycle[54]$_SDFF_PN0_/CLK      1.50    1.50   -0.00 (VIOLATED)

max capacitance

Pin                                    Limit     Cap   Slack
------------------------------------------------------------
_5275_/Y                                0.19    0.19   -0.00 (VIOLATED)

SC_METRIC: floating nets
Reporting floating nets: reports/floating_nets.rpt
SC_METRIC: overdriven nets
Reporting overdriven nets: reports/overdriven_nets.rpt
Reporting overdriven nets: reports/overdriven_nets_with_parallel.rpt
SC_METRIC: fmax
SC_METRIC: power
Power for corner: fast
Group                  Internal  Switching    Leakage      Total
                          Power      Power      Power      Power (Watts)
----------------------------------------------------------------
Sequential             2.04e-02   1.07e-02   4.73e-05   3.11e-02  26.7%
Combinational          4.73e-02   3.81e-02   3.21e-05   8.55e-02  73.3%
Clock                 -1.80e-09   0.00e+00   1.06e-11  -1.79e-09  -0.0%
Macro                  0.00e+00   0.00e+00   0.00e+00   0.00e+00   0.0%
Pad                    0.00e+00   0.00e+00   0.00e+00   0.00e+00   0.0%
----------------------------------------------------------------
Total                  6.77e-02   4.87e-02   7.94e-05   1.17e-01 100.0%
                          58.1%      41.8%       0.1%
Power for corner: slow
Group                  Internal  Switching    Leakage      Total
                          Power      Power      Power      Power (Watts)
----------------------------------------------------------------
Sequential             6.92e-03   5.24e-03   6.01e-10   1.22e-02  28.2%
Combinational          1.35e-02   1.75e-02   8.48e-10   3.10e-02  71.8%
Clock                 -6.17e-10   0.00e+00   1.76e-14  -6.17e-10  -0.0%
Macro                  0.00e+00   0.00e+00   0.00e+00   0.00e+00   0.0%
Pad                    0.00e+00   0.00e+00   0.00e+00   0.00e+00   0.0%
----------------------------------------------------------------
Total                  2.04e-02   2.27e-02   1.45e-09   4.31e-02 100.0%
                          47.3%      52.7%       0.0%
Power for corner: typical
Group                  Internal  Switching    Leakage      Total
                          Power      Power      Power      Power (Watts)
----------------------------------------------------------------
Sequential             1.33e-02   8.98e-03   1.37e-08   2.23e-02  28.4%
Combinational          2.48e-02   3.15e-02   1.16e-08   5.63e-02  71.6%
Clock                 -1.54e-09   0.00e+00   3.80e-14  -1.54e-09  -0.0%
Macro                  0.00e+00   0.00e+00   0.00e+00   0.00e+00   0.0%
Pad                    0.00e+00   0.00e+00   0.00e+00   0.00e+00   0.0%
----------------------------------------------------------------
Total                  3.81e-02   4.05e-02   2.52e-08   7.86e-02 100.0%
                          48.5%      51.5%       0.0%
SC_METRIC: cellarea
Design area 78384 um^2 6% utilization.
Cell type report:                       Count       Area
  Fill cell                            160936 1287582.39
  Tap cell                              18487   23130.93
  Timing Repair Buffer                    114     950.91
  Inverter                                 84     315.30
  Sequential cell                        1597   44786.70
  Multi-Input combinational cell         4065   32331.01
  Total                                185283 1389097.25

Cell instance report:
  sky130_fd_sc_hd__a2111oi_0                1       8.76
  sky130_fd_sc_hd__a2111oi_2                1      15.01
  sky130_fd_sc_hd__a211o_1                 12     105.10
  sky130_fd_sc_hd__a211oi_1                23     172.67
  sky130_fd_sc_hd__a211oi_2                 2      25.02
  sky130_fd_sc_hd__a21boi_0                 5      37.54
  sky130_fd_sc_hd__a21o_1                  63     472.95
  sky130_fd_sc_hd__a21oi_1                276    1381.32
  sky130_fd_sc_hd__a21oi_2                  1       8.76
  sky130_fd_sc_hd__a21oi_4                  1      16.27
  sky130_fd_sc_hd__a221o_1                 15     150.14
  sky130_fd_sc_hd__a221oi_1                25     218.96
  sky130_fd_sc_hd__a222oi_1                40     400.38
  sky130_fd_sc_hd__a22o_1                  27     236.48
  sky130_fd_sc_hd__a22oi_1                 38     285.27
  sky130_fd_sc_hd__a2bb2oi_1                1       8.76
  sky130_fd_sc_hd__a311o_1                  2      20.02
  sky130_fd_sc_hd__a311oi_1                11      96.34
  sky130_fd_sc_hd__a311oi_2                 3      45.04
  sky130_fd_sc_hd__a31o_1                   4      35.03
  sky130_fd_sc_hd__a31oi_1                 64     400.38
  sky130_fd_sc_hd__a32o_1                   8      80.08
  sky130_fd_sc_hd__a32oi_1                 10      87.58
  sky130_fd_sc_hd__a41oi_1                  3      26.28
  sky130_fd_sc_hd__and2_0                  26     162.66
  sky130_fd_sc_hd__and2_1                  53     331.57
  sky130_fd_sc_hd__and3_1                  49     306.54
  sky130_fd_sc_hd__and4_1                  32     280.27
  sky130_fd_sc_hd__buf_12                   7     140.13
  sky130_fd_sc_hd__buf_4                  106     795.76
  sky130_fd_sc_hd__buf_8                    1      15.01
  sky130_fd_sc_hd__clkinv_1                 3      11.26
  sky130_fd_sc_hd__conb_1                  34     127.62
  sky130_fd_sc_hd__dfxtp_1                314    6286.03
  sky130_fd_sc_hd__dfxtp_2                  3      63.81
  sky130_fd_sc_hd__diode_2                  6      15.01
  sky130_fd_sc_hd__edfxtp_1              1280   38436.86
  sky130_fd_sc_hd__fill_1               19184   24003.02
  sky130_fd_sc_hd__fill_2               18697   46787.37
  sky130_fd_sc_hd__fill_4                2985   14939.33
  sky130_fd_sc_hd__fill_8              120070 1201852.67
  sky130_fd_sc_hd__inv_1                   78     292.78
  sky130_fd_sc_hd__inv_2                    3      11.26
  sky130_fd_sc_hd__maj3_1                   4      40.04
  sky130_fd_sc_hd__maj3_2                   7      78.83
  sky130_fd_sc_hd__mux2_2                  54     608.08
  sky130_fd_sc_hd__mux2_4                   1      15.01
  sky130_fd_sc_hd__mux2i_1                 75     750.72
  sky130_fd_sc_hd__mux4_2                 540   12161.66
  sky130_fd_sc_hd__nand2_1                541    2030.70
  sky130_fd_sc_hd__nand2b_1                39     243.98
  sky130_fd_sc_hd__nand3_1                 76     380.36
  sky130_fd_sc_hd__nand3b_1                11      82.58
  sky130_fd_sc_hd__nand4_1                 21     131.38
  sky130_fd_sc_hd__nand4b_1                 3      26.28
  sky130_fd_sc_hd__nor2_1                 586    2199.61
  sky130_fd_sc_hd__nor2_2                  33     206.45
  sky130_fd_sc_hd__nor2b_1                 47     294.03
  sky130_fd_sc_hd__nor3_1                 111     555.53
  sky130_fd_sc_hd__nor3_2                   3      30.03
  sky130_fd_sc_hd__nor3b_1                  2      15.01
  sky130_fd_sc_hd__nor4_1                  20     125.12
  sky130_fd_sc_hd__nor4_2                   2      25.02
  sky130_fd_sc_hd__nor4b_1                  3      26.28
  sky130_fd_sc_hd__o2111a_1                 1      11.26
  sky130_fd_sc_hd__o2111ai_1                1       8.76
  sky130_fd_sc_hd__o211a_1                  2      20.02
  sky130_fd_sc_hd__o211ai_1                28     210.20
  sky130_fd_sc_hd__o21a_1                  33     247.74
  sky130_fd_sc_hd__o21ai_0                544    2722.61
  sky130_fd_sc_hd__o21ai_1                 19      95.09
  sky130_fd_sc_hd__o21bai_1                 3      22.52
  sky130_fd_sc_hd__o221a_2                  3      33.78
  sky130_fd_sc_hd__o221ai_1                58     507.99
  sky130_fd_sc_hd__o22a_1                   1       8.76
  sky130_fd_sc_hd__o22ai_1                 48     300.29
  sky130_fd_sc_hd__o2bb2ai_1                2      17.52
  sky130_fd_sc_hd__o311a_1                  1      10.01
  sky130_fd_sc_hd__o311ai_0                 4      35.03
  sky130_fd_sc_hd__o311ai_1                 8      70.07
  sky130_fd_sc_hd__o31a_1                   5      43.79
  sky130_fd_sc_hd__o31ai_1                 26     195.19
  sky130_fd_sc_hd__o31ai_2                  1      12.51
  sky130_fd_sc_hd__o32ai_1                 11      96.34
  sky130_fd_sc_hd__or2_1                   27     168.91
  sky130_fd_sc_hd__or3_1                   20     125.12
  sky130_fd_sc_hd__or3b_2                   3      26.28
  sky130_fd_sc_hd__or4_1                    5      37.54
  sky130_fd_sc_hd__or4b_2                   2      20.02
  sky130_fd_sc_hd__tapvpwrvgnd_1        18487   23130.93
  sky130_fd_sc_hd__xnor2_1                123    1077.28
  sky130_fd_sc_hd__xor2_1                  71     621.85
[WARNING GUI-0076] QStandardPaths: wrong permissions on runtime directory /run/user/1000/, 0755 instead of 0700
[INFO FLW-0001] Saving "snapshot" to reports/images/picorv32_bp_top.png
[INFO FLW-0001] Saving "placement" to reports/images/picorv32_bp_top.placement.png
[INFO FLW-0001] Saving "routing" to reports/images/picorv32_bp_top.routing.png
[INFO FLW-0001] Saving "setup timing histogram" to reports/images/timing/setup.histogram.png
[WARNING GUI-0097] All pins are unconstrained. Cannot plot histogram. Check if timing data is loaded!
[WARNING GUI-0097] All pins are unconstrained. Cannot plot histogram. Check if timing data is loaded!
[INFO FLW-0001] Saving "hold timing histogram" to reports/images/timing/hold.histogram.png
[WARNING GUI-0097] All pins are unconstrained. Cannot plot histogram. Check if timing data is loaded!
[WARNING GUI-0097] All pins are unconstrained. Cannot plot histogram. Check if timing data is loaded!
[INFO FLW-0001] Saving "placement density heatmap" to reports/images/heatmap/placement_density.png
[INFO FLW-0001] Saving "estimated routing congestion heatmap" to reports/images/heatmap/estimated_routing_congestion.png
[INFO FLW-0001] Saving "routing congestion heatmap" to reports/images/heatmap/routing_congestion.png
[INFO FLW-0001] Saving "power density for fast heatmap" to reports/images/heatmap/power_density/fast.png
[INFO FLW-0001] Saving "power density for slow heatmap" to reports/images/heatmap/power_density/slow.png
[INFO FLW-0001] Saving "power density for typical heatmap" to reports/images/heatmap/power_density/typical.png
[INFO PSM-0040] All shapes on net VDD are connected.
########## IR report #################
Net              : VDD
Corner           : fast
Total power      : 1.17e-01 W
Supply voltage   : 1.95e+00 V
Worstcase voltage: 1.95e+00 V
Average voltage  : 1.95e+00 V
Average IR drop  : 5.30e-05 V
Worstcase IR drop: 1.84e-03 V
Percentage drop  : 0.09 %
######################################
[INFO FLW-0001] Saving "IR drop for VDD on li1 for fast heatmap" to reports/images/heatmap/irdrop/VDD.fast.li1.png
[INFO FLW-0001] Saving "IR drop for VDD on met1 for fast heatmap" to reports/images/heatmap/irdrop/VDD.fast.met1.png
[INFO FLW-0001] Saving "IR drop for VDD on met2 for fast heatmap" to reports/images/heatmap/irdrop/VDD.fast.met2.png
[INFO FLW-0001] Saving "IR drop for VDD on met3 for fast heatmap" to reports/images/heatmap/irdrop/VDD.fast.met3.png
[INFO FLW-0001] Saving "IR drop for VDD on met4 for fast heatmap" to reports/images/heatmap/irdrop/VDD.fast.met4.png
[INFO FLW-0001] Saving "IR drop for VDD on met5 for fast heatmap" to reports/images/heatmap/irdrop/VDD.fast.met5.png
[INFO PSM-0040] All shapes on net VDD are connected.
########## IR report #################
Net              : VDD
Corner           : slow
Total power      : 4.31e-02 W
Supply voltage   : 1.95e+00 V
Worstcase voltage: 1.95e+00 V
Average voltage  : 1.95e+00 V
Average IR drop  : 1.96e-05 V
Worstcase IR drop: 8.44e-04 V
Percentage drop  : 0.04 %
######################################
[INFO FLW-0001] Saving "IR drop for VDD on li1 for slow heatmap" to reports/images/heatmap/irdrop/VDD.slow.li1.png
[INFO FLW-0001] Saving "IR drop for VDD on met1 for slow heatmap" to reports/images/heatmap/irdrop/VDD.slow.met1.png
[INFO FLW-0001] Saving "IR drop for VDD on met2 for slow heatmap" to reports/images/heatmap/irdrop/VDD.slow.met2.png
[INFO FLW-0001] Saving "IR drop for VDD on met3 for slow heatmap" to reports/images/heatmap/irdrop/VDD.slow.met3.png
[INFO FLW-0001] Saving "IR drop for VDD on met4 for slow heatmap" to reports/images/heatmap/irdrop/VDD.slow.met4.png
[INFO FLW-0001] Saving "IR drop for VDD on met5 for slow heatmap" to reports/images/heatmap/irdrop/VDD.slow.met5.png
[INFO PSM-0040] All shapes on net VDD are connected.
[INFO PSM-0011] Reusing previous solution
########## IR report #################
Net              : VDD
Corner           : typical
Total power      : 7.86e-02 W
Supply voltage   : 1.95e+00 V
Worstcase voltage: 1.95e+00 V
Average voltage  : 1.95e+00 V
Average IR drop  : 3.58e-05 V
Worstcase IR drop: 1.47e-03 V
Percentage drop  : 0.08 %
######################################
[INFO FLW-0001] Saving "IR drop for VDD on li1 for typical heatmap" to reports/images/heatmap/irdrop/VDD.typical.li1.png
[INFO FLW-0001] Saving "IR drop for VDD on met1 for typical heatmap" to reports/images/heatmap/irdrop/VDD.typical.met1.png
[INFO FLW-0001] Saving "IR drop for VDD on met2 for typical heatmap" to reports/images/heatmap/irdrop/VDD.typical.met2.png
[INFO FLW-0001] Saving "IR drop for VDD on met3 for typical heatmap" to reports/images/heatmap/irdrop/VDD.typical.met3.png
[INFO FLW-0001] Saving "IR drop for VDD on met4 for typical heatmap" to reports/images/heatmap/irdrop/VDD.typical.met4.png
[INFO FLW-0001] Saving "IR drop for VDD on met5 for typical heatmap" to reports/images/heatmap/irdrop/VDD.typical.met5.png
[INFO PSM-0040] All shapes on net VSS are connected.
########## IR report #################
Net              : VSS
Corner           : fast
Total power      : 1.17e-01 W
Supply voltage   : 0.00e+00 V
Worstcase voltage: 1.91e-03 V
Average voltage  : 5.18e-05 V
Average IR drop  : 5.18e-05 V
Worstcase IR drop: 1.91e-03 V
Percentage drop  : 0.10 %
######################################
[INFO FLW-0001] Saving "IR drop for VSS on li1 for fast heatmap" to reports/images/heatmap/irdrop/VSS.fast.li1.png
[INFO FLW-0001] Saving "IR drop for VSS on met1 for fast heatmap" to reports/images/heatmap/irdrop/VSS.fast.met1.png
[INFO FLW-0001] Saving "IR drop for VSS on met2 for fast heatmap" to reports/images/heatmap/irdrop/VSS.fast.met2.png
[INFO FLW-0001] Saving "IR drop for VSS on met3 for fast heatmap" to reports/images/heatmap/irdrop/VSS.fast.met3.png
[INFO FLW-0001] Saving "IR drop for VSS on met4 for fast heatmap" to reports/images/heatmap/irdrop/VSS.fast.met4.png
[INFO FLW-0001] Saving "IR drop for VSS on met5 for fast heatmap" to reports/images/heatmap/irdrop/VSS.fast.met5.png
[INFO PSM-0040] All shapes on net VSS are connected.
########## IR report #################
Net              : VSS
Corner           : slow
Total power      : 4.31e-02 W
Supply voltage   : 0.00e+00 V
Worstcase voltage: 8.66e-04 V
Average voltage  : 1.90e-05 V
Average IR drop  : 1.90e-05 V
Worstcase IR drop: 8.66e-04 V
Percentage drop  : 0.04 %
######################################
[INFO FLW-0001] Saving "IR drop for VSS on li1 for slow heatmap" to reports/images/heatmap/irdrop/VSS.slow.li1.png
[INFO FLW-0001] Saving "IR drop for VSS on met1 for slow heatmap" to reports/images/heatmap/irdrop/VSS.slow.met1.png
[INFO FLW-0001] Saving "IR drop for VSS on met2 for slow heatmap" to reports/images/heatmap/irdrop/VSS.slow.met2.png
[INFO FLW-0001] Saving "IR drop for VSS on met3 for slow heatmap" to reports/images/heatmap/irdrop/VSS.slow.met3.png
[INFO FLW-0001] Saving "IR drop for VSS on met4 for slow heatmap" to reports/images/heatmap/irdrop/VSS.slow.met4.png
[INFO FLW-0001] Saving "IR drop for VSS on met5 for slow heatmap" to reports/images/heatmap/irdrop/VSS.slow.met5.png
[INFO PSM-0040] All shapes on net VSS are connected.
[INFO PSM-0011] Reusing previous solution
########## IR report #################
Net              : VSS
Corner           : typical
Total power      : 7.86e-02 W
Supply voltage   : 0.00e+00 V
Worstcase voltage: 1.53e-03 V
Average voltage  : 3.48e-05 V
Average IR drop  : 3.48e-05 V
Worstcase IR drop: 1.53e-03 V
Percentage drop  : 0.08 %
######################################
[INFO FLW-0001] Saving "IR drop for VSS on li1 for typical heatmap" to reports/images/heatmap/irdrop/VSS.typical.li1.png
[INFO FLW-0001] Saving "IR drop for VSS on met1 for typical heatmap" to reports/images/heatmap/irdrop/VSS.typical.met1.png
[INFO FLW-0001] Saving "IR drop for VSS on met2 for typical heatmap" to reports/images/heatmap/irdrop/VSS.typical.met2.png
[INFO FLW-0001] Saving "IR drop for VSS on met3 for typical heatmap" to reports/images/heatmap/irdrop/VSS.typical.met3.png
[INFO FLW-0001] Saving "IR drop for VSS on met4 for typical heatmap" to reports/images/heatmap/irdrop/VSS.typical.met4.png
[INFO FLW-0001] Saving "IR drop for VSS on met5 for typical heatmap" to reports/images/heatmap/irdrop/VSS.typical.met5.png
[INFO FLW-0001] Saving "optimizer" to reports/images/picorv32_bp_top.optimizer.png
