OpenROAD v2.0-27941-gf9f3050fe8 
Features included (+) or not (-): +GPU +GUI +Python
This program is licensed under the BSD-3 license. See the LICENSE file for details.
Components of this program may be licensed under more restrictive licenses which must be honored.
[INFO ORD-0030] Using 20 thread(s).
[INFO FLW-0001] Defining timing corners: fast slow typical
Reading liberty file for fast: /home/arthur/.sc/cache/lambdapdk-v0.2.12-7b36460386694c92/lambdapdk/sky130/libs/sky130hd/nldm/sky130_fd_sc_hd__ff_100C_1v95.lib.gz
Reading liberty file for slow: /home/arthur/.sc/cache/lambdapdk-v0.2.12-7b36460386694c92/lambdapdk/sky130/libs/sky130hd/nldm/sky130_fd_sc_hd__ss_n40C_1v40.lib.gz
Reading liberty file for typical: /home/arthur/.sc/cache/lambdapdk-v0.2.12-7b36460386694c92/lambdapdk/sky130/libs/sky130hd/nldm/sky130_fd_sc_hd__tt_025C_1v80.lib.gz
Reading ODB: inputs/picorv32_bp_top.odb.gz
Reading SDC: inputs/picorv32_bp_top.sdc
[INFO FLW-0001] Timing path groups: asynchronous {path delay} {gated clock} unconstrained
[WARNING FLW-0001] No clocks defined.
[INFO FLW-0001] Sourcing parasitic estimation from: /home/arthur/ECE507/project/build/picorv32_bp_top/job0/place.detailed/0/inputs/sc_parasitics.tcl
[INFO FLW-0001] Using met5 for clock parasitics estimation
[INFO FLW-0001] Using met3 for signal parasitics estimation
[INFO FLW-0001] Setting global routing adjustment for li1 to 100%
[INFO FLW-0001] Setting global routing adjustment for met1 to 40.0%
[INFO FLW-0001] Setting global routing adjustment for met2 to 40.0%
[INFO FLW-0001] Setting global routing adjustment for met3 to 30.0%
[INFO FLW-0001] Setting global routing adjustment for met4 to 30.0%
[INFO FLW-0001] Setting global routing adjustment for met5 to 30.0%
Global connection rules: 2
  Instances: ".*" with pins "VPWR" connect to "VDD"
  Instances: ".*" with pins "VGND" connect to "VSS"
Placement Analysis
---------------------------------
total displacement      14192.4 u
average displacement        0.6 u
max displacement           13.1 u
original HPWL          208538.5 u
legalized HPWL         222413.8 u
delta HPWL                    7 %

Detailed placement improvement.
[INFO DPL-0401] Setting random seed to 1.
[INFO DPL-0402] Setting maximum displacement 5 5 to 13600 13600 units.
[INFO DPL-0320] Collected 18592 fixed cells.
[INFO DPL-0318] Collected 5854 single height cells.
[INFO DPL-0321] Collected 0 wide cells.
[INFO DPL-0322] Image (10120, 10880) - (1189560, 1188640)
[INFO DPL-0310] Assigned 5854 cells into segments.  Movement in X-direction is 0.000000, movement in Y-direction is 0.000000.
[INFO DPL-0313] Found 0 cells in wrong regions.
[INFO DPL-0315] Found 0 row alignment problems.
[INFO DPL-0314] Found 0 site alignment problems.
[INFO DPL-0311] Found 0 overlaps between adjacent cells.
[INFO DPL-0312] Found 0 edge spacing violations and 0 padding violations.
[INFO DPL-0303] Running algorithm for independent set matching.
[INFO DPL-0300] Set matching objective is wirelength.
[INFO DPL-0301] Pass   1 of matching; objective is 2.224160e+08.
[INFO DPL-0302] End of matching; objective is 2.221494e+08, improvement is 0.12 percent.
[INFO DPL-0303] Running algorithm for global swaps.
[INFO DPL-0306] Pass   1 of global swaps; hpwl is 2.163050e+08.
[INFO DPL-0306] Pass   2 of global swaps; hpwl is 2.152848e+08.
[INFO DPL-0307] End of global swaps; objective is 2.152848e+08, improvement is 3.09 percent.
[INFO DPL-0303] Running algorithm for vertical swaps.
[INFO DPL-0308] Pass   1 of vertical swaps; hpwl is 2.141467e+08.
[INFO DPL-0309] End of vertical swaps; objective is 2.141467e+08, improvement is 0.53 percent.
[INFO DPL-0303] Running algorithm for reordering.
[INFO DPL-0304] Pass   1 of reordering; objective is 2.140267e+08.
[INFO DPL-0305] End of reordering; objective is 2.140267e+08, improvement is 0.06 percent.
[INFO DPL-0303] Running algorithm for random improvement.
[INFO DPL-0324] Random improver is using random generator.
[INFO DPL-0325] Random improver is using hpwl objective.
[INFO DPL-0326] Random improver cost string is (a).
[INFO DPL-0332] End of pass, Generator random called 117080 times.
[INFO DPL-0335] Generator random, Cumulative attempts 117080, swaps 29962, moves 78497 since last reset.
[INFO DPL-0333] End of pass, Objective hpwl, Initial cost 2.092705e+08, Scratch cost 2.063876e+08, Incremental cost 2.063876e+08, Mismatch? N
[INFO DPL-0338] End of pass, Total cost is 2.063876e+08.
[INFO DPL-0327] Pass   1 of random improver; improvement in cost is 1.38 percent.
[INFO DPL-0332] End of pass, Generator random called 117080 times.
[INFO DPL-0335] Generator random, Cumulative attempts 234160, swaps 59107, moves 156848 since last reset.
[INFO DPL-0333] End of pass, Objective hpwl, Initial cost 2.063876e+08, Scratch cost 2.052380e+08, Incremental cost 2.052380e+08, Mismatch? N
[INFO DPL-0338] End of pass, Total cost is 2.052380e+08.
[INFO DPL-0327] Pass   2 of random improver; improvement in cost is 0.56 percent.
[INFO DPL-0328] End of random improver; improvement is 1.926923 percent.
[INFO DPL-0380] Cell flipping.
[INFO DPL-0382] Changed 0 cell orientations for row compatibility.
[INFO DPL-0383] Performed 1411 cell flips.
[INFO DPL-0384] End of flipping; objective is 2.070522e+08, improvement is 1.39 percent.
[INFO DPL-0313] Found 0 cells in wrong regions.
[INFO DPL-0315] Found 0 row alignment problems.
[INFO DPL-0314] Found 0 site alignment problems.
[INFO DPL-0311] Found 0 overlaps between adjacent cells.
[INFO DPL-0312] Found 0 edge spacing violations and 0 padding violations.
Detailed Improvement Results
------------------------------------------
Original HPWL           222413.8 u (  106282.7,   116131.1)
Final HPWL              207046.6 u (   99490.5,   107556.1)
Delta HPWL                  -6.9 % (      -6.4,       -7.4)

Placement Analysis
---------------------------------
total displacement          0.0 u
average displacement        0.0 u
max displacement            0.0 u
original HPWL          207046.6 u
legalized HPWL         209998.6 u
delta HPWL                    1 %

[INFO DPL-0020] Mirrored 1537 instances
[INFO DPL-0021] HPWL before          209998.6 u
[INFO DPL-0022] HPWL after           207002.8 u
[INFO DPL-0023] HPWL delta               -1.4 %
Writing database: outputs/picorv32_bp_top.odb.gz
Writing DEF: outputs/picorv32_bp_top.def.gz
Writing netlist: outputs/picorv32_bp_top.vg
Writing LEC netlist: outputs/picorv32_bp_top.lec.vg
Writing SDC: outputs/picorv32_bp_top.sdc
SC_METRIC: report_checks -path_delay max
No paths found.
SC_METRIC: setupslack
worst slack max INF
SC_METRIC: tns
tns max 0.00
SC_METRIC: unconstrained
Startpoint: cpu/decoder_trigger$_DFF_P_ (rising edge-triggered flip-flop)
Endpoint: cpu/count_instr[62]$_SDFFE_PN0P_ (rising edge-triggered flip-flop)
Path Group: unconstrained
Path Type: max
Corner: slow

Fanout     Cap    Slew   Delay    Time   Description
-----------------------------------------------------------------------------
                  4.32    0.00    0.00 ^ cpu/decoder_trigger$_DFF_P_/CLK (sky130_fd_sc_hd__dfxtp_1)
    35    0.15    4.74    6.51    6.51 ^ cpu/decoder_trigger$_DFF_P_/Q (sky130_fd_sc_hd__dfxtp_1)
                                         _3425_ (net)
                  4.74    0.00    6.51 ^ _8620_/D (sky130_fd_sc_hd__and4_1)
     4    0.01    0.37    2.50    9.01 ^ _8620_/X (sky130_fd_sc_hd__and4_1)
                                         _4149_ (net)
                  0.37    0.00    9.01 ^ _8621_/D (sky130_fd_sc_hd__and4_1)
     5    0.01    0.40    0.90    9.90 ^ _8621_/X (sky130_fd_sc_hd__and4_1)
                                         _4150_ (net)
                  0.40    0.00    9.90 ^ _8622_/D (sky130_fd_sc_hd__and4_1)
     5    0.01    0.43    0.93   10.84 ^ _8622_/X (sky130_fd_sc_hd__and4_1)
                                         _4151_ (net)
                  0.43    0.00   10.84 ^ _8623_/D (sky130_fd_sc_hd__and4_1)
     5    0.01    0.45    0.96   11.80 ^ _8623_/X (sky130_fd_sc_hd__and4_1)
                                         _4152_ (net)
                  0.45    0.00   11.80 ^ _8624_/D (sky130_fd_sc_hd__and4_1)
     5    0.01    0.44    0.96   12.76 ^ _8624_/X (sky130_fd_sc_hd__and4_1)
                                         _4153_ (net)
                  0.44    0.00   12.76 ^ _8625_/D (sky130_fd_sc_hd__and4_1)
     4    0.01    0.36    0.89   13.65 ^ _8625_/X (sky130_fd_sc_hd__and4_1)
                                         _4154_ (net)
                  0.36    0.00   13.65 ^ _8626_/D (sky130_fd_sc_hd__and4_1)
     5    0.01    0.40    0.89   14.54 ^ _8626_/X (sky130_fd_sc_hd__and4_1)
                                         _4155_ (net)
                  0.40    0.00   14.54 ^ _8627_/D (sky130_fd_sc_hd__and4_1)
     5    0.01    0.39    0.90   15.44 ^ _8627_/X (sky130_fd_sc_hd__and4_1)
                                         _4156_ (net)
                  0.39    0.00   15.44 ^ _8628_/D (sky130_fd_sc_hd__and4_1)
     5    0.01    0.43    0.93   16.37 ^ _8628_/X (sky130_fd_sc_hd__and4_1)
                                         _4157_ (net)
                  0.43    0.00   16.37 ^ _8629_/D (sky130_fd_sc_hd__and4_1)
     5    0.01    0.42    0.94   17.31 ^ _8629_/X (sky130_fd_sc_hd__and4_1)
                                         _4158_ (net)
                  0.42    0.00   17.31 ^ _8630_/D (sky130_fd_sc_hd__and4_1)
     5    0.01    0.45    0.96   18.26 ^ _8630_/X (sky130_fd_sc_hd__and4_1)
                                         _4159_ (net)
                  0.45    0.00   18.26 ^ _8631_/D (sky130_fd_sc_hd__and4_1)
     5    0.01    0.43    0.96   19.22 ^ _8631_/X (sky130_fd_sc_hd__and4_1)
                                         _4160_ (net)
                  0.43    0.00   19.22 ^ _8632_/D (sky130_fd_sc_hd__and4_1)
     5    0.01    0.49    1.00   20.22 ^ _8632_/X (sky130_fd_sc_hd__and4_1)
                                         _4161_ (net)
                  0.49    0.00   20.22 ^ _8633_/D (sky130_fd_sc_hd__nand4_1)
     2    0.01    0.31    0.54   20.76 v _8633_/Y (sky130_fd_sc_hd__nand4_1)
                                         _4162_ (net)
                  0.31    0.00   20.76 v _8634_/D (sky130_fd_sc_hd__nor4_2)
     5    0.01    1.56    1.44   22.20 ^ _8634_/Y (sky130_fd_sc_hd__nor4_2)
                                         _4163_ (net)
                  1.56    0.00   22.20 ^ _8635_/D (sky130_fd_sc_hd__nand4_1)
     5    0.01    0.49    1.11   23.32 v _8635_/Y (sky130_fd_sc_hd__nand4_1)
                                         _4164_ (net)
                  0.49    0.00   23.32 v _8636_/D (sky130_fd_sc_hd__nor4_1)
     4    0.01    1.91    1.83   25.15 ^ _8636_/Y (sky130_fd_sc_hd__nor4_1)
                                         _4165_ (net)
                  1.91    0.00   25.15 ^ _8637_/C (sky130_fd_sc_hd__and3_1)
     5    0.01    0.37    1.41   26.56 ^ _8637_/X (sky130_fd_sc_hd__and3_1)
                                         _4166_ (net)
                  0.37    0.00   26.56 ^ _8638_/D (sky130_fd_sc_hd__and4_1)
     6    0.01    0.52    0.99   27.55 ^ _8638_/X (sky130_fd_sc_hd__and4_1)
                                         _4167_ (net)
                  0.52    0.00   27.55 ^ _8639_/D (sky130_fd_sc_hd__and4_1)
     6    0.01    0.51    1.05   28.60 ^ _8639_/X (sky130_fd_sc_hd__and4_1)
                                         _4168_ (net)
                  0.51    0.00   28.60 ^ _8640_/D (sky130_fd_sc_hd__and4_1)
     4    0.01    0.39    0.95   29.55 ^ _8640_/X (sky130_fd_sc_hd__and4_1)
                                         _4169_ (net)
                  0.39    0.00   29.55 ^ _8641_/B (sky130_fd_sc_hd__and2_0)
     3    0.01    0.39    0.67   30.21 ^ _8641_/X (sky130_fd_sc_hd__and2_0)
                                         _4170_ (net)
                  0.39    0.00   30.21 ^ _8642_/A2 (sky130_fd_sc_hd__o21ai_0)
     1    0.00    0.14    0.31   30.52 v _8642_/Y (sky130_fd_sc_hd__o21ai_0)
                                         _4171_ (net)
                  0.14    0.00   30.52 v _8643_/B1 (sky130_fd_sc_hd__a21oi_1)
     1    0.00    0.30    0.39   30.91 ^ _8643_/Y (sky130_fd_sc_hd__a21oi_1)
                                         _0293_ (net)
                  0.30    0.00   30.91 ^ cpu/count_instr[62]$_SDFFE_PN0P_/D (sky130_fd_sc_hd__dfxtp_1)
                                 30.91   data arrival time
-----------------------------------------------------------------------------
(Path is unconstrained)


SC_METRIC: DRV violators
SC_METRIC: floating nets
Reporting floating nets: reports/floating_nets.rpt
SC_METRIC: overdriven nets
Reporting overdriven nets: reports/overdriven_nets.rpt
Reporting overdriven nets: reports/overdriven_nets_with_parallel.rpt
SC_METRIC: fmax
SC_METRIC: power
Power for corner: fast
Group                  Internal  Switching    Leakage      Total
                          Power      Power      Power      Power (Watts)
----------------------------------------------------------------
Sequential             1.91e-02   1.19e-02   4.73e-05   3.11e-02  27.9%
Combinational          4.41e-02   3.61e-02   3.21e-05   8.03e-02  72.1%
Clock                  0.00e+00   0.00e+00   0.00e+00   0.00e+00   0.0%
Macro                  0.00e+00   0.00e+00   0.00e+00   0.00e+00   0.0%
Pad                    0.00e+00   0.00e+00   0.00e+00   0.00e+00   0.0%
----------------------------------------------------------------
Total                  6.33e-02   4.80e-02   7.94e-05   1.11e-01 100.0%
                          56.8%      43.1%       0.1%
Power for corner: slow
Group                  Internal  Switching    Leakage      Total
                          Power      Power      Power      Power (Watts)
----------------------------------------------------------------
Sequential             6.83e-03   5.89e-03   6.00e-10   1.27e-02  30.1%
Combinational          1.30e-02   1.65e-02   8.48e-10   2.96e-02  69.9%
Clock                  0.00e+00   0.00e+00   0.00e+00   0.00e+00   0.0%
Macro                  0.00e+00   0.00e+00   0.00e+00   0.00e+00   0.0%
Pad                    0.00e+00   0.00e+00   0.00e+00   0.00e+00   0.0%
----------------------------------------------------------------
Total                  1.99e-02   2.24e-02   1.45e-09   4.23e-02 100.0%
                          47.0%      53.0%       0.0%
Power for corner: typical
Group                  Internal  Switching    Leakage      Total
                          Power      Power      Power      Power (Watts)
----------------------------------------------------------------
Sequential             1.31e-02   1.00e-02   1.37e-08   2.31e-02  30.1%
Combinational          2.39e-02   2.98e-02   1.16e-08   5.37e-02  69.9%
Clock                  0.00e+00   0.00e+00   0.00e+00   0.00e+00   0.0%
Macro                  0.00e+00   0.00e+00   0.00e+00   0.00e+00   0.0%
Pad                    0.00e+00   0.00e+00   0.00e+00   0.00e+00   0.0%
----------------------------------------------------------------
Total                  3.70e-02   3.99e-02   2.52e-08   7.68e-02 100.0%
                          48.1%      51.9%       0.0%
SC_METRIC: cellarea
Design area 78369 um^2 6% utilization.
Cell type report:                       Count       Area
  Tap cell                              18487   23130.93
  Timing Repair Buffer                    114     950.91
  Inverter                                 84     315.30
  Sequential cell                        1597   44786.70
  Multi-Input combinational cell         4059   32315.99
  Total                                 24341  101499.85

Cell instance report:
  sky130_fd_sc_hd__a2111oi_0                1       8.76
  sky130_fd_sc_hd__a2111oi_2                1      15.01
  sky130_fd_sc_hd__a211o_1                 12     105.10
  sky130_fd_sc_hd__a211oi_1                23     172.67
  sky130_fd_sc_hd__a211oi_2                 2      25.02
  sky130_fd_sc_hd__a21boi_0                 5      37.54
  sky130_fd_sc_hd__a21o_1                  63     472.95
  sky130_fd_sc_hd__a21oi_1                276    1381.32
  sky130_fd_sc_hd__a21oi_2                  1       8.76
  sky130_fd_sc_hd__a21oi_4                  1      16.27
  sky130_fd_sc_hd__a221o_1                 15     150.14
  sky130_fd_sc_hd__a221oi_1                25     218.96
  sky130_fd_sc_hd__a222oi_1                40     400.38
  sky130_fd_sc_hd__a22o_1                  27     236.48
  sky130_fd_sc_hd__a22oi_1                 38     285.27
  sky130_fd_sc_hd__a2bb2oi_1                1       8.76
  sky130_fd_sc_hd__a311o_1                  2      20.02
  sky130_fd_sc_hd__a311oi_1                11      96.34
  sky130_fd_sc_hd__a311oi_2                 3      45.04
  sky130_fd_sc_hd__a31o_1                   4      35.03
  sky130_fd_sc_hd__a31oi_1                 64     400.38
  sky130_fd_sc_hd__a32o_1                   8      80.08
  sky130_fd_sc_hd__a32oi_1                 10      87.58
  sky130_fd_sc_hd__a41oi_1                  3      26.28
  sky130_fd_sc_hd__and2_0                  26     162.66
  sky130_fd_sc_hd__and2_1                  53     331.57
  sky130_fd_sc_hd__and3_1                  49     306.54
  sky130_fd_sc_hd__and4_1                  32     280.27
  sky130_fd_sc_hd__buf_12                   7     140.13
  sky130_fd_sc_hd__buf_4                  106     795.76
  sky130_fd_sc_hd__buf_8                    1      15.01
  sky130_fd_sc_hd__clkinv_1                 3      11.26
  sky130_fd_sc_hd__conb_1                  34     127.62
  sky130_fd_sc_hd__dfxtp_1                314    6286.03
  sky130_fd_sc_hd__dfxtp_2                  3      63.81
  sky130_fd_sc_hd__edfxtp_1              1280   38436.86
  sky130_fd_sc_hd__inv_1                   78     292.78
  sky130_fd_sc_hd__inv_2                    3      11.26
  sky130_fd_sc_hd__maj3_1                   4      40.04
  sky130_fd_sc_hd__maj3_2                   7      78.83
  sky130_fd_sc_hd__mux2_2                  54     608.08
  sky130_fd_sc_hd__mux2_4                   1      15.01
  sky130_fd_sc_hd__mux2i_1                 75     750.72
  sky130_fd_sc_hd__mux4_2                 540   12161.66
  sky130_fd_sc_hd__nand2_1                541    2030.70
  sky130_fd_sc_hd__nand2b_1                39     243.98
  sky130_fd_sc_hd__nand3_1                 76     380.36
  sky130_fd_sc_hd__nand3b_1                11      82.58
  sky130_fd_sc_hd__nand4_1                 21     131.38
  sky130_fd_sc_hd__nand4b_1                 3      26.28
  sky130_fd_sc_hd__nor2_1                 586    2199.61
  sky130_fd_sc_hd__nor2_2                  33     206.45
  sky130_fd_sc_hd__nor2b_1                 47     294.03
  sky130_fd_sc_hd__nor3_1                 111     555.53
  sky130_fd_sc_hd__nor3_2                   3      30.03
  sky130_fd_sc_hd__nor3b_1                  2      15.01
  sky130_fd_sc_hd__nor4_1                  20     125.12
  sky130_fd_sc_hd__nor4_2                   2      25.02
  sky130_fd_sc_hd__nor4b_1                  3      26.28
  sky130_fd_sc_hd__o2111a_1                 1      11.26
  sky130_fd_sc_hd__o2111ai_1                1       8.76
  sky130_fd_sc_hd__o211a_1                  2      20.02
  sky130_fd_sc_hd__o211ai_1                28     210.20
  sky130_fd_sc_hd__o21a_1                  33     247.74
  sky130_fd_sc_hd__o21ai_0                544    2722.61
  sky130_fd_sc_hd__o21ai_1                 19      95.09
  sky130_fd_sc_hd__o21bai_1                 3      22.52
  sky130_fd_sc_hd__o221a_2                  3      33.78
  sky130_fd_sc_hd__o221ai_1                58     507.99
  sky130_fd_sc_hd__o22a_1                   1       8.76
  sky130_fd_sc_hd__o22ai_1                 48     300.29
  sky130_fd_sc_hd__o2bb2ai_1                2      17.52
  sky130_fd_sc_hd__o311a_1                  1      10.01
  sky130_fd_sc_hd__o311ai_0                 4      35.03
  sky130_fd_sc_hd__o311ai_1                 8      70.07
  sky130_fd_sc_hd__o31a_1                   5      43.79
  sky130_fd_sc_hd__o31ai_1                 26     195.19
  sky130_fd_sc_hd__o31ai_2                  1      12.51
  sky130_fd_sc_hd__o32ai_1                 11      96.34
  sky130_fd_sc_hd__or2_1                   27     168.91
  sky130_fd_sc_hd__or3_1                   20     125.12
  sky130_fd_sc_hd__or3b_2                   3      26.28
  sky130_fd_sc_hd__or4_1                    5      37.54
  sky130_fd_sc_hd__or4b_2                   2      20.02
  sky130_fd_sc_hd__tapvpwrvgnd_1        18487   23130.93
  sky130_fd_sc_hd__xnor2_1                123    1077.28
  sky130_fd_sc_hd__xor2_1                  71     621.85
