Startpoint: _8936_ (rising edge-triggered flip-flop clocked by clk)
Endpoint: pcpi_rs1[19]$_DFFE_PP_
          (rising edge-triggered flip-flop clocked by clk)
Path Group: clk
Path Type: max
Corner: slow

Fanout     Cap    Slew   Delay    Time   Description
-----------------------------------------------------------------------------
                  0.00    0.00    0.00   clock clk (rise edge)
                          0.00    0.00   clock network delay (ideal)
                  0.00    0.00    0.00 ^ _8936_/CLK (sky130_fd_sc_hd__dfxtp_1)
   254    1.25   39.58   30.71   30.71 ^ _8936_/Q (sky130_fd_sc_hd__dfxtp_1)
                                         _0000_ (net)
                 39.58    0.00   30.71 ^ _5985_/A (sky130_fd_sc_hd__inv_1)
    14    0.03    5.36   15.24   45.95 v _5985_/Y (sky130_fd_sc_hd__inv_1)
                                         _1840_ (net)
                  5.36    0.00   45.95 v _7074_/B1 (sky130_fd_sc_hd__a21oi_1)
     1    0.00    0.80    3.12   49.07 ^ _7074_/Y (sky130_fd_sc_hd__a21oi_1)
                                         _2850_ (net)
                  0.80    0.00   49.07 ^ _7075_/A2 (sky130_fd_sc_hd__a21oi_1)
     1    0.00    0.58    0.47   49.53 v _7075_/Y (sky130_fd_sc_hd__a21oi_1)
                                         _2851_ (net)
                  0.58    0.00   49.53 v _7077_/A2 (sky130_fd_sc_hd__a22oi_1)
     1    0.00    0.44    0.86   50.39 ^ _7077_/Y (sky130_fd_sc_hd__a22oi_1)
                                         _2853_ (net)
                  0.44    0.00   50.39 ^ _7084_/A1 (sky130_fd_sc_hd__mux4_2)
     1    0.00    0.17    0.87   51.26 ^ _7084_/X (sky130_fd_sc_hd__mux4_2)
                                         _2860_ (net)
                  0.17    0.00   51.26 ^ _7085_/B (sky130_fd_sc_hd__nor2_1)
     1    0.00    0.10    0.12   51.38 v _7085_/Y (sky130_fd_sc_hd__nor2_1)
                                         _2861_ (net)
                  0.10    0.00   51.38 v _7089_/B1 (sky130_fd_sc_hd__a211oi_1)
     1    0.00    0.56    0.75   52.13 ^ _7089_/Y (sky130_fd_sc_hd__a211oi_1)
                                         _2865_ (net)
                  0.56    0.00   52.13 ^ _7090_/B1 (sky130_fd_sc_hd__o21ai_0)
     1    0.00    0.32    0.38   52.51 v _7090_/Y (sky130_fd_sc_hd__o21ai_0)
                                         _4375_ (net)
                  0.32    0.00   52.51 v pcpi_rs1[19]$_DFFE_PP_/D (sky130_fd_sc_hd__edfxtp_1)
                                 52.51   data arrival time

                  0.00   25.00   25.00   clock clk (rise edge)
                          0.00   25.00   clock network delay (ideal)
                          0.00   25.00   clock reconvergence pessimism
                                 25.00 ^ pcpi_rs1[19]$_DFFE_PP_/CLK (sky130_fd_sc_hd__edfxtp_1)
                         -1.53   23.47   library setup time
                                 23.47   data required time
-----------------------------------------------------------------------------
                                 23.47   data required time
                                -52.51   data arrival time
-----------------------------------------------------------------------------
                                -29.04   slack (VIOLATED)


