[-29.039, -26.456): * (34)
[-26.456, -23.872): * (35)
[-23.872, -21.289):  (0)
[-21.289, -18.706):  (0)
[-18.706, -16.122):  (0)
[-16.122, -13.539):  (0)
[-13.539, -10.955):  (0)
[-10.955,  -8.372):  (0)
[ -8.372,  -5.788):  (0)
[ -5.788,  -3.205): * (3)
[ -3.205,  -0.621): * (18)
[ -0.621,   1.962): * (11)
[  1.962,   4.545): ** (56)
[  4.545,   7.129): ** (55)
[  7.129,   9.712): ********** (340)
[  9.712,  12.296): ************************************************** (1729)
[ 12.296,  14.879): ******* (259)
[ 14.879,  17.463): **** (137)
[ 17.463,  20.046): * (46)
[ 20.046,  22.630]: * (43)
