Total number of Clock Roots: 2.
Total number of Buffers Inserted: 82.
Total number of Clock Subnets: 82.
Total number of Sinks: 1576.
Cells used:
  sky130_fd_sc_hd__clkbuf_16: 88
Dummys used:
  sky130_fd_sc_hd__bufinv_16: 2
  sky130_fd_sc_hd__bufinv_8: 1
  sky130_fd_sc_hd__clkbuf_16: 1
  sky130_fd_sc_hd__clkinv_16: 3
  sky130_fd_sc_hd__clkinv_2: 2
  sky130_fd_sc_hd__clkinv_8: 5
  sky130_fd_sc_hd__clkinvlp_2: 2
  sky130_fd_sc_hd__clkinvlp_4: 1
  sky130_fd_sc_hd__inv_1: 10
  sky130_fd_sc_hd__inv_12: 4
  sky130_fd_sc_hd__inv_16: 2
  sky130_fd_sc_hd__inv_4: 1
  sky130_fd_sc_hd__inv_6: 5
  sky130_fd_sc_hd__inv_8: 8
