OpenROAD v2.0-27941-gf9f3050fe8 
Features included (+) or not (-): +GPU +GUI +Python
This program is licensed under the BSD-3 license. See the LICENSE file for details.
Components of this program may be licensed under more restrictive licenses which must be honored.
[INFO ORD-0030] Using 20 thread(s).
[INFO FLW-0001] Defining timing corners: fast slow typical
Reading liberty file for fast: /home/arthur/.sc/cache/lambdapdk-v0.2.12-7b36460386694c92/lambdapdk/sky130/libs/sky130hd/nldm/sky130_fd_sc_hd__ff_100C_1v95.lib.gz
Reading liberty file for slow: /home/arthur/.sc/cache/lambdapdk-v0.2.12-7b36460386694c92/lambdapdk/sky130/libs/sky130hd/nldm/sky130_fd_sc_hd__ss_n40C_1v40.lib.gz
Reading liberty file for typical: /home/arthur/.sc/cache/lambdapdk-v0.2.12-7b36460386694c92/lambdapdk/sky130/libs/sky130hd/nldm/sky130_fd_sc_hd__tt_025C_1v80.lib.gz
Reading ODB: inputs/picorv32_top.odb.gz
Reading SDC: inputs/picorv32_top.sdc
[INFO FLW-0001] Timing path groups: clk asynchronous {path delay} {gated clock} unconstrained
[INFO FLW-0001] Sourcing parasitic estimation from: /home/arthur/ECE507/SRAM/build/picorv32_top/job0/place.repair_design/0/inputs/sc_parasitics.tcl
[INFO FLW-0001] Using met5 for clock parasitics estimation
[INFO FLW-0001] Using met3 for signal parasitics estimation
[INFO FLW-0001] Setting global routing adjustment for li1 to 100%
[INFO FLW-0001] Setting global routing adjustment for met1 to 40.0%
[INFO FLW-0001] Setting global routing adjustment for met2 to 40.0%
[INFO FLW-0001] Setting global routing adjustment for met3 to 30.0%
[INFO FLW-0001] Setting global routing adjustment for met4 to 30.0%
[INFO FLW-0001] Setting global routing adjustment for met5 to 30.0%
Global connection rules: 2
  Instances: ".*" with pins "VPWR" connect to "VDD"
  Instances: ".*" with pins "VGND" connect to "VSS"
Dont use report: reports/dont_use.repair_drv.rpt
Iteration |   Area    | Resized | Buffers | Nets repaired | Remaining
---------------------------------------------------------------------
        0 |     +0.0% |       0 |       0 |             0 |      6252
     1000 |     +0.0% |       0 |       0 |             0 |      5252
     2000 |     +0.0% |       0 |       0 |             0 |      4252
     3000 |     +0.0% |       0 |       0 |             0 |      3252
     4000 |     +0.0% |       0 |       0 |             0 |      2252
     5000 |     +0.0% |       0 |       0 |             0 |      1252
     6000 |     +0.0% |       0 |       0 |             0 |       252
    final |     +0.0% |       0 |       0 |             0 |         0
---------------------------------------------------------------------
[INFO RSZ-0042] Inserted 1 tie sky130_fd_sc_hd__conb_1 instances.
[INFO RSZ-0042] Inserted 148 tie sky130_fd_sc_hd__conb_1 instances.
Writing database: outputs/picorv32_top.odb.gz
Writing DEF: outputs/picorv32_top.def.gz
Writing netlist: outputs/picorv32_top.vg
Writing LEC netlist: outputs/picorv32_top.lec.vg
Writing SDC: outputs/picorv32_top.sdc
SC_METRIC: report_checks -path_delay max
Startpoint: pcpi_rs1[1]$_DFFE_PP_
            (rising edge-triggered flip-flop clocked by clk)
Endpoint: pcpi_rs1[31]$_DFFE_PP_
          (rising edge-triggered flip-flop clocked by clk)
Path Group: clk
Path Type: max
Corner: slow

Fanout     Cap    Slew   Delay    Time   Description
-----------------------------------------------------------------------------
                  0.00    0.00    0.00   clock clk (rise edge)
                          0.00    0.00   clock network delay (ideal)
                  0.00    0.00    0.00 ^ pcpi_rs1[1]$_DFFE_PP_/CLK (sky130_fd_sc_hd__edfxtp_1)
     3    0.01    0.36    1.75    1.75 v pcpi_rs1[1]$_DFFE_PP_/Q (sky130_fd_sc_hd__edfxtp_1)
                                         net518 (net)
                  0.36    0.00    1.75 v _5903_/A (sky130_fd_sc_hd__xnor2_2)
     2    0.01    0.57    0.84    2.59 ^ _5903_/Y (sky130_fd_sc_hd__xnor2_2)
                                         _1758_ (net)
                  0.57    0.00    2.59 ^ _5905_/A2 (sky130_fd_sc_hd__o21ai_1)
     2    0.01    0.19    0.45    3.04 v _5905_/Y (sky130_fd_sc_hd__o21ai_1)
                                         _1760_ (net)
                  0.19    0.00    3.04 v _5906_/C (sky130_fd_sc_hd__maj3_2)
     2    0.01    0.20    1.47    4.51 v _5906_/X (sky130_fd_sc_hd__maj3_2)
                                         _1761_ (net)
                  0.20    0.00    4.51 v _5907_/C (sky130_fd_sc_hd__maj3_2)
     2    0.01    0.21    1.49    6.00 v _5907_/X (sky130_fd_sc_hd__maj3_2)
                                         _1762_ (net)
                  0.21    0.00    6.00 v _5908_/C (sky130_fd_sc_hd__maj3_2)
     2    0.01    0.21    1.49    7.50 v _5908_/X (sky130_fd_sc_hd__maj3_2)
                                         _1763_ (net)
                  0.21    0.00    7.50 v _5909_/C (sky130_fd_sc_hd__maj3_2)
     3    0.01    0.23    1.53    9.03 v _5909_/X (sky130_fd_sc_hd__maj3_2)
                                         _1764_ (net)
                  0.23    0.00    9.03 v _5913_/A2 (sky130_fd_sc_hd__a211oi_2)
     2    0.01    0.74    1.06   10.09 ^ _5913_/Y (sky130_fd_sc_hd__a211oi_2)
                                         _1768_ (net)
                  0.74    0.00   10.09 ^ _5915_/A3 (sky130_fd_sc_hd__o31ai_1)
     2    0.01    0.22    0.54   10.63 v _5915_/Y (sky130_fd_sc_hd__o31ai_1)
                                         _1770_ (net)
                  0.22    0.00   10.63 v _5916_/C (sky130_fd_sc_hd__maj3_2)
     3    0.01    0.22    1.53   12.16 v _5916_/X (sky130_fd_sc_hd__maj3_2)
                                         _1771_ (net)
                  0.22    0.00   12.16 v _5919_/A2 (sky130_fd_sc_hd__a211oi_2)
     2    0.01    0.92    1.20   13.36 ^ _5919_/Y (sky130_fd_sc_hd__a211oi_2)
                                         _1774_ (net)
                  0.92    0.00   13.36 ^ _5922_/A3 (sky130_fd_sc_hd__o311ai_1)
     3    0.01    0.26    0.66   14.02 v _5922_/Y (sky130_fd_sc_hd__o311ai_1)
                                         _1777_ (net)
                  0.26    0.00   14.02 v _5924_/A3 (sky130_fd_sc_hd__a311oi_1)
     1    0.00    0.95    1.28   15.31 ^ _5924_/Y (sky130_fd_sc_hd__a311oi_1)
                                         _1779_ (net)
                  0.95    0.00   15.31 ^ place590/A (sky130_fd_sc_hd__buf_4)
     3    0.01    0.11    0.75   16.06 ^ place590/X (sky130_fd_sc_hd__buf_4)
                                         net590 (net)
                  0.11    0.00   16.06 ^ _5927_/A3 (sky130_fd_sc_hd__o311ai_1)
     3    0.01    0.32    0.33   16.38 v _5927_/Y (sky130_fd_sc_hd__o311ai_1)
                                         _1782_ (net)
                  0.32    0.00   16.39 v _5929_/A3 (sky130_fd_sc_hd__a311oi_2)
     2    0.01    0.87    1.32   17.70 ^ _5929_/Y (sky130_fd_sc_hd__a311oi_2)
                                         _1784_ (net)
                  0.87    0.00   17.70 ^ _5932_/A3 (sky130_fd_sc_hd__o311ai_1)
     3    0.01    0.30    0.68   18.38 v _5932_/Y (sky130_fd_sc_hd__o311ai_1)
                                         _1787_ (net)
                  0.30    0.00   18.38 v _5934_/A3 (sky130_fd_sc_hd__a311oi_2)
     3    0.01    1.04    1.44   19.82 ^ _5934_/Y (sky130_fd_sc_hd__a311oi_2)
                                         _1789_ (net)
                  1.04    0.00   19.82 ^ _5937_/A3 (sky130_fd_sc_hd__o311ai_1)
     2    0.01    0.22    0.68   20.50 v _5937_/Y (sky130_fd_sc_hd__o311ai_1)
                                         _1792_ (net)
                  0.22    0.00   20.50 v _5939_/A3 (sky130_fd_sc_hd__a311oi_1)
     1    0.00    0.83    1.17   21.67 ^ _5939_/Y (sky130_fd_sc_hd__a311oi_1)
                                         _1794_ (net)
                  0.83    0.00   21.67 ^ place572/A (sky130_fd_sc_hd__buf_4)
     2    0.01    0.11    0.68   22.36 ^ place572/X (sky130_fd_sc_hd__buf_4)
                                         net572 (net)
                  0.11    0.00   22.36 ^ _5941_/A3 (sky130_fd_sc_hd__o31ai_1)
     1    0.00    0.11    0.15   22.51 v _5941_/Y (sky130_fd_sc_hd__o31ai_1)
                                         _1796_ (net)
                  0.11    0.00   22.51 v place568/A (sky130_fd_sc_hd__buf_4)
     3    0.01    0.08    0.52   23.02 v place568/X (sky130_fd_sc_hd__buf_4)
                                         net568 (net)
                  0.08    0.00   23.03 v _5942_/C (sky130_fd_sc_hd__maj3_1)
     2    0.01    0.24    1.73   24.75 v _5942_/X (sky130_fd_sc_hd__maj3_1)
                                         _1797_ (net)
                  0.24    0.00   24.75 v _5943_/C (sky130_fd_sc_hd__maj3_1)
     1    0.00    0.23    1.77   26.52 v _5943_/X (sky130_fd_sc_hd__maj3_1)
                                         _1798_ (net)
                  0.23    0.00   26.52 v _5945_/A (sky130_fd_sc_hd__xnor2_1)
     1    0.00    0.57    0.76   27.28 ^ _5945_/Y (sky130_fd_sc_hd__xnor2_1)
                                         _1800_ (net)
                  0.57    0.00   27.28 ^ _6039_/A2 (sky130_fd_sc_hd__o21ai_0)
     1    0.00    0.17    0.39   27.66 v _6039_/Y (sky130_fd_sc_hd__o21ai_0)
                                         _4389_ (net)
                  0.17    0.00   27.66 v pcpi_rs1[31]$_DFFE_PP_/D (sky130_fd_sc_hd__edfxtp_1)
                                 27.66   data arrival time

                  0.00   25.00   25.00   clock clk (rise edge)
                          0.00   25.00   clock network delay (ideal)
                          0.00   25.00   clock reconvergence pessimism
                                 25.00 ^ pcpi_rs1[31]$_DFFE_PP_/CLK (sky130_fd_sc_hd__edfxtp_1)
                         -1.45   23.55   library setup time
                                 23.55   data required time
-----------------------------------------------------------------------------
                                 23.55   data required time
                                -27.66   data arrival time
-----------------------------------------------------------------------------
                                 -4.11   slack (VIOLATED)


SC_METRIC: setupslack
worst slack max -4.11
SC_METRIC: tns
tns max -13.34
SC_METRIC: unconstrained
Startpoint: clk (clock source 'clk')
Endpoint: sram/clk0 (internal pin)
Path Group: unconstrained
Path Type: max
Corner: fast

Fanout     Cap    Slew   Delay    Time   Description
-----------------------------------------------------------------------------
  1576    2.90    0.00    0.00   12.50 v clk (in)
                                         clk (net)
                  0.00    0.00   12.50 v sram/clk0 (sky130_sram_2kbyte_1rw1r_32x512_8)
                                 12.50   data arrival time
-----------------------------------------------------------------------------
(Path is unconstrained)


SC_METRIC: DRV violators
SC_METRIC: floating nets
Reporting floating nets: reports/floating_nets.rpt
SC_METRIC: overdriven nets
Reporting overdriven nets: reports/overdriven_nets.rpt
Reporting overdriven nets: reports/overdriven_nets_with_parallel.rpt
SC_METRIC: fmax
clk fmax = 34.35 MHz
Clock                   Period          Waveform
----------------------------------------------------
clk                      25.00        0.00     12.50
SC_METRIC: power
Power for corner: fast
Group                  Internal  Switching    Leakage      Total
                          Power      Power      Power      Power (Watts)
----------------------------------------------------------------
Sequential             3.49e-03   4.94e-05   4.68e-05   3.58e-03  77.1%
Combinational          5.16e-04   5.10e-04   3.61e-05   1.06e-03  22.9%
Clock                  0.00e+00   0.00e+00   0.00e+00   0.00e+00   0.0%
Macro                  0.00e+00   0.00e+00   0.00e+00   0.00e+00   0.0%
Pad                    0.00e+00   0.00e+00   0.00e+00   0.00e+00   0.0%
----------------------------------------------------------------
Total                  4.00e-03   5.59e-04   8.29e-05   4.65e-03 100.0%
                          86.2%      12.0%       1.8%
Power for corner: slow
Group                  Internal  Switching    Leakage      Total
                          Power      Power      Power      Power (Watts)
----------------------------------------------------------------
Sequential             1.34e-03   2.28e-05   5.94e-10   1.36e-03  76.4%
Combinational          1.85e-04   2.37e-04   1.39e-09   4.21e-04  23.6%
Clock                  0.00e+00   0.00e+00   0.00e+00   0.00e+00   0.0%
Macro                  0.00e+00   0.00e+00   0.00e+00   0.00e+00   0.0%
Pad                    0.00e+00   0.00e+00   0.00e+00   0.00e+00   0.0%
----------------------------------------------------------------
Total                  1.52e-03   2.59e-04   1.98e-09   1.78e-03 100.0%
                          85.4%      14.6%       0.0%
Power for corner: typical
Group                  Internal  Switching    Leakage      Total
                          Power      Power      Power      Power (Watts)
----------------------------------------------------------------
Sequential             2.95e-03   4.10e-05   1.36e-08   2.99e-03  79.9%
Combinational          3.30e-04   4.23e-04   1.35e-08   7.53e-04  20.1%
Clock                  0.00e+00   0.00e+00   0.00e+00   0.00e+00   0.0%
Macro                  0.00e+00   0.00e+00   0.00e+00   0.00e+00   0.0%
Pad                    0.00e+00   0.00e+00   0.00e+00   0.00e+00   0.0%
----------------------------------------------------------------
Total                  3.28e-03   4.64e-04   2.71e-08   3.74e-03 100.0%
                          87.6%      12.4%       0.0%
SC_METRIC: cellarea
Design area 364814 um^2 38% utilization.
Cell type report:                       Count       Area
  Macro                                     1  284538.47
  Tap cell                               8830   11048.10
  Timing Repair Buffer                    413    3200.57
  Inverter                                 95     356.59
  Sequential cell                        1574   44088.53
  Multi-Input combinational cell         4182   32630.04
  Total                                 15095  375862.31

Cell instance report:
  sky130_sram_2kbyte_1rw1r_32x512_8         1  284538.47
  sky130_fd_sc_hd__a2111oi_0                1       8.76
  sky130_fd_sc_hd__a211o_1                 10      87.58
  sky130_fd_sc_hd__a211oi_1                26     195.19
  sky130_fd_sc_hd__a211oi_2                 3      37.54
  sky130_fd_sc_hd__a21bo_2                  1      10.01
  sky130_fd_sc_hd__a21boi_0                 2      15.01
  sky130_fd_sc_hd__a21o_1                  58     435.42
  sky130_fd_sc_hd__a21oi_1                310    1551.49
  sky130_fd_sc_hd__a221o_1                  5      50.05
  sky130_fd_sc_hd__a221oi_1                21     183.93
  sky130_fd_sc_hd__a222oi_1                39     390.37
  sky130_fd_sc_hd__a22o_1                  30     262.75
  sky130_fd_sc_hd__a22oi_1                 48     360.35
  sky130_fd_sc_hd__a311o_1                  7      70.07
  sky130_fd_sc_hd__a311oi_1                16     140.13
  sky130_fd_sc_hd__a311oi_2                 2      30.03
  sky130_fd_sc_hd__a31o_1                   5      43.79
  sky130_fd_sc_hd__a31oi_1                 60     375.36
  sky130_fd_sc_hd__a32o_1                   8      80.08
  sky130_fd_sc_hd__a32oi_1                  3      26.28
  sky130_fd_sc_hd__a41o_1                   2      20.02
  sky130_fd_sc_hd__a41oi_1                  1       8.76
  sky130_fd_sc_hd__and2_0                  25     156.40
  sky130_fd_sc_hd__and2_1                  60     375.36
  sky130_fd_sc_hd__and3_1                  49     306.54
  sky130_fd_sc_hd__and4_1                  29     253.99
  sky130_fd_sc_hd__buf_12                   8     160.15
  sky130_fd_sc_hd__buf_4                  405    3040.42
  sky130_fd_sc_hd__clkinv_1                 1       3.75
  sky130_fd_sc_hd__conb_1                 149     559.29
  sky130_fd_sc_hd__dfxtp_1                313    6266.01
  sky130_fd_sc_hd__dfxtp_2                  5     106.35
  sky130_fd_sc_hd__edfxtp_1              1256   37716.17
  sky130_fd_sc_hd__inv_1                   89     334.07
  sky130_fd_sc_hd__inv_2                    5      18.77
  sky130_fd_sc_hd__maj3_1                  13     130.12
  sky130_fd_sc_hd__maj3_2                   6      67.56
  sky130_fd_sc_hd__mux2_2                  46     518.00
  sky130_fd_sc_hd__mux2i_1                 80     800.77
  sky130_fd_sc_hd__mux4_2                 529   11913.93
  sky130_fd_sc_hd__nand2_1                531    1993.16
  sky130_fd_sc_hd__nand2b_1                45     281.52
  sky130_fd_sc_hd__nand3_1                 74     370.36
  sky130_fd_sc_hd__nand3b_1                 9      67.56
  sky130_fd_sc_hd__nand4_1                 23     143.89
  sky130_fd_sc_hd__nand4b_1                 1       8.76
  sky130_fd_sc_hd__nor2_1                 565    2120.78
  sky130_fd_sc_hd__nor2_2                  33     206.45
  sky130_fd_sc_hd__nor2b_1                 34     212.70
  sky130_fd_sc_hd__nor3_1                 121     605.58
  sky130_fd_sc_hd__nor3_2                   1      10.01
  sky130_fd_sc_hd__nor3b_1                  3      22.52
  sky130_fd_sc_hd__nor4_1                  24     150.14
  sky130_fd_sc_hd__nor4b_1                  3      26.28
  sky130_fd_sc_hd__o2111ai_1                1       8.76
  sky130_fd_sc_hd__o211a_1                  1      10.01
  sky130_fd_sc_hd__o211ai_1                31     232.72
  sky130_fd_sc_hd__o21a_1                  32     240.23
  sky130_fd_sc_hd__o21ai_0                528    2642.53
  sky130_fd_sc_hd__o21ai_1                 27     135.13
  sky130_fd_sc_hd__o21bai_1                 4      30.03
  sky130_fd_sc_hd__o221a_2                  2      22.52
  sky130_fd_sc_hd__o221ai_1                46     402.89
  sky130_fd_sc_hd__o22a_1                   3      26.28
  sky130_fd_sc_hd__o22ai_1                 36     225.22
  sky130_fd_sc_hd__o2bb2ai_1                2      17.52
  sky130_fd_sc_hd__o311a_1                  1      10.01
  sky130_fd_sc_hd__o311ai_0                21     183.93
  sky130_fd_sc_hd__o311ai_1                 4      35.03
  sky130_fd_sc_hd__o311ai_2                 2      32.53
  sky130_fd_sc_hd__o31a_1                   4      35.03
  sky130_fd_sc_hd__o31ai_1                 30     225.22
  sky130_fd_sc_hd__o32a_1                   2      20.02
  sky130_fd_sc_hd__o32ai_1                 14     122.62
  sky130_fd_sc_hd__o41ai_1                  1       8.76
  sky130_fd_sc_hd__or2_1                   36     225.22
  sky130_fd_sc_hd__or3_1                   28     175.17
  sky130_fd_sc_hd__or3b_2                   3      26.28
  sky130_fd_sc_hd__or4_1                   11      82.58
  sky130_fd_sc_hd__or4b_2                   1      10.01
  sky130_fd_sc_hd__tapvpwrvgnd_1         8830   11048.10
  sky130_fd_sc_hd__xnor2_1                132    1156.11
  sky130_fd_sc_hd__xnor2_2                  1      16.27
  sky130_fd_sc_hd__xor2_1                  67     586.81
[WARNING GUI-0076] QStandardPaths: wrong permissions on runtime directory /run/user/1000/, 0755 instead of 0700
[INFO FLW-0001] Saving "snapshot" to reports/images/picorv32_top.png
[INFO FLW-0001] Saving "placement" to reports/images/picorv32_top.placement.png
[INFO FLW-0001] Saving "setup timing histogram" to reports/images/timing/setup.histogram.png
[INFO FLW-0001] Saving "placement density heatmap" to reports/images/heatmap/placement_density.png
[WARNING GRT-0281] Net clk has a large fanout of 1577 terminals.
[INFO FLW-0001] Saving "estimated routing congestion heatmap" to reports/images/heatmap/estimated_routing_congestion.png
[INFO FLW-0001] Saving "power density for fast heatmap" to reports/images/heatmap/power_density/fast.png
[INFO FLW-0001] Saving "power density for slow heatmap" to reports/images/heatmap/power_density/slow.png
[INFO FLW-0001] Saving "power density for typical heatmap" to reports/images/heatmap/power_density/typical.png
