   Layer   | Unit Resistance | Unit Capacitance 
           |       (kohm/um) |          (pF/um)
------------------------------------------------
       li1 |        7.53e-02 |         2.58e-04
      met1 |        8.93e-04 |         2.25e-04
      met2 |        8.93e-04 |         1.38e-04
      met3 |        1.57e-04 |         7.44e-05
      met4 |        1.57e-04 |         6.03e-05
      met5 |        1.78e-05 |         4.06e-05
------------------------------------------------

   Layer   | Via Resistance 
           |         (kohm) 
----------------------------
      mcon |       9.30e-03 
       via |       9.00e-03 
      via2 |       3.41e-03 
      via3 |       3.41e-03 
      via4 |       3.80e-04 
----------------------------
Corner: fast
   Layer   | Unit Resistance | Unit Capacitance 
           |       (kohm/um) |          (pF/um)
------------------------------------------------
       li1 |        7.53e-02 |         2.58e-04
      met1 |        8.93e-04 |         2.25e-04
      met2 |        8.93e-04 |         1.38e-04
      met3 |        1.57e-04 |         7.44e-05
      met4 |        1.57e-04 |         6.03e-05
      met5 |        1.78e-05 |         4.06e-05
------------------------------------------------

   Layer   | Via Resistance 
           |         (kohm) 
----------------------------
      mcon |       9.30e-03 
       via |       9.00e-03 
      via2 |       3.41e-03 
      via3 |       3.41e-03 
      via4 |       3.80e-04 
----------------------------
Corner: slow
   Layer   | Unit Resistance | Unit Capacitance 
           |       (kohm/um) |          (pF/um)
------------------------------------------------
       li1 |        7.53e-02 |         2.58e-04
      met1 |        8.93e-04 |         2.25e-04
      met2 |        8.93e-04 |         1.38e-04
      met3 |        1.57e-04 |         7.44e-05
      met4 |        1.57e-04 |         6.03e-05
      met5 |        1.78e-05 |         4.06e-05
------------------------------------------------

   Layer   | Via Resistance 
           |         (kohm) 
----------------------------
      mcon |       9.30e-03 
       via |       9.00e-03 
      via2 |       3.41e-03 
      via3 |       3.41e-03 
      via4 |       3.80e-04 
----------------------------
Corner: typical
   Layer   | Unit Resistance | Unit Capacitance 
           |       (kohm/um) |          (pF/um)
------------------------------------------------
       li1 |        7.53e-02 |         2.58e-04
      met1 |        8.93e-04 |         2.25e-04
      met2 |        8.93e-04 |         1.38e-04
      met3 |        1.57e-04 |         7.44e-05
      met4 |        1.57e-04 |         6.03e-05
      met5 |        1.78e-05 |         4.06e-05
------------------------------------------------

   Layer   | Via Resistance 
           |         (kohm) 
----------------------------
      mcon |       9.30e-03 
       via |       9.00e-03 
      via2 |       3.41e-03 
      via3 |       3.41e-03 
      via4 |       3.80e-04 
----------------------------
