[0.254, 0.293): * (18)
[0.293, 0.331): ****** (79)
[0.331, 0.369): ******** (102)
[0.369, 0.407): *** (34)
[0.407, 0.446): **** (47)
[0.446, 0.484): **** (52)
[0.484, 0.522): ****** (73)
[0.522, 0.561): **** (58)
[0.561, 0.599): ** (21)
[0.599, 0.637): ******** (99)
[0.637, 0.676): ************************************************** (649)
[0.676, 0.714): ***************************** (381)
[0.714, 0.752): ******* (92)
[0.752, 0.790): ***** (62)
[0.790, 0.829): ****** (77)
[0.829, 0.867): ***************** (222)
[0.867, 0.905): ****************************************** (549)
[0.905, 0.944): ******* (94)
[0.944, 0.982): *** (39)
[0.982, 1.020]: * (18)
