[-3.604, -2.299): * (3)
[-2.299, -0.994): * (1)
[-0.994,  0.311): * (8)
[ 0.311,  1.616): * (17)
[ 1.616,  2.921): * (12)
[ 2.921,  4.226): * (19)
[ 4.226,  5.531): * (17)
[ 5.531,  6.836): * (19)
[ 6.836,  8.142): * (18)
[ 8.142,  9.447): ******** (144)
[ 9.447, 10.752): ****** (115)
[10.752, 12.057): ****** (100)
[12.057, 13.362): ******* (127)
[13.362, 14.667): ******* (131)
[14.667, 15.972): ************************************************** (905)
[15.972, 17.277): **************************** (514)
[17.277, 18.582): ************************** (469)
[18.582, 19.887): ***** (95)
[19.887, 21.193): ** (42)
[21.193, 22.498]: * (10)
