[WARNING STA-0503] report_checks -group_count is deprecated. Use -group_path_count instead.
Startpoint: pcpi_rs1[1]$_DFFE_PP_
            (rising edge-triggered flip-flop clocked by clk)
Endpoint: pcpi_rs1[31]$_DFFE_PP_
          (rising edge-triggered flip-flop clocked by clk)
Path Group: clk
Path Type: max
Corner: slow

Fanout     Cap    Slew   Delay    Time   Description
-----------------------------------------------------------------------------
                          0.00    0.00   clock clk (rise edge)
                          2.48    2.48   clock network delay (propagated)
                  0.26    0.00    2.48 ^ pcpi_rs1[1]$_DFFE_PP_/CLK (sky130_fd_sc_hd__edfxtp_1)
     3    0.01    0.37    1.91    4.39 v pcpi_rs1[1]$_DFFE_PP_/Q (sky130_fd_sc_hd__edfxtp_1)
                                         net518 (net)
                  0.37    0.00    4.39 v _5903_/A (sky130_fd_sc_hd__xnor2_2)
     2    0.01    0.53    0.81    5.20 ^ _5903_/Y (sky130_fd_sc_hd__xnor2_2)
                                         _1758_ (net)
                  0.53    0.00    5.20 ^ _5905_/A2 (sky130_fd_sc_hd__o21ai_1)
     2    0.01    0.19    0.43    5.63 v _5905_/Y (sky130_fd_sc_hd__o21ai_1)
                                         _1760_ (net)
                  0.19    0.00    5.63 v _5906_/C (sky130_fd_sc_hd__maj3_2)
     2    0.01    0.20    1.47    7.10 v _5906_/X (sky130_fd_sc_hd__maj3_2)
                                         _1761_ (net)
                  0.20    0.00    7.10 v _5907_/C (sky130_fd_sc_hd__maj3_2)
     2    0.01    0.21    1.49    8.59 v _5907_/X (sky130_fd_sc_hd__maj3_2)
                                         _1762_ (net)
                  0.21    0.00    8.59 v _5908_/C (sky130_fd_sc_hd__maj3_2)
     2    0.01    0.21    1.50   10.09 v _5908_/X (sky130_fd_sc_hd__maj3_2)
                                         _1763_ (net)
                  0.21    0.00   10.09 v _5909_/C (sky130_fd_sc_hd__maj3_2)
     3    0.01    0.23    1.53   11.62 v _5909_/X (sky130_fd_sc_hd__maj3_2)
                                         _1764_ (net)
                  0.23    0.00   11.62 v _5913_/A2 (sky130_fd_sc_hd__a211oi_2)
     2    0.01    0.71    1.04   12.66 ^ _5913_/Y (sky130_fd_sc_hd__a211oi_2)
                                         _1768_ (net)
                  0.71    0.00   12.66 ^ _5915_/A3 (sky130_fd_sc_hd__o31ai_1)
     2    0.01    0.22    0.53   13.19 v _5915_/Y (sky130_fd_sc_hd__o31ai_1)
                                         _1770_ (net)
                  0.22    0.00   13.19 v _5916_/C (sky130_fd_sc_hd__maj3_2)
     3    0.01    0.23    1.53   14.72 v _5916_/X (sky130_fd_sc_hd__maj3_2)
                                         _1771_ (net)
                  0.23    0.00   14.72 v _5919_/A2 (sky130_fd_sc_hd__a211oi_2)
     2    0.01    0.88    1.17   15.89 ^ _5919_/Y (sky130_fd_sc_hd__a211oi_2)
                                         _1774_ (net)
                  0.88    0.00   15.89 ^ _5922_/A3 (sky130_fd_sc_hd__o311ai_1)
     3    0.01    0.26    0.65   16.54 v _5922_/Y (sky130_fd_sc_hd__o311ai_1)
                                         _1777_ (net)
                  0.26    0.00   16.54 v _5924_/A3 (sky130_fd_sc_hd__a311oi_1)
     1    0.00    0.85    1.20   17.74 ^ _5924_/Y (sky130_fd_sc_hd__a311oi_1)
                                         _1779_ (net)
                  0.85    0.00   17.74 ^ place590/A (sky130_fd_sc_hd__buf_4)
     3    0.01    0.11    0.70   18.44 ^ place590/X (sky130_fd_sc_hd__buf_4)
                                         net590 (net)
                  0.11    0.00   18.44 ^ _5927_/A3 (sky130_fd_sc_hd__o311ai_1)
     3    0.01    0.31    0.32   18.76 v _5927_/Y (sky130_fd_sc_hd__o311ai_1)
                                         _1782_ (net)
                  0.31    0.00   18.76 v _5929_/A3 (sky130_fd_sc_hd__a311oi_2)
     2    0.01    0.85    1.30   20.06 ^ _5929_/Y (sky130_fd_sc_hd__a311oi_2)
                                         _1784_ (net)
                  0.85    0.00   20.06 ^ _5932_/A3 (sky130_fd_sc_hd__o311ai_1)
     3    0.01    0.30    0.67   20.73 v _5932_/Y (sky130_fd_sc_hd__o311ai_1)
                                         _1787_ (net)
                  0.30    0.00   20.73 v _5934_/A3 (sky130_fd_sc_hd__a311oi_2)
     3    0.01    1.06    1.45   22.18 ^ _5934_/Y (sky130_fd_sc_hd__a311oi_2)
                                         _1789_ (net)
                  1.06    0.00   22.18 ^ _5937_/A3 (sky130_fd_sc_hd__o311ai_1)
     2    0.01    0.23    0.69   22.86 v _5937_/Y (sky130_fd_sc_hd__o311ai_1)
                                         _1792_ (net)
                  0.23    0.00   22.86 v _5939_/A3 (sky130_fd_sc_hd__a311oi_1)
     1    0.00    0.81    1.15   24.02 ^ _5939_/Y (sky130_fd_sc_hd__a311oi_1)
                                         _1794_ (net)
                  0.81    0.00   24.02 ^ place572/A (sky130_fd_sc_hd__buf_4)
     2    0.01    0.10    0.67   24.68 ^ place572/X (sky130_fd_sc_hd__buf_4)
                                         net572 (net)
                  0.10    0.00   24.68 ^ _5941_/A3 (sky130_fd_sc_hd__o31ai_1)
     1    0.00    0.11    0.15   24.83 v _5941_/Y (sky130_fd_sc_hd__o31ai_1)
                                         _1796_ (net)
                  0.11    0.00   24.83 v place568/A (sky130_fd_sc_hd__buf_4)
     3    0.01    0.08    0.51   25.34 v place568/X (sky130_fd_sc_hd__buf_4)
                                         net568 (net)
                  0.08    0.00   25.34 v _5942_/C (sky130_fd_sc_hd__maj3_1)
     2    0.01    0.24    1.72   27.06 v _5942_/X (sky130_fd_sc_hd__maj3_1)
                                         _1797_ (net)
                  0.24    0.00   27.06 v _5943_/C (sky130_fd_sc_hd__maj3_1)
     1    0.00    0.23    1.77   28.83 v _5943_/X (sky130_fd_sc_hd__maj3_1)
                                         _1798_ (net)
                  0.23    0.00   28.83 v _5945_/A (sky130_fd_sc_hd__xnor2_1)
     1    0.00    0.40    0.62   29.46 ^ _5945_/Y (sky130_fd_sc_hd__xnor2_1)
                                         _1800_ (net)
                  0.40    0.00   29.46 ^ _6039_/A2 (sky130_fd_sc_hd__o21ai_0)
     1    0.00    0.17    0.31   29.77 v _6039_/Y (sky130_fd_sc_hd__o21ai_0)
                                         _4389_ (net)
                  0.17    0.00   29.77 v pcpi_rs1[31]$_DFFE_PP_/D (sky130_fd_sc_hd__edfxtp_1)
                                 29.77   data arrival time

                         25.00   25.00   clock clk (rise edge)
                          2.47   27.47   clock network delay (propagated)
                          0.00   27.47   clock reconvergence pessimism
                                 27.47 ^ pcpi_rs1[31]$_DFFE_PP_/CLK (sky130_fd_sc_hd__edfxtp_1)
                         -1.31   26.16   library setup time
                                 26.16   data required time
-----------------------------------------------------------------------------
                                 26.16   data required time
                                -29.77   data arrival time
-----------------------------------------------------------------------------
                                 -3.60   slack (VIOLATED)


Startpoint: rv32_soc/decoded_imm[2]$_SDFFCE_PN0P_
            (rising edge-triggered flip-flop clocked by clk)
Endpoint: rv32_soc/reg_out[31]$_DFF_P_
          (rising edge-triggered flip-flop clocked by clk)
Path Group: clk
Path Type: max
Corner: slow

Fanout     Cap    Slew   Delay    Time   Description
-----------------------------------------------------------------------------
                          0.00    0.00   clock clk (rise edge)
                          2.48    2.48   clock network delay (propagated)
                  0.26    0.00    2.48 ^ rv32_soc/decoded_imm[2]$_SDFFCE_PN0P_/CLK (sky130_fd_sc_hd__edfxtp_1)
     2    0.01    0.28    1.76    4.24 v rv32_soc/decoded_imm[2]$_SDFFCE_PN0P_/Q (sky130_fd_sc_hd__edfxtp_1)
                                         net462 (net)
                  0.28    0.00    4.24 v place876/A (sky130_fd_sc_hd__buf_4)
     4    0.01    0.09    0.64    4.89 v place876/X (sky130_fd_sc_hd__buf_4)
                                         net876 (net)
                  0.09    0.00    4.89 v _4439_/B (sky130_fd_sc_hd__xor2_1)
     2    0.00    0.11    0.61    5.49 v _4439_/X (sky130_fd_sc_hd__xor2_1)
                                         _0446_ (net)
                  0.11    0.00    5.49 v _4442_/A3 (sky130_fd_sc_hd__a311oi_1)
     1    0.00    0.90    1.15    6.65 ^ _4442_/Y (sky130_fd_sc_hd__a311oi_1)
                                         _0449_ (net)
                  0.90    0.00    6.65 ^ place752/A (sky130_fd_sc_hd__buf_4)
     2    0.01    0.10    0.71    7.36 ^ place752/X (sky130_fd_sc_hd__buf_4)
                                         net752 (net)
                  0.10    0.00    7.36 ^ _4444_/A3 (sky130_fd_sc_hd__o31ai_1)
     2    0.01    0.20    0.22    7.58 v _4444_/Y (sky130_fd_sc_hd__o31ai_1)
                                         _0451_ (net)
                  0.20    0.00    7.58 v _4445_/C (sky130_fd_sc_hd__maj3_1)
     2    0.01    0.26    1.81    9.39 v _4445_/X (sky130_fd_sc_hd__maj3_1)
                                         _0452_ (net)
                  0.26    0.00    9.39 v _4446_/C (sky130_fd_sc_hd__maj3_1)
     2    0.01    0.24    1.81   11.19 v _4446_/X (sky130_fd_sc_hd__maj3_1)
                                         _0453_ (net)
                  0.24    0.00   11.19 v _4447_/C (sky130_fd_sc_hd__maj3_1)
     2    0.01    0.25    1.80   13.00 v _4447_/X (sky130_fd_sc_hd__maj3_1)
                                         _0454_ (net)
                  0.25    0.00   13.00 v _4448_/C (sky130_fd_sc_hd__maj3_2)
     2    0.01    0.20    1.50   14.49 v _4448_/X (sky130_fd_sc_hd__maj3_2)
                                         _0455_ (net)
                  0.20    0.00   14.49 v _4449_/C (sky130_fd_sc_hd__maj3_1)
     2    0.01    0.27    1.81   16.30 v _4449_/X (sky130_fd_sc_hd__maj3_1)
                                         _0456_ (net)
                  0.27    0.00   16.30 v _4452_/A2 (sky130_fd_sc_hd__a211oi_2)
     3    0.01    0.89    1.21   17.51 ^ _4452_/Y (sky130_fd_sc_hd__a211oi_2)
                                         _0459_ (net)
                  0.89    0.00   17.51 ^ _4454_/A3 (sky130_fd_sc_hd__o31ai_1)
     3    0.01    0.20    0.59   18.10 v _4454_/Y (sky130_fd_sc_hd__o31ai_1)
                                         _0461_ (net)
                  0.20    0.00   18.10 v _4456_/A2 (sky130_fd_sc_hd__o21ai_1)
     2    0.01    0.77    0.82   18.92 ^ _4456_/Y (sky130_fd_sc_hd__o21ai_1)
                                         _0463_ (net)
                  0.77    0.00   18.92 ^ _4459_/A2 (sky130_fd_sc_hd__o211ai_1)
     2    0.01    0.23    0.56   19.47 v _4459_/Y (sky130_fd_sc_hd__o211ai_1)
                                         _0466_ (net)
                  0.23    0.00   19.47 v _4462_/A3 (sky130_fd_sc_hd__a311o_1)
     2    0.01    0.18    1.69   21.17 v _4462_/X (sky130_fd_sc_hd__a311o_1)
                                         _0469_ (net)
                  0.18    0.00   21.17 v _4463_/C (sky130_fd_sc_hd__nand3_1)
     3    0.01    0.48    0.47   21.64 ^ _4463_/Y (sky130_fd_sc_hd__nand3_1)
                                         _0470_ (net)
                  0.48    0.00   21.64 ^ _4466_/A3 (sky130_fd_sc_hd__a311oi_1)
     2    0.01    0.28    0.52   22.15 v _4466_/Y (sky130_fd_sc_hd__a311oi_1)
                                         _0473_ (net)
                  0.28    0.00   22.15 v _4470_/A3 (sky130_fd_sc_hd__o311ai_2)
     2    0.01    0.91    1.12   23.27 ^ _4470_/Y (sky130_fd_sc_hd__o311ai_2)
                                         _0477_ (net)
                  0.91    0.00   23.27 ^ _4473_/A3 (sky130_fd_sc_hd__a311oi_1)
     2    0.01    0.28    0.70   23.97 v _4473_/Y (sky130_fd_sc_hd__a311oi_1)
                                         _0480_ (net)
                  0.28    0.00   23.97 v _4477_/A3 (sky130_fd_sc_hd__o311ai_2)
     2    0.01    0.94    1.14   25.11 ^ _4477_/Y (sky130_fd_sc_hd__o311ai_2)
                                         _0484_ (net)
                  0.94    0.00   25.11 ^ _4480_/A3 (sky130_fd_sc_hd__a311oi_1)
     2    0.01    0.22    0.67   25.78 v _4480_/Y (sky130_fd_sc_hd__a311oi_1)
                                         _0487_ (net)
                  0.22    0.00   25.78 v _4482_/A2 (sky130_fd_sc_hd__o21ai_1)
     2    0.01    0.55    0.66   26.44 ^ _4482_/Y (sky130_fd_sc_hd__o21ai_1)
                                         _0489_ (net)
                  0.55    0.00   26.44 ^ _4484_/A2 (sky130_fd_sc_hd__a21oi_1)
     2    0.00    0.13    0.39   26.83 v _4484_/Y (sky130_fd_sc_hd__a21oi_1)
                                         _0491_ (net)
                  0.13    0.00   26.83 v _5118_/B (sky130_fd_sc_hd__or3_1)
     1    0.00    0.22    1.82   28.65 v _5118_/X (sky130_fd_sc_hd__or3_1)
                                         _1010_ (net)
                  0.22    0.00   28.65 v _5126_/A2 (sky130_fd_sc_hd__a31o_1)
     1    0.00    0.09    0.88   29.52 v _5126_/X (sky130_fd_sc_hd__a31o_1)
                                         _4357_ (net)
                  0.09    0.00   29.52 v rv32_soc/reg_out[31]$_DFF_P_/D (sky130_fd_sc_hd__dfxtp_1)
                                 29.52   data arrival time

                         25.00   25.00   clock clk (rise edge)
                          2.47   27.47   clock network delay (propagated)
                          0.00   27.47   clock reconvergence pessimism
                                 27.47 ^ rv32_soc/reg_out[31]$_DFF_P_/CLK (sky130_fd_sc_hd__dfxtp_1)
                         -0.71   26.76   library setup time
                                 26.76   data required time
-----------------------------------------------------------------------------
                                 26.76   data required time
                                -29.52   data arrival time
-----------------------------------------------------------------------------
                                 -2.77   slack (VIOLATED)


Startpoint: pcpi_rs1[1]$_DFFE_PP_
            (rising edge-triggered flip-flop clocked by clk)
Endpoint: pcpi_rs1[30]$_DFFE_PP_
          (rising edge-triggered flip-flop clocked by clk)
Path Group: clk
Path Type: max
Corner: slow

Fanout     Cap    Slew   Delay    Time   Description
-----------------------------------------------------------------------------
                          0.00    0.00   clock clk (rise edge)
                          2.48    2.48   clock network delay (propagated)
                  0.26    0.00    2.48 ^ pcpi_rs1[1]$_DFFE_PP_/CLK (sky130_fd_sc_hd__edfxtp_1)
     3    0.01    0.37    1.91    4.39 v pcpi_rs1[1]$_DFFE_PP_/Q (sky130_fd_sc_hd__edfxtp_1)
                                         net518 (net)
                  0.37    0.00    4.39 v _5903_/A (sky130_fd_sc_hd__xnor2_2)
     2    0.01    0.53    0.81    5.20 ^ _5903_/Y (sky130_fd_sc_hd__xnor2_2)
                                         _1758_ (net)
                  0.53    0.00    5.20 ^ _5905_/A2 (sky130_fd_sc_hd__o21ai_1)
     2    0.01    0.19    0.43    5.63 v _5905_/Y (sky130_fd_sc_hd__o21ai_1)
                                         _1760_ (net)
                  0.19    0.00    5.63 v _5906_/C (sky130_fd_sc_hd__maj3_2)
     2    0.01    0.20    1.47    7.10 v _5906_/X (sky130_fd_sc_hd__maj3_2)
                                         _1761_ (net)
                  0.20    0.00    7.10 v _5907_/C (sky130_fd_sc_hd__maj3_2)
     2    0.01    0.21    1.49    8.59 v _5907_/X (sky130_fd_sc_hd__maj3_2)
                                         _1762_ (net)
                  0.21    0.00    8.59 v _5908_/C (sky130_fd_sc_hd__maj3_2)
     2    0.01    0.21    1.50   10.09 v _5908_/X (sky130_fd_sc_hd__maj3_2)
                                         _1763_ (net)
                  0.21    0.00   10.09 v _5909_/C (sky130_fd_sc_hd__maj3_2)
     3    0.01    0.23    1.53   11.62 v _5909_/X (sky130_fd_sc_hd__maj3_2)
                                         _1764_ (net)
                  0.23    0.00   11.62 v _5913_/A2 (sky130_fd_sc_hd__a211oi_2)
     2    0.01    0.71    1.04   12.66 ^ _5913_/Y (sky130_fd_sc_hd__a211oi_2)
                                         _1768_ (net)
                  0.71    0.00   12.66 ^ _5915_/A3 (sky130_fd_sc_hd__o31ai_1)
     2    0.01    0.22    0.53   13.19 v _5915_/Y (sky130_fd_sc_hd__o31ai_1)
                                         _1770_ (net)
                  0.22    0.00   13.19 v _5916_/C (sky130_fd_sc_hd__maj3_2)
     3    0.01    0.23    1.53   14.72 v _5916_/X (sky130_fd_sc_hd__maj3_2)
                                         _1771_ (net)
                  0.23    0.00   14.72 v _5919_/A2 (sky130_fd_sc_hd__a211oi_2)
     2    0.01    0.88    1.17   15.89 ^ _5919_/Y (sky130_fd_sc_hd__a211oi_2)
                                         _1774_ (net)
                  0.88    0.00   15.89 ^ _5922_/A3 (sky130_fd_sc_hd__o311ai_1)
     3    0.01    0.26    0.65   16.54 v _5922_/Y (sky130_fd_sc_hd__o311ai_1)
                                         _1777_ (net)
                  0.26    0.00   16.54 v _5924_/A3 (sky130_fd_sc_hd__a311oi_1)
     1    0.00    0.85    1.20   17.74 ^ _5924_/Y (sky130_fd_sc_hd__a311oi_1)
                                         _1779_ (net)
                  0.85    0.00   17.74 ^ place590/A (sky130_fd_sc_hd__buf_4)
     3    0.01    0.11    0.70   18.44 ^ place590/X (sky130_fd_sc_hd__buf_4)
                                         net590 (net)
                  0.11    0.00   18.44 ^ _5927_/A3 (sky130_fd_sc_hd__o311ai_1)
     3    0.01    0.31    0.32   18.76 v _5927_/Y (sky130_fd_sc_hd__o311ai_1)
                                         _1782_ (net)
                  0.31    0.00   18.76 v _5929_/A3 (sky130_fd_sc_hd__a311oi_2)
     2    0.01    0.85    1.30   20.06 ^ _5929_/Y (sky130_fd_sc_hd__a311oi_2)
                                         _1784_ (net)
                  0.85    0.00   20.06 ^ _5932_/A3 (sky130_fd_sc_hd__o311ai_1)
     3    0.01    0.30    0.67   20.73 v _5932_/Y (sky130_fd_sc_hd__o311ai_1)
                                         _1787_ (net)
                  0.30    0.00   20.73 v _5934_/A3 (sky130_fd_sc_hd__a311oi_2)
     3    0.01    1.06    1.45   22.18 ^ _5934_/Y (sky130_fd_sc_hd__a311oi_2)
                                         _1789_ (net)
                  1.06    0.00   22.18 ^ _5937_/A3 (sky130_fd_sc_hd__o311ai_1)
     2    0.01    0.23    0.69   22.86 v _5937_/Y (sky130_fd_sc_hd__o311ai_1)
                                         _1792_ (net)
                  0.23    0.00   22.86 v _5939_/A3 (sky130_fd_sc_hd__a311oi_1)
     1    0.00    0.81    1.15   24.02 ^ _5939_/Y (sky130_fd_sc_hd__a311oi_1)
                                         _1794_ (net)
                  0.81    0.00   24.02 ^ place572/A (sky130_fd_sc_hd__buf_4)
     2    0.01    0.10    0.67   24.68 ^ place572/X (sky130_fd_sc_hd__buf_4)
                                         net572 (net)
                  0.10    0.00   24.68 ^ _5941_/A3 (sky130_fd_sc_hd__o31ai_1)
     1    0.00    0.11    0.15   24.83 v _5941_/Y (sky130_fd_sc_hd__o31ai_1)
                                         _1796_ (net)
                  0.11    0.00   24.83 v place568/A (sky130_fd_sc_hd__buf_4)
     3    0.01    0.08    0.51   25.34 v place568/X (sky130_fd_sc_hd__buf_4)
                                         net568 (net)
                  0.08    0.00   25.34 v _5942_/C (sky130_fd_sc_hd__maj3_1)
     2    0.01    0.24    1.72   27.06 v _5942_/X (sky130_fd_sc_hd__maj3_1)
                                         _1797_ (net)
                  0.24    0.00   27.06 v place562/A (sky130_fd_sc_hd__buf_4)
     1    0.00    0.07    0.58   27.64 v place562/X (sky130_fd_sc_hd__buf_4)
                                         net562 (net)
                  0.07    0.00   27.64 v _6695_/A (sky130_fd_sc_hd__xnor2_1)
     1    0.00    0.48    0.59   28.23 ^ _6695_/Y (sky130_fd_sc_hd__xnor2_1)
                                         _2482_ (net)
                  0.48    0.00   28.23 ^ _6740_/A2 (sky130_fd_sc_hd__o221ai_1)
     1    0.00    0.20    0.42   28.65 v _6740_/Y (sky130_fd_sc_hd__o221ai_1)
                                         _4388_ (net)
                  0.20    0.00   28.65 v pcpi_rs1[30]$_DFFE_PP_/D (sky130_fd_sc_hd__edfxtp_1)
                                 28.65   data arrival time

                         25.00   25.00   clock clk (rise edge)
                          2.47   27.47   clock network delay (propagated)
                          0.00   27.47   clock reconvergence pessimism
                                 27.47 ^ pcpi_rs1[30]$_DFFE_PP_/CLK (sky130_fd_sc_hd__edfxtp_1)
                         -1.33   26.14   library setup time
                                 26.14   data required time
-----------------------------------------------------------------------------
                                 26.14   data required time
                                -28.65   data arrival time
-----------------------------------------------------------------------------
                                 -2.51   slack (VIOLATED)


Startpoint: pcpi_rs1[1]$_DFFE_PP_
            (rising edge-triggered flip-flop clocked by clk)
Endpoint: pcpi_rs1[29]$_DFFE_PP_
          (rising edge-triggered flip-flop clocked by clk)
Path Group: clk
Path Type: max
Corner: slow

Fanout     Cap    Slew   Delay    Time   Description
-----------------------------------------------------------------------------
                          0.00    0.00   clock clk (rise edge)
                          2.48    2.48   clock network delay (propagated)
                  0.26    0.00    2.48 ^ pcpi_rs1[1]$_DFFE_PP_/CLK (sky130_fd_sc_hd__edfxtp_1)
     3    0.01    0.37    1.91    4.39 v pcpi_rs1[1]$_DFFE_PP_/Q (sky130_fd_sc_hd__edfxtp_1)
                                         net518 (net)
                  0.37    0.00    4.39 v _5903_/A (sky130_fd_sc_hd__xnor2_2)
     2    0.01    0.53    0.81    5.20 ^ _5903_/Y (sky130_fd_sc_hd__xnor2_2)
                                         _1758_ (net)
                  0.53    0.00    5.20 ^ _5905_/A2 (sky130_fd_sc_hd__o21ai_1)
     2    0.01    0.19    0.43    5.63 v _5905_/Y (sky130_fd_sc_hd__o21ai_1)
                                         _1760_ (net)
                  0.19    0.00    5.63 v _5906_/C (sky130_fd_sc_hd__maj3_2)
     2    0.01    0.20    1.47    7.10 v _5906_/X (sky130_fd_sc_hd__maj3_2)
                                         _1761_ (net)
                  0.20    0.00    7.10 v _5907_/C (sky130_fd_sc_hd__maj3_2)
     2    0.01    0.21    1.49    8.59 v _5907_/X (sky130_fd_sc_hd__maj3_2)
                                         _1762_ (net)
                  0.21    0.00    8.59 v _5908_/C (sky130_fd_sc_hd__maj3_2)
     2    0.01    0.21    1.50   10.09 v _5908_/X (sky130_fd_sc_hd__maj3_2)
                                         _1763_ (net)
                  0.21    0.00   10.09 v _5909_/C (sky130_fd_sc_hd__maj3_2)
     3    0.01    0.23    1.53   11.62 v _5909_/X (sky130_fd_sc_hd__maj3_2)
                                         _1764_ (net)
                  0.23    0.00   11.62 v _5913_/A2 (sky130_fd_sc_hd__a211oi_2)
     2    0.01    0.71    1.04   12.66 ^ _5913_/Y (sky130_fd_sc_hd__a211oi_2)
                                         _1768_ (net)
                  0.71    0.00   12.66 ^ _5915_/A3 (sky130_fd_sc_hd__o31ai_1)
     2    0.01    0.22    0.53   13.19 v _5915_/Y (sky130_fd_sc_hd__o31ai_1)
                                         _1770_ (net)
                  0.22    0.00   13.19 v _5916_/C (sky130_fd_sc_hd__maj3_2)
     3    0.01    0.23    1.53   14.72 v _5916_/X (sky130_fd_sc_hd__maj3_2)
                                         _1771_ (net)
                  0.23    0.00   14.72 v _5919_/A2 (sky130_fd_sc_hd__a211oi_2)
     2    0.01    0.88    1.17   15.89 ^ _5919_/Y (sky130_fd_sc_hd__a211oi_2)
                                         _1774_ (net)
                  0.88    0.00   15.89 ^ _5922_/A3 (sky130_fd_sc_hd__o311ai_1)
     3    0.01    0.26    0.65   16.54 v _5922_/Y (sky130_fd_sc_hd__o311ai_1)
                                         _1777_ (net)
                  0.26    0.00   16.54 v _5924_/A3 (sky130_fd_sc_hd__a311oi_1)
     1    0.00    0.85    1.20   17.74 ^ _5924_/Y (sky130_fd_sc_hd__a311oi_1)
                                         _1779_ (net)
                  0.85    0.00   17.74 ^ place590/A (sky130_fd_sc_hd__buf_4)
     3    0.01    0.11    0.70   18.44 ^ place590/X (sky130_fd_sc_hd__buf_4)
                                         net590 (net)
                  0.11    0.00   18.44 ^ _5927_/A3 (sky130_fd_sc_hd__o311ai_1)
     3    0.01    0.31    0.32   18.76 v _5927_/Y (sky130_fd_sc_hd__o311ai_1)
                                         _1782_ (net)
                  0.31    0.00   18.76 v _5929_/A3 (sky130_fd_sc_hd__a311oi_2)
     2    0.01    0.85    1.30   20.06 ^ _5929_/Y (sky130_fd_sc_hd__a311oi_2)
                                         _1784_ (net)
                  0.85    0.00   20.06 ^ _5932_/A3 (sky130_fd_sc_hd__o311ai_1)
     3    0.01    0.30    0.67   20.73 v _5932_/Y (sky130_fd_sc_hd__o311ai_1)
                                         _1787_ (net)
                  0.30    0.00   20.73 v _5934_/A3 (sky130_fd_sc_hd__a311oi_2)
     3    0.01    1.06    1.45   22.18 ^ _5934_/Y (sky130_fd_sc_hd__a311oi_2)
                                         _1789_ (net)
                  1.06    0.00   22.18 ^ _5937_/A3 (sky130_fd_sc_hd__o311ai_1)
     2    0.01    0.23    0.69   22.86 v _5937_/Y (sky130_fd_sc_hd__o311ai_1)
                                         _1792_ (net)
                  0.23    0.00   22.86 v _5939_/A3 (sky130_fd_sc_hd__a311oi_1)
     1    0.00    0.81    1.15   24.02 ^ _5939_/Y (sky130_fd_sc_hd__a311oi_1)
                                         _1794_ (net)
                  0.81    0.00   24.02 ^ place572/A (sky130_fd_sc_hd__buf_4)
     2    0.01    0.10    0.67   24.68 ^ place572/X (sky130_fd_sc_hd__buf_4)
                                         net572 (net)
                  0.10    0.00   24.68 ^ _5941_/A3 (sky130_fd_sc_hd__o31ai_1)
     1    0.00    0.11    0.15   24.83 v _5941_/Y (sky130_fd_sc_hd__o31ai_1)
                                         _1796_ (net)
                  0.11    0.00   24.83 v place568/A (sky130_fd_sc_hd__buf_4)
     3    0.01    0.08    0.51   25.34 v place568/X (sky130_fd_sc_hd__buf_4)
                                         net568 (net)
                  0.08    0.00   25.34 v _6743_/A (sky130_fd_sc_hd__or2_1)
     1    0.00    0.14    1.01   26.35 v _6743_/X (sky130_fd_sc_hd__or2_1)
                                         _2529_ (net)
                  0.14    0.00   26.35 v _6767_/A3 (sky130_fd_sc_hd__a311o_1)
     1    0.00    0.14    1.57   27.92 v _6767_/X (sky130_fd_sc_hd__a311o_1)
                                         _4386_ (net)
                  0.14    0.00   27.92 v pcpi_rs1[29]$_DFFE_PP_/D (sky130_fd_sc_hd__edfxtp_1)
                                 27.92   data arrival time

                         25.00   25.00   clock clk (rise edge)
                          2.47   27.47   clock network delay (propagated)
                          0.00   27.47   clock reconvergence pessimism
                                 27.47 ^ pcpi_rs1[29]$_DFFE_PP_/CLK (sky130_fd_sc_hd__edfxtp_1)
                         -1.29   26.18   library setup time
                                 26.18   data required time
-----------------------------------------------------------------------------
                                 26.18   data required time
                                -27.92   data arrival time
-----------------------------------------------------------------------------
                                 -1.74   slack (VIOLATED)


Startpoint: rv32_soc/decoded_imm[2]$_SDFFCE_PN0P_
            (rising edge-triggered flip-flop clocked by clk)
Endpoint: rv32_soc/reg_out[30]$_DFF_P_
          (rising edge-triggered flip-flop clocked by clk)
Path Group: clk
Path Type: max
Corner: slow

Fanout     Cap    Slew   Delay    Time   Description
-----------------------------------------------------------------------------
                          0.00    0.00   clock clk (rise edge)
                          2.48    2.48   clock network delay (propagated)
                  0.26    0.00    2.48 ^ rv32_soc/decoded_imm[2]$_SDFFCE_PN0P_/CLK (sky130_fd_sc_hd__edfxtp_1)
     2    0.01    0.28    1.76    4.24 v rv32_soc/decoded_imm[2]$_SDFFCE_PN0P_/Q (sky130_fd_sc_hd__edfxtp_1)
                                         net462 (net)
                  0.28    0.00    4.24 v place876/A (sky130_fd_sc_hd__buf_4)
     4    0.01    0.09    0.64    4.89 v place876/X (sky130_fd_sc_hd__buf_4)
                                         net876 (net)
                  0.09    0.00    4.89 v _4439_/B (sky130_fd_sc_hd__xor2_1)
     2    0.00    0.11    0.61    5.49 v _4439_/X (sky130_fd_sc_hd__xor2_1)
                                         _0446_ (net)
                  0.11    0.00    5.49 v _4442_/A3 (sky130_fd_sc_hd__a311oi_1)
     1    0.00    0.90    1.15    6.65 ^ _4442_/Y (sky130_fd_sc_hd__a311oi_1)
                                         _0449_ (net)
                  0.90    0.00    6.65 ^ place752/A (sky130_fd_sc_hd__buf_4)
     2    0.01    0.10    0.71    7.36 ^ place752/X (sky130_fd_sc_hd__buf_4)
                                         net752 (net)
                  0.10    0.00    7.36 ^ _4444_/A3 (sky130_fd_sc_hd__o31ai_1)
     2    0.01    0.20    0.22    7.58 v _4444_/Y (sky130_fd_sc_hd__o31ai_1)
                                         _0451_ (net)
                  0.20    0.00    7.58 v _4445_/C (sky130_fd_sc_hd__maj3_1)
     2    0.01    0.26    1.81    9.39 v _4445_/X (sky130_fd_sc_hd__maj3_1)
                                         _0452_ (net)
                  0.26    0.00    9.39 v _4446_/C (sky130_fd_sc_hd__maj3_1)
     2    0.01    0.24    1.81   11.19 v _4446_/X (sky130_fd_sc_hd__maj3_1)
                                         _0453_ (net)
                  0.24    0.00   11.19 v _4447_/C (sky130_fd_sc_hd__maj3_1)
     2    0.01    0.25    1.80   13.00 v _4447_/X (sky130_fd_sc_hd__maj3_1)
                                         _0454_ (net)
                  0.25    0.00   13.00 v _4448_/C (sky130_fd_sc_hd__maj3_2)
     2    0.01    0.20    1.50   14.49 v _4448_/X (sky130_fd_sc_hd__maj3_2)
                                         _0455_ (net)
                  0.20    0.00   14.49 v _4449_/C (sky130_fd_sc_hd__maj3_1)
     2    0.01    0.27    1.81   16.30 v _4449_/X (sky130_fd_sc_hd__maj3_1)
                                         _0456_ (net)
                  0.27    0.00   16.30 v _4452_/A2 (sky130_fd_sc_hd__a211oi_2)
     3    0.01    0.89    1.21   17.51 ^ _4452_/Y (sky130_fd_sc_hd__a211oi_2)
                                         _0459_ (net)
                  0.89    0.00   17.51 ^ _4454_/A3 (sky130_fd_sc_hd__o31ai_1)
     3    0.01    0.20    0.59   18.10 v _4454_/Y (sky130_fd_sc_hd__o31ai_1)
                                         _0461_ (net)
                  0.20    0.00   18.10 v _4456_/A2 (sky130_fd_sc_hd__o21ai_1)
     2    0.01    0.77    0.82   18.92 ^ _4456_/Y (sky130_fd_sc_hd__o21ai_1)
                                         _0463_ (net)
                  0.77    0.00   18.92 ^ _4459_/A2 (sky130_fd_sc_hd__o211ai_1)
     2    0.01    0.23    0.56   19.47 v _4459_/Y (sky130_fd_sc_hd__o211ai_1)
                                         _0466_ (net)
                  0.23    0.00   19.47 v _4462_/A3 (sky130_fd_sc_hd__a311o_1)
     2    0.01    0.18    1.69   21.17 v _4462_/X (sky130_fd_sc_hd__a311o_1)
                                         _0469_ (net)
                  0.18    0.00   21.17 v _4463_/C (sky130_fd_sc_hd__nand3_1)
     3    0.01    0.48    0.47   21.64 ^ _4463_/Y (sky130_fd_sc_hd__nand3_1)
                                         _0470_ (net)
                  0.48    0.00   21.64 ^ _4466_/A3 (sky130_fd_sc_hd__a311oi_1)
     2    0.01    0.28    0.52   22.15 v _4466_/Y (sky130_fd_sc_hd__a311oi_1)
                                         _0473_ (net)
                  0.28    0.00   22.15 v _4470_/A3 (sky130_fd_sc_hd__o311ai_2)
     2    0.01    0.91    1.12   23.27 ^ _4470_/Y (sky130_fd_sc_hd__o311ai_2)
                                         _0477_ (net)
                  0.91    0.00   23.27 ^ _4473_/A3 (sky130_fd_sc_hd__a311oi_1)
     2    0.01    0.28    0.70   23.97 v _4473_/Y (sky130_fd_sc_hd__a311oi_1)
                                         _0480_ (net)
                  0.28    0.00   23.97 v _4477_/A3 (sky130_fd_sc_hd__o311ai_2)
     2    0.01    0.94    1.14   25.11 ^ _4477_/Y (sky130_fd_sc_hd__o311ai_2)
                                         _0484_ (net)
                  0.94    0.00   25.11 ^ _4480_/A3 (sky130_fd_sc_hd__a311oi_1)
     2    0.01    0.22    0.67   25.78 v _4480_/Y (sky130_fd_sc_hd__a311oi_1)
                                         _0487_ (net)
                  0.22    0.00   25.78 v _4482_/A2 (sky130_fd_sc_hd__o21ai_1)
     2    0.01    0.55    0.66   26.44 ^ _4482_/Y (sky130_fd_sc_hd__o21ai_1)
                                         _0489_ (net)
                  0.55    0.00   26.44 ^ place563/A (sky130_fd_sc_hd__buf_4)
     2    0.00    0.09    0.53   26.96 ^ place563/X (sky130_fd_sc_hd__buf_4)
                                         net563 (net)
                  0.09    0.00   26.96 ^ _4487_/B (sky130_fd_sc_hd__nand3_1)
     1    0.00    0.15    0.19   27.15 v _4487_/Y (sky130_fd_sc_hd__nand3_1)
                                         _0494_ (net)
                  0.15    0.00   27.15 v _4488_/B (sky130_fd_sc_hd__nand2_1)
     1    0.00    0.11    0.21   27.36 ^ _4488_/Y (sky130_fd_sc_hd__nand2_1)
                                         _0495_ (net)
                  0.11    0.00   27.36 ^ _4539_/A2 (sky130_fd_sc_hd__o21ai_0)
     1    0.00    0.11    0.17   27.53 v _4539_/Y (sky130_fd_sc_hd__o21ai_0)
                                         _4356_ (net)
                  0.11    0.00   27.53 v rv32_soc/reg_out[30]$_DFF_P_/D (sky130_fd_sc_hd__dfxtp_1)
                                 27.53   data arrival time

                         25.00   25.00   clock clk (rise edge)
                          2.47   27.47   clock network delay (propagated)
                          0.00   27.47   clock reconvergence pessimism
                                 27.47 ^ rv32_soc/reg_out[30]$_DFF_P_/CLK (sky130_fd_sc_hd__dfxtp_1)
                         -0.72   26.74   library setup time
                                 26.74   data required time
-----------------------------------------------------------------------------
                                 26.74   data required time
                                -27.53   data arrival time
-----------------------------------------------------------------------------
                                 -0.79   slack (VIOLATED)


Startpoint: rv32_soc/decoded_imm[2]$_SDFFCE_PN0P_
            (rising edge-triggered flip-flop clocked by clk)
Endpoint: rv32_soc/reg_out[29]$_DFF_P_
          (rising edge-triggered flip-flop clocked by clk)
Path Group: clk
Path Type: max
Corner: slow

Fanout     Cap    Slew   Delay    Time   Description
-----------------------------------------------------------------------------
                          0.00    0.00   clock clk (rise edge)
                          2.48    2.48   clock network delay (propagated)
                  0.26    0.00    2.48 ^ rv32_soc/decoded_imm[2]$_SDFFCE_PN0P_/CLK (sky130_fd_sc_hd__edfxtp_1)
     2    0.01    0.28    1.76    4.24 v rv32_soc/decoded_imm[2]$_SDFFCE_PN0P_/Q (sky130_fd_sc_hd__edfxtp_1)
                                         net462 (net)
                  0.28    0.00    4.24 v place876/A (sky130_fd_sc_hd__buf_4)
     4    0.01    0.09    0.64    4.89 v place876/X (sky130_fd_sc_hd__buf_4)
                                         net876 (net)
                  0.09    0.00    4.89 v _4439_/B (sky130_fd_sc_hd__xor2_1)
     2    0.00    0.11    0.61    5.49 v _4439_/X (sky130_fd_sc_hd__xor2_1)
                                         _0446_ (net)
                  0.11    0.00    5.49 v _4442_/A3 (sky130_fd_sc_hd__a311oi_1)
     1    0.00    0.90    1.15    6.65 ^ _4442_/Y (sky130_fd_sc_hd__a311oi_1)
                                         _0449_ (net)
                  0.90    0.00    6.65 ^ place752/A (sky130_fd_sc_hd__buf_4)
     2    0.01    0.10    0.71    7.36 ^ place752/X (sky130_fd_sc_hd__buf_4)
                                         net752 (net)
                  0.10    0.00    7.36 ^ _4444_/A3 (sky130_fd_sc_hd__o31ai_1)
     2    0.01    0.20    0.22    7.58 v _4444_/Y (sky130_fd_sc_hd__o31ai_1)
                                         _0451_ (net)
                  0.20    0.00    7.58 v _4445_/C (sky130_fd_sc_hd__maj3_1)
     2    0.01    0.26    1.81    9.39 v _4445_/X (sky130_fd_sc_hd__maj3_1)
                                         _0452_ (net)
                  0.26    0.00    9.39 v _4446_/C (sky130_fd_sc_hd__maj3_1)
     2    0.01    0.24    1.81   11.19 v _4446_/X (sky130_fd_sc_hd__maj3_1)
                                         _0453_ (net)
                  0.24    0.00   11.19 v _4447_/C (sky130_fd_sc_hd__maj3_1)
     2    0.01    0.25    1.80   13.00 v _4447_/X (sky130_fd_sc_hd__maj3_1)
                                         _0454_ (net)
                  0.25    0.00   13.00 v _4448_/C (sky130_fd_sc_hd__maj3_2)
     2    0.01    0.20    1.50   14.49 v _4448_/X (sky130_fd_sc_hd__maj3_2)
                                         _0455_ (net)
                  0.20    0.00   14.49 v _4449_/C (sky130_fd_sc_hd__maj3_1)
     2    0.01    0.27    1.81   16.30 v _4449_/X (sky130_fd_sc_hd__maj3_1)
                                         _0456_ (net)
                  0.27    0.00   16.30 v _4452_/A2 (sky130_fd_sc_hd__a211oi_2)
     3    0.01    0.89    1.21   17.51 ^ _4452_/Y (sky130_fd_sc_hd__a211oi_2)
                                         _0459_ (net)
                  0.89    0.00   17.51 ^ _4454_/A3 (sky130_fd_sc_hd__o31ai_1)
     3    0.01    0.20    0.59   18.10 v _4454_/Y (sky130_fd_sc_hd__o31ai_1)
                                         _0461_ (net)
                  0.20    0.00   18.10 v _4456_/A2 (sky130_fd_sc_hd__o21ai_1)
     2    0.01    0.77    0.82   18.92 ^ _4456_/Y (sky130_fd_sc_hd__o21ai_1)
                                         _0463_ (net)
                  0.77    0.00   18.92 ^ _4459_/A2 (sky130_fd_sc_hd__o211ai_1)
     2    0.01    0.23    0.56   19.47 v _4459_/Y (sky130_fd_sc_hd__o211ai_1)
                                         _0466_ (net)
                  0.23    0.00   19.47 v _4462_/A3 (sky130_fd_sc_hd__a311o_1)
     2    0.01    0.18    1.69   21.17 v _4462_/X (sky130_fd_sc_hd__a311o_1)
                                         _0469_ (net)
                  0.18    0.00   21.17 v _4463_/C (sky130_fd_sc_hd__nand3_1)
     3    0.01    0.48    0.47   21.64 ^ _4463_/Y (sky130_fd_sc_hd__nand3_1)
                                         _0470_ (net)
                  0.48    0.00   21.64 ^ _4466_/A3 (sky130_fd_sc_hd__a311oi_1)
     2    0.01    0.28    0.52   22.15 v _4466_/Y (sky130_fd_sc_hd__a311oi_1)
                                         _0473_ (net)
                  0.28    0.00   22.15 v _4470_/A3 (sky130_fd_sc_hd__o311ai_2)
     2    0.01    0.91    1.12   23.27 ^ _4470_/Y (sky130_fd_sc_hd__o311ai_2)
                                         _0477_ (net)
                  0.91    0.00   23.27 ^ _4473_/A3 (sky130_fd_sc_hd__a311oi_1)
     2    0.01    0.28    0.70   23.97 v _4473_/Y (sky130_fd_sc_hd__a311oi_1)
                                         _0480_ (net)
                  0.28    0.00   23.97 v _4477_/A3 (sky130_fd_sc_hd__o311ai_2)
     2    0.01    0.94    1.14   25.11 ^ _4477_/Y (sky130_fd_sc_hd__o311ai_2)
                                         _0484_ (net)
                  0.94    0.00   25.11 ^ _4480_/A3 (sky130_fd_sc_hd__a311oi_1)
     2    0.01    0.22    0.67   25.78 v _4480_/Y (sky130_fd_sc_hd__a311oi_1)
                                         _0487_ (net)
                  0.22    0.00   25.78 v _4558_/B (sky130_fd_sc_hd__nor3_1)
     1    0.00    0.60    0.77   26.55 ^ _4558_/Y (sky130_fd_sc_hd__nor3_1)
                                         _0563_ (net)
                  0.60    0.00   26.55 ^ _4559_/B (sky130_fd_sc_hd__nor2_1)
     1    0.00    0.10    0.31   26.86 v _4559_/Y (sky130_fd_sc_hd__nor2_1)
                                         _0564_ (net)
                  0.10    0.00   26.86 v _4560_/B (sky130_fd_sc_hd__nand2_1)
     1    0.00    0.16    0.21   27.07 ^ _4560_/Y (sky130_fd_sc_hd__nand2_1)
                                         _0565_ (net)
                  0.16    0.00   27.07 ^ _4561_/C1 (sky130_fd_sc_hd__o311ai_0)
     1    0.00    0.23    0.29   27.36 v _4561_/Y (sky130_fd_sc_hd__o311ai_0)
                                         _4354_ (net)
                  0.23    0.00   27.36 v rv32_soc/reg_out[29]$_DFF_P_/D (sky130_fd_sc_hd__dfxtp_1)
                                 27.36   data arrival time

                         25.00   25.00   clock clk (rise edge)
                          2.47   27.47   clock network delay (propagated)
                          0.00   27.47   clock reconvergence pessimism
                                 27.47 ^ rv32_soc/reg_out[29]$_DFF_P_/CLK (sky130_fd_sc_hd__dfxtp_1)
                         -0.80   26.67   library setup time
                                 26.67   data required time
-----------------------------------------------------------------------------
                                 26.67   data required time
                                -27.36   data arrival time
-----------------------------------------------------------------------------
                                 -0.69   slack (VIOLATED)


Startpoint: rv32_soc/decoded_imm[2]$_SDFFCE_PN0P_
            (rising edge-triggered flip-flop clocked by clk)
Endpoint: rv32_soc/reg_out[26]$_DFF_P_
          (rising edge-triggered flip-flop clocked by clk)
Path Group: clk
Path Type: max
Corner: slow

Fanout     Cap    Slew   Delay    Time   Description
-----------------------------------------------------------------------------
                          0.00    0.00   clock clk (rise edge)
                          2.48    2.48   clock network delay (propagated)
                  0.26    0.00    2.48 ^ rv32_soc/decoded_imm[2]$_SDFFCE_PN0P_/CLK (sky130_fd_sc_hd__edfxtp_1)
     2    0.01    0.28    1.76    4.24 v rv32_soc/decoded_imm[2]$_SDFFCE_PN0P_/Q (sky130_fd_sc_hd__edfxtp_1)
                                         net462 (net)
                  0.28    0.00    4.24 v place876/A (sky130_fd_sc_hd__buf_4)
     4    0.01    0.09    0.64    4.89 v place876/X (sky130_fd_sc_hd__buf_4)
                                         net876 (net)
                  0.09    0.00    4.89 v _4439_/B (sky130_fd_sc_hd__xor2_1)
     2    0.00    0.11    0.61    5.49 v _4439_/X (sky130_fd_sc_hd__xor2_1)
                                         _0446_ (net)
                  0.11    0.00    5.49 v _4442_/A3 (sky130_fd_sc_hd__a311oi_1)
     1    0.00    0.90    1.15    6.65 ^ _4442_/Y (sky130_fd_sc_hd__a311oi_1)
                                         _0449_ (net)
                  0.90    0.00    6.65 ^ place752/A (sky130_fd_sc_hd__buf_4)
     2    0.01    0.10    0.71    7.36 ^ place752/X (sky130_fd_sc_hd__buf_4)
                                         net752 (net)
                  0.10    0.00    7.36 ^ _4444_/A3 (sky130_fd_sc_hd__o31ai_1)
     2    0.01    0.20    0.22    7.58 v _4444_/Y (sky130_fd_sc_hd__o31ai_1)
                                         _0451_ (net)
                  0.20    0.00    7.58 v _4445_/C (sky130_fd_sc_hd__maj3_1)
     2    0.01    0.26    1.81    9.39 v _4445_/X (sky130_fd_sc_hd__maj3_1)
                                         _0452_ (net)
                  0.26    0.00    9.39 v _4446_/C (sky130_fd_sc_hd__maj3_1)
     2    0.01    0.24    1.81   11.19 v _4446_/X (sky130_fd_sc_hd__maj3_1)
                                         _0453_ (net)
                  0.24    0.00   11.19 v _4447_/C (sky130_fd_sc_hd__maj3_1)
     2    0.01    0.25    1.80   13.00 v _4447_/X (sky130_fd_sc_hd__maj3_1)
                                         _0454_ (net)
                  0.25    0.00   13.00 v _4448_/C (sky130_fd_sc_hd__maj3_2)
     2    0.01    0.20    1.50   14.49 v _4448_/X (sky130_fd_sc_hd__maj3_2)
                                         _0455_ (net)
                  0.20    0.00   14.49 v _4449_/C (sky130_fd_sc_hd__maj3_1)
     2    0.01    0.27    1.81   16.30 v _4449_/X (sky130_fd_sc_hd__maj3_1)
                                         _0456_ (net)
                  0.27    0.00   16.30 v _4452_/A2 (sky130_fd_sc_hd__a211oi_2)
     3    0.01    0.89    1.21   17.51 ^ _4452_/Y (sky130_fd_sc_hd__a211oi_2)
                                         _0459_ (net)
                  0.89    0.00   17.51 ^ _4454_/A3 (sky130_fd_sc_hd__o31ai_1)
     3    0.01    0.20    0.59   18.10 v _4454_/Y (sky130_fd_sc_hd__o31ai_1)
                                         _0461_ (net)
                  0.20    0.00   18.10 v _4456_/A2 (sky130_fd_sc_hd__o21ai_1)
     2    0.01    0.77    0.82   18.92 ^ _4456_/Y (sky130_fd_sc_hd__o21ai_1)
                                         _0463_ (net)
                  0.77    0.00   18.92 ^ _4459_/A2 (sky130_fd_sc_hd__o211ai_1)
     2    0.01    0.23    0.56   19.47 v _4459_/Y (sky130_fd_sc_hd__o211ai_1)
                                         _0466_ (net)
                  0.23    0.00   19.47 v _4462_/A3 (sky130_fd_sc_hd__a311o_1)
     2    0.01    0.18    1.69   21.17 v _4462_/X (sky130_fd_sc_hd__a311o_1)
                                         _0469_ (net)
                  0.18    0.00   21.17 v _4463_/C (sky130_fd_sc_hd__nand3_1)
     3    0.01    0.48    0.47   21.64 ^ _4463_/Y (sky130_fd_sc_hd__nand3_1)
                                         _0470_ (net)
                  0.48    0.00   21.64 ^ _4466_/A3 (sky130_fd_sc_hd__a311oi_1)
     2    0.01    0.28    0.52   22.15 v _4466_/Y (sky130_fd_sc_hd__a311oi_1)
                                         _0473_ (net)
                  0.28    0.00   22.15 v _4470_/A3 (sky130_fd_sc_hd__o311ai_2)
     2    0.01    0.91    1.12   23.27 ^ _4470_/Y (sky130_fd_sc_hd__o311ai_2)
                                         _0477_ (net)
                  0.91    0.00   23.27 ^ _4473_/A3 (sky130_fd_sc_hd__a311oi_1)
     2    0.01    0.28    0.70   23.97 v _4473_/Y (sky130_fd_sc_hd__a311oi_1)
                                         _0480_ (net)
                  0.28    0.00   23.97 v _4591_/B (sky130_fd_sc_hd__nor2_1)
     2    0.01    0.55    0.63   24.60 ^ _4591_/Y (sky130_fd_sc_hd__nor2_1)
                                         _0593_ (net)
                  0.55    0.00   24.60 ^ _4592_/B (sky130_fd_sc_hd__nor2_1)
     1    0.00    0.09    0.28   24.88 v _4592_/Y (sky130_fd_sc_hd__nor2_1)
                                         _0594_ (net)
                  0.09    0.00   24.88 v _4593_/C (sky130_fd_sc_hd__or3_1)
     1    0.00    0.23    1.69   26.57 v _4593_/X (sky130_fd_sc_hd__or3_1)
                                         _0595_ (net)
                  0.23    0.00   26.57 v _4594_/C (sky130_fd_sc_hd__nand3_1)
     1    0.00    0.18    0.32   26.89 ^ _4594_/Y (sky130_fd_sc_hd__nand3_1)
                                         _0596_ (net)
                  0.18    0.00   26.89 ^ _4595_/C1 (sky130_fd_sc_hd__o311ai_0)
     1    0.00    0.24    0.31   27.20 v _4595_/Y (sky130_fd_sc_hd__o311ai_0)
                                         _4351_ (net)
                  0.24    0.00   27.20 v rv32_soc/reg_out[26]$_DFF_P_/D (sky130_fd_sc_hd__dfxtp_1)
                                 27.20   data arrival time

                         25.00   25.00   clock clk (rise edge)
                          2.47   27.47   clock network delay (propagated)
                          0.00   27.47   clock reconvergence pessimism
                                 27.47 ^ rv32_soc/reg_out[26]$_DFF_P_/CLK (sky130_fd_sc_hd__dfxtp_1)
                         -0.80   26.66   library setup time
                                 26.66   data required time
-----------------------------------------------------------------------------
                                 26.66   data required time
                                -27.20   data arrival time
-----------------------------------------------------------------------------
                                 -0.53   slack (VIOLATED)


Startpoint: rv32_soc/decoded_imm[2]$_SDFFCE_PN0P_
            (rising edge-triggered flip-flop clocked by clk)
Endpoint: rv32_soc/reg_out[28]$_DFF_P_
          (rising edge-triggered flip-flop clocked by clk)
Path Group: clk
Path Type: max
Corner: slow

Fanout     Cap    Slew   Delay    Time   Description
-----------------------------------------------------------------------------
                          0.00    0.00   clock clk (rise edge)
                          2.48    2.48   clock network delay (propagated)
                  0.26    0.00    2.48 ^ rv32_soc/decoded_imm[2]$_SDFFCE_PN0P_/CLK (sky130_fd_sc_hd__edfxtp_1)
     2    0.01    0.28    1.76    4.24 v rv32_soc/decoded_imm[2]$_SDFFCE_PN0P_/Q (sky130_fd_sc_hd__edfxtp_1)
                                         net462 (net)
                  0.28    0.00    4.24 v place876/A (sky130_fd_sc_hd__buf_4)
     4    0.01    0.09    0.64    4.89 v place876/X (sky130_fd_sc_hd__buf_4)
                                         net876 (net)
                  0.09    0.00    4.89 v _4439_/B (sky130_fd_sc_hd__xor2_1)
     2    0.00    0.11    0.61    5.49 v _4439_/X (sky130_fd_sc_hd__xor2_1)
                                         _0446_ (net)
                  0.11    0.00    5.49 v _4442_/A3 (sky130_fd_sc_hd__a311oi_1)
     1    0.00    0.90    1.15    6.65 ^ _4442_/Y (sky130_fd_sc_hd__a311oi_1)
                                         _0449_ (net)
                  0.90    0.00    6.65 ^ place752/A (sky130_fd_sc_hd__buf_4)
     2    0.01    0.10    0.71    7.36 ^ place752/X (sky130_fd_sc_hd__buf_4)
                                         net752 (net)
                  0.10    0.00    7.36 ^ _4444_/A3 (sky130_fd_sc_hd__o31ai_1)
     2    0.01    0.20    0.22    7.58 v _4444_/Y (sky130_fd_sc_hd__o31ai_1)
                                         _0451_ (net)
                  0.20    0.00    7.58 v _4445_/C (sky130_fd_sc_hd__maj3_1)
     2    0.01    0.26    1.81    9.39 v _4445_/X (sky130_fd_sc_hd__maj3_1)
                                         _0452_ (net)
                  0.26    0.00    9.39 v _4446_/C (sky130_fd_sc_hd__maj3_1)
     2    0.01    0.24    1.81   11.19 v _4446_/X (sky130_fd_sc_hd__maj3_1)
                                         _0453_ (net)
                  0.24    0.00   11.19 v _4447_/C (sky130_fd_sc_hd__maj3_1)
     2    0.01    0.25    1.80   13.00 v _4447_/X (sky130_fd_sc_hd__maj3_1)
                                         _0454_ (net)
                  0.25    0.00   13.00 v _4448_/C (sky130_fd_sc_hd__maj3_2)
     2    0.01    0.20    1.50   14.49 v _4448_/X (sky130_fd_sc_hd__maj3_2)
                                         _0455_ (net)
                  0.20    0.00   14.49 v _4449_/C (sky130_fd_sc_hd__maj3_1)
     2    0.01    0.27    1.81   16.30 v _4449_/X (sky130_fd_sc_hd__maj3_1)
                                         _0456_ (net)
                  0.27    0.00   16.30 v _4452_/A2 (sky130_fd_sc_hd__a211oi_2)
     3    0.01    0.89    1.21   17.51 ^ _4452_/Y (sky130_fd_sc_hd__a211oi_2)
                                         _0459_ (net)
                  0.89    0.00   17.51 ^ _4454_/A3 (sky130_fd_sc_hd__o31ai_1)
     3    0.01    0.20    0.59   18.10 v _4454_/Y (sky130_fd_sc_hd__o31ai_1)
                                         _0461_ (net)
                  0.20    0.00   18.10 v _4456_/A2 (sky130_fd_sc_hd__o21ai_1)
     2    0.01    0.77    0.82   18.92 ^ _4456_/Y (sky130_fd_sc_hd__o21ai_1)
                                         _0463_ (net)
                  0.77    0.00   18.92 ^ _4459_/A2 (sky130_fd_sc_hd__o211ai_1)
     2    0.01    0.23    0.56   19.47 v _4459_/Y (sky130_fd_sc_hd__o211ai_1)
                                         _0466_ (net)
                  0.23    0.00   19.47 v _4462_/A3 (sky130_fd_sc_hd__a311o_1)
     2    0.01    0.18    1.69   21.17 v _4462_/X (sky130_fd_sc_hd__a311o_1)
                                         _0469_ (net)
                  0.18    0.00   21.17 v _4463_/C (sky130_fd_sc_hd__nand3_1)
     3    0.01    0.48    0.47   21.64 ^ _4463_/Y (sky130_fd_sc_hd__nand3_1)
                                         _0470_ (net)
                  0.48    0.00   21.64 ^ _4466_/A3 (sky130_fd_sc_hd__a311oi_1)
     2    0.01    0.28    0.52   22.15 v _4466_/Y (sky130_fd_sc_hd__a311oi_1)
                                         _0473_ (net)
                  0.28    0.00   22.15 v _4470_/A3 (sky130_fd_sc_hd__o311ai_2)
     2    0.01    0.91    1.12   23.27 ^ _4470_/Y (sky130_fd_sc_hd__o311ai_2)
                                         _0477_ (net)
                  0.91    0.00   23.27 ^ _4473_/A3 (sky130_fd_sc_hd__a311oi_1)
     2    0.01    0.28    0.70   23.97 v _4473_/Y (sky130_fd_sc_hd__a311oi_1)
                                         _0480_ (net)
                  0.28    0.00   23.97 v _4477_/A3 (sky130_fd_sc_hd__o311ai_2)
     2    0.01    0.94    1.14   25.11 ^ _4477_/Y (sky130_fd_sc_hd__o311ai_2)
                                         _0484_ (net)
                  0.94    0.00   25.11 ^ place573/A (sky130_fd_sc_hd__buf_4)
     3    0.01    0.12    0.76   25.87 ^ place573/X (sky130_fd_sc_hd__buf_4)
                                         net573 (net)
                  0.12    0.00   25.87 ^ _4571_/A3 (sky130_fd_sc_hd__a31oi_1)
     1    0.00    0.15    0.23   26.10 v _4571_/Y (sky130_fd_sc_hd__a31oi_1)
                                         _0575_ (net)
                  0.15    0.00   26.10 v _4572_/B (sky130_fd_sc_hd__xnor2_1)
     1    0.00    0.49    0.59   26.69 ^ _4572_/Y (sky130_fd_sc_hd__xnor2_1)
                                         _0576_ (net)
                  0.49    0.00   26.69 ^ _4573_/B (sky130_fd_sc_hd__nand2_1)
     1    0.00    0.24    0.31   27.01 v _4573_/Y (sky130_fd_sc_hd__nand2_1)
                                         _0577_ (net)
                  0.24    0.00   27.01 v _4574_/C1 (sky130_fd_sc_hd__o311ai_0)
     1    0.00    1.02    0.34   27.35 ^ _4574_/Y (sky130_fd_sc_hd__o311ai_0)
                                         _4353_ (net)
                  1.02    0.00   27.35 ^ rv32_soc/reg_out[28]$_DFF_P_/D (sky130_fd_sc_hd__dfxtp_1)
                                 27.35   data arrival time

                         25.00   25.00   clock clk (rise edge)
                          2.47   27.47   clock network delay (propagated)
                          0.00   27.47   clock reconvergence pessimism
                                 27.47 ^ rv32_soc/reg_out[28]$_DFF_P_/CLK (sky130_fd_sc_hd__dfxtp_1)
                         -0.55   26.92   library setup time
                                 26.92   data required time
-----------------------------------------------------------------------------
                                 26.92   data required time
                                -27.35   data arrival time
-----------------------------------------------------------------------------
                                 -0.43   slack (VIOLATED)


Startpoint: rv32_soc/decoded_imm[2]$_SDFFCE_PN0P_
            (rising edge-triggered flip-flop clocked by clk)
Endpoint: rv32_soc/reg_out[27]$_DFF_P_
          (rising edge-triggered flip-flop clocked by clk)
Path Group: clk
Path Type: max
Corner: slow

Fanout     Cap    Slew   Delay    Time   Description
-----------------------------------------------------------------------------
                          0.00    0.00   clock clk (rise edge)
                          2.48    2.48   clock network delay (propagated)
                  0.26    0.00    2.48 ^ rv32_soc/decoded_imm[2]$_SDFFCE_PN0P_/CLK (sky130_fd_sc_hd__edfxtp_1)
     2    0.01    0.28    1.76    4.24 v rv32_soc/decoded_imm[2]$_SDFFCE_PN0P_/Q (sky130_fd_sc_hd__edfxtp_1)
                                         net462 (net)
                  0.28    0.00    4.24 v place876/A (sky130_fd_sc_hd__buf_4)
     4    0.01    0.09    0.64    4.89 v place876/X (sky130_fd_sc_hd__buf_4)
                                         net876 (net)
                  0.09    0.00    4.89 v _4439_/B (sky130_fd_sc_hd__xor2_1)
     2    0.00    0.11    0.61    5.49 v _4439_/X (sky130_fd_sc_hd__xor2_1)
                                         _0446_ (net)
                  0.11    0.00    5.49 v _4442_/A3 (sky130_fd_sc_hd__a311oi_1)
     1    0.00    0.90    1.15    6.65 ^ _4442_/Y (sky130_fd_sc_hd__a311oi_1)
                                         _0449_ (net)
                  0.90    0.00    6.65 ^ place752/A (sky130_fd_sc_hd__buf_4)
     2    0.01    0.10    0.71    7.36 ^ place752/X (sky130_fd_sc_hd__buf_4)
                                         net752 (net)
                  0.10    0.00    7.36 ^ _4444_/A3 (sky130_fd_sc_hd__o31ai_1)
     2    0.01    0.20    0.22    7.58 v _4444_/Y (sky130_fd_sc_hd__o31ai_1)
                                         _0451_ (net)
                  0.20    0.00    7.58 v _4445_/C (sky130_fd_sc_hd__maj3_1)
     2    0.01    0.26    1.81    9.39 v _4445_/X (sky130_fd_sc_hd__maj3_1)
                                         _0452_ (net)
                  0.26    0.00    9.39 v _4446_/C (sky130_fd_sc_hd__maj3_1)
     2    0.01    0.24    1.81   11.19 v _4446_/X (sky130_fd_sc_hd__maj3_1)
                                         _0453_ (net)
                  0.24    0.00   11.19 v _4447_/C (sky130_fd_sc_hd__maj3_1)
     2    0.01    0.25    1.80   13.00 v _4447_/X (sky130_fd_sc_hd__maj3_1)
                                         _0454_ (net)
                  0.25    0.00   13.00 v _4448_/C (sky130_fd_sc_hd__maj3_2)
     2    0.01    0.20    1.50   14.49 v _4448_/X (sky130_fd_sc_hd__maj3_2)
                                         _0455_ (net)
                  0.20    0.00   14.49 v _4449_/C (sky130_fd_sc_hd__maj3_1)
     2    0.01    0.27    1.81   16.30 v _4449_/X (sky130_fd_sc_hd__maj3_1)
                                         _0456_ (net)
                  0.27    0.00   16.30 v _4452_/A2 (sky130_fd_sc_hd__a211oi_2)
     3    0.01    0.89    1.21   17.51 ^ _4452_/Y (sky130_fd_sc_hd__a211oi_2)
                                         _0459_ (net)
                  0.89    0.00   17.51 ^ _4454_/A3 (sky130_fd_sc_hd__o31ai_1)
     3    0.01    0.20    0.59   18.10 v _4454_/Y (sky130_fd_sc_hd__o31ai_1)
                                         _0461_ (net)
                  0.20    0.00   18.10 v _4456_/A2 (sky130_fd_sc_hd__o21ai_1)
     2    0.01    0.77    0.82   18.92 ^ _4456_/Y (sky130_fd_sc_hd__o21ai_1)
                                         _0463_ (net)
                  0.77    0.00   18.92 ^ _4459_/A2 (sky130_fd_sc_hd__o211ai_1)
     2    0.01    0.23    0.56   19.47 v _4459_/Y (sky130_fd_sc_hd__o211ai_1)
                                         _0466_ (net)
                  0.23    0.00   19.47 v _4462_/A3 (sky130_fd_sc_hd__a311o_1)
     2    0.01    0.18    1.69   21.17 v _4462_/X (sky130_fd_sc_hd__a311o_1)
                                         _0469_ (net)
                  0.18    0.00   21.17 v _4463_/C (sky130_fd_sc_hd__nand3_1)
     3    0.01    0.48    0.47   21.64 ^ _4463_/Y (sky130_fd_sc_hd__nand3_1)
                                         _0470_ (net)
                  0.48    0.00   21.64 ^ _4466_/A3 (sky130_fd_sc_hd__a311oi_1)
     2    0.01    0.28    0.52   22.15 v _4466_/Y (sky130_fd_sc_hd__a311oi_1)
                                         _0473_ (net)
                  0.28    0.00   22.15 v _4470_/A3 (sky130_fd_sc_hd__o311ai_2)
     2    0.01    0.91    1.12   23.27 ^ _4470_/Y (sky130_fd_sc_hd__o311ai_2)
                                         _0477_ (net)
                  0.91    0.00   23.27 ^ _4473_/A3 (sky130_fd_sc_hd__a311oi_1)
     2    0.01    0.28    0.70   23.97 v _4473_/Y (sky130_fd_sc_hd__a311oi_1)
                                         _0480_ (net)
                  0.28    0.00   23.97 v _4477_/A3 (sky130_fd_sc_hd__o311ai_2)
     2    0.01    0.94    1.14   25.11 ^ _4477_/Y (sky130_fd_sc_hd__o311ai_2)
                                         _0484_ (net)
                  0.94    0.00   25.11 ^ place573/A (sky130_fd_sc_hd__buf_4)
     3    0.01    0.12    0.76   25.87 ^ place573/X (sky130_fd_sc_hd__buf_4)
                                         net573 (net)
                  0.12    0.00   25.87 ^ _4580_/B (sky130_fd_sc_hd__nand2_1)
     1    0.00    0.10    0.16   26.03 v _4580_/Y (sky130_fd_sc_hd__nand2_1)
                                         _0583_ (net)
                  0.10    0.00   26.03 v _4582_/A (sky130_fd_sc_hd__xnor2_1)
     1    0.00    0.50    0.62   26.65 ^ _4582_/Y (sky130_fd_sc_hd__xnor2_1)
                                         _0585_ (net)
                  0.50    0.00   26.65 ^ _4583_/B (sky130_fd_sc_hd__nand2_1)
     1    0.00    0.22    0.31   26.96 v _4583_/Y (sky130_fd_sc_hd__nand2_1)
                                         _0586_ (net)
                  0.22    0.00   26.96 v _4584_/C1 (sky130_fd_sc_hd__o311ai_0)
     1    0.00    1.04    0.34   27.30 ^ _4584_/Y (sky130_fd_sc_hd__o311ai_0)
                                         _4352_ (net)
                  1.04    0.00   27.30 ^ rv32_soc/reg_out[27]$_DFF_P_/D (sky130_fd_sc_hd__dfxtp_1)
                                 27.30   data arrival time

                         25.00   25.00   clock clk (rise edge)
                          2.47   27.47   clock network delay (propagated)
                          0.00   27.47   clock reconvergence pessimism
                                 27.47 ^ rv32_soc/reg_out[27]$_DFF_P_/CLK (sky130_fd_sc_hd__dfxtp_1)
                         -0.55   26.92   library setup time
                                 26.92   data required time
-----------------------------------------------------------------------------
                                 26.92   data required time
                                -27.30   data arrival time
-----------------------------------------------------------------------------
                                 -0.38   slack (VIOLATED)


Startpoint: rv32_soc/latched_store$_SDFFE_PN0P_
            (rising edge-triggered flip-flop clocked by clk)
Endpoint: rv32_soc/reg_next_pc[31]$_SDFFE_PN0P_
          (rising edge-triggered flip-flop clocked by clk)
Path Group: clk
Path Type: max
Corner: slow

Fanout     Cap    Slew   Delay    Time   Description
-----------------------------------------------------------------------------
                          0.00    0.00   clock clk (rise edge)
                          2.51    2.51   clock network delay (propagated)
                  0.27    0.00    2.51 ^ rv32_soc/latched_store$_SDFFE_PN0P_/CLK (sky130_fd_sc_hd__dfxtp_1)
     6    0.01    0.50    1.61    4.12 ^ rv32_soc/latched_store$_SDFFE_PN0P_/Q (sky130_fd_sc_hd__dfxtp_1)
                                         net444 (net)
                  0.50    0.00    4.12 ^ _4945_/A (sky130_fd_sc_hd__and2_0)
     3    0.01    0.42    0.73    4.85 ^ _4945_/X (sky130_fd_sc_hd__and2_0)
                                         _0894_ (net)
                  0.42    0.00    4.85 ^ place833/A (sky130_fd_sc_hd__buf_4)
    10    0.04    0.42    0.70    5.55 ^ place833/X (sky130_fd_sc_hd__buf_4)
                                         net833 (net)
                  0.42    0.00    5.55 ^ _8367_/S (sky130_fd_sc_hd__mux2_2)
     6    0.02    0.25    1.81    7.36 v _8367_/X (sky130_fd_sc_hd__mux2_2)
                                         _3875_ (net)
                  0.25    0.00    7.36 v _8419_/B (sky130_fd_sc_hd__xnor2_1)
     3    0.01    1.08    1.09    8.46 ^ _8419_/Y (sky130_fd_sc_hd__xnor2_1)
                                         _3923_ (net)
                  1.08    0.00    8.46 ^ _8424_/A1 (sky130_fd_sc_hd__o211ai_1)
     2    0.00    0.22    0.72    9.17 v _8424_/Y (sky130_fd_sc_hd__o211ai_1)
                                         _3928_ (net)
                  0.22    0.00    9.17 v _8427_/A3 (sky130_fd_sc_hd__a311oi_1)
     3    0.01    1.21    1.45   10.63 ^ _8427_/Y (sky130_fd_sc_hd__a311oi_1)
                                         _3931_ (net)
                  1.21    0.00   10.63 ^ _8431_/A3 (sky130_fd_sc_hd__o311ai_0)
     1    0.00    0.27    0.80   11.43 v _8431_/Y (sky130_fd_sc_hd__o311ai_0)
                                         _3935_ (net)
                  0.27    0.00   11.43 v place622/A (sky130_fd_sc_hd__buf_4)
     2    0.00    0.07    0.60   12.03 v place622/X (sky130_fd_sc_hd__buf_4)
                                         net622 (net)
                  0.07    0.00   12.03 v _8434_/A3 (sky130_fd_sc_hd__a311oi_1)
     2    0.01    1.10    1.28   13.31 ^ _8434_/Y (sky130_fd_sc_hd__a311oi_1)
                                         _3938_ (net)
                  1.10    0.00   13.31 ^ _8438_/A3 (sky130_fd_sc_hd__o311ai_0)
     1    0.00    0.25    0.73   14.04 v _8438_/Y (sky130_fd_sc_hd__o311ai_0)
                                         _3942_ (net)
                  0.25    0.00   14.04 v place606/A (sky130_fd_sc_hd__buf_4)
     3    0.01    0.08    0.60   14.65 v place606/X (sky130_fd_sc_hd__buf_4)
                                         net606 (net)
                  0.08    0.00   14.65 v _8441_/A3 (sky130_fd_sc_hd__a311oi_1)
     3    0.01    1.22    1.37   16.02 ^ _8441_/Y (sky130_fd_sc_hd__a311oi_1)
                                         _3945_ (net)
                  1.22    0.00   16.02 ^ _8444_/A3 (sky130_fd_sc_hd__o311ai_0)
     1    0.00    0.28    0.81   16.83 v _8444_/Y (sky130_fd_sc_hd__o311ai_0)
                                         _3948_ (net)
                  0.28    0.00   16.83 v place597/A (sky130_fd_sc_hd__buf_4)
     4    0.01    0.08    0.63   17.46 v place597/X (sky130_fd_sc_hd__buf_4)
                                         net597 (net)
                  0.08    0.00   17.46 v _8447_/A3 (sky130_fd_sc_hd__a311oi_1)
     1    0.00    0.81    1.07   18.52 ^ _8447_/Y (sky130_fd_sc_hd__a311oi_1)
                                         _3951_ (net)
                  0.81    0.00   18.52 ^ place593/A (sky130_fd_sc_hd__buf_4)
     3    0.01    0.11    0.67   19.20 ^ place593/X (sky130_fd_sc_hd__buf_4)
                                         net593 (net)
                  0.11    0.00   19.20 ^ _8449_/A3 (sky130_fd_sc_hd__o31a_1)
     2    0.01    0.34    0.47   19.67 ^ _8449_/X (sky130_fd_sc_hd__o31a_1)
                                         _3953_ (net)
                  0.34    0.00   19.67 ^ _8450_/B_N (sky130_fd_sc_hd__nor2b_1)
     2    0.01    0.67    0.84   20.50 ^ _8450_/Y (sky130_fd_sc_hd__nor2b_1)
                                         _3954_ (net)
                  0.67    0.00   20.50 ^ _8451_/C (sky130_fd_sc_hd__nor3_1)
     1    0.00    0.12    0.35   20.85 v _8451_/Y (sky130_fd_sc_hd__nor3_1)
                                         _3955_ (net)
                  0.12    0.00   20.85 v place581/A (sky130_fd_sc_hd__buf_4)
     5    0.01    0.09    0.54   21.39 v place581/X (sky130_fd_sc_hd__buf_4)
                                         net581 (net)
                  0.09    0.00   21.39 v _8452_/C (sky130_fd_sc_hd__and3_1)
     2    0.01    0.12    0.74   22.14 v _8452_/X (sky130_fd_sc_hd__and3_1)
                                         _3956_ (net)
                  0.12    0.00   22.14 v _8457_/A2 (sky130_fd_sc_hd__o31a_1)
     4    0.01    0.21    1.46   23.60 v _8457_/X (sky130_fd_sc_hd__o31a_1)
                                         _3961_ (net)
                  0.21    0.00   23.60 v _8459_/A3 (sky130_fd_sc_hd__a31o_1)
     2    0.01    0.12    0.97   24.57 v _8459_/X (sky130_fd_sc_hd__a31o_1)
                                         _3963_ (net)
                  0.12    0.00   24.57 v _8461_/A (sky130_fd_sc_hd__nand2_1)
     2    0.00    0.20    0.23   24.81 ^ _8461_/Y (sky130_fd_sc_hd__nand2_1)
                                         _3965_ (net)
                  0.20    0.00   24.81 ^ _8462_/B1 (sky130_fd_sc_hd__o21ai_0)
     2    0.00    0.21    0.28   25.09 v _8462_/Y (sky130_fd_sc_hd__o21ai_0)
                                         _3966_ (net)
                  0.21    0.00   25.09 v _8798_/B1 (sky130_fd_sc_hd__a21oi_1)
     2    0.00    0.43    0.53   25.62 ^ _8798_/Y (sky130_fd_sc_hd__a21oi_1)
                                         _4257_ (net)
                  0.43    0.00   25.62 ^ _8801_/A2 (sky130_fd_sc_hd__o21ai_0)
     1    0.00    0.15    0.33   25.95 v _8801_/Y (sky130_fd_sc_hd__o21ai_0)
                                         _4260_ (net)
                  0.15    0.00   25.95 v _8806_/A2 (sky130_fd_sc_hd__a31oi_1)
     1    0.00    0.38    0.57   26.52 ^ _8806_/Y (sky130_fd_sc_hd__a31oi_1)
                                         _4265_ (net)
                  0.38    0.00   26.52 ^ _8810_/A1 (sky130_fd_sc_hd__o21ai_0)
     1    0.00    0.10    0.31   26.84 v _8810_/Y (sky130_fd_sc_hd__o21ai_0)
                                         _0341_ (net)
                  0.10    0.00   26.84 v rv32_soc/reg_next_pc[31]$_SDFFE_PN0P_/D (sky130_fd_sc_hd__dfxtp_1)
                                 26.84   data arrival time

                         25.00   25.00   clock clk (rise edge)
                          2.47   27.47   clock network delay (propagated)
                          0.00   27.47   clock reconvergence pessimism
                                 27.47 ^ rv32_soc/reg_next_pc[31]$_SDFFE_PN0P_/CLK (sky130_fd_sc_hd__dfxtp_1)
                         -0.72   26.75   library setup time
                                 26.75   data required time
-----------------------------------------------------------------------------
                                 26.75   data required time
                                -26.84   data arrival time
-----------------------------------------------------------------------------
                                 -0.09   slack (VIOLATED)


