Startpoint: _8914_ (rising edge-triggered flip-flop)
Endpoint: cpu/pcpi_rs1[5]$_DFFE_PP_ (rising edge-triggered flip-flop)
Path Group: unconstrained
Path Type: max
Corner: slow

Fanout     Cap    Slew   Delay    Time   Description
-----------------------------------------------------------------------------
                105.62    0.00    0.00 ^ _8914_/CLK (sky130_fd_sc_hd__dfxtp_1)
   258    1.31   45.68   70.07   70.07 ^ _8914_/Q (sky130_fd_sc_hd__dfxtp_1)
                                         _0005_ (net)
                 45.68    0.00   70.07 ^ _5401_/S0 (sky130_fd_sc_hd__mux4_2)
     1    0.00    0.27   17.08   87.15 v _5401_/X (sky130_fd_sc_hd__mux4_2)
                                         _1360_ (net)
                  0.27    0.00   87.15 v _5405_/A0 (sky130_fd_sc_hd__mux4_2)
     1    0.00    0.26    2.58   89.73 v _5405_/X (sky130_fd_sc_hd__mux4_2)
                                         _1364_ (net)
                  0.26    0.00   89.73 v _5406_/B (sky130_fd_sc_hd__nand2_1)
     1    0.00    0.51    0.29   90.02 ^ _5406_/Y (sky130_fd_sc_hd__nand2_1)
                                         _1365_ (net)
                  0.51    0.00   90.02 ^ _5415_/A1 (sky130_fd_sc_hd__a21oi_1)
     1    0.00    0.14    0.31   90.33 v _5415_/Y (sky130_fd_sc_hd__a21oi_1)
                                         _1374_ (net)
                  0.14    0.00   90.33 v _5420_/B1 (sky130_fd_sc_hd__a2111oi_0)
     1    0.00    1.03    1.32   91.65 ^ _5420_/Y (sky130_fd_sc_hd__a2111oi_0)
                                         _1379_ (net)
                  1.03    0.00   91.65 ^ _5421_/B1 (sky130_fd_sc_hd__o21ai_0)
     1    0.00    0.33    0.59   92.24 v _5421_/Y (sky130_fd_sc_hd__o21ai_0)
                                         _4382_ (net)
                  0.33    0.00   92.24 v cpu/pcpi_rs1[5]$_DFFE_PP_/D (sky130_fd_sc_hd__edfxtp_1)
                                 92.24   data arrival time
-----------------------------------------------------------------------------
(Path is unconstrained)


