[WARNING STA-0503] report_checks -group_count is deprecated. Use -group_path_count instead.
Startpoint: _8914_ (rising edge-triggered flip-flop)
Endpoint: cpu/pcpi_rs1[31]$_DFFE_PP_ (rising edge-triggered flip-flop)
Path Group: unconstrained
Path Type: max
Corner: slow

Fanout     Cap    Slew   Delay    Time   Description
-----------------------------------------------------------------------------
                141.41    0.00    0.00 ^ _8914_/CLK (sky130_fd_sc_hd__dfxtp_1)
   258    1.64   58.39   90.69   90.69 ^ _8914_/Q (sky130_fd_sc_hd__dfxtp_1)
                                         _0005_ (net)
                 58.39    0.05   90.74 ^ _6712_/S0 (sky130_fd_sc_hd__mux4_2)
     1    0.00    0.66   22.10  112.84 ^ _6712_/X (sky130_fd_sc_hd__mux4_2)
                                         _2558_ (net)
                  0.66    0.00  112.84 ^ _6713_/B (sky130_fd_sc_hd__nor2_1)
     1    0.00    0.71    0.34  113.18 v _6713_/Y (sky130_fd_sc_hd__nor2_1)
                                         _2559_ (net)
                  0.71    0.00  113.18 v _6714_/B (sky130_fd_sc_hd__nor2_1)
     1    0.00    0.36    0.64  113.82 ^ _6714_/Y (sky130_fd_sc_hd__nor2_1)
                                         _2560_ (net)
                  0.36    0.00  113.82 ^ _6715_/B1 (sky130_fd_sc_hd__o21ai_0)
     1    0.00    0.85    0.30  114.12 v _6715_/Y (sky130_fd_sc_hd__o21ai_0)
                                         _2561_ (net)
                  0.85    0.00  114.12 v _6716_/A2 (sky130_fd_sc_hd__a21oi_1)
     1    0.00    0.57    1.06  115.18 ^ _6716_/Y (sky130_fd_sc_hd__a21oi_1)
                                         _2562_ (net)
                  0.57    0.00  115.18 ^ _6717_/B1 (sky130_fd_sc_hd__a21oi_1)
     1    0.00    0.71    0.31  115.49 v _6717_/Y (sky130_fd_sc_hd__a21oi_1)
                                         _2563_ (net)
                  0.71    0.00  115.49 v _6718_/B (sky130_fd_sc_hd__nor2_1)
     1    0.02    1.80    1.84  117.33 ^ _6718_/Y (sky130_fd_sc_hd__nor2_1)
                                         _2564_ (net)
                  1.80    0.00  117.33 ^ _6721_/B1 (sky130_fd_sc_hd__a211oi_1)
     1    0.00    0.34    0.71  118.04 v _6721_/Y (sky130_fd_sc_hd__a211oi_1)
                                         _2567_ (net)
                  0.34    0.00  118.04 v _6722_/B1 (sky130_fd_sc_hd__o21ai_0)
     1    0.01    1.16    0.60  118.63 ^ _6722_/Y (sky130_fd_sc_hd__o21ai_0)
                                         _4379_ (net)
                  1.16    0.00  118.63 ^ cpu/pcpi_rs1[31]$_DFFE_PP_/D (sky130_fd_sc_hd__edfxtp_1)
                                118.63   data arrival time
-----------------------------------------------------------------------------
(Path is unconstrained)


Startpoint: _8914_ (rising edge-triggered flip-flop)
Endpoint: cpu/pcpi_rs1[5]$_DFFE_PP_ (rising edge-triggered flip-flop)
Path Group: unconstrained
Path Type: max
Corner: slow

Fanout     Cap    Slew   Delay    Time   Description
-----------------------------------------------------------------------------
                141.41    0.00    0.00 ^ _8914_/CLK (sky130_fd_sc_hd__dfxtp_1)
   258    1.64   58.39   90.69   90.69 ^ _8914_/Q (sky130_fd_sc_hd__dfxtp_1)
                                         _0005_ (net)
                 58.39    0.05   90.74 ^ _5403_/S0 (sky130_fd_sc_hd__mux4_2)
     1    0.00    0.33   21.10  111.84 v _5403_/X (sky130_fd_sc_hd__mux4_2)
                                         _1362_ (net)
                  0.33    0.00  111.84 v _5405_/A2 (sky130_fd_sc_hd__mux4_2)
     1    0.00    0.26    2.60  114.45 v _5405_/X (sky130_fd_sc_hd__mux4_2)
                                         _1364_ (net)
                  0.26    0.00  114.45 v _5406_/B (sky130_fd_sc_hd__nand2_1)
     1    0.00    0.80    0.30  114.74 ^ _5406_/Y (sky130_fd_sc_hd__nand2_1)
                                         _1365_ (net)
                  0.80    0.00  114.74 ^ _5415_/A1 (sky130_fd_sc_hd__a21oi_1)
     1    0.02    0.52    0.68  115.43 v _5415_/Y (sky130_fd_sc_hd__a21oi_1)
                                         _1374_ (net)
                  0.52    0.00  115.43 v _5420_/B1 (sky130_fd_sc_hd__a2111oi_0)
     1    0.00    1.26    1.73  117.16 ^ _5420_/Y (sky130_fd_sc_hd__a2111oi_0)
                                         _1379_ (net)
                  1.26    0.00  117.16 ^ _5421_/B1 (sky130_fd_sc_hd__o21ai_0)
     1    0.00    0.53    0.67  117.83 v _5421_/Y (sky130_fd_sc_hd__o21ai_0)
                                         _4382_ (net)
                  0.53    0.00  117.83 v cpu/pcpi_rs1[5]$_DFFE_PP_/D (sky130_fd_sc_hd__edfxtp_1)
                                117.83   data arrival time
-----------------------------------------------------------------------------
(Path is unconstrained)


Startpoint: _8914_ (rising edge-triggered flip-flop)
Endpoint: cpu/pcpi_rs1[30]$_DFFE_PP_ (rising edge-triggered flip-flop)
Path Group: unconstrained
Path Type: max
Corner: slow

Fanout     Cap    Slew   Delay    Time   Description
-----------------------------------------------------------------------------
                141.41    0.00    0.00 ^ _8914_/CLK (sky130_fd_sc_hd__dfxtp_1)
   258    1.64   58.39   90.69   90.69 ^ _8914_/Q (sky130_fd_sc_hd__dfxtp_1)
                                         _0005_ (net)
                 58.39    0.05   90.74 ^ _7150_/S0 (sky130_fd_sc_hd__mux4_2)
     1    0.00    0.65   22.08  112.82 ^ _7150_/X (sky130_fd_sc_hd__mux4_2)
                                         _2950_ (net)
                  0.65    0.00  112.82 ^ _7151_/A2 (sky130_fd_sc_hd__o21ai_0)
     1    0.00    0.88    0.44  113.26 v _7151_/Y (sky130_fd_sc_hd__o21ai_0)
                                         _2951_ (net)
                  0.88    0.00  113.26 v _7156_/A2 (sky130_fd_sc_hd__o22ai_1)
     1    0.00    0.49    1.06  114.32 ^ _7156_/Y (sky130_fd_sc_hd__o22ai_1)
                                         _2956_ (net)
                  0.49    0.00  114.32 ^ _7157_/B (sky130_fd_sc_hd__nand2_1)
     1    0.00    0.78    0.32  114.64 v _7157_/Y (sky130_fd_sc_hd__nand2_1)
                                         _2957_ (net)
                  0.78    0.00  114.64 v _7158_/A2 (sky130_fd_sc_hd__a21oi_1)
     1    0.02    1.91    2.10  116.74 ^ _7158_/Y (sky130_fd_sc_hd__a21oi_1)
                                         _2958_ (net)
                  1.91    0.00  116.74 ^ _7162_/B1 (sky130_fd_sc_hd__a211oi_1)
     1    0.00    0.33    0.74  117.47 v _7162_/Y (sky130_fd_sc_hd__a211oi_1)
                                         _2962_ (net)
                  0.33    0.00  117.47 v _7163_/B1 (sky130_fd_sc_hd__o21ai_0)
     1    0.00    0.41    0.35  117.82 ^ _7163_/Y (sky130_fd_sc_hd__o21ai_0)
                                         _4378_ (net)
                  0.41    0.00  117.82 ^ cpu/pcpi_rs1[30]$_DFFE_PP_/D (sky130_fd_sc_hd__edfxtp_1)
                                117.82   data arrival time
-----------------------------------------------------------------------------
(Path is unconstrained)


Startpoint: _8914_ (rising edge-triggered flip-flop)
Endpoint: cpu/pcpi_rs1[29]$_DFFE_PP_ (rising edge-triggered flip-flop)
Path Group: unconstrained
Path Type: max
Corner: slow

Fanout     Cap    Slew   Delay    Time   Description
-----------------------------------------------------------------------------
                141.41    0.00    0.00 ^ _8914_/CLK (sky130_fd_sc_hd__dfxtp_1)
   258    1.64   58.39   90.69   90.69 ^ _8914_/Q (sky130_fd_sc_hd__dfxtp_1)
                                         _0005_ (net)
                 58.39    0.04   90.73 ^ _7083_/S0 (sky130_fd_sc_hd__mux4_2)
     1    0.00    0.65   22.07  112.80 ^ _7083_/X (sky130_fd_sc_hd__mux4_2)
                                         _2885_ (net)
                  0.65    0.00  112.80 ^ _7084_/A2 (sky130_fd_sc_hd__o21ai_0)
     1    0.00    1.03    0.45  113.25 v _7084_/Y (sky130_fd_sc_hd__o21ai_0)
                                         _2886_ (net)
                  1.03    0.00  113.25 v _7089_/A2 (sky130_fd_sc_hd__o22ai_1)
     1    0.01    1.09    1.61  114.86 ^ _7089_/Y (sky130_fd_sc_hd__o22ai_1)
                                         _2891_ (net)
                  1.09    0.00  114.86 ^ _7090_/B (sky130_fd_sc_hd__nor2_1)
     1    0.00    0.74    0.51  115.37 v _7090_/Y (sky130_fd_sc_hd__nor2_1)
                                         _2892_ (net)
                  0.74    0.00  115.37 v _7101_/A1_N (sky130_fd_sc_hd__a2bb2oi_1)
     1    0.01    0.64    0.95  116.32 v _7101_/Y (sky130_fd_sc_hd__a2bb2oi_1)
                                         _2903_ (net)
                  0.64    0.00  116.32 v _7102_/B1 (sky130_fd_sc_hd__o22ai_1)
     1    0.00    0.49    0.81  117.12 ^ _7102_/Y (sky130_fd_sc_hd__o22ai_1)
                                         _2904_ (net)
                  0.49    0.00  117.12 ^ _7103_/B (sky130_fd_sc_hd__nor2_1)
     1    0.00    0.10    0.26  117.39 v _7103_/Y (sky130_fd_sc_hd__nor2_1)
                                         _2905_ (net)
                  0.10    0.00  117.39 v _7104_/B1 (sky130_fd_sc_hd__o21ai_0)
     1    0.00    0.44    0.21  117.60 ^ _7104_/Y (sky130_fd_sc_hd__o21ai_0)
                                         _4376_ (net)
                  0.44    0.00  117.60 ^ cpu/pcpi_rs1[29]$_DFFE_PP_/D (sky130_fd_sc_hd__edfxtp_1)
                                117.60   data arrival time
-----------------------------------------------------------------------------
(Path is unconstrained)


Startpoint: _8914_ (rising edge-triggered flip-flop)
Endpoint: cpu/pcpi_rs1[1]$_DFFE_PP_ (rising edge-triggered flip-flop)
Path Group: unconstrained
Path Type: max
Corner: slow

Fanout     Cap    Slew   Delay    Time   Description
-----------------------------------------------------------------------------
                141.41    0.00    0.00 ^ _8914_/CLK (sky130_fd_sc_hd__dfxtp_1)
   258    1.64   58.39   90.69   90.69 ^ _8914_/Q (sky130_fd_sc_hd__dfxtp_1)
                                         _0005_ (net)
                 58.39    0.05   90.74 ^ _6734_/S0 (sky130_fd_sc_hd__mux4_2)
     1    0.00    0.65   22.07  112.81 ^ _6734_/X (sky130_fd_sc_hd__mux4_2)
                                         _2579_ (net)
                  0.65    0.00  112.81 ^ _6735_/A2 (sky130_fd_sc_hd__o21ai_0)
     1    0.00    0.87    0.43  113.24 v _6735_/Y (sky130_fd_sc_hd__o21ai_0)
                                         _2580_ (net)
                  0.87    0.00  113.24 v _6740_/A2 (sky130_fd_sc_hd__o22ai_1)
     1    0.00    0.58    1.12  114.36 ^ _6740_/Y (sky130_fd_sc_hd__o22ai_1)
                                         _2585_ (net)
                  0.58    0.00  114.36 ^ _6741_/A2 (sky130_fd_sc_hd__o21ai_0)
     1    0.00    0.94    0.39  114.76 v _6741_/Y (sky130_fd_sc_hd__o21ai_0)
                                         _2586_ (net)
                  0.94    0.00  114.76 v _6743_/A2 (sky130_fd_sc_hd__o21ai_0)
     1    0.01    1.26    1.65  116.40 ^ _6743_/Y (sky130_fd_sc_hd__o21ai_0)
                                         _2588_ (net)
                  1.26    0.00  116.40 ^ _6749_/A2 (sky130_fd_sc_hd__a21oi_1)
     1    0.00    0.49    0.65  117.06 v _6749_/Y (sky130_fd_sc_hd__a21oi_1)
                                         _2594_ (net)
                  0.49    0.00  117.06 v _6750_/B1 (sky130_fd_sc_hd__o31ai_1)
     1    0.00    0.69    0.44  117.49 ^ _6750_/Y (sky130_fd_sc_hd__o31ai_1)
                                         _4366_ (net)
                  0.69    0.00  117.49 ^ cpu/pcpi_rs1[1]$_DFFE_PP_/D (sky130_fd_sc_hd__edfxtp_1)
                                117.49   data arrival time
-----------------------------------------------------------------------------
(Path is unconstrained)


Startpoint: _8914_ (rising edge-triggered flip-flop)
Endpoint: cpu/pcpi_rs1[16]$_DFFE_PP_ (rising edge-triggered flip-flop)
Path Group: unconstrained
Path Type: max
Corner: slow

Fanout     Cap    Slew   Delay    Time   Description
-----------------------------------------------------------------------------
                141.41    0.00    0.00 ^ _8914_/CLK (sky130_fd_sc_hd__dfxtp_1)
   258    1.64   58.39   90.69   90.69 ^ _8914_/Q (sky130_fd_sc_hd__dfxtp_1)
                                         _0005_ (net)
                 58.39    0.05   90.75 ^ _5790_/S0 (sky130_fd_sc_hd__mux4_2)
     1    0.00    0.67   22.19  112.94 ^ _5790_/X (sky130_fd_sc_hd__mux4_2)
                                         _1678_ (net)
                  0.67    0.00  112.94 ^ _5791_/A2 (sky130_fd_sc_hd__o21ai_0)
     1    0.00    1.00    0.45  113.39 v _5791_/Y (sky130_fd_sc_hd__o21ai_0)
                                         _1679_ (net)
                  1.00    0.00  113.39 v _5795_/A2 (sky130_fd_sc_hd__o221ai_1)
     1    0.01    1.29    1.71  115.09 ^ _5795_/Y (sky130_fd_sc_hd__o221ai_1)
                                         _1683_ (net)
                  1.29    0.00  115.09 ^ _5805_/A2 (sky130_fd_sc_hd__a32oi_1)
     1    0.00    0.90    0.77  115.86 v _5805_/Y (sky130_fd_sc_hd__a32oi_1)
                                         _1693_ (net)
                  0.90    0.00  115.86 v _5806_/B1 (sky130_fd_sc_hd__o32ai_1)
     1    0.00    0.89    0.96  116.82 ^ _5806_/Y (sky130_fd_sc_hd__o32ai_1)
                                         _1694_ (net)
                  0.89    0.00  116.82 ^ _5807_/C1 (sky130_fd_sc_hd__a211o_1)
     1    0.00    0.10    0.62  117.44 ^ _5807_/X (sky130_fd_sc_hd__a211o_1)
                                         _4362_ (net)
                  0.10    0.00  117.44 ^ cpu/pcpi_rs1[16]$_DFFE_PP_/D (sky130_fd_sc_hd__edfxtp_1)
                                117.44   data arrival time
-----------------------------------------------------------------------------
(Path is unconstrained)


Startpoint: _8914_ (rising edge-triggered flip-flop)
Endpoint: cpu/pcpi_rs1[7]$_DFFE_PP_ (rising edge-triggered flip-flop)
Path Group: unconstrained
Path Type: max
Corner: slow

Fanout     Cap    Slew   Delay    Time   Description
-----------------------------------------------------------------------------
                141.41    0.00    0.00 ^ _8914_/CLK (sky130_fd_sc_hd__dfxtp_1)
   258    1.64   58.39   90.69   90.69 ^ _8914_/Q (sky130_fd_sc_hd__dfxtp_1)
                                         _0005_ (net)
                 58.39    0.04   90.74 ^ _6797_/S0 (sky130_fd_sc_hd__mux4_2)
     1    0.00    0.66   22.11  112.84 ^ _6797_/X (sky130_fd_sc_hd__mux4_2)
                                         _2640_ (net)
                  0.66    0.00  112.84 ^ _6798_/B (sky130_fd_sc_hd__nor2_1)
     1    0.00    0.99    0.32  113.17 v _6798_/Y (sky130_fd_sc_hd__nor2_1)
                                         _2641_ (net)
                  0.99    0.00  113.17 v _6801_/A1 (sky130_fd_sc_hd__o21ai_0)
     1    0.00    0.46    1.09  114.26 ^ _6801_/Y (sky130_fd_sc_hd__o21ai_0)
                                         _2644_ (net)
                  0.46    0.00  114.26 ^ _6802_/A2 (sky130_fd_sc_hd__o21ai_0)
     1    0.00    0.97    0.35  114.61 v _6802_/Y (sky130_fd_sc_hd__o21ai_0)
                                         _2645_ (net)
                  0.97    0.00  114.61 v _6803_/B (sky130_fd_sc_hd__nor2_1)
     1    0.01    0.73    1.17  115.78 ^ _6803_/Y (sky130_fd_sc_hd__nor2_1)
                                         _2646_ (net)
                  0.73    0.00  115.78 ^ _6804_/B1 (sky130_fd_sc_hd__a21oi_1)
     1    0.00    0.39    0.36  116.13 v _6804_/Y (sky130_fd_sc_hd__a21oi_1)
                                         _2647_ (net)
                  0.39    0.00  116.13 v _6805_/B1 (sky130_fd_sc_hd__o32ai_1)
     1    0.00    0.89    0.66  116.79 ^ _6805_/Y (sky130_fd_sc_hd__o32ai_1)
                                         _2648_ (net)
                  0.89    0.00  116.79 ^ _6806_/B (sky130_fd_sc_hd__nor2_1)
     1    0.00    0.14    0.42  117.21 v _6806_/Y (sky130_fd_sc_hd__nor2_1)
                                         _2649_ (net)
                  0.14    0.00  117.21 v _6807_/B1 (sky130_fd_sc_hd__o21ai_0)
     1    0.00    0.43    0.23  117.44 ^ _6807_/Y (sky130_fd_sc_hd__o21ai_0)
                                         _4384_ (net)
                  0.43    0.00  117.44 ^ cpu/pcpi_rs1[7]$_DFFE_PP_/D (sky130_fd_sc_hd__edfxtp_1)
                                117.44   data arrival time
-----------------------------------------------------------------------------
(Path is unconstrained)


Startpoint: _8914_ (rising edge-triggered flip-flop)
Endpoint: cpu/pcpi_rs1[12]$_DFFE_PP_ (rising edge-triggered flip-flop)
Path Group: unconstrained
Path Type: max
Corner: slow

Fanout     Cap    Slew   Delay    Time   Description
-----------------------------------------------------------------------------
                141.41    0.00    0.00 ^ _8914_/CLK (sky130_fd_sc_hd__dfxtp_1)
   258    1.64   58.39   90.69   90.69 ^ _8914_/Q (sky130_fd_sc_hd__dfxtp_1)
                                         _0005_ (net)
                 58.39    0.05   90.75 ^ _5305_/S0 (sky130_fd_sc_hd__mux4_2)
     1    0.00    0.67   22.18  112.92 ^ _5305_/X (sky130_fd_sc_hd__mux4_2)
                                         _1267_ (net)
                  0.67    0.00  112.92 ^ _5306_/A2 (sky130_fd_sc_hd__o21ai_0)
     1    0.00    1.00    0.45  113.37 v _5306_/Y (sky130_fd_sc_hd__o21ai_0)
                                         _1268_ (net)
                  1.00    0.00  113.37 v _5311_/B2 (sky130_fd_sc_hd__o221ai_1)
     1    0.00    0.66    1.23  114.60 ^ _5311_/Y (sky130_fd_sc_hd__o221ai_1)
                                         _1273_ (net)
                  0.66    0.00  114.60 ^ _5312_/C (sky130_fd_sc_hd__nand3_1)
     1    0.02    1.57    0.76  115.36 v _5312_/Y (sky130_fd_sc_hd__nand3_1)
                                         _1274_ (net)
                  1.57    0.00  115.36 v _5315_/A2 (sky130_fd_sc_hd__a21oi_1)
     1    0.00    0.40    1.39  116.75 ^ _5315_/Y (sky130_fd_sc_hd__a21oi_1)
                                         _1277_ (net)
                  0.40    0.00  116.75 ^ _5316_/C (sky130_fd_sc_hd__nor3_1)
     1    0.00    0.12    0.25  117.00 v _5316_/Y (sky130_fd_sc_hd__nor3_1)
                                         _1278_ (net)
                  0.12    0.00  117.00 v _5317_/B1 (sky130_fd_sc_hd__o31ai_1)
     1    0.00    0.70    0.21  117.20 ^ _5317_/Y (sky130_fd_sc_hd__o31ai_1)
                                         _4358_ (net)
                  0.70    0.00  117.20 ^ cpu/pcpi_rs1[12]$_DFFE_PP_/D (sky130_fd_sc_hd__edfxtp_1)
                                117.20   data arrival time
-----------------------------------------------------------------------------
(Path is unconstrained)


Startpoint: _8914_ (rising edge-triggered flip-flop)
Endpoint: cpu/pcpi_rs1[4]$_DFFE_PP_ (rising edge-triggered flip-flop)
Path Group: unconstrained
Path Type: max
Corner: slow

Fanout     Cap    Slew   Delay    Time   Description
-----------------------------------------------------------------------------
                141.41    0.00    0.00 ^ _8914_/CLK (sky130_fd_sc_hd__dfxtp_1)
   258    1.64   58.39   90.69   90.69 ^ _8914_/Q (sky130_fd_sc_hd__dfxtp_1)
                                         _0005_ (net)
                 58.39    0.05   90.74 ^ _6763_/S0 (sky130_fd_sc_hd__mux4_2)
     1    0.00    0.65   22.09  112.83 ^ _6763_/X (sky130_fd_sc_hd__mux4_2)
                                         _2607_ (net)
                  0.65    0.00  112.83 ^ _6764_/B (sky130_fd_sc_hd__nor2_1)
     1    0.00    1.00    0.33  113.15 v _6764_/Y (sky130_fd_sc_hd__nor2_1)
                                         _2608_ (net)
                  1.00    0.00  113.15 v _6767_/A1 (sky130_fd_sc_hd__o21ai_0)
     1    0.00    0.57    1.19  114.34 ^ _6767_/Y (sky130_fd_sc_hd__o21ai_0)
                                         _2611_ (net)
                  0.57    0.00  114.34 ^ _6768_/B (sky130_fd_sc_hd__nor2_1)
     1    0.00    0.09    0.30  114.64 v _6768_/Y (sky130_fd_sc_hd__nor2_1)
                                         _2612_ (net)
                  0.09    0.00  114.64 v _6769_/C (sky130_fd_sc_hd__nor3_1)
     1    0.01    1.80    1.54  116.18 ^ _6769_/Y (sky130_fd_sc_hd__nor3_1)
                                         _2613_ (net)
                  1.80    0.00  116.18 ^ _6775_/A (sky130_fd_sc_hd__nor2_1)
     1    0.00    0.20    0.72  116.90 v _6775_/Y (sky130_fd_sc_hd__nor2_1)
                                         _2619_ (net)
                  0.20    0.00  116.90 v _6776_/B1 (sky130_fd_sc_hd__o21ai_0)
     1    0.00    0.40    0.26  117.16 ^ _6776_/Y (sky130_fd_sc_hd__o21ai_0)
                                         _4381_ (net)
                  0.40    0.00  117.16 ^ cpu/pcpi_rs1[4]$_DFFE_PP_/D (sky130_fd_sc_hd__edfxtp_1)
                                117.16   data arrival time
-----------------------------------------------------------------------------
(Path is unconstrained)


Startpoint: _8914_ (rising edge-triggered flip-flop)
Endpoint: cpu/pcpi_rs1[15]$_DFFE_PP_ (rising edge-triggered flip-flop)
Path Group: unconstrained
Path Type: max
Corner: slow

Fanout     Cap    Slew   Delay    Time   Description
-----------------------------------------------------------------------------
                141.41    0.00    0.00 ^ _8914_/CLK (sky130_fd_sc_hd__dfxtp_1)
   258    1.64   58.39   90.69   90.69 ^ _8914_/Q (sky130_fd_sc_hd__dfxtp_1)
                                         _0005_ (net)
                 58.39    0.05   90.74 ^ _5757_/S0 (sky130_fd_sc_hd__mux4_2)
     1    0.00    0.34   21.13  111.87 v _5757_/X (sky130_fd_sc_hd__mux4_2)
                                         _1646_ (net)
                  0.34    0.00  111.87 v _5761_/A0 (sky130_fd_sc_hd__mux4_2)
     1    0.00    0.27    2.64  114.51 v _5761_/X (sky130_fd_sc_hd__mux4_2)
                                         _1650_ (net)
                  0.27    0.00  114.51 v _5770_/A2 (sky130_fd_sc_hd__o21ai_0)
     1    0.01    1.90    1.75  116.26 ^ _5770_/Y (sky130_fd_sc_hd__o21ai_0)
                                         _1659_ (net)
                  1.90    0.00  116.26 ^ _5777_/B (sky130_fd_sc_hd__nand3_1)
     1    0.00    0.25    0.88  117.14 v _5777_/Y (sky130_fd_sc_hd__nand3_1)
                                         _4361_ (net)
                  0.25    0.00  117.14 v cpu/pcpi_rs1[15]$_DFFE_PP_/D (sky130_fd_sc_hd__edfxtp_1)
                                117.14   data arrival time
-----------------------------------------------------------------------------
(Path is unconstrained)


