max slew

Pin                                    Limit    Slew   Slack
------------------------------------------------------------
cpu/cpuregs[31][25]$_DFFE_PP_/CLK       1.50    1.73   -0.23 (VIOLATED)
cpu/cpuregs[26][25]$_DFFE_PP_/CLK       1.50    1.73   -0.23 (VIOLATED)
cpu/cpuregs[27][25]$_DFFE_PP_/CLK       1.50    1.73   -0.23 (VIOLATED)
cpu/cpuregs[30][25]$_DFFE_PP_/CLK       1.50    1.73   -0.23 (VIOLATED)
cpu/cpuregs[14][25]$_DFFE_PP_/CLK       1.50    1.73   -0.23 (VIOLATED)
cpu/cpuregs[11][25]$_DFFE_PP_/CLK       1.50    1.73   -0.23 (VIOLATED)
cpu/cpuregs[15][25]$_DFFE_PP_/CLK       1.50    1.73   -0.23 (VIOLATED)
cpu/cpuregs[18][25]$_DFFE_PP_/CLK       1.50    1.73   -0.23 (VIOLATED)
cpu/cpuregs[19][25]$_DFFE_PP_/CLK       1.50    1.73   -0.23 (VIOLATED)
cpu/cpuregs[22][25]$_DFFE_PP_/CLK       1.50    1.73   -0.23 (VIOLATED)
cpu/cpuregs[10][25]$_DFFE_PP_/CLK       1.50    1.73   -0.23 (VIOLATED)
cpu/cpuregs[23][25]$_DFFE_PP_/CLK       1.50    1.73   -0.23 (VIOLATED)
cpu/cpuregs[25][25]$_DFFE_PP_/CLK       1.50    1.73   -0.23 (VIOLATED)
cpu/cpuregs[28][25]$_DFFE_PP_/CLK       1.50    1.72   -0.22 (VIOLATED)
cpu/cpuregs[3][25]$_DFFE_PP_/CLK        1.50    1.72   -0.22 (VIOLATED)
cpu/cpuregs[29][25]$_DFFE_PP_/CLK       1.50    1.72   -0.22 (VIOLATED)
cpu/cpuregs[2][25]$_DFFE_PP_/CLK        1.50    1.72   -0.22 (VIOLATED)
cpu/cpuregs[6][25]$_DFFE_PP_/CLK        1.50    1.72   -0.22 (VIOLATED)
cpu/cpuregs[24][25]$_DFFE_PP_/CLK       1.50    1.72   -0.22 (VIOLATED)
cpu/cpuregs[7][25]$_DFFE_PP_/CLK        1.50    1.72   -0.22 (VIOLATED)
cpu/cpuregs[17][25]$_DFFE_PP_/CLK       1.50    1.72   -0.22 (VIOLATED)
cpu/cpuregs[9][25]$_DFFE_PP_/CLK        1.50    1.72   -0.22 (VIOLATED)
cpu/cpuregs[12][25]$_DFFE_PP_/CLK       1.50    1.72   -0.22 (VIOLATED)
cpu/cpuregs[20][25]$_DFFE_PP_/CLK       1.50    1.72   -0.22 (VIOLATED)
cpu/cpuregs[13][25]$_DFFE_PP_/CLK       1.50    1.72   -0.22 (VIOLATED)
cpu/cpuregs[16][25]$_DFFE_PP_/CLK       1.50    1.72   -0.22 (VIOLATED)
cpu/cpuregs[21][25]$_DFFE_PP_/CLK       1.50    1.72   -0.22 (VIOLATED)
cpu/cpuregs[8][25]$_DFFE_PP_/CLK        1.50    1.72   -0.22 (VIOLATED)
cpu/cpuregs[5][25]$_DFFE_PP_/CLK        1.50    1.72   -0.22 (VIOLATED)
cpu/cpuregs[4][25]$_DFFE_PP_/CLK        1.50    1.72   -0.22 (VIOLATED)
cpu/cpuregs[16][31]$_DFFE_PP_/CLK       1.50    1.72   -0.22 (VIOLATED)
cpu/cpuregs[18][31]$_DFFE_PP_/CLK       1.50    1.72   -0.22 (VIOLATED)
cpu/cpuregs[29][12]$_DFFE_PP_/CLK       1.50    1.72   -0.22 (VIOLATED)
cpu/cpuregs[28][12]$_DFFE_PP_/CLK       1.50    1.72   -0.22 (VIOLATED)
cpu/cpuregs[25][12]$_DFFE_PP_/CLK       1.50    1.72   -0.22 (VIOLATED)
cpu/cpuregs[0][25]$_DFFE_PP_/CLK        1.50    1.72   -0.22 (VIOLATED)
cpu/cpuregs[26][12]$_DFFE_PP_/CLK       1.50    1.72   -0.22 (VIOLATED)
cpu/cpuregs[31][12]$_DFFE_PP_/CLK       1.50    1.72   -0.22 (VIOLATED)
cpu/cpuregs[30][12]$_DFFE_PP_/CLK       1.50    1.72   -0.22 (VIOLATED)
cpu/cpuregs[27][12]$_DFFE_PP_/CLK       1.50    1.72   -0.22 (VIOLATED)
cpu/cpuregs[21][12]$_DFFE_PP_/CLK       1.50    1.72   -0.22 (VIOLATED)
cpu/cpuregs[20][12]$_DFFE_PP_/CLK       1.50    1.72   -0.22 (VIOLATED)
cpu/cpuregs[1][25]$_DFFE_PP_/CLK        1.50    1.72   -0.22 (VIOLATED)
cpu/cpuregs[17][12]$_DFFE_PP_/CLK       1.50    1.72   -0.22 (VIOLATED)
cpu/cpuregs[16][12]$_DFFE_PP_/CLK       1.50    1.72   -0.22 (VIOLATED)
cpu/cpuregs[19][12]$_DFFE_PP_/CLK       1.50    1.72   -0.22 (VIOLATED)
cpu/cpuregs[23][12]$_DFFE_PP_/CLK       1.50    1.72   -0.22 (VIOLATED)
cpu/cpuregs[22][12]$_DFFE_PP_/CLK       1.50    1.72   -0.22 (VIOLATED)
cpu/cpuregs[18][12]$_DFFE_PP_/CLK       1.50    1.72   -0.22 (VIOLATED)
cpu/cpuregs[4][12]$_DFFE_PP_/CLK        1.50    1.72   -0.22 (VIOLATED)
cpu/cpuregs[1][12]$_DFFE_PP_/CLK        1.50    1.72   -0.22 (VIOLATED)
cpu/cpuregs[20][17]$_DFFE_PP_/CLK       1.50    1.72   -0.22 (VIOLATED)
cpu/cpuregs[5][12]$_DFFE_PP_/CLK        1.50    1.72   -0.22 (VIOLATED)
cpu/cpuregs[0][12]$_DFFE_PP_/CLK        1.50    1.71   -0.21 (VIOLATED)
cpu/cpuregs[18][17]$_DFFE_PP_/CLK       1.50    1.71   -0.21 (VIOLATED)
cpu/cpuregs[22][17]$_DFFE_PP_/CLK       1.50    1.71   -0.21 (VIOLATED)
cpu/cpuregs[23][17]$_DFFE_PP_/CLK       1.50    1.71   -0.21 (VIOLATED)
cpu/cpuregs[19][17]$_DFFE_PP_/CLK       1.50    1.71   -0.21 (VIOLATED)
cpu/cpuregs[21][17]$_DFFE_PP_/CLK       1.50    1.71   -0.21 (VIOLATED)
cpu/cpuregs[16][17]$_DFFE_PP_/CLK       1.50    1.71   -0.21 (VIOLATED)
cpu/cpuregs[17][17]$_DFFE_PP_/CLK       1.50    1.71   -0.21 (VIOLATED)
cpu/cpuregs[24][17]$_DFFE_PP_/CLK       1.50    1.71   -0.21 (VIOLATED)
cpu/cpuregs[29][17]$_DFFE_PP_/CLK       1.50    1.71   -0.21 (VIOLATED)
cpu/cpuregs[28][17]$_DFFE_PP_/CLK       1.50    1.71   -0.21 (VIOLATED)
cpu/cpuregs[1][17]$_DFFE_PP_/CLK        1.50    1.70   -0.20 (VIOLATED)
cpu/cpuregs[5][17]$_DFFE_PP_/CLK        1.50    1.70   -0.20 (VIOLATED)
cpu/cpuregs[0][17]$_DFFE_PP_/CLK        1.50    1.70   -0.20 (VIOLATED)
cpu/cpuregs[25][17]$_DFFE_PP_/CLK       1.50    1.70   -0.20 (VIOLATED)
cpu/cpuregs[31][17]$_DFFE_PP_/CLK       1.50    1.70   -0.20 (VIOLATED)
cpu/cpuregs[30][17]$_DFFE_PP_/CLK       1.50    1.70   -0.20 (VIOLATED)
place259/A                              1.50    1.70   -0.20 (VIOLATED)
cpu/cpuregs[10][17]$_DFFE_PP_/CLK       1.50    1.70   -0.20 (VIOLATED)
cpu/cpuregs[11][17]$_DFFE_PP_/CLK       1.50    1.70   -0.20 (VIOLATED)
cpu/cpuregs[3][17]$_DFFE_PP_/CLK        1.50    1.69   -0.19 (VIOLATED)
cpu/cpuregs[2][17]$_DFFE_PP_/CLK        1.50    1.69   -0.19 (VIOLATED)
cpu/cpuregs[7][17]$_DFFE_PP_/CLK        1.50    1.69   -0.19 (VIOLATED)
cpu/cpuregs[27][17]$_DFFE_PP_/CLK       1.50    1.69   -0.19 (VIOLATED)
cpu/cpuregs[26][17]$_DFFE_PP_/CLK       1.50    1.69   -0.19 (VIOLATED)
cpu/cpuregs[7][16]$_DFFE_PP_/CLK        1.50    1.68   -0.18 (VIOLATED)
cpu/cpuregs[6][16]$_DFFE_PP_/CLK        1.50    1.68   -0.18 (VIOLATED)
cpu/cpuregs[3][16]$_DFFE_PP_/CLK        1.50    1.68   -0.18 (VIOLATED)
cpu/cpuregs[1][16]$_DFFE_PP_/CLK        1.50    1.68   -0.18 (VIOLATED)
cpu/cpuregs[0][16]$_DFFE_PP_/CLK        1.50    1.68   -0.18 (VIOLATED)
cpu/cpuregs[5][16]$_DFFE_PP_/CLK        1.50    1.68   -0.18 (VIOLATED)
cpu/cpuregs[4][16]$_DFFE_PP_/CLK        1.50    1.68   -0.18 (VIOLATED)
cpu/cpuregs[8][16]$_DFFE_PP_/CLK        1.50    1.68   -0.18 (VIOLATED)
cpu/cpuregs[9][16]$_DFFE_PP_/CLK        1.50    1.68   -0.18 (VIOLATED)
cpu/cpuregs[13][16]$_DFFE_PP_/CLK       1.50    1.68   -0.18 (VIOLATED)
cpu/cpuregs[11][16]$_DFFE_PP_/CLK       1.50    1.68   -0.18 (VIOLATED)
cpu/cpuregs[10][16]$_DFFE_PP_/CLK       1.50    1.68   -0.18 (VIOLATED)
cpu/cpuregs[12][16]$_DFFE_PP_/CLK       1.50    1.68   -0.18 (VIOLATED)
cpu/cpuregs[14][16]$_DFFE_PP_/CLK       1.50    1.68   -0.18 (VIOLATED)
cpu/cpuregs[15][16]$_DFFE_PP_/CLK       1.50    1.68   -0.18 (VIOLATED)
cpu/cpuregs[26][16]$_DFFE_PP_/CLK       1.50    1.68   -0.18 (VIOLATED)
cpu/cpuregs[31][16]$_DFFE_PP_/CLK       1.50    1.68   -0.18 (VIOLATED)
cpu/cpuregs[30][16]$_DFFE_PP_/CLK       1.50    1.68   -0.18 (VIOLATED)
cpu/cpuregs[27][16]$_DFFE_PP_/CLK       1.50    1.68   -0.18 (VIOLATED)
cpu/cpuregs[2][16]$_DFFE_PP_/CLK        1.50    1.67   -0.17 (VIOLATED)
cpu/cpuregs[17][16]$_DFFE_PP_/CLK       1.50    1.67   -0.17 (VIOLATED)
cpu/cpuregs[16][16]$_DFFE_PP_/CLK       1.50    1.67   -0.17 (VIOLATED)
cpu/cpuregs[21][16]$_DFFE_PP_/CLK       1.50    1.67   -0.17 (VIOLATED)
cpu/cpuregs[20][16]$_DFFE_PP_/CLK       1.50    1.67   -0.17 (VIOLATED)
cpu/cpuregs[10][11]$_DFFE_PP_/CLK       1.50    1.67   -0.17 (VIOLATED)
cpu/cpuregs[11][11]$_DFFE_PP_/CLK       1.50    1.67   -0.17 (VIOLATED)
cpu/cpuregs[0][11]$_DFFE_PP_/CLK        1.50    1.67   -0.17 (VIOLATED)
cpu/cpuregs[14][11]$_DFFE_PP_/CLK       1.50    1.67   -0.17 (VIOLATED)
cpu/cpuregs[1][11]$_DFFE_PP_/CLK        1.50    1.67   -0.17 (VIOLATED)
cpu/cpuregs[2][11]$_DFFE_PP_/CLK        1.50    1.67   -0.17 (VIOLATED)
cpu/cpuregs[15][11]$_DFFE_PP_/CLK       1.50    1.67   -0.17 (VIOLATED)
cpu/cpuregs[3][11]$_DFFE_PP_/CLK        1.50    1.67   -0.17 (VIOLATED)
cpu/cpuregs[5][11]$_DFFE_PP_/CLK        1.50    1.67   -0.17 (VIOLATED)
cpu/cpuregs[4][11]$_DFFE_PP_/CLK        1.50    1.67   -0.17 (VIOLATED)
cpu/cpuregs[7][11]$_DFFE_PP_/CLK        1.50    1.67   -0.17 (VIOLATED)
cpu/cpuregs[12][11]$_DFFE_PP_/CLK       1.50    1.67   -0.17 (VIOLATED)
cpu/cpuregs[9][11]$_DFFE_PP_/CLK        1.50    1.67   -0.17 (VIOLATED)
cpu/cpuregs[6][11]$_DFFE_PP_/CLK        1.50    1.67   -0.17 (VIOLATED)
cpu/cpuregs[8][11]$_DFFE_PP_/CLK        1.50    1.67   -0.17 (VIOLATED)
cpu/cpuregs[13][11]$_DFFE_PP_/CLK       1.50    1.67   -0.17 (VIOLATED)
cpu/cpuregs[22][11]$_DFFE_PP_/CLK       1.50    1.67   -0.17 (VIOLATED)
cpu/cpuregs[23][11]$_DFFE_PP_/CLK       1.50    1.67   -0.17 (VIOLATED)
cpu/cpuregs[19][11]$_DFFE_PP_/CLK       1.50    1.67   -0.17 (VIOLATED)
cpu/cpuregs[18][11]$_DFFE_PP_/CLK       1.50    1.67   -0.17 (VIOLATED)
cpu/cpuregs[19][16]$_DFFE_PP_/CLK       1.50    1.67   -0.17 (VIOLATED)
cpu/cpuregs[28][16]$_DFFE_PP_/CLK       1.50    1.67   -0.17 (VIOLATED)
cpu/cpuregs[23][16]$_DFFE_PP_/CLK       1.50    1.67   -0.17 (VIOLATED)
cpu/cpuregs[18][16]$_DFFE_PP_/CLK       1.50    1.67   -0.17 (VIOLATED)
cpu/cpuregs[22][16]$_DFFE_PP_/CLK       1.50    1.67   -0.17 (VIOLATED)
cpu/cpuregs[29][16]$_DFFE_PP_/CLK       1.50    1.67   -0.17 (VIOLATED)
cpu/cpuregs[25][16]$_DFFE_PP_/CLK       1.50    1.67   -0.17 (VIOLATED)
cpu/cpuregs[24][16]$_DFFE_PP_/CLK       1.50    1.66   -0.16 (VIOLATED)
cpu/cpuregs[7][12]$_DFFE_PP_/CLK        1.50    1.65   -0.15 (VIOLATED)
cpu/cpuregs[3][12]$_DFFE_PP_/CLK        1.50    1.65   -0.15 (VIOLATED)
cpu/cpuregs[2][12]$_DFFE_PP_/CLK        1.50    1.64   -0.14 (VIOLATED)
cpu/cpuregs[14][12]$_DFFE_PP_/CLK       1.50    1.64   -0.14 (VIOLATED)
cpu/cpuregs[15][12]$_DFFE_PP_/CLK       1.50    1.64   -0.14 (VIOLATED)
cpu/cpuregs[11][12]$_DFFE_PP_/CLK       1.50    1.64   -0.14 (VIOLATED)
cpu/cpuregs[6][12]$_DFFE_PP_/CLK        1.50    1.64   -0.14 (VIOLATED)
cpu/cpuregs[26][11]$_DFFE_PP_/CLK       1.50    1.63   -0.13 (VIOLATED)
cpu/cpuregs[27][11]$_DFFE_PP_/CLK       1.50    1.63   -0.13 (VIOLATED)
cpu/cpuregs[17][11]$_DFFE_PP_/CLK       1.50    1.63   -0.13 (VIOLATED)
cpu/cpuregs[16][11]$_DFFE_PP_/CLK       1.50    1.63   -0.13 (VIOLATED)
cpu/cpuregs[21][11]$_DFFE_PP_/CLK       1.50    1.63   -0.13 (VIOLATED)
cpu/cpuregs[16][10]$_DFFE_PP_/CLK       1.50    1.63   -0.13 (VIOLATED)
cpu/cpuregs[5][10]$_DFFE_PP_/CLK        1.50    1.63   -0.13 (VIOLATED)
cpu/cpuregs[20][10]$_DFFE_PP_/CLK       1.50    1.63   -0.13 (VIOLATED)
cpu/cpuregs[21][10]$_DFFE_PP_/CLK       1.50    1.63   -0.13 (VIOLATED)
cpu/cpuregs[1][10]$_DFFE_PP_/CLK        1.50    1.63   -0.13 (VIOLATED)
cpu/cpuregs[17][10]$_DFFE_PP_/CLK       1.50    1.63   -0.13 (VIOLATED)
cpu/cpuregs[0][10]$_DFFE_PP_/CLK        1.50    1.63   -0.13 (VIOLATED)
cpu/cpuregs[18][10]$_DFFE_PP_/CLK       1.50    1.63   -0.13 (VIOLATED)
cpu/cpuregs[4][10]$_DFFE_PP_/CLK        1.50    1.63   -0.13 (VIOLATED)
cpu/cpuregs[19][10]$_DFFE_PP_/CLK       1.50    1.63   -0.13 (VIOLATED)
cpu/cpuregs[23][10]$_DFFE_PP_/CLK       1.50    1.63   -0.13 (VIOLATED)
cpu/cpuregs[22][10]$_DFFE_PP_/CLK       1.50    1.63   -0.13 (VIOLATED)
cpu/cpuregs[24][10]$_DFFE_PP_/CLK       1.50    1.63   -0.13 (VIOLATED)
cpu/cpuregs[28][10]$_DFFE_PP_/CLK       1.50    1.63   -0.13 (VIOLATED)
cpu/cpuregs[25][10]$_DFFE_PP_/CLK       1.50    1.63   -0.13 (VIOLATED)
cpu/cpuregs[26][10]$_DFFE_PP_/CLK       1.50    1.63   -0.13 (VIOLATED)
cpu/cpuregs[29][10]$_DFFE_PP_/CLK       1.50    1.63   -0.13 (VIOLATED)
cpu/cpuregs[13][10]$_DFFE_PP_/CLK       1.50    1.63   -0.13 (VIOLATED)
cpu/cpuregs[12][10]$_DFFE_PP_/CLK       1.50    1.63   -0.13 (VIOLATED)
cpu/cpuregs[9][10]$_DFFE_PP_/CLK        1.50    1.63   -0.13 (VIOLATED)
cpu/cpuregs[27][10]$_DFFE_PP_/CLK       1.50    1.63   -0.13 (VIOLATED)
cpu/cpuregs[30][10]$_DFFE_PP_/CLK       1.50    1.63   -0.13 (VIOLATED)
cpu/cpuregs[20][11]$_DFFE_PP_/CLK       1.50    1.63   -0.13 (VIOLATED)
cpu/cpuregs[31][10]$_DFFE_PP_/CLK       1.50    1.63   -0.13 (VIOLATED)
cpu/cpuregs[15][10]$_DFFE_PP_/CLK       1.50    1.63   -0.13 (VIOLATED)
cpu/cpuregs[14][10]$_DFFE_PP_/CLK       1.50    1.62   -0.12 (VIOLATED)
cpu/cpuregs[6][10]$_DFFE_PP_/CLK        1.50    1.62   -0.12 (VIOLATED)
cpu/cpuregs[7][10]$_DFFE_PP_/CLK        1.50    1.62   -0.12 (VIOLATED)
cpu/cpuregs[2][10]$_DFFE_PP_/CLK        1.50    1.62   -0.12 (VIOLATED)
cpu/cpuregs[3][10]$_DFFE_PP_/CLK        1.50    1.62   -0.12 (VIOLATED)
cpu/cpuregs[8][10]$_DFFE_PP_/CLK        1.50    1.62   -0.12 (VIOLATED)
cpu/cpuregs[10][10]$_DFFE_PP_/CLK       1.50    1.62   -0.12 (VIOLATED)
cpu/cpuregs[11][10]$_DFFE_PP_/CLK       1.50    1.62   -0.12 (VIOLATED)
cpu/cpuregs[29][11]$_DFFE_PP_/CLK       1.50    1.62   -0.12 (VIOLATED)
cpu/cpuregs[10][12]$_DFFE_PP_/CLK       1.50    1.62   -0.12 (VIOLATED)
cpu/cpuregs[28][11]$_DFFE_PP_/CLK       1.50    1.62   -0.12 (VIOLATED)
cpu/cpuregs[25][11]$_DFFE_PP_/CLK       1.50    1.62   -0.12 (VIOLATED)
cpu/cpuregs[24][11]$_DFFE_PP_/CLK       1.50    1.62   -0.12 (VIOLATED)
cpu/cpuregs[31][11]$_DFFE_PP_/CLK       1.50    1.62   -0.12 (VIOLATED)
cpu/cpuregs[30][11]$_DFFE_PP_/CLK       1.50    1.62   -0.12 (VIOLATED)
cpu/cpuregs[8][12]$_DFFE_PP_/CLK        1.50    1.61   -0.11 (VIOLATED)
cpu/cpuregs[12][12]$_DFFE_PP_/CLK       1.50    1.60   -0.10 (VIOLATED)
cpu/cpuregs[13][12]$_DFFE_PP_/CLK       1.50    1.59   -0.09 (VIOLATED)
cpu/cpuregs[9][12]$_DFFE_PP_/CLK        1.50    1.59   -0.09 (VIOLATED)
cpu/cpuregs[3][14]$_DFFE_PP_/CLK        1.50    1.58   -0.08 (VIOLATED)
cpu/cpuregs[2][14]$_DFFE_PP_/CLK        1.50    1.58   -0.08 (VIOLATED)
cpu/cpuregs[6][14]$_DFFE_PP_/CLK        1.50    1.58   -0.08 (VIOLATED)
cpu/cpuregs[7][14]$_DFFE_PP_/CLK        1.50    1.58   -0.08 (VIOLATED)
cpu/reg_next_pc[13]$_SDFFE_PN0P_/CLK    1.50    1.58   -0.08 (VIOLATED)
cpu/reg_pc[13]$_SDFFE_PN0P_/CLK         1.50    1.58   -0.08 (VIOLATED)
cpu/reg_next_pc[12]$_SDFFE_PN0P_/CLK    1.50    1.58   -0.08 (VIOLATED)
cpu/reg_pc[14]$_SDFFE_PN0P_/CLK         1.50    1.58   -0.08 (VIOLATED)
cpu/cpuregs[4][14]$_DFFE_PP_/CLK        1.50    1.58   -0.08 (VIOLATED)
cpu/reg_next_pc[16]$_SDFFE_PN0P_/CLK    1.50    1.58   -0.08 (VIOLATED)
cpu/reg_next_pc[14]$_SDFFE_PN0P_/CLK    1.50    1.58   -0.08 (VIOLATED)
cpu/reg_next_pc[15]$_SDFFE_PN0P_/CLK    1.50    1.58   -0.08 (VIOLATED)
cpu/reg_pc[15]$_SDFFE_PN0P_/CLK         1.50    1.58   -0.08 (VIOLATED)
cpu/cpuregs[0][14]$_DFFE_PP_/CLK        1.50    1.58   -0.08 (VIOLATED)
cpu/cpuregs[1][14]$_DFFE_PP_/CLK        1.50    1.58   -0.08 (VIOLATED)
cpu/cpuregs[5][14]$_DFFE_PP_/CLK        1.50    1.58   -0.08 (VIOLATED)
cpu/alu_out_q[14]$_DFF_P_/CLK           1.50    1.58   -0.08 (VIOLATED)
cpu/alu_out_q[15]$_DFF_P_/CLK           1.50    1.58   -0.08 (VIOLATED)
cpu/cpuregs[8][14]$_DFFE_PP_/CLK        1.50    1.58   -0.08 (VIOLATED)
cpu/cpuregs[13][14]$_DFFE_PP_/CLK       1.50    1.58   -0.08 (VIOLATED)
cpu/cpuregs[12][14]$_DFFE_PP_/CLK       1.50    1.58   -0.08 (VIOLATED)
cpu/cpuregs[9][14]$_DFFE_PP_/CLK        1.50    1.58   -0.08 (VIOLATED)
cpu/cpuregs[10][14]$_DFFE_PP_/CLK       1.50    1.58   -0.08 (VIOLATED)
cpu/reg_out[14]$_DFF_P_/CLK             1.50    1.58   -0.08 (VIOLATED)
cpu/reg_out[15]$_DFF_P_/CLK             1.50    1.58   -0.08 (VIOLATED)
cpu/reg_pc[12]$_SDFFE_PN0P_/CLK         1.50    1.58   -0.08 (VIOLATED)
cpu/alu_out_q[12]$_DFF_P_/CLK           1.50    1.58   -0.08 (VIOLATED)
cpu/reg_out[12]$_DFF_P_/CLK             1.50    1.58   -0.08 (VIOLATED)
cpu/reg_out[13]$_DFF_P_/CLK             1.50    1.58   -0.08 (VIOLATED)
cpu/alu_out_q[13]$_DFF_P_/CLK           1.50    1.57   -0.07 (VIOLATED)
cpu/cpuregs[11][14]$_DFFE_PP_/CLK       1.50    1.57   -0.07 (VIOLATED)
cpu/reg_next_pc[11]$_SDFFE_PN0P_/CLK    1.50    1.57   -0.07 (VIOLATED)
cpu/decoded_imm_j[10]$_DFFE_PP_/CLK     1.50    1.57   -0.07 (VIOLATED)
cpu/reg_next_pc[10]$_SDFFE_PN0P_/CLK    1.50    1.57   -0.07 (VIOLATED)
mem_wdata[13]$_DFFE_PP_/CLK             1.50    1.57   -0.07 (VIOLATED)
mem_wdata[29]$_DFFE_PP_/CLK             1.50    1.57   -0.07 (VIOLATED)
mem_addr[30]$_DFFE_PP_/CLK              1.50    1.57   -0.07 (VIOLATED)
mem_addr[14]$_DFFE_PP_/CLK              1.50    1.57   -0.07 (VIOLATED)
mem_addr[13]$_DFFE_PP_/CLK              1.50    1.57   -0.07 (VIOLATED)
mem_addr[15]$_DFFE_PP_/CLK              1.50    1.57   -0.07 (VIOLATED)
mem_wdata[18]$_DFFE_PP_/CLK             1.50    1.57   -0.07 (VIOLATED)
mem_wdata[19]$_DFFE_PP_/CLK             1.50    1.57   -0.07 (VIOLATED)
mem_wdata[28]$_DFFE_PP_/CLK             1.50    1.57   -0.07 (VIOLATED)
mem_wdata[22]$_DFFE_PP_/CLK             1.50    1.57   -0.07 (VIOLATED)
cpu/cpuregs[15][14]$_DFFE_PP_/CLK       1.50    1.57   -0.07 (VIOLATED)
mem_wdata[26]$_DFFE_PP_/CLK             1.50    1.57   -0.07 (VIOLATED)
mem_wdata[23]$_DFFE_PP_/CLK             1.50    1.57   -0.07 (VIOLATED)
mem_wdata[7]$_DFFE_PP_/CLK              1.50    1.57   -0.07 (VIOLATED)
mem_wdata[27]$_DFFE_PP_/CLK             1.50    1.57   -0.07 (VIOLATED)
mem_wdata[31]$_DFFE_PP_/CLK             1.50    1.57   -0.07 (VIOLATED)
mem_wdata[24]$_DFFE_PP_/CLK             1.50    1.57   -0.07 (VIOLATED)
mem_wdata[21]$_DFFE_PP_/CLK             1.50    1.57   -0.07 (VIOLATED)
mem_wdata[15]$_DFFE_PP_/CLK             1.50    1.57   -0.07 (VIOLATED)
mem_wdata[20]$_DFFE_PP_/CLK             1.50    1.57   -0.07 (VIOLATED)
mem_wdata[3]$_DFFE_PP_/CLK              1.50    1.57   -0.07 (VIOLATED)
mem_wdata[12]$_DFFE_PP_/CLK             1.50    1.57   -0.07 (VIOLATED)
mem_addr[11]$_DFFE_PP_/CLK              1.50    1.57   -0.07 (VIOLATED)
mem_wdata[4]$_DFFE_PP_/CLK              1.50    1.57   -0.07 (VIOLATED)
mem_wdata[11]$_DFFE_PP_/CLK             1.50    1.57   -0.07 (VIOLATED)
mem_wdata[10]$_DFFE_PP_/CLK             1.50    1.56   -0.06 (VIOLATED)
mem_wdata[2]$_DFFE_PP_/CLK              1.50    1.56   -0.06 (VIOLATED)
cpu/count_cycle[44]$_SDFF_PN0_/CLK      1.50    1.56   -0.06 (VIOLATED)
cpu/count_instr[13]$_SDFFE_PN0P_/CLK    1.50    1.56   -0.06 (VIOLATED)
cpu/count_instr[12]$_SDFFE_PN0P_/CLK    1.50    1.56   -0.06 (VIOLATED)
mem_wdata[14]$_DFFE_PP_/CLK             1.50    1.56   -0.06 (VIOLATED)
cpu/count_instr[11]$_SDFFE_PN0P_/CLK    1.50    1.56   -0.06 (VIOLATED)
cpu/count_instr[42]$_SDFFE_PN0P_/CLK    1.50    1.56   -0.06 (VIOLATED)
cpu/count_instr[43]$_SDFFE_PN0P_/CLK    1.50    1.56   -0.06 (VIOLATED)
mem_wdata[30]$_DFFE_PP_/CLK             1.50    1.56   -0.06 (VIOLATED)
cpu/count_instr[41]$_SDFFE_PN0P_/CLK    1.50    1.56   -0.06 (VIOLATED)
cpu/count_cycle[42]$_SDFF_PN0_/CLK      1.50    1.56   -0.06 (VIOLATED)
cpu/count_instr[9]$_SDFFE_PN0P_/CLK     1.50    1.56   -0.06 (VIOLATED)
cpu/count_instr[8]$_SDFFE_PN0P_/CLK     1.50    1.56   -0.06 (VIOLATED)
cpu/count_cycle[41]$_SDFF_PN0_/CLK      1.50    1.56   -0.06 (VIOLATED)
mem_wdata[17]$_DFFE_PP_/CLK             1.50    1.56   -0.06 (VIOLATED)
cpu/count_cycle[40]$_SDFF_PN0_/CLK      1.50    1.56   -0.06 (VIOLATED)
cpu/count_cycle[9]$_SDFF_PN0_/CLK       1.50    1.56   -0.06 (VIOLATED)
cpu/count_instr[10]$_SDFFE_PN0P_/CLK    1.50    1.56   -0.06 (VIOLATED)
cpu/count_instr[40]$_SDFFE_PN0P_/CLK    1.50    1.56   -0.06 (VIOLATED)
cpu/count_instr[39]$_SDFFE_PN0P_/CLK    1.50    1.56   -0.06 (VIOLATED)
mem_addr[10]$_DFFE_PP_/CLK              1.50    1.56   -0.06 (VIOLATED)
cpu/count_instr[38]$_SDFFE_PN0P_/CLK    1.50    1.56   -0.06 (VIOLATED)
mem_wdata[6]$_DFFE_PP_/CLK              1.50    1.56   -0.06 (VIOLATED)
cpu/count_cycle[8]$_SDFF_PN0_/CLK       1.50    1.56   -0.06 (VIOLATED)
mem_wdata[25]$_DFFE_PP_/CLK             1.50    1.56   -0.06 (VIOLATED)
cpu/count_cycle[7]$_SDFF_PN0_/CLK       1.50    1.56   -0.06 (VIOLATED)
mem_wdata[5]$_DFFE_PP_/CLK              1.50    1.56   -0.06 (VIOLATED)
mem_wdata[16]$_DFFE_PP_/CLK             1.50    1.56   -0.06 (VIOLATED)
cpu/count_cycle[6]$_SDFF_PN0_/CLK       1.50    1.56   -0.06 (VIOLATED)
mem_addr[9]$_DFFE_PP_/CLK               1.50    1.56   -0.06 (VIOLATED)
mem_wdata[0]$_DFFE_PP_/CLK              1.50    1.56   -0.06 (VIOLATED)
cpu/count_instr[6]$_SDFFE_PN0P_/CLK     1.50    1.56   -0.06 (VIOLATED)
cpu/count_cycle[37]$_SDFF_PN0_/CLK      1.50    1.56   -0.06 (VIOLATED)
cpu/count_cycle[39]$_SDFF_PN0_/CLK      1.50    1.56   -0.06 (VIOLATED)
cpu/count_cycle[38]$_SDFF_PN0_/CLK      1.50    1.56   -0.06 (VIOLATED)
cpu/count_instr[7]$_SDFFE_PN0P_/CLK     1.50    1.56   -0.06 (VIOLATED)
mem_wdata[8]$_DFFE_PP_/CLK              1.50    1.56   -0.06 (VIOLATED)
cpu/count_instr[5]$_SDFFE_PN0P_/CLK     1.50    1.56   -0.06 (VIOLATED)
mem_addr[8]$_DFFE_PP_/CLK               1.50    1.56   -0.06 (VIOLATED)
mem_wdata[1]$_DFFE_PP_/CLK              1.50    1.56   -0.06 (VIOLATED)
cpu/count_cycle[5]$_SDFF_PN0_/CLK       1.50    1.56   -0.06 (VIOLATED)
cpu/count_instr[37]$_SDFFE_PN0P_/CLK    1.50    1.56   -0.06 (VIOLATED)
cpu/count_instr[4]$_SDFFE_PN0P_/CLK     1.50    1.56   -0.06 (VIOLATED)
mem_wdata[9]$_DFFE_PP_/CLK              1.50    1.56   -0.06 (VIOLATED)
cpu/mem_do_rinst$_SDFFE_PP1P_/CLK       1.50    1.56   -0.06 (VIOLATED)
cpu/cpu_state[1]$_DFF_P_/CLK            1.50    1.56   -0.06 (VIOLATED)
cpu/mem_do_wdata$_SDFFE_PP1P_/CLK       1.50    1.56   -0.06 (VIOLATED)
cpu/mem_do_rdata$_SDFFE_PP1P_/CLK       1.50    1.56   -0.06 (VIOLATED)
mem_addr[7]$_DFFE_PP_/CLK               1.50    1.56   -0.06 (VIOLATED)
cpu/count_instr[2]$_SDFFE_PN0P_/CLK     1.50    1.56   -0.06 (VIOLATED)
cpu/count_cycle[27]$_SDFF_PN0_/CLK      1.50    1.56   -0.06 (VIOLATED)
cpu/count_cycle[26]$_SDFF_PN0_/CLK      1.50    1.56   -0.06 (VIOLATED)
cpu/count_cycle[25]$_SDFF_PN0_/CLK      1.50    1.55   -0.05 (VIOLATED)
cpu/count_instr[3]$_SDFFE_PN0P_/CLK     1.50    1.55   -0.05 (VIOLATED)
cpu/count_cycle[24]$_SDFF_PN0_/CLK      1.50    1.55   -0.05 (VIOLATED)
cpu/count_cycle[23]$_SDFF_PN0_/CLK      1.50    1.55   -0.05 (VIOLATED)
cpu/count_instr[33]$_SDFFE_PN0P_/CLK    1.50    1.55   -0.05 (VIOLATED)
cpu/count_cycle[22]$_SDFF_PN0_/CLK      1.50    1.55   -0.05 (VIOLATED)
cpu/count_instr[22]$_SDFFE_PN0P_/CLK    1.50    1.55   -0.05 (VIOLATED)
cpu/count_instr[21]$_SDFFE_PN0P_/CLK    1.50    1.55   -0.05 (VIOLATED)
cpu/count_instr[20]$_SDFFE_PN0P_/CLK    1.50    1.55   -0.05 (VIOLATED)
cpu/count_cycle[20]$_SDFF_PN0_/CLK      1.50    1.55   -0.05 (VIOLATED)
cpu/count_cycle[21]$_SDFF_PN0_/CLK      1.50    1.55   -0.05 (VIOLATED)
cpu/count_cycle[19]$_SDFF_PN0_/CLK      1.50    1.55   -0.05 (VIOLATED)
cpu/mem_rdata_q[13]$_DFFE_PP_/CLK       1.50    1.55   -0.05 (VIOLATED)
cpu/count_cycle[0]$_SDFF_PN0_/CLK       1.50    1.55   -0.05 (VIOLATED)
cpu/count_cycle[1]$_SDFF_PN0_/CLK       1.50    1.55   -0.05 (VIOLATED)
cpu/count_instr[35]$_SDFFE_PN0P_/CLK    1.50    1.55   -0.05 (VIOLATED)
cpu/count_instr[34]$_SDFFE_PN0P_/CLK    1.50    1.55   -0.05 (VIOLATED)
cpu/count_cycle[36]$_SDFF_PN0_/CLK      1.50    1.55   -0.05 (VIOLATED)
cpu/count_cycle[35]$_SDFF_PN0_/CLK      1.50    1.55   -0.05 (VIOLATED)
cpu/cpuregs[14][14]$_DFFE_PP_/CLK       1.50    1.55   -0.05 (VIOLATED)
cpu/count_cycle[34]$_SDFF_PN0_/CLK      1.50    1.55   -0.05 (VIOLATED)
cpu/reg_next_pc[9]$_SDFFE_PN0P_/CLK     1.50    1.55   -0.05 (VIOLATED)
cpu/decoded_imm_j[12]$_DFFE_PP_/CLK     1.50    1.55   -0.05 (VIOLATED)
cpu/mem_rdata_q[12]$_DFFE_PP_/CLK       1.50    1.55   -0.05 (VIOLATED)
cpu/count_cycle[2]$_SDFF_PN0_/CLK       1.50    1.55   -0.05 (VIOLATED)
cpu/decoded_imm_j[14]$_DFFE_PP_/CLK     1.50    1.55   -0.05 (VIOLATED)
cpu/decoded_imm_j[13]$_DFFE_PP_/CLK     1.50    1.55   -0.05 (VIOLATED)
cpu/count_cycle[12]$_SDFF_PN0_/CLK      1.50    1.55   -0.05 (VIOLATED)
cpu/count_cycle[10]$_SDFF_PN0_/CLK      1.50    1.55   -0.05 (VIOLATED)
cpu/count_cycle[13]$_SDFF_PN0_/CLK      1.50    1.55   -0.05 (VIOLATED)
cpu/count_cycle[11]$_SDFF_PN0_/CLK      1.50    1.55   -0.05 (VIOLATED)
cpu/count_cycle[14]$_SDFF_PN0_/CLK      1.50    1.55   -0.05 (VIOLATED)
cpu/count_cycle[15]$_SDFF_PN0_/CLK      1.50    1.55   -0.05 (VIOLATED)
cpu/count_cycle[4]$_SDFF_PN0_/CLK       1.50    1.55   -0.05 (VIOLATED)
cpu/count_instr[36]$_SDFFE_PN0P_/CLK    1.50    1.55   -0.05 (VIOLATED)
cpu/count_cycle[3]$_SDFF_PN0_/CLK       1.50    1.55   -0.05 (VIOLATED)
cpu/mem_rdata_q[14]$_DFFE_PP_/CLK       1.50    1.55   -0.05 (VIOLATED)
cpu/mem_rdata_q[3]$_DFFE_PP_/CLK        1.50    1.55   -0.05 (VIOLATED)
cpu/instr_jal$_DFFE_PP_/CLK             1.50    1.55   -0.05 (VIOLATED)
cpu/cpuregs[27][24]$_DFFE_PP_/CLK       1.50    1.55   -0.05 (VIOLATED)
cpu/cpuregs[26][24]$_DFFE_PP_/CLK       1.50    1.55   -0.05 (VIOLATED)
cpu/cpuregs[24][12]$_DFFE_PP_/CLK       1.50    1.55   -0.05 (VIOLATED)
cpu/cpuregs[24][14]$_DFFE_PP_/CLK       1.50    1.55   -0.05 (VIOLATED)
cpu/count_cycle[17]$_SDFF_PN0_/CLK      1.50    1.55   -0.05 (VIOLATED)
cpu/mem_rdata_q[4]$_DFFE_PP_/CLK        1.50    1.55   -0.05 (VIOLATED)
cpu/cpuregs[25][14]$_DFFE_PP_/CLK       1.50    1.54   -0.04 (VIOLATED)
mem_addr[6]$_DFFE_PP_/CLK               1.50    1.54   -0.04 (VIOLATED)
cpu/count_cycle[18]$_SDFF_PN0_/CLK      1.50    1.54   -0.04 (VIOLATED)
cpu/mem_rdata_q[5]$_DFFE_PP_/CLK        1.50    1.54   -0.04 (VIOLATED)
mem_addr[5]$_DFFE_PP_/CLK               1.50    1.54   -0.04 (VIOLATED)
cpu/count_cycle[16]$_SDFF_PN0_/CLK      1.50    1.54   -0.04 (VIOLATED)
cpu/reg_pc[4]$_SDFFE_PN0P_/CLK          1.50    1.54   -0.04 (VIOLATED)
cpu/decoded_imm[0]$_DFFE_PP_/CLK        1.50    1.54   -0.04 (VIOLATED)
cpu/reg_out[4]$_DFF_P_/CLK              1.50    1.54   -0.04 (VIOLATED)
cpu/count_instr[45]$_SDFFE_PN0P_/CLK    1.50    1.54   -0.04 (VIOLATED)
cpu/count_instr[44]$_SDFFE_PN0P_/CLK    1.50    1.54   -0.04 (VIOLATED)
cpu/count_cycle[43]$_SDFF_PN0_/CLK      1.50    1.54   -0.04 (VIOLATED)
cpu/cpuregs[28][14]$_DFFE_PP_/CLK       1.50    1.54   -0.04 (VIOLATED)
cpu/count_cycle[45]$_SDFF_PN0_/CLK      1.50    1.54   -0.04 (VIOLATED)
cpu/reg_next_pc[5]$_SDFFE_PN0P_/CLK     1.50    1.54   -0.04 (VIOLATED)
cpu/count_instr[46]$_SDFFE_PN0P_/CLK    1.50    1.54   -0.04 (VIOLATED)
cpu/reg_pc[5]$_SDFFE_PN0P_/CLK          1.50    1.54   -0.04 (VIOLATED)
cpu/count_cycle[46]$_SDFF_PN0_/CLK      1.50    1.54   -0.04 (VIOLATED)
cpu/count_instr[47]$_SDFFE_PN0P_/CLK    1.50    1.54   -0.04 (VIOLATED)
cpu/count_cycle[47]$_SDFF_PN0_/CLK      1.50    1.54   -0.04 (VIOLATED)
cpu/alu_out_q[4]$_DFF_P_/CLK            1.50    1.54   -0.04 (VIOLATED)
cpu/decoded_imm_j[2]$_DFFE_PP_/CLK      1.50    1.54   -0.04 (VIOLATED)
cpu/count_instr[14]$_SDFFE_PN0P_/CLK    1.50    1.54   -0.04 (VIOLATED)
cpu/count_instr[15]$_SDFFE_PN0P_/CLK    1.50    1.54   -0.04 (VIOLATED)
cpu/count_instr[16]$_SDFFE_PN0P_/CLK    1.50    1.54   -0.04 (VIOLATED)
cpu/reg_pc[6]$_SDFFE_PN0P_/CLK          1.50    1.53   -0.03 (VIOLATED)
cpu/decoded_imm[5]$_SDFFCE_PN0P_/CLK    1.50    1.53   -0.03 (VIOLATED)
cpu/alu_out_q[5]$_DFF_P_/CLK            1.50    1.53   -0.03 (VIOLATED)
cpu/decoded_imm_j[5]$_DFFE_PP_/CLK      1.50    1.53   -0.03 (VIOLATED)
cpu/alu_out_q[6]$_DFF_P_/CLK            1.50    1.53   -0.03 (VIOLATED)
cpu/mem_rdata_q[6]$_DFFE_PP_/CLK        1.50    1.53   -0.03 (VIOLATED)
cpu/reg_next_pc[8]$_SDFFE_PN0P_/CLK     1.50    1.53   -0.03 (VIOLATED)
cpu/decoded_imm[6]$_SDFFCE_PN0P_/CLK    1.50    1.53   -0.03 (VIOLATED)
cpu/reg_next_pc[6]$_SDFFE_PN0P_/CLK     1.50    1.53   -0.03 (VIOLATED)
cpu/count_instr[19]$_SDFFE_PN0P_/CLK    1.50    1.53   -0.03 (VIOLATED)
cpu/count_instr[18]$_SDFFE_PN0P_/CLK    1.50    1.53   -0.03 (VIOLATED)
cpu/reg_out[7]$_DFF_P_/CLK              1.50    1.53   -0.03 (VIOLATED)
cpu/alu_out_q[7]$_DFF_P_/CLK            1.50    1.53   -0.03 (VIOLATED)
mem_addr[4]$_DFFE_PP_/CLK               1.50    1.53   -0.03 (VIOLATED)
_8917_/CLK                              1.50    1.53   -0.03 (VIOLATED)
_8918_/CLK                              1.50    1.53   -0.03 (VIOLATED)
_8916_/CLK                              1.50    1.53   -0.03 (VIOLATED)
_8915_/CLK                              1.50    1.53   -0.03 (VIOLATED)
cpu/reg_next_pc[7]$_SDFFE_PN0P_/CLK     1.50    1.53   -0.03 (VIOLATED)
cpu/pcpi_rs1[31]$_DFFE_PP_/CLK          1.50    1.53   -0.03 (VIOLATED)
cpu/alu_out_q[30]$_DFF_P_/CLK           1.50    1.53   -0.03 (VIOLATED)
cpu/reg_next_pc[30]$_SDFFE_PN0P_/CLK    1.50    1.53   -0.03 (VIOLATED)
cpu/reg_pc[7]$_SDFFE_PN0P_/CLK          1.50    1.53   -0.03 (VIOLATED)
cpu/reg_out[30]$_DFF_P_/CLK             1.50    1.53   -0.03 (VIOLATED)
_8909_/CLK                              1.50    1.53   -0.03 (VIOLATED)
cpu/decoded_imm_j[11]$_DFFE_PP_/CLK     1.50    1.53   -0.03 (VIOLATED)
cpu/decoded_imm[28]$_SDFFCE_PN0P_/CLK    1.50    1.53   -0.03 (VIOLATED)
cpu/decoded_imm[23]$_SDFFCE_PN0P_/CLK    1.50    1.53   -0.03 (VIOLATED)
cpu/decoded_imm[25]$_SDFFCE_PN0P_/CLK    1.50    1.53   -0.03 (VIOLATED)
cpu/decoded_imm[24]$_SDFFCE_PN0P_/CLK    1.50    1.53   -0.03 (VIOLATED)
cpu/decoded_imm[27]$_SDFFCE_PN0P_/CLK    1.50    1.53   -0.03 (VIOLATED)
cpu/decoded_imm[16]$_SDFFCE_PN0P_/CLK    1.50    1.53   -0.03 (VIOLATED)
cpu/decoded_imm[18]$_SDFFCE_PN0P_/CLK    1.50    1.53   -0.03 (VIOLATED)
cpu/decoded_imm[19]$_SDFFCE_PN0P_/CLK    1.50    1.53   -0.03 (VIOLATED)
cpu/decoded_imm[17]$_SDFFCE_PN0P_/CLK    1.50    1.53   -0.03 (VIOLATED)
cpu/decoded_imm_j[16]$_DFFE_PP_/CLK     1.50    1.53   -0.03 (VIOLATED)
cpu/decoded_imm[7]$_SDFFCE_PN0P_/CLK    1.50    1.53   -0.03 (VIOLATED)
cpu/decoded_imm_j[19]$_DFFE_PP_/CLK     1.50    1.53   -0.03 (VIOLATED)
cpu/decoded_imm[29]$_SDFFCE_PN0P_/CLK    1.50    1.53   -0.03 (VIOLATED)
cpu/decoded_imm_j[17]$_DFFE_PP_/CLK     1.50    1.53   -0.03 (VIOLATED)
cpu/cpuregs[29][14]$_DFFE_PP_/CLK       1.50    1.53   -0.03 (VIOLATED)
cpu/decoded_imm[30]$_SDFFCE_PN0P_/CLK    1.50    1.53   -0.03 (VIOLATED)
cpu/count_instr[17]$_SDFFE_PN0P_/CLK    1.50    1.53   -0.03 (VIOLATED)
cpu/decoded_imm_j[18]$_DFFE_PP_/CLK     1.50    1.53   -0.03 (VIOLATED)
cpu/mem_rdata_q[17]$_DFFE_PP_/CLK       1.50    1.53   -0.03 (VIOLATED)
cpu/decoded_imm_j[20]$_DFFE_PP_/CLK     1.50    1.53   -0.03 (VIOLATED)
cpu/decoded_imm[26]$_SDFFCE_PN0P_/CLK    1.50    1.53   -0.03 (VIOLATED)
cpu/mem_rdata_q[19]$_DFFE_PP_/CLK       1.50    1.53   -0.03 (VIOLATED)
cpu/decoded_imm_j[7]$_DFFE_PP_/CLK      1.50    1.53   -0.03 (VIOLATED)
cpu/mem_rdata_q[24]$_DFFE_PP_/CLK       1.50    1.53   -0.03 (VIOLATED)
cpu/mem_rdata_q[18]$_DFFE_PP_/CLK       1.50    1.53   -0.03 (VIOLATED)
mem_addr[2]$_DFFE_PP_/CLK               1.50    1.53   -0.03 (VIOLATED)
cpu/mem_rdata_q[28]$_DFFE_PP_/CLK       1.50    1.53   -0.03 (VIOLATED)
cpu/decoded_imm_j[6]$_DFFE_PP_/CLK      1.50    1.53   -0.03 (VIOLATED)
cpu/mem_rdata_q[27]$_DFFE_PP_/CLK       1.50    1.53   -0.03 (VIOLATED)
cpu/decoded_imm[22]$_SDFFCE_PN0P_/CLK    1.50    1.52   -0.02 (VIOLATED)
cpu/decoded_imm[20]$_SDFFCE_PN0P_/CLK    1.50    1.52   -0.02 (VIOLATED)
cpu/mem_rdata_q[26]$_DFFE_PP_/CLK       1.50    1.52   -0.02 (VIOLATED)
cpu/reg_out[11]$_DFF_P_/CLK             1.50    1.52   -0.02 (VIOLATED)
cpu/alu_out_q[11]$_DFF_P_/CLK           1.50    1.52   -0.02 (VIOLATED)
cpu/decoded_imm[15]$_SDFFCE_PN0P_/CLK    1.50    1.52   -0.02 (VIOLATED)
cpu/reg_pc[11]$_SDFFE_PN0P_/CLK         1.50    1.52   -0.02 (VIOLATED)
cpu/mem_rdata_q[31]$_DFFE_PP_/CLK       1.50    1.52   -0.02 (VIOLATED)
cpu/decoded_imm[12]$_SDFFCE_PN0P_/CLK    1.50    1.52   -0.02 (VIOLATED)
cpu/count_instr[49]$_SDFFE_PN0P_/CLK    1.50    1.52   -0.02 (VIOLATED)
cpu/count_instr[48]$_SDFFE_PN0P_/CLK    1.50    1.52   -0.02 (VIOLATED)
cpu/mem_rdata_q[20]$_DFFE_PP_/CLK       1.50    1.52   -0.02 (VIOLATED)
cpu/mem_rdata_q[25]$_DFFE_PP_/CLK       1.50    1.52   -0.02 (VIOLATED)
cpu/count_cycle[49]$_SDFF_PN0_/CLK      1.50    1.52   -0.02 (VIOLATED)
cpu/decoded_imm[21]$_SDFFCE_PN0P_/CLK    1.50    1.52   -0.02 (VIOLATED)
cpu/instr_andi$_SDFFE_PN0P_/CLK         1.50    1.52   -0.02 (VIOLATED)
cpu/instr_and$_SDFFE_PN0P_/CLK          1.50    1.52   -0.02 (VIOLATED)
cpu/mem_rdata_q[23]$_DFFE_PP_/CLK       1.50    1.52   -0.02 (VIOLATED)
cpu/instr_ori$_SDFFE_PN0P_/CLK          1.50    1.52   -0.02 (VIOLATED)
cpu/mem_rdata_q[22]$_DFFE_PP_/CLK       1.50    1.52   -0.02 (VIOLATED)
cpu/mem_rdata_q[21]$_DFFE_PP_/CLK       1.50    1.52   -0.02 (VIOLATED)
cpu/instr_slt$_SDFFE_PN0P_/CLK          1.50    1.52   -0.02 (VIOLATED)
cpu/instr_blt$_SDFFE_PN0P_/CLK          1.50    1.52   -0.02 (VIOLATED)
cpu/instr_slti$_SDFFE_PN0P_/CLK         1.50    1.52   -0.02 (VIOLATED)
cpu/instr_sltiu$_SDFFE_PN0P_/CLK        1.50    1.52   -0.02 (VIOLATED)
cpu/instr_sltu$_SDFFE_PN0P_/CLK         1.50    1.52   -0.02 (VIOLATED)
cpu/count_instr[50]$_SDFFE_PN0P_/CLK    1.50    1.52   -0.02 (VIOLATED)
cpu/instr_bltu$_SDFFE_PN0P_/CLK         1.50    1.52   -0.02 (VIOLATED)
cpu/cpuregs[27][14]$_DFFE_PP_/CLK       1.50    1.52   -0.02 (VIOLATED)
cpu/decoded_imm_j[8]$_DFFE_PP_/CLK      1.50    1.52   -0.02 (VIOLATED)
cpu/cpuregs[26][14]$_DFFE_PP_/CLK       1.50    1.52   -0.02 (VIOLATED)
cpu/cpuregs[19][14]$_DFFE_PP_/CLK       1.50    1.52   -0.02 (VIOLATED)
cpu/cpuregs[22][14]$_DFFE_PP_/CLK       1.50    1.52   -0.02 (VIOLATED)
cpu/cpuregs[23][14]$_DFFE_PP_/CLK       1.50    1.52   -0.02 (VIOLATED)
cpu/cpuregs[18][14]$_DFFE_PP_/CLK       1.50    1.52   -0.02 (VIOLATED)
cpu/cpuregs[30][14]$_DFFE_PP_/CLK       1.50    1.52   -0.02 (VIOLATED)
cpu/instr_or$_SDFFE_PN0P_/CLK           1.50    1.52   -0.02 (VIOLATED)
cpu/cpuregs[17][14]$_DFFE_PP_/CLK       1.50    1.52   -0.02 (VIOLATED)
cpu/cpuregs[21][14]$_DFFE_PP_/CLK       1.50    1.51   -0.01 (VIOLATED)
cpu/cpuregs[20][14]$_DFFE_PP_/CLK       1.50    1.51   -0.01 (VIOLATED)
cpu/cpuregs[16][14]$_DFFE_PP_/CLK       1.50    1.51   -0.01 (VIOLATED)
cpu/cpuregs[31][14]$_DFFE_PP_/CLK       1.50    1.51   -0.01 (VIOLATED)
cpu/count_cycle[48]$_SDFF_PN0_/CLK      1.50    1.51   -0.01 (VIOLATED)
cpu/count_cycle[50]$_SDFF_PN0_/CLK      1.50    1.51   -0.01 (VIOLATED)
cpu/decoded_imm[8]$_SDFFCE_PN0P_/CLK    1.50    1.51   -0.01 (VIOLATED)
cpu/instr_fence$_SDFFE_PN0P_/CLK        1.50    1.51   -0.01 (VIOLATED)
_6754_/S1                               1.50    1.51   -0.01 (VIOLATED)
_5410_/S1                               1.50    1.51   -0.01 (VIOLATED)
_5411_/S1                               1.50    1.51   -0.01 (VIOLATED)
_5402_/S1                               1.50    1.51   -0.01 (VIOLATED)
cpu/instr_bne$_SDFFE_PN0P_/CLK          1.50    1.51   -0.01 (VIOLATED)
_5408_/S1                               1.50    1.51   -0.01 (VIOLATED)
_6763_/S1                               1.50    1.51   -0.01 (VIOLATED)
_6765_/S1                               1.50    1.51   -0.01 (VIOLATED)
cpu/count_cycle[51]$_SDFF_PN0_/CLK      1.50    1.51   -0.01 (VIOLATED)
_5429_/S1                               1.50    1.51   -0.01 (VIOLATED)
_5426_/S1                               1.50    1.51   -0.01 (VIOLATED)
_6758_/S1                               1.50    1.51   -0.01 (VIOLATED)
_6760_/S1                               1.50    1.51   -0.01 (VIOLATED)
_6755_/S1                               1.50    1.51   -0.01 (VIOLATED)
_6752_/S1                               1.50    1.51   -0.01 (VIOLATED)
_6753_/S1                               1.50    1.51   -0.01 (VIOLATED)
_5428_/S1                               1.50    1.51   -0.01 (VIOLATED)
_5409_/S1                               1.50    1.51   -0.01 (VIOLATED)
_5427_/S1                               1.50    1.51   -0.01 (VIOLATED)
_5451_/S1                               1.50    1.51   -0.01 (VIOLATED)
_5401_/S1                               1.50    1.51   -0.01 (VIOLATED)
_5447_/S1                               1.50    1.51   -0.01 (VIOLATED)
_6734_/S1                               1.50    1.51   -0.01 (VIOLATED)
_6732_/S1                               1.50    1.51   -0.01 (VIOLATED)
_5439_/S1                               1.50    1.51   -0.01 (VIOLATED)
_6727_/S1                               1.50    1.51   -0.01 (VIOLATED)
_6738_/S1                               1.50    1.51   -0.01 (VIOLATED)
_6736_/S1                               1.50    1.51   -0.01 (VIOLATED)
_6729_/S1                               1.50    1.51   -0.01 (VIOLATED)
cpu/count_instr[54]$_SDFFE_PN0P_/CLK    1.50    1.51   -0.01 (VIOLATED)
cpu/is_compare$_SDFF_PP0_/CLK           1.50    1.51   -0.01 (VIOLATED)
_6725_/S1                               1.50    1.51   -0.01 (VIOLATED)
cpu/count_cycle[53]$_SDFF_PN0_/CLK      1.50    1.51   -0.01 (VIOLATED)
cpu/count_instr[53]$_SDFFE_PN0P_/CLK    1.50    1.51   -0.01 (VIOLATED)
_7240_/S1                               1.50    1.51   -0.01 (VIOLATED)
_7319_/S1                               1.50    1.51   -0.01 (VIOLATED)
_7320_/S1                               1.50    1.51   -0.01 (VIOLATED)
_7314_/S1                               1.50    1.50   -0.00 (VIOLATED)
_7316_/S1                               1.50    1.50   -0.00 (VIOLATED)
_7322_/S1                               1.50    1.50   -0.00 (VIOLATED)
cpu/instr_srl$_SDFFE_PN0P_/CLK          1.50    1.50   -0.00 (VIOLATED)
_7324_/S1                               1.50    1.50   -0.00 (VIOLATED)
_7245_/S1                               1.50    1.50   -0.00 (VIOLATED)
_5434_/S1                               1.50    1.50   -0.00 (VIOLATED)
_7235_/S1                               1.50    1.50   -0.00 (VIOLATED)
_7237_/S1                               1.50    1.50   -0.00 (VIOLATED)
_7247_/S1                               1.50    1.50   -0.00 (VIOLATED)
_6723_/S1                               1.50    1.50   -0.00 (VIOLATED)
_7243_/S1                               1.50    1.50   -0.00 (VIOLATED)
cpu/count_cycle[52]$_SDFF_PN0_/CLK      1.50    1.50   -0.00 (VIOLATED)
cpu/count_instr[51]$_SDFFE_PN0P_/CLK    1.50    1.50   -0.00 (VIOLATED)
cpu/count_instr[52]$_SDFFE_PN0P_/CLK    1.50    1.50   -0.00 (VIOLATED)
cpu/decoded_imm[14]$_SDFFCE_PN0P_/CLK    1.50    1.50   -0.00 (VIOLATED)
_7249_/S1                               1.50    1.50   -0.00 (VIOLATED)
cpu/reg_pc[9]$_SDFFE_PN0P_/CLK          1.50    1.50   -0.00 (VIOLATED)
cpu/mem_rdata_q[15]$_DFFE_PP_/CLK       1.50    1.50   -0.00 (VIOLATED)
cpu/decoded_imm[10]$_SDFFCE_PN0P_/CLK    1.50    1.50   -0.00 (VIOLATED)
cpu/mem_rdata_q[29]$_DFFE_PP_/CLK       1.50    1.50   -0.00 (VIOLATED)
cpu/decoded_imm_j[15]$_DFFE_PP_/CLK     1.50    1.50   -0.00 (VIOLATED)
cpu/reg_pc[10]$_SDFFE_PN0P_/CLK         1.50    1.50   -0.00 (VIOLATED)
cpu/decoded_imm[11]$_SDFFCE_PN0P_/CLK    1.50    1.50   -0.00 (VIOLATED)
cpu/decoded_imm_j[9]$_DFFE_PP_/CLK      1.50    1.50   -0.00 (VIOLATED)
cpu/cpuregs[18][9]$_DFFE_PP_/CLK        1.50    1.50   -0.00 (VIOLATED)
cpu/count_cycle[54]$_SDFF_PN0_/CLK      1.50    1.50   -0.00 (VIOLATED)

max capacitance

Pin                                    Limit     Cap   Slack
------------------------------------------------------------
_5275_/Y                                0.19    0.19   -0.00 (VIOLATED)

