[WARNING STA-0503] report_checks -group_count is deprecated. Use -group_path_count instead.
Startpoint: cpu/decoder_trigger$_DFF_P_ (rising edge-triggered flip-flop)
Endpoint: cpu/count_instr[62]$_SDFFE_PN0P_ (rising edge-triggered flip-flop)
Path Group: unconstrained
Path Type: max
Corner: slow

Fanout     Cap    Slew   Delay    Time   Description
-----------------------------------------------------------------------------
                  4.59    0.00    0.00 ^ cpu/decoder_trigger$_DFF_P_/CLK (sky130_fd_sc_hd__dfxtp_1)
    35    0.15    4.83    6.64    6.64 ^ cpu/decoder_trigger$_DFF_P_/Q (sky130_fd_sc_hd__dfxtp_1)
                                         _3425_ (net)
                  4.83    0.01    6.65 ^ _8620_/D (sky130_fd_sc_hd__and4_1)
     4    0.01    0.38    2.54    9.19 ^ _8620_/X (sky130_fd_sc_hd__and4_1)
                                         _4149_ (net)
                  0.38    0.00    9.19 ^ _8621_/D (sky130_fd_sc_hd__and4_1)
     5    0.01    0.41    0.91   10.10 ^ _8621_/X (sky130_fd_sc_hd__and4_1)
                                         _4150_ (net)
                  0.41    0.00   10.10 ^ _8622_/D (sky130_fd_sc_hd__and4_1)
     5    0.01    0.44    0.95   11.06 ^ _8622_/X (sky130_fd_sc_hd__and4_1)
                                         _4151_ (net)
                  0.44    0.00   11.06 ^ _8623_/D (sky130_fd_sc_hd__and4_1)
     5    0.01    0.44    0.97   12.02 ^ _8623_/X (sky130_fd_sc_hd__and4_1)
                                         _4152_ (net)
                  0.44    0.00   12.02 ^ _8624_/D (sky130_fd_sc_hd__and4_1)
     5    0.01    0.45    0.97   12.99 ^ _8624_/X (sky130_fd_sc_hd__and4_1)
                                         _4153_ (net)
                  0.45    0.00   13.00 ^ _8625_/D (sky130_fd_sc_hd__and4_1)
     4    0.01    0.37    0.91   13.91 ^ _8625_/X (sky130_fd_sc_hd__and4_1)
                                         _4154_ (net)
                  0.37    0.00   13.91 ^ _8626_/D (sky130_fd_sc_hd__and4_1)
     5    0.01    0.40    0.90   14.81 ^ _8626_/X (sky130_fd_sc_hd__and4_1)
                                         _4155_ (net)
                  0.40    0.00   14.81 ^ _8627_/D (sky130_fd_sc_hd__and4_1)
     5    0.01    0.41    0.92   15.73 ^ _8627_/X (sky130_fd_sc_hd__and4_1)
                                         _4156_ (net)
                  0.41    0.00   15.74 ^ _8628_/D (sky130_fd_sc_hd__and4_1)
     5    0.01    0.45    0.96   16.69 ^ _8628_/X (sky130_fd_sc_hd__and4_1)
                                         _4157_ (net)
                  0.45    0.00   16.69 ^ _8629_/D (sky130_fd_sc_hd__and4_1)
     5    0.01    0.41    0.94   17.63 ^ _8629_/X (sky130_fd_sc_hd__and4_1)
                                         _4158_ (net)
                  0.41    0.00   17.63 ^ _8630_/D (sky130_fd_sc_hd__and4_1)
     5    0.01    0.47    0.97   18.61 ^ _8630_/X (sky130_fd_sc_hd__and4_1)
                                         _4159_ (net)
                  0.47    0.00   18.61 ^ _8631_/D (sky130_fd_sc_hd__and4_1)
     5    0.01    0.45    0.98   19.59 ^ _8631_/X (sky130_fd_sc_hd__and4_1)
                                         _4160_ (net)
                  0.45    0.00   19.59 ^ _8632_/D (sky130_fd_sc_hd__and4_1)
     5    0.01    0.52    1.03   20.62 ^ _8632_/X (sky130_fd_sc_hd__and4_1)
                                         _4161_ (net)
                  0.52    0.00   20.62 ^ _8633_/D (sky130_fd_sc_hd__nand4_1)
     2    0.01    0.29    0.54   21.16 v _8633_/Y (sky130_fd_sc_hd__nand4_1)
                                         _4162_ (net)
                  0.29    0.00   21.16 v _8634_/D (sky130_fd_sc_hd__nor4_2)
     5    0.01    1.56    1.47   22.63 ^ _8634_/Y (sky130_fd_sc_hd__nor4_2)
                                         _4163_ (net)
                  1.56    0.00   22.63 ^ _8635_/D (sky130_fd_sc_hd__nand4_1)
     5    0.01    0.50    1.13   23.76 v _8635_/Y (sky130_fd_sc_hd__nand4_1)
                                         _4164_ (net)
                  0.50    0.00   23.76 v _8636_/D (sky130_fd_sc_hd__nor4_1)
     4    0.01    1.98    1.89   25.65 ^ _8636_/Y (sky130_fd_sc_hd__nor4_1)
                                         _4165_ (net)
                  1.98    0.00   25.65 ^ _8637_/C (sky130_fd_sc_hd__and3_1)
     5    0.01    0.38    1.45   27.11 ^ _8637_/X (sky130_fd_sc_hd__and3_1)
                                         _4166_ (net)
                  0.38    0.00   27.11 ^ _8638_/D (sky130_fd_sc_hd__and4_1)
     6    0.01    0.53    1.01   28.12 ^ _8638_/X (sky130_fd_sc_hd__and4_1)
                                         _4167_ (net)
                  0.53    0.00   28.12 ^ _8639_/D (sky130_fd_sc_hd__and4_1)
     6    0.01    0.53    1.07   29.19 ^ _8639_/X (sky130_fd_sc_hd__and4_1)
                                         _4168_ (net)
                  0.53    0.00   29.19 ^ _8640_/D (sky130_fd_sc_hd__and4_1)
     4    0.01    0.39    0.97   30.15 ^ _8640_/X (sky130_fd_sc_hd__and4_1)
                                         _4169_ (net)
                  0.39    0.00   30.15 ^ _8641_/B (sky130_fd_sc_hd__and2_0)
     3    0.01    0.38    0.67   30.82 ^ _8641_/X (sky130_fd_sc_hd__and2_0)
                                         _4170_ (net)
                  0.38    0.00   30.82 ^ _8642_/A2 (sky130_fd_sc_hd__o21ai_0)
     1    0.00    0.14    0.31   31.13 v _8642_/Y (sky130_fd_sc_hd__o21ai_0)
                                         _4171_ (net)
                  0.14    0.00   31.13 v _8643_/B1 (sky130_fd_sc_hd__a21oi_1)
     1    0.00    0.29    0.39   31.52 ^ _8643_/Y (sky130_fd_sc_hd__a21oi_1)
                                         _0293_ (net)
                  0.29    0.00   31.52 ^ cpu/count_instr[62]$_SDFFE_PN0P_/D (sky130_fd_sc_hd__dfxtp_1)
                                 31.52   data arrival time
-----------------------------------------------------------------------------
(Path is unconstrained)


Startpoint: cpu/decoder_trigger$_DFF_P_ (rising edge-triggered flip-flop)
Endpoint: cpu/count_instr[63]$_SDFFE_PN0P_ (rising edge-triggered flip-flop)
Path Group: unconstrained
Path Type: max
Corner: slow

Fanout     Cap    Slew   Delay    Time   Description
-----------------------------------------------------------------------------
                  4.59    0.00    0.00 ^ cpu/decoder_trigger$_DFF_P_/CLK (sky130_fd_sc_hd__dfxtp_1)
    35    0.15    4.83    6.64    6.64 ^ cpu/decoder_trigger$_DFF_P_/Q (sky130_fd_sc_hd__dfxtp_1)
                                         _3425_ (net)
                  4.83    0.01    6.65 ^ _8620_/D (sky130_fd_sc_hd__and4_1)
     4    0.01    0.38    2.54    9.19 ^ _8620_/X (sky130_fd_sc_hd__and4_1)
                                         _4149_ (net)
                  0.38    0.00    9.19 ^ _8621_/D (sky130_fd_sc_hd__and4_1)
     5    0.01    0.41    0.91   10.10 ^ _8621_/X (sky130_fd_sc_hd__and4_1)
                                         _4150_ (net)
                  0.41    0.00   10.10 ^ _8622_/D (sky130_fd_sc_hd__and4_1)
     5    0.01    0.44    0.95   11.06 ^ _8622_/X (sky130_fd_sc_hd__and4_1)
                                         _4151_ (net)
                  0.44    0.00   11.06 ^ _8623_/D (sky130_fd_sc_hd__and4_1)
     5    0.01    0.44    0.97   12.02 ^ _8623_/X (sky130_fd_sc_hd__and4_1)
                                         _4152_ (net)
                  0.44    0.00   12.02 ^ _8624_/D (sky130_fd_sc_hd__and4_1)
     5    0.01    0.45    0.97   12.99 ^ _8624_/X (sky130_fd_sc_hd__and4_1)
                                         _4153_ (net)
                  0.45    0.00   13.00 ^ _8625_/D (sky130_fd_sc_hd__and4_1)
     4    0.01    0.37    0.91   13.91 ^ _8625_/X (sky130_fd_sc_hd__and4_1)
                                         _4154_ (net)
                  0.37    0.00   13.91 ^ _8626_/D (sky130_fd_sc_hd__and4_1)
     5    0.01    0.40    0.90   14.81 ^ _8626_/X (sky130_fd_sc_hd__and4_1)
                                         _4155_ (net)
                  0.40    0.00   14.81 ^ _8627_/D (sky130_fd_sc_hd__and4_1)
     5    0.01    0.41    0.92   15.73 ^ _8627_/X (sky130_fd_sc_hd__and4_1)
                                         _4156_ (net)
                  0.41    0.00   15.74 ^ _8628_/D (sky130_fd_sc_hd__and4_1)
     5    0.01    0.45    0.96   16.69 ^ _8628_/X (sky130_fd_sc_hd__and4_1)
                                         _4157_ (net)
                  0.45    0.00   16.69 ^ _8629_/D (sky130_fd_sc_hd__and4_1)
     5    0.01    0.41    0.94   17.63 ^ _8629_/X (sky130_fd_sc_hd__and4_1)
                                         _4158_ (net)
                  0.41    0.00   17.63 ^ _8630_/D (sky130_fd_sc_hd__and4_1)
     5    0.01    0.47    0.97   18.61 ^ _8630_/X (sky130_fd_sc_hd__and4_1)
                                         _4159_ (net)
                  0.47    0.00   18.61 ^ _8631_/D (sky130_fd_sc_hd__and4_1)
     5    0.01    0.45    0.98   19.59 ^ _8631_/X (sky130_fd_sc_hd__and4_1)
                                         _4160_ (net)
                  0.45    0.00   19.59 ^ _8632_/D (sky130_fd_sc_hd__and4_1)
     5    0.01    0.52    1.03   20.62 ^ _8632_/X (sky130_fd_sc_hd__and4_1)
                                         _4161_ (net)
                  0.52    0.00   20.62 ^ _8633_/D (sky130_fd_sc_hd__nand4_1)
     2    0.01    0.29    0.54   21.16 v _8633_/Y (sky130_fd_sc_hd__nand4_1)
                                         _4162_ (net)
                  0.29    0.00   21.16 v _8634_/D (sky130_fd_sc_hd__nor4_2)
     5    0.01    1.56    1.47   22.63 ^ _8634_/Y (sky130_fd_sc_hd__nor4_2)
                                         _4163_ (net)
                  1.56    0.00   22.63 ^ _8635_/D (sky130_fd_sc_hd__nand4_1)
     5    0.01    0.50    1.13   23.76 v _8635_/Y (sky130_fd_sc_hd__nand4_1)
                                         _4164_ (net)
                  0.50    0.00   23.76 v _8636_/D (sky130_fd_sc_hd__nor4_1)
     4    0.01    1.98    1.89   25.65 ^ _8636_/Y (sky130_fd_sc_hd__nor4_1)
                                         _4165_ (net)
                  1.98    0.00   25.65 ^ _8637_/C (sky130_fd_sc_hd__and3_1)
     5    0.01    0.38    1.45   27.11 ^ _8637_/X (sky130_fd_sc_hd__and3_1)
                                         _4166_ (net)
                  0.38    0.00   27.11 ^ _8638_/D (sky130_fd_sc_hd__and4_1)
     6    0.01    0.53    1.01   28.12 ^ _8638_/X (sky130_fd_sc_hd__and4_1)
                                         _4167_ (net)
                  0.53    0.00   28.12 ^ _8639_/D (sky130_fd_sc_hd__and4_1)
     6    0.01    0.53    1.07   29.19 ^ _8639_/X (sky130_fd_sc_hd__and4_1)
                                         _4168_ (net)
                  0.53    0.00   29.19 ^ _8640_/D (sky130_fd_sc_hd__and4_1)
     4    0.01    0.39    0.97   30.15 ^ _8640_/X (sky130_fd_sc_hd__and4_1)
                                         _4169_ (net)
                  0.39    0.00   30.15 ^ _8824_/C (sky130_fd_sc_hd__nand3_1)
     1    0.00    0.16    0.36   30.52 v _8824_/Y (sky130_fd_sc_hd__nand3_1)
                                         _4287_ (net)
                  0.16    0.00   30.52 v _8825_/B (sky130_fd_sc_hd__xor2_1)
     1    0.00    0.09    0.62   31.14 v _8825_/X (sky130_fd_sc_hd__xor2_1)
                                         _4288_ (net)
                  0.09    0.00   31.14 v _8826_/B (sky130_fd_sc_hd__nor2_1)
     1    0.00    0.25    0.27   31.41 ^ _8826_/Y (sky130_fd_sc_hd__nor2_1)
                                         _0359_ (net)
                  0.25    0.00   31.41 ^ cpu/count_instr[63]$_SDFFE_PN0P_/D (sky130_fd_sc_hd__dfxtp_1)
                                 31.41   data arrival time
-----------------------------------------------------------------------------
(Path is unconstrained)


Startpoint: cpu/decoder_trigger$_DFF_P_ (rising edge-triggered flip-flop)
Endpoint: cpu/count_instr[61]$_SDFFE_PN0P_ (rising edge-triggered flip-flop)
Path Group: unconstrained
Path Type: max
Corner: slow

Fanout     Cap    Slew   Delay    Time   Description
-----------------------------------------------------------------------------
                  4.59    0.00    0.00 ^ cpu/decoder_trigger$_DFF_P_/CLK (sky130_fd_sc_hd__dfxtp_1)
    35    0.15    4.83    6.64    6.64 ^ cpu/decoder_trigger$_DFF_P_/Q (sky130_fd_sc_hd__dfxtp_1)
                                         _3425_ (net)
                  4.83    0.01    6.65 ^ _8620_/D (sky130_fd_sc_hd__and4_1)
     4    0.01    0.38    2.54    9.19 ^ _8620_/X (sky130_fd_sc_hd__and4_1)
                                         _4149_ (net)
                  0.38    0.00    9.19 ^ _8621_/D (sky130_fd_sc_hd__and4_1)
     5    0.01    0.41    0.91   10.10 ^ _8621_/X (sky130_fd_sc_hd__and4_1)
                                         _4150_ (net)
                  0.41    0.00   10.10 ^ _8622_/D (sky130_fd_sc_hd__and4_1)
     5    0.01    0.44    0.95   11.06 ^ _8622_/X (sky130_fd_sc_hd__and4_1)
                                         _4151_ (net)
                  0.44    0.00   11.06 ^ _8623_/D (sky130_fd_sc_hd__and4_1)
     5    0.01    0.44    0.97   12.02 ^ _8623_/X (sky130_fd_sc_hd__and4_1)
                                         _4152_ (net)
                  0.44    0.00   12.02 ^ _8624_/D (sky130_fd_sc_hd__and4_1)
     5    0.01    0.45    0.97   12.99 ^ _8624_/X (sky130_fd_sc_hd__and4_1)
                                         _4153_ (net)
                  0.45    0.00   13.00 ^ _8625_/D (sky130_fd_sc_hd__and4_1)
     4    0.01    0.37    0.91   13.91 ^ _8625_/X (sky130_fd_sc_hd__and4_1)
                                         _4154_ (net)
                  0.37    0.00   13.91 ^ _8626_/D (sky130_fd_sc_hd__and4_1)
     5    0.01    0.40    0.90   14.81 ^ _8626_/X (sky130_fd_sc_hd__and4_1)
                                         _4155_ (net)
                  0.40    0.00   14.81 ^ _8627_/D (sky130_fd_sc_hd__and4_1)
     5    0.01    0.41    0.92   15.73 ^ _8627_/X (sky130_fd_sc_hd__and4_1)
                                         _4156_ (net)
                  0.41    0.00   15.74 ^ _8628_/D (sky130_fd_sc_hd__and4_1)
     5    0.01    0.45    0.96   16.69 ^ _8628_/X (sky130_fd_sc_hd__and4_1)
                                         _4157_ (net)
                  0.45    0.00   16.69 ^ _8629_/D (sky130_fd_sc_hd__and4_1)
     5    0.01    0.41    0.94   17.63 ^ _8629_/X (sky130_fd_sc_hd__and4_1)
                                         _4158_ (net)
                  0.41    0.00   17.63 ^ _8630_/D (sky130_fd_sc_hd__and4_1)
     5    0.01    0.47    0.97   18.61 ^ _8630_/X (sky130_fd_sc_hd__and4_1)
                                         _4159_ (net)
                  0.47    0.00   18.61 ^ _8631_/D (sky130_fd_sc_hd__and4_1)
     5    0.01    0.45    0.98   19.59 ^ _8631_/X (sky130_fd_sc_hd__and4_1)
                                         _4160_ (net)
                  0.45    0.00   19.59 ^ _8632_/D (sky130_fd_sc_hd__and4_1)
     5    0.01    0.52    1.03   20.62 ^ _8632_/X (sky130_fd_sc_hd__and4_1)
                                         _4161_ (net)
                  0.52    0.00   20.62 ^ _8633_/D (sky130_fd_sc_hd__nand4_1)
     2    0.01    0.29    0.54   21.16 v _8633_/Y (sky130_fd_sc_hd__nand4_1)
                                         _4162_ (net)
                  0.29    0.00   21.16 v _8634_/D (sky130_fd_sc_hd__nor4_2)
     5    0.01    1.56    1.47   22.63 ^ _8634_/Y (sky130_fd_sc_hd__nor4_2)
                                         _4163_ (net)
                  1.56    0.00   22.63 ^ _8635_/D (sky130_fd_sc_hd__nand4_1)
     5    0.01    0.50    1.13   23.76 v _8635_/Y (sky130_fd_sc_hd__nand4_1)
                                         _4164_ (net)
                  0.50    0.00   23.76 v _8636_/D (sky130_fd_sc_hd__nor4_1)
     4    0.01    1.98    1.89   25.65 ^ _8636_/Y (sky130_fd_sc_hd__nor4_1)
                                         _4165_ (net)
                  1.98    0.00   25.65 ^ _8637_/C (sky130_fd_sc_hd__and3_1)
     5    0.01    0.38    1.45   27.11 ^ _8637_/X (sky130_fd_sc_hd__and3_1)
                                         _4166_ (net)
                  0.38    0.00   27.11 ^ _8638_/D (sky130_fd_sc_hd__and4_1)
     6    0.01    0.53    1.01   28.12 ^ _8638_/X (sky130_fd_sc_hd__and4_1)
                                         _4167_ (net)
                  0.53    0.00   28.12 ^ _8639_/D (sky130_fd_sc_hd__and4_1)
     6    0.01    0.53    1.07   29.19 ^ _8639_/X (sky130_fd_sc_hd__and4_1)
                                         _4168_ (net)
                  0.53    0.00   29.19 ^ _8640_/D (sky130_fd_sc_hd__and4_1)
     4    0.01    0.39    0.97   30.15 ^ _8640_/X (sky130_fd_sc_hd__and4_1)
                                         _4169_ (net)
                  0.39    0.00   30.15 ^ _8641_/B (sky130_fd_sc_hd__and2_0)
     3    0.01    0.38    0.67   30.82 ^ _8641_/X (sky130_fd_sc_hd__and2_0)
                                         _4170_ (net)
                  0.38    0.00   30.82 ^ _8645_/A (sky130_fd_sc_hd__nor2_1)
     1    0.00    0.08    0.23   31.06 v _8645_/Y (sky130_fd_sc_hd__nor2_1)
                                         _0294_ (net)
                  0.08    0.00   31.06 v cpu/count_instr[61]$_SDFFE_PN0P_/D (sky130_fd_sc_hd__dfxtp_1)
                                 31.06   data arrival time
-----------------------------------------------------------------------------
(Path is unconstrained)


Startpoint: cpu/decoder_trigger$_DFF_P_ (rising edge-triggered flip-flop)
Endpoint: cpu/count_instr[60]$_SDFFE_PN0P_ (rising edge-triggered flip-flop)
Path Group: unconstrained
Path Type: max
Corner: slow

Fanout     Cap    Slew   Delay    Time   Description
-----------------------------------------------------------------------------
                  4.59    0.00    0.00 ^ cpu/decoder_trigger$_DFF_P_/CLK (sky130_fd_sc_hd__dfxtp_1)
    35    0.15    4.83    6.64    6.64 ^ cpu/decoder_trigger$_DFF_P_/Q (sky130_fd_sc_hd__dfxtp_1)
                                         _3425_ (net)
                  4.83    0.01    6.65 ^ _8620_/D (sky130_fd_sc_hd__and4_1)
     4    0.01    0.38    2.54    9.19 ^ _8620_/X (sky130_fd_sc_hd__and4_1)
                                         _4149_ (net)
                  0.38    0.00    9.19 ^ _8621_/D (sky130_fd_sc_hd__and4_1)
     5    0.01    0.41    0.91   10.10 ^ _8621_/X (sky130_fd_sc_hd__and4_1)
                                         _4150_ (net)
                  0.41    0.00   10.10 ^ _8622_/D (sky130_fd_sc_hd__and4_1)
     5    0.01    0.44    0.95   11.06 ^ _8622_/X (sky130_fd_sc_hd__and4_1)
                                         _4151_ (net)
                  0.44    0.00   11.06 ^ _8623_/D (sky130_fd_sc_hd__and4_1)
     5    0.01    0.44    0.97   12.02 ^ _8623_/X (sky130_fd_sc_hd__and4_1)
                                         _4152_ (net)
                  0.44    0.00   12.02 ^ _8624_/D (sky130_fd_sc_hd__and4_1)
     5    0.01    0.45    0.97   12.99 ^ _8624_/X (sky130_fd_sc_hd__and4_1)
                                         _4153_ (net)
                  0.45    0.00   13.00 ^ _8625_/D (sky130_fd_sc_hd__and4_1)
     4    0.01    0.37    0.91   13.91 ^ _8625_/X (sky130_fd_sc_hd__and4_1)
                                         _4154_ (net)
                  0.37    0.00   13.91 ^ _8626_/D (sky130_fd_sc_hd__and4_1)
     5    0.01    0.40    0.90   14.81 ^ _8626_/X (sky130_fd_sc_hd__and4_1)
                                         _4155_ (net)
                  0.40    0.00   14.81 ^ _8627_/D (sky130_fd_sc_hd__and4_1)
     5    0.01    0.41    0.92   15.73 ^ _8627_/X (sky130_fd_sc_hd__and4_1)
                                         _4156_ (net)
                  0.41    0.00   15.74 ^ _8628_/D (sky130_fd_sc_hd__and4_1)
     5    0.01    0.45    0.96   16.69 ^ _8628_/X (sky130_fd_sc_hd__and4_1)
                                         _4157_ (net)
                  0.45    0.00   16.69 ^ _8629_/D (sky130_fd_sc_hd__and4_1)
     5    0.01    0.41    0.94   17.63 ^ _8629_/X (sky130_fd_sc_hd__and4_1)
                                         _4158_ (net)
                  0.41    0.00   17.63 ^ _8630_/D (sky130_fd_sc_hd__and4_1)
     5    0.01    0.47    0.97   18.61 ^ _8630_/X (sky130_fd_sc_hd__and4_1)
                                         _4159_ (net)
                  0.47    0.00   18.61 ^ _8631_/D (sky130_fd_sc_hd__and4_1)
     5    0.01    0.45    0.98   19.59 ^ _8631_/X (sky130_fd_sc_hd__and4_1)
                                         _4160_ (net)
                  0.45    0.00   19.59 ^ _8632_/D (sky130_fd_sc_hd__and4_1)
     5    0.01    0.52    1.03   20.62 ^ _8632_/X (sky130_fd_sc_hd__and4_1)
                                         _4161_ (net)
                  0.52    0.00   20.62 ^ _8633_/D (sky130_fd_sc_hd__nand4_1)
     2    0.01    0.29    0.54   21.16 v _8633_/Y (sky130_fd_sc_hd__nand4_1)
                                         _4162_ (net)
                  0.29    0.00   21.16 v _8634_/D (sky130_fd_sc_hd__nor4_2)
     5    0.01    1.56    1.47   22.63 ^ _8634_/Y (sky130_fd_sc_hd__nor4_2)
                                         _4163_ (net)
                  1.56    0.00   22.63 ^ _8635_/D (sky130_fd_sc_hd__nand4_1)
     5    0.01    0.50    1.13   23.76 v _8635_/Y (sky130_fd_sc_hd__nand4_1)
                                         _4164_ (net)
                  0.50    0.00   23.76 v _8636_/D (sky130_fd_sc_hd__nor4_1)
     4    0.01    1.98    1.89   25.65 ^ _8636_/Y (sky130_fd_sc_hd__nor4_1)
                                         _4165_ (net)
                  1.98    0.00   25.65 ^ _8637_/C (sky130_fd_sc_hd__and3_1)
     5    0.01    0.38    1.45   27.11 ^ _8637_/X (sky130_fd_sc_hd__and3_1)
                                         _4166_ (net)
                  0.38    0.00   27.11 ^ _8638_/D (sky130_fd_sc_hd__and4_1)
     6    0.01    0.53    1.01   28.12 ^ _8638_/X (sky130_fd_sc_hd__and4_1)
                                         _4167_ (net)
                  0.53    0.00   28.12 ^ _8639_/D (sky130_fd_sc_hd__and4_1)
     6    0.01    0.53    1.07   29.19 ^ _8639_/X (sky130_fd_sc_hd__and4_1)
                                         _4168_ (net)
                  0.53    0.00   29.19 ^ _8646_/C (sky130_fd_sc_hd__and3_1)
     2    0.01    0.21    0.71   29.90 ^ _8646_/X (sky130_fd_sc_hd__and3_1)
                                         _4173_ (net)
                  0.21    0.00   29.90 ^ _8647_/A2 (sky130_fd_sc_hd__o21ai_0)
     1    0.00    0.14    0.22   30.12 v _8647_/Y (sky130_fd_sc_hd__o21ai_0)
                                         _4174_ (net)
                  0.14    0.00   30.12 v _8648_/B (sky130_fd_sc_hd__nor2_1)
     1    0.00    0.22    0.30   30.42 ^ _8648_/Y (sky130_fd_sc_hd__nor2_1)
                                         _0295_ (net)
                  0.22    0.00   30.42 ^ cpu/count_instr[60]$_SDFFE_PN0P_/D (sky130_fd_sc_hd__dfxtp_1)
                                 30.42   data arrival time
-----------------------------------------------------------------------------
(Path is unconstrained)


Startpoint: cpu/latched_stalu$_SDFFE_PN0P_ (rising edge-triggered flip-flop)
Endpoint: cpu/reg_next_pc[31]$_SDFFE_PN0P_ (rising edge-triggered flip-flop)
Path Group: unconstrained
Path Type: max
Corner: slow

Fanout     Cap    Slew   Delay    Time   Description
-----------------------------------------------------------------------------
                  4.59    0.00    0.00 ^ cpu/latched_stalu$_SDFFE_PN0P_/CLK (sky130_fd_sc_hd__dfxtp_1)
     3    0.01    0.48    3.47    3.47 ^ cpu/latched_stalu$_SDFFE_PN0P_/Q (sky130_fd_sc_hd__dfxtp_1)
                                         _2675_ (net)
                  0.48    0.00    3.47 ^ place238/A (sky130_fd_sc_hd__buf_4)
    31    0.20    2.07    1.92    5.39 ^ place238/X (sky130_fd_sc_hd__buf_4)
                                         net238 (net)
                  2.07    0.01    5.40 ^ _6978_/S (sky130_fd_sc_hd__mux2_2)
     2    0.01    0.20    2.39    7.79 v _6978_/X (sky130_fd_sc_hd__mux2_2)
                                         _2793_ (net)
                  0.20    0.00    7.79 v _7891_/A1 (sky130_fd_sc_hd__mux2i_1)
     7    0.02    1.95    1.77    9.56 ^ _7891_/Y (sky130_fd_sc_hd__mux2i_1)
                                         _3565_ (net)
                  1.95    0.00    9.56 ^ _7969_/A (sky130_fd_sc_hd__nor2b_1)
     2    0.01    0.28    0.88   10.44 v _7969_/Y (sky130_fd_sc_hd__nor2b_1)
                                         _3639_ (net)
                  0.28    0.00   10.44 v _7971_/B1 (sky130_fd_sc_hd__a211oi_2)
     2    0.01    0.94    1.22   11.66 ^ _7971_/Y (sky130_fd_sc_hd__a211oi_2)
                                         _3641_ (net)
                  0.94    0.00   11.66 ^ _7974_/A3 (sky130_fd_sc_hd__o311ai_1)
     3    0.01    0.31    0.72   12.38 v _7974_/Y (sky130_fd_sc_hd__o311ai_1)
                                         _3644_ (net)
                  0.31    0.00   12.38 v _7977_/A3 (sky130_fd_sc_hd__a311oi_1)
     3    0.02    2.49    2.47   14.86 ^ _7977_/Y (sky130_fd_sc_hd__a311oi_1)
                                         _3647_ (net)
                  2.49    0.00   14.86 ^ _7980_/A3 (sky130_fd_sc_hd__o311ai_1)
     4    0.01    0.51    1.45   16.31 v _7980_/Y (sky130_fd_sc_hd__o311ai_1)
                                         _3650_ (net)
                  0.51    0.00   16.31 v _7983_/A3 (sky130_fd_sc_hd__a311oi_2)
     3    0.01    0.97    1.54   17.85 ^ _7983_/Y (sky130_fd_sc_hd__a311oi_2)
                                         _3653_ (net)
                  0.97    0.00   17.85 ^ _7986_/A3 (sky130_fd_sc_hd__o311ai_1)
     3    0.01    0.30    0.72   18.57 v _7986_/Y (sky130_fd_sc_hd__o311ai_1)
                                         _3656_ (net)
                  0.30    0.00   18.57 v _7988_/A3 (sky130_fd_sc_hd__a31oi_1)
     2    0.01    1.11    1.20   19.77 ^ _7988_/Y (sky130_fd_sc_hd__a31oi_1)
                                         _3658_ (net)
                  1.11    0.00   19.77 ^ _7990_/A2 (sky130_fd_sc_hd__o21bai_1)
     3    0.01    0.20    0.66   20.43 v _7990_/Y (sky130_fd_sc_hd__o21bai_1)
                                         _3660_ (net)
                  0.20    0.00   20.43 v _7993_/A2 (sky130_fd_sc_hd__a211o_1)
     3    0.01    0.17    1.37   21.80 v _7993_/X (sky130_fd_sc_hd__a211o_1)
                                         _3663_ (net)
                  0.17    0.00   21.80 v _7995_/A3 (sky130_fd_sc_hd__a31oi_1)
     3    0.01    1.25    1.21   23.01 ^ _7995_/Y (sky130_fd_sc_hd__a31oi_1)
                                         _3665_ (net)
                  1.25    0.00   23.01 ^ _8000_/A2 (sky130_fd_sc_hd__a211o_1)
     4    0.01    0.35    1.02   24.03 ^ _8000_/X (sky130_fd_sc_hd__a211o_1)
                                         _3670_ (net)
                  0.35    0.00   24.03 ^ _8001_/B (sky130_fd_sc_hd__nor2_1)
     2    0.01    0.16    0.25   24.27 v _8001_/Y (sky130_fd_sc_hd__nor2_1)
                                         _3671_ (net)
                  0.16    0.00   24.27 v _8003_/A2 (sky130_fd_sc_hd__a21o_1)
     2    0.00    0.10    0.72   24.99 v _8003_/X (sky130_fd_sc_hd__a21o_1)
                                         _3673_ (net)
                  0.10    0.00   24.99 v _8004_/B (sky130_fd_sc_hd__and2_1)
     4    0.01    0.17    0.70   25.69 v _8004_/X (sky130_fd_sc_hd__and2_1)
                                         _3674_ (net)
                  0.17    0.00   25.69 v _8006_/A3 (sky130_fd_sc_hd__a31o_1)
     2    0.01    0.14    0.97   26.66 v _8006_/X (sky130_fd_sc_hd__a31o_1)
                                         _3676_ (net)
                  0.14    0.00   26.66 v _8008_/A (sky130_fd_sc_hd__nand2_1)
     2    0.00    0.19    0.25   26.90 ^ _8008_/Y (sky130_fd_sc_hd__nand2_1)
                                         _3678_ (net)
                  0.19    0.00   26.90 ^ _8009_/B1 (sky130_fd_sc_hd__o21ai_1)
     2    0.01    0.33    0.31   27.22 v _8009_/Y (sky130_fd_sc_hd__o21ai_1)
                                         _3679_ (net)
                  0.33    0.00   27.22 v _8807_/C (sky130_fd_sc_hd__maj3_2)
     2    0.00    0.19    1.52   28.74 v _8807_/X (sky130_fd_sc_hd__maj3_2)
                                         _4273_ (net)
                  0.19    0.00   28.74 v _8811_/A1 (sky130_fd_sc_hd__o21a_1)
     1    0.00    0.09    0.79   29.53 v _8811_/X (sky130_fd_sc_hd__o21a_1)
                                         _4277_ (net)
                  0.09    0.00   29.53 v _8815_/A2 (sky130_fd_sc_hd__a21oi_1)
     1    0.00    0.34    0.47   30.01 ^ _8815_/Y (sky130_fd_sc_hd__a21oi_1)
                                         _4281_ (net)
                  0.34    0.00   30.01 ^ _8819_/A1 (sky130_fd_sc_hd__o21ai_0)
     1    0.00    0.10    0.30   30.30 v _8819_/Y (sky130_fd_sc_hd__o21ai_0)
                                         _0356_ (net)
                  0.10    0.00   30.30 v cpu/reg_next_pc[31]$_SDFFE_PN0P_/D (sky130_fd_sc_hd__dfxtp_1)
                                 30.30   data arrival time
-----------------------------------------------------------------------------
(Path is unconstrained)


Startpoint: cpu/decoder_trigger$_DFF_P_ (rising edge-triggered flip-flop)
Endpoint: cpu/count_instr[59]$_SDFFE_PN0P_ (rising edge-triggered flip-flop)
Path Group: unconstrained
Path Type: max
Corner: slow

Fanout     Cap    Slew   Delay    Time   Description
-----------------------------------------------------------------------------
                  4.59    0.00    0.00 ^ cpu/decoder_trigger$_DFF_P_/CLK (sky130_fd_sc_hd__dfxtp_1)
    35    0.15    4.83    6.64    6.64 ^ cpu/decoder_trigger$_DFF_P_/Q (sky130_fd_sc_hd__dfxtp_1)
                                         _3425_ (net)
                  4.83    0.01    6.65 ^ _8620_/D (sky130_fd_sc_hd__and4_1)
     4    0.01    0.38    2.54    9.19 ^ _8620_/X (sky130_fd_sc_hd__and4_1)
                                         _4149_ (net)
                  0.38    0.00    9.19 ^ _8621_/D (sky130_fd_sc_hd__and4_1)
     5    0.01    0.41    0.91   10.10 ^ _8621_/X (sky130_fd_sc_hd__and4_1)
                                         _4150_ (net)
                  0.41    0.00   10.10 ^ _8622_/D (sky130_fd_sc_hd__and4_1)
     5    0.01    0.44    0.95   11.06 ^ _8622_/X (sky130_fd_sc_hd__and4_1)
                                         _4151_ (net)
                  0.44    0.00   11.06 ^ _8623_/D (sky130_fd_sc_hd__and4_1)
     5    0.01    0.44    0.97   12.02 ^ _8623_/X (sky130_fd_sc_hd__and4_1)
                                         _4152_ (net)
                  0.44    0.00   12.02 ^ _8624_/D (sky130_fd_sc_hd__and4_1)
     5    0.01    0.45    0.97   12.99 ^ _8624_/X (sky130_fd_sc_hd__and4_1)
                                         _4153_ (net)
                  0.45    0.00   13.00 ^ _8625_/D (sky130_fd_sc_hd__and4_1)
     4    0.01    0.37    0.91   13.91 ^ _8625_/X (sky130_fd_sc_hd__and4_1)
                                         _4154_ (net)
                  0.37    0.00   13.91 ^ _8626_/D (sky130_fd_sc_hd__and4_1)
     5    0.01    0.40    0.90   14.81 ^ _8626_/X (sky130_fd_sc_hd__and4_1)
                                         _4155_ (net)
                  0.40    0.00   14.81 ^ _8627_/D (sky130_fd_sc_hd__and4_1)
     5    0.01    0.41    0.92   15.73 ^ _8627_/X (sky130_fd_sc_hd__and4_1)
                                         _4156_ (net)
                  0.41    0.00   15.74 ^ _8628_/D (sky130_fd_sc_hd__and4_1)
     5    0.01    0.45    0.96   16.69 ^ _8628_/X (sky130_fd_sc_hd__and4_1)
                                         _4157_ (net)
                  0.45    0.00   16.69 ^ _8629_/D (sky130_fd_sc_hd__and4_1)
     5    0.01    0.41    0.94   17.63 ^ _8629_/X (sky130_fd_sc_hd__and4_1)
                                         _4158_ (net)
                  0.41    0.00   17.63 ^ _8630_/D (sky130_fd_sc_hd__and4_1)
     5    0.01    0.47    0.97   18.61 ^ _8630_/X (sky130_fd_sc_hd__and4_1)
                                         _4159_ (net)
                  0.47    0.00   18.61 ^ _8631_/D (sky130_fd_sc_hd__and4_1)
     5    0.01    0.45    0.98   19.59 ^ _8631_/X (sky130_fd_sc_hd__and4_1)
                                         _4160_ (net)
                  0.45    0.00   19.59 ^ _8632_/D (sky130_fd_sc_hd__and4_1)
     5    0.01    0.52    1.03   20.62 ^ _8632_/X (sky130_fd_sc_hd__and4_1)
                                         _4161_ (net)
                  0.52    0.00   20.62 ^ _8633_/D (sky130_fd_sc_hd__nand4_1)
     2    0.01    0.29    0.54   21.16 v _8633_/Y (sky130_fd_sc_hd__nand4_1)
                                         _4162_ (net)
                  0.29    0.00   21.16 v _8634_/D (sky130_fd_sc_hd__nor4_2)
     5    0.01    1.56    1.47   22.63 ^ _8634_/Y (sky130_fd_sc_hd__nor4_2)
                                         _4163_ (net)
                  1.56    0.00   22.63 ^ _8635_/D (sky130_fd_sc_hd__nand4_1)
     5    0.01    0.50    1.13   23.76 v _8635_/Y (sky130_fd_sc_hd__nand4_1)
                                         _4164_ (net)
                  0.50    0.00   23.76 v _8636_/D (sky130_fd_sc_hd__nor4_1)
     4    0.01    1.98    1.89   25.65 ^ _8636_/Y (sky130_fd_sc_hd__nor4_1)
                                         _4165_ (net)
                  1.98    0.00   25.65 ^ _8637_/C (sky130_fd_sc_hd__and3_1)
     5    0.01    0.38    1.45   27.11 ^ _8637_/X (sky130_fd_sc_hd__and3_1)
                                         _4166_ (net)
                  0.38    0.00   27.11 ^ _8638_/D (sky130_fd_sc_hd__and4_1)
     6    0.01    0.53    1.01   28.12 ^ _8638_/X (sky130_fd_sc_hd__and4_1)
                                         _4167_ (net)
                  0.53    0.00   28.12 ^ _8639_/D (sky130_fd_sc_hd__and4_1)
     6    0.01    0.53    1.07   29.19 ^ _8639_/X (sky130_fd_sc_hd__and4_1)
                                         _4168_ (net)
                  0.53    0.00   29.19 ^ _8646_/C (sky130_fd_sc_hd__and3_1)
     2    0.01    0.21    0.71   29.90 ^ _8646_/X (sky130_fd_sc_hd__and3_1)
                                         _4173_ (net)
                  0.21    0.00   29.90 ^ _8650_/B (sky130_fd_sc_hd__nor3_1)
     1    0.00    0.32    0.15   30.05 v _8650_/Y (sky130_fd_sc_hd__nor3_1)
                                         _0296_ (net)
                  0.32    0.00   30.05 v cpu/count_instr[59]$_SDFFE_PN0P_/D (sky130_fd_sc_hd__dfxtp_1)
                                 30.05   data arrival time
-----------------------------------------------------------------------------
(Path is unconstrained)


Startpoint: cpu/decoder_trigger$_DFF_P_ (rising edge-triggered flip-flop)
Endpoint: cpu/count_instr[58]$_SDFFE_PN0P_ (rising edge-triggered flip-flop)
Path Group: unconstrained
Path Type: max
Corner: slow

Fanout     Cap    Slew   Delay    Time   Description
-----------------------------------------------------------------------------
                  4.59    0.00    0.00 ^ cpu/decoder_trigger$_DFF_P_/CLK (sky130_fd_sc_hd__dfxtp_1)
    35    0.15    4.83    6.64    6.64 ^ cpu/decoder_trigger$_DFF_P_/Q (sky130_fd_sc_hd__dfxtp_1)
                                         _3425_ (net)
                  4.83    0.01    6.65 ^ _8620_/D (sky130_fd_sc_hd__and4_1)
     4    0.01    0.38    2.54    9.19 ^ _8620_/X (sky130_fd_sc_hd__and4_1)
                                         _4149_ (net)
                  0.38    0.00    9.19 ^ _8621_/D (sky130_fd_sc_hd__and4_1)
     5    0.01    0.41    0.91   10.10 ^ _8621_/X (sky130_fd_sc_hd__and4_1)
                                         _4150_ (net)
                  0.41    0.00   10.10 ^ _8622_/D (sky130_fd_sc_hd__and4_1)
     5    0.01    0.44    0.95   11.06 ^ _8622_/X (sky130_fd_sc_hd__and4_1)
                                         _4151_ (net)
                  0.44    0.00   11.06 ^ _8623_/D (sky130_fd_sc_hd__and4_1)
     5    0.01    0.44    0.97   12.02 ^ _8623_/X (sky130_fd_sc_hd__and4_1)
                                         _4152_ (net)
                  0.44    0.00   12.02 ^ _8624_/D (sky130_fd_sc_hd__and4_1)
     5    0.01    0.45    0.97   12.99 ^ _8624_/X (sky130_fd_sc_hd__and4_1)
                                         _4153_ (net)
                  0.45    0.00   13.00 ^ _8625_/D (sky130_fd_sc_hd__and4_1)
     4    0.01    0.37    0.91   13.91 ^ _8625_/X (sky130_fd_sc_hd__and4_1)
                                         _4154_ (net)
                  0.37    0.00   13.91 ^ _8626_/D (sky130_fd_sc_hd__and4_1)
     5    0.01    0.40    0.90   14.81 ^ _8626_/X (sky130_fd_sc_hd__and4_1)
                                         _4155_ (net)
                  0.40    0.00   14.81 ^ _8627_/D (sky130_fd_sc_hd__and4_1)
     5    0.01    0.41    0.92   15.73 ^ _8627_/X (sky130_fd_sc_hd__and4_1)
                                         _4156_ (net)
                  0.41    0.00   15.74 ^ _8628_/D (sky130_fd_sc_hd__and4_1)
     5    0.01    0.45    0.96   16.69 ^ _8628_/X (sky130_fd_sc_hd__and4_1)
                                         _4157_ (net)
                  0.45    0.00   16.69 ^ _8629_/D (sky130_fd_sc_hd__and4_1)
     5    0.01    0.41    0.94   17.63 ^ _8629_/X (sky130_fd_sc_hd__and4_1)
                                         _4158_ (net)
                  0.41    0.00   17.63 ^ _8630_/D (sky130_fd_sc_hd__and4_1)
     5    0.01    0.47    0.97   18.61 ^ _8630_/X (sky130_fd_sc_hd__and4_1)
                                         _4159_ (net)
                  0.47    0.00   18.61 ^ _8631_/D (sky130_fd_sc_hd__and4_1)
     5    0.01    0.45    0.98   19.59 ^ _8631_/X (sky130_fd_sc_hd__and4_1)
                                         _4160_ (net)
                  0.45    0.00   19.59 ^ _8632_/D (sky130_fd_sc_hd__and4_1)
     5    0.01    0.52    1.03   20.62 ^ _8632_/X (sky130_fd_sc_hd__and4_1)
                                         _4161_ (net)
                  0.52    0.00   20.62 ^ _8633_/D (sky130_fd_sc_hd__nand4_1)
     2    0.01    0.29    0.54   21.16 v _8633_/Y (sky130_fd_sc_hd__nand4_1)
                                         _4162_ (net)
                  0.29    0.00   21.16 v _8634_/D (sky130_fd_sc_hd__nor4_2)
     5    0.01    1.56    1.47   22.63 ^ _8634_/Y (sky130_fd_sc_hd__nor4_2)
                                         _4163_ (net)
                  1.56    0.00   22.63 ^ _8635_/D (sky130_fd_sc_hd__nand4_1)
     5    0.01    0.50    1.13   23.76 v _8635_/Y (sky130_fd_sc_hd__nand4_1)
                                         _4164_ (net)
                  0.50    0.00   23.76 v _8636_/D (sky130_fd_sc_hd__nor4_1)
     4    0.01    1.98    1.89   25.65 ^ _8636_/Y (sky130_fd_sc_hd__nor4_1)
                                         _4165_ (net)
                  1.98    0.00   25.65 ^ _8637_/C (sky130_fd_sc_hd__and3_1)
     5    0.01    0.38    1.45   27.11 ^ _8637_/X (sky130_fd_sc_hd__and3_1)
                                         _4166_ (net)
                  0.38    0.00   27.11 ^ _8638_/D (sky130_fd_sc_hd__and4_1)
     6    0.01    0.53    1.01   28.12 ^ _8638_/X (sky130_fd_sc_hd__and4_1)
                                         _4167_ (net)
                  0.53    0.00   28.12 ^ _8639_/D (sky130_fd_sc_hd__and4_1)
     6    0.01    0.53    1.07   29.19 ^ _8639_/X (sky130_fd_sc_hd__and4_1)
                                         _4168_ (net)
                  0.53    0.00   29.19 ^ _8654_/A2 (sky130_fd_sc_hd__o21ai_0)
     1    0.00    0.14    0.37   29.56 v _8654_/Y (sky130_fd_sc_hd__o21ai_0)
                                         _4178_ (net)
                  0.14    0.00   29.56 v _8655_/B1 (sky130_fd_sc_hd__a21oi_1)
     1    0.00    0.30    0.40   29.96 ^ _8655_/Y (sky130_fd_sc_hd__a21oi_1)
                                         _0298_ (net)
                  0.30    0.00   29.96 ^ cpu/count_instr[58]$_SDFFE_PN0P_/D (sky130_fd_sc_hd__dfxtp_1)
                                 29.96   data arrival time
-----------------------------------------------------------------------------
(Path is unconstrained)


Startpoint: cpu/latched_stalu$_SDFFE_PN0P_ (rising edge-triggered flip-flop)
Endpoint: cpu/reg_next_pc[30]$_SDFFE_PN0P_ (rising edge-triggered flip-flop)
Path Group: unconstrained
Path Type: max
Corner: slow

Fanout     Cap    Slew   Delay    Time   Description
-----------------------------------------------------------------------------
                  4.59    0.00    0.00 ^ cpu/latched_stalu$_SDFFE_PN0P_/CLK (sky130_fd_sc_hd__dfxtp_1)
     3    0.01    0.48    3.47    3.47 ^ cpu/latched_stalu$_SDFFE_PN0P_/Q (sky130_fd_sc_hd__dfxtp_1)
                                         _2675_ (net)
                  0.48    0.00    3.47 ^ place238/A (sky130_fd_sc_hd__buf_4)
    31    0.20    2.07    1.92    5.39 ^ place238/X (sky130_fd_sc_hd__buf_4)
                                         net238 (net)
                  2.07    0.01    5.40 ^ _6975_/S (sky130_fd_sc_hd__mux2_2)
     2    0.01    0.20    2.39    7.79 v _6975_/X (sky130_fd_sc_hd__mux2_2)
                                         _2791_ (net)
                  0.20    0.00    7.79 v _7887_/A1 (sky130_fd_sc_hd__mux2i_1)
     5    0.02    1.79    1.64    9.43 ^ _7887_/Y (sky130_fd_sc_hd__mux2i_1)
                                         _3562_ (net)
                  1.79    0.00    9.43 ^ _7962_/B (sky130_fd_sc_hd__xnor2_1)
     2    0.00    0.64    1.07   10.51 ^ _7962_/Y (sky130_fd_sc_hd__xnor2_1)
                                         _3632_ (net)
                  0.64    0.00   10.51 ^ _7963_/A (sky130_fd_sc_hd__inv_1)
     2    0.01    0.14    0.39   10.90 v _7963_/Y (sky130_fd_sc_hd__inv_1)
                                         _3633_ (net)
                  0.14    0.00   10.90 v _7974_/A1 (sky130_fd_sc_hd__o311ai_1)
     3    0.01    1.96    2.03   12.93 ^ _7974_/Y (sky130_fd_sc_hd__o311ai_1)
                                         _3644_ (net)
                  1.96    0.00   12.93 ^ _7977_/A3 (sky130_fd_sc_hd__a311oi_1)
     3    0.01    0.48    1.28   14.21 v _7977_/Y (sky130_fd_sc_hd__a311oi_1)
                                         _3647_ (net)
                  0.48    0.00   14.21 v _7980_/A3 (sky130_fd_sc_hd__o311ai_1)
     4    0.02    2.71    2.68   16.89 ^ _7980_/Y (sky130_fd_sc_hd__o311ai_1)
                                         _3650_ (net)
                  2.71    0.00   16.89 ^ _7983_/A3 (sky130_fd_sc_hd__a311oi_2)
     3    0.01    0.31    1.33   18.22 v _7983_/Y (sky130_fd_sc_hd__a311oi_2)
                                         _3653_ (net)
                  0.31    0.00   18.22 v _7986_/A3 (sky130_fd_sc_hd__o311ai_1)
     3    0.01    1.90    1.94   20.16 ^ _7986_/Y (sky130_fd_sc_hd__o311ai_1)
                                         _3656_ (net)
                  1.90    0.00   20.16 ^ _7988_/A3 (sky130_fd_sc_hd__a31oi_1)
     2    0.01    0.37    1.14   21.30 v _7988_/Y (sky130_fd_sc_hd__a31oi_1)
                                         _3658_ (net)
                  0.37    0.00   21.30 v _7990_/A2 (sky130_fd_sc_hd__o21bai_1)
     3    0.01    0.70    0.89   22.19 ^ _7990_/Y (sky130_fd_sc_hd__o21bai_1)
                                         _3660_ (net)
                  0.70    0.00   22.19 ^ _7993_/A2 (sky130_fd_sc_hd__a211o_1)
     3    0.01    0.22    0.69   22.88 ^ _7993_/X (sky130_fd_sc_hd__a211o_1)
                                         _3663_ (net)
                  0.22    0.00   22.88 ^ _7995_/A3 (sky130_fd_sc_hd__a31oi_1)
     3    0.01    0.35    0.42   23.30 v _7995_/Y (sky130_fd_sc_hd__a31oi_1)
                                         _3665_ (net)
                  0.35    0.00   23.30 v _8000_/A2 (sky130_fd_sc_hd__a211o_1)
     4    0.01    0.21    1.51   24.81 v _8000_/X (sky130_fd_sc_hd__a211o_1)
                                         _3670_ (net)
                  0.21    0.00   24.81 v _8001_/B (sky130_fd_sc_hd__nor2_1)
     2    0.01    0.49    0.55   25.36 ^ _8001_/Y (sky130_fd_sc_hd__nor2_1)
                                         _3671_ (net)
                  0.49    0.00   25.36 ^ _8003_/A2 (sky130_fd_sc_hd__a21o_1)
     2    0.00    0.17    0.53   25.89 ^ _8003_/X (sky130_fd_sc_hd__a21o_1)
                                         _3673_ (net)
                  0.17    0.00   25.89 ^ _8004_/B (sky130_fd_sc_hd__and2_1)
     4    0.01    0.46    0.63   26.52 ^ _8004_/X (sky130_fd_sc_hd__and2_1)
                                         _3674_ (net)
                  0.46    0.00   26.52 ^ _8006_/A3 (sky130_fd_sc_hd__a31o_1)
     2    0.01    0.32    0.71   27.23 ^ _8006_/X (sky130_fd_sc_hd__a31o_1)
                                         _3676_ (net)
                  0.32    0.00   27.23 ^ _8008_/A (sky130_fd_sc_hd__nand2_1)
     2    0.00    0.13    0.26   27.50 v _8008_/Y (sky130_fd_sc_hd__nand2_1)
                                         _3678_ (net)
                  0.13    0.00   27.50 v _8009_/B1 (sky130_fd_sc_hd__o21ai_1)
     2    0.01    1.08    0.63   28.13 ^ _8009_/Y (sky130_fd_sc_hd__o21ai_1)
                                         _3679_ (net)
                  1.08    0.00   28.13 ^ _8011_/A (sky130_fd_sc_hd__xnor2_1)
     1    0.00    0.46    0.77   28.89 ^ _8011_/Y (sky130_fd_sc_hd__xnor2_1)
                                         _3681_ (net)
                  0.46    0.00   28.89 ^ _8031_/A2 (sky130_fd_sc_hd__o22ai_1)
     1    0.00    0.31    0.33   29.23 v _8031_/Y (sky130_fd_sc_hd__o22ai_1)
                                         _3701_ (net)
                  0.31    0.00   29.23 v _8033_/A2 (sky130_fd_sc_hd__o21ai_0)
     1    0.00    0.36    0.57   29.79 ^ _8033_/Y (sky130_fd_sc_hd__o21ai_0)
                                         _0151_ (net)
                  0.36    0.00   29.80 ^ cpu/reg_next_pc[30]$_SDFFE_PN0P_/D (sky130_fd_sc_hd__dfxtp_1)
                                 29.80   data arrival time
-----------------------------------------------------------------------------
(Path is unconstrained)


Startpoint: cpu/decoder_trigger$_DFF_P_ (rising edge-triggered flip-flop)
Endpoint: cpu/count_instr[57]$_SDFFE_PN0P_ (rising edge-triggered flip-flop)
Path Group: unconstrained
Path Type: max
Corner: slow

Fanout     Cap    Slew   Delay    Time   Description
-----------------------------------------------------------------------------
                  4.59    0.00    0.00 ^ cpu/decoder_trigger$_DFF_P_/CLK (sky130_fd_sc_hd__dfxtp_1)
    35    0.15    4.83    6.64    6.64 ^ cpu/decoder_trigger$_DFF_P_/Q (sky130_fd_sc_hd__dfxtp_1)
                                         _3425_ (net)
                  4.83    0.01    6.65 ^ _8620_/D (sky130_fd_sc_hd__and4_1)
     4    0.01    0.38    2.54    9.19 ^ _8620_/X (sky130_fd_sc_hd__and4_1)
                                         _4149_ (net)
                  0.38    0.00    9.19 ^ _8621_/D (sky130_fd_sc_hd__and4_1)
     5    0.01    0.41    0.91   10.10 ^ _8621_/X (sky130_fd_sc_hd__and4_1)
                                         _4150_ (net)
                  0.41    0.00   10.10 ^ _8622_/D (sky130_fd_sc_hd__and4_1)
     5    0.01    0.44    0.95   11.06 ^ _8622_/X (sky130_fd_sc_hd__and4_1)
                                         _4151_ (net)
                  0.44    0.00   11.06 ^ _8623_/D (sky130_fd_sc_hd__and4_1)
     5    0.01    0.44    0.97   12.02 ^ _8623_/X (sky130_fd_sc_hd__and4_1)
                                         _4152_ (net)
                  0.44    0.00   12.02 ^ _8624_/D (sky130_fd_sc_hd__and4_1)
     5    0.01    0.45    0.97   12.99 ^ _8624_/X (sky130_fd_sc_hd__and4_1)
                                         _4153_ (net)
                  0.45    0.00   13.00 ^ _8625_/D (sky130_fd_sc_hd__and4_1)
     4    0.01    0.37    0.91   13.91 ^ _8625_/X (sky130_fd_sc_hd__and4_1)
                                         _4154_ (net)
                  0.37    0.00   13.91 ^ _8626_/D (sky130_fd_sc_hd__and4_1)
     5    0.01    0.40    0.90   14.81 ^ _8626_/X (sky130_fd_sc_hd__and4_1)
                                         _4155_ (net)
                  0.40    0.00   14.81 ^ _8627_/D (sky130_fd_sc_hd__and4_1)
     5    0.01    0.41    0.92   15.73 ^ _8627_/X (sky130_fd_sc_hd__and4_1)
                                         _4156_ (net)
                  0.41    0.00   15.74 ^ _8628_/D (sky130_fd_sc_hd__and4_1)
     5    0.01    0.45    0.96   16.69 ^ _8628_/X (sky130_fd_sc_hd__and4_1)
                                         _4157_ (net)
                  0.45    0.00   16.69 ^ _8629_/D (sky130_fd_sc_hd__and4_1)
     5    0.01    0.41    0.94   17.63 ^ _8629_/X (sky130_fd_sc_hd__and4_1)
                                         _4158_ (net)
                  0.41    0.00   17.63 ^ _8630_/D (sky130_fd_sc_hd__and4_1)
     5    0.01    0.47    0.97   18.61 ^ _8630_/X (sky130_fd_sc_hd__and4_1)
                                         _4159_ (net)
                  0.47    0.00   18.61 ^ _8631_/D (sky130_fd_sc_hd__and4_1)
     5    0.01    0.45    0.98   19.59 ^ _8631_/X (sky130_fd_sc_hd__and4_1)
                                         _4160_ (net)
                  0.45    0.00   19.59 ^ _8632_/D (sky130_fd_sc_hd__and4_1)
     5    0.01    0.52    1.03   20.62 ^ _8632_/X (sky130_fd_sc_hd__and4_1)
                                         _4161_ (net)
                  0.52    0.00   20.62 ^ _8633_/D (sky130_fd_sc_hd__nand4_1)
     2    0.01    0.29    0.54   21.16 v _8633_/Y (sky130_fd_sc_hd__nand4_1)
                                         _4162_ (net)
                  0.29    0.00   21.16 v _8634_/D (sky130_fd_sc_hd__nor4_2)
     5    0.01    1.56    1.47   22.63 ^ _8634_/Y (sky130_fd_sc_hd__nor4_2)
                                         _4163_ (net)
                  1.56    0.00   22.63 ^ _8635_/D (sky130_fd_sc_hd__nand4_1)
     5    0.01    0.50    1.13   23.76 v _8635_/Y (sky130_fd_sc_hd__nand4_1)
                                         _4164_ (net)
                  0.50    0.00   23.76 v _8636_/D (sky130_fd_sc_hd__nor4_1)
     4    0.01    1.98    1.89   25.65 ^ _8636_/Y (sky130_fd_sc_hd__nor4_1)
                                         _4165_ (net)
                  1.98    0.00   25.65 ^ _8637_/C (sky130_fd_sc_hd__and3_1)
     5    0.01    0.38    1.45   27.11 ^ _8637_/X (sky130_fd_sc_hd__and3_1)
                                         _4166_ (net)
                  0.38    0.00   27.11 ^ _8638_/D (sky130_fd_sc_hd__and4_1)
     6    0.01    0.53    1.01   28.12 ^ _8638_/X (sky130_fd_sc_hd__and4_1)
                                         _4167_ (net)
                  0.53    0.00   28.12 ^ _8639_/D (sky130_fd_sc_hd__and4_1)
     6    0.01    0.53    1.07   29.19 ^ _8639_/X (sky130_fd_sc_hd__and4_1)
                                         _4168_ (net)
                  0.53    0.00   29.19 ^ _8658_/A (sky130_fd_sc_hd__nor2_1)
     1    0.00    0.08    0.29   29.48 v _8658_/Y (sky130_fd_sc_hd__nor2_1)
                                         _0299_ (net)
                  0.08    0.00   29.48 v cpu/count_instr[57]$_SDFFE_PN0P_/D (sky130_fd_sc_hd__dfxtp_1)
                                 29.48   data arrival time
-----------------------------------------------------------------------------
(Path is unconstrained)


Startpoint: cpu/latched_stalu$_SDFFE_PN0P_ (rising edge-triggered flip-flop)
Endpoint: cpu/reg_next_pc[28]$_SDFFE_PN0P_ (rising edge-triggered flip-flop)
Path Group: unconstrained
Path Type: max
Corner: slow

Fanout     Cap    Slew   Delay    Time   Description
-----------------------------------------------------------------------------
                  4.59    0.00    0.00 ^ cpu/latched_stalu$_SDFFE_PN0P_/CLK (sky130_fd_sc_hd__dfxtp_1)
     3    0.01    0.48    3.47    3.47 ^ cpu/latched_stalu$_SDFFE_PN0P_/Q (sky130_fd_sc_hd__dfxtp_1)
                                         _2675_ (net)
                  0.48    0.00    3.47 ^ place238/A (sky130_fd_sc_hd__buf_4)
    31    0.20    2.07    1.92    5.39 ^ place238/X (sky130_fd_sc_hd__buf_4)
                                         net238 (net)
                  2.07    0.01    5.40 ^ _6975_/S (sky130_fd_sc_hd__mux2_2)
     2    0.01    0.20    2.39    7.79 v _6975_/X (sky130_fd_sc_hd__mux2_2)
                                         _2791_ (net)
                  0.20    0.00    7.79 v _7887_/A1 (sky130_fd_sc_hd__mux2i_1)
     5    0.02    1.79    1.64    9.43 ^ _7887_/Y (sky130_fd_sc_hd__mux2i_1)
                                         _3562_ (net)
                  1.79    0.00    9.43 ^ _7962_/B (sky130_fd_sc_hd__xnor2_1)
     2    0.00    0.64    1.07   10.51 ^ _7962_/Y (sky130_fd_sc_hd__xnor2_1)
                                         _3632_ (net)
                  0.64    0.00   10.51 ^ _7963_/A (sky130_fd_sc_hd__inv_1)
     2    0.01    0.14    0.39   10.90 v _7963_/Y (sky130_fd_sc_hd__inv_1)
                                         _3633_ (net)
                  0.14    0.00   10.90 v _7974_/A1 (sky130_fd_sc_hd__o311ai_1)
     3    0.01    1.96    2.03   12.93 ^ _7974_/Y (sky130_fd_sc_hd__o311ai_1)
                                         _3644_ (net)
                  1.96    0.00   12.93 ^ _7977_/A3 (sky130_fd_sc_hd__a311oi_1)
     3    0.01    0.48    1.28   14.21 v _7977_/Y (sky130_fd_sc_hd__a311oi_1)
                                         _3647_ (net)
                  0.48    0.00   14.21 v _7980_/A3 (sky130_fd_sc_hd__o311ai_1)
     4    0.02    2.71    2.68   16.89 ^ _7980_/Y (sky130_fd_sc_hd__o311ai_1)
                                         _3650_ (net)
                  2.71    0.00   16.89 ^ _7983_/A3 (sky130_fd_sc_hd__a311oi_2)
     3    0.01    0.31    1.33   18.22 v _7983_/Y (sky130_fd_sc_hd__a311oi_2)
                                         _3653_ (net)
                  0.31    0.00   18.22 v _7986_/A3 (sky130_fd_sc_hd__o311ai_1)
     3    0.01    1.90    1.94   20.16 ^ _7986_/Y (sky130_fd_sc_hd__o311ai_1)
                                         _3656_ (net)
                  1.90    0.00   20.16 ^ _7988_/A3 (sky130_fd_sc_hd__a31oi_1)
     2    0.01    0.37    1.14   21.30 v _7988_/Y (sky130_fd_sc_hd__a31oi_1)
                                         _3658_ (net)
                  0.37    0.00   21.30 v _7990_/A2 (sky130_fd_sc_hd__o21bai_1)
     3    0.01    0.70    0.89   22.19 ^ _7990_/Y (sky130_fd_sc_hd__o21bai_1)
                                         _3660_ (net)
                  0.70    0.00   22.19 ^ _7993_/A2 (sky130_fd_sc_hd__a211o_1)
     3    0.01    0.22    0.69   22.88 ^ _7993_/X (sky130_fd_sc_hd__a211o_1)
                                         _3663_ (net)
                  0.22    0.00   22.88 ^ _7995_/A3 (sky130_fd_sc_hd__a31oi_1)
     3    0.01    0.35    0.42   23.30 v _7995_/Y (sky130_fd_sc_hd__a31oi_1)
                                         _3665_ (net)
                  0.35    0.00   23.30 v _8000_/A2 (sky130_fd_sc_hd__a211o_1)
     4    0.01    0.21    1.51   24.81 v _8000_/X (sky130_fd_sc_hd__a211o_1)
                                         _3670_ (net)
                  0.21    0.00   24.81 v _8001_/B (sky130_fd_sc_hd__nor2_1)
     2    0.01    0.49    0.55   25.36 ^ _8001_/Y (sky130_fd_sc_hd__nor2_1)
                                         _3671_ (net)
                  0.49    0.00   25.36 ^ _8003_/A2 (sky130_fd_sc_hd__a21o_1)
     2    0.00    0.17    0.53   25.89 ^ _8003_/X (sky130_fd_sc_hd__a21o_1)
                                         _3673_ (net)
                  0.17    0.00   25.89 ^ _8004_/B (sky130_fd_sc_hd__and2_1)
     4    0.01    0.46    0.63   26.52 ^ _8004_/X (sky130_fd_sc_hd__and2_1)
                                         _3674_ (net)
                  0.46    0.00   26.52 ^ _8054_/A2 (sky130_fd_sc_hd__a21oi_1)
     2    0.00    0.16    0.35   26.87 v _8054_/Y (sky130_fd_sc_hd__a21oi_1)
                                         _3722_ (net)
                  0.16    0.00   26.87 v _8055_/B (sky130_fd_sc_hd__nor2_1)
     3    0.01    0.62    0.62   27.49 ^ _8055_/Y (sky130_fd_sc_hd__nor2_1)
                                         _3723_ (net)
                  0.62    0.00   27.49 ^ _8056_/C (sky130_fd_sc_hd__nor3_1)
     1    0.00    0.13    0.33   27.82 v _8056_/Y (sky130_fd_sc_hd__nor3_1)
                                         _3724_ (net)
                  0.13    0.00   27.82 v _8060_/A1 (sky130_fd_sc_hd__o221ai_1)
     1    0.00    0.59    0.75   28.57 ^ _8060_/Y (sky130_fd_sc_hd__o221ai_1)
                                         _3728_ (net)
                  0.59    0.00   28.57 ^ _8061_/B1 (sky130_fd_sc_hd__o21ai_0)
     1    0.00    0.35    0.42   28.99 v _8061_/Y (sky130_fd_sc_hd__o21ai_0)
                                         _3729_ (net)
                  0.35    0.00   28.99 v _8062_/B (sky130_fd_sc_hd__nand2_1)
     1    0.00    0.12    0.34   29.33 ^ _8062_/Y (sky130_fd_sc_hd__nand2_1)
                                         _0153_ (net)
                  0.12    0.00   29.33 ^ cpu/reg_next_pc[28]$_SDFFE_PN0P_/D (sky130_fd_sc_hd__dfxtp_1)
                                 29.33   data arrival time
-----------------------------------------------------------------------------
(Path is unconstrained)


