Startpoint: mem_valid$_SDFFCE_PN0P_
            (rising edge-triggered flip-flop clocked by clk)
Endpoint: mem_ready$_DFF_P_ (rising edge-triggered flip-flop clocked by clk)
Path Group: clk
Path Type: min
Corner: fast

Fanout     Cap    Slew   Delay    Time   Description
-----------------------------------------------------------------------------
                          0.00    0.00   clock clk (rise edge)
                          0.00    0.00   clock source latency
     2    0.23    0.00    0.00    0.00 ^ clk (in)
                                         clk (net)
                  0.18    0.09    0.09 ^ clkbuf_regs_0_clk/A (sky130_fd_sc_hd__clkbuf_16)
     1    0.01    0.03    0.12    0.20 ^ clkbuf_regs_0_clk/X (sky130_fd_sc_hd__clkbuf_16)
                                         clk_regs (net)
                  0.03    0.00    0.21 ^ clkbuf_0_clk_regs/A (sky130_fd_sc_hd__clkbuf_16)
     2    0.03    0.04    0.10    0.30 ^ clkbuf_0_clk_regs/X (sky130_fd_sc_hd__clkbuf_16)
                                         clknet_0_clk_regs (net)
                  0.04    0.00    0.30 ^ clkbuf_1_1_0_clk_regs/A (sky130_fd_sc_hd__clkbuf_16)
     2    0.06    0.06    0.11    0.41 ^ clkbuf_1_1_0_clk_regs/X (sky130_fd_sc_hd__clkbuf_16)
                                         clknet_1_1_0_clk_regs (net)
                  0.06    0.01    0.42 ^ clkbuf_2_2_0_clk_regs/A (sky130_fd_sc_hd__clkbuf_16)
     2    0.04    0.05    0.11    0.53 ^ clkbuf_2_2_0_clk_regs/X (sky130_fd_sc_hd__clkbuf_16)
                                         clknet_2_2_0_clk_regs (net)
                  0.05    0.00    0.53 ^ clkbuf_3_5__f_clk_regs/A (sky130_fd_sc_hd__clkbuf_16)
     9    0.14    0.12    0.15    0.69 ^ clkbuf_3_5__f_clk_regs/X (sky130_fd_sc_hd__clkbuf_16)
                                         clknet_3_5__leaf_clk_regs (net)
                  0.12    0.01    0.69 ^ clkbuf_leaf_52_clk_regs/A (sky130_fd_sc_hd__clkbuf_16)
    20    0.11    0.09    0.16    0.85 ^ clkbuf_leaf_52_clk_regs/X (sky130_fd_sc_hd__clkbuf_16)
                                         clknet_leaf_52_clk_regs (net)
                  0.09    0.00    0.85 ^ mem_valid$_SDFFCE_PN0P_/CLK (sky130_fd_sc_hd__edfxtp_1)
     2    0.01    0.09    0.27    1.13 ^ mem_valid$_SDFFCE_PN0P_/Q (sky130_fd_sc_hd__edfxtp_1)
                                         mem_valid (net)
                  0.09    0.00    1.13 ^ mem_ready$_DFF_P_/D (sky130_fd_sc_hd__dfxtp_1)
                                  1.13   data arrival time

                          0.00    0.00   clock clk (rise edge)
                          0.00    0.00   clock source latency
     2    0.23    0.00    0.00    0.00 ^ clk (in)
                                         clk (net)
                  0.18    0.09    0.09 ^ clkbuf_regs_0_clk/A (sky130_fd_sc_hd__clkbuf_16)
     1    0.01    0.03    0.12    0.20 ^ clkbuf_regs_0_clk/X (sky130_fd_sc_hd__clkbuf_16)
                                         clk_regs (net)
                  0.03    0.00    0.21 ^ clkbuf_0_clk_regs/A (sky130_fd_sc_hd__clkbuf_16)
     2    0.03    0.04    0.10    0.30 ^ clkbuf_0_clk_regs/X (sky130_fd_sc_hd__clkbuf_16)
                                         clknet_0_clk_regs (net)
                  0.04    0.00    0.30 ^ clkbuf_1_1_0_clk_regs/A (sky130_fd_sc_hd__clkbuf_16)
     2    0.06    0.06    0.11    0.41 ^ clkbuf_1_1_0_clk_regs/X (sky130_fd_sc_hd__clkbuf_16)
                                         clknet_1_1_0_clk_regs (net)
                  0.06    0.01    0.42 ^ clkbuf_2_2_0_clk_regs/A (sky130_fd_sc_hd__clkbuf_16)
     2    0.04    0.05    0.11    0.53 ^ clkbuf_2_2_0_clk_regs/X (sky130_fd_sc_hd__clkbuf_16)
                                         clknet_2_2_0_clk_regs (net)
                  0.05    0.00    0.53 ^ clkbuf_3_5__f_clk_regs/A (sky130_fd_sc_hd__clkbuf_16)
     9    0.14    0.12    0.15    0.69 ^ clkbuf_3_5__f_clk_regs/X (sky130_fd_sc_hd__clkbuf_16)
                                         clknet_3_5__leaf_clk_regs (net)
                  0.12    0.01    0.69 ^ clkbuf_leaf_52_clk_regs/A (sky130_fd_sc_hd__clkbuf_16)
    20    0.11    0.09    0.16    0.85 ^ clkbuf_leaf_52_clk_regs/X (sky130_fd_sc_hd__clkbuf_16)
                                         clknet_leaf_52_clk_regs (net)
                  0.09    0.00    0.85 ^ mem_ready$_DFF_P_/CLK (sky130_fd_sc_hd__dfxtp_1)
                          0.00    0.85   clock reconvergence pessimism
                         -0.02    0.83   library hold time
                                  0.83   data required time
-----------------------------------------------------------------------------
                                  0.83   data required time
                                 -1.13   data arrival time
-----------------------------------------------------------------------------
                                  0.29   slack (MET)


