[0.294, 0.426): ********* (149)
[0.426, 0.559): ********* (146)
[0.559, 0.691): ********* (148)
[0.691, 0.823): *** (55)
[0.823, 0.956): * (15)
[0.956, 1.088): **** (66)
[1.088, 1.221): **** (61)
[1.221, 1.353): ************************************************** (800)
[1.353, 1.486): ************** (228)
[1.486, 1.618): *** (52)
[1.618, 1.750): ****** (100)
[1.750, 1.883): ****** (91)
[1.883, 2.015): ************* (212)
[2.015, 2.148): ******************************* (494)
[2.148, 2.280): ****** (91)
[2.280, 2.413): ** (27)
[2.413, 2.545):  (0)
[2.545, 2.677):  (0)
[2.677, 2.810):  (0)
[2.810, 2.942]: ** (31)
