Startpoint: rv32_soc/decoder_trigger$_DFF_P_
            (rising edge-triggered flip-flop clocked by clk)
Endpoint: rv32_soc/instr_and$_SDFFE_PN0P_
          (rising edge-triggered flip-flop clocked by clk)
Path Group: clk
Path Type: max
Corner: slow

Fanout     Cap    Slew   Delay    Time   Description
-----------------------------------------------------------------------------
                          0.00    0.00   clock clk (rise edge)
                          0.00    0.00   clock source latency
     2    0.23    0.00    0.00    0.00 ^ clk (in)
                                         clk (net)
                  0.17    0.09    0.09 ^ clkbuf_regs_0_clk/A (sky130_fd_sc_hd__clkbuf_16)
     1    0.01    0.11    0.38    0.47 ^ clkbuf_regs_0_clk/X (sky130_fd_sc_hd__clkbuf_16)
                                         clk_regs (net)
                  0.11    0.00    0.47 ^ clkbuf_0_clk_regs/A (sky130_fd_sc_hd__clkbuf_16)
     2    0.03    0.16    0.39    0.85 ^ clkbuf_0_clk_regs/X (sky130_fd_sc_hd__clkbuf_16)
                                         clknet_0_clk_regs (net)
                  0.16    0.00    0.85 ^ clkbuf_1_1_0_clk_regs/A (sky130_fd_sc_hd__clkbuf_16)
     2    0.06    0.26    0.49    1.35 ^ clkbuf_1_1_0_clk_regs/X (sky130_fd_sc_hd__clkbuf_16)
                                         clknet_1_1_0_clk_regs (net)
                  0.26    0.01    1.35 ^ clkbuf_2_2_0_clk_regs/A (sky130_fd_sc_hd__clkbuf_16)
     2    0.04    0.19    0.50    1.86 ^ clkbuf_2_2_0_clk_regs/X (sky130_fd_sc_hd__clkbuf_16)
                                         clknet_2_2_0_clk_regs (net)
                  0.19    0.00    1.86 ^ clkbuf_3_5__f_clk_regs/A (sky130_fd_sc_hd__clkbuf_16)
     9    0.13    0.52    0.71    2.57 ^ clkbuf_3_5__f_clk_regs/X (sky130_fd_sc_hd__clkbuf_16)
                                         clknet_3_5__leaf_clk_regs (net)
                  0.52    0.00    2.57 ^ clkbuf_leaf_53_clk_regs/A (sky130_fd_sc_hd__clkbuf_16)
    22    0.12    0.46    0.85    3.42 ^ clkbuf_leaf_53_clk_regs/X (sky130_fd_sc_hd__clkbuf_16)
                                         clknet_leaf_53_clk_regs (net)
                  0.46    0.00    3.42 ^ rv32_soc/decoder_trigger$_DFF_P_/CLK (sky130_fd_sc_hd__dfxtp_1)
     2    0.01    0.33    1.59    5.01 ^ rv32_soc/decoder_trigger$_DFF_P_/Q (sky130_fd_sc_hd__dfxtp_1)
                                         _0408_ (net)
                  0.33    0.00    5.01 ^ place871/A (sky130_fd_sc_hd__buf_1)
    32    0.24   10.71    8.15   13.16 ^ place871/X (sky130_fd_sc_hd__buf_1)
                                         net871 (net)
                 10.71    0.02   13.18 ^ _4400_/B_N (sky130_fd_sc_hd__nor2b_1)
     1    0.01    0.58    4.06   17.24 ^ _4400_/Y (sky130_fd_sc_hd__nor2b_1)
                                         _0056_ (net)
                  0.58    0.00   17.24 ^ place849/A (sky130_fd_sc_hd__buf_1)
    56    0.38   16.80   12.67   29.91 ^ place849/X (sky130_fd_sc_hd__buf_1)
                                         net849 (net)
                 16.80    0.18   30.08 ^ _8761_/C (sky130_fd_sc_hd__nand4_1)
     8    0.04    2.59    7.96   38.05 v _8761_/Y (sky130_fd_sc_hd__nand4_1)
                                         _4227_ (net)
                  2.59    0.00   38.05 v _8933_/A2 (sky130_fd_sc_hd__o21ai_0)
     1    0.01    0.95    2.37   40.42 ^ _8933_/Y (sky130_fd_sc_hd__o21ai_0)
                                         _0405_ (net)
                  0.95    0.00   40.42 ^ rv32_soc/instr_and$_SDFFE_PN0P_/D (sky130_fd_sc_hd__dfxtp_1)
                                 40.42   data arrival time

                         25.00   25.00   clock clk (rise edge)
                          0.00   25.00   clock source latency
     2    0.23    0.00    0.00   25.00 ^ clk (in)
                                         clk (net)
                  0.17    0.09   25.09 ^ clkbuf_regs_0_clk/A (sky130_fd_sc_hd__clkbuf_16)
     1    0.01    0.11    0.38   25.47 ^ clkbuf_regs_0_clk/X (sky130_fd_sc_hd__clkbuf_16)
                                         clk_regs (net)
                  0.11    0.00   25.47 ^ clkbuf_0_clk_regs/A (sky130_fd_sc_hd__clkbuf_16)
     2    0.03    0.16    0.39   25.85 ^ clkbuf_0_clk_regs/X (sky130_fd_sc_hd__clkbuf_16)
                                         clknet_0_clk_regs (net)
                  0.16    0.00   25.85 ^ clkbuf_1_0_0_clk_regs/A (sky130_fd_sc_hd__clkbuf_16)
     2    0.05    0.23    0.47   26.32 ^ clkbuf_1_0_0_clk_regs/X (sky130_fd_sc_hd__clkbuf_16)
                                         clknet_1_0_0_clk_regs (net)
                  0.23    0.00   26.33 ^ clkbuf_2_0_0_clk_regs/A (sky130_fd_sc_hd__clkbuf_16)
     2    0.03    0.17    0.46   26.79 ^ clkbuf_2_0_0_clk_regs/X (sky130_fd_sc_hd__clkbuf_16)
                                         clknet_2_0_0_clk_regs (net)
                  0.17    0.00   26.79 ^ clkbuf_3_1__f_clk_regs/A (sky130_fd_sc_hd__clkbuf_16)
     8    0.11    0.46    0.65   27.44 ^ clkbuf_3_1__f_clk_regs/X (sky130_fd_sc_hd__clkbuf_16)
                                         clknet_3_1__leaf_clk_regs (net)
                  0.46    0.01   27.45 ^ clkbuf_leaf_63_clk_regs/A (sky130_fd_sc_hd__clkbuf_16)
    27    0.10    0.43    0.78   28.23 ^ clkbuf_leaf_63_clk_regs/X (sky130_fd_sc_hd__clkbuf_16)
                                         clknet_leaf_63_clk_regs (net)
                  0.43    0.01   28.24 ^ rv32_soc/instr_and$_SDFFE_PN0P_/CLK (sky130_fd_sc_hd__dfxtp_1)
                          0.00   28.24   clock reconvergence pessimism
                         -0.47   27.77   library setup time
                                 27.77   data required time
-----------------------------------------------------------------------------
                                 27.77   data required time
                                -40.42   data arrival time
-----------------------------------------------------------------------------
                                -12.65   slack (VIOLATED)


