[-12.649, -10.903): ** (23)
[-10.903,  -9.157): * (14)
[ -9.157,  -7.412): ***** (63)
[ -7.412,  -5.666): ************************* (314)
[ -5.666,  -3.920): ************************************************** (626)
[ -3.920,  -2.175): ****************** (220)
[ -2.175,  -0.429): ******************************************* (540)
[ -0.429,   1.316): ********************************* (416)
[  1.316,   3.062): **** (54)
[  3.062,   4.808): ****************** (224)
[  4.808,   6.553): ***** (68)
[  6.553,   8.299): **** (47)
[  8.299,  10.045): *** (39)
[ 10.045,  11.790): ** (21)
[ 11.790,  13.536): * (9)
[ 13.536,  15.281): ** (25)
[ 15.281,  17.027): * (12)
[ 17.027,  18.773): ** (24)
[ 18.773,  20.518): * (17)
[ 20.518,  22.264]: * (10)
