[WARNING STA-0503] report_checks -group_count is deprecated. Use -group_path_count instead.
Startpoint: pcpi_rs1[1]$_DFFE_PP_
            (rising edge-triggered flip-flop clocked by clk)
Endpoint: pcpi_rs1[31]$_DFFE_PP_
          (rising edge-triggered flip-flop clocked by clk)
Path Group: clk
Path Type: max
Corner: slow

Fanout     Cap    Slew   Delay    Time   Description
-----------------------------------------------------------------------------
                  0.00    0.00    0.00   clock clk (rise edge)
                          0.00    0.00   clock network delay (ideal)
                  0.00    0.00    0.00 ^ pcpi_rs1[1]$_DFFE_PP_/CLK (sky130_fd_sc_hd__edfxtp_1)
     3    0.01    0.37    1.76    1.76 v pcpi_rs1[1]$_DFFE_PP_/Q (sky130_fd_sc_hd__edfxtp_1)
                                         net518 (net)
                  0.37    0.00    1.76 v _5903_/A (sky130_fd_sc_hd__xnor2_2)
     2    0.01    0.51    0.80    2.56 ^ _5903_/Y (sky130_fd_sc_hd__xnor2_2)
                                         _1758_ (net)
                  0.51    0.00    2.56 ^ _5905_/A2 (sky130_fd_sc_hd__o21ai_1)
     2    0.01    0.19    0.43    2.99 v _5905_/Y (sky130_fd_sc_hd__o21ai_1)
                                         _1760_ (net)
                  0.19    0.00    2.99 v _5906_/C (sky130_fd_sc_hd__maj3_2)
     2    0.01    0.20    1.46    4.45 v _5906_/X (sky130_fd_sc_hd__maj3_2)
                                         _1761_ (net)
                  0.20    0.00    4.45 v _5907_/C (sky130_fd_sc_hd__maj3_2)
     2    0.01    0.21    1.49    5.94 v _5907_/X (sky130_fd_sc_hd__maj3_2)
                                         _1762_ (net)
                  0.21    0.00    5.94 v _5908_/C (sky130_fd_sc_hd__maj3_2)
     2    0.01    0.21    1.49    7.43 v _5908_/X (sky130_fd_sc_hd__maj3_2)
                                         _1763_ (net)
                  0.21    0.00    7.43 v _5909_/C (sky130_fd_sc_hd__maj3_2)
     3    0.01    0.23    1.53    8.96 v _5909_/X (sky130_fd_sc_hd__maj3_2)
                                         _1764_ (net)
                  0.23    0.00    8.96 v _5913_/A2 (sky130_fd_sc_hd__a211oi_2)
     2    0.01    0.71    1.04   10.01 ^ _5913_/Y (sky130_fd_sc_hd__a211oi_2)
                                         _1768_ (net)
                  0.71    0.00   10.01 ^ _5915_/A3 (sky130_fd_sc_hd__o31ai_1)
     2    0.01    0.22    0.52   10.53 v _5915_/Y (sky130_fd_sc_hd__o31ai_1)
                                         _1770_ (net)
                  0.22    0.00   10.53 v _5916_/C (sky130_fd_sc_hd__maj3_2)
     3    0.01    0.22    1.53   12.06 v _5916_/X (sky130_fd_sc_hd__maj3_2)
                                         _1771_ (net)
                  0.22    0.00   12.06 v _5919_/A2 (sky130_fd_sc_hd__a211oi_2)
     2    0.01    0.88    1.17   13.23 ^ _5919_/Y (sky130_fd_sc_hd__a211oi_2)
                                         _1774_ (net)
                  0.88    0.00   13.23 ^ _5922_/A3 (sky130_fd_sc_hd__o311ai_1)
     3    0.01    0.25    0.64   13.87 v _5922_/Y (sky130_fd_sc_hd__o311ai_1)
                                         _1777_ (net)
                  0.25    0.00   13.87 v _5924_/A3 (sky130_fd_sc_hd__a311oi_1)
     1    0.00    0.82    1.17   15.04 ^ _5924_/Y (sky130_fd_sc_hd__a311oi_1)
                                         _1779_ (net)
                  0.82    0.00   15.04 ^ place590/A (sky130_fd_sc_hd__buf_4)
     3    0.01    0.11    0.68   15.72 ^ place590/X (sky130_fd_sc_hd__buf_4)
                                         net590 (net)
                  0.11    0.00   15.72 ^ _5927_/A3 (sky130_fd_sc_hd__o311ai_1)
     3    0.01    0.30    0.32   16.04 v _5927_/Y (sky130_fd_sc_hd__o311ai_1)
                                         _1782_ (net)
                  0.30    0.00   16.04 v _5929_/A3 (sky130_fd_sc_hd__a311oi_2)
     2    0.01    0.84    1.28   17.32 ^ _5929_/Y (sky130_fd_sc_hd__a311oi_2)
                                         _1784_ (net)
                  0.84    0.00   17.32 ^ _5932_/A3 (sky130_fd_sc_hd__o311ai_1)
     3    0.01    0.29    0.66   17.97 v _5932_/Y (sky130_fd_sc_hd__o311ai_1)
                                         _1787_ (net)
                  0.29    0.00   17.97 v _5934_/A3 (sky130_fd_sc_hd__a311oi_2)
     3    0.01    1.03    1.43   19.40 ^ _5934_/Y (sky130_fd_sc_hd__a311oi_2)
                                         _1789_ (net)
                  1.03    0.00   19.40 ^ _5937_/A3 (sky130_fd_sc_hd__o311ai_1)
     2    0.01    0.22    0.67   20.07 v _5937_/Y (sky130_fd_sc_hd__o311ai_1)
                                         _1792_ (net)
                  0.22    0.00   20.07 v _5939_/A3 (sky130_fd_sc_hd__a311oi_1)
     1    0.00    0.81    1.15   21.22 ^ _5939_/Y (sky130_fd_sc_hd__a311oi_1)
                                         _1794_ (net)
                  0.81    0.00   21.22 ^ place572/A (sky130_fd_sc_hd__buf_4)
     2    0.01    0.10    0.67   21.89 ^ place572/X (sky130_fd_sc_hd__buf_4)
                                         net572 (net)
                  0.10    0.00   21.89 ^ _5941_/A3 (sky130_fd_sc_hd__o31ai_1)
     1    0.00    0.11    0.15   22.03 v _5941_/Y (sky130_fd_sc_hd__o31ai_1)
                                         _1796_ (net)
                  0.11    0.00   22.03 v place568/A (sky130_fd_sc_hd__buf_4)
     3    0.01    0.08    0.51   22.55 v place568/X (sky130_fd_sc_hd__buf_4)
                                         net568 (net)
                  0.08    0.00   22.55 v _5942_/C (sky130_fd_sc_hd__maj3_1)
     2    0.01    0.24    1.72   24.27 v _5942_/X (sky130_fd_sc_hd__maj3_1)
                                         _1797_ (net)
                  0.24    0.00   24.27 v _5943_/C (sky130_fd_sc_hd__maj3_1)
     1    0.00    0.23    1.77   26.04 v _5943_/X (sky130_fd_sc_hd__maj3_1)
                                         _1798_ (net)
                  0.23    0.00   26.04 v _5945_/A (sky130_fd_sc_hd__xnor2_1)
     1    0.00    0.40    0.62   26.66 ^ _5945_/Y (sky130_fd_sc_hd__xnor2_1)
                                         _1800_ (net)
                  0.40    0.00   26.66 ^ _6039_/A2 (sky130_fd_sc_hd__o21ai_0)
     1    0.00    0.17    0.31   26.97 v _6039_/Y (sky130_fd_sc_hd__o21ai_0)
                                         _4389_ (net)
                  0.17    0.00   26.97 v pcpi_rs1[31]$_DFFE_PP_/D (sky130_fd_sc_hd__edfxtp_1)
                                 26.97   data arrival time

                  0.00   25.00   25.00   clock clk (rise edge)
                          0.00   25.00   clock network delay (ideal)
                          0.00   25.00   clock reconvergence pessimism
                                 25.00 ^ pcpi_rs1[31]$_DFFE_PP_/CLK (sky130_fd_sc_hd__edfxtp_1)
                         -1.44   23.56   library setup time
                                 23.56   data required time
-----------------------------------------------------------------------------
                                 23.56   data required time
                                -26.97   data arrival time
-----------------------------------------------------------------------------
                                 -3.42   slack (VIOLATED)


Startpoint: rv32_soc/decoded_imm[2]$_SDFFCE_PN0P_
            (rising edge-triggered flip-flop clocked by clk)
Endpoint: rv32_soc/reg_out[31]$_DFF_P_
          (rising edge-triggered flip-flop clocked by clk)
Path Group: clk
Path Type: max
Corner: slow

Fanout     Cap    Slew   Delay    Time   Description
-----------------------------------------------------------------------------
                  0.00    0.00    0.00   clock clk (rise edge)
                          0.00    0.00   clock network delay (ideal)
                  0.00    0.00    0.00 ^ rv32_soc/decoded_imm[2]$_SDFFCE_PN0P_/CLK (sky130_fd_sc_hd__edfxtp_1)
     2    0.01    0.28    1.62    1.62 v rv32_soc/decoded_imm[2]$_SDFFCE_PN0P_/Q (sky130_fd_sc_hd__edfxtp_1)
                                         net462 (net)
                  0.28    0.00    1.62 v place876/A (sky130_fd_sc_hd__buf_4)
     4    0.01    0.09    0.65    2.26 v place876/X (sky130_fd_sc_hd__buf_4)
                                         net876 (net)
                  0.09    0.00    2.26 v _4439_/B (sky130_fd_sc_hd__xor2_1)
     2    0.00    0.11    0.60    2.87 v _4439_/X (sky130_fd_sc_hd__xor2_1)
                                         _0446_ (net)
                  0.11    0.00    2.87 v _4442_/A3 (sky130_fd_sc_hd__a311oi_1)
     1    0.00    0.86    1.12    3.99 ^ _4442_/Y (sky130_fd_sc_hd__a311oi_1)
                                         _0449_ (net)
                  0.86    0.00    3.99 ^ place752/A (sky130_fd_sc_hd__buf_4)
     2    0.01    0.10    0.70    4.69 ^ place752/X (sky130_fd_sc_hd__buf_4)
                                         net752 (net)
                  0.10    0.00    4.69 ^ _4444_/A3 (sky130_fd_sc_hd__o31ai_1)
     2    0.01    0.21    0.22    4.91 v _4444_/Y (sky130_fd_sc_hd__o31ai_1)
                                         _0451_ (net)
                  0.21    0.00    4.91 v _4445_/C (sky130_fd_sc_hd__maj3_1)
     2    0.01    0.26    1.81    6.71 v _4445_/X (sky130_fd_sc_hd__maj3_1)
                                         _0452_ (net)
                  0.26    0.00    6.71 v _4446_/C (sky130_fd_sc_hd__maj3_1)
     2    0.01    0.24    1.80    8.52 v _4446_/X (sky130_fd_sc_hd__maj3_1)
                                         _0453_ (net)
                  0.24    0.00    8.52 v _4447_/C (sky130_fd_sc_hd__maj3_1)
     2    0.01    0.24    1.80   10.31 v _4447_/X (sky130_fd_sc_hd__maj3_1)
                                         _0454_ (net)
                  0.24    0.00   10.31 v _4448_/C (sky130_fd_sc_hd__maj3_2)
     2    0.01    0.20    1.49   11.81 v _4448_/X (sky130_fd_sc_hd__maj3_2)
                                         _0455_ (net)
                  0.20    0.00   11.81 v _4449_/C (sky130_fd_sc_hd__maj3_1)
     2    0.01    0.26    1.81   13.61 v _4449_/X (sky130_fd_sc_hd__maj3_1)
                                         _0456_ (net)
                  0.26    0.00   13.61 v _4452_/A2 (sky130_fd_sc_hd__a211oi_2)
     3    0.01    0.89    1.21   14.82 ^ _4452_/Y (sky130_fd_sc_hd__a211oi_2)
                                         _0459_ (net)
                  0.89    0.00   14.82 ^ _4454_/A3 (sky130_fd_sc_hd__o31ai_1)
     3    0.01    0.20    0.59   15.41 v _4454_/Y (sky130_fd_sc_hd__o31ai_1)
                                         _0461_ (net)
                  0.20    0.00   15.41 v _4456_/A2 (sky130_fd_sc_hd__o21ai_1)
     2    0.01    0.76    0.81   16.22 ^ _4456_/Y (sky130_fd_sc_hd__o21ai_1)
                                         _0463_ (net)
                  0.76    0.00   16.22 ^ _4459_/A2 (sky130_fd_sc_hd__o211ai_1)
     2    0.01    0.23    0.55   16.77 v _4459_/Y (sky130_fd_sc_hd__o211ai_1)
                                         _0466_ (net)
                  0.23    0.00   16.77 v _4462_/A3 (sky130_fd_sc_hd__a311o_1)
     2    0.01    0.18    1.69   18.46 v _4462_/X (sky130_fd_sc_hd__a311o_1)
                                         _0469_ (net)
                  0.18    0.00   18.46 v _4463_/C (sky130_fd_sc_hd__nand3_1)
     3    0.01    0.47    0.46   18.92 ^ _4463_/Y (sky130_fd_sc_hd__nand3_1)
                                         _0470_ (net)
                  0.47    0.00   18.93 ^ _4466_/A3 (sky130_fd_sc_hd__a311oi_1)
     2    0.01    0.28    0.51   19.44 v _4466_/Y (sky130_fd_sc_hd__a311oi_1)
                                         _0473_ (net)
                  0.28    0.00   19.44 v _4470_/A3 (sky130_fd_sc_hd__o311ai_2)
     2    0.01    0.89    1.10   20.54 ^ _4470_/Y (sky130_fd_sc_hd__o311ai_2)
                                         _0477_ (net)
                  0.89    0.00   20.54 ^ _4473_/A3 (sky130_fd_sc_hd__a311oi_1)
     2    0.01    0.27    0.69   21.23 v _4473_/Y (sky130_fd_sc_hd__a311oi_1)
                                         _0480_ (net)
                  0.27    0.00   21.23 v _4477_/A3 (sky130_fd_sc_hd__o311ai_2)
     2    0.01    0.93    1.13   22.36 ^ _4477_/Y (sky130_fd_sc_hd__o311ai_2)
                                         _0484_ (net)
                  0.93    0.00   22.36 ^ _4480_/A3 (sky130_fd_sc_hd__a311oi_1)
     2    0.01    0.22    0.66   23.02 v _4480_/Y (sky130_fd_sc_hd__a311oi_1)
                                         _0487_ (net)
                  0.22    0.00   23.02 v _4482_/A2 (sky130_fd_sc_hd__o21ai_1)
     2    0.00    0.54    0.65   23.67 ^ _4482_/Y (sky130_fd_sc_hd__o21ai_1)
                                         _0489_ (net)
                  0.54    0.00   23.67 ^ _4484_/A2 (sky130_fd_sc_hd__a21oi_1)
     2    0.00    0.13    0.39   24.06 v _4484_/Y (sky130_fd_sc_hd__a21oi_1)
                                         _0491_ (net)
                  0.13    0.00   24.06 v _5118_/B (sky130_fd_sc_hd__or3_1)
     1    0.00    0.22    1.82   25.88 v _5118_/X (sky130_fd_sc_hd__or3_1)
                                         _1010_ (net)
                  0.22    0.00   25.88 v _5126_/A2 (sky130_fd_sc_hd__a31o_1)
     1    0.00    0.08    0.87   26.75 v _5126_/X (sky130_fd_sc_hd__a31o_1)
                                         _4357_ (net)
                  0.08    0.00   26.75 v rv32_soc/reg_out[31]$_DFF_P_/D (sky130_fd_sc_hd__dfxtp_1)
                                 26.75   data arrival time

                  0.00   25.00   25.00   clock clk (rise edge)
                          0.00   25.00   clock network delay (ideal)
                          0.00   25.00   clock reconvergence pessimism
                                 25.00 ^ rv32_soc/reg_out[31]$_DFF_P_/CLK (sky130_fd_sc_hd__dfxtp_1)
                         -0.83   24.17   library setup time
                                 24.17   data required time
-----------------------------------------------------------------------------
                                 24.17   data required time
                                -26.75   data arrival time
-----------------------------------------------------------------------------
                                 -2.57   slack (VIOLATED)


Startpoint: pcpi_rs1[1]$_DFFE_PP_
            (rising edge-triggered flip-flop clocked by clk)
Endpoint: pcpi_rs1[30]$_DFFE_PP_
          (rising edge-triggered flip-flop clocked by clk)
Path Group: clk
Path Type: max
Corner: slow

Fanout     Cap    Slew   Delay    Time   Description
-----------------------------------------------------------------------------
                  0.00    0.00    0.00   clock clk (rise edge)
                          0.00    0.00   clock network delay (ideal)
                  0.00    0.00    0.00 ^ pcpi_rs1[1]$_DFFE_PP_/CLK (sky130_fd_sc_hd__edfxtp_1)
     3    0.01    0.37    1.76    1.76 v pcpi_rs1[1]$_DFFE_PP_/Q (sky130_fd_sc_hd__edfxtp_1)
                                         net518 (net)
                  0.37    0.00    1.76 v _5903_/A (sky130_fd_sc_hd__xnor2_2)
     2    0.01    0.51    0.80    2.56 ^ _5903_/Y (sky130_fd_sc_hd__xnor2_2)
                                         _1758_ (net)
                  0.51    0.00    2.56 ^ _5905_/A2 (sky130_fd_sc_hd__o21ai_1)
     2    0.01    0.19    0.43    2.99 v _5905_/Y (sky130_fd_sc_hd__o21ai_1)
                                         _1760_ (net)
                  0.19    0.00    2.99 v _5906_/C (sky130_fd_sc_hd__maj3_2)
     2    0.01    0.20    1.46    4.45 v _5906_/X (sky130_fd_sc_hd__maj3_2)
                                         _1761_ (net)
                  0.20    0.00    4.45 v _5907_/C (sky130_fd_sc_hd__maj3_2)
     2    0.01    0.21    1.49    5.94 v _5907_/X (sky130_fd_sc_hd__maj3_2)
                                         _1762_ (net)
                  0.21    0.00    5.94 v _5908_/C (sky130_fd_sc_hd__maj3_2)
     2    0.01    0.21    1.49    7.43 v _5908_/X (sky130_fd_sc_hd__maj3_2)
                                         _1763_ (net)
                  0.21    0.00    7.43 v _5909_/C (sky130_fd_sc_hd__maj3_2)
     3    0.01    0.23    1.53    8.96 v _5909_/X (sky130_fd_sc_hd__maj3_2)
                                         _1764_ (net)
                  0.23    0.00    8.96 v _5913_/A2 (sky130_fd_sc_hd__a211oi_2)
     2    0.01    0.71    1.04   10.01 ^ _5913_/Y (sky130_fd_sc_hd__a211oi_2)
                                         _1768_ (net)
                  0.71    0.00   10.01 ^ _5915_/A3 (sky130_fd_sc_hd__o31ai_1)
     2    0.01    0.22    0.52   10.53 v _5915_/Y (sky130_fd_sc_hd__o31ai_1)
                                         _1770_ (net)
                  0.22    0.00   10.53 v _5916_/C (sky130_fd_sc_hd__maj3_2)
     3    0.01    0.22    1.53   12.06 v _5916_/X (sky130_fd_sc_hd__maj3_2)
                                         _1771_ (net)
                  0.22    0.00   12.06 v _5919_/A2 (sky130_fd_sc_hd__a211oi_2)
     2    0.01    0.88    1.17   13.23 ^ _5919_/Y (sky130_fd_sc_hd__a211oi_2)
                                         _1774_ (net)
                  0.88    0.00   13.23 ^ _5922_/A3 (sky130_fd_sc_hd__o311ai_1)
     3    0.01    0.25    0.64   13.87 v _5922_/Y (sky130_fd_sc_hd__o311ai_1)
                                         _1777_ (net)
                  0.25    0.00   13.87 v _5924_/A3 (sky130_fd_sc_hd__a311oi_1)
     1    0.00    0.82    1.17   15.04 ^ _5924_/Y (sky130_fd_sc_hd__a311oi_1)
                                         _1779_ (net)
                  0.82    0.00   15.04 ^ place590/A (sky130_fd_sc_hd__buf_4)
     3    0.01    0.11    0.68   15.72 ^ place590/X (sky130_fd_sc_hd__buf_4)
                                         net590 (net)
                  0.11    0.00   15.72 ^ _5927_/A3 (sky130_fd_sc_hd__o311ai_1)
     3    0.01    0.30    0.32   16.04 v _5927_/Y (sky130_fd_sc_hd__o311ai_1)
                                         _1782_ (net)
                  0.30    0.00   16.04 v _5929_/A3 (sky130_fd_sc_hd__a311oi_2)
     2    0.01    0.84    1.28   17.32 ^ _5929_/Y (sky130_fd_sc_hd__a311oi_2)
                                         _1784_ (net)
                  0.84    0.00   17.32 ^ _5932_/A3 (sky130_fd_sc_hd__o311ai_1)
     3    0.01    0.29    0.66   17.97 v _5932_/Y (sky130_fd_sc_hd__o311ai_1)
                                         _1787_ (net)
                  0.29    0.00   17.97 v _5934_/A3 (sky130_fd_sc_hd__a311oi_2)
     3    0.01    1.03    1.43   19.40 ^ _5934_/Y (sky130_fd_sc_hd__a311oi_2)
                                         _1789_ (net)
                  1.03    0.00   19.40 ^ _5937_/A3 (sky130_fd_sc_hd__o311ai_1)
     2    0.01    0.22    0.67   20.07 v _5937_/Y (sky130_fd_sc_hd__o311ai_1)
                                         _1792_ (net)
                  0.22    0.00   20.07 v _5939_/A3 (sky130_fd_sc_hd__a311oi_1)
     1    0.00    0.81    1.15   21.22 ^ _5939_/Y (sky130_fd_sc_hd__a311oi_1)
                                         _1794_ (net)
                  0.81    0.00   21.22 ^ place572/A (sky130_fd_sc_hd__buf_4)
     2    0.01    0.10    0.67   21.89 ^ place572/X (sky130_fd_sc_hd__buf_4)
                                         net572 (net)
                  0.10    0.00   21.89 ^ _5941_/A3 (sky130_fd_sc_hd__o31ai_1)
     1    0.00    0.11    0.15   22.03 v _5941_/Y (sky130_fd_sc_hd__o31ai_1)
                                         _1796_ (net)
                  0.11    0.00   22.03 v place568/A (sky130_fd_sc_hd__buf_4)
     3    0.01    0.08    0.51   22.55 v place568/X (sky130_fd_sc_hd__buf_4)
                                         net568 (net)
                  0.08    0.00   22.55 v _5942_/C (sky130_fd_sc_hd__maj3_1)
     2    0.01    0.24    1.72   24.27 v _5942_/X (sky130_fd_sc_hd__maj3_1)
                                         _1797_ (net)
                  0.24    0.00   24.27 v place562/A (sky130_fd_sc_hd__buf_4)
     1    0.00    0.07    0.58   24.85 v place562/X (sky130_fd_sc_hd__buf_4)
                                         net562 (net)
                  0.07    0.00   24.85 v _6695_/A (sky130_fd_sc_hd__xnor2_1)
     1    0.00    0.47    0.58   25.42 ^ _6695_/Y (sky130_fd_sc_hd__xnor2_1)
                                         _2482_ (net)
                  0.47    0.00   25.42 ^ _6740_/A2 (sky130_fd_sc_hd__o221ai_1)
     1    0.00    0.19    0.41   25.84 v _6740_/Y (sky130_fd_sc_hd__o221ai_1)
                                         _4388_ (net)
                  0.19    0.00   25.84 v pcpi_rs1[30]$_DFFE_PP_/D (sky130_fd_sc_hd__edfxtp_1)
                                 25.84   data arrival time

                  0.00   25.00   25.00   clock clk (rise edge)
                          0.00   25.00   clock network delay (ideal)
                          0.00   25.00   clock reconvergence pessimism
                                 25.00 ^ pcpi_rs1[30]$_DFFE_PP_/CLK (sky130_fd_sc_hd__edfxtp_1)
                         -1.46   23.54   library setup time
                                 23.54   data required time
-----------------------------------------------------------------------------
                                 23.54   data required time
                                -25.84   data arrival time
-----------------------------------------------------------------------------
                                 -2.30   slack (VIOLATED)


Startpoint: pcpi_rs1[1]$_DFFE_PP_
            (rising edge-triggered flip-flop clocked by clk)
Endpoint: pcpi_rs1[29]$_DFFE_PP_
          (rising edge-triggered flip-flop clocked by clk)
Path Group: clk
Path Type: max
Corner: slow

Fanout     Cap    Slew   Delay    Time   Description
-----------------------------------------------------------------------------
                  0.00    0.00    0.00   clock clk (rise edge)
                          0.00    0.00   clock network delay (ideal)
                  0.00    0.00    0.00 ^ pcpi_rs1[1]$_DFFE_PP_/CLK (sky130_fd_sc_hd__edfxtp_1)
     3    0.01    0.37    1.76    1.76 v pcpi_rs1[1]$_DFFE_PP_/Q (sky130_fd_sc_hd__edfxtp_1)
                                         net518 (net)
                  0.37    0.00    1.76 v _5903_/A (sky130_fd_sc_hd__xnor2_2)
     2    0.01    0.51    0.80    2.56 ^ _5903_/Y (sky130_fd_sc_hd__xnor2_2)
                                         _1758_ (net)
                  0.51    0.00    2.56 ^ _5905_/A2 (sky130_fd_sc_hd__o21ai_1)
     2    0.01    0.19    0.43    2.99 v _5905_/Y (sky130_fd_sc_hd__o21ai_1)
                                         _1760_ (net)
                  0.19    0.00    2.99 v _5906_/C (sky130_fd_sc_hd__maj3_2)
     2    0.01    0.20    1.46    4.45 v _5906_/X (sky130_fd_sc_hd__maj3_2)
                                         _1761_ (net)
                  0.20    0.00    4.45 v _5907_/C (sky130_fd_sc_hd__maj3_2)
     2    0.01    0.21    1.49    5.94 v _5907_/X (sky130_fd_sc_hd__maj3_2)
                                         _1762_ (net)
                  0.21    0.00    5.94 v _5908_/C (sky130_fd_sc_hd__maj3_2)
     2    0.01    0.21    1.49    7.43 v _5908_/X (sky130_fd_sc_hd__maj3_2)
                                         _1763_ (net)
                  0.21    0.00    7.43 v _5909_/C (sky130_fd_sc_hd__maj3_2)
     3    0.01    0.23    1.53    8.96 v _5909_/X (sky130_fd_sc_hd__maj3_2)
                                         _1764_ (net)
                  0.23    0.00    8.96 v _5913_/A2 (sky130_fd_sc_hd__a211oi_2)
     2    0.01    0.71    1.04   10.01 ^ _5913_/Y (sky130_fd_sc_hd__a211oi_2)
                                         _1768_ (net)
                  0.71    0.00   10.01 ^ _5915_/A3 (sky130_fd_sc_hd__o31ai_1)
     2    0.01    0.22    0.52   10.53 v _5915_/Y (sky130_fd_sc_hd__o31ai_1)
                                         _1770_ (net)
                  0.22    0.00   10.53 v _5916_/C (sky130_fd_sc_hd__maj3_2)
     3    0.01    0.22    1.53   12.06 v _5916_/X (sky130_fd_sc_hd__maj3_2)
                                         _1771_ (net)
                  0.22    0.00   12.06 v _5919_/A2 (sky130_fd_sc_hd__a211oi_2)
     2    0.01    0.88    1.17   13.23 ^ _5919_/Y (sky130_fd_sc_hd__a211oi_2)
                                         _1774_ (net)
                  0.88    0.00   13.23 ^ _5922_/A3 (sky130_fd_sc_hd__o311ai_1)
     3    0.01    0.25    0.64   13.87 v _5922_/Y (sky130_fd_sc_hd__o311ai_1)
                                         _1777_ (net)
                  0.25    0.00   13.87 v _5924_/A3 (sky130_fd_sc_hd__a311oi_1)
     1    0.00    0.82    1.17   15.04 ^ _5924_/Y (sky130_fd_sc_hd__a311oi_1)
                                         _1779_ (net)
                  0.82    0.00   15.04 ^ place590/A (sky130_fd_sc_hd__buf_4)
     3    0.01    0.11    0.68   15.72 ^ place590/X (sky130_fd_sc_hd__buf_4)
                                         net590 (net)
                  0.11    0.00   15.72 ^ _5927_/A3 (sky130_fd_sc_hd__o311ai_1)
     3    0.01    0.30    0.32   16.04 v _5927_/Y (sky130_fd_sc_hd__o311ai_1)
                                         _1782_ (net)
                  0.30    0.00   16.04 v _5929_/A3 (sky130_fd_sc_hd__a311oi_2)
     2    0.01    0.84    1.28   17.32 ^ _5929_/Y (sky130_fd_sc_hd__a311oi_2)
                                         _1784_ (net)
                  0.84    0.00   17.32 ^ _5932_/A3 (sky130_fd_sc_hd__o311ai_1)
     3    0.01    0.29    0.66   17.97 v _5932_/Y (sky130_fd_sc_hd__o311ai_1)
                                         _1787_ (net)
                  0.29    0.00   17.97 v _5934_/A3 (sky130_fd_sc_hd__a311oi_2)
     3    0.01    1.03    1.43   19.40 ^ _5934_/Y (sky130_fd_sc_hd__a311oi_2)
                                         _1789_ (net)
                  1.03    0.00   19.40 ^ _5937_/A3 (sky130_fd_sc_hd__o311ai_1)
     2    0.01    0.22    0.67   20.07 v _5937_/Y (sky130_fd_sc_hd__o311ai_1)
                                         _1792_ (net)
                  0.22    0.00   20.07 v _5939_/A3 (sky130_fd_sc_hd__a311oi_1)
     1    0.00    0.81    1.15   21.22 ^ _5939_/Y (sky130_fd_sc_hd__a311oi_1)
                                         _1794_ (net)
                  0.81    0.00   21.22 ^ place572/A (sky130_fd_sc_hd__buf_4)
     2    0.01    0.10    0.67   21.89 ^ place572/X (sky130_fd_sc_hd__buf_4)
                                         net572 (net)
                  0.10    0.00   21.89 ^ _5941_/A3 (sky130_fd_sc_hd__o31ai_1)
     1    0.00    0.11    0.15   22.03 v _5941_/Y (sky130_fd_sc_hd__o31ai_1)
                                         _1796_ (net)
                  0.11    0.00   22.03 v place568/A (sky130_fd_sc_hd__buf_4)
     3    0.01    0.08    0.51   22.55 v place568/X (sky130_fd_sc_hd__buf_4)
                                         net568 (net)
                  0.08    0.00   22.55 v _6743_/A (sky130_fd_sc_hd__or2_1)
     1    0.00    0.14    1.01   23.55 v _6743_/X (sky130_fd_sc_hd__or2_1)
                                         _2529_ (net)
                  0.14    0.00   23.55 v _6767_/A3 (sky130_fd_sc_hd__a311o_1)
     1    0.00    0.14    1.57   25.12 v _6767_/X (sky130_fd_sc_hd__a311o_1)
                                         _4386_ (net)
                  0.14    0.00   25.12 v pcpi_rs1[29]$_DFFE_PP_/D (sky130_fd_sc_hd__edfxtp_1)
                                 25.12   data arrival time

                  0.00   25.00   25.00   clock clk (rise edge)
                          0.00   25.00   clock network delay (ideal)
                          0.00   25.00   clock reconvergence pessimism
                                 25.00 ^ pcpi_rs1[29]$_DFFE_PP_/CLK (sky130_fd_sc_hd__edfxtp_1)
                         -1.42   23.58   library setup time
                                 23.58   data required time
-----------------------------------------------------------------------------
                                 23.58   data required time
                                -25.12   data arrival time
-----------------------------------------------------------------------------
                                 -1.55   slack (VIOLATED)


Startpoint: rv32_soc/decoded_imm[2]$_SDFFCE_PN0P_
            (rising edge-triggered flip-flop clocked by clk)
Endpoint: rv32_soc/reg_out[30]$_DFF_P_
          (rising edge-triggered flip-flop clocked by clk)
Path Group: clk
Path Type: max
Corner: slow

Fanout     Cap    Slew   Delay    Time   Description
-----------------------------------------------------------------------------
                  0.00    0.00    0.00   clock clk (rise edge)
                          0.00    0.00   clock network delay (ideal)
                  0.00    0.00    0.00 ^ rv32_soc/decoded_imm[2]$_SDFFCE_PN0P_/CLK (sky130_fd_sc_hd__edfxtp_1)
     2    0.01    0.28    1.62    1.62 v rv32_soc/decoded_imm[2]$_SDFFCE_PN0P_/Q (sky130_fd_sc_hd__edfxtp_1)
                                         net462 (net)
                  0.28    0.00    1.62 v place876/A (sky130_fd_sc_hd__buf_4)
     4    0.01    0.09    0.65    2.26 v place876/X (sky130_fd_sc_hd__buf_4)
                                         net876 (net)
                  0.09    0.00    2.26 v _4439_/B (sky130_fd_sc_hd__xor2_1)
     2    0.00    0.11    0.60    2.87 v _4439_/X (sky130_fd_sc_hd__xor2_1)
                                         _0446_ (net)
                  0.11    0.00    2.87 v _4442_/A3 (sky130_fd_sc_hd__a311oi_1)
     1    0.00    0.86    1.12    3.99 ^ _4442_/Y (sky130_fd_sc_hd__a311oi_1)
                                         _0449_ (net)
                  0.86    0.00    3.99 ^ place752/A (sky130_fd_sc_hd__buf_4)
     2    0.01    0.10    0.70    4.69 ^ place752/X (sky130_fd_sc_hd__buf_4)
                                         net752 (net)
                  0.10    0.00    4.69 ^ _4444_/A3 (sky130_fd_sc_hd__o31ai_1)
     2    0.01    0.21    0.22    4.91 v _4444_/Y (sky130_fd_sc_hd__o31ai_1)
                                         _0451_ (net)
                  0.21    0.00    4.91 v _4445_/C (sky130_fd_sc_hd__maj3_1)
     2    0.01    0.26    1.81    6.71 v _4445_/X (sky130_fd_sc_hd__maj3_1)
                                         _0452_ (net)
                  0.26    0.00    6.71 v _4446_/C (sky130_fd_sc_hd__maj3_1)
     2    0.01    0.24    1.80    8.52 v _4446_/X (sky130_fd_sc_hd__maj3_1)
                                         _0453_ (net)
                  0.24    0.00    8.52 v _4447_/C (sky130_fd_sc_hd__maj3_1)
     2    0.01    0.24    1.80   10.31 v _4447_/X (sky130_fd_sc_hd__maj3_1)
                                         _0454_ (net)
                  0.24    0.00   10.31 v _4448_/C (sky130_fd_sc_hd__maj3_2)
     2    0.01    0.20    1.49   11.81 v _4448_/X (sky130_fd_sc_hd__maj3_2)
                                         _0455_ (net)
                  0.20    0.00   11.81 v _4449_/C (sky130_fd_sc_hd__maj3_1)
     2    0.01    0.26    1.81   13.61 v _4449_/X (sky130_fd_sc_hd__maj3_1)
                                         _0456_ (net)
                  0.26    0.00   13.61 v _4452_/A2 (sky130_fd_sc_hd__a211oi_2)
     3    0.01    0.89    1.21   14.82 ^ _4452_/Y (sky130_fd_sc_hd__a211oi_2)
                                         _0459_ (net)
                  0.89    0.00   14.82 ^ _4454_/A3 (sky130_fd_sc_hd__o31ai_1)
     3    0.01    0.20    0.59   15.41 v _4454_/Y (sky130_fd_sc_hd__o31ai_1)
                                         _0461_ (net)
                  0.20    0.00   15.41 v _4456_/A2 (sky130_fd_sc_hd__o21ai_1)
     2    0.01    0.76    0.81   16.22 ^ _4456_/Y (sky130_fd_sc_hd__o21ai_1)
                                         _0463_ (net)
                  0.76    0.00   16.22 ^ _4459_/A2 (sky130_fd_sc_hd__o211ai_1)
     2    0.01    0.23    0.55   16.77 v _4459_/Y (sky130_fd_sc_hd__o211ai_1)
                                         _0466_ (net)
                  0.23    0.00   16.77 v _4462_/A3 (sky130_fd_sc_hd__a311o_1)
     2    0.01    0.18    1.69   18.46 v _4462_/X (sky130_fd_sc_hd__a311o_1)
                                         _0469_ (net)
                  0.18    0.00   18.46 v _4463_/C (sky130_fd_sc_hd__nand3_1)
     3    0.01    0.47    0.46   18.92 ^ _4463_/Y (sky130_fd_sc_hd__nand3_1)
                                         _0470_ (net)
                  0.47    0.00   18.93 ^ _4466_/A3 (sky130_fd_sc_hd__a311oi_1)
     2    0.01    0.28    0.51   19.44 v _4466_/Y (sky130_fd_sc_hd__a311oi_1)
                                         _0473_ (net)
                  0.28    0.00   19.44 v _4470_/A3 (sky130_fd_sc_hd__o311ai_2)
     2    0.01    0.89    1.10   20.54 ^ _4470_/Y (sky130_fd_sc_hd__o311ai_2)
                                         _0477_ (net)
                  0.89    0.00   20.54 ^ _4473_/A3 (sky130_fd_sc_hd__a311oi_1)
     2    0.01    0.27    0.69   21.23 v _4473_/Y (sky130_fd_sc_hd__a311oi_1)
                                         _0480_ (net)
                  0.27    0.00   21.23 v _4477_/A3 (sky130_fd_sc_hd__o311ai_2)
     2    0.01    0.93    1.13   22.36 ^ _4477_/Y (sky130_fd_sc_hd__o311ai_2)
                                         _0484_ (net)
                  0.93    0.00   22.36 ^ _4480_/A3 (sky130_fd_sc_hd__a311oi_1)
     2    0.01    0.22    0.66   23.02 v _4480_/Y (sky130_fd_sc_hd__a311oi_1)
                                         _0487_ (net)
                  0.22    0.00   23.02 v _4482_/A2 (sky130_fd_sc_hd__o21ai_1)
     2    0.00    0.54    0.65   23.67 ^ _4482_/Y (sky130_fd_sc_hd__o21ai_1)
                                         _0489_ (net)
                  0.54    0.00   23.67 ^ place563/A (sky130_fd_sc_hd__buf_4)
     2    0.00    0.09    0.52   24.19 ^ place563/X (sky130_fd_sc_hd__buf_4)
                                         net563 (net)
                  0.09    0.00   24.19 ^ _4487_/B (sky130_fd_sc_hd__nand3_1)
     1    0.00    0.15    0.19   24.38 v _4487_/Y (sky130_fd_sc_hd__nand3_1)
                                         _0494_ (net)
                  0.15    0.00   24.38 v _4488_/B (sky130_fd_sc_hd__nand2_1)
     1    0.00    0.11    0.21   24.59 ^ _4488_/Y (sky130_fd_sc_hd__nand2_1)
                                         _0495_ (net)
                  0.11    0.00   24.59 ^ _4539_/A2 (sky130_fd_sc_hd__o21ai_0)
     1    0.00    0.10    0.16   24.76 v _4539_/Y (sky130_fd_sc_hd__o21ai_0)
                                         _4356_ (net)
                  0.10    0.00   24.76 v rv32_soc/reg_out[30]$_DFF_P_/D (sky130_fd_sc_hd__dfxtp_1)
                                 24.76   data arrival time

                  0.00   25.00   25.00   clock clk (rise edge)
                          0.00   25.00   clock network delay (ideal)
                          0.00   25.00   clock reconvergence pessimism
                                 25.00 ^ rv32_soc/reg_out[30]$_DFF_P_/CLK (sky130_fd_sc_hd__dfxtp_1)
                         -0.84   24.16   library setup time
                                 24.16   data required time
-----------------------------------------------------------------------------
                                 24.16   data required time
                                -24.76   data arrival time
-----------------------------------------------------------------------------
                                 -0.59   slack (VIOLATED)


Startpoint: rv32_soc/decoded_imm[2]$_SDFFCE_PN0P_
            (rising edge-triggered flip-flop clocked by clk)
Endpoint: rv32_soc/reg_out[29]$_DFF_P_
          (rising edge-triggered flip-flop clocked by clk)
Path Group: clk
Path Type: max
Corner: slow

Fanout     Cap    Slew   Delay    Time   Description
-----------------------------------------------------------------------------
                  0.00    0.00    0.00   clock clk (rise edge)
                          0.00    0.00   clock network delay (ideal)
                  0.00    0.00    0.00 ^ rv32_soc/decoded_imm[2]$_SDFFCE_PN0P_/CLK (sky130_fd_sc_hd__edfxtp_1)
     2    0.01    0.28    1.62    1.62 v rv32_soc/decoded_imm[2]$_SDFFCE_PN0P_/Q (sky130_fd_sc_hd__edfxtp_1)
                                         net462 (net)
                  0.28    0.00    1.62 v place876/A (sky130_fd_sc_hd__buf_4)
     4    0.01    0.09    0.65    2.26 v place876/X (sky130_fd_sc_hd__buf_4)
                                         net876 (net)
                  0.09    0.00    2.26 v _4439_/B (sky130_fd_sc_hd__xor2_1)
     2    0.00    0.11    0.60    2.87 v _4439_/X (sky130_fd_sc_hd__xor2_1)
                                         _0446_ (net)
                  0.11    0.00    2.87 v _4442_/A3 (sky130_fd_sc_hd__a311oi_1)
     1    0.00    0.86    1.12    3.99 ^ _4442_/Y (sky130_fd_sc_hd__a311oi_1)
                                         _0449_ (net)
                  0.86    0.00    3.99 ^ place752/A (sky130_fd_sc_hd__buf_4)
     2    0.01    0.10    0.70    4.69 ^ place752/X (sky130_fd_sc_hd__buf_4)
                                         net752 (net)
                  0.10    0.00    4.69 ^ _4444_/A3 (sky130_fd_sc_hd__o31ai_1)
     2    0.01    0.21    0.22    4.91 v _4444_/Y (sky130_fd_sc_hd__o31ai_1)
                                         _0451_ (net)
                  0.21    0.00    4.91 v _4445_/C (sky130_fd_sc_hd__maj3_1)
     2    0.01    0.26    1.81    6.71 v _4445_/X (sky130_fd_sc_hd__maj3_1)
                                         _0452_ (net)
                  0.26    0.00    6.71 v _4446_/C (sky130_fd_sc_hd__maj3_1)
     2    0.01    0.24    1.80    8.52 v _4446_/X (sky130_fd_sc_hd__maj3_1)
                                         _0453_ (net)
                  0.24    0.00    8.52 v _4447_/C (sky130_fd_sc_hd__maj3_1)
     2    0.01    0.24    1.80   10.31 v _4447_/X (sky130_fd_sc_hd__maj3_1)
                                         _0454_ (net)
                  0.24    0.00   10.31 v _4448_/C (sky130_fd_sc_hd__maj3_2)
     2    0.01    0.20    1.49   11.81 v _4448_/X (sky130_fd_sc_hd__maj3_2)
                                         _0455_ (net)
                  0.20    0.00   11.81 v _4449_/C (sky130_fd_sc_hd__maj3_1)
     2    0.01    0.26    1.81   13.61 v _4449_/X (sky130_fd_sc_hd__maj3_1)
                                         _0456_ (net)
                  0.26    0.00   13.61 v _4452_/A2 (sky130_fd_sc_hd__a211oi_2)
     3    0.01    0.89    1.21   14.82 ^ _4452_/Y (sky130_fd_sc_hd__a211oi_2)
                                         _0459_ (net)
                  0.89    0.00   14.82 ^ _4454_/A3 (sky130_fd_sc_hd__o31ai_1)
     3    0.01    0.20    0.59   15.41 v _4454_/Y (sky130_fd_sc_hd__o31ai_1)
                                         _0461_ (net)
                  0.20    0.00   15.41 v _4456_/A2 (sky130_fd_sc_hd__o21ai_1)
     2    0.01    0.76    0.81   16.22 ^ _4456_/Y (sky130_fd_sc_hd__o21ai_1)
                                         _0463_ (net)
                  0.76    0.00   16.22 ^ _4459_/A2 (sky130_fd_sc_hd__o211ai_1)
     2    0.01    0.23    0.55   16.77 v _4459_/Y (sky130_fd_sc_hd__o211ai_1)
                                         _0466_ (net)
                  0.23    0.00   16.77 v _4462_/A3 (sky130_fd_sc_hd__a311o_1)
     2    0.01    0.18    1.69   18.46 v _4462_/X (sky130_fd_sc_hd__a311o_1)
                                         _0469_ (net)
                  0.18    0.00   18.46 v _4463_/C (sky130_fd_sc_hd__nand3_1)
     3    0.01    0.47    0.46   18.92 ^ _4463_/Y (sky130_fd_sc_hd__nand3_1)
                                         _0470_ (net)
                  0.47    0.00   18.93 ^ _4466_/A3 (sky130_fd_sc_hd__a311oi_1)
     2    0.01    0.28    0.51   19.44 v _4466_/Y (sky130_fd_sc_hd__a311oi_1)
                                         _0473_ (net)
                  0.28    0.00   19.44 v _4470_/A3 (sky130_fd_sc_hd__o311ai_2)
     2    0.01    0.89    1.10   20.54 ^ _4470_/Y (sky130_fd_sc_hd__o311ai_2)
                                         _0477_ (net)
                  0.89    0.00   20.54 ^ _4473_/A3 (sky130_fd_sc_hd__a311oi_1)
     2    0.01    0.27    0.69   21.23 v _4473_/Y (sky130_fd_sc_hd__a311oi_1)
                                         _0480_ (net)
                  0.27    0.00   21.23 v _4477_/A3 (sky130_fd_sc_hd__o311ai_2)
     2    0.01    0.93    1.13   22.36 ^ _4477_/Y (sky130_fd_sc_hd__o311ai_2)
                                         _0484_ (net)
                  0.93    0.00   22.36 ^ _4480_/A3 (sky130_fd_sc_hd__a311oi_1)
     2    0.01    0.22    0.66   23.02 v _4480_/Y (sky130_fd_sc_hd__a311oi_1)
                                         _0487_ (net)
                  0.22    0.00   23.02 v _4558_/B (sky130_fd_sc_hd__nor3_1)
     1    0.00    0.60    0.77   23.78 ^ _4558_/Y (sky130_fd_sc_hd__nor3_1)
                                         _0563_ (net)
                  0.60    0.00   23.78 ^ _4559_/B (sky130_fd_sc_hd__nor2_1)
     1    0.00    0.10    0.31   24.10 v _4559_/Y (sky130_fd_sc_hd__nor2_1)
                                         _0564_ (net)
                  0.10    0.00   24.10 v _4560_/B (sky130_fd_sc_hd__nand2_1)
     1    0.00    0.15    0.20   24.30 ^ _4560_/Y (sky130_fd_sc_hd__nand2_1)
                                         _0565_ (net)
                  0.15    0.00   24.30 ^ _4561_/C1 (sky130_fd_sc_hd__o311ai_0)
     1    0.00    0.21    0.27   24.57 v _4561_/Y (sky130_fd_sc_hd__o311ai_0)
                                         _4354_ (net)
                  0.21    0.00   24.57 v rv32_soc/reg_out[29]$_DFF_P_/D (sky130_fd_sc_hd__dfxtp_1)
                                 24.57   data arrival time

                  0.00   25.00   25.00   clock clk (rise edge)
                          0.00   25.00   clock network delay (ideal)
                          0.00   25.00   clock reconvergence pessimism
                                 25.00 ^ rv32_soc/reg_out[29]$_DFF_P_/CLK (sky130_fd_sc_hd__dfxtp_1)
                         -0.91   24.09   library setup time
                                 24.09   data required time
-----------------------------------------------------------------------------
                                 24.09   data required time
                                -24.57   data arrival time
-----------------------------------------------------------------------------
                                 -0.48   slack (VIOLATED)


Startpoint: rv32_soc/decoded_imm[2]$_SDFFCE_PN0P_
            (rising edge-triggered flip-flop clocked by clk)
Endpoint: rv32_soc/reg_out[26]$_DFF_P_
          (rising edge-triggered flip-flop clocked by clk)
Path Group: clk
Path Type: max
Corner: slow

Fanout     Cap    Slew   Delay    Time   Description
-----------------------------------------------------------------------------
                  0.00    0.00    0.00   clock clk (rise edge)
                          0.00    0.00   clock network delay (ideal)
                  0.00    0.00    0.00 ^ rv32_soc/decoded_imm[2]$_SDFFCE_PN0P_/CLK (sky130_fd_sc_hd__edfxtp_1)
     2    0.01    0.28    1.62    1.62 v rv32_soc/decoded_imm[2]$_SDFFCE_PN0P_/Q (sky130_fd_sc_hd__edfxtp_1)
                                         net462 (net)
                  0.28    0.00    1.62 v place876/A (sky130_fd_sc_hd__buf_4)
     4    0.01    0.09    0.65    2.26 v place876/X (sky130_fd_sc_hd__buf_4)
                                         net876 (net)
                  0.09    0.00    2.26 v _4439_/B (sky130_fd_sc_hd__xor2_1)
     2    0.00    0.11    0.60    2.87 v _4439_/X (sky130_fd_sc_hd__xor2_1)
                                         _0446_ (net)
                  0.11    0.00    2.87 v _4442_/A3 (sky130_fd_sc_hd__a311oi_1)
     1    0.00    0.86    1.12    3.99 ^ _4442_/Y (sky130_fd_sc_hd__a311oi_1)
                                         _0449_ (net)
                  0.86    0.00    3.99 ^ place752/A (sky130_fd_sc_hd__buf_4)
     2    0.01    0.10    0.70    4.69 ^ place752/X (sky130_fd_sc_hd__buf_4)
                                         net752 (net)
                  0.10    0.00    4.69 ^ _4444_/A3 (sky130_fd_sc_hd__o31ai_1)
     2    0.01    0.21    0.22    4.91 v _4444_/Y (sky130_fd_sc_hd__o31ai_1)
                                         _0451_ (net)
                  0.21    0.00    4.91 v _4445_/C (sky130_fd_sc_hd__maj3_1)
     2    0.01    0.26    1.81    6.71 v _4445_/X (sky130_fd_sc_hd__maj3_1)
                                         _0452_ (net)
                  0.26    0.00    6.71 v _4446_/C (sky130_fd_sc_hd__maj3_1)
     2    0.01    0.24    1.80    8.52 v _4446_/X (sky130_fd_sc_hd__maj3_1)
                                         _0453_ (net)
                  0.24    0.00    8.52 v _4447_/C (sky130_fd_sc_hd__maj3_1)
     2    0.01    0.24    1.80   10.31 v _4447_/X (sky130_fd_sc_hd__maj3_1)
                                         _0454_ (net)
                  0.24    0.00   10.31 v _4448_/C (sky130_fd_sc_hd__maj3_2)
     2    0.01    0.20    1.49   11.81 v _4448_/X (sky130_fd_sc_hd__maj3_2)
                                         _0455_ (net)
                  0.20    0.00   11.81 v _4449_/C (sky130_fd_sc_hd__maj3_1)
     2    0.01    0.26    1.81   13.61 v _4449_/X (sky130_fd_sc_hd__maj3_1)
                                         _0456_ (net)
                  0.26    0.00   13.61 v _4452_/A2 (sky130_fd_sc_hd__a211oi_2)
     3    0.01    0.89    1.21   14.82 ^ _4452_/Y (sky130_fd_sc_hd__a211oi_2)
                                         _0459_ (net)
                  0.89    0.00   14.82 ^ _4454_/A3 (sky130_fd_sc_hd__o31ai_1)
     3    0.01    0.20    0.59   15.41 v _4454_/Y (sky130_fd_sc_hd__o31ai_1)
                                         _0461_ (net)
                  0.20    0.00   15.41 v _4456_/A2 (sky130_fd_sc_hd__o21ai_1)
     2    0.01    0.76    0.81   16.22 ^ _4456_/Y (sky130_fd_sc_hd__o21ai_1)
                                         _0463_ (net)
                  0.76    0.00   16.22 ^ _4459_/A2 (sky130_fd_sc_hd__o211ai_1)
     2    0.01    0.23    0.55   16.77 v _4459_/Y (sky130_fd_sc_hd__o211ai_1)
                                         _0466_ (net)
                  0.23    0.00   16.77 v _4462_/A3 (sky130_fd_sc_hd__a311o_1)
     2    0.01    0.18    1.69   18.46 v _4462_/X (sky130_fd_sc_hd__a311o_1)
                                         _0469_ (net)
                  0.18    0.00   18.46 v _4463_/C (sky130_fd_sc_hd__nand3_1)
     3    0.01    0.47    0.46   18.92 ^ _4463_/Y (sky130_fd_sc_hd__nand3_1)
                                         _0470_ (net)
                  0.47    0.00   18.93 ^ _4466_/A3 (sky130_fd_sc_hd__a311oi_1)
     2    0.01    0.28    0.51   19.44 v _4466_/Y (sky130_fd_sc_hd__a311oi_1)
                                         _0473_ (net)
                  0.28    0.00   19.44 v _4470_/A3 (sky130_fd_sc_hd__o311ai_2)
     2    0.01    0.89    1.10   20.54 ^ _4470_/Y (sky130_fd_sc_hd__o311ai_2)
                                         _0477_ (net)
                  0.89    0.00   20.54 ^ _4473_/A3 (sky130_fd_sc_hd__a311oi_1)
     2    0.01    0.27    0.69   21.23 v _4473_/Y (sky130_fd_sc_hd__a311oi_1)
                                         _0480_ (net)
                  0.27    0.00   21.23 v _4591_/B (sky130_fd_sc_hd__nor2_1)
     2    0.01    0.55    0.62   21.86 ^ _4591_/Y (sky130_fd_sc_hd__nor2_1)
                                         _0593_ (net)
                  0.55    0.00   21.86 ^ _4592_/B (sky130_fd_sc_hd__nor2_1)
     1    0.00    0.09    0.28   22.14 v _4592_/Y (sky130_fd_sc_hd__nor2_1)
                                         _0594_ (net)
                  0.09    0.00   22.14 v _4593_/C (sky130_fd_sc_hd__or3_1)
     1    0.00    0.23    1.69   23.82 v _4593_/X (sky130_fd_sc_hd__or3_1)
                                         _0595_ (net)
                  0.23    0.00   23.82 v _4594_/C (sky130_fd_sc_hd__nand3_1)
     1    0.00    0.18    0.31   24.14 ^ _4594_/Y (sky130_fd_sc_hd__nand3_1)
                                         _0596_ (net)
                  0.18    0.00   24.14 ^ _4595_/C1 (sky130_fd_sc_hd__o311ai_0)
     1    0.00    0.22    0.29   24.43 v _4595_/Y (sky130_fd_sc_hd__o311ai_0)
                                         _4351_ (net)
                  0.22    0.00   24.43 v rv32_soc/reg_out[26]$_DFF_P_/D (sky130_fd_sc_hd__dfxtp_1)
                                 24.43   data arrival time

                  0.00   25.00   25.00   clock clk (rise edge)
                          0.00   25.00   clock network delay (ideal)
                          0.00   25.00   clock reconvergence pessimism
                                 25.00 ^ rv32_soc/reg_out[26]$_DFF_P_/CLK (sky130_fd_sc_hd__dfxtp_1)
                         -0.91   24.09   library setup time
                                 24.09   data required time
-----------------------------------------------------------------------------
                                 24.09   data required time
                                -24.43   data arrival time
-----------------------------------------------------------------------------
                                 -0.34   slack (VIOLATED)


Startpoint: rv32_soc/decoded_imm[2]$_SDFFCE_PN0P_
            (rising edge-triggered flip-flop clocked by clk)
Endpoint: rv32_soc/reg_out[28]$_DFF_P_
          (rising edge-triggered flip-flop clocked by clk)
Path Group: clk
Path Type: max
Corner: slow

Fanout     Cap    Slew   Delay    Time   Description
-----------------------------------------------------------------------------
                  0.00    0.00    0.00   clock clk (rise edge)
                          0.00    0.00   clock network delay (ideal)
                  0.00    0.00    0.00 ^ rv32_soc/decoded_imm[2]$_SDFFCE_PN0P_/CLK (sky130_fd_sc_hd__edfxtp_1)
     2    0.01    0.28    1.62    1.62 v rv32_soc/decoded_imm[2]$_SDFFCE_PN0P_/Q (sky130_fd_sc_hd__edfxtp_1)
                                         net462 (net)
                  0.28    0.00    1.62 v place876/A (sky130_fd_sc_hd__buf_4)
     4    0.01    0.09    0.65    2.26 v place876/X (sky130_fd_sc_hd__buf_4)
                                         net876 (net)
                  0.09    0.00    2.26 v _4439_/B (sky130_fd_sc_hd__xor2_1)
     2    0.00    0.11    0.60    2.87 v _4439_/X (sky130_fd_sc_hd__xor2_1)
                                         _0446_ (net)
                  0.11    0.00    2.87 v _4442_/A3 (sky130_fd_sc_hd__a311oi_1)
     1    0.00    0.86    1.12    3.99 ^ _4442_/Y (sky130_fd_sc_hd__a311oi_1)
                                         _0449_ (net)
                  0.86    0.00    3.99 ^ place752/A (sky130_fd_sc_hd__buf_4)
     2    0.01    0.10    0.70    4.69 ^ place752/X (sky130_fd_sc_hd__buf_4)
                                         net752 (net)
                  0.10    0.00    4.69 ^ _4444_/A3 (sky130_fd_sc_hd__o31ai_1)
     2    0.01    0.21    0.22    4.91 v _4444_/Y (sky130_fd_sc_hd__o31ai_1)
                                         _0451_ (net)
                  0.21    0.00    4.91 v _4445_/C (sky130_fd_sc_hd__maj3_1)
     2    0.01    0.26    1.81    6.71 v _4445_/X (sky130_fd_sc_hd__maj3_1)
                                         _0452_ (net)
                  0.26    0.00    6.71 v _4446_/C (sky130_fd_sc_hd__maj3_1)
     2    0.01    0.24    1.80    8.52 v _4446_/X (sky130_fd_sc_hd__maj3_1)
                                         _0453_ (net)
                  0.24    0.00    8.52 v _4447_/C (sky130_fd_sc_hd__maj3_1)
     2    0.01    0.24    1.80   10.31 v _4447_/X (sky130_fd_sc_hd__maj3_1)
                                         _0454_ (net)
                  0.24    0.00   10.31 v _4448_/C (sky130_fd_sc_hd__maj3_2)
     2    0.01    0.20    1.49   11.81 v _4448_/X (sky130_fd_sc_hd__maj3_2)
                                         _0455_ (net)
                  0.20    0.00   11.81 v _4449_/C (sky130_fd_sc_hd__maj3_1)
     2    0.01    0.26    1.81   13.61 v _4449_/X (sky130_fd_sc_hd__maj3_1)
                                         _0456_ (net)
                  0.26    0.00   13.61 v _4452_/A2 (sky130_fd_sc_hd__a211oi_2)
     3    0.01    0.89    1.21   14.82 ^ _4452_/Y (sky130_fd_sc_hd__a211oi_2)
                                         _0459_ (net)
                  0.89    0.00   14.82 ^ _4454_/A3 (sky130_fd_sc_hd__o31ai_1)
     3    0.01    0.20    0.59   15.41 v _4454_/Y (sky130_fd_sc_hd__o31ai_1)
                                         _0461_ (net)
                  0.20    0.00   15.41 v _4456_/A2 (sky130_fd_sc_hd__o21ai_1)
     2    0.01    0.76    0.81   16.22 ^ _4456_/Y (sky130_fd_sc_hd__o21ai_1)
                                         _0463_ (net)
                  0.76    0.00   16.22 ^ _4459_/A2 (sky130_fd_sc_hd__o211ai_1)
     2    0.01    0.23    0.55   16.77 v _4459_/Y (sky130_fd_sc_hd__o211ai_1)
                                         _0466_ (net)
                  0.23    0.00   16.77 v _4462_/A3 (sky130_fd_sc_hd__a311o_1)
     2    0.01    0.18    1.69   18.46 v _4462_/X (sky130_fd_sc_hd__a311o_1)
                                         _0469_ (net)
                  0.18    0.00   18.46 v _4463_/C (sky130_fd_sc_hd__nand3_1)
     3    0.01    0.47    0.46   18.92 ^ _4463_/Y (sky130_fd_sc_hd__nand3_1)
                                         _0470_ (net)
                  0.47    0.00   18.93 ^ _4466_/A3 (sky130_fd_sc_hd__a311oi_1)
     2    0.01    0.28    0.51   19.44 v _4466_/Y (sky130_fd_sc_hd__a311oi_1)
                                         _0473_ (net)
                  0.28    0.00   19.44 v _4470_/A3 (sky130_fd_sc_hd__o311ai_2)
     2    0.01    0.89    1.10   20.54 ^ _4470_/Y (sky130_fd_sc_hd__o311ai_2)
                                         _0477_ (net)
                  0.89    0.00   20.54 ^ _4473_/A3 (sky130_fd_sc_hd__a311oi_1)
     2    0.01    0.27    0.69   21.23 v _4473_/Y (sky130_fd_sc_hd__a311oi_1)
                                         _0480_ (net)
                  0.27    0.00   21.23 v _4477_/A3 (sky130_fd_sc_hd__o311ai_2)
     2    0.01    0.93    1.13   22.36 ^ _4477_/Y (sky130_fd_sc_hd__o311ai_2)
                                         _0484_ (net)
                  0.93    0.00   22.36 ^ place573/A (sky130_fd_sc_hd__buf_4)
     3    0.01    0.12    0.75   23.11 ^ place573/X (sky130_fd_sc_hd__buf_4)
                                         net573 (net)
                  0.12    0.00   23.11 ^ _4571_/A3 (sky130_fd_sc_hd__a31oi_1)
     1    0.00    0.15    0.23   23.34 v _4571_/Y (sky130_fd_sc_hd__a31oi_1)
                                         _0575_ (net)
                  0.15    0.00   23.34 v _4572_/B (sky130_fd_sc_hd__xnor2_1)
     1    0.00    0.49    0.59   23.93 ^ _4572_/Y (sky130_fd_sc_hd__xnor2_1)
                                         _0576_ (net)
                  0.49    0.00   23.93 ^ _4573_/B (sky130_fd_sc_hd__nand2_1)
     1    0.00    0.23    0.31   24.24 v _4573_/Y (sky130_fd_sc_hd__nand2_1)
                                         _0577_ (net)
                  0.23    0.00   24.24 v _4574_/C1 (sky130_fd_sc_hd__o311ai_0)
     1    0.00    0.93    0.32   24.57 ^ _4574_/Y (sky130_fd_sc_hd__o311ai_0)
                                         _4353_ (net)
                  0.93    0.00   24.57 ^ rv32_soc/reg_out[28]$_DFF_P_/D (sky130_fd_sc_hd__dfxtp_1)
                                 24.57   data arrival time

                  0.00   25.00   25.00   clock clk (rise edge)
                          0.00   25.00   clock network delay (ideal)
                          0.00   25.00   clock reconvergence pessimism
                                 25.00 ^ rv32_soc/reg_out[28]$_DFF_P_/CLK (sky130_fd_sc_hd__dfxtp_1)
                         -0.59   24.41   library setup time
                                 24.41   data required time
-----------------------------------------------------------------------------
                                 24.41   data required time
                                -24.57   data arrival time
-----------------------------------------------------------------------------
                                 -0.16   slack (VIOLATED)


Startpoint: rv32_soc/decoded_imm[2]$_SDFFCE_PN0P_
            (rising edge-triggered flip-flop clocked by clk)
Endpoint: rv32_soc/reg_out[27]$_DFF_P_
          (rising edge-triggered flip-flop clocked by clk)
Path Group: clk
Path Type: max
Corner: slow

Fanout     Cap    Slew   Delay    Time   Description
-----------------------------------------------------------------------------
                  0.00    0.00    0.00   clock clk (rise edge)
                          0.00    0.00   clock network delay (ideal)
                  0.00    0.00    0.00 ^ rv32_soc/decoded_imm[2]$_SDFFCE_PN0P_/CLK (sky130_fd_sc_hd__edfxtp_1)
     2    0.01    0.28    1.62    1.62 v rv32_soc/decoded_imm[2]$_SDFFCE_PN0P_/Q (sky130_fd_sc_hd__edfxtp_1)
                                         net462 (net)
                  0.28    0.00    1.62 v place876/A (sky130_fd_sc_hd__buf_4)
     4    0.01    0.09    0.65    2.26 v place876/X (sky130_fd_sc_hd__buf_4)
                                         net876 (net)
                  0.09    0.00    2.26 v _4439_/B (sky130_fd_sc_hd__xor2_1)
     2    0.00    0.11    0.60    2.87 v _4439_/X (sky130_fd_sc_hd__xor2_1)
                                         _0446_ (net)
                  0.11    0.00    2.87 v _4442_/A3 (sky130_fd_sc_hd__a311oi_1)
     1    0.00    0.86    1.12    3.99 ^ _4442_/Y (sky130_fd_sc_hd__a311oi_1)
                                         _0449_ (net)
                  0.86    0.00    3.99 ^ place752/A (sky130_fd_sc_hd__buf_4)
     2    0.01    0.10    0.70    4.69 ^ place752/X (sky130_fd_sc_hd__buf_4)
                                         net752 (net)
                  0.10    0.00    4.69 ^ _4444_/A3 (sky130_fd_sc_hd__o31ai_1)
     2    0.01    0.21    0.22    4.91 v _4444_/Y (sky130_fd_sc_hd__o31ai_1)
                                         _0451_ (net)
                  0.21    0.00    4.91 v _4445_/C (sky130_fd_sc_hd__maj3_1)
     2    0.01    0.26    1.81    6.71 v _4445_/X (sky130_fd_sc_hd__maj3_1)
                                         _0452_ (net)
                  0.26    0.00    6.71 v _4446_/C (sky130_fd_sc_hd__maj3_1)
     2    0.01    0.24    1.80    8.52 v _4446_/X (sky130_fd_sc_hd__maj3_1)
                                         _0453_ (net)
                  0.24    0.00    8.52 v _4447_/C (sky130_fd_sc_hd__maj3_1)
     2    0.01    0.24    1.80   10.31 v _4447_/X (sky130_fd_sc_hd__maj3_1)
                                         _0454_ (net)
                  0.24    0.00   10.31 v _4448_/C (sky130_fd_sc_hd__maj3_2)
     2    0.01    0.20    1.49   11.81 v _4448_/X (sky130_fd_sc_hd__maj3_2)
                                         _0455_ (net)
                  0.20    0.00   11.81 v _4449_/C (sky130_fd_sc_hd__maj3_1)
     2    0.01    0.26    1.81   13.61 v _4449_/X (sky130_fd_sc_hd__maj3_1)
                                         _0456_ (net)
                  0.26    0.00   13.61 v _4452_/A2 (sky130_fd_sc_hd__a211oi_2)
     3    0.01    0.89    1.21   14.82 ^ _4452_/Y (sky130_fd_sc_hd__a211oi_2)
                                         _0459_ (net)
                  0.89    0.00   14.82 ^ _4454_/A3 (sky130_fd_sc_hd__o31ai_1)
     3    0.01    0.20    0.59   15.41 v _4454_/Y (sky130_fd_sc_hd__o31ai_1)
                                         _0461_ (net)
                  0.20    0.00   15.41 v _4456_/A2 (sky130_fd_sc_hd__o21ai_1)
     2    0.01    0.76    0.81   16.22 ^ _4456_/Y (sky130_fd_sc_hd__o21ai_1)
                                         _0463_ (net)
                  0.76    0.00   16.22 ^ _4459_/A2 (sky130_fd_sc_hd__o211ai_1)
     2    0.01    0.23    0.55   16.77 v _4459_/Y (sky130_fd_sc_hd__o211ai_1)
                                         _0466_ (net)
                  0.23    0.00   16.77 v _4462_/A3 (sky130_fd_sc_hd__a311o_1)
     2    0.01    0.18    1.69   18.46 v _4462_/X (sky130_fd_sc_hd__a311o_1)
                                         _0469_ (net)
                  0.18    0.00   18.46 v _4463_/C (sky130_fd_sc_hd__nand3_1)
     3    0.01    0.47    0.46   18.92 ^ _4463_/Y (sky130_fd_sc_hd__nand3_1)
                                         _0470_ (net)
                  0.47    0.00   18.93 ^ _4466_/A3 (sky130_fd_sc_hd__a311oi_1)
     2    0.01    0.28    0.51   19.44 v _4466_/Y (sky130_fd_sc_hd__a311oi_1)
                                         _0473_ (net)
                  0.28    0.00   19.44 v _4470_/A3 (sky130_fd_sc_hd__o311ai_2)
     2    0.01    0.89    1.10   20.54 ^ _4470_/Y (sky130_fd_sc_hd__o311ai_2)
                                         _0477_ (net)
                  0.89    0.00   20.54 ^ _4473_/A3 (sky130_fd_sc_hd__a311oi_1)
     2    0.01    0.27    0.69   21.23 v _4473_/Y (sky130_fd_sc_hd__a311oi_1)
                                         _0480_ (net)
                  0.27    0.00   21.23 v _4477_/A3 (sky130_fd_sc_hd__o311ai_2)
     2    0.01    0.93    1.13   22.36 ^ _4477_/Y (sky130_fd_sc_hd__o311ai_2)
                                         _0484_ (net)
                  0.93    0.00   22.36 ^ place573/A (sky130_fd_sc_hd__buf_4)
     3    0.01    0.12    0.75   23.11 ^ place573/X (sky130_fd_sc_hd__buf_4)
                                         net573 (net)
                  0.12    0.00   23.11 ^ _4580_/B (sky130_fd_sc_hd__nand2_1)
     1    0.00    0.10    0.16   23.27 v _4580_/Y (sky130_fd_sc_hd__nand2_1)
                                         _0583_ (net)
                  0.10    0.00   23.27 v _4582_/A (sky130_fd_sc_hd__xnor2_1)
     1    0.00    0.50    0.62   23.89 ^ _4582_/Y (sky130_fd_sc_hd__xnor2_1)
                                         _0585_ (net)
                  0.50    0.00   23.89 ^ _4583_/B (sky130_fd_sc_hd__nand2_1)
     1    0.00    0.22    0.31   24.20 v _4583_/Y (sky130_fd_sc_hd__nand2_1)
                                         _0586_ (net)
                  0.22    0.00   24.20 v _4584_/C1 (sky130_fd_sc_hd__o311ai_0)
     1    0.00    0.97    0.33   24.53 ^ _4584_/Y (sky130_fd_sc_hd__o311ai_0)
                                         _4352_ (net)
                  0.97    0.00   24.53 ^ rv32_soc/reg_out[27]$_DFF_P_/D (sky130_fd_sc_hd__dfxtp_1)
                                 24.53   data arrival time

                  0.00   25.00   25.00   clock clk (rise edge)
                          0.00   25.00   clock network delay (ideal)
                          0.00   25.00   clock reconvergence pessimism
                                 25.00 ^ rv32_soc/reg_out[27]$_DFF_P_/CLK (sky130_fd_sc_hd__dfxtp_1)
                         -0.61   24.39   library setup time
                                 24.39   data required time
-----------------------------------------------------------------------------
                                 24.39   data required time
                                -24.53   data arrival time
-----------------------------------------------------------------------------
                                 -0.13   slack (VIOLATED)


Startpoint: rv32_soc/latched_store$_SDFFE_PN0P_
            (rising edge-triggered flip-flop clocked by clk)
Endpoint: rv32_soc/reg_next_pc[31]$_SDFFE_PN0P_
          (rising edge-triggered flip-flop clocked by clk)
Path Group: clk
Path Type: max
Corner: slow

Fanout     Cap    Slew   Delay    Time   Description
-----------------------------------------------------------------------------
                  0.00    0.00    0.00   clock clk (rise edge)
                          0.00    0.00   clock network delay (ideal)
                  0.00    0.00    0.00 ^ rv32_soc/latched_store$_SDFFE_PN0P_/CLK (sky130_fd_sc_hd__dfxtp_1)
     6    0.01    0.50    1.46    1.46 ^ rv32_soc/latched_store$_SDFFE_PN0P_/Q (sky130_fd_sc_hd__dfxtp_1)
                                         net444 (net)
                  0.50    0.00    1.46 ^ _4945_/A (sky130_fd_sc_hd__and2_0)
     3    0.01    0.42    0.73    2.19 ^ _4945_/X (sky130_fd_sc_hd__and2_0)
                                         _0894_ (net)
                  0.42    0.00    2.19 ^ place833/A (sky130_fd_sc_hd__buf_4)
    10    0.04    0.42    0.71    2.89 ^ place833/X (sky130_fd_sc_hd__buf_4)
                                         net833 (net)
                  0.42    0.00    2.89 ^ _8367_/S (sky130_fd_sc_hd__mux2_2)
     6    0.02    0.25    1.81    4.70 v _8367_/X (sky130_fd_sc_hd__mux2_2)
                                         _3875_ (net)
                  0.25    0.00    4.70 v _8419_/B (sky130_fd_sc_hd__xnor2_1)
     3    0.01    1.08    1.09    5.80 ^ _8419_/Y (sky130_fd_sc_hd__xnor2_1)
                                         _3923_ (net)
                  1.08    0.00    5.80 ^ _8424_/A1 (sky130_fd_sc_hd__o211ai_1)
     2    0.00    0.22    0.72    6.51 v _8424_/Y (sky130_fd_sc_hd__o211ai_1)
                                         _3928_ (net)
                  0.22    0.00    6.51 v _8427_/A3 (sky130_fd_sc_hd__a311oi_1)
     3    0.01    1.20    1.44    7.96 ^ _8427_/Y (sky130_fd_sc_hd__a311oi_1)
                                         _3931_ (net)
                  1.20    0.00    7.96 ^ _8431_/A3 (sky130_fd_sc_hd__o311ai_0)
     1    0.00    0.26    0.78    8.74 v _8431_/Y (sky130_fd_sc_hd__o311ai_0)
                                         _3935_ (net)
                  0.26    0.00    8.74 v place622/A (sky130_fd_sc_hd__buf_4)
     2    0.00    0.07    0.59    9.33 v place622/X (sky130_fd_sc_hd__buf_4)
                                         net622 (net)
                  0.07    0.00    9.33 v _8434_/A3 (sky130_fd_sc_hd__a311oi_1)
     2    0.00    1.07    1.26   10.59 ^ _8434_/Y (sky130_fd_sc_hd__a311oi_1)
                                         _3938_ (net)
                  1.07    0.00   10.59 ^ _8438_/A3 (sky130_fd_sc_hd__o311ai_0)
     1    0.00    0.23    0.71   11.30 v _8438_/Y (sky130_fd_sc_hd__o311ai_0)
                                         _3942_ (net)
                  0.23    0.00   11.30 v place606/A (sky130_fd_sc_hd__buf_4)
     3    0.01    0.08    0.59   11.90 v place606/X (sky130_fd_sc_hd__buf_4)
                                         net606 (net)
                  0.08    0.00   11.90 v _8441_/A3 (sky130_fd_sc_hd__a311oi_1)
     3    0.01    1.21    1.37   13.26 ^ _8441_/Y (sky130_fd_sc_hd__a311oi_1)
                                         _3945_ (net)
                  1.21    0.00   13.26 ^ _8444_/A3 (sky130_fd_sc_hd__o311ai_0)
     1    0.00    0.27    0.79   14.06 v _8444_/Y (sky130_fd_sc_hd__o311ai_0)
                                         _3948_ (net)
                  0.27    0.00   14.06 v place597/A (sky130_fd_sc_hd__buf_4)
     4    0.01    0.08    0.62   14.67 v place597/X (sky130_fd_sc_hd__buf_4)
                                         net597 (net)
                  0.08    0.00   14.68 v _8447_/A3 (sky130_fd_sc_hd__a311oi_1)
     1    0.00    0.78    1.04   15.71 ^ _8447_/Y (sky130_fd_sc_hd__a311oi_1)
                                         _3951_ (net)
                  0.78    0.00   15.71 ^ place593/A (sky130_fd_sc_hd__buf_4)
     3    0.01    0.10    0.65   16.37 ^ place593/X (sky130_fd_sc_hd__buf_4)
                                         net593 (net)
                  0.10    0.00   16.37 ^ _8449_/A3 (sky130_fd_sc_hd__o31a_1)
     2    0.01    0.34    0.47   16.84 ^ _8449_/X (sky130_fd_sc_hd__o31a_1)
                                         _3953_ (net)
                  0.34    0.00   16.84 ^ _8450_/B_N (sky130_fd_sc_hd__nor2b_1)
     2    0.01    0.66    0.82   17.66 ^ _8450_/Y (sky130_fd_sc_hd__nor2b_1)
                                         _3954_ (net)
                  0.66    0.00   17.66 ^ _8451_/C (sky130_fd_sc_hd__nor3_1)
     1    0.00    0.12    0.34   18.00 v _8451_/Y (sky130_fd_sc_hd__nor3_1)
                                         _3955_ (net)
                  0.12    0.00   18.00 v place581/A (sky130_fd_sc_hd__buf_4)
     5    0.01    0.09    0.54   18.54 v place581/X (sky130_fd_sc_hd__buf_4)
                                         net581 (net)
                  0.09    0.00   18.54 v _8452_/C (sky130_fd_sc_hd__and3_1)
     2    0.01    0.12    0.74   19.28 v _8452_/X (sky130_fd_sc_hd__and3_1)
                                         _3956_ (net)
                  0.12    0.00   19.28 v _8457_/A2 (sky130_fd_sc_hd__o31a_1)
     4    0.01    0.21    1.46   20.75 v _8457_/X (sky130_fd_sc_hd__o31a_1)
                                         _3961_ (net)
                  0.21    0.00   20.75 v _8459_/A3 (sky130_fd_sc_hd__a31o_1)
     2    0.01    0.12    0.97   21.72 v _8459_/X (sky130_fd_sc_hd__a31o_1)
                                         _3963_ (net)
                  0.12    0.00   21.72 v _8461_/A (sky130_fd_sc_hd__nand2_1)
     2    0.00    0.20    0.23   21.95 ^ _8461_/Y (sky130_fd_sc_hd__nand2_1)
                                         _3965_ (net)
                  0.20    0.00   21.95 ^ _8462_/B1 (sky130_fd_sc_hd__o21ai_0)
     2    0.00    0.21    0.28   22.23 v _8462_/Y (sky130_fd_sc_hd__o21ai_0)
                                         _3966_ (net)
                  0.21    0.00   22.23 v _8798_/B1 (sky130_fd_sc_hd__a21oi_1)
     2    0.00    0.43    0.53   22.76 ^ _8798_/Y (sky130_fd_sc_hd__a21oi_1)
                                         _4257_ (net)
                  0.43    0.00   22.76 ^ _8801_/A2 (sky130_fd_sc_hd__o21ai_0)
     1    0.00    0.15    0.34   23.10 v _8801_/Y (sky130_fd_sc_hd__o21ai_0)
                                         _4260_ (net)
                  0.15    0.00   23.10 v _8806_/A2 (sky130_fd_sc_hd__a31oi_1)
     1    0.00    0.38    0.57   23.67 ^ _8806_/Y (sky130_fd_sc_hd__a31oi_1)
                                         _4265_ (net)
                  0.38    0.00   23.67 ^ _8810_/A1 (sky130_fd_sc_hd__o21ai_0)
     1    0.00    0.10    0.31   23.98 v _8810_/Y (sky130_fd_sc_hd__o21ai_0)
                                         _0341_ (net)
                  0.10    0.00   23.98 v rv32_soc/reg_next_pc[31]$_SDFFE_PN0P_/D (sky130_fd_sc_hd__dfxtp_1)
                                 23.98   data arrival time

                  0.00   25.00   25.00   clock clk (rise edge)
                          0.00   25.00   clock network delay (ideal)
                          0.00   25.00   clock reconvergence pessimism
                                 25.00 ^ rv32_soc/reg_next_pc[31]$_SDFFE_PN0P_/CLK (sky130_fd_sc_hd__dfxtp_1)
                         -0.84   24.16   library setup time
                                 24.16   data required time
-----------------------------------------------------------------------------
                                 24.16   data required time
                                -23.98   data arrival time
-----------------------------------------------------------------------------
                                  0.18   slack (MET)


