[-3.416, -2.119): * (3)
[-2.119, -0.822): * (1)
[-0.822,  0.476): * (8)
[ 0.476,  1.773): * (16)
[ 1.773,  3.070): * (12)
[ 3.070,  4.367): * (20)
[ 4.367,  5.665): * (16)
[ 5.665,  6.962): * (20)
[ 6.962,  8.259): * (18)
[ 8.259,  9.556): ******** (144)
[ 9.556, 10.853): ****** (116)
[10.853, 12.151): ******* (131)
[12.151, 13.448): ******* (126)
[13.448, 14.745): ******* (122)
[14.745, 16.042): ************************************************** (915)
[16.042, 17.339): ************************* (451)
[17.339, 18.637): *************************** (500)
[18.637, 19.934): ***** (95)
[19.934, 21.231): ** (40)
[21.231, 22.528]: * (12)
