Startpoint: pcpi_rs1[1]$_DFFE_PP_
            (rising edge-triggered flip-flop clocked by clk)
Endpoint: pcpi_rs1[31]$_DFFE_PP_
          (rising edge-triggered flip-flop clocked by clk)
Path Group: clk
Path Type: max
Corner: slow

Fanout     Cap    Slew   Delay    Time   Description
-----------------------------------------------------------------------------
                  0.00    0.00    0.00   clock clk (rise edge)
                          0.00    0.00   clock network delay (ideal)
                  0.00    0.00    0.00 ^ pcpi_rs1[1]$_DFFE_PP_/CLK (sky130_fd_sc_hd__edfxtp_1)
     3    0.01    0.37    1.76    1.76 v pcpi_rs1[1]$_DFFE_PP_/Q (sky130_fd_sc_hd__edfxtp_1)
                                         net518 (net)
                  0.37    0.00    1.76 v _5903_/A (sky130_fd_sc_hd__xnor2_2)
     2    0.01    0.51    0.80    2.56 ^ _5903_/Y (sky130_fd_sc_hd__xnor2_2)
                                         _1758_ (net)
                  0.51    0.00    2.56 ^ _5905_/A2 (sky130_fd_sc_hd__o21ai_1)
     2    0.01    0.19    0.43    2.99 v _5905_/Y (sky130_fd_sc_hd__o21ai_1)
                                         _1760_ (net)
                  0.19    0.00    2.99 v _5906_/C (sky130_fd_sc_hd__maj3_2)
     2    0.01    0.20    1.46    4.45 v _5906_/X (sky130_fd_sc_hd__maj3_2)
                                         _1761_ (net)
                  0.20    0.00    4.45 v _5907_/C (sky130_fd_sc_hd__maj3_2)
     2    0.01    0.21    1.49    5.94 v _5907_/X (sky130_fd_sc_hd__maj3_2)
                                         _1762_ (net)
                  0.21    0.00    5.94 v _5908_/C (sky130_fd_sc_hd__maj3_2)
     2    0.01    0.21    1.49    7.43 v _5908_/X (sky130_fd_sc_hd__maj3_2)
                                         _1763_ (net)
                  0.21    0.00    7.43 v _5909_/C (sky130_fd_sc_hd__maj3_2)
     3    0.01    0.23    1.53    8.96 v _5909_/X (sky130_fd_sc_hd__maj3_2)
                                         _1764_ (net)
                  0.23    0.00    8.96 v _5913_/A2 (sky130_fd_sc_hd__a211oi_2)
     2    0.01    0.71    1.04   10.01 ^ _5913_/Y (sky130_fd_sc_hd__a211oi_2)
                                         _1768_ (net)
                  0.71    0.00   10.01 ^ _5915_/A3 (sky130_fd_sc_hd__o31ai_1)
     2    0.01    0.22    0.52   10.53 v _5915_/Y (sky130_fd_sc_hd__o31ai_1)
                                         _1770_ (net)
                  0.22    0.00   10.53 v _5916_/C (sky130_fd_sc_hd__maj3_2)
     3    0.01    0.22    1.53   12.06 v _5916_/X (sky130_fd_sc_hd__maj3_2)
                                         _1771_ (net)
                  0.22    0.00   12.06 v _5919_/A2 (sky130_fd_sc_hd__a211oi_2)
     2    0.01    0.88    1.17   13.23 ^ _5919_/Y (sky130_fd_sc_hd__a211oi_2)
                                         _1774_ (net)
                  0.88    0.00   13.23 ^ _5922_/A3 (sky130_fd_sc_hd__o311ai_1)
     3    0.01    0.25    0.64   13.87 v _5922_/Y (sky130_fd_sc_hd__o311ai_1)
                                         _1777_ (net)
                  0.25    0.00   13.87 v _5924_/A3 (sky130_fd_sc_hd__a311oi_1)
     1    0.00    0.82    1.17   15.04 ^ _5924_/Y (sky130_fd_sc_hd__a311oi_1)
                                         _1779_ (net)
                  0.82    0.00   15.04 ^ place590/A (sky130_fd_sc_hd__buf_4)
     3    0.01    0.11    0.68   15.72 ^ place590/X (sky130_fd_sc_hd__buf_4)
                                         net590 (net)
                  0.11    0.00   15.72 ^ _5927_/A3 (sky130_fd_sc_hd__o311ai_1)
     3    0.01    0.30    0.32   16.04 v _5927_/Y (sky130_fd_sc_hd__o311ai_1)
                                         _1782_ (net)
                  0.30    0.00   16.04 v _5929_/A3 (sky130_fd_sc_hd__a311oi_2)
     2    0.01    0.84    1.28   17.32 ^ _5929_/Y (sky130_fd_sc_hd__a311oi_2)
                                         _1784_ (net)
                  0.84    0.00   17.32 ^ _5932_/A3 (sky130_fd_sc_hd__o311ai_1)
     3    0.01    0.29    0.66   17.97 v _5932_/Y (sky130_fd_sc_hd__o311ai_1)
                                         _1787_ (net)
                  0.29    0.00   17.97 v _5934_/A3 (sky130_fd_sc_hd__a311oi_2)
     3    0.01    1.03    1.43   19.40 ^ _5934_/Y (sky130_fd_sc_hd__a311oi_2)
                                         _1789_ (net)
                  1.03    0.00   19.40 ^ _5937_/A3 (sky130_fd_sc_hd__o311ai_1)
     2    0.01    0.22    0.67   20.07 v _5937_/Y (sky130_fd_sc_hd__o311ai_1)
                                         _1792_ (net)
                  0.22    0.00   20.07 v _5939_/A3 (sky130_fd_sc_hd__a311oi_1)
     1    0.00    0.81    1.15   21.22 ^ _5939_/Y (sky130_fd_sc_hd__a311oi_1)
                                         _1794_ (net)
                  0.81    0.00   21.22 ^ place572/A (sky130_fd_sc_hd__buf_4)
     2    0.01    0.10    0.67   21.89 ^ place572/X (sky130_fd_sc_hd__buf_4)
                                         net572 (net)
                  0.10    0.00   21.89 ^ _5941_/A3 (sky130_fd_sc_hd__o31ai_1)
     1    0.00    0.11    0.15   22.03 v _5941_/Y (sky130_fd_sc_hd__o31ai_1)
                                         _1796_ (net)
                  0.11    0.00   22.03 v place568/A (sky130_fd_sc_hd__buf_4)
     3    0.01    0.08    0.51   22.55 v place568/X (sky130_fd_sc_hd__buf_4)
                                         net568 (net)
                  0.08    0.00   22.55 v _5942_/C (sky130_fd_sc_hd__maj3_1)
     2    0.01    0.24    1.72   24.27 v _5942_/X (sky130_fd_sc_hd__maj3_1)
                                         _1797_ (net)
                  0.24    0.00   24.27 v _5943_/C (sky130_fd_sc_hd__maj3_1)
     1    0.00    0.23    1.77   26.04 v _5943_/X (sky130_fd_sc_hd__maj3_1)
                                         _1798_ (net)
                  0.23    0.00   26.04 v _5945_/A (sky130_fd_sc_hd__xnor2_1)
     1    0.00    0.40    0.62   26.66 ^ _5945_/Y (sky130_fd_sc_hd__xnor2_1)
                                         _1800_ (net)
                  0.40    0.00   26.66 ^ _6039_/A2 (sky130_fd_sc_hd__o21ai_0)
     1    0.00    0.17    0.31   26.97 v _6039_/Y (sky130_fd_sc_hd__o21ai_0)
                                         _4389_ (net)
                  0.17    0.00   26.97 v pcpi_rs1[31]$_DFFE_PP_/D (sky130_fd_sc_hd__edfxtp_1)
                                 26.97   data arrival time

                  0.00   25.00   25.00   clock clk (rise edge)
                          0.00   25.00   clock network delay (ideal)
                          0.00   25.00   clock reconvergence pessimism
                                 25.00 ^ pcpi_rs1[31]$_DFFE_PP_/CLK (sky130_fd_sc_hd__edfxtp_1)
                         -1.44   23.56   library setup time
                                 23.56   data required time
-----------------------------------------------------------------------------
                                 23.56   data required time
                                -26.97   data arrival time
-----------------------------------------------------------------------------
                                 -3.42   slack (VIOLATED)


