[0.255, 0.349): ******* (124)
[0.349, 0.443): ********* (150)
[0.443, 0.537): ******** (134)
[0.537, 0.630): **** (71)
[0.630, 0.724): ** (27)
[0.724, 0.818): * (18)
[0.818, 0.912): ****** (99)
[0.912, 1.006): ************************************************** (847)
[1.006, 1.099): *********** (188)
[1.099, 1.193): * (14)
[1.193, 1.287): *** (49)
[1.287, 1.381): ****** (98)
[1.381, 1.475): ****** (97)
[1.475, 1.568): ****** (105)
[1.568, 1.662): **************************** (475)
[1.662, 1.756): ************** (238)
[1.756, 1.850): * (1)
[1.850, 1.944):  (0)
[1.944, 2.038):  (0)
[2.038, 2.131]: ** (31)
