[WARNING STA-0503] report_checks -group_count is deprecated. Use -group_path_count instead.
Startpoint: mem_valid$_SDFFCE_PN0P_
            (rising edge-triggered flip-flop clocked by clk)
Endpoint: mem_ready$_DFF_P_ (rising edge-triggered flip-flop clocked by clk)
Path Group: clk
Path Type: min
Corner: fast

Fanout     Cap    Slew   Delay    Time   Description
-----------------------------------------------------------------------------
                          0.00    0.00   clock clk (rise edge)
                          0.71    0.71   clock network delay (propagated)
                  0.07    0.00    0.71 ^ mem_valid$_SDFFCE_PN0P_/CLK (sky130_fd_sc_hd__edfxtp_1)
     2    0.01    0.05    0.24    0.95 ^ mem_valid$_SDFFCE_PN0P_/Q (sky130_fd_sc_hd__edfxtp_1)
                                         mem_valid (net)
                  0.05    0.00    0.95 ^ mem_ready$_DFF_P_/D (sky130_fd_sc_hd__dfxtp_1)
                                  0.95   data arrival time

                          0.00    0.00   clock clk (rise edge)
                          0.71    0.71   clock network delay (propagated)
                          0.00    0.71   clock reconvergence pessimism
                                  0.71 ^ mem_ready$_DFF_P_/CLK (sky130_fd_sc_hd__dfxtp_1)
                         -0.02    0.69   library hold time
                                  0.69   data required time
-----------------------------------------------------------------------------
                                  0.69   data required time
                                 -0.95   data arrival time
-----------------------------------------------------------------------------
                                  0.26   slack (MET)


Startpoint: rv32_soc/reg_next_pc[25]$_SDFFE_PN0P_
            (rising edge-triggered flip-flop clocked by clk)
Endpoint: rv32_soc/reg_next_pc[25]$_SDFFE_PN0P_
          (rising edge-triggered flip-flop clocked by clk)
Path Group: clk
Path Type: min
Corner: fast

Fanout     Cap    Slew   Delay    Time   Description
-----------------------------------------------------------------------------
                          0.00    0.00   clock clk (rise edge)
                          0.69    0.69   clock network delay (propagated)
                  0.06    0.00    0.69 ^ rv32_soc/reg_next_pc[25]$_SDFFE_PN0P_/CLK (sky130_fd_sc_hd__dfxtp_1)
     2    0.01    0.05    0.21    0.90 ^ rv32_soc/reg_next_pc[25]$_SDFFE_PN0P_/Q (sky130_fd_sc_hd__dfxtp_1)
                                         rv32_soc/reg_next_pc[25] (net)
                  0.05    0.00    0.90 ^ _8533_/A (sky130_fd_sc_hd__nand2_1)
     1    0.00    0.03    0.03    0.94 v _8533_/Y (sky130_fd_sc_hd__nand2_1)
                                         _4031_ (net)
                  0.03    0.00    0.94 v _8538_/A (sky130_fd_sc_hd__nand2_1)
     1    0.00    0.02    0.03    0.96 ^ _8538_/Y (sky130_fd_sc_hd__nand2_1)
                                         _0302_ (net)
                  0.02    0.00    0.96 ^ rv32_soc/reg_next_pc[25]$_SDFFE_PN0P_/D (sky130_fd_sc_hd__dfxtp_1)
                                  0.96   data arrival time

                          0.00    0.00   clock clk (rise edge)
                          0.69    0.69   clock network delay (propagated)
                          0.00    0.69   clock reconvergence pessimism
                                  0.69 ^ rv32_soc/reg_next_pc[25]$_SDFFE_PN0P_/CLK (sky130_fd_sc_hd__dfxtp_1)
                         -0.02    0.68   library hold time
                                  0.68   data required time
-----------------------------------------------------------------------------
                                  0.68   data required time
                                 -0.96   data arrival time
-----------------------------------------------------------------------------
                                  0.29   slack (MET)


Startpoint: rv32_soc/reg_next_pc[8]$_SDFFE_PN0P_
            (rising edge-triggered flip-flop clocked by clk)
Endpoint: rv32_soc/reg_next_pc[8]$_SDFFE_PN0P_
          (rising edge-triggered flip-flop clocked by clk)
Path Group: clk
Path Type: min
Corner: fast

Fanout     Cap    Slew   Delay    Time   Description
-----------------------------------------------------------------------------
                          0.00    0.00   clock clk (rise edge)
                          0.71    0.71   clock network delay (propagated)
                  0.07    0.00    0.71 ^ rv32_soc/reg_next_pc[8]$_SDFFE_PN0P_/CLK (sky130_fd_sc_hd__dfxtp_1)
     2    0.01    0.05    0.21    0.93 ^ rv32_soc/reg_next_pc[8]$_SDFFE_PN0P_/Q (sky130_fd_sc_hd__dfxtp_1)
                                         rv32_soc/reg_next_pc[8] (net)
                  0.05    0.00    0.93 ^ _8683_/A (sky130_fd_sc_hd__nand2_1)
     1    0.00    0.03    0.03    0.96 v _8683_/Y (sky130_fd_sc_hd__nand2_1)
                                         _4164_ (net)
                  0.03    0.00    0.96 v _8693_/A (sky130_fd_sc_hd__nand2_1)
     1    0.00    0.02    0.03    0.98 ^ _8693_/Y (sky130_fd_sc_hd__nand2_1)
                                         _0319_ (net)
                  0.02    0.00    0.98 ^ rv32_soc/reg_next_pc[8]$_SDFFE_PN0P_/D (sky130_fd_sc_hd__dfxtp_1)
                                  0.98   data arrival time

                          0.00    0.00   clock clk (rise edge)
                          0.71    0.71   clock network delay (propagated)
                          0.00    0.71   clock reconvergence pessimism
                                  0.71 ^ rv32_soc/reg_next_pc[8]$_SDFFE_PN0P_/CLK (sky130_fd_sc_hd__dfxtp_1)
                         -0.02    0.70   library hold time
                                  0.70   data required time
-----------------------------------------------------------------------------
                                  0.70   data required time
                                 -0.98   data arrival time
-----------------------------------------------------------------------------
                                  0.29   slack (MET)


Startpoint: rv32_soc/reg_next_pc[27]$_SDFFE_PN0P_
            (rising edge-triggered flip-flop clocked by clk)
Endpoint: rv32_soc/reg_next_pc[27]$_SDFFE_PN0P_
          (rising edge-triggered flip-flop clocked by clk)
Path Group: clk
Path Type: min
Corner: fast

Fanout     Cap    Slew   Delay    Time   Description
-----------------------------------------------------------------------------
                          0.00    0.00   clock clk (rise edge)
                          0.70    0.70   clock network delay (propagated)
                  0.07    0.00    0.70 ^ rv32_soc/reg_next_pc[27]$_SDFFE_PN0P_/CLK (sky130_fd_sc_hd__dfxtp_1)
     2    0.01    0.04    0.21    0.91 ^ rv32_soc/reg_next_pc[27]$_SDFFE_PN0P_/Q (sky130_fd_sc_hd__dfxtp_1)
                                         rv32_soc/reg_next_pc[27] (net)
                  0.04    0.00    0.91 ^ _8515_/A (sky130_fd_sc_hd__nand2_1)
     1    0.00    0.03    0.03    0.95 v _8515_/Y (sky130_fd_sc_hd__nand2_1)
                                         _4015_ (net)
                  0.03    0.00    0.95 v _8521_/A (sky130_fd_sc_hd__nand2_1)
     1    0.00    0.02    0.03    0.97 ^ _8521_/Y (sky130_fd_sc_hd__nand2_1)
                                         _0300_ (net)
                  0.02    0.00    0.97 ^ rv32_soc/reg_next_pc[27]$_SDFFE_PN0P_/D (sky130_fd_sc_hd__dfxtp_1)
                                  0.97   data arrival time

                          0.00    0.00   clock clk (rise edge)
                          0.70    0.70   clock network delay (propagated)
                          0.00    0.70   clock reconvergence pessimism
                                  0.70 ^ rv32_soc/reg_next_pc[27]$_SDFFE_PN0P_/CLK (sky130_fd_sc_hd__dfxtp_1)
                         -0.02    0.68   library hold time
                                  0.68   data required time
-----------------------------------------------------------------------------
                                  0.68   data required time
                                 -0.97   data arrival time
-----------------------------------------------------------------------------
                                  0.29   slack (MET)


Startpoint: rv32_soc/reg_next_pc[29]$_SDFFE_PN0P_
            (rising edge-triggered flip-flop clocked by clk)
Endpoint: rv32_soc/reg_next_pc[29]$_SDFFE_PN0P_
          (rising edge-triggered flip-flop clocked by clk)
Path Group: clk
Path Type: min
Corner: fast

Fanout     Cap    Slew   Delay    Time   Description
-----------------------------------------------------------------------------
                          0.00    0.00   clock clk (rise edge)
                          0.70    0.70   clock network delay (propagated)
                  0.07    0.00    0.70 ^ rv32_soc/reg_next_pc[29]$_SDFFE_PN0P_/CLK (sky130_fd_sc_hd__dfxtp_1)
     2    0.01    0.05    0.21    0.91 ^ rv32_soc/reg_next_pc[29]$_SDFFE_PN0P_/Q (sky130_fd_sc_hd__dfxtp_1)
                                         rv32_soc/reg_next_pc[29] (net)
                  0.05    0.00    0.91 ^ _8491_/A (sky130_fd_sc_hd__nand2_1)
     1    0.00    0.03    0.03    0.95 v _8491_/Y (sky130_fd_sc_hd__nand2_1)
                                         _3993_ (net)
                  0.03    0.00    0.95 v _8500_/A (sky130_fd_sc_hd__nand2_1)
     1    0.00    0.02    0.03    0.97 ^ _8500_/Y (sky130_fd_sc_hd__nand2_1)
                                         _0298_ (net)
                  0.02    0.00    0.97 ^ rv32_soc/reg_next_pc[29]$_SDFFE_PN0P_/D (sky130_fd_sc_hd__dfxtp_1)
                                  0.97   data arrival time

                          0.00    0.00   clock clk (rise edge)
                          0.70    0.70   clock network delay (propagated)
                          0.00    0.70   clock reconvergence pessimism
                                  0.70 ^ rv32_soc/reg_next_pc[29]$_SDFFE_PN0P_/CLK (sky130_fd_sc_hd__dfxtp_1)
                         -0.02    0.69   library hold time
                                  0.69   data required time
-----------------------------------------------------------------------------
                                  0.69   data required time
                                 -0.97   data arrival time
-----------------------------------------------------------------------------
                                  0.29   slack (MET)


Startpoint: rv32_soc/instr_sra$_SDFFE_PN0P_
            (rising edge-triggered flip-flop clocked by clk)
Endpoint: rv32_soc/instr_sra$_SDFFE_PN0P_
          (rising edge-triggered flip-flop clocked by clk)
Path Group: clk
Path Type: min
Corner: fast

Fanout     Cap    Slew   Delay    Time   Description
-----------------------------------------------------------------------------
                          0.00    0.00   clock clk (rise edge)
                          0.71    0.71   clock network delay (propagated)
                  0.08    0.00    0.71 ^ rv32_soc/instr_sra$_SDFFE_PN0P_/CLK (sky130_fd_sc_hd__dfxtp_1)
     2    0.00    0.04    0.21    0.92 ^ rv32_soc/instr_sra$_SDFFE_PN0P_/Q (sky130_fd_sc_hd__dfxtp_1)
                                         rv32_soc/instr_sra (net)
                  0.04    0.00    0.92 ^ _8930_/A (sky130_fd_sc_hd__nand2_1)
     1    0.00    0.02    0.03    0.94 v _8930_/Y (sky130_fd_sc_hd__nand2_1)
                                         _4328_ (net)
                  0.02    0.00    0.94 v _8931_/B1 (sky130_fd_sc_hd__o21ai_0)
     1    0.00    0.03    0.03    0.98 ^ _8931_/Y (sky130_fd_sc_hd__o21ai_0)
                                         _0403_ (net)
                  0.03    0.00    0.98 ^ rv32_soc/instr_sra$_SDFFE_PN0P_/D (sky130_fd_sc_hd__dfxtp_1)
                                  0.98   data arrival time

                          0.00    0.00   clock clk (rise edge)
                          0.71    0.71   clock network delay (propagated)
                          0.00    0.71   clock reconvergence pessimism
                                  0.71 ^ rv32_soc/instr_sra$_SDFFE_PN0P_/CLK (sky130_fd_sc_hd__dfxtp_1)
                         -0.02    0.69   library hold time
                                  0.69   data required time
-----------------------------------------------------------------------------
                                  0.69   data required time
                                 -0.98   data arrival time
-----------------------------------------------------------------------------
                                  0.29   slack (MET)


Startpoint: rv32_soc/reg_next_pc[13]$_SDFFE_PN0P_
            (rising edge-triggered flip-flop clocked by clk)
Endpoint: rv32_soc/reg_next_pc[13]$_SDFFE_PN0P_
          (rising edge-triggered flip-flop clocked by clk)
Path Group: clk
Path Type: min
Corner: fast

Fanout     Cap    Slew   Delay    Time   Description
-----------------------------------------------------------------------------
                          0.00    0.00   clock clk (rise edge)
                          0.70    0.70   clock network delay (propagated)
                  0.08    0.00    0.70 ^ rv32_soc/reg_next_pc[13]$_SDFFE_PN0P_/CLK (sky130_fd_sc_hd__dfxtp_1)
     2    0.01    0.04    0.21    0.91 ^ rv32_soc/reg_next_pc[13]$_SDFFE_PN0P_/Q (sky130_fd_sc_hd__dfxtp_1)
                                         rv32_soc/reg_next_pc[13] (net)
                  0.04    0.00    0.91 ^ _8639_/A (sky130_fd_sc_hd__nand2_1)
     1    0.00    0.03    0.03    0.95 v _8639_/Y (sky130_fd_sc_hd__nand2_1)
                                         _4125_ (net)
                  0.03    0.00    0.95 v _8645_/A (sky130_fd_sc_hd__nand2_1)
     1    0.00    0.02    0.03    0.97 ^ _8645_/Y (sky130_fd_sc_hd__nand2_1)
                                         _0314_ (net)
                  0.02    0.00    0.97 ^ rv32_soc/reg_next_pc[13]$_SDFFE_PN0P_/D (sky130_fd_sc_hd__dfxtp_1)
                                  0.97   data arrival time

                          0.00    0.00   clock clk (rise edge)
                          0.70    0.70   clock network delay (propagated)
                          0.00    0.70   clock reconvergence pessimism
                                  0.70 ^ rv32_soc/reg_next_pc[13]$_SDFFE_PN0P_/CLK (sky130_fd_sc_hd__dfxtp_1)
                         -0.02    0.68   library hold time
                                  0.68   data required time
-----------------------------------------------------------------------------
                                  0.68   data required time
                                 -0.97   data arrival time
-----------------------------------------------------------------------------
                                  0.29   slack (MET)


Startpoint: rv32_soc/reg_next_pc[28]$_SDFFE_PN0P_
            (rising edge-triggered flip-flop clocked by clk)
Endpoint: rv32_soc/reg_next_pc[28]$_SDFFE_PN0P_
          (rising edge-triggered flip-flop clocked by clk)
Path Group: clk
Path Type: min
Corner: fast

Fanout     Cap    Slew   Delay    Time   Description
-----------------------------------------------------------------------------
                          0.00    0.00   clock clk (rise edge)
                          0.70    0.70   clock network delay (propagated)
                  0.07    0.00    0.70 ^ rv32_soc/reg_next_pc[28]$_SDFFE_PN0P_/CLK (sky130_fd_sc_hd__dfxtp_1)
     2    0.01    0.05    0.21    0.91 ^ rv32_soc/reg_next_pc[28]$_SDFFE_PN0P_/Q (sky130_fd_sc_hd__dfxtp_1)
                                         rv32_soc/reg_next_pc[28] (net)
                  0.05    0.00    0.91 ^ _8501_/A (sky130_fd_sc_hd__nand2_1)
     1    0.00    0.03    0.03    0.95 v _8501_/Y (sky130_fd_sc_hd__nand2_1)
                                         _4002_ (net)
                  0.03    0.00    0.95 v _8514_/A (sky130_fd_sc_hd__nand2_1)
     1    0.00    0.02    0.03    0.97 ^ _8514_/Y (sky130_fd_sc_hd__nand2_1)
                                         _0299_ (net)
                  0.02    0.00    0.97 ^ rv32_soc/reg_next_pc[28]$_SDFFE_PN0P_/D (sky130_fd_sc_hd__dfxtp_1)
                                  0.97   data arrival time

                          0.00    0.00   clock clk (rise edge)
                          0.70    0.70   clock network delay (propagated)
                          0.00    0.70   clock reconvergence pessimism
                                  0.70 ^ rv32_soc/reg_next_pc[28]$_SDFFE_PN0P_/CLK (sky130_fd_sc_hd__dfxtp_1)
                         -0.02    0.68   library hold time
                                  0.68   data required time
-----------------------------------------------------------------------------
                                  0.68   data required time
                                 -0.97   data arrival time
-----------------------------------------------------------------------------
                                  0.29   slack (MET)


Startpoint: rv32_soc/reg_next_pc[21]$_SDFFE_PN0P_
            (rising edge-triggered flip-flop clocked by clk)
Endpoint: rv32_soc/reg_next_pc[21]$_SDFFE_PN0P_
          (rising edge-triggered flip-flop clocked by clk)
Path Group: clk
Path Type: min
Corner: fast

Fanout     Cap    Slew   Delay    Time   Description
-----------------------------------------------------------------------------
                          0.00    0.00   clock clk (rise edge)
                          0.70    0.70   clock network delay (propagated)
                  0.08    0.00    0.70 ^ rv32_soc/reg_next_pc[21]$_SDFFE_PN0P_/CLK (sky130_fd_sc_hd__dfxtp_1)
     2    0.01    0.05    0.21    0.92 ^ rv32_soc/reg_next_pc[21]$_SDFFE_PN0P_/Q (sky130_fd_sc_hd__dfxtp_1)
                                         rv32_soc/reg_next_pc[21] (net)
                  0.05    0.00    0.92 ^ _8570_/A (sky130_fd_sc_hd__nand2_1)
     1    0.00    0.03    0.03    0.95 v _8570_/Y (sky130_fd_sc_hd__nand2_1)
                                         _4064_ (net)
                  0.03    0.00    0.95 v _8576_/A (sky130_fd_sc_hd__nand2_1)
     1    0.00    0.02    0.03    0.98 ^ _8576_/Y (sky130_fd_sc_hd__nand2_1)
                                         _0306_ (net)
                  0.02    0.00    0.98 ^ rv32_soc/reg_next_pc[21]$_SDFFE_PN0P_/D (sky130_fd_sc_hd__dfxtp_1)
                                  0.98   data arrival time

                          0.00    0.00   clock clk (rise edge)
                          0.70    0.70   clock network delay (propagated)
                          0.00    0.70   clock reconvergence pessimism
                                  0.70 ^ rv32_soc/reg_next_pc[21]$_SDFFE_PN0P_/CLK (sky130_fd_sc_hd__dfxtp_1)
                         -0.02    0.69   library hold time
                                  0.69   data required time
-----------------------------------------------------------------------------
                                  0.69   data required time
                                 -0.98   data arrival time
-----------------------------------------------------------------------------
                                  0.29   slack (MET)


Startpoint: rv32_soc/reg_next_pc[11]$_SDFFE_PN0P_
            (rising edge-triggered flip-flop clocked by clk)
Endpoint: rv32_soc/reg_next_pc[11]$_SDFFE_PN0P_
          (rising edge-triggered flip-flop clocked by clk)
Path Group: clk
Path Type: min
Corner: fast

Fanout     Cap    Slew   Delay    Time   Description
-----------------------------------------------------------------------------
                          0.00    0.00   clock clk (rise edge)
                          0.71    0.71   clock network delay (propagated)
                  0.07    0.00    0.71 ^ rv32_soc/reg_next_pc[11]$_SDFFE_PN0P_/CLK (sky130_fd_sc_hd__dfxtp_1)
     2    0.01    0.05    0.21    0.92 ^ rv32_soc/reg_next_pc[11]$_SDFFE_PN0P_/Q (sky130_fd_sc_hd__dfxtp_1)
                                         rv32_soc/reg_next_pc[11] (net)
                  0.05    0.00    0.93 ^ _8654_/A (sky130_fd_sc_hd__nand2_1)
     1    0.00    0.03    0.03    0.96 v _8654_/Y (sky130_fd_sc_hd__nand2_1)
                                         _4138_ (net)
                  0.03    0.00    0.96 v _8663_/A (sky130_fd_sc_hd__nand2_1)
     1    0.00    0.02    0.03    0.99 ^ _8663_/Y (sky130_fd_sc_hd__nand2_1)
                                         _0316_ (net)
                  0.02    0.00    0.99 ^ rv32_soc/reg_next_pc[11]$_SDFFE_PN0P_/D (sky130_fd_sc_hd__dfxtp_1)
                                  0.99   data arrival time

                          0.00    0.00   clock clk (rise edge)
                          0.71    0.71   clock network delay (propagated)
                          0.00    0.71   clock reconvergence pessimism
                                  0.71 ^ rv32_soc/reg_next_pc[11]$_SDFFE_PN0P_/CLK (sky130_fd_sc_hd__dfxtp_1)
                         -0.02    0.70   library hold time
                                  0.70   data required time
-----------------------------------------------------------------------------
                                  0.70   data required time
                                 -0.99   data arrival time
-----------------------------------------------------------------------------
                                  0.29   slack (MET)


