[-2.545, -1.294): * (12)
[-1.294, -0.043): * (15)
[-0.043,  1.209): *** (34)
[ 1.209,  2.460): ***** (50)
[ 2.460,  3.711): ******************************************** (483)
[ 3.711,  4.962): ************************************* (409)
[ 4.962,  6.214): ******************** (221)
[ 6.214,  7.465): *************************** (303)
[ 7.465,  8.716): ****************** (197)
[ 8.716,  9.967): ************************************************** (553)
[ 9.967, 11.219): ************ (138)
[11.219, 12.470): ************** (160)
[12.470, 13.721): **** (43)
[13.721, 14.973): **** (46)
[14.973, 16.224): ** (19)
[16.224, 17.475): * (14)
[17.475, 18.726): ** (20)
[18.726, 19.978): ** (23)
[19.978, 21.229): ** (18)
[21.229, 22.480]: * (8)
