Startpoint: rv32_soc/latched_store$_SDFFE_PN0P_
            (rising edge-triggered flip-flop clocked by clk)
Endpoint: rv32_soc/reg_next_pc[31]$_SDFFE_PN0P_
          (rising edge-triggered flip-flop clocked by clk)
Path Group: clk
Path Type: max
Corner: slow

Fanout     Cap    Slew   Delay    Time   Description
-----------------------------------------------------------------------------
                          0.00    0.00   clock clk (rise edge)
                          0.00    0.00   clock source latency
     2    0.11    0.00    0.00    0.00 ^ clk (in)
                                         clk (net)
                  0.09    0.04    0.04 ^ clkbuf_regs_0_clk/A (sky130_fd_sc_hd__clkbuf_16)
     1    0.01    0.10    0.32    0.36 ^ clkbuf_regs_0_clk/X (sky130_fd_sc_hd__clkbuf_16)
                                         clk_regs (net)
                  0.10    0.00    0.36 ^ clkbuf_0_clk_regs/A (sky130_fd_sc_hd__clkbuf_16)
     2    0.02    0.13    0.35    0.72 ^ clkbuf_0_clk_regs/X (sky130_fd_sc_hd__clkbuf_16)
                                         clknet_0_clk_regs (net)
                  0.13    0.00    0.72 ^ clkbuf_1_1_0_clk_regs/A (sky130_fd_sc_hd__clkbuf_16)
     2    0.03    0.17    0.41    1.12 ^ clkbuf_1_1_0_clk_regs/X (sky130_fd_sc_hd__clkbuf_16)
                                         clknet_1_1_0_clk_regs (net)
                  0.17    0.01    1.13 ^ clkbuf_2_2_0_clk_regs/A (sky130_fd_sc_hd__clkbuf_16)
     2    0.02    0.14    0.41    1.54 ^ clkbuf_2_2_0_clk_regs/X (sky130_fd_sc_hd__clkbuf_16)
                                         clknet_2_2_0_clk_regs (net)
                  0.14    0.00    1.54 ^ clkbuf_3_4__f_clk_regs/A (sky130_fd_sc_hd__clkbuf_16)
     8    0.09    0.38    0.58    2.12 ^ clkbuf_3_4__f_clk_regs/X (sky130_fd_sc_hd__clkbuf_16)
                                         clknet_3_4__leaf_clk_regs (net)
                  0.38    0.01    2.13 ^ clkbuf_leaf_56_clk_regs/A (sky130_fd_sc_hd__clkbuf_16)
    15    0.06    0.27    0.63    2.76 ^ clkbuf_leaf_56_clk_regs/X (sky130_fd_sc_hd__clkbuf_16)
                                         clknet_leaf_56_clk_regs (net)
                  0.27    0.00    2.76 ^ rv32_soc/latched_store$_SDFFE_PN0P_/CLK (sky130_fd_sc_hd__dfxtp_1)
     6    0.01    0.50    1.62    4.38 ^ rv32_soc/latched_store$_SDFFE_PN0P_/Q (sky130_fd_sc_hd__dfxtp_1)
                                         net444 (net)
                  0.50    0.00    4.38 ^ _4945_/A (sky130_fd_sc_hd__and2_0)
     3    0.01    0.40    0.73    5.11 ^ _4945_/X (sky130_fd_sc_hd__and2_0)
                                         _0894_ (net)
                  0.40    0.00    5.11 ^ place833/A (sky130_fd_sc_hd__buf_1)
    10    0.04    1.75    1.62    6.72 ^ place833/X (sky130_fd_sc_hd__buf_1)
                                         net833 (net)
                  1.75    0.00    6.72 ^ _8367_/S (sky130_fd_sc_hd__mux2_1)
     6    0.02    0.33    2.44    9.16 v _8367_/X (sky130_fd_sc_hd__mux2_1)
                                         _3875_ (net)
                  0.33    0.00    9.16 v _8419_/B (sky130_fd_sc_hd__xnor2_1)
     3    0.01    0.19    0.58    9.74 v _8419_/Y (sky130_fd_sc_hd__xnor2_1)
                                         _3923_ (net)
                  0.19    0.00    9.74 v _8424_/A1 (sky130_fd_sc_hd__o211ai_1)
     2    0.00    0.73    0.88   10.62 ^ _8424_/Y (sky130_fd_sc_hd__o211ai_1)
                                         _3928_ (net)
                  0.73    0.00   10.62 ^ _8427_/A3 (sky130_fd_sc_hd__a311oi_1)
     3    0.01    0.29    0.57   11.19 v _8427_/Y (sky130_fd_sc_hd__a311oi_1)
                                         _3931_ (net)
                  0.29    0.00   11.19 v _8431_/A3 (sky130_fd_sc_hd__o311ai_0)
     1    0.00    1.38    1.51   12.70 ^ _8431_/Y (sky130_fd_sc_hd__o311ai_0)
                                         _3935_ (net)
                  1.38    0.00   12.70 ^ place622/A (sky130_fd_sc_hd__buf_4)
     2    0.01    0.10    0.92   13.62 ^ place622/X (sky130_fd_sc_hd__buf_4)
                                         net622 (net)
                  0.10    0.00   13.62 ^ _8434_/A3 (sky130_fd_sc_hd__a311oi_1)
     2    0.01    0.26    0.26   13.88 v _8434_/Y (sky130_fd_sc_hd__a311oi_1)
                                         _3938_ (net)
                  0.26    0.00   13.88 v _8438_/A3 (sky130_fd_sc_hd__o311ai_0)
     1    0.00    1.18    1.34   15.21 ^ _8438_/Y (sky130_fd_sc_hd__o311ai_0)
                                         _3942_ (net)
                  1.18    0.00   15.21 ^ place606/A (sky130_fd_sc_hd__buf_1)
     3    0.01    0.49    1.01   16.23 ^ place606/X (sky130_fd_sc_hd__buf_1)
                                         net606 (net)
                  0.49    0.00   16.23 ^ _8441_/A3 (sky130_fd_sc_hd__a311oi_1)
     3    0.01    0.25    0.45   16.68 v _8441_/Y (sky130_fd_sc_hd__a311oi_1)
                                         _3945_ (net)
                  0.25    0.00   16.68 v _8444_/A3 (sky130_fd_sc_hd__o311ai_0)
     1    0.00    1.45    1.55   18.23 ^ _8444_/Y (sky130_fd_sc_hd__o311ai_0)
                                         _3948_ (net)
                  1.45    0.00   18.23 ^ place597/A (sky130_fd_sc_hd__buf_1)
     4    0.01    0.51    1.13   19.36 ^ place597/X (sky130_fd_sc_hd__buf_1)
                                         net597 (net)
                  0.51    0.00   19.36 ^ _8447_/A3 (sky130_fd_sc_hd__a311oi_1)
     1    0.00    0.15    0.41   19.77 v _8447_/Y (sky130_fd_sc_hd__a311oi_1)
                                         _3951_ (net)
                  0.15    0.00   19.77 v place593/A (sky130_fd_sc_hd__buf_4)
     3    0.01    0.07    0.53   20.30 v place593/X (sky130_fd_sc_hd__buf_4)
                                         net593 (net)
                  0.07    0.00   20.30 v _8449_/A3 (sky130_fd_sc_hd__o31a_1)
     2    0.01    0.18    1.26   21.57 v _8449_/X (sky130_fd_sc_hd__o31a_1)
                                         _3953_ (net)
                  0.18    0.00   21.57 v _8450_/B_N (sky130_fd_sc_hd__nor2b_1)
     2    0.01    0.12    0.58   22.15 v _8450_/Y (sky130_fd_sc_hd__nor2b_1)
                                         _3954_ (net)
                  0.12    0.00   22.15 v _8451_/C (sky130_fd_sc_hd__nor3_1)
     1    0.00    0.56    0.56   22.71 ^ _8451_/Y (sky130_fd_sc_hd__nor3_1)
                                         _3955_ (net)
                  0.56    0.00   22.71 ^ place581/A (sky130_fd_sc_hd__buf_1)
     5    0.01    0.69    0.90   23.62 ^ place581/X (sky130_fd_sc_hd__buf_1)
                                         net581 (net)
                  0.69    0.00   23.62 ^ _8452_/C (sky130_fd_sc_hd__and3_1)
     2    0.01    0.24    0.81   24.43 ^ _8452_/X (sky130_fd_sc_hd__and3_1)
                                         _3956_ (net)
                  0.24    0.00   24.43 ^ _8457_/A2 (sky130_fd_sc_hd__o31a_1)
     4    0.01    0.49    0.68   25.11 ^ _8457_/X (sky130_fd_sc_hd__o31a_1)
                                         _3961_ (net)
                  0.49    0.00   25.11 ^ _8459_/A3 (sky130_fd_sc_hd__a31o_1)
     2    0.01    0.25    0.67   25.77 ^ _8459_/X (sky130_fd_sc_hd__a31o_1)
                                         _3963_ (net)
                  0.25    0.00   25.77 ^ _8461_/A (sky130_fd_sc_hd__nand2_1)
     2    0.00    0.13    0.22   26.00 v _8461_/Y (sky130_fd_sc_hd__nand2_1)
                                         _3965_ (net)
                  0.13    0.00   26.00 v _8462_/B1 (sky130_fd_sc_hd__o21ai_0)
     2    0.01    0.83    0.36   26.35 ^ _8462_/Y (sky130_fd_sc_hd__o21ai_0)
                                         _3966_ (net)
                  0.83    0.00   26.35 ^ _8798_/B1 (sky130_fd_sc_hd__a21oi_1)
     2    0.00    0.15    0.41   26.77 v _8798_/Y (sky130_fd_sc_hd__a21oi_1)
                                         _4257_ (net)
                  0.15    0.00   26.77 v _8802_/B (sky130_fd_sc_hd__or3_1)
     1    0.00    0.22    1.82   28.59 v _8802_/X (sky130_fd_sc_hd__or3_1)
                                         _4261_ (net)
                  0.22    0.00   28.59 v _8806_/A3 (sky130_fd_sc_hd__a31oi_1)
     1    0.00    0.40    0.62   29.21 ^ _8806_/Y (sky130_fd_sc_hd__a31oi_1)
                                         _4265_ (net)
                  0.40    0.00   29.21 ^ _8810_/A1 (sky130_fd_sc_hd__o21ai_0)
     1    0.00    0.10    0.32   29.53 v _8810_/Y (sky130_fd_sc_hd__o21ai_0)
                                         _0341_ (net)
                  0.10    0.00   29.53 v rv32_soc/reg_next_pc[31]$_SDFFE_PN0P_/D (sky130_fd_sc_hd__dfxtp_1)
                                 29.53   data arrival time

                         25.00   25.00   clock clk (rise edge)
                          0.00   25.00   clock source latency
     2    0.11    0.00    0.00   25.00 ^ clk (in)
                                         clk (net)
                  0.09    0.04   25.04 ^ clkbuf_regs_0_clk/A (sky130_fd_sc_hd__clkbuf_16)
     1    0.01    0.10    0.32   25.36 ^ clkbuf_regs_0_clk/X (sky130_fd_sc_hd__clkbuf_16)
                                         clk_regs (net)
                  0.10    0.00   25.36 ^ clkbuf_0_clk_regs/A (sky130_fd_sc_hd__clkbuf_16)
     2    0.02    0.13    0.35   25.72 ^ clkbuf_0_clk_regs/X (sky130_fd_sc_hd__clkbuf_16)
                                         clknet_0_clk_regs (net)
                  0.13    0.00   25.72 ^ clkbuf_1_0_0_clk_regs/A (sky130_fd_sc_hd__clkbuf_16)
     2    0.03    0.16    0.40   26.12 ^ clkbuf_1_0_0_clk_regs/X (sky130_fd_sc_hd__clkbuf_16)
                                         clknet_1_0_0_clk_regs (net)
                  0.16    0.00   26.12 ^ clkbuf_2_0_0_clk_regs/A (sky130_fd_sc_hd__clkbuf_16)
     2    0.02    0.14    0.40   26.52 ^ clkbuf_2_0_0_clk_regs/X (sky130_fd_sc_hd__clkbuf_16)
                                         clknet_2_0_0_clk_regs (net)
                  0.14    0.00   26.52 ^ clkbuf_3_0__f_clk_regs/A (sky130_fd_sc_hd__clkbuf_16)
     7    0.09    0.36    0.56   27.08 ^ clkbuf_3_0__f_clk_regs/X (sky130_fd_sc_hd__clkbuf_16)
                                         clknet_3_0__leaf_clk_regs (net)
                  0.36    0.00   27.08 ^ clkbuf_leaf_64_clk_regs/A (sky130_fd_sc_hd__clkbuf_16)
    20    0.06    0.28    0.62   27.70 ^ clkbuf_leaf_64_clk_regs/X (sky130_fd_sc_hd__clkbuf_16)
                                         clknet_leaf_64_clk_regs (net)
                  0.28    0.00   27.71 ^ rv32_soc/reg_next_pc[31]$_SDFFE_PN0P_/CLK (sky130_fd_sc_hd__dfxtp_1)
                          0.00   27.71   clock reconvergence pessimism
                         -0.72   26.99   library setup time
                                 26.99   data required time
-----------------------------------------------------------------------------
                                 26.99   data required time
                                -29.53   data arrival time
-----------------------------------------------------------------------------
                                 -2.55   slack (VIOLATED)


