[WARNING STA-0503] report_checks -group_count is deprecated. Use -group_path_count instead.
Startpoint: rv32_soc/latched_store$_SDFFE_PN0P_
            (rising edge-triggered flip-flop clocked by clk)
Endpoint: rv32_soc/reg_next_pc[31]$_SDFFE_PN0P_
          (rising edge-triggered flip-flop clocked by clk)
Path Group: clk
Path Type: max
Corner: slow

Fanout     Cap    Slew   Delay    Time   Description
-----------------------------------------------------------------------------
                          0.00    0.00   clock clk (rise edge)
                          2.76    2.76   clock network delay (propagated)
                  0.27    0.00    2.76 ^ rv32_soc/latched_store$_SDFFE_PN0P_/CLK (sky130_fd_sc_hd__dfxtp_1)
     6    0.01    0.50    1.62    4.38 ^ rv32_soc/latched_store$_SDFFE_PN0P_/Q (sky130_fd_sc_hd__dfxtp_1)
                                         net444 (net)
                  0.50    0.00    4.38 ^ _4945_/A (sky130_fd_sc_hd__and2_0)
     3    0.01    0.40    0.73    5.11 ^ _4945_/X (sky130_fd_sc_hd__and2_0)
                                         _0894_ (net)
                  0.40    0.00    5.11 ^ place833/A (sky130_fd_sc_hd__buf_1)
    10    0.04    1.75    1.62    6.72 ^ place833/X (sky130_fd_sc_hd__buf_1)
                                         net833 (net)
                  1.75    0.00    6.72 ^ _8367_/S (sky130_fd_sc_hd__mux2_1)
     6    0.02    0.33    2.44    9.16 v _8367_/X (sky130_fd_sc_hd__mux2_1)
                                         _3875_ (net)
                  0.33    0.00    9.16 v _8419_/B (sky130_fd_sc_hd__xnor2_1)
     3    0.01    0.19    0.58    9.74 v _8419_/Y (sky130_fd_sc_hd__xnor2_1)
                                         _3923_ (net)
                  0.19    0.00    9.74 v _8424_/A1 (sky130_fd_sc_hd__o211ai_1)
     2    0.00    0.73    0.88   10.62 ^ _8424_/Y (sky130_fd_sc_hd__o211ai_1)
                                         _3928_ (net)
                  0.73    0.00   10.62 ^ _8427_/A3 (sky130_fd_sc_hd__a311oi_1)
     3    0.01    0.29    0.57   11.19 v _8427_/Y (sky130_fd_sc_hd__a311oi_1)
                                         _3931_ (net)
                  0.29    0.00   11.19 v _8431_/A3 (sky130_fd_sc_hd__o311ai_0)
     1    0.00    1.38    1.51   12.70 ^ _8431_/Y (sky130_fd_sc_hd__o311ai_0)
                                         _3935_ (net)
                  1.38    0.00   12.70 ^ place622/A (sky130_fd_sc_hd__buf_4)
     2    0.01    0.10    0.92   13.62 ^ place622/X (sky130_fd_sc_hd__buf_4)
                                         net622 (net)
                  0.10    0.00   13.62 ^ _8434_/A3 (sky130_fd_sc_hd__a311oi_1)
     2    0.01    0.26    0.26   13.88 v _8434_/Y (sky130_fd_sc_hd__a311oi_1)
                                         _3938_ (net)
                  0.26    0.00   13.88 v _8438_/A3 (sky130_fd_sc_hd__o311ai_0)
     1    0.00    1.18    1.34   15.21 ^ _8438_/Y (sky130_fd_sc_hd__o311ai_0)
                                         _3942_ (net)
                  1.18    0.00   15.21 ^ place606/A (sky130_fd_sc_hd__buf_1)
     3    0.01    0.49    1.01   16.23 ^ place606/X (sky130_fd_sc_hd__buf_1)
                                         net606 (net)
                  0.49    0.00   16.23 ^ _8441_/A3 (sky130_fd_sc_hd__a311oi_1)
     3    0.01    0.25    0.45   16.68 v _8441_/Y (sky130_fd_sc_hd__a311oi_1)
                                         _3945_ (net)
                  0.25    0.00   16.68 v _8444_/A3 (sky130_fd_sc_hd__o311ai_0)
     1    0.00    1.45    1.55   18.23 ^ _8444_/Y (sky130_fd_sc_hd__o311ai_0)
                                         _3948_ (net)
                  1.45    0.00   18.23 ^ place597/A (sky130_fd_sc_hd__buf_1)
     4    0.01    0.51    1.13   19.36 ^ place597/X (sky130_fd_sc_hd__buf_1)
                                         net597 (net)
                  0.51    0.00   19.36 ^ _8447_/A3 (sky130_fd_sc_hd__a311oi_1)
     1    0.00    0.15    0.41   19.77 v _8447_/Y (sky130_fd_sc_hd__a311oi_1)
                                         _3951_ (net)
                  0.15    0.00   19.77 v place593/A (sky130_fd_sc_hd__buf_4)
     3    0.01    0.07    0.53   20.30 v place593/X (sky130_fd_sc_hd__buf_4)
                                         net593 (net)
                  0.07    0.00   20.30 v _8449_/A3 (sky130_fd_sc_hd__o31a_1)
     2    0.01    0.18    1.26   21.57 v _8449_/X (sky130_fd_sc_hd__o31a_1)
                                         _3953_ (net)
                  0.18    0.00   21.57 v _8450_/B_N (sky130_fd_sc_hd__nor2b_1)
     2    0.01    0.12    0.58   22.15 v _8450_/Y (sky130_fd_sc_hd__nor2b_1)
                                         _3954_ (net)
                  0.12    0.00   22.15 v _8451_/C (sky130_fd_sc_hd__nor3_1)
     1    0.00    0.56    0.56   22.71 ^ _8451_/Y (sky130_fd_sc_hd__nor3_1)
                                         _3955_ (net)
                  0.56    0.00   22.71 ^ place581/A (sky130_fd_sc_hd__buf_1)
     5    0.01    0.69    0.90   23.62 ^ place581/X (sky130_fd_sc_hd__buf_1)
                                         net581 (net)
                  0.69    0.00   23.62 ^ _8452_/C (sky130_fd_sc_hd__and3_1)
     2    0.01    0.24    0.81   24.43 ^ _8452_/X (sky130_fd_sc_hd__and3_1)
                                         _3956_ (net)
                  0.24    0.00   24.43 ^ _8457_/A2 (sky130_fd_sc_hd__o31a_1)
     4    0.01    0.49    0.68   25.11 ^ _8457_/X (sky130_fd_sc_hd__o31a_1)
                                         _3961_ (net)
                  0.49    0.00   25.11 ^ _8459_/A3 (sky130_fd_sc_hd__a31o_1)
     2    0.01    0.25    0.67   25.77 ^ _8459_/X (sky130_fd_sc_hd__a31o_1)
                                         _3963_ (net)
                  0.25    0.00   25.77 ^ _8461_/A (sky130_fd_sc_hd__nand2_1)
     2    0.00    0.13    0.22   26.00 v _8461_/Y (sky130_fd_sc_hd__nand2_1)
                                         _3965_ (net)
                  0.13    0.00   26.00 v _8462_/B1 (sky130_fd_sc_hd__o21ai_0)
     2    0.01    0.83    0.36   26.35 ^ _8462_/Y (sky130_fd_sc_hd__o21ai_0)
                                         _3966_ (net)
                  0.83    0.00   26.35 ^ _8798_/B1 (sky130_fd_sc_hd__a21oi_1)
     2    0.00    0.15    0.41   26.77 v _8798_/Y (sky130_fd_sc_hd__a21oi_1)
                                         _4257_ (net)
                  0.15    0.00   26.77 v _8802_/B (sky130_fd_sc_hd__or3_1)
     1    0.00    0.22    1.82   28.59 v _8802_/X (sky130_fd_sc_hd__or3_1)
                                         _4261_ (net)
                  0.22    0.00   28.59 v _8806_/A3 (sky130_fd_sc_hd__a31oi_1)
     1    0.00    0.40    0.62   29.21 ^ _8806_/Y (sky130_fd_sc_hd__a31oi_1)
                                         _4265_ (net)
                  0.40    0.00   29.21 ^ _8810_/A1 (sky130_fd_sc_hd__o21ai_0)
     1    0.00    0.10    0.32   29.53 v _8810_/Y (sky130_fd_sc_hd__o21ai_0)
                                         _0341_ (net)
                  0.10    0.00   29.53 v rv32_soc/reg_next_pc[31]$_SDFFE_PN0P_/D (sky130_fd_sc_hd__dfxtp_1)
                                 29.53   data arrival time

                         25.00   25.00   clock clk (rise edge)
                          2.71   27.71   clock network delay (propagated)
                          0.00   27.71   clock reconvergence pessimism
                                 27.71 ^ rv32_soc/reg_next_pc[31]$_SDFFE_PN0P_/CLK (sky130_fd_sc_hd__dfxtp_1)
                         -0.72   26.99   library setup time
                                 26.99   data required time
-----------------------------------------------------------------------------
                                 26.99   data required time
                                -29.53   data arrival time
-----------------------------------------------------------------------------
                                 -2.55   slack (VIOLATED)


Startpoint: pcpi_rs1[1]$_DFFE_PP_
            (rising edge-triggered flip-flop clocked by clk)
Endpoint: pcpi_rs1[31]$_DFFE_PP_
          (rising edge-triggered flip-flop clocked by clk)
Path Group: clk
Path Type: max
Corner: slow

Fanout     Cap    Slew   Delay    Time   Description
-----------------------------------------------------------------------------
                          0.00    0.00   clock clk (rise edge)
                          2.74    2.74   clock network delay (propagated)
                  0.26    0.00    2.74 ^ pcpi_rs1[1]$_DFFE_PP_/CLK (sky130_fd_sc_hd__edfxtp_1)
     3    0.02    0.43    2.01    4.75 v pcpi_rs1[1]$_DFFE_PP_/Q (sky130_fd_sc_hd__edfxtp_1)
                                         net518 (net)
                  0.43    0.00    4.75 v _5903_/A (sky130_fd_sc_hd__xnor2_4)
     2    0.01    0.51    0.88    5.64 ^ _5903_/Y (sky130_fd_sc_hd__xnor2_4)
                                         _1758_ (net)
                  0.51    0.00    5.64 ^ _5905_/A2 (sky130_fd_sc_hd__o21ai_4)
     2    0.01    0.08    0.31    5.94 v _5905_/Y (sky130_fd_sc_hd__o21ai_4)
                                         _1760_ (net)
                  0.08    0.00    5.94 v _5906_/C (sky130_fd_sc_hd__maj3_2)
     2    0.01    0.20    1.41    7.36 v _5906_/X (sky130_fd_sc_hd__maj3_2)
                                         _1761_ (net)
                  0.20    0.00    7.36 v _5907_/C (sky130_fd_sc_hd__maj3_2)
     2    0.01    0.20    1.47    8.83 v _5907_/X (sky130_fd_sc_hd__maj3_2)
                                         _1762_ (net)
                  0.20    0.00    8.83 v _5908_/C (sky130_fd_sc_hd__maj3_2)
     2    0.01    0.21    1.49   10.32 v _5908_/X (sky130_fd_sc_hd__maj3_2)
                                         _1763_ (net)
                  0.21    0.00   10.32 v _5909_/C (sky130_fd_sc_hd__maj3_2)
     3    0.02    0.26    1.57   11.89 v _5909_/X (sky130_fd_sc_hd__maj3_2)
                                         _1764_ (net)
                  0.26    0.00   11.89 v _5913_/A2 (sky130_fd_sc_hd__a211oi_4)
     2    0.01    0.92    1.31   13.20 ^ _5913_/Y (sky130_fd_sc_hd__a211oi_4)
                                         _1768_ (net)
                  0.92    0.00   13.20 ^ _5915_/A3 (sky130_fd_sc_hd__o31ai_4)
     2    0.01    0.15    0.48   13.68 v _5915_/Y (sky130_fd_sc_hd__o31ai_4)
                                         _1770_ (net)
                  0.15    0.00   13.68 v _5916_/C (sky130_fd_sc_hd__maj3_2)
     3    0.02    0.25    1.54   15.22 v _5916_/X (sky130_fd_sc_hd__maj3_2)
                                         _1771_ (net)
                  0.25    0.00   15.22 v _5919_/A2 (sky130_fd_sc_hd__a211oi_4)
     2    0.01    1.03    1.40   16.62 ^ _5919_/Y (sky130_fd_sc_hd__a211oi_4)
                                         _1774_ (net)
                  1.03    0.00   16.62 ^ _5922_/A3 (sky130_fd_sc_hd__o311ai_4)
     3    0.01    0.19    0.64   17.26 v _5922_/Y (sky130_fd_sc_hd__o311ai_4)
                                         _1777_ (net)
                  0.19    0.00   17.26 v _5924_/A3 (sky130_fd_sc_hd__a311oi_4)
     3    0.01    1.05    1.47   18.73 ^ _5924_/Y (sky130_fd_sc_hd__a311oi_4)
                                         _1779_ (net)
                  1.05    0.00   18.73 ^ _5927_/A3 (sky130_fd_sc_hd__o311ai_4)
     3    0.01    0.22    0.65   19.38 v _5927_/Y (sky130_fd_sc_hd__o311ai_4)
                                         _1782_ (net)
                  0.22    0.00   19.38 v _5929_/A3 (sky130_fd_sc_hd__a311oi_4)
     2    0.01    0.97    1.43   20.81 ^ _5929_/Y (sky130_fd_sc_hd__a311oi_4)
                                         _1784_ (net)
                  0.97    0.00   20.81 ^ _5932_/A3 (sky130_fd_sc_hd__o311ai_4)
     3    0.01    0.20    0.62   21.42 v _5932_/Y (sky130_fd_sc_hd__o311ai_4)
                                         _1787_ (net)
                  0.20    0.00   21.42 v _5934_/A3 (sky130_fd_sc_hd__a311oi_4)
     2    0.01    1.00    1.44   22.86 ^ _5934_/Y (sky130_fd_sc_hd__a311oi_4)
                                         _1789_ (net)
                  1.00    0.00   22.86 ^ _5937_/A3 (sky130_fd_sc_hd__o311ai_4)
     2    0.01    0.19    0.61   23.48 v _5937_/Y (sky130_fd_sc_hd__o311ai_4)
                                         _1792_ (net)
                  0.19    0.00   23.48 v _5939_/A3 (sky130_fd_sc_hd__a311oi_4)
     2    0.01    0.80    1.26   24.74 ^ _5939_/Y (sky130_fd_sc_hd__a311oi_4)
                                         _1794_ (net)
                  0.80    0.00   24.74 ^ _5941_/A3 (sky130_fd_sc_hd__o31ai_2)
     3    0.01    0.14    0.49   25.22 v _5941_/Y (sky130_fd_sc_hd__o31ai_2)
                                         _1796_ (net)
                  0.14    0.00   25.22 v _5942_/C (sky130_fd_sc_hd__maj3_2)
     2    0.01    0.20    1.44   26.66 v _5942_/X (sky130_fd_sc_hd__maj3_2)
                                         _1797_ (net)
                  0.20    0.00   26.66 v _5943_/C (sky130_fd_sc_hd__maj3_2)
     1    0.01    0.21    1.49   28.15 v _5943_/X (sky130_fd_sc_hd__maj3_2)
                                         _1798_ (net)
                  0.21    0.00   28.15 v _5945_/A (sky130_fd_sc_hd__xnor2_2)
     1    0.00    0.31    0.54   28.69 ^ _5945_/Y (sky130_fd_sc_hd__xnor2_2)
                                         _1800_ (net)
                  0.31    0.00   28.69 ^ _6039_/A2 (sky130_fd_sc_hd__o21ai_1)
     1    0.00    0.14    0.23   28.93 v _6039_/Y (sky130_fd_sc_hd__o21ai_1)
                                         _4389_ (net)
                  0.14    0.00   28.93 v pcpi_rs1[31]$_DFFE_PP_/D (sky130_fd_sc_hd__edfxtp_1)
                                 28.93   data arrival time

                         25.00   25.00   clock clk (rise edge)
                          2.72   27.72   clock network delay (propagated)
                          0.00   27.72   clock reconvergence pessimism
                                 27.72 ^ pcpi_rs1[31]$_DFFE_PP_/CLK (sky130_fd_sc_hd__edfxtp_1)
                         -1.29   26.43   library setup time
                                 26.43   data required time
-----------------------------------------------------------------------------
                                 26.43   data required time
                                -28.93   data arrival time
-----------------------------------------------------------------------------
                                 -2.50   slack (VIOLATED)


Startpoint: rv32_soc/decoded_imm[2]$_SDFFCE_PN0P_
            (rising edge-triggered flip-flop clocked by clk)
Endpoint: rv32_soc/reg_out[31]$_DFF_P_
          (rising edge-triggered flip-flop clocked by clk)
Path Group: clk
Path Type: max
Corner: slow

Fanout     Cap    Slew   Delay    Time   Description
-----------------------------------------------------------------------------
                          0.00    0.00   clock clk (rise edge)
                          2.74    2.74   clock network delay (propagated)
                  0.26    0.00    2.74 ^ rv32_soc/decoded_imm[2]$_SDFFCE_PN0P_/CLK (sky130_fd_sc_hd__edfxtp_1)
     2    0.01    0.27    1.76    4.50 v rv32_soc/decoded_imm[2]$_SDFFCE_PN0P_/Q (sky130_fd_sc_hd__edfxtp_1)
                                         net462 (net)
                  0.27    0.00    4.50 v place876/A (sky130_fd_sc_hd__buf_1)
     4    0.01    0.19    0.53    5.03 v place876/X (sky130_fd_sc_hd__buf_1)
                                         net876 (net)
                  0.19    0.00    5.03 v _4439_/B (sky130_fd_sc_hd__xor2_1)
     2    0.01    0.23    0.71    5.74 v _4439_/X (sky130_fd_sc_hd__xor2_1)
                                         _0446_ (net)
                  0.23    0.00    5.74 v _4442_/A3 (sky130_fd_sc_hd__a311oi_4)
     2    0.01    0.78    1.27    7.01 ^ _4442_/Y (sky130_fd_sc_hd__a311oi_4)
                                         _0449_ (net)
                  0.78    0.00    7.01 ^ _4444_/A3 (sky130_fd_sc_hd__o31ai_1)
     2    0.01    0.21    0.55    7.56 v _4444_/Y (sky130_fd_sc_hd__o31ai_1)
                                         _0451_ (net)
                  0.21    0.00    7.56 v _4445_/C (sky130_fd_sc_hd__maj3_1)
     2    0.01    0.27    1.81    9.37 v _4445_/X (sky130_fd_sc_hd__maj3_1)
                                         _0452_ (net)
                  0.27    0.00    9.37 v _4446_/C (sky130_fd_sc_hd__maj3_1)
     2    0.01    0.24    1.81   11.18 v _4446_/X (sky130_fd_sc_hd__maj3_1)
                                         _0453_ (net)
                  0.24    0.00   11.18 v _4447_/C (sky130_fd_sc_hd__maj3_1)
     2    0.01    0.24    1.80   12.98 v _4447_/X (sky130_fd_sc_hd__maj3_1)
                                         _0454_ (net)
                  0.24    0.00   12.98 v _4448_/C (sky130_fd_sc_hd__maj3_1)
     2    0.01    0.25    1.81   14.79 v _4448_/X (sky130_fd_sc_hd__maj3_1)
                                         _0455_ (net)
                  0.25    0.00   14.79 v _4449_/C (sky130_fd_sc_hd__maj3_1)
     2    0.01    0.32    1.90   16.69 v _4449_/X (sky130_fd_sc_hd__maj3_1)
                                         _0456_ (net)
                  0.32    0.00   16.69 v _4452_/A2 (sky130_fd_sc_hd__a211oi_4)
     3    0.01    0.84    1.28   17.97 ^ _4452_/Y (sky130_fd_sc_hd__a211oi_4)
                                         _0459_ (net)
                  0.84    0.00   17.98 ^ _4454_/A3 (sky130_fd_sc_hd__o31ai_1)
     2    0.01    0.25    0.61   18.58 v _4454_/Y (sky130_fd_sc_hd__o31ai_1)
                                         _0461_ (net)
                  0.25    0.00   18.58 v _4456_/A2 (sky130_fd_sc_hd__o21ai_4)
     2    0.01    0.46    0.65   19.23 ^ _4456_/Y (sky130_fd_sc_hd__o21ai_4)
                                         _0463_ (net)
                  0.46    0.00   19.23 ^ _4459_/A2 (sky130_fd_sc_hd__o211ai_1)
     2    0.01    0.23    0.42   19.65 v _4459_/Y (sky130_fd_sc_hd__o211ai_1)
                                         _0466_ (net)
                  0.23    0.00   19.65 v _4462_/A3 (sky130_fd_sc_hd__a311o_1)
     2    0.01    0.19    1.72   21.37 v _4462_/X (sky130_fd_sc_hd__a311o_1)
                                         _0469_ (net)
                  0.19    0.00   21.37 v _4463_/C (sky130_fd_sc_hd__nand3_2)
     3    0.02    0.36    0.42   21.79 ^ _4463_/Y (sky130_fd_sc_hd__nand3_2)
                                         _0470_ (net)
                  0.36    0.00   21.79 ^ _4466_/A3 (sky130_fd_sc_hd__a311oi_4)
     2    0.01    0.22    0.37   22.16 v _4466_/Y (sky130_fd_sc_hd__a311oi_4)
                                         _0473_ (net)
                  0.22    0.00   22.16 v _4470_/A3 (sky130_fd_sc_hd__o311ai_4)
     2    0.01    0.97    1.19   23.36 ^ _4470_/Y (sky130_fd_sc_hd__o311ai_4)
                                         _0477_ (net)
                  0.97    0.00   23.36 ^ _4473_/A3 (sky130_fd_sc_hd__a311oi_4)
     2    0.01    0.21    0.62   23.98 v _4473_/Y (sky130_fd_sc_hd__a311oi_4)
                                         _0480_ (net)
                  0.21    0.00   23.98 v _4477_/A3 (sky130_fd_sc_hd__o311ai_4)
     2    0.01    1.07    1.27   25.25 ^ _4477_/Y (sky130_fd_sc_hd__o311ai_4)
                                         _0484_ (net)
                  1.07    0.00   25.25 ^ _4480_/A3 (sky130_fd_sc_hd__a311oi_4)
     2    0.01    0.20    0.62   25.88 v _4480_/Y (sky130_fd_sc_hd__a311oi_4)
                                         _0487_ (net)
                  0.20    0.00   25.88 v _4482_/A2 (sky130_fd_sc_hd__o21ai_2)
     2    0.01    0.41    0.57   26.44 ^ _4482_/Y (sky130_fd_sc_hd__o21ai_2)
                                         _0489_ (net)
                  0.41    0.00   26.44 ^ _4484_/A2 (sky130_fd_sc_hd__a21oi_1)
     2    0.00    0.13    0.33   26.77 v _4484_/Y (sky130_fd_sc_hd__a21oi_1)
                                         _0491_ (net)
                  0.13    0.00   26.77 v _5118_/B (sky130_fd_sc_hd__or3_1)
     1    0.00    0.22    1.82   28.59 v _5118_/X (sky130_fd_sc_hd__or3_1)
                                         _1010_ (net)
                  0.22    0.00   28.59 v _5126_/A2 (sky130_fd_sc_hd__a31o_1)
     1    0.00    0.09    0.88   29.47 v _5126_/X (sky130_fd_sc_hd__a31o_1)
                                         _4357_ (net)
                  0.09    0.00   29.47 v rv32_soc/reg_out[31]$_DFF_P_/D (sky130_fd_sc_hd__dfxtp_1)
                                 29.47   data arrival time

                         25.00   25.00   clock clk (rise edge)
                          2.70   27.70   clock network delay (propagated)
                          0.00   27.70   clock reconvergence pessimism
                                 27.70 ^ rv32_soc/reg_out[31]$_DFF_P_/CLK (sky130_fd_sc_hd__dfxtp_1)
                         -0.71   27.00   library setup time
                                 27.00   data required time
-----------------------------------------------------------------------------
                                 27.00   data required time
                                -29.47   data arrival time
-----------------------------------------------------------------------------
                                 -2.47   slack (VIOLATED)


Startpoint: pcpi_rs1[1]$_DFFE_PP_
            (rising edge-triggered flip-flop clocked by clk)
Endpoint: rv32_soc/alu_out_q[29]$_DFF_P_
          (rising edge-triggered flip-flop clocked by clk)
Path Group: clk
Path Type: max
Corner: slow

Fanout     Cap    Slew   Delay    Time   Description
-----------------------------------------------------------------------------
                          0.00    0.00   clock clk (rise edge)
                          2.74    2.74   clock network delay (propagated)
                  0.26    0.00    2.74 ^ pcpi_rs1[1]$_DFFE_PP_/CLK (sky130_fd_sc_hd__edfxtp_1)
     3    0.02    0.77    1.61    4.35 ^ pcpi_rs1[1]$_DFFE_PP_/Q (sky130_fd_sc_hd__edfxtp_1)
                                         net518 (net)
                  0.77    0.00    4.35 ^ place930/A (sky130_fd_sc_hd__buf_6)
     2    0.01    0.09    0.59    4.93 ^ place930/X (sky130_fd_sc_hd__buf_6)
                                         net930 (net)
                  0.09    0.00    4.93 ^ place929/A (sky130_fd_sc_hd__buf_1)
    16    0.06    2.56    2.03    6.96 ^ place929/X (sky130_fd_sc_hd__buf_1)
                                         net929 (net)
                  2.56    0.01    6.97 ^ _6069_/A (sky130_fd_sc_hd__nand2_1)
     4    0.01    0.48    1.26    8.23 v _6069_/Y (sky130_fd_sc_hd__nand2_1)
                                         _1923_ (net)
                  0.48    0.00    8.23 v _6073_/A2 (sky130_fd_sc_hd__a311oi_1)
     2    0.00    1.04    1.48    9.71 ^ _6073_/Y (sky130_fd_sc_hd__a311oi_1)
                                         _1927_ (net)
                  1.04    0.00    9.71 ^ _6076_/A3 (sky130_fd_sc_hd__o311ai_0)
     1    0.00    0.22    0.70   10.41 v _6076_/Y (sky130_fd_sc_hd__o311ai_0)
                                         _1930_ (net)
                  0.22    0.00   10.41 v place712/A (sky130_fd_sc_hd__buf_4)
     2    0.00    0.07    0.57   10.98 v place712/X (sky130_fd_sc_hd__buf_4)
                                         net712 (net)
                  0.07    0.00   10.98 v _6078_/A2 (sky130_fd_sc_hd__a21o_1)
     3    0.01    0.13    0.70   11.67 v _6078_/X (sky130_fd_sc_hd__a21o_1)
                                         _1932_ (net)
                  0.13    0.00   11.67 v _6084_/A2 (sky130_fd_sc_hd__a311o_1)
     2    0.01    0.20    1.51   13.19 v _6084_/X (sky130_fd_sc_hd__a311o_1)
                                         _1938_ (net)
                  0.20    0.00   13.19 v _6088_/A1 (sky130_fd_sc_hd__a211o_1)
     3    0.01    0.19    1.31   14.49 v _6088_/X (sky130_fd_sc_hd__a211o_1)
                                         _1942_ (net)
                  0.19    0.00   14.49 v _6093_/A2 (sky130_fd_sc_hd__a311o_1)
     3    0.01    0.23    1.59   16.08 v _6093_/X (sky130_fd_sc_hd__a311o_1)
                                         _1947_ (net)
                  0.23    0.00   16.08 v _6097_/A2 (sky130_fd_sc_hd__a311o_1)
     3    0.01    0.21    1.59   17.67 v _6097_/X (sky130_fd_sc_hd__a311o_1)
                                         _1951_ (net)
                  0.21    0.00   17.67 v _6101_/A2 (sky130_fd_sc_hd__a311oi_1)
     1    0.00    0.82    1.12   18.80 ^ _6101_/Y (sky130_fd_sc_hd__a311oi_1)
                                         _1955_ (net)
                  0.82    0.00   18.80 ^ place604/A (sky130_fd_sc_hd__buf_4)
     2    0.00    0.09    0.67   19.46 ^ place604/X (sky130_fd_sc_hd__buf_4)
                                         net604 (net)
                  0.09    0.00   19.46 ^ _6105_/A3 (sky130_fd_sc_hd__o311ai_0)
     2    0.01    0.39    0.39   19.85 v _6105_/Y (sky130_fd_sc_hd__o311ai_0)
                                         _1959_ (net)
                  0.39    0.00   19.85 v _6108_/A2 (sky130_fd_sc_hd__a31oi_1)
     2    0.00    0.55    0.86   20.72 ^ _6108_/Y (sky130_fd_sc_hd__a31oi_1)
                                         _1962_ (net)
                  0.55    0.00   20.72 ^ _6109_/B (sky130_fd_sc_hd__and2_0)
     3    0.01    0.48    0.82   21.54 ^ _6109_/X (sky130_fd_sc_hd__and2_0)
                                         _1963_ (net)
                  0.48    0.00   21.54 ^ _6114_/B1 (sky130_fd_sc_hd__o221ai_1)
     2    0.01    0.25    0.52   22.06 v _6114_/Y (sky130_fd_sc_hd__o221ai_1)
                                         _1968_ (net)
                  0.25    0.00   22.06 v _6117_/A2 (sky130_fd_sc_hd__a31oi_1)
     2    0.01    0.68    0.88   22.93 ^ _6117_/Y (sky130_fd_sc_hd__a31oi_1)
                                         _1971_ (net)
                  0.68    0.00   22.93 ^ _6119_/A2 (sky130_fd_sc_hd__o21bai_1)
     3    0.01    0.19    0.49   23.42 v _6119_/Y (sky130_fd_sc_hd__o21bai_1)
                                         _1973_ (net)
                  0.19    0.00   23.42 v _6122_/A2 (sky130_fd_sc_hd__a211o_1)
     3    0.01    0.18    1.38   24.81 v _6122_/X (sky130_fd_sc_hd__a211o_1)
                                         _1976_ (net)
                  0.18    0.00   24.81 v _6126_/A2 (sky130_fd_sc_hd__a311oi_1)
     1    0.00    0.79    1.09   25.90 ^ _6126_/Y (sky130_fd_sc_hd__a311oi_1)
                                         _1980_ (net)
                  0.79    0.00   25.90 ^ _6127_/B1 (sky130_fd_sc_hd__a21oi_1)
     2    0.00    0.17    0.42   26.32 v _6127_/Y (sky130_fd_sc_hd__a21oi_1)
                                         _1981_ (net)
                  0.17    0.00   26.32 v _6239_/A2 (sky130_fd_sc_hd__o21ai_0)
     1    0.00    0.72    0.77   27.09 ^ _6239_/Y (sky130_fd_sc_hd__o21ai_0)
                                         _2092_ (net)
                  0.72    0.00   27.09 ^ _6240_/B (sky130_fd_sc_hd__xnor2_1)
     1    0.00    0.47    0.61   27.70 ^ _6240_/Y (sky130_fd_sc_hd__xnor2_1)
                                         _2093_ (net)
                  0.47    0.00   27.70 ^ _6241_/B (sky130_fd_sc_hd__nor2_1)
     1    0.00    0.47    0.26   27.95 v _6241_/Y (sky130_fd_sc_hd__nor2_1)
                                         _2094_ (net)
                  0.47    0.00   27.95 v _6246_/B1 (sky130_fd_sc_hd__a211o_1)
     1    0.00    0.12    1.38   29.33 v _6246_/X (sky130_fd_sc_hd__a211o_1)
                                         rv32_soc/alu_out[29] (net)
                  0.12    0.00   29.33 v rv32_soc/alu_out_q[29]$_DFF_P_/D (sky130_fd_sc_hd__dfxtp_1)
                                 29.33   data arrival time

                         25.00   25.00   clock clk (rise edge)
                          2.72   27.72   clock network delay (propagated)
                          0.00   27.72   clock reconvergence pessimism
                                 27.72 ^ rv32_soc/alu_out_q[29]$_DFF_P_/CLK (sky130_fd_sc_hd__dfxtp_1)
                         -0.72   26.99   library setup time
                                 26.99   data required time
-----------------------------------------------------------------------------
                                 26.99   data required time
                                -29.33   data arrival time
-----------------------------------------------------------------------------
                                 -2.33   slack (VIOLATED)


Startpoint: rv32_soc/latched_store$_SDFFE_PN0P_
            (rising edge-triggered flip-flop clocked by clk)
Endpoint: rv32_soc/reg_next_pc[28]$_SDFFE_PN0P_
          (rising edge-triggered flip-flop clocked by clk)
Path Group: clk
Path Type: max
Corner: slow

Fanout     Cap    Slew   Delay    Time   Description
-----------------------------------------------------------------------------
                          0.00    0.00   clock clk (rise edge)
                          2.76    2.76   clock network delay (propagated)
                  0.27    0.00    2.76 ^ rv32_soc/latched_store$_SDFFE_PN0P_/CLK (sky130_fd_sc_hd__dfxtp_1)
     6    0.01    0.50    1.62    4.38 ^ rv32_soc/latched_store$_SDFFE_PN0P_/Q (sky130_fd_sc_hd__dfxtp_1)
                                         net444 (net)
                  0.50    0.00    4.38 ^ _4945_/A (sky130_fd_sc_hd__and2_0)
     3    0.01    0.40    0.73    5.11 ^ _4945_/X (sky130_fd_sc_hd__and2_0)
                                         _0894_ (net)
                  0.40    0.00    5.11 ^ place833/A (sky130_fd_sc_hd__buf_1)
    10    0.04    1.75    1.62    6.72 ^ place833/X (sky130_fd_sc_hd__buf_1)
                                         net833 (net)
                  1.75    0.00    6.72 ^ _8367_/S (sky130_fd_sc_hd__mux2_1)
     6    0.02    0.33    2.44    9.16 v _8367_/X (sky130_fd_sc_hd__mux2_1)
                                         _3875_ (net)
                  0.33    0.00    9.16 v _8419_/B (sky130_fd_sc_hd__xnor2_1)
     3    0.01    1.09    1.15   10.32 ^ _8419_/Y (sky130_fd_sc_hd__xnor2_1)
                                         _3923_ (net)
                  1.09    0.00   10.32 ^ _8424_/A1 (sky130_fd_sc_hd__o211ai_1)
     2    0.00    0.21    0.72   11.03 v _8424_/Y (sky130_fd_sc_hd__o211ai_1)
                                         _3928_ (net)
                  0.21    0.00   11.03 v _8427_/A3 (sky130_fd_sc_hd__a311oi_1)
     3    0.01    1.26    1.49   12.52 ^ _8427_/Y (sky130_fd_sc_hd__a311oi_1)
                                         _3931_ (net)
                  1.26    0.00   12.52 ^ _8431_/A3 (sky130_fd_sc_hd__o311ai_0)
     1    0.00    0.26    0.82   13.34 v _8431_/Y (sky130_fd_sc_hd__o311ai_0)
                                         _3935_ (net)
                  0.26    0.00   13.34 v place622/A (sky130_fd_sc_hd__buf_4)
     2    0.00    0.07    0.60   13.94 v place622/X (sky130_fd_sc_hd__buf_4)
                                         net622 (net)
                  0.07    0.00   13.94 v _8434_/A3 (sky130_fd_sc_hd__a311oi_1)
     2    0.01    1.19    1.35   15.29 ^ _8434_/Y (sky130_fd_sc_hd__a311oi_1)
                                         _3938_ (net)
                  1.19    0.00   15.29 ^ _8438_/A3 (sky130_fd_sc_hd__o311ai_0)
     1    0.00    0.23    0.76   16.05 v _8438_/Y (sky130_fd_sc_hd__o311ai_0)
                                         _3942_ (net)
                  0.23    0.00   16.05 v place606/A (sky130_fd_sc_hd__buf_1)
     3    0.01    0.14    0.46   16.51 v place606/X (sky130_fd_sc_hd__buf_1)
                                         net606 (net)
                  0.14    0.00   16.51 v _8441_/A3 (sky130_fd_sc_hd__a311oi_1)
     3    0.01    1.26    1.44   17.95 ^ _8441_/Y (sky130_fd_sc_hd__a311oi_1)
                                         _3945_ (net)
                  1.26    0.00   17.95 ^ _8444_/A3 (sky130_fd_sc_hd__o311ai_0)
     1    0.00    0.28    0.83   18.78 v _8444_/Y (sky130_fd_sc_hd__o311ai_0)
                                         _3948_ (net)
                  0.28    0.00   18.78 v place597/A (sky130_fd_sc_hd__buf_1)
     4    0.01    0.15    0.49   19.28 v place597/X (sky130_fd_sc_hd__buf_1)
                                         net597 (net)
                  0.15    0.00   19.28 v _8447_/A3 (sky130_fd_sc_hd__a311oi_1)
     1    0.00    0.86    1.15   20.43 ^ _8447_/Y (sky130_fd_sc_hd__a311oi_1)
                                         _3951_ (net)
                  0.86    0.00   20.43 ^ place593/A (sky130_fd_sc_hd__buf_4)
     3    0.01    0.11    0.70   21.13 ^ place593/X (sky130_fd_sc_hd__buf_4)
                                         net593 (net)
                  0.11    0.00   21.13 ^ _8449_/A3 (sky130_fd_sc_hd__o31a_1)
     2    0.01    0.34    0.48   21.61 ^ _8449_/X (sky130_fd_sc_hd__o31a_1)
                                         _3953_ (net)
                  0.34    0.00   21.61 ^ _8450_/B_N (sky130_fd_sc_hd__nor2b_1)
     2    0.01    0.69    0.86   22.47 ^ _8450_/Y (sky130_fd_sc_hd__nor2b_1)
                                         _3954_ (net)
                  0.69    0.00   22.47 ^ _8451_/C (sky130_fd_sc_hd__nor3_1)
     1    0.00    0.12    0.35   22.83 v _8451_/Y (sky130_fd_sc_hd__nor3_1)
                                         _3955_ (net)
                  0.12    0.00   22.83 v place581/A (sky130_fd_sc_hd__buf_1)
     5    0.01    0.19    0.43   23.26 v place581/X (sky130_fd_sc_hd__buf_1)
                                         net581 (net)
                  0.19    0.00   23.26 v _8452_/C (sky130_fd_sc_hd__and3_1)
     2    0.01    0.13    0.81   24.07 v _8452_/X (sky130_fd_sc_hd__and3_1)
                                         _3956_ (net)
                  0.13    0.00   24.07 v _8457_/A2 (sky130_fd_sc_hd__o31a_1)
     4    0.01    0.21    1.47   25.54 v _8457_/X (sky130_fd_sc_hd__o31a_1)
                                         _3961_ (net)
                  0.21    0.00   25.54 v _8504_/A2 (sky130_fd_sc_hd__a21o_1)
     2    0.00    0.08    0.73   26.27 v _8504_/X (sky130_fd_sc_hd__a21o_1)
                                         _4005_ (net)
                  0.08    0.00   26.27 v _8505_/B (sky130_fd_sc_hd__and2_1)
     3    0.01    0.13    0.65   26.91 v _8505_/X (sky130_fd_sc_hd__and2_1)
                                         _4006_ (net)
                  0.13    0.00   26.91 v _8507_/A2 (sky130_fd_sc_hd__o21ai_0)
     1    0.00    0.46    0.54   27.45 ^ _8507_/Y (sky130_fd_sc_hd__o21ai_0)
                                         _4008_ (net)
                  0.46    0.00   27.46 ^ _8508_/B (sky130_fd_sc_hd__nand2_1)
     1    0.00    1.05    0.30   27.75 v _8508_/Y (sky130_fd_sc_hd__nand2_1)
                                         _4009_ (net)
                  1.05    0.00   27.75 v _8512_/A2 (sky130_fd_sc_hd__o221ai_1)
     1    0.00    0.64    1.23   28.99 ^ _8512_/Y (sky130_fd_sc_hd__o221ai_1)
                                         _4013_ (net)
                  0.64    0.00   28.99 ^ _8513_/B1 (sky130_fd_sc_hd__o21ai_0)
     1    0.00    0.15    0.44   29.42 v _8513_/Y (sky130_fd_sc_hd__o21ai_0)
                                         _4014_ (net)
                  0.15    0.00   29.42 v _8514_/B (sky130_fd_sc_hd__nand2_1)
     1    0.00    0.16    0.21   29.63 ^ _8514_/Y (sky130_fd_sc_hd__nand2_1)
                                         _0299_ (net)
                  0.16    0.00   29.63 ^ rv32_soc/reg_next_pc[28]$_SDFFE_PN0P_/D (sky130_fd_sc_hd__dfxtp_1)
                                 29.63   data arrival time

                         25.00   25.00   clock clk (rise edge)
                          2.71   27.71   clock network delay (propagated)
                          0.00   27.71   clock reconvergence pessimism
                                 27.71 ^ rv32_soc/reg_next_pc[28]$_SDFFE_PN0P_/CLK (sky130_fd_sc_hd__dfxtp_1)
                         -0.18   27.52   library setup time
                                 27.52   data required time
-----------------------------------------------------------------------------
                                 27.52   data required time
                                -29.63   data arrival time
-----------------------------------------------------------------------------
                                 -2.11   slack (VIOLATED)


Startpoint: pcpi_rs1[1]$_DFFE_PP_
            (rising edge-triggered flip-flop clocked by clk)
Endpoint: rv32_soc/alu_out_q[31]$_DFF_P_
          (rising edge-triggered flip-flop clocked by clk)
Path Group: clk
Path Type: max
Corner: slow

Fanout     Cap    Slew   Delay    Time   Description
-----------------------------------------------------------------------------
                          0.00    0.00   clock clk (rise edge)
                          2.74    2.74   clock network delay (propagated)
                  0.26    0.00    2.74 ^ pcpi_rs1[1]$_DFFE_PP_/CLK (sky130_fd_sc_hd__edfxtp_1)
     3    0.02    0.77    1.61    4.35 ^ pcpi_rs1[1]$_DFFE_PP_/Q (sky130_fd_sc_hd__edfxtp_1)
                                         net518 (net)
                  0.77    0.00    4.35 ^ place930/A (sky130_fd_sc_hd__buf_6)
     2    0.01    0.09    0.59    4.93 ^ place930/X (sky130_fd_sc_hd__buf_6)
                                         net930 (net)
                  0.09    0.00    4.93 ^ place929/A (sky130_fd_sc_hd__buf_1)
    16    0.06    2.56    2.03    6.96 ^ place929/X (sky130_fd_sc_hd__buf_1)
                                         net929 (net)
                  2.56    0.01    6.97 ^ _6069_/A (sky130_fd_sc_hd__nand2_1)
     4    0.01    0.48    1.26    8.23 v _6069_/Y (sky130_fd_sc_hd__nand2_1)
                                         _1923_ (net)
                  0.48    0.00    8.23 v _6073_/A2 (sky130_fd_sc_hd__a311oi_1)
     2    0.00    1.04    1.48    9.71 ^ _6073_/Y (sky130_fd_sc_hd__a311oi_1)
                                         _1927_ (net)
                  1.04    0.00    9.71 ^ _6076_/A3 (sky130_fd_sc_hd__o311ai_0)
     1    0.00    0.22    0.70   10.41 v _6076_/Y (sky130_fd_sc_hd__o311ai_0)
                                         _1930_ (net)
                  0.22    0.00   10.41 v place712/A (sky130_fd_sc_hd__buf_4)
     2    0.00    0.07    0.57   10.98 v place712/X (sky130_fd_sc_hd__buf_4)
                                         net712 (net)
                  0.07    0.00   10.98 v _6078_/A2 (sky130_fd_sc_hd__a21o_1)
     3    0.01    0.13    0.70   11.67 v _6078_/X (sky130_fd_sc_hd__a21o_1)
                                         _1932_ (net)
                  0.13    0.00   11.67 v _6084_/A2 (sky130_fd_sc_hd__a311o_1)
     2    0.01    0.20    1.51   13.19 v _6084_/X (sky130_fd_sc_hd__a311o_1)
                                         _1938_ (net)
                  0.20    0.00   13.19 v _6088_/A1 (sky130_fd_sc_hd__a211o_1)
     3    0.01    0.19    1.31   14.49 v _6088_/X (sky130_fd_sc_hd__a211o_1)
                                         _1942_ (net)
                  0.19    0.00   14.49 v _6093_/A2 (sky130_fd_sc_hd__a311o_1)
     3    0.01    0.23    1.59   16.08 v _6093_/X (sky130_fd_sc_hd__a311o_1)
                                         _1947_ (net)
                  0.23    0.00   16.08 v _6097_/A2 (sky130_fd_sc_hd__a311o_1)
     3    0.01    0.21    1.59   17.67 v _6097_/X (sky130_fd_sc_hd__a311o_1)
                                         _1951_ (net)
                  0.21    0.00   17.67 v _6101_/A2 (sky130_fd_sc_hd__a311oi_1)
     1    0.00    0.82    1.12   18.80 ^ _6101_/Y (sky130_fd_sc_hd__a311oi_1)
                                         _1955_ (net)
                  0.82    0.00   18.80 ^ place604/A (sky130_fd_sc_hd__buf_4)
     2    0.00    0.09    0.67   19.46 ^ place604/X (sky130_fd_sc_hd__buf_4)
                                         net604 (net)
                  0.09    0.00   19.46 ^ _6105_/A3 (sky130_fd_sc_hd__o311ai_0)
     2    0.01    0.39    0.39   19.85 v _6105_/Y (sky130_fd_sc_hd__o311ai_0)
                                         _1959_ (net)
                  0.39    0.00   19.85 v _6108_/A2 (sky130_fd_sc_hd__a31oi_1)
     2    0.00    0.55    0.86   20.72 ^ _6108_/Y (sky130_fd_sc_hd__a31oi_1)
                                         _1962_ (net)
                  0.55    0.00   20.72 ^ _6109_/B (sky130_fd_sc_hd__and2_0)
     3    0.01    0.48    0.82   21.54 ^ _6109_/X (sky130_fd_sc_hd__and2_0)
                                         _1963_ (net)
                  0.48    0.00   21.54 ^ _6114_/B1 (sky130_fd_sc_hd__o221ai_1)
     2    0.01    0.25    0.52   22.06 v _6114_/Y (sky130_fd_sc_hd__o221ai_1)
                                         _1968_ (net)
                  0.25    0.00   22.06 v _6117_/A2 (sky130_fd_sc_hd__a31oi_1)
     2    0.01    0.68    0.88   22.93 ^ _6117_/Y (sky130_fd_sc_hd__a31oi_1)
                                         _1971_ (net)
                  0.68    0.00   22.93 ^ _6119_/A2 (sky130_fd_sc_hd__o21bai_1)
     3    0.01    0.19    0.49   23.42 v _6119_/Y (sky130_fd_sc_hd__o21bai_1)
                                         _1973_ (net)
                  0.19    0.00   23.42 v _6122_/A2 (sky130_fd_sc_hd__a211o_1)
     3    0.01    0.18    1.38   24.81 v _6122_/X (sky130_fd_sc_hd__a211o_1)
                                         _1976_ (net)
                  0.18    0.00   24.81 v _6126_/A2 (sky130_fd_sc_hd__a311oi_1)
     1    0.00    0.79    1.09   25.90 ^ _6126_/Y (sky130_fd_sc_hd__a311oi_1)
                                         _1980_ (net)
                  0.79    0.00   25.90 ^ _6127_/B1 (sky130_fd_sc_hd__a21oi_1)
     2    0.00    0.17    0.42   26.32 v _6127_/Y (sky130_fd_sc_hd__a21oi_1)
                                         _1981_ (net)
                  0.17    0.00   26.32 v _6129_/A2 (sky130_fd_sc_hd__a21oi_1)
     2    0.00    0.49    0.63   26.95 ^ _6129_/Y (sky130_fd_sc_hd__a21oi_1)
                                         _1983_ (net)
                  0.49    0.00   26.95 ^ _6471_/B (sky130_fd_sc_hd__nand2_1)
     1    0.00    0.15    0.32   27.28 v _6471_/Y (sky130_fd_sc_hd__nand2_1)
                                         _2286_ (net)
                  0.15    0.00   27.28 v _6473_/B1 (sky130_fd_sc_hd__a22oi_1)
     1    0.00    0.62    0.64   27.92 ^ _6473_/Y (sky130_fd_sc_hd__a22oi_1)
                                         _2288_ (net)
                  0.62    0.00   27.92 ^ _6474_/B (sky130_fd_sc_hd__xnor2_1)
     1    0.00    0.41    0.55   28.46 ^ _6474_/Y (sky130_fd_sc_hd__xnor2_1)
                                         _2289_ (net)
                  0.41    0.00   28.46 ^ _6477_/A2 (sky130_fd_sc_hd__o21ai_0)
     1    0.00    0.42    0.32   28.78 v _6477_/Y (sky130_fd_sc_hd__o21ai_0)
                                         rv32_soc/alu_out[31] (net)
                  0.42    0.00   28.78 v rv32_soc/alu_out_q[31]$_DFF_P_/D (sky130_fd_sc_hd__dfxtp_1)
                                 28.78   data arrival time

                         25.00   25.00   clock clk (rise edge)
                          2.72   27.72   clock network delay (propagated)
                          0.00   27.72   clock reconvergence pessimism
                                 27.72 ^ rv32_soc/alu_out_q[31]$_DFF_P_/CLK (sky130_fd_sc_hd__dfxtp_1)
                         -0.91   26.81   library setup time
                                 26.81   data required time
-----------------------------------------------------------------------------
                                 26.81   data required time
                                -28.78   data arrival time
-----------------------------------------------------------------------------
                                 -1.97   slack (VIOLATED)


Startpoint: pcpi_rs1[1]$_DFFE_PP_
            (rising edge-triggered flip-flop clocked by clk)
Endpoint: pcpi_rs1[30]$_DFFE_PP_
          (rising edge-triggered flip-flop clocked by clk)
Path Group: clk
Path Type: max
Corner: slow

Fanout     Cap    Slew   Delay    Time   Description
-----------------------------------------------------------------------------
                          0.00    0.00   clock clk (rise edge)
                          2.74    2.74   clock network delay (propagated)
                  0.26    0.00    2.74 ^ pcpi_rs1[1]$_DFFE_PP_/CLK (sky130_fd_sc_hd__edfxtp_1)
     3    0.02    0.43    2.01    4.75 v pcpi_rs1[1]$_DFFE_PP_/Q (sky130_fd_sc_hd__edfxtp_1)
                                         net518 (net)
                  0.43    0.00    4.75 v _5903_/A (sky130_fd_sc_hd__xnor2_4)
     2    0.01    0.51    0.88    5.64 ^ _5903_/Y (sky130_fd_sc_hd__xnor2_4)
                                         _1758_ (net)
                  0.51    0.00    5.64 ^ _5905_/A2 (sky130_fd_sc_hd__o21ai_4)
     2    0.01    0.08    0.31    5.94 v _5905_/Y (sky130_fd_sc_hd__o21ai_4)
                                         _1760_ (net)
                  0.08    0.00    5.94 v _5906_/C (sky130_fd_sc_hd__maj3_2)
     2    0.01    0.20    1.41    7.36 v _5906_/X (sky130_fd_sc_hd__maj3_2)
                                         _1761_ (net)
                  0.20    0.00    7.36 v _5907_/C (sky130_fd_sc_hd__maj3_2)
     2    0.01    0.20    1.47    8.83 v _5907_/X (sky130_fd_sc_hd__maj3_2)
                                         _1762_ (net)
                  0.20    0.00    8.83 v _5908_/C (sky130_fd_sc_hd__maj3_2)
     2    0.01    0.21    1.49   10.32 v _5908_/X (sky130_fd_sc_hd__maj3_2)
                                         _1763_ (net)
                  0.21    0.00   10.32 v _5909_/C (sky130_fd_sc_hd__maj3_2)
     3    0.02    0.26    1.57   11.89 v _5909_/X (sky130_fd_sc_hd__maj3_2)
                                         _1764_ (net)
                  0.26    0.00   11.89 v _5913_/A2 (sky130_fd_sc_hd__a211oi_4)
     2    0.01    0.92    1.31   13.20 ^ _5913_/Y (sky130_fd_sc_hd__a211oi_4)
                                         _1768_ (net)
                  0.92    0.00   13.20 ^ _5915_/A3 (sky130_fd_sc_hd__o31ai_4)
     2    0.01    0.15    0.48   13.68 v _5915_/Y (sky130_fd_sc_hd__o31ai_4)
                                         _1770_ (net)
                  0.15    0.00   13.68 v _5916_/C (sky130_fd_sc_hd__maj3_2)
     3    0.02    0.25    1.54   15.22 v _5916_/X (sky130_fd_sc_hd__maj3_2)
                                         _1771_ (net)
                  0.25    0.00   15.22 v _5919_/A2 (sky130_fd_sc_hd__a211oi_4)
     2    0.01    1.03    1.40   16.62 ^ _5919_/Y (sky130_fd_sc_hd__a211oi_4)
                                         _1774_ (net)
                  1.03    0.00   16.62 ^ _5922_/A3 (sky130_fd_sc_hd__o311ai_4)
     3    0.01    0.19    0.64   17.26 v _5922_/Y (sky130_fd_sc_hd__o311ai_4)
                                         _1777_ (net)
                  0.19    0.00   17.26 v _5924_/A3 (sky130_fd_sc_hd__a311oi_4)
     3    0.01    1.05    1.47   18.73 ^ _5924_/Y (sky130_fd_sc_hd__a311oi_4)
                                         _1779_ (net)
                  1.05    0.00   18.73 ^ _5927_/A3 (sky130_fd_sc_hd__o311ai_4)
     3    0.01    0.22    0.65   19.38 v _5927_/Y (sky130_fd_sc_hd__o311ai_4)
                                         _1782_ (net)
                  0.22    0.00   19.38 v _5929_/A3 (sky130_fd_sc_hd__a311oi_4)
     2    0.01    0.97    1.43   20.81 ^ _5929_/Y (sky130_fd_sc_hd__a311oi_4)
                                         _1784_ (net)
                  0.97    0.00   20.81 ^ _5932_/A3 (sky130_fd_sc_hd__o311ai_4)
     3    0.01    0.20    0.62   21.42 v _5932_/Y (sky130_fd_sc_hd__o311ai_4)
                                         _1787_ (net)
                  0.20    0.00   21.42 v _5934_/A3 (sky130_fd_sc_hd__a311oi_4)
     2    0.01    1.00    1.44   22.86 ^ _5934_/Y (sky130_fd_sc_hd__a311oi_4)
                                         _1789_ (net)
                  1.00    0.00   22.86 ^ _5937_/A3 (sky130_fd_sc_hd__o311ai_4)
     2    0.01    0.19    0.61   23.48 v _5937_/Y (sky130_fd_sc_hd__o311ai_4)
                                         _1792_ (net)
                  0.19    0.00   23.48 v _5939_/A3 (sky130_fd_sc_hd__a311oi_4)
     2    0.01    0.80    1.26   24.74 ^ _5939_/Y (sky130_fd_sc_hd__a311oi_4)
                                         _1794_ (net)
                  0.80    0.00   24.74 ^ _5941_/A3 (sky130_fd_sc_hd__o31ai_2)
     3    0.01    0.14    0.49   25.22 v _5941_/Y (sky130_fd_sc_hd__o31ai_2)
                                         _1796_ (net)
                  0.14    0.00   25.22 v _5942_/C (sky130_fd_sc_hd__maj3_2)
     2    0.01    0.20    1.44   26.66 v _5942_/X (sky130_fd_sc_hd__maj3_2)
                                         _1797_ (net)
                  0.20    0.00   26.66 v place562/A (sky130_fd_sc_hd__buf_4)
     1    0.00    0.07    0.56   27.22 v place562/X (sky130_fd_sc_hd__buf_4)
                                         net562 (net)
                  0.07    0.00   27.22 v _6695_/A (sky130_fd_sc_hd__xnor2_1)
     1    0.00    0.48    0.59   27.81 ^ _6695_/Y (sky130_fd_sc_hd__xnor2_1)
                                         _2482_ (net)
                  0.48    0.00   27.81 ^ _6740_/A2 (sky130_fd_sc_hd__o221ai_1)
     1    0.00    0.19    0.42   28.23 v _6740_/Y (sky130_fd_sc_hd__o221ai_1)
                                         _4388_ (net)
                  0.19    0.00   28.23 v pcpi_rs1[30]$_DFFE_PP_/D (sky130_fd_sc_hd__edfxtp_1)
                                 28.23   data arrival time

                         25.00   25.00   clock clk (rise edge)
                          2.72   27.72   clock network delay (propagated)
                          0.00   27.72   clock reconvergence pessimism
                                 27.72 ^ pcpi_rs1[30]$_DFFE_PP_/CLK (sky130_fd_sc_hd__edfxtp_1)
                         -1.32   26.40   library setup time
                                 26.40   data required time
-----------------------------------------------------------------------------
                                 26.40   data required time
                                -28.23   data arrival time
-----------------------------------------------------------------------------
                                 -1.83   slack (VIOLATED)


Startpoint: _8936_ (rising edge-triggered flip-flop clocked by clk)
Endpoint: pcpi_rs1[2]$_DFFE_PP_ (rising edge-triggered flip-flop clocked by clk)
Path Group: clk
Path Type: max
Corner: slow

Fanout     Cap    Slew   Delay    Time   Description
-----------------------------------------------------------------------------
                          0.00    0.00   clock clk (rise edge)
                          2.72    2.72   clock network delay (propagated)
                  0.29    0.00    2.72 ^ _8936_/CLK (sky130_fd_sc_hd__dfxtp_1)
     1    0.01    0.32    1.50    4.21 ^ _8936_/Q (sky130_fd_sc_hd__dfxtp_1)
                                         _0000_ (net)
                  0.32    0.00    4.21 ^ place968/A (sky130_fd_sc_hd__buf_12)
    68    0.42    1.85    1.63    5.84 ^ place968/X (sky130_fd_sc_hd__buf_12)
                                         net968 (net)
                  1.85    0.04    5.88 ^ place964/A (sky130_fd_sc_hd__dlymetal6s4s_1)
    70    0.41   12.61   10.39   16.27 ^ place964/X (sky130_fd_sc_hd__dlymetal6s4s_1)
                                         net964 (net)
                 12.61    0.01   16.29 ^ _7536_/S0 (sky130_fd_sc_hd__mux4_2)
     1    0.00    0.26    6.73   23.02 v _7536_/X (sky130_fd_sc_hd__mux4_2)
                                         _3295_ (net)
                  0.26    0.00   23.02 v _7537_/A2 (sky130_fd_sc_hd__o21ai_0)
     1    0.00    0.52    0.66   23.68 ^ _7537_/Y (sky130_fd_sc_hd__o21ai_0)
                                         _3296_ (net)
                  0.52    0.00   23.68 ^ _7538_/B2 (sky130_fd_sc_hd__o32ai_1)
     1    0.00    0.25    0.34   24.02 v _7538_/Y (sky130_fd_sc_hd__o32ai_1)
                                         _3297_ (net)
                  0.25    0.00   24.02 v _7539_/A2 (sky130_fd_sc_hd__o21ai_0)
     1    0.00    0.59    0.71   24.73 ^ _7539_/Y (sky130_fd_sc_hd__o21ai_0)
                                         _3298_ (net)
                  0.59    0.00   24.73 ^ _7540_/B1 (sky130_fd_sc_hd__a21oi_1)
     1    0.01    0.45    0.37   25.11 v _7540_/Y (sky130_fd_sc_hd__a21oi_1)
                                         _3299_ (net)
                  0.45    0.00   25.11 v _7541_/B1 (sky130_fd_sc_hd__a21oi_1)
     1    0.01    0.81    0.99   26.10 ^ _7541_/Y (sky130_fd_sc_hd__a21oi_1)
                                         _3300_ (net)
                  0.81    0.00   26.10 ^ _7542_/B (sky130_fd_sc_hd__nor2_1)
     1    0.00    0.12    0.39   26.50 v _7542_/Y (sky130_fd_sc_hd__nor2_1)
                                         _3301_ (net)
                  0.12    0.00   26.50 v _7543_/C1 (sky130_fd_sc_hd__a311oi_1)
     1    0.00    1.02    1.07   27.56 ^ _7543_/Y (sky130_fd_sc_hd__a311oi_1)
                                         _3302_ (net)
                  1.02    0.00   27.56 ^ _7544_/B1 (sky130_fd_sc_hd__o21ai_0)
     1    0.00    0.21    0.63   28.19 v _7544_/Y (sky130_fd_sc_hd__o21ai_0)
                                         _4387_ (net)
                  0.21    0.00   28.19 v pcpi_rs1[2]$_DFFE_PP_/D (sky130_fd_sc_hd__edfxtp_1)
                                 28.19   data arrival time

                         25.00   25.00   clock clk (rise edge)
                          2.74   27.74   clock network delay (propagated)
                          0.00   27.74   clock reconvergence pessimism
                                 27.74 ^ pcpi_rs1[2]$_DFFE_PP_/CLK (sky130_fd_sc_hd__edfxtp_1)
                         -1.34   26.40   library setup time
                                 26.40   data required time
-----------------------------------------------------------------------------
                                 26.40   data required time
                                -28.19   data arrival time
-----------------------------------------------------------------------------
                                 -1.80   slack (VIOLATED)


Startpoint: _8936_ (rising edge-triggered flip-flop clocked by clk)
Endpoint: pcpi_rs1[6]$_DFFE_PP_ (rising edge-triggered flip-flop clocked by clk)
Path Group: clk
Path Type: max
Corner: slow

Fanout     Cap    Slew   Delay    Time   Description
-----------------------------------------------------------------------------
                          0.00    0.00   clock clk (rise edge)
                          2.72    2.72   clock network delay (propagated)
                  0.29    0.00    2.72 ^ _8936_/CLK (sky130_fd_sc_hd__dfxtp_1)
     1    0.01    0.32    1.50    4.21 ^ _8936_/Q (sky130_fd_sc_hd__dfxtp_1)
                                         _0000_ (net)
                  0.32    0.00    4.21 ^ place968/A (sky130_fd_sc_hd__buf_12)
    68    0.42    1.85    1.63    5.84 ^ place968/X (sky130_fd_sc_hd__buf_12)
                                         net968 (net)
                  1.85    0.04    5.88 ^ place964/A (sky130_fd_sc_hd__dlymetal6s4s_1)
    70    0.41   12.61   10.39   16.27 ^ place964/X (sky130_fd_sc_hd__dlymetal6s4s_1)
                                         net964 (net)
                 12.61    0.10   16.37 ^ _7427_/S0 (sky130_fd_sc_hd__mux4_2)
     1    0.01    0.30    6.83   23.20 v _7427_/X (sky130_fd_sc_hd__mux4_2)
                                         _3190_ (net)
                  0.30    0.00   23.20 v _7428_/A3 (sky130_fd_sc_hd__mux4_2)
     1    0.00    0.26    2.59   25.79 v _7428_/X (sky130_fd_sc_hd__mux4_2)
                                         _3191_ (net)
                  0.26    0.00   25.79 v _7429_/A2 (sky130_fd_sc_hd__o21ai_0)
     1    0.00    0.48    0.63   26.42 ^ _7429_/Y (sky130_fd_sc_hd__o21ai_0)
                                         _3192_ (net)
                  0.48    0.00   26.42 ^ _7430_/C (sky130_fd_sc_hd__nor3_1)
     1    0.01    0.15    0.35   26.77 v _7430_/Y (sky130_fd_sc_hd__nor3_1)
                                         _3193_ (net)
                  0.15    0.00   26.78 v _7434_/B1 (sky130_fd_sc_hd__a211oi_1)
     1    0.00    0.60    0.81   27.59 ^ _7434_/Y (sky130_fd_sc_hd__a211oi_1)
                                         _3197_ (net)
                  0.60    0.00   27.59 ^ _7435_/B1 (sky130_fd_sc_hd__o21ai_0)
     1    0.00    0.16    0.41   28.00 v _7435_/Y (sky130_fd_sc_hd__o21ai_0)
                                         _4393_ (net)
                  0.16    0.00   28.00 v pcpi_rs1[6]$_DFFE_PP_/D (sky130_fd_sc_hd__edfxtp_1)
                                 28.00   data arrival time

                         25.00   25.00   clock clk (rise edge)
                          2.68   27.68   clock network delay (propagated)
                          0.00   27.68   clock reconvergence pessimism
                                 27.68 ^ pcpi_rs1[6]$_DFFE_PP_/CLK (sky130_fd_sc_hd__edfxtp_1)
                         -1.30   26.37   library setup time
                                 26.37   data required time
-----------------------------------------------------------------------------
                                 26.37   data required time
                                -28.00   data arrival time
-----------------------------------------------------------------------------
                                 -1.62   slack (VIOLATED)


Startpoint: rv32_soc/latched_store$_SDFFE_PN0P_
            (rising edge-triggered flip-flop clocked by clk)
Endpoint: rv32_soc/reg_next_pc[30]$_SDFFE_PN0P_
          (rising edge-triggered flip-flop clocked by clk)
Path Group: clk
Path Type: max
Corner: slow

Fanout     Cap    Slew   Delay    Time   Description
-----------------------------------------------------------------------------
                          0.00    0.00   clock clk (rise edge)
                          2.76    2.76   clock network delay (propagated)
                  0.27    0.00    2.76 ^ rv32_soc/latched_store$_SDFFE_PN0P_/CLK (sky130_fd_sc_hd__dfxtp_1)
     6    0.01    0.50    1.62    4.38 ^ rv32_soc/latched_store$_SDFFE_PN0P_/Q (sky130_fd_sc_hd__dfxtp_1)
                                         net444 (net)
                  0.50    0.00    4.38 ^ _4945_/A (sky130_fd_sc_hd__and2_0)
     3    0.01    0.40    0.73    5.11 ^ _4945_/X (sky130_fd_sc_hd__and2_0)
                                         _0894_ (net)
                  0.40    0.00    5.11 ^ place833/A (sky130_fd_sc_hd__buf_1)
    10    0.04    1.75    1.62    6.72 ^ place833/X (sky130_fd_sc_hd__buf_1)
                                         net833 (net)
                  1.75    0.00    6.72 ^ _8367_/S (sky130_fd_sc_hd__mux2_1)
     6    0.02    0.33    2.44    9.16 v _8367_/X (sky130_fd_sc_hd__mux2_1)
                                         _3875_ (net)
                  0.33    0.00    9.16 v _8419_/B (sky130_fd_sc_hd__xnor2_1)
     3    0.01    1.09    1.15   10.32 ^ _8419_/Y (sky130_fd_sc_hd__xnor2_1)
                                         _3923_ (net)
                  1.09    0.00   10.32 ^ _8424_/A1 (sky130_fd_sc_hd__o211ai_1)
     2    0.00    0.21    0.72   11.03 v _8424_/Y (sky130_fd_sc_hd__o211ai_1)
                                         _3928_ (net)
                  0.21    0.00   11.03 v _8427_/A3 (sky130_fd_sc_hd__a311oi_1)
     3    0.01    1.26    1.49   12.52 ^ _8427_/Y (sky130_fd_sc_hd__a311oi_1)
                                         _3931_ (net)
                  1.26    0.00   12.52 ^ _8431_/A3 (sky130_fd_sc_hd__o311ai_0)
     1    0.00    0.26    0.82   13.34 v _8431_/Y (sky130_fd_sc_hd__o311ai_0)
                                         _3935_ (net)
                  0.26    0.00   13.34 v place622/A (sky130_fd_sc_hd__buf_4)
     2    0.00    0.07    0.60   13.94 v place622/X (sky130_fd_sc_hd__buf_4)
                                         net622 (net)
                  0.07    0.00   13.94 v _8434_/A3 (sky130_fd_sc_hd__a311oi_1)
     2    0.01    1.19    1.35   15.29 ^ _8434_/Y (sky130_fd_sc_hd__a311oi_1)
                                         _3938_ (net)
                  1.19    0.00   15.29 ^ _8438_/A3 (sky130_fd_sc_hd__o311ai_0)
     1    0.00    0.23    0.76   16.05 v _8438_/Y (sky130_fd_sc_hd__o311ai_0)
                                         _3942_ (net)
                  0.23    0.00   16.05 v place606/A (sky130_fd_sc_hd__buf_1)
     3    0.01    0.14    0.46   16.51 v place606/X (sky130_fd_sc_hd__buf_1)
                                         net606 (net)
                  0.14    0.00   16.51 v _8441_/A3 (sky130_fd_sc_hd__a311oi_1)
     3    0.01    1.26    1.44   17.95 ^ _8441_/Y (sky130_fd_sc_hd__a311oi_1)
                                         _3945_ (net)
                  1.26    0.00   17.95 ^ _8444_/A3 (sky130_fd_sc_hd__o311ai_0)
     1    0.00    0.28    0.83   18.78 v _8444_/Y (sky130_fd_sc_hd__o311ai_0)
                                         _3948_ (net)
                  0.28    0.00   18.78 v place597/A (sky130_fd_sc_hd__buf_1)
     4    0.01    0.15    0.49   19.28 v place597/X (sky130_fd_sc_hd__buf_1)
                                         net597 (net)
                  0.15    0.00   19.28 v _8447_/A3 (sky130_fd_sc_hd__a311oi_1)
     1    0.00    0.86    1.15   20.43 ^ _8447_/Y (sky130_fd_sc_hd__a311oi_1)
                                         _3951_ (net)
                  0.86    0.00   20.43 ^ place593/A (sky130_fd_sc_hd__buf_4)
     3    0.01    0.11    0.70   21.13 ^ place593/X (sky130_fd_sc_hd__buf_4)
                                         net593 (net)
                  0.11    0.00   21.13 ^ _8449_/A3 (sky130_fd_sc_hd__o31a_1)
     2    0.01    0.34    0.48   21.61 ^ _8449_/X (sky130_fd_sc_hd__o31a_1)
                                         _3953_ (net)
                  0.34    0.00   21.61 ^ _8450_/B_N (sky130_fd_sc_hd__nor2b_1)
     2    0.01    0.69    0.86   22.47 ^ _8450_/Y (sky130_fd_sc_hd__nor2b_1)
                                         _3954_ (net)
                  0.69    0.00   22.47 ^ _8451_/C (sky130_fd_sc_hd__nor3_1)
     1    0.00    0.12    0.35   22.83 v _8451_/Y (sky130_fd_sc_hd__nor3_1)
                                         _3955_ (net)
                  0.12    0.00   22.83 v place581/A (sky130_fd_sc_hd__buf_1)
     5    0.01    0.19    0.43   23.26 v place581/X (sky130_fd_sc_hd__buf_1)
                                         net581 (net)
                  0.19    0.00   23.26 v _8452_/C (sky130_fd_sc_hd__and3_1)
     2    0.01    0.13    0.81   24.07 v _8452_/X (sky130_fd_sc_hd__and3_1)
                                         _3956_ (net)
                  0.13    0.00   24.07 v _8457_/A2 (sky130_fd_sc_hd__o31a_1)
     4    0.01    0.21    1.47   25.54 v _8457_/X (sky130_fd_sc_hd__o31a_1)
                                         _3961_ (net)
                  0.21    0.00   25.54 v _8459_/A3 (sky130_fd_sc_hd__a31o_1)
     2    0.01    0.12    0.97   26.51 v _8459_/X (sky130_fd_sc_hd__a31o_1)
                                         _3963_ (net)
                  0.12    0.00   26.51 v _8461_/A (sky130_fd_sc_hd__nand2_1)
     2    0.00    0.19    0.24   26.75 ^ _8461_/Y (sky130_fd_sc_hd__nand2_1)
                                         _3965_ (net)
                  0.19    0.00   26.75 ^ _8462_/B1 (sky130_fd_sc_hd__o21ai_0)
     2    0.01    0.20    0.28   27.03 v _8462_/Y (sky130_fd_sc_hd__o21ai_0)
                                         _3966_ (net)
                  0.20    0.00   27.03 v place564/A (sky130_fd_sc_hd__buf_4)
     1    0.00    0.07    0.56   27.58 v place564/X (sky130_fd_sc_hd__buf_4)
                                         net564 (net)
                  0.07    0.00   27.58 v _8464_/A (sky130_fd_sc_hd__xnor2_1)
     1    0.00    0.50    0.61   28.19 ^ _8464_/Y (sky130_fd_sc_hd__xnor2_1)
                                         _3968_ (net)
                  0.50    0.00   28.19 ^ _8465_/B (sky130_fd_sc_hd__nor2_1)
     1    0.00    0.19    0.27   28.46 v _8465_/Y (sky130_fd_sc_hd__nor2_1)
                                         _3969_ (net)
                  0.19    0.00   28.46 v _8485_/A1 (sky130_fd_sc_hd__o21ai_0)
     1    0.00    0.38    0.55   29.01 ^ _8485_/Y (sky130_fd_sc_hd__o21ai_0)
                                         _0296_ (net)
                  0.38    0.00   29.01 ^ rv32_soc/reg_next_pc[30]$_SDFFE_PN0P_/D (sky130_fd_sc_hd__dfxtp_1)
                                 29.01   data arrival time

                         25.00   25.00   clock clk (rise edge)
                          2.71   27.71   clock network delay (propagated)
                          0.00   27.71   clock reconvergence pessimism
                                 27.71 ^ rv32_soc/reg_next_pc[30]$_SDFFE_PN0P_/CLK (sky130_fd_sc_hd__dfxtp_1)
                         -0.28   27.43   library setup time
                                 27.43   data required time
-----------------------------------------------------------------------------
                                 27.43   data required time
                                -29.01   data arrival time
-----------------------------------------------------------------------------
                                 -1.58   slack (VIOLATED)


