Startpoint: rv32_soc/mem_do_prefetch$_SDFFE_PP0P_
            (rising edge-triggered flip-flop clocked by clk)
Endpoint: mem_la_addr[5] (output port)
Path Group: unconstrained
Path Type: max
Corner: slow

Fanout     Cap    Slew   Delay    Time   Description
-----------------------------------------------------------------------------
     2    0.11    0.00    0.00    0.00 ^ clk (in)
                                         clk (net)
                  0.09    0.04    0.04 ^ clkbuf_regs_0_clk/A (sky130_fd_sc_hd__clkbuf_16)
     1    0.01    0.10    0.32    0.36 ^ clkbuf_regs_0_clk/X (sky130_fd_sc_hd__clkbuf_16)
                                         clk_regs (net)
                  0.10    0.00    0.36 ^ clkbuf_0_clk_regs/A (sky130_fd_sc_hd__clkbuf_16)
     2    0.02    0.13    0.35    0.72 ^ clkbuf_0_clk_regs/X (sky130_fd_sc_hd__clkbuf_16)
                                         clknet_0_clk_regs (net)
                  0.13    0.00    0.72 ^ clkbuf_1_1_0_clk_regs/A (sky130_fd_sc_hd__clkbuf_16)
     2    0.03    0.17    0.41    1.12 ^ clkbuf_1_1_0_clk_regs/X (sky130_fd_sc_hd__clkbuf_16)
                                         clknet_1_1_0_clk_regs (net)
                  0.17    0.01    1.13 ^ clkbuf_2_2_0_clk_regs/A (sky130_fd_sc_hd__clkbuf_16)
     2    0.02    0.14    0.41    1.54 ^ clkbuf_2_2_0_clk_regs/X (sky130_fd_sc_hd__clkbuf_16)
                                         clknet_2_2_0_clk_regs (net)
                  0.14    0.00    1.54 ^ clkbuf_3_4__f_clk_regs/A (sky130_fd_sc_hd__clkbuf_16)
     8    0.09    0.38    0.58    2.12 ^ clkbuf_3_4__f_clk_regs/X (sky130_fd_sc_hd__clkbuf_16)
                                         clknet_3_4__leaf_clk_regs (net)
                  0.38    0.01    2.13 ^ clkbuf_leaf_54_clk_regs/A (sky130_fd_sc_hd__clkbuf_16)
    27    0.06    0.28    0.63    2.76 ^ clkbuf_leaf_54_clk_regs/X (sky130_fd_sc_hd__clkbuf_16)
                                         clknet_leaf_54_clk_regs (net)
                  0.28    0.01    2.77 ^ rv32_soc/mem_do_prefetch$_SDFFE_PP0P_/CLK (sky130_fd_sc_hd__dfxtp_1)
    10    0.03    1.05    2.03    4.80 ^ rv32_soc/mem_do_prefetch$_SDFFE_PP0P_/Q (sky130_fd_sc_hd__dfxtp_1)
                                         _0890_ (net)
                  1.05    0.00    4.80 ^ _4942_/A (sky130_fd_sc_hd__or2_1)
     1    0.00    0.11    0.72    5.51 ^ _4942_/X (sky130_fd_sc_hd__or2_1)
                                         _0891_ (net)
                  0.11    0.00    5.51 ^ place835/A (sky130_fd_sc_hd__buf_1)
    62    0.20    8.82    6.62   12.13 ^ place835/X (sky130_fd_sc_hd__buf_1)
                                         net835 (net)
                  8.82    0.04   12.17 ^ _5064_/B (sky130_fd_sc_hd__nor2_1)
     1    0.00    0.93    2.33   14.50 v _5064_/Y (sky130_fd_sc_hd__nor2_1)
                                         _0988_ (net)
                  0.93    0.00   14.50 v _5065_/B1 (sky130_fd_sc_hd__a31oi_1)
     3    0.05    4.36    4.00   18.50 ^ _5065_/Y (sky130_fd_sc_hd__a31oi_1)
                                         mem_la_addr[5] (net)
                  4.36    0.02   18.52 ^ mem_la_addr[5] (out)
                                 18.52   data arrival time
-----------------------------------------------------------------------------
(Path is unconstrained)


