[-4.109, -2.777): * (2)
[-2.777, -1.446): * (2)
[-1.446, -0.114): * (5)
[-0.114,  1.218): * (9)
[ 1.218,  2.549): * (18)
[ 2.549,  3.881): * (16)
[ 3.881,  5.212): * (21)
[ 5.212,  6.544): * (19)
[ 6.544,  7.876): * (13)
[ 7.876,  9.207): ****** (85)
[ 9.207, 10.539): ********** (144)
[10.539, 11.870): ********* (128)
[11.870, 13.202): ********* (134)
[13.202, 14.533): ******** (120)
[14.533, 15.865): ************************************************** (719)
[15.865, 17.197): ******************************************* (613)
[17.197, 18.528): ************************************* (535)
[18.528, 19.860): ********* (128)
[19.860, 21.191): *** (43)
[21.191, 22.523]: * (12)
