| INFO     | job0 | cts.clock_tree_sy... | 0 | Running in /home/arthur/ECE507/SRAM/build/picorv32_top/job0/cts.clock_tree_synthesis/0
| INFO     | job0 | cts.clock_tree_sy... | 0 | Tool 'openroad' found with version 'v2.0-27941-gf9f3050fe8' in directory '/usr/local/bin'
| INFO     | job0 | cts.clock_tree_sy... | 0 | openroad /home/arthur/ECE507/venv/lib/python3.12/site-packages/siliconcompiler/tools/openroad/scripts/apr/sc_clock_tree_synthesis.tcl -no_init -metrics reports/metrics.json -exit
| INFO     | job0 | cts.clock_tree_sy... | 0 | OpenROAD v2.0-27941-gf9f3050fe8
| INFO     | job0 | cts.clock_tree_sy... | 0 | Features included (+) or not (-): +GPU +GUI +Python
| INFO     | job0 | cts.clock_tree_sy... | 0 | This program is licensed under the BSD-3 license. See the LICENSE file for details.
| INFO     | job0 | cts.clock_tree_sy... | 0 | Components of this program may be licensed under more restrictive licenses which must be honored.
| INFO     | job0 | cts.clock_tree_sy... | 0 | [INFO ORD-0030] Using 20 thread(s).
| INFO     | job0 | cts.clock_tree_sy... | 0 | [INFO FLW-0001] Defining timing corners: fast slow typical
| INFO     | job0 | cts.clock_tree_sy... | 0 | Reading liberty file for fast: /home/arthur/.sc/cache/lambdapdk-v0.2.12-7b36460386694c92/lambdapdk/sky130/libs/sky130hd/nldm/sky130_fd_sc_hd__ff_100C_1v95.lib.gz
| INFO     | job0 | cts.clock_tree_sy... | 0 | Reading liberty file for slow: /home/arthur/.sc/cache/lambdapdk-v0.2.12-7b36460386694c92/lambdapdk/sky130/libs/sky130hd/nldm/sky130_fd_sc_hd__ss_n40C_1v40.lib.gz
| INFO     | job0 | cts.clock_tree_sy... | 0 | Reading liberty file for typical: /home/arthur/.sc/cache/lambdapdk-v0.2.12-7b36460386694c92/lambdapdk/sky130/libs/sky130hd/nldm/sky130_fd_sc_hd__tt_025C_1v80.lib.gz
| INFO     | job0 | cts.clock_tree_sy... | 0 | Reading ODB: inputs/picorv32_top.odb.gz
| INFO     | job0 | cts.clock_tree_sy... | 0 | Reading SDC: inputs/picorv32_top.sdc
| INFO     | job0 | cts.clock_tree_sy... | 0 | [INFO FLW-0001] Timing path groups: clk asynchronous {path delay} {gated clock} unconstrained
| INFO     | job0 | cts.clock_tree_sy... | 0 | [INFO FLW-0001] Sourcing parasitic estimation from: /home/arthur/ECE507/SRAM/build/picorv32_top/job0/cts.clock_tree_synthesis/0/inputs/sc_parasitics.tcl
| INFO     | job0 | cts.clock_tree_sy... | 0 | [INFO FLW-0001] Using met5 for clock parasitics estimation
| INFO     | job0 | cts.clock_tree_sy... | 0 | [INFO FLW-0001] Using met3 for signal parasitics estimation
| INFO     | job0 | cts.clock_tree_sy... | 0 | [INFO FLW-0001] Setting global routing adjustment for li1 to 100%
| INFO     | job0 | cts.clock_tree_sy... | 0 | [INFO FLW-0001] Setting global routing adjustment for met1 to 40.0%
| INFO     | job0 | cts.clock_tree_sy... | 0 | [INFO FLW-0001] Setting global routing adjustment for met2 to 40.0%
| INFO     | job0 | cts.clock_tree_sy... | 0 | [INFO FLW-0001] Setting global routing adjustment for met3 to 30.0%
| INFO     | job0 | cts.clock_tree_sy... | 0 | [INFO FLW-0001] Setting global routing adjustment for met4 to 30.0%
| INFO     | job0 | cts.clock_tree_sy... | 0 | [INFO FLW-0001] Setting global routing adjustment for met5 to 30.0%
| INFO     | job0 | cts.clock_tree_sy... | 0 | Global connection rules: 2
| INFO     | job0 | cts.clock_tree_sy... | 0 |   Instances: ".*" with pins "VPWR" connect to "VDD"
| INFO     | job0 | cts.clock_tree_sy... | 0 |   Instances: ".*" with pins "VGND" connect to "VSS"
| INFO     | job0 | cts.clock_tree_sy... | 0 | Dont use report: reports/dont_use.clock_tree_synthesis.rpt
| INFO     | job0 | cts.clock_tree_sy... | 0 | clock_tree_synthesis siliconcompiler arguments: -balance_levels -obstruction_aware -buf_list {sky130_fd_sc_hd__clkbuf_1 sky130_fd_sc_hd__clkbuf_2 sky130_fd_sc_hd__clkbuf_4 sky130_fd_sc_hd__clkbuf_8 sky130_fd_sc_hd__clkbuf_16}
| INFO     | job0 | cts.clock_tree_sy... | 0 | [WARNING CTS-0132] -balance_levels is obsolete.
| INFO     | job0 | cts.clock_tree_sy... | 0 | [WARNING CTS-0128] -obstruction_aware is obsolete.
| INFO     | job0 | cts.clock_tree_sy... | 0 | [INFO CTS-0050] Root buffer is sky130_fd_sc_hd__clkbuf_16.
| INFO     | job0 | cts.clock_tree_sy... | 0 | [INFO CTS-0051] Sink buffer is sky130_fd_sc_hd__clkbuf_16.
| INFO     | job0 | cts.clock_tree_sy... | 0 | [INFO CTS-0052] The following clock buffers will be used for CTS:
| INFO     | job0 | cts.clock_tree_sy... | 0 |                     sky130_fd_sc_hd__clkbuf_1
| INFO     | job0 | cts.clock_tree_sy... | 0 |                     sky130_fd_sc_hd__clkbuf_2
| INFO     | job0 | cts.clock_tree_sy... | 0 |                     sky130_fd_sc_hd__clkbuf_4
| INFO     | job0 | cts.clock_tree_sy... | 0 |                     sky130_fd_sc_hd__clkbuf_8
| INFO     | job0 | cts.clock_tree_sy... | 0 |                     sky130_fd_sc_hd__clkbuf_16
| INFO     | job0 | cts.clock_tree_sy... | 0 | [INFO CTS-0049] Characterization buffer is sky130_fd_sc_hd__clkbuf_16.
| INFO     | job0 | cts.clock_tree_sy... | 0 | [INFO CTS-0007] Net "clk" found for clock "clk".
| INFO     | job0 | cts.clock_tree_sy... | 0 | [INFO CTS-0011]  Clock net "clk" for macros has 2 sinks.
| INFO     | job0 | cts.clock_tree_sy... | 0 | [INFO CTS-0011]  Clock net "clk_regs" for registers has 1574 sinks.
| INFO     | job0 | cts.clock_tree_sy... | 0 | [INFO CTS-0008] TritonCTS found 2 clock nets.
| INFO     | job0 | cts.clock_tree_sy... | 0 | [INFO CTS-0097] Characterization used 5 buffer(s) types.
| INFO     | job0 | cts.clock_tree_sy... | 0 | [INFO CTS-0201] 1 blockages from hard placement blockages and placed macros will be used.
| INFO     | job0 | cts.clock_tree_sy... | 0 | [INFO CTS-0027] Generating H-Tree topology for net clk.
| INFO     | job0 | cts.clock_tree_sy... | 0 | [INFO CTS-0028]  Total number of sinks: 2.
| INFO     | job0 | cts.clock_tree_sy... | 0 | [INFO CTS-0029]  Macro  sinks will be clustered in groups of up to 4 and with maximum cluster diameter of 1366.2 um.
| INFO     | job0 | cts.clock_tree_sy... | 0 | [INFO CTS-0030]  Number of static layers: 0.
| INFO     | job0 | cts.clock_tree_sy... | 0 | [INFO CTS-0020]  Wire segment unit: 13600  dbu (13 um).
| INFO     | job0 | cts.clock_tree_sy... | 0 | [INFO CTS-0021]  Distance between buffers: 3 units (100 um).
| INFO     | job0 | cts.clock_tree_sy... | 0 | [INFO CTS-0023]  Original sink region: [(79580, 51680), (733400, 426020)].
| INFO     | job0 | cts.clock_tree_sy... | 0 | [INFO CTS-0024]  Normalized sink region: [(5.85147, 3.8), (53.9265, 31.325)].
| INFO     | job0 | cts.clock_tree_sy... | 0 | [INFO CTS-0025]     Width:  48.0750.
| INFO     | job0 | cts.clock_tree_sy... | 0 | [INFO CTS-0026]     Height: 27.5250.
| INFO     | job0 | cts.clock_tree_sy... | 0 |  Level 1
| INFO     | job0 | cts.clock_tree_sy... | 0 |     Direction: Horizontal
| INFO     | job0 | cts.clock_tree_sy... | 0 |     Sinks per sub-region: 1
| INFO     | job0 | cts.clock_tree_sy... | 0 |     Sub-region size: 24.0375 X 27.5250
| INFO     | job0 | cts.clock_tree_sy... | 0 | [INFO CTS-0034]     Segment length (rounded): 12.
| INFO     | job0 | cts.clock_tree_sy... | 0 | [INFO CTS-0032]  Stop criterion found. Max number of sinks is 15.
| INFO     | job0 | cts.clock_tree_sy... | 0 | [INFO CTS-0035]  Number of sinks covered: 2.
| INFO     | job0 | cts.clock_tree_sy... | 0 | [INFO CTS-0201] 1 blockages from hard placement blockages and placed macros will be used.
| INFO     | job0 | cts.clock_tree_sy... | 0 | [INFO CTS-0027] Generating H-Tree topology for net clk_regs.
| INFO     | job0 | cts.clock_tree_sy... | 0 | [INFO CTS-0028]  Total number of sinks: 1574.
| INFO     | job0 | cts.clock_tree_sy... | 0 | [INFO CTS-0029]  Register sinks will be clustered in groups of up to 30 and with maximum cluster diameter of 100.0 um.
| INFO     | job0 | cts.clock_tree_sy... | 0 | [INFO CTS-0030]  Number of static layers: 0.
| INFO     | job0 | cts.clock_tree_sy... | 0 | [INFO CTS-0020]  Wire segment unit: 13600  dbu (13 um).
| INFO     | job0 | cts.clock_tree_sy... | 0 | [INFO CTS-0021]  Distance between buffers: 3 units (100 um).
| INFO     | job0 | cts.clock_tree_sy... | 0 | [INFO CTS-0204] A clustering solution was found from clustering size of 30 and clustering diameter of 100.
| INFO     | job0 | cts.clock_tree_sy... | 0 | [INFO CTS-0205] Better solution may be possible if either -sink_clustering_size, -sink_clustering_max_diameter, or both options are omitted to enable automatic clustering.
| INFO     | job0 | cts.clock_tree_sy... | 0 | [INFO CTS-0019]  Total number of sinks after clustering: 65.
| INFO     | job0 | cts.clock_tree_sy... | 0 | [INFO CTS-0024]  Normalized sink region: [(15.355, 36.2187), (49.2586, 65.9733)].
| INFO     | job0 | cts.clock_tree_sy... | 0 | [INFO CTS-0025]     Width:  33.9036.
| INFO     | job0 | cts.clock_tree_sy... | 0 | [INFO CTS-0026]     Height: 29.7547.
| INFO     | job0 | cts.clock_tree_sy... | 0 |  Level 1
| INFO     | job0 | cts.clock_tree_sy... | 0 |     Direction: Horizontal
| INFO     | job0 | cts.clock_tree_sy... | 0 |     Sinks per sub-region: 33
| INFO     | job0 | cts.clock_tree_sy... | 0 |     Sub-region size: 16.9518 X 29.7547
| INFO     | job0 | cts.clock_tree_sy... | 0 | [INFO CTS-0034]     Segment length (rounded): 8.
| INFO     | job0 | cts.clock_tree_sy... | 0 |  Level 2
| INFO     | job0 | cts.clock_tree_sy... | 0 |     Direction: Vertical
| INFO     | job0 | cts.clock_tree_sy... | 0 |     Sinks per sub-region: 17
| INFO     | job0 | cts.clock_tree_sy... | 0 |     Sub-region size: 16.9518 X 14.8773
| INFO     | job0 | cts.clock_tree_sy... | 0 | [INFO CTS-0034]     Segment length (rounded): 8.
| INFO     | job0 | cts.clock_tree_sy... | 0 |  Level 3
| INFO     | job0 | cts.clock_tree_sy... | 0 |     Direction: Horizontal
| INFO     | job0 | cts.clock_tree_sy... | 0 |     Sinks per sub-region: 9
| INFO     | job0 | cts.clock_tree_sy... | 0 |     Sub-region size: 8.4759 X 14.8773
| INFO     | job0 | cts.clock_tree_sy... | 0 | [INFO CTS-0034]     Segment length (rounded): 4.
| INFO     | job0 | cts.clock_tree_sy... | 0 | [INFO CTS-0032]  Stop criterion found. Max number of sinks is 15.
| INFO     | job0 | cts.clock_tree_sy... | 0 | [INFO CTS-0035]  Number of sinks covered: 65.
| INFO     | job0 | cts.clock_tree_sy... | 0 | [INFO CTS-0018]     Created 3 clock buffers.
| INFO     | job0 | cts.clock_tree_sy... | 0 | [INFO CTS-0012]     Minimum number of buffers in the clock path: 2.
| INFO     | job0 | cts.clock_tree_sy... | 0 | [INFO CTS-0013]     Maximum number of buffers in the clock path: 2.
| INFO     | job0 | cts.clock_tree_sy... | 0 | [INFO CTS-0015]     Created 3 clock nets.
| INFO     | job0 | cts.clock_tree_sy... | 0 | [INFO CTS-0016]     Fanout distribution for the current clock = 1:2..
| INFO     | job0 | cts.clock_tree_sy... | 0 | [INFO CTS-0017]     Max level of the clock tree: 1.
| INFO     | job0 | cts.clock_tree_sy... | 0 | [INFO CTS-0018]     Created 79 clock buffers.
| INFO     | job0 | cts.clock_tree_sy... | 0 | [INFO CTS-0012]     Minimum number of buffers in the clock path: 4.
| INFO     | job0 | cts.clock_tree_sy... | 0 | [INFO CTS-0013]     Maximum number of buffers in the clock path: 5.
| INFO     | job0 | cts.clock_tree_sy... | 0 | [INFO CTS-0015]     Created 79 clock nets.
| INFO     | job0 | cts.clock_tree_sy... | 0 | [INFO CTS-0016]     Fanout distribution for the current clock = 2:1, 6:1, 7:4, 8:1, 9:2, 10:2, 11:1, 14:1, 15:1, 16:3, 18:2, 19:3, 20:3, 21:4, 22:1, 23:2, 24:1, 25:1, 26:2, 27:3, 28:2, 29:5, 30:26..
| INFO     | job0 | cts.clock_tree_sy... | 0 | [INFO CTS-0017]     Max level of the clock tree: 3.
| INFO     | job0 | cts.clock_tree_sy... | 0 | [INFO CTS-0098] Clock net "clk"
| INFO     | job0 | cts.clock_tree_sy... | 0 | [INFO CTS-0099]  Sinks 2
| INFO     | job0 | cts.clock_tree_sy... | 0 | [INFO CTS-0100]  Leaf buffers 0
| INFO     | job0 | cts.clock_tree_sy... | 0 | [INFO CTS-0101]  Average sink wire length 892.29 um
| INFO     | job0 | cts.clock_tree_sy... | 0 | [INFO CTS-0102]  Path depth 2 - 2
| INFO     | job0 | cts.clock_tree_sy... | 0 | [INFO CTS-0207]  Dummy loads inserted 0
| INFO     | job0 | cts.clock_tree_sy... | 0 | [INFO CTS-0098] Clock net "clk_regs"
| INFO     | job0 | cts.clock_tree_sy... | 0 | [INFO CTS-0099]  Sinks 1621
| INFO     | job0 | cts.clock_tree_sy... | 0 | [INFO CTS-0100]  Leaf buffers 64
| INFO     | job0 | cts.clock_tree_sy... | 0 | [INFO CTS-0101]  Average sink wire length 388.18 um
| INFO     | job0 | cts.clock_tree_sy... | 0 | [INFO CTS-0102]  Path depth 4 - 5
| INFO     | job0 | cts.clock_tree_sy... | 0 | [INFO CTS-0207]  Dummy loads inserted 47
| INFO     | job0 | cts.clock_tree_sy... | 0 | [INFO CTS-0033] Balancing latency for clock clk
| INFO     | job0 | cts.clock_tree_sy... | 0 | [INFO CTS-0036]  inserted 5 delay buffers
| INFO     | job0 | cts.clock_tree_sy... | 0 | [INFO CTS-0037] Total number of delay buffers: 5
| INFO     | job0 | cts.clock_tree_sy... | 0 | Total number of Clock Roots: 2.
| INFO     | job0 | cts.clock_tree_sy... | 0 | Total number of Buffers Inserted: 82.
| INFO     | job0 | cts.clock_tree_sy... | 0 | Total number of Clock Subnets: 82.
| INFO     | job0 | cts.clock_tree_sy... | 0 | Total number of Sinks: 1576.
| INFO     | job0 | cts.clock_tree_sy... | 0 | Cells used:
| INFO     | job0 | cts.clock_tree_sy... | 0 |   sky130_fd_sc_hd__clkbuf_16: 88
| INFO     | job0 | cts.clock_tree_sy... | 0 | Dummys used:
| INFO     | job0 | cts.clock_tree_sy... | 0 |   sky130_fd_sc_hd__bufinv_16: 2
| INFO     | job0 | cts.clock_tree_sy... | 0 |   sky130_fd_sc_hd__bufinv_8: 1
| INFO     | job0 | cts.clock_tree_sy... | 0 |   sky130_fd_sc_hd__clkbuf_16: 1
| INFO     | job0 | cts.clock_tree_sy... | 0 |   sky130_fd_sc_hd__clkinv_16: 3
| INFO     | job0 | cts.clock_tree_sy... | 0 |   sky130_fd_sc_hd__clkinv_2: 2
| INFO     | job0 | cts.clock_tree_sy... | 0 |   sky130_fd_sc_hd__clkinv_8: 5
| INFO     | job0 | cts.clock_tree_sy... | 0 |   sky130_fd_sc_hd__clkinvlp_2: 2
| INFO     | job0 | cts.clock_tree_sy... | 0 |   sky130_fd_sc_hd__clkinvlp_4: 1
| INFO     | job0 | cts.clock_tree_sy... | 0 |   sky130_fd_sc_hd__inv_1: 10
| INFO     | job0 | cts.clock_tree_sy... | 0 |   sky130_fd_sc_hd__inv_12: 4
| INFO     | job0 | cts.clock_tree_sy... | 0 |   sky130_fd_sc_hd__inv_16: 2
| INFO     | job0 | cts.clock_tree_sy... | 0 |   sky130_fd_sc_hd__inv_4: 1
| INFO     | job0 | cts.clock_tree_sy... | 0 |   sky130_fd_sc_hd__inv_6: 5
| INFO     | job0 | cts.clock_tree_sy... | 0 |   sky130_fd_sc_hd__inv_8: 8
| INFO     | job0 | cts.clock_tree_sy... | 0 | [INFO RSZ-0058] Using max wire length 17142um.
| INFO     | job0 | cts.clock_tree_sy... | 0 | Placement Analysis
| INFO     | job0 | cts.clock_tree_sy... | 0 | ---------------------------------
| INFO     | job0 | cts.clock_tree_sy... | 0 | total displacement       1002.6 u
| INFO     | job0 | cts.clock_tree_sy... | 0 | average displacement        0.1 u
| INFO     | job0 | cts.clock_tree_sy... | 0 | max displacement           12.8 u
| INFO     | job0 | cts.clock_tree_sy... | 0 | original HPWL          250699.3 u
| INFO     | job0 | cts.clock_tree_sy... | 0 | legalized HPWL         254467.8 u
| INFO     | job0 | cts.clock_tree_sy... | 0 | delta HPWL                    2 %
| INFO     | job0 | cts.clock_tree_sy... | 0 | 
| INFO     | job0 | cts.clock_tree_sy... | 0 | Writing database: outputs/picorv32_top.odb.gz
| INFO     | job0 | cts.clock_tree_sy... | 0 | Writing DEF: outputs/picorv32_top.def.gz
| INFO     | job0 | cts.clock_tree_sy... | 0 | Writing netlist: outputs/picorv32_top.vg
| INFO     | job0 | cts.clock_tree_sy... | 0 | Writing LEC netlist: outputs/picorv32_top.lec.vg
| INFO     | job0 | cts.clock_tree_sy... | 0 | Writing SDC: outputs/picorv32_top.sdc
| INFO     | job0 | cts.clock_tree_sy... | 0 | SC_METRIC: report_checks -path_delay max
| INFO     | job0 | cts.clock_tree_sy... | 0 | Startpoint: pcpi_rs1[1]$_DFFE_PP_
| INFO     | job0 | cts.clock_tree_sy... | 0 |             (rising edge-triggered flip-flop clocked by clk)
| INFO     | job0 | cts.clock_tree_sy... | 0 | Endpoint: pcpi_rs1[31]$_DFFE_PP_
| INFO     | job0 | cts.clock_tree_sy... | 0 |           (rising edge-triggered flip-flop clocked by clk)
| INFO     | job0 | cts.clock_tree_sy... | 0 | Path Group: clk
| INFO     | job0 | cts.clock_tree_sy... | 0 | Path Type: max
| INFO     | job0 | cts.clock_tree_sy... | 0 | Corner: slow
| INFO     | job0 | cts.clock_tree_sy... | 0 | 
| INFO     | job0 | cts.clock_tree_sy... | 0 | Fanout     Cap    Slew   Delay    Time   Description
| INFO     | job0 | cts.clock_tree_sy... | 0 | -----------------------------------------------------------------------------
| INFO     | job0 | cts.clock_tree_sy... | 0 |                           0.00    0.00   clock clk (rise edge)
| INFO     | job0 | cts.clock_tree_sy... | 0 |                           0.00    0.00   clock source latency
| INFO     | job0 | cts.clock_tree_sy... | 0 |      2    0.06    0.00    0.00    0.00 ^ clk (in)
| INFO     | job0 | cts.clock_tree_sy... | 0 |                                          clk (net)
| INFO     | job0 | cts.clock_tree_sy... | 0 |                   0.00    0.00    0.00 ^ clkbuf_regs_0_clk/A (sky130_fd_sc_hd__clkbuf_16)
| INFO     | job0 | cts.clock_tree_sy... | 0 |      1    0.01    0.09    0.27    0.27 ^ clkbuf_regs_0_clk/X (sky130_fd_sc_hd__clkbuf_16)
| INFO     | job0 | cts.clock_tree_sy... | 0 |                                          clk_regs (net)
| INFO     | job0 | cts.clock_tree_sy... | 0 |                   0.09    0.00    0.27 ^ clkbuf_0_clk_regs/A (sky130_fd_sc_hd__clkbuf_16)
| INFO     | job0 | cts.clock_tree_sy... | 0 |      2    0.02    0.12    0.34    0.61 ^ clkbuf_0_clk_regs/X (sky130_fd_sc_hd__clkbuf_16)
| INFO     | job0 | cts.clock_tree_sy... | 0 |                                          clknet_0_clk_regs (net)
| INFO     | job0 | cts.clock_tree_sy... | 0 |                   0.12    0.00    0.61 ^ clkbuf_1_1_0_clk_regs/A (sky130_fd_sc_hd__clkbuf_16)
| INFO     | job0 | cts.clock_tree_sy... | 0 |      2    0.02    0.14    0.38    0.98 ^ clkbuf_1_1_0_clk_regs/X (sky130_fd_sc_hd__clkbuf_16)
| INFO     | job0 | cts.clock_tree_sy... | 0 |                                          clknet_1_1_0_clk_regs (net)
| INFO     | job0 | cts.clock_tree_sy... | 0 |                   0.14    0.00    0.99 ^ clkbuf_2_2_0_clk_regs/A (sky130_fd_sc_hd__clkbuf_16)
| INFO     | job0 | cts.clock_tree_sy... | 0 |      2    0.02    0.13    0.38    1.36 ^ clkbuf_2_2_0_clk_regs/X (sky130_fd_sc_hd__clkbuf_16)
| INFO     | job0 | cts.clock_tree_sy... | 0 |                                          clknet_2_2_0_clk_regs (net)
| INFO     | job0 | cts.clock_tree_sy... | 0 |                   0.13    0.00    1.36 ^ clkbuf_3_5__f_clk_regs/A (sky130_fd_sc_hd__clkbuf_16)
| INFO     | job0 | cts.clock_tree_sy... | 0 |      9    0.08    0.33    0.53    1.89 ^ clkbuf_3_5__f_clk_regs/X (sky130_fd_sc_hd__clkbuf_16)
| INFO     | job0 | cts.clock_tree_sy... | 0 |                                          clknet_3_5__leaf_clk_regs (net)
| INFO     | job0 | cts.clock_tree_sy... | 0 |                   0.33    0.00    1.89 ^ clkbuf_leaf_46_clk_regs/A (sky130_fd_sc_hd__clkbuf_16)
| INFO     | job0 | cts.clock_tree_sy... | 0 |     10    0.06    0.26    0.59    2.48 ^ clkbuf_leaf_46_clk_regs/X (sky130_fd_sc_hd__clkbuf_16)
| INFO     | job0 | cts.clock_tree_sy... | 0 |                                          clknet_leaf_46_clk_regs (net)
| INFO     | job0 | cts.clock_tree_sy... | 0 |                   0.26    0.00    2.48 ^ pcpi_rs1[1]$_DFFE_PP_/CLK (sky130_fd_sc_hd__edfxtp_1)
| INFO     | job0 | cts.clock_tree_sy... | 0 |      3    0.01    0.37    1.91    4.39 v pcpi_rs1[1]$_DFFE_PP_/Q (sky130_fd_sc_hd__edfxtp_1)
| INFO     | job0 | cts.clock_tree_sy... | 0 |                                          net518 (net)
| INFO     | job0 | cts.clock_tree_sy... | 0 |                   0.37    0.00    4.39 v _5903_/A (sky130_fd_sc_hd__xnor2_2)
| INFO     | job0 | cts.clock_tree_sy... | 0 |      2    0.01    0.53    0.81    5.20 ^ _5903_/Y (sky130_fd_sc_hd__xnor2_2)
| INFO     | job0 | cts.clock_tree_sy... | 0 |                                          _1758_ (net)
| INFO     | job0 | cts.clock_tree_sy... | 0 |                   0.53    0.00    5.20 ^ _5905_/A2 (sky130_fd_sc_hd__o21ai_1)
| INFO     | job0 | cts.clock_tree_sy... | 0 |      2    0.01    0.19    0.43    5.63 v _5905_/Y (sky130_fd_sc_hd__o21ai_1)
| INFO     | job0 | cts.clock_tree_sy... | 0 |                                          _1760_ (net)
| INFO     | job0 | cts.clock_tree_sy... | 0 |                   0.19    0.00    5.63 v _5906_/C (sky130_fd_sc_hd__maj3_2)
| INFO     | job0 | cts.clock_tree_sy... | 0 |      2    0.01    0.20    1.47    7.10 v _5906_/X (sky130_fd_sc_hd__maj3_2)
| INFO     | job0 | cts.clock_tree_sy... | 0 |                                          _1761_ (net)
| INFO     | job0 | cts.clock_tree_sy... | 0 |                   0.20    0.00    7.10 v _5907_/C (sky130_fd_sc_hd__maj3_2)
| INFO     | job0 | cts.clock_tree_sy... | 0 |      2    0.01    0.21    1.49    8.59 v _5907_/X (sky130_fd_sc_hd__maj3_2)
| INFO     | job0 | cts.clock_tree_sy... | 0 |                                          _1762_ (net)
| INFO     | job0 | cts.clock_tree_sy... | 0 |                   0.21    0.00    8.59 v _5908_/C (sky130_fd_sc_hd__maj3_2)
| INFO     | job0 | cts.clock_tree_sy... | 0 |      2    0.01    0.21    1.50   10.09 v _5908_/X (sky130_fd_sc_hd__maj3_2)
| INFO     | job0 | cts.clock_tree_sy... | 0 |                                          _1763_ (net)
| INFO     | job0 | cts.clock_tree_sy... | 0 |                   0.21    0.00   10.09 v _5909_/C (sky130_fd_sc_hd__maj3_2)
| INFO     | job0 | cts.clock_tree_sy... | 0 |      3    0.01    0.23    1.53   11.62 v _5909_/X (sky130_fd_sc_hd__maj3_2)
| INFO     | job0 | cts.clock_tree_sy... | 0 |                                          _1764_ (net)
| INFO     | job0 | cts.clock_tree_sy... | 0 |                   0.23    0.00   11.62 v _5913_/A2 (sky130_fd_sc_hd__a211oi_2)
| INFO     | job0 | cts.clock_tree_sy... | 0 |      2    0.01    0.71    1.04   12.66 ^ _5913_/Y (sky130_fd_sc_hd__a211oi_2)
| INFO     | job0 | cts.clock_tree_sy... | 0 |                                          _1768_ (net)
| INFO     | job0 | cts.clock_tree_sy... | 0 |                   0.71    0.00   12.66 ^ _5915_/A3 (sky130_fd_sc_hd__o31ai_1)
| INFO     | job0 | cts.clock_tree_sy... | 0 |      2    0.01    0.22    0.53   13.19 v _5915_/Y (sky130_fd_sc_hd__o31ai_1)
| INFO     | job0 | cts.clock_tree_sy... | 0 |                                          _1770_ (net)
| INFO     | job0 | cts.clock_tree_sy... | 0 |                   0.22    0.00   13.19 v _5916_/C (sky130_fd_sc_hd__maj3_2)
| INFO     | job0 | cts.clock_tree_sy... | 0 |      3    0.01    0.23    1.53   14.72 v _5916_/X (sky130_fd_sc_hd__maj3_2)
| INFO     | job0 | cts.clock_tree_sy... | 0 |                                          _1771_ (net)
| INFO     | job0 | cts.clock_tree_sy... | 0 |                   0.23    0.00   14.72 v _5919_/A2 (sky130_fd_sc_hd__a211oi_2)
| INFO     | job0 | cts.clock_tree_sy... | 0 |      2    0.01    0.88    1.17   15.89 ^ _5919_/Y (sky130_fd_sc_hd__a211oi_2)
| INFO     | job0 | cts.clock_tree_sy... | 0 |                                          _1774_ (net)
| INFO     | job0 | cts.clock_tree_sy... | 0 |                   0.88    0.00   15.89 ^ _5922_/A3 (sky130_fd_sc_hd__o311ai_1)
| INFO     | job0 | cts.clock_tree_sy... | 0 |      3    0.01    0.26    0.65   16.54 v _5922_/Y (sky130_fd_sc_hd__o311ai_1)
| INFO     | job0 | cts.clock_tree_sy... | 0 |                                          _1777_ (net)
| INFO     | job0 | cts.clock_tree_sy... | 0 |                   0.26    0.00   16.54 v _5924_/A3 (sky130_fd_sc_hd__a311oi_1)
| INFO     | job0 | cts.clock_tree_sy... | 0 |      1    0.00    0.85    1.20   17.74 ^ _5924_/Y (sky130_fd_sc_hd__a311oi_1)
| INFO     | job0 | cts.clock_tree_sy... | 0 |                                          _1779_ (net)
| INFO     | job0 | cts.clock_tree_sy... | 0 |                   0.85    0.00   17.74 ^ place590/A (sky130_fd_sc_hd__buf_4)
| INFO     | job0 | cts.clock_tree_sy... | 0 |      3    0.01    0.11    0.70   18.44 ^ place590/X (sky130_fd_sc_hd__buf_4)
| INFO     | job0 | cts.clock_tree_sy... | 0 |                                          net590 (net)
| INFO     | job0 | cts.clock_tree_sy... | 0 |                   0.11    0.00   18.44 ^ _5927_/A3 (sky130_fd_sc_hd__o311ai_1)
| INFO     | job0 | cts.clock_tree_sy... | 0 |      3    0.01    0.31    0.32   18.76 v _5927_/Y (sky130_fd_sc_hd__o311ai_1)
| INFO     | job0 | cts.clock_tree_sy... | 0 |                                          _1782_ (net)
| INFO     | job0 | cts.clock_tree_sy... | 0 |                   0.31    0.00   18.76 v _5929_/A3 (sky130_fd_sc_hd__a311oi_2)
| INFO     | job0 | cts.clock_tree_sy... | 0 |      2    0.01    0.85    1.30   20.06 ^ _5929_/Y (sky130_fd_sc_hd__a311oi_2)
| INFO     | job0 | cts.clock_tree_sy... | 0 |                                          _1784_ (net)
| INFO     | job0 | cts.clock_tree_sy... | 0 |                   0.85    0.00   20.06 ^ _5932_/A3 (sky130_fd_sc_hd__o311ai_1)
| INFO     | job0 | cts.clock_tree_sy... | 0 |      3    0.01    0.30    0.67   20.73 v _5932_/Y (sky130_fd_sc_hd__o311ai_1)
| INFO     | job0 | cts.clock_tree_sy... | 0 |                                          _1787_ (net)
| INFO     | job0 | cts.clock_tree_sy... | 0 |                   0.30    0.00   20.73 v _5934_/A3 (sky130_fd_sc_hd__a311oi_2)
| INFO     | job0 | cts.clock_tree_sy... | 0 |      3    0.01    1.06    1.45   22.18 ^ _5934_/Y (sky130_fd_sc_hd__a311oi_2)
| INFO     | job0 | cts.clock_tree_sy... | 0 |                                          _1789_ (net)
| INFO     | job0 | cts.clock_tree_sy... | 0 |                   1.06    0.00   22.18 ^ _5937_/A3 (sky130_fd_sc_hd__o311ai_1)
| INFO     | job0 | cts.clock_tree_sy... | 0 |      2    0.01    0.23    0.69   22.86 v _5937_/Y (sky130_fd_sc_hd__o311ai_1)
| INFO     | job0 | cts.clock_tree_sy... | 0 |                                          _1792_ (net)
| INFO     | job0 | cts.clock_tree_sy... | 0 |                   0.23    0.00   22.86 v _5939_/A3 (sky130_fd_sc_hd__a311oi_1)
| INFO     | job0 | cts.clock_tree_sy... | 0 |      1    0.00    0.81    1.15   24.02 ^ _5939_/Y (sky130_fd_sc_hd__a311oi_1)
| INFO     | job0 | cts.clock_tree_sy... | 0 |                                          _1794_ (net)
| INFO     | job0 | cts.clock_tree_sy... | 0 |                   0.81    0.00   24.02 ^ place572/A (sky130_fd_sc_hd__buf_4)
| INFO     | job0 | cts.clock_tree_sy... | 0 |      2    0.01    0.10    0.67   24.68 ^ place572/X (sky130_fd_sc_hd__buf_4)
| INFO     | job0 | cts.clock_tree_sy... | 0 |                                          net572 (net)
| INFO     | job0 | cts.clock_tree_sy... | 0 |                   0.10    0.00   24.68 ^ _5941_/A3 (sky130_fd_sc_hd__o31ai_1)
| INFO     | job0 | cts.clock_tree_sy... | 0 |      1    0.00    0.11    0.15   24.83 v _5941_/Y (sky130_fd_sc_hd__o31ai_1)
| INFO     | job0 | cts.clock_tree_sy... | 0 |                                          _1796_ (net)
| INFO     | job0 | cts.clock_tree_sy... | 0 |                   0.11    0.00   24.83 v place568/A (sky130_fd_sc_hd__buf_4)
| INFO     | job0 | cts.clock_tree_sy... | 0 |      3    0.01    0.08    0.51   25.34 v place568/X (sky130_fd_sc_hd__buf_4)
| INFO     | job0 | cts.clock_tree_sy... | 0 |                                          net568 (net)
| INFO     | job0 | cts.clock_tree_sy... | 0 |                   0.08    0.00   25.34 v _5942_/C (sky130_fd_sc_hd__maj3_1)
| INFO     | job0 | cts.clock_tree_sy... | 0 |      2    0.01    0.24    1.72   27.06 v _5942_/X (sky130_fd_sc_hd__maj3_1)
| INFO     | job0 | cts.clock_tree_sy... | 0 |                                          _1797_ (net)
| INFO     | job0 | cts.clock_tree_sy... | 0 |                   0.24    0.00   27.06 v _5943_/C (sky130_fd_sc_hd__maj3_1)
| INFO     | job0 | cts.clock_tree_sy... | 0 |      1    0.00    0.23    1.77   28.83 v _5943_/X (sky130_fd_sc_hd__maj3_1)
| INFO     | job0 | cts.clock_tree_sy... | 0 |                                          _1798_ (net)
| INFO     | job0 | cts.clock_tree_sy... | 0 |                   0.23    0.00   28.83 v _5945_/A (sky130_fd_sc_hd__xnor2_1)
| INFO     | job0 | cts.clock_tree_sy... | 0 |      1    0.00    0.40    0.62   29.46 ^ _5945_/Y (sky130_fd_sc_hd__xnor2_1)
| INFO     | job0 | cts.clock_tree_sy... | 0 |                                          _1800_ (net)
| INFO     | job0 | cts.clock_tree_sy... | 0 |                   0.40    0.00   29.46 ^ _6039_/A2 (sky130_fd_sc_hd__o21ai_0)
| INFO     | job0 | cts.clock_tree_sy... | 0 |      1    0.00    0.17    0.31   29.77 v _6039_/Y (sky130_fd_sc_hd__o21ai_0)
| INFO     | job0 | cts.clock_tree_sy... | 0 |                                          _4389_ (net)
| INFO     | job0 | cts.clock_tree_sy... | 0 |                   0.17    0.00   29.77 v pcpi_rs1[31]$_DFFE_PP_/D (sky130_fd_sc_hd__edfxtp_1)
| INFO     | job0 | cts.clock_tree_sy... | 0 |                                  29.77   data arrival time
| INFO     | job0 | cts.clock_tree_sy... | 0 | 
| INFO     | job0 | cts.clock_tree_sy... | 0 |                          25.00   25.00   clock clk (rise edge)
| INFO     | job0 | cts.clock_tree_sy... | 0 |                           0.00   25.00   clock source latency
| INFO     | job0 | cts.clock_tree_sy... | 0 |      2    0.06    0.00    0.00   25.00 ^ clk (in)
| INFO     | job0 | cts.clock_tree_sy... | 0 |                                          clk (net)
| INFO     | job0 | cts.clock_tree_sy... | 0 |                   0.00    0.00   25.00 ^ clkbuf_regs_0_clk/A (sky130_fd_sc_hd__clkbuf_16)
| INFO     | job0 | cts.clock_tree_sy... | 0 |      1    0.01    0.09    0.27   25.27 ^ clkbuf_regs_0_clk/X (sky130_fd_sc_hd__clkbuf_16)
| INFO     | job0 | cts.clock_tree_sy... | 0 |                                          clk_regs (net)
| INFO     | job0 | cts.clock_tree_sy... | 0 |                   0.09    0.00   25.27 ^ clkbuf_0_clk_regs/A (sky130_fd_sc_hd__clkbuf_16)
| INFO     | job0 | cts.clock_tree_sy... | 0 |      2    0.02    0.12    0.34   25.61 ^ clkbuf_0_clk_regs/X (sky130_fd_sc_hd__clkbuf_16)
| INFO     | job0 | cts.clock_tree_sy... | 0 |                                          clknet_0_clk_regs (net)
| INFO     | job0 | cts.clock_tree_sy... | 0 |                   0.12    0.00   25.61 ^ clkbuf_1_0_0_clk_regs/A (sky130_fd_sc_hd__clkbuf_16)
| INFO     | job0 | cts.clock_tree_sy... | 0 |      2    0.02    0.14    0.37   25.98 ^ clkbuf_1_0_0_clk_regs/X (sky130_fd_sc_hd__clkbuf_16)
| INFO     | job0 | cts.clock_tree_sy... | 0 |                                          clknet_1_0_0_clk_regs (net)
| INFO     | job0 | cts.clock_tree_sy... | 0 |                   0.14    0.00   25.98 ^ clkbuf_2_0_0_clk_regs/A (sky130_fd_sc_hd__clkbuf_16)
| INFO     | job0 | cts.clock_tree_sy... | 0 |      2    0.02    0.13    0.37   26.36 ^ clkbuf_2_0_0_clk_regs/X (sky130_fd_sc_hd__clkbuf_16)
| INFO     | job0 | cts.clock_tree_sy... | 0 |                                          clknet_2_0_0_clk_regs (net)
| INFO     | job0 | cts.clock_tree_sy... | 0 |                   0.13    0.00   26.36 ^ clkbuf_3_1__f_clk_regs/A (sky130_fd_sc_hd__clkbuf_16)
| INFO     | job0 | cts.clock_tree_sy... | 0 |      8    0.07    0.31    0.51   26.87 ^ clkbuf_3_1__f_clk_regs/X (sky130_fd_sc_hd__clkbuf_16)
| INFO     | job0 | cts.clock_tree_sy... | 0 |                                          clknet_3_1__leaf_clk_regs (net)
| INFO     | job0 | cts.clock_tree_sy... | 0 |                   0.31    0.00   26.87 ^ clkbuf_leaf_3_clk_regs/A (sky130_fd_sc_hd__clkbuf_16)
| INFO     | job0 | cts.clock_tree_sy... | 0 |     19    0.07    0.29    0.60   27.47 ^ clkbuf_leaf_3_clk_regs/X (sky130_fd_sc_hd__clkbuf_16)
| INFO     | job0 | cts.clock_tree_sy... | 0 |                                          clknet_leaf_3_clk_regs (net)
| INFO     | job0 | cts.clock_tree_sy... | 0 |                   0.29    0.00   27.47 ^ pcpi_rs1[31]$_DFFE_PP_/CLK (sky130_fd_sc_hd__edfxtp_1)
| INFO     | job0 | cts.clock_tree_sy... | 0 |                           0.00   27.47   clock reconvergence pessimism
| INFO     | job0 | cts.clock_tree_sy... | 0 |                          -1.31   26.16   library setup time
| INFO     | job0 | cts.clock_tree_sy... | 0 |                                  26.16   data required time
| INFO     | job0 | cts.clock_tree_sy... | 0 | -----------------------------------------------------------------------------
| INFO     | job0 | cts.clock_tree_sy... | 0 |                                  26.16   data required time
| INFO     | job0 | cts.clock_tree_sy... | 0 |                                 -29.77   data arrival time
| INFO     | job0 | cts.clock_tree_sy... | 0 | -----------------------------------------------------------------------------
| INFO     | job0 | cts.clock_tree_sy... | 0 |                                  -3.60   slack (VIOLATED)
| INFO     | job0 | cts.clock_tree_sy... | 0 | 
| INFO     | job0 | cts.clock_tree_sy... | 0 | 
| INFO     | job0 | cts.clock_tree_sy... | 0 | SC_METRIC: setupslack
| INFO     | job0 | cts.clock_tree_sy... | 0 | worst slack max -3.60
| INFO     | job0 | cts.clock_tree_sy... | 0 | SC_METRIC: tns
| INFO     | job0 | cts.clock_tree_sy... | 0 | tns max -13.53
| INFO     | job0 | cts.clock_tree_sy... | 0 | SC_METRIC: report_checks -path_delay min
| INFO     | job0 | cts.clock_tree_sy... | 0 | Startpoint: mem_valid$_SDFFCE_PN0P_
| INFO     | job0 | cts.clock_tree_sy... | 0 |             (rising edge-triggered flip-flop clocked by clk)
| INFO     | job0 | cts.clock_tree_sy... | 0 | Endpoint: mem_ready$_DFF_P_ (rising edge-triggered flip-flop clocked by clk)
| INFO     | job0 | cts.clock_tree_sy... | 0 | Path Group: clk
| INFO     | job0 | cts.clock_tree_sy... | 0 | Path Type: min
| INFO     | job0 | cts.clock_tree_sy... | 0 | Corner: fast
| INFO     | job0 | cts.clock_tree_sy... | 0 | 
| INFO     | job0 | cts.clock_tree_sy... | 0 | Fanout     Cap    Slew   Delay    Time   Description
| INFO     | job0 | cts.clock_tree_sy... | 0 | -----------------------------------------------------------------------------
| INFO     | job0 | cts.clock_tree_sy... | 0 |                           0.00    0.00   clock clk (rise edge)
| INFO     | job0 | cts.clock_tree_sy... | 0 |                           0.00    0.00   clock source latency
| INFO     | job0 | cts.clock_tree_sy... | 0 |      2    0.06    0.00    0.00    0.00 ^ clk (in)
| INFO     | job0 | cts.clock_tree_sy... | 0 |                                          clk (net)
| INFO     | job0 | cts.clock_tree_sy... | 0 |                   0.00    0.00    0.00 ^ clkbuf_regs_0_clk/A (sky130_fd_sc_hd__clkbuf_16)
| INFO     | job0 | cts.clock_tree_sy... | 0 |      1    0.01    0.03    0.07    0.07 ^ clkbuf_regs_0_clk/X (sky130_fd_sc_hd__clkbuf_16)
| INFO     | job0 | cts.clock_tree_sy... | 0 |                                          clk_regs (net)
| INFO     | job0 | cts.clock_tree_sy... | 0 |                   0.03    0.00    0.07 ^ clkbuf_0_clk_regs/A (sky130_fd_sc_hd__clkbuf_16)
| INFO     | job0 | cts.clock_tree_sy... | 0 |      2    0.02    0.03    0.09    0.16 ^ clkbuf_0_clk_regs/X (sky130_fd_sc_hd__clkbuf_16)
| INFO     | job0 | cts.clock_tree_sy... | 0 |                                          clknet_0_clk_regs (net)
| INFO     | job0 | cts.clock_tree_sy... | 0 |                   0.03    0.00    0.16 ^ clkbuf_1_1_0_clk_regs/A (sky130_fd_sc_hd__clkbuf_16)
| INFO     | job0 | cts.clock_tree_sy... | 0 |      2    0.03    0.04    0.09    0.25 ^ clkbuf_1_1_0_clk_regs/X (sky130_fd_sc_hd__clkbuf_16)
| INFO     | job0 | cts.clock_tree_sy... | 0 |                                          clknet_1_1_0_clk_regs (net)
| INFO     | job0 | cts.clock_tree_sy... | 0 |                   0.04    0.00    0.26 ^ clkbuf_2_2_0_clk_regs/A (sky130_fd_sc_hd__clkbuf_16)
| INFO     | job0 | cts.clock_tree_sy... | 0 |      2    0.02    0.03    0.09    0.35 ^ clkbuf_2_2_0_clk_regs/X (sky130_fd_sc_hd__clkbuf_16)
| INFO     | job0 | cts.clock_tree_sy... | 0 |                                          clknet_2_2_0_clk_regs (net)
| INFO     | job0 | cts.clock_tree_sy... | 0 |                   0.03    0.00    0.35 ^ clkbuf_3_5__f_clk_regs/A (sky130_fd_sc_hd__clkbuf_16)
| INFO     | job0 | cts.clock_tree_sy... | 0 |      9    0.09    0.08    0.13    0.47 ^ clkbuf_3_5__f_clk_regs/X (sky130_fd_sc_hd__clkbuf_16)
| INFO     | job0 | cts.clock_tree_sy... | 0 |                                          clknet_3_5__leaf_clk_regs (net)
| INFO     | job0 | cts.clock_tree_sy... | 0 |                   0.08    0.00    0.47 ^ clkbuf_leaf_52_clk_regs/A (sky130_fd_sc_hd__clkbuf_16)
| INFO     | job0 | cts.clock_tree_sy... | 0 |     20    0.07    0.07    0.13    0.61 ^ clkbuf_leaf_52_clk_regs/X (sky130_fd_sc_hd__clkbuf_16)
| INFO     | job0 | cts.clock_tree_sy... | 0 |                                          clknet_leaf_52_clk_regs (net)
| INFO     | job0 | cts.clock_tree_sy... | 0 |                   0.07    0.00    0.61 ^ mem_valid$_SDFFCE_PN0P_/CLK (sky130_fd_sc_hd__edfxtp_1)
| INFO     | job0 | cts.clock_tree_sy... | 0 |      2    0.00    0.05    0.24    0.84 ^ mem_valid$_SDFFCE_PN0P_/Q (sky130_fd_sc_hd__edfxtp_1)
| INFO     | job0 | cts.clock_tree_sy... | 0 |                                          mem_valid (net)
| INFO     | job0 | cts.clock_tree_sy... | 0 |                   0.05    0.00    0.84 ^ mem_ready$_DFF_P_/D (sky130_fd_sc_hd__dfxtp_1)
| INFO     | job0 | cts.clock_tree_sy... | 0 |                                   0.84   data arrival time
| INFO     | job0 | cts.clock_tree_sy... | 0 | 
| INFO     | job0 | cts.clock_tree_sy... | 0 |                           0.00    0.00   clock clk (rise edge)
| INFO     | job0 | cts.clock_tree_sy... | 0 |                           0.00    0.00   clock source latency
| INFO     | job0 | cts.clock_tree_sy... | 0 |      2    0.06    0.00    0.00    0.00 ^ clk (in)
| INFO     | job0 | cts.clock_tree_sy... | 0 |                                          clk (net)
| INFO     | job0 | cts.clock_tree_sy... | 0 |                   0.00    0.00    0.00 ^ clkbuf_regs_0_clk/A (sky130_fd_sc_hd__clkbuf_16)
| INFO     | job0 | cts.clock_tree_sy... | 0 |      1    0.01    0.03    0.07    0.07 ^ clkbuf_regs_0_clk/X (sky130_fd_sc_hd__clkbuf_16)
| INFO     | job0 | cts.clock_tree_sy... | 0 |                                          clk_regs (net)
| INFO     | job0 | cts.clock_tree_sy... | 0 |                   0.03    0.00    0.07 ^ clkbuf_0_clk_regs/A (sky130_fd_sc_hd__clkbuf_16)
| INFO     | job0 | cts.clock_tree_sy... | 0 |      2    0.02    0.03    0.09    0.16 ^ clkbuf_0_clk_regs/X (sky130_fd_sc_hd__clkbuf_16)
| INFO     | job0 | cts.clock_tree_sy... | 0 |                                          clknet_0_clk_regs (net)
| INFO     | job0 | cts.clock_tree_sy... | 0 |                   0.03    0.00    0.16 ^ clkbuf_1_1_0_clk_regs/A (sky130_fd_sc_hd__clkbuf_16)
| INFO     | job0 | cts.clock_tree_sy... | 0 |      2    0.03    0.04    0.09    0.25 ^ clkbuf_1_1_0_clk_regs/X (sky130_fd_sc_hd__clkbuf_16)
| INFO     | job0 | cts.clock_tree_sy... | 0 |                                          clknet_1_1_0_clk_regs (net)
| INFO     | job0 | cts.clock_tree_sy... | 0 |                   0.04    0.00    0.26 ^ clkbuf_2_2_0_clk_regs/A (sky130_fd_sc_hd__clkbuf_16)
| INFO     | job0 | cts.clock_tree_sy... | 0 |      2    0.02    0.03    0.09    0.35 ^ clkbuf_2_2_0_clk_regs/X (sky130_fd_sc_hd__clkbuf_16)
| INFO     | job0 | cts.clock_tree_sy... | 0 |                                          clknet_2_2_0_clk_regs (net)
| INFO     | job0 | cts.clock_tree_sy... | 0 |                   0.03    0.00    0.35 ^ clkbuf_3_5__f_clk_regs/A (sky130_fd_sc_hd__clkbuf_16)
| INFO     | job0 | cts.clock_tree_sy... | 0 |      9    0.09    0.08    0.13    0.47 ^ clkbuf_3_5__f_clk_regs/X (sky130_fd_sc_hd__clkbuf_16)
| INFO     | job0 | cts.clock_tree_sy... | 0 |                                          clknet_3_5__leaf_clk_regs (net)
| INFO     | job0 | cts.clock_tree_sy... | 0 |                   0.08    0.00    0.47 ^ clkbuf_leaf_52_clk_regs/A (sky130_fd_sc_hd__clkbuf_16)
| INFO     | job0 | cts.clock_tree_sy... | 0 |     20    0.07    0.07    0.13    0.61 ^ clkbuf_leaf_52_clk_regs/X (sky130_fd_sc_hd__clkbuf_16)
| INFO     | job0 | cts.clock_tree_sy... | 0 |                                          clknet_leaf_52_clk_regs (net)
| INFO     | job0 | cts.clock_tree_sy... | 0 |                   0.07    0.00    0.61 ^ mem_ready$_DFF_P_/CLK (sky130_fd_sc_hd__dfxtp_1)
| INFO     | job0 | cts.clock_tree_sy... | 0 |                           0.00    0.61   clock reconvergence pessimism
| INFO     | job0 | cts.clock_tree_sy... | 0 |                          -0.02    0.59   library hold time
| INFO     | job0 | cts.clock_tree_sy... | 0 |                                   0.59   data required time
| INFO     | job0 | cts.clock_tree_sy... | 0 | -----------------------------------------------------------------------------
| INFO     | job0 | cts.clock_tree_sy... | 0 |                                   0.59   data required time
| INFO     | job0 | cts.clock_tree_sy... | 0 |                                  -0.84   data arrival time
| INFO     | job0 | cts.clock_tree_sy... | 0 | -----------------------------------------------------------------------------
| INFO     | job0 | cts.clock_tree_sy... | 0 |                                   0.25   slack (MET)
| INFO     | job0 | cts.clock_tree_sy... | 0 | 
| INFO     | job0 | cts.clock_tree_sy... | 0 | 
| INFO     | job0 | cts.clock_tree_sy... | 0 | SC_METRIC: holdslack
| INFO     | job0 | cts.clock_tree_sy... | 0 | worst slack min 0.25
| INFO     | job0 | cts.clock_tree_sy... | 0 | SC_METRIC: unconstrained
| INFO     | job0 | cts.clock_tree_sy... | 0 | Startpoint: clk (clock source 'clk')
| INFO     | job0 | cts.clock_tree_sy... | 0 | Endpoint: clkload14/Y (internal pin)
| INFO     | job0 | cts.clock_tree_sy... | 0 | Path Group: unconstrained
| INFO     | job0 | cts.clock_tree_sy... | 0 | Path Type: max
| INFO     | job0 | cts.clock_tree_sy... | 0 | Corner: slow
| INFO     | job0 | cts.clock_tree_sy... | 0 | 
| INFO     | job0 | cts.clock_tree_sy... | 0 | Fanout     Cap    Slew   Delay    Time   Description
| INFO     | job0 | cts.clock_tree_sy... | 0 | -----------------------------------------------------------------------------
| INFO     | job0 | cts.clock_tree_sy... | 0 |      2    0.06    0.00    0.00   12.50 v clk (in)
| INFO     | job0 | cts.clock_tree_sy... | 0 |                                          clk (net)
| INFO     | job0 | cts.clock_tree_sy... | 0 |                   0.00    0.00   12.50 v clkbuf_regs_0_clk/A (sky130_fd_sc_hd__clkbuf_16)
| INFO     | job0 | cts.clock_tree_sy... | 0 |      1    0.01    0.08    0.47   12.97 v clkbuf_regs_0_clk/X (sky130_fd_sc_hd__clkbuf_16)
| INFO     | job0 | cts.clock_tree_sy... | 0 |                                          clk_regs (net)
| INFO     | job0 | cts.clock_tree_sy... | 0 |                   0.08    0.00   12.97 v clkbuf_0_clk_regs/A (sky130_fd_sc_hd__clkbuf_16)
| INFO     | job0 | cts.clock_tree_sy... | 0 |      2    0.01    0.09    0.53   13.49 v clkbuf_0_clk_regs/X (sky130_fd_sc_hd__clkbuf_16)
| INFO     | job0 | cts.clock_tree_sy... | 0 |                                          clknet_0_clk_regs (net)
| INFO     | job0 | cts.clock_tree_sy... | 0 |                   0.09    0.00   13.49 v clkbuf_1_0_0_clk_regs/A (sky130_fd_sc_hd__clkbuf_16)
| INFO     | job0 | cts.clock_tree_sy... | 0 |      2    0.02    0.09    0.54   14.04 v clkbuf_1_0_0_clk_regs/X (sky130_fd_sc_hd__clkbuf_16)
| INFO     | job0 | cts.clock_tree_sy... | 0 |                                          clknet_1_0_0_clk_regs (net)
| INFO     | job0 | cts.clock_tree_sy... | 0 |                   0.09    0.00   14.04 v clkbuf_2_0_0_clk_regs/A (sky130_fd_sc_hd__clkbuf_16)
| INFO     | job0 | cts.clock_tree_sy... | 0 |      2    0.02    0.09    0.54   14.58 v clkbuf_2_0_0_clk_regs/X (sky130_fd_sc_hd__clkbuf_16)
| INFO     | job0 | cts.clock_tree_sy... | 0 |                                          clknet_2_0_0_clk_regs (net)
| INFO     | job0 | cts.clock_tree_sy... | 0 |                   0.09    0.00   14.58 v clkbuf_3_1__f_clk_regs/A (sky130_fd_sc_hd__clkbuf_16)
| INFO     | job0 | cts.clock_tree_sy... | 0 |      8    0.06    0.14    0.60   15.18 v clkbuf_3_1__f_clk_regs/X (sky130_fd_sc_hd__clkbuf_16)
| INFO     | job0 | cts.clock_tree_sy... | 0 |                                          clknet_3_1__leaf_clk_regs (net)
| INFO     | job0 | cts.clock_tree_sy... | 0 |                   0.14    0.00   15.18 v clkbuf_leaf_63_clk_regs/A (sky130_fd_sc_hd__clkbuf_16)
| INFO     | job0 | cts.clock_tree_sy... | 0 |     27    0.06    0.13    0.62   15.80 v clkbuf_leaf_63_clk_regs/X (sky130_fd_sc_hd__clkbuf_16)
| INFO     | job0 | cts.clock_tree_sy... | 0 |                                          clknet_leaf_63_clk_regs (net)
| INFO     | job0 | cts.clock_tree_sy... | 0 |                   0.13    0.00   15.80 v clkload14/A (sky130_fd_sc_hd__bufinv_16)
| INFO     | job0 | cts.clock_tree_sy... | 0 |      0    0.00    0.07    0.61   16.41 ^ clkload14/Y (sky130_fd_sc_hd__bufinv_16)
| INFO     | job0 | cts.clock_tree_sy... | 0 |                                          (unconnected)
| INFO     | job0 | cts.clock_tree_sy... | 0 |                                  16.41   data arrival time
| INFO     | job0 | cts.clock_tree_sy... | 0 | -----------------------------------------------------------------------------
| INFO     | job0 | cts.clock_tree_sy... | 0 | (Path is unconstrained)
| INFO     | job0 | cts.clock_tree_sy... | 0 | 
| INFO     | job0 | cts.clock_tree_sy... | 0 | 
| INFO     | job0 | cts.clock_tree_sy... | 0 | SC_METRIC: clock_skew
| INFO     | job0 | cts.clock_tree_sy... | 0 | Clock clk
| INFO     | job0 | cts.clock_tree_sy... | 0 |  2.5137 source latency rv32_soc/reg_pc[8]$_SDFFE_PN0P_/CLK ^
| INFO     | job0 | cts.clock_tree_sy... | 0 | -1.8727 target latency rv32_soc/cpuregs[11][9]$_DFFE_PP_/CLK ^
| INFO     | job0 | cts.clock_tree_sy... | 0 |  0.0000 CRPR
| INFO     | job0 | cts.clock_tree_sy... | 0 | --------------
| INFO     | job0 | cts.clock_tree_sy... | 0 |  0.6410 setup skew
| INFO     | job0 | cts.clock_tree_sy... | 0 | 
| INFO     | job0 | cts.clock_tree_sy... | 0 | Clock clk
| INFO     | job0 | cts.clock_tree_sy... | 0 |  2.5137 source latency rv32_soc/reg_pc[8]$_SDFFE_PN0P_/CLK ^
| INFO     | job0 | cts.clock_tree_sy... | 0 | -1.8727 target latency rv32_soc/cpuregs[11][9]$_DFFE_PP_/CLK ^
| INFO     | job0 | cts.clock_tree_sy... | 0 |  0.0000 CRPR
| INFO     | job0 | cts.clock_tree_sy... | 0 | --------------
| INFO     | job0 | cts.clock_tree_sy... | 0 |  0.6410 hold skew
| INFO     | job0 | cts.clock_tree_sy... | 0 | 
| INFO     | job0 | cts.clock_tree_sy... | 0 | SC_METRIC: DRV violators
| INFO     | job0 | cts.clock_tree_sy... | 0 | SC_METRIC: floating nets
| INFO     | job0 | cts.clock_tree_sy... | 0 | Reporting floating nets: reports/floating_nets.rpt
| INFO     | job0 | cts.clock_tree_sy... | 0 | SC_METRIC: overdriven nets
| INFO     | job0 | cts.clock_tree_sy... | 0 | Reporting overdriven nets: reports/overdriven_nets.rpt
| INFO     | job0 | cts.clock_tree_sy... | 0 | Reporting overdriven nets: reports/overdriven_nets_with_parallel.rpt
| INFO     | job0 | cts.clock_tree_sy... | 0 | SC_METRIC: fmax
| INFO     | job0 | cts.clock_tree_sy... | 0 | clk fmax = 34.96 MHz
| INFO     | job0 | cts.clock_tree_sy... | 0 | Clock                   Period          Waveform
| INFO     | job0 | cts.clock_tree_sy... | 0 | ----------------------------------------------------
| INFO     | job0 | cts.clock_tree_sy... | 0 | clk                      25.00        0.00     12.50
| INFO     | job0 | cts.clock_tree_sy... | 0 | SC_METRIC: power
| INFO     | job0 | cts.clock_tree_sy... | 0 | Power for corner: fast
| INFO     | job0 | cts.clock_tree_sy... | 0 | Group                  Internal  Switching    Leakage      Total
| INFO     | job0 | cts.clock_tree_sy... | 0 |                           Power      Power      Power      Power (Watts)
| INFO     | job0 | cts.clock_tree_sy... | 0 | ----------------------------------------------------------------
| INFO     | job0 | cts.clock_tree_sy... | 0 | Sequential             3.44e-03   4.98e-05   4.68e-05   3.54e-03  55.3%
| INFO     | job0 | cts.clock_tree_sy... | 0 | Combinational          5.16e-04   5.07e-04   3.61e-05   1.06e-03  16.6%
| INFO     | job0 | cts.clock_tree_sy... | 0 | Clock                  8.97e-04   8.92e-04   4.02e-06   1.79e-03  28.1%
| INFO     | job0 | cts.clock_tree_sy... | 0 | Macro                  0.00e+00   0.00e+00   0.00e+00   0.00e+00   0.0%
| INFO     | job0 | cts.clock_tree_sy... | 0 | Pad                    0.00e+00   0.00e+00   0.00e+00   0.00e+00   0.0%
| INFO     | job0 | cts.clock_tree_sy... | 0 | ----------------------------------------------------------------
| INFO     | job0 | cts.clock_tree_sy... | 0 | Total                  4.85e-03   1.45e-03   8.69e-05   6.39e-03 100.0%
| INFO     | job0 | cts.clock_tree_sy... | 0 |                           76.0%      22.7%       1.4%
| INFO     | job0 | cts.clock_tree_sy... | 0 | Power for corner: slow
| INFO     | job0 | cts.clock_tree_sy... | 0 | Group                  Internal  Switching    Leakage      Total
| INFO     | job0 | cts.clock_tree_sy... | 0 |                           Power      Power      Power      Power (Watts)
| INFO     | job0 | cts.clock_tree_sy... | 0 | ----------------------------------------------------------------
| INFO     | job0 | cts.clock_tree_sy... | 0 | Sequential             1.00e-03   2.30e-05   5.94e-10   1.03e-03  45.8%
| INFO     | job0 | cts.clock_tree_sy... | 0 | Combinational          1.85e-04   2.35e-04   1.39e-09   4.20e-04  18.8%
| INFO     | job0 | cts.clock_tree_sy... | 0 | Clock                  4.07e-04   3.85e-04   1.43e-10   7.92e-04  35.4%
| INFO     | job0 | cts.clock_tree_sy... | 0 | Macro                  0.00e+00   0.00e+00   0.00e+00   0.00e+00   0.0%
| INFO     | job0 | cts.clock_tree_sy... | 0 | Pad                    0.00e+00   0.00e+00   0.00e+00   0.00e+00   0.0%
| INFO     | job0 | cts.clock_tree_sy... | 0 | ----------------------------------------------------------------
| INFO     | job0 | cts.clock_tree_sy... | 0 | Total                  1.60e-03   6.43e-04   2.13e-09   2.24e-03 100.0%
| INFO     | job0 | cts.clock_tree_sy... | 0 |                           71.3%      28.7%       0.0%
| INFO     | job0 | cts.clock_tree_sy... | 0 | Power for corner: typical
| INFO     | job0 | cts.clock_tree_sy... | 0 | Group                  Internal  Switching    Leakage      Total
| INFO     | job0 | cts.clock_tree_sy... | 0 |                           Power      Power      Power      Power (Watts)
| INFO     | job0 | cts.clock_tree_sy... | 0 | ----------------------------------------------------------------
| INFO     | job0 | cts.clock_tree_sy... | 0 | Sequential             2.89e-03   4.13e-05   1.36e-08   2.93e-03  57.3%
| INFO     | job0 | cts.clock_tree_sy... | 0 | Combinational          3.30e-04   4.21e-04   1.35e-08   7.50e-04  14.7%
| INFO     | job0 | cts.clock_tree_sy... | 0 | Clock                  7.06e-04   7.29e-04   1.39e-09   1.44e-03  28.1%
| INFO     | job0 | cts.clock_tree_sy... | 0 | Macro                  0.00e+00   0.00e+00   0.00e+00   0.00e+00   0.0%
| INFO     | job0 | cts.clock_tree_sy... | 0 | Pad                    0.00e+00   0.00e+00   0.00e+00   0.00e+00   0.0%
| INFO     | job0 | cts.clock_tree_sy... | 0 | ----------------------------------------------------------------
| INFO     | job0 | cts.clock_tree_sy... | 0 | Total                  3.92e-03   1.19e-03   2.85e-08   5.12e-03 100.0%
| INFO     | job0 | cts.clock_tree_sy... | 0 |                           76.7%      23.3%       0.0%
| INFO     | job0 | cts.clock_tree_sy... | 0 | SC_METRIC: cellarea
| INFO     | job0 | cts.clock_tree_sy... | 0 | Design area 367601 um^2 38% utilization.
| INFO     | job0 | cts.clock_tree_sy... | 0 | Cell type report:                       Count       Area
| INFO     | job0 | cts.clock_tree_sy... | 0 |   Macro                                     1  284538.47
| INFO     | job0 | cts.clock_tree_sy... | 0 |   Tap cell                               8830   11048.10
| INFO     | job0 | cts.clock_tree_sy... | 0 |   Clock buffer                             89    2227.14
| INFO     | job0 | cts.clock_tree_sy... | 0 |   Timing Repair Buffer                    413    3200.57
| INFO     | job0 | cts.clock_tree_sy... | 0 |   Inverter                                 95     356.59
| INFO     | job0 | cts.clock_tree_sy... | 0 |   Clock inverter                           46     559.29
| INFO     | job0 | cts.clock_tree_sy... | 0 |   Sequential cell                        1574   44088.53
| INFO     | job0 | cts.clock_tree_sy... | 0 |   Multi-Input combinational cell         4182   32630.04
| INFO     | job0 | cts.clock_tree_sy... | 0 |   Total                                 15230  378648.73
| INFO     | job0 | cts.clock_tree_sy... | 0 | 
| INFO     | job0 | cts.clock_tree_sy... | 0 | Cell instance report:
| INFO     | job0 | cts.clock_tree_sy... | 0 |   sky130_sram_2kbyte_1rw1r_32x512_8         1  284538.47
| INFO     | job0 | cts.clock_tree_sy... | 0 |   sky130_fd_sc_hd__a2111oi_0                1       8.76
| INFO     | job0 | cts.clock_tree_sy... | 0 |   sky130_fd_sc_hd__a211o_1                 10      87.58
| INFO     | job0 | cts.clock_tree_sy... | 0 |   sky130_fd_sc_hd__a211oi_1                26     195.19
| INFO     | job0 | cts.clock_tree_sy... | 0 |   sky130_fd_sc_hd__a211oi_2                 3      37.54
| INFO     | job0 | cts.clock_tree_sy... | 0 |   sky130_fd_sc_hd__a21bo_2                  1      10.01
| INFO     | job0 | cts.clock_tree_sy... | 0 |   sky130_fd_sc_hd__a21boi_0                 2      15.01
| INFO     | job0 | cts.clock_tree_sy... | 0 |   sky130_fd_sc_hd__a21o_1                  58     435.42
| INFO     | job0 | cts.clock_tree_sy... | 0 |   sky130_fd_sc_hd__a21oi_1                310    1551.49
| INFO     | job0 | cts.clock_tree_sy... | 0 |   sky130_fd_sc_hd__a221o_1                  5      50.05
| INFO     | job0 | cts.clock_tree_sy... | 0 |   sky130_fd_sc_hd__a221oi_1                21     183.93
| INFO     | job0 | cts.clock_tree_sy... | 0 |   sky130_fd_sc_hd__a222oi_1                39     390.37
| INFO     | job0 | cts.clock_tree_sy... | 0 |   sky130_fd_sc_hd__a22o_1                  30     262.75
| INFO     | job0 | cts.clock_tree_sy... | 0 |   sky130_fd_sc_hd__a22oi_1                 48     360.35
| INFO     | job0 | cts.clock_tree_sy... | 0 |   sky130_fd_sc_hd__a311o_1                  7      70.07
| INFO     | job0 | cts.clock_tree_sy... | 0 |   sky130_fd_sc_hd__a311oi_1                16     140.13
| INFO     | job0 | cts.clock_tree_sy... | 0 |   sky130_fd_sc_hd__a311oi_2                 2      30.03
| INFO     | job0 | cts.clock_tree_sy... | 0 |   sky130_fd_sc_hd__a31o_1                   5      43.79
| INFO     | job0 | cts.clock_tree_sy... | 0 |   sky130_fd_sc_hd__a31oi_1                 60     375.36
| INFO     | job0 | cts.clock_tree_sy... | 0 |   sky130_fd_sc_hd__a32o_1                   8      80.08
| INFO     | job0 | cts.clock_tree_sy... | 0 |   sky130_fd_sc_hd__a32oi_1                  3      26.28
| INFO     | job0 | cts.clock_tree_sy... | 0 |   sky130_fd_sc_hd__a41o_1                   2      20.02
| INFO     | job0 | cts.clock_tree_sy... | 0 |   sky130_fd_sc_hd__a41oi_1                  1       8.76
| INFO     | job0 | cts.clock_tree_sy... | 0 |   sky130_fd_sc_hd__and2_0                  25     156.40
| INFO     | job0 | cts.clock_tree_sy... | 0 |   sky130_fd_sc_hd__and2_1                  60     375.36
| INFO     | job0 | cts.clock_tree_sy... | 0 |   sky130_fd_sc_hd__and3_1                  49     306.54
| INFO     | job0 | cts.clock_tree_sy... | 0 |   sky130_fd_sc_hd__and4_1                  29     253.99
| INFO     | job0 | cts.clock_tree_sy... | 0 |   sky130_fd_sc_hd__buf_12                   8     160.15
| INFO     | job0 | cts.clock_tree_sy... | 0 |   sky130_fd_sc_hd__buf_4                  405    3040.42
| INFO     | job0 | cts.clock_tree_sy... | 0 |   sky130_fd_sc_hd__bufinv_16                2      60.06
| INFO     | job0 | cts.clock_tree_sy... | 0 |   sky130_fd_sc_hd__bufinv_8                 1      17.52
| INFO     | job0 | cts.clock_tree_sy... | 0 |   sky130_fd_sc_hd__clkbuf_16               89    2227.14
| INFO     | job0 | cts.clock_tree_sy... | 0 |   sky130_fd_sc_hd__clkinv_1                 1       3.75
| INFO     | job0 | cts.clock_tree_sy... | 0 |   sky130_fd_sc_hd__clkinv_16                3      90.09
| INFO     | job0 | cts.clock_tree_sy... | 0 |   sky130_fd_sc_hd__clkinv_2                 2      10.01
| INFO     | job0 | cts.clock_tree_sy... | 0 |   sky130_fd_sc_hd__clkinv_8                 5      81.33
| INFO     | job0 | cts.clock_tree_sy... | 0 |   sky130_fd_sc_hd__clkinvlp_2               2      10.01
| INFO     | job0 | cts.clock_tree_sy... | 0 |   sky130_fd_sc_hd__clkinvlp_4               1       7.51
| INFO     | job0 | cts.clock_tree_sy... | 0 |   sky130_fd_sc_hd__conb_1                 149     559.29
| INFO     | job0 | cts.clock_tree_sy... | 0 |   sky130_fd_sc_hd__dfxtp_1                313    6266.01
| INFO     | job0 | cts.clock_tree_sy... | 0 |   sky130_fd_sc_hd__dfxtp_2                  5     106.35
| INFO     | job0 | cts.clock_tree_sy... | 0 |   sky130_fd_sc_hd__edfxtp_1              1256   37716.17
| INFO     | job0 | cts.clock_tree_sy... | 0 |   sky130_fd_sc_hd__inv_1                   99     371.61
| INFO     | job0 | cts.clock_tree_sy... | 0 |   sky130_fd_sc_hd__inv_12                   4      65.06
| INFO     | job0 | cts.clock_tree_sy... | 0 |   sky130_fd_sc_hd__inv_16                   2      40.04
| INFO     | job0 | cts.clock_tree_sy... | 0 |   sky130_fd_sc_hd__inv_2                    5      18.77
| INFO     | job0 | cts.clock_tree_sy... | 0 |   sky130_fd_sc_hd__inv_4                    1       6.26
| INFO     | job0 | cts.clock_tree_sy... | 0 |   sky130_fd_sc_hd__inv_6                    5      43.79
| INFO     | job0 | cts.clock_tree_sy... | 0 |   sky130_fd_sc_hd__inv_8                    8      90.09
| INFO     | job0 | cts.clock_tree_sy... | 0 |   sky130_fd_sc_hd__maj3_1                  13     130.12
| INFO     | job0 | cts.clock_tree_sy... | 0 |   sky130_fd_sc_hd__maj3_2                   6      67.56
| INFO     | job0 | cts.clock_tree_sy... | 0 |   sky130_fd_sc_hd__mux2_2                  46     518.00
| INFO     | job0 | cts.clock_tree_sy... | 0 |   sky130_fd_sc_hd__mux2i_1                 80     800.77
| INFO     | job0 | cts.clock_tree_sy... | 0 |   sky130_fd_sc_hd__mux4_2                 529   11913.93
| INFO     | job0 | cts.clock_tree_sy... | 0 |   sky130_fd_sc_hd__nand2_1                531    1993.16
| INFO     | job0 | cts.clock_tree_sy... | 0 |   sky130_fd_sc_hd__nand2b_1                45     281.52
| INFO     | job0 | cts.clock_tree_sy... | 0 |   sky130_fd_sc_hd__nand3_1                 74     370.36
| INFO     | job0 | cts.clock_tree_sy... | 0 |   sky130_fd_sc_hd__nand3b_1                 9      67.56
| INFO     | job0 | cts.clock_tree_sy... | 0 |   sky130_fd_sc_hd__nand4_1                 23     143.89
| INFO     | job0 | cts.clock_tree_sy... | 0 |   sky130_fd_sc_hd__nand4b_1                 1       8.76
| INFO     | job0 | cts.clock_tree_sy... | 0 |   sky130_fd_sc_hd__nor2_1                 565    2120.78
| INFO     | job0 | cts.clock_tree_sy... | 0 |   sky130_fd_sc_hd__nor2_2                  33     206.45
| INFO     | job0 | cts.clock_tree_sy... | 0 |   sky130_fd_sc_hd__nor2b_1                 34     212.70
| INFO     | job0 | cts.clock_tree_sy... | 0 |   sky130_fd_sc_hd__nor3_1                 121     605.58
| INFO     | job0 | cts.clock_tree_sy... | 0 |   sky130_fd_sc_hd__nor3_2                   1      10.01
| INFO     | job0 | cts.clock_tree_sy... | 0 |   sky130_fd_sc_hd__nor3b_1                  3      22.52
| INFO     | job0 | cts.clock_tree_sy... | 0 |   sky130_fd_sc_hd__nor4_1                  24     150.14
| INFO     | job0 | cts.clock_tree_sy... | 0 |   sky130_fd_sc_hd__nor4b_1                  3      26.28
| INFO     | job0 | cts.clock_tree_sy... | 0 |   sky130_fd_sc_hd__o2111ai_1                1       8.76
| INFO     | job0 | cts.clock_tree_sy... | 0 |   sky130_fd_sc_hd__o211a_1                  1      10.01
| INFO     | job0 | cts.clock_tree_sy... | 0 |   sky130_fd_sc_hd__o211ai_1                31     232.72
| INFO     | job0 | cts.clock_tree_sy... | 0 |   sky130_fd_sc_hd__o21a_1                  32     240.23
| INFO     | job0 | cts.clock_tree_sy... | 0 |   sky130_fd_sc_hd__o21ai_0                528    2642.53
| INFO     | job0 | cts.clock_tree_sy... | 0 |   sky130_fd_sc_hd__o21ai_1                 27     135.13
| INFO     | job0 | cts.clock_tree_sy... | 0 |   sky130_fd_sc_hd__o21bai_1                 4      30.03
| INFO     | job0 | cts.clock_tree_sy... | 0 |   sky130_fd_sc_hd__o221a_2                  2      22.52
| INFO     | job0 | cts.clock_tree_sy... | 0 |   sky130_fd_sc_hd__o221ai_1                46     402.89
| INFO     | job0 | cts.clock_tree_sy... | 0 |   sky130_fd_sc_hd__o22a_1                   3      26.28
| INFO     | job0 | cts.clock_tree_sy... | 0 |   sky130_fd_sc_hd__o22ai_1                 36     225.22
| INFO     | job0 | cts.clock_tree_sy... | 0 |   sky130_fd_sc_hd__o2bb2ai_1                2      17.52
| INFO     | job0 | cts.clock_tree_sy... | 0 |   sky130_fd_sc_hd__o311a_1                  1      10.01
| INFO     | job0 | cts.clock_tree_sy... | 0 |   sky130_fd_sc_hd__o311ai_0                21     183.93
| INFO     | job0 | cts.clock_tree_sy... | 0 |   sky130_fd_sc_hd__o311ai_1                 4      35.03
| INFO     | job0 | cts.clock_tree_sy... | 0 |   sky130_fd_sc_hd__o311ai_2                 2      32.53
| INFO     | job0 | cts.clock_tree_sy... | 0 |   sky130_fd_sc_hd__o31a_1                   4      35.03
| INFO     | job0 | cts.clock_tree_sy... | 0 |   sky130_fd_sc_hd__o31ai_1                 30     225.22
| INFO     | job0 | cts.clock_tree_sy... | 0 |   sky130_fd_sc_hd__o32a_1                   2      20.02
| INFO     | job0 | cts.clock_tree_sy... | 0 |   sky130_fd_sc_hd__o32ai_1                 14     122.62
| INFO     | job0 | cts.clock_tree_sy... | 0 |   sky130_fd_sc_hd__o41ai_1                  1       8.76
| INFO     | job0 | cts.clock_tree_sy... | 0 |   sky130_fd_sc_hd__or2_1                   36     225.22
| INFO     | job0 | cts.clock_tree_sy... | 0 |   sky130_fd_sc_hd__or3_1                   28     175.17
| INFO     | job0 | cts.clock_tree_sy... | 0 |   sky130_fd_sc_hd__or3b_2                   3      26.28
| INFO     | job0 | cts.clock_tree_sy... | 0 |   sky130_fd_sc_hd__or4_1                   11      82.58
| INFO     | job0 | cts.clock_tree_sy... | 0 |   sky130_fd_sc_hd__or4b_2                   1      10.01
| INFO     | job0 | cts.clock_tree_sy... | 0 |   sky130_fd_sc_hd__tapvpwrvgnd_1         8830   11048.10
| INFO     | job0 | cts.clock_tree_sy... | 0 |   sky130_fd_sc_hd__xnor2_1                132    1156.11
| INFO     | job0 | cts.clock_tree_sy... | 0 |   sky130_fd_sc_hd__xnor2_2                  1      16.27
| INFO     | job0 | cts.clock_tree_sy... | 0 |   sky130_fd_sc_hd__xor2_1                  67     586.81
| INFO     | job0 | cts.clock_tree_sy... | 0 | [WARNING GUI-0076] QStandardPaths: wrong permissions on runtime directory /run/user/1000/, 0755 instead of 0700
| INFO     | job0 | cts.clock_tree_sy... | 0 | [INFO FLW-0001] Saving "snapshot" to reports/images/picorv32_top.png
| INFO     | job0 | cts.clock_tree_sy... | 0 | [INFO FLW-0001] Saving "placement" to reports/images/picorv32_top.placement.png
| INFO     | job0 | cts.clock_tree_sy... | 0 | [INFO FLW-0001] Saving "setup timing histogram" to reports/images/timing/setup.histogram.png
| INFO     | job0 | cts.clock_tree_sy... | 0 | [INFO FLW-0001] Saving "hold timing histogram" to reports/images/timing/hold.histogram.png
| INFO     | job0 | cts.clock_tree_sy... | 0 | [INFO FLW-0001] Saving "placement density heatmap" to reports/images/heatmap/placement_density.png
| INFO     | job0 | cts.clock_tree_sy... | 0 | [INFO FLW-0001] Saving "estimated routing congestion heatmap" to reports/images/heatmap/estimated_routing_congestion.png
| INFO     | job0 | cts.clock_tree_sy... | 0 | [INFO FLW-0001] Saving "power density for fast heatmap" to reports/images/heatmap/power_density/fast.png
| INFO     | job0 | cts.clock_tree_sy... | 0 | [INFO FLW-0001] Saving "power density for slow heatmap" to reports/images/heatmap/power_density/slow.png
| INFO     | job0 | cts.clock_tree_sy... | 0 | [INFO FLW-0001] Saving "power density for typical heatmap" to reports/images/heatmap/power_density/typical.png
| INFO     | job0 | cts.clock_tree_sy... | 0 | [INFO FLW-0001] Saving "clocks" to reports/images/picorv32_top.clocks.png
| INFO     | job0 | cts.clock_tree_sy... | 0 | [INFO FLW-0001] Saving "clk" clock tree for fast to reports/images/clocktree/clk.fast.png
| INFO     | job0 | cts.clock_tree_sy... | 0 | [INFO FLW-0001] Saving "clk" clock tree for slow to reports/images/clocktree/clk.slow.png
| INFO     | job0 | cts.clock_tree_sy... | 0 | [INFO FLW-0001] Saving "clk" clock tree for typical to reports/images/clocktree/clk.typical.png
| INFO     | job0 | cts.clock_tree_sy... | 0 | [INFO FLW-0001] Saving "clock - clk" to reports/images/clocks/picorv32_top.clk.png
| WARNING  | job0 | cts.clock_tree_sy... | 0 |  27: [WARNING CTS-0132] -balance_levels is obsolete.
| WARNING  | job0 | cts.clock_tree_sy... | 0 |  28: [WARNING CTS-0128] -obstruction_aware is obsolete.
| WARNING  | job0 | cts.clock_tree_sy... | 0 | 593: [WARNING GUI-0076] QStandardPaths: wrong permissions on runtime directory /run/user/1000/, 0755 instead of 0700
| INFO     | job0 | cts.clock_tree_sy... | 0 | Number of errors: 0
| INFO     | job0 | cts.clock_tree_sy... | 0 | Number of warnings: 3
| INFO     | job0 | cts.clock_tree_sy... | 0 | Finished task in 62.94s
