| INFO     | job0 | route.detailed       | 0 | Running in /home/arthur/ECE507/project/build/picorv32_bp_top/job0/route.detailed/0
| INFO     | job0 | route.detailed       | 0 | Tool 'openroad' found with version 'v2.0-27941-gf9f3050fe8' in directory '/usr/local/bin'
| INFO     | job0 | route.detailed       | 0 | openroad /home/arthur/ECE507/venv/lib/python3.12/site-packages/siliconcompiler/tools/openroad/scripts/apr/sc_detailed_route.tcl -no_init -metrics reports/metrics.json -exit
| INFO     | job0 | route.detailed       | 0 | OpenROAD v2.0-27941-gf9f3050fe8
| INFO     | job0 | route.detailed       | 0 | Features included (+) or not (-): +GPU +GUI +Python
| INFO     | job0 | route.detailed       | 0 | This program is licensed under the BSD-3 license. See the LICENSE file for details.
| INFO     | job0 | route.detailed       | 0 | Components of this program may be licensed under more restrictive licenses which must be honored.
| INFO     | job0 | route.detailed       | 0 | [INFO ORD-0030] Using 20 thread(s).
| INFO     | job0 | route.detailed       | 0 | [INFO FLW-0001] Defining timing corners: fast slow typical
| INFO     | job0 | route.detailed       | 0 | Reading liberty file for fast: /home/arthur/.sc/cache/lambdapdk-v0.2.12-7b36460386694c92/lambdapdk/sky130/libs/sky130hd/nldm/sky130_fd_sc_hd__ff_100C_1v95.lib.gz
| INFO     | job0 | route.detailed       | 0 | Reading liberty file for slow: /home/arthur/.sc/cache/lambdapdk-v0.2.12-7b36460386694c92/lambdapdk/sky130/libs/sky130hd/nldm/sky130_fd_sc_hd__ss_n40C_1v40.lib.gz
| INFO     | job0 | route.detailed       | 0 | Reading liberty file for typical: /home/arthur/.sc/cache/lambdapdk-v0.2.12-7b36460386694c92/lambdapdk/sky130/libs/sky130hd/nldm/sky130_fd_sc_hd__tt_025C_1v80.lib.gz
| INFO     | job0 | route.detailed       | 0 | Reading ODB: inputs/picorv32_bp_top.odb.gz
| INFO     | job0 | route.detailed       | 0 | Reading SDC: inputs/picorv32_bp_top.sdc
| INFO     | job0 | route.detailed       | 0 | [INFO FLW-0001] Timing path groups: asynchronous {path delay} {gated clock} unconstrained
| INFO     | job0 | route.detailed       | 0 | [WARNING FLW-0001] No clocks defined.
| INFO     | job0 | route.detailed       | 0 | [INFO FLW-0001] Sourcing parasitic estimation from: /home/arthur/ECE507/project/build/picorv32_bp_top/job0/route.detailed/0/inputs/sc_parasitics.tcl
| INFO     | job0 | route.detailed       | 0 | [INFO FLW-0001] Using met5 for clock parasitics estimation
| INFO     | job0 | route.detailed       | 0 | [INFO FLW-0001] Using met3 for signal parasitics estimation
| INFO     | job0 | route.detailed       | 0 | [INFO FLW-0001] Setting global routing adjustment for li1 to 100%
| INFO     | job0 | route.detailed       | 0 | [INFO FLW-0001] Setting global routing adjustment for met1 to 40.0%
| INFO     | job0 | route.detailed       | 0 | [INFO FLW-0001] Setting global routing adjustment for met2 to 40.0%
| INFO     | job0 | route.detailed       | 0 | [INFO FLW-0001] Setting global routing adjustment for met3 to 30.0%
| INFO     | job0 | route.detailed       | 0 | [INFO FLW-0001] Setting global routing adjustment for met4 to 30.0%
| INFO     | job0 | route.detailed       | 0 | [INFO FLW-0001] Setting global routing adjustment for met5 to 30.0%
| INFO     | job0 | route.detailed       | 0 | Global connection rules: 2
| INFO     | job0 | route.detailed       | 0 |   Instances: ".*" with pins "VPWR" connect to "VDD"
| INFO     | job0 | route.detailed       | 0 |   Instances: ".*" with pins "VGND" connect to "VSS"
| INFO     | job0 | route.detailed       | 0 | detailed_route siliconcompiler arguments: -drc_report_iter_step 5
| INFO     | job0 | route.detailed       | 0 | [INFO DRT-0149] Reading tech and libs.
| INFO     | job0 | route.detailed       | 0 | [WARNING DRT-0349] LEF58_ENCLOSURE with no CUTCLASS is not supported. Skipping for layer mcon
| INFO     | job0 | route.detailed       | 0 | [WARNING DRT-0349] LEF58_ENCLOSURE with no CUTCLASS is not supported. Skipping for layer mcon
| INFO     | job0 | route.detailed       | 0 | [WARNING DRT-0349] LEF58_ENCLOSURE with no CUTCLASS is not supported. Skipping for layer via
| INFO     | job0 | route.detailed       | 0 | [WARNING DRT-0349] LEF58_ENCLOSURE with no CUTCLASS is not supported. Skipping for layer via
| INFO     | job0 | route.detailed       | 0 | [WARNING DRT-0349] LEF58_ENCLOSURE with no CUTCLASS is not supported. Skipping for layer via2
| INFO     | job0 | route.detailed       | 0 | [WARNING DRT-0349] LEF58_ENCLOSURE with no CUTCLASS is not supported. Skipping for layer via2
| INFO     | job0 | route.detailed       | 0 | [WARNING DRT-0349] LEF58_ENCLOSURE with no CUTCLASS is not supported. Skipping for layer via3
| INFO     | job0 | route.detailed       | 0 | [WARNING DRT-0349] LEF58_ENCLOSURE with no CUTCLASS is not supported. Skipping for layer via3
| INFO     | job0 | route.detailed       | 0 | [WARNING DRT-0349] LEF58_ENCLOSURE with no CUTCLASS is not supported. Skipping for layer via4
| INFO     | job0 | route.detailed       | 0 | [WARNING DRT-0349] LEF58_ENCLOSURE with no CUTCLASS is not supported. Skipping for layer via4
| INFO     | job0 | route.detailed       | 0 | 
| INFO     | job0 | route.detailed       | 0 | Units:                1000
| INFO     | job0 | route.detailed       | 0 | Number of layers:     13
| INFO     | job0 | route.detailed       | 0 | Number of macros:     438
| INFO     | job0 | route.detailed       | 0 | Number of vias:       29
| INFO     | job0 | route.detailed       | 0 | Number of viarulegen: 25
| INFO     | job0 | route.detailed       | 0 | 
| INFO     | job0 | route.detailed       | 0 | [INFO DRT-0150] Reading design.
| INFO     | job0 | route.detailed       | 0 | [WARNING DRT-0120] Large net net154 has 433 pins which may impact routing performance. Consider optimization.
| INFO     | job0 | route.detailed       | 0 | [WARNING DRT-0120] Large net net262 has 168 pins which may impact routing performance. Consider optimization.
| INFO     | job0 | route.detailed       | 0 | [WARNING DRT-0120] Large net net261 has 441 pins which may impact routing performance. Consider optimization.
| INFO     | job0 | route.detailed       | 0 | [WARNING DRT-0120] Large net net263 has 198 pins which may impact routing performance. Consider optimization.
| INFO     | job0 | route.detailed       | 0 | [WARNING DRT-0120] Large net net260 has 215 pins which may impact routing performance. Consider optimization.
| INFO     | job0 | route.detailed       | 0 | [WARNING DRT-0120] Large net net259 has 153 pins which may impact routing performance. Consider optimization.
| INFO     | job0 | route.detailed       | 0 | [WARNING DRT-0120] Large net net251 has 113 pins which may impact routing performance. Consider optimization.
| INFO     | job0 | route.detailed       | 0 | [WARNING DRT-0120] Large net net252 has 102 pins which may impact routing performance. Consider optimization.
| INFO     | job0 | route.detailed       | 0 | [WARNING DRT-0120] Large net net246 has 134 pins which may impact routing performance. Consider optimization.
| INFO     | job0 | route.detailed       | 0 | [WARNING DRT-0120] Large net net244 has 260 pins which may impact routing performance. Consider optimization.
| INFO     | job0 | route.detailed       | 0 | 
| INFO     | job0 | route.detailed       | 0 | Design:                   picorv32_bp_top
| INFO     | job0 | route.detailed       | 0 | Die area:                 ( 0 0 ) ( 1200000 1200000 )
| INFO     | job0 | route.detailed       | 0 | Number of track patterns: 12
| INFO     | job0 | route.detailed       | 0 | Number of DEF vias:       0
| INFO     | job0 | route.detailed       | 0 | Number of components:     185283
| INFO     | job0 | route.detailed       | 0 | Number of terminals:      107
| INFO     | job0 | route.detailed       | 0 | Number of snets:          2
| INFO     | job0 | route.detailed       | 0 | Number of nets:           5889
| INFO     | job0 | route.detailed       | 0 | 
| INFO     | job0 | route.detailed       | 0 | [INFO DRT-0167] List of default vias:
| INFO     | job0 | route.detailed       | 0 |   Layer via
| INFO     | job0 | route.detailed       | 0 |     default via: M1M2_PR
| INFO     | job0 | route.detailed       | 0 |   Layer via2
| INFO     | job0 | route.detailed       | 0 |     default via: M2M3_PR
| INFO     | job0 | route.detailed       | 0 |   Layer via3
| INFO     | job0 | route.detailed       | 0 |     default via: M3M4_PR
| INFO     | job0 | route.detailed       | 0 |   Layer via4
| INFO     | job0 | route.detailed       | 0 |     default via: M4M5_PR
| INFO     | job0 | route.detailed       | 0 | [INFO DRT-0162] Library cell analysis.
| INFO     | job0 | route.detailed       | 0 | [INFO DRT-0163] Instance analysis.
| INFO     | job0 | route.detailed       | 0 |   Complete 100000 instances.
| INFO     | job0 | route.detailed       | 0 | [INFO DRT-0164] Number of unique instances = 167.
| INFO     | job0 | route.detailed       | 0 | [INFO DRT-0168] Init region query.
| INFO     | job0 | route.detailed       | 0 | [INFO DRT-0018]   Complete 100000 insts.
| INFO     | job0 | route.detailed       | 0 | [INFO DRT-0024]   Complete FR_MASTERSLICE.
| INFO     | job0 | route.detailed       | 0 | [INFO DRT-0024]   Complete licon.
| INFO     | job0 | route.detailed       | 0 | [INFO DRT-0024]   Complete li1.
| INFO     | job0 | route.detailed       | 0 | [INFO DRT-0024]   Complete mcon.
| INFO     | job0 | route.detailed       | 0 | [INFO DRT-0024]   Complete met1.
| INFO     | job0 | route.detailed       | 0 | [INFO DRT-0024]   Complete via.
| INFO     | job0 | route.detailed       | 0 | [INFO DRT-0024]   Complete met2.
| INFO     | job0 | route.detailed       | 0 | [INFO DRT-0024]   Complete via2.
| INFO     | job0 | route.detailed       | 0 | [INFO DRT-0024]   Complete met3.
| INFO     | job0 | route.detailed       | 0 | [INFO DRT-0024]   Complete via3.
| INFO     | job0 | route.detailed       | 0 | [INFO DRT-0024]   Complete met4.
| INFO     | job0 | route.detailed       | 0 | [INFO DRT-0024]   Complete via4.
| INFO     | job0 | route.detailed       | 0 | [INFO DRT-0024]   Complete met5.
| INFO     | job0 | route.detailed       | 0 | [INFO DRT-0033] FR_MASTERSLICE shape region query size = 0.
| INFO     | job0 | route.detailed       | 0 | [INFO DRT-0033] licon shape region query size = 0.
| INFO     | job0 | route.detailed       | 0 | [INFO DRT-0033] li1 shape region query size = 620612.
| INFO     | job0 | route.detailed       | 0 | [INFO DRT-0033] mcon shape region query size = 17942.
| INFO     | job0 | route.detailed       | 0 | [INFO DRT-0033] met1 shape region query size = 418975.
| INFO     | job0 | route.detailed       | 0 | [INFO DRT-0033] via shape region query size = 94395.
| INFO     | job0 | route.detailed       | 0 | [INFO DRT-0033] met2 shape region query size = 56661.
| INFO     | job0 | route.detailed       | 0 | [INFO DRT-0033] via2 shape region query size = 75516.
| INFO     | job0 | route.detailed       | 0 | [INFO DRT-0033] met3 shape region query size = 56718.
| INFO     | job0 | route.detailed       | 0 | [INFO DRT-0033] via3 shape region query size = 75516.
| INFO     | job0 | route.detailed       | 0 | [INFO DRT-0033] met4 shape region query size = 22751.
| INFO     | job0 | route.detailed       | 0 | [INFO DRT-0033] via4 shape region query size = 3785.
| INFO     | job0 | route.detailed       | 0 | [INFO DRT-0033] met5 shape region query size = 3959.
| INFO     | job0 | route.detailed       | 0 | [INFO DRT-0165] Start pin access.
| INFO     | job0 | route.detailed       | 0 | [INFO DRT-0076]   Complete 1000 pins.
| INFO     | job0 | route.detailed       | 0 | [INFO DRT-0078]   Complete 1018 pins.
| INFO     | job0 | route.detailed       | 0 | [INFO DRT-0079]   Complete 100 unique inst patterns.
| INFO     | job0 | route.detailed       | 0 | [INFO DRT-0081]   Complete 167 unique inst patterns.
| INFO     | job0 | route.detailed       | 0 | [INFO DRT-0084]   Complete 4051 groups.
| INFO     | job0 | route.detailed       | 0 | #scanned instances     = 185283
| INFO     | job0 | route.detailed       | 0 | #unique  instances     = 167
| INFO     | job0 | route.detailed       | 0 | #stdCellGenAp          = 5097
| INFO     | job0 | route.detailed       | 0 | #stdCellValidPlanarAp  = 28
| INFO     | job0 | route.detailed       | 0 | #stdCellValidViaAp     = 4104
| INFO     | job0 | route.detailed       | 0 | #stdCellPinNoAp        = 0
| INFO     | job0 | route.detailed       | 0 | #stdCellPinCnt         = 23505
| INFO     | job0 | route.detailed       | 0 | #instTermValidViaApCnt = 0
| INFO     | job0 | route.detailed       | 0 | #macroGenAp            = 0
| INFO     | job0 | route.detailed       | 0 | #macroValidPlanarAp    = 0
| INFO     | job0 | route.detailed       | 0 | #macroValidViaAp       = 0
| INFO     | job0 | route.detailed       | 0 | #macroNoAp             = 0
| INFO     | job0 | route.detailed       | 0 | [INFO DRT-0166] Complete pin access.
| INFO     | job0 | route.detailed       | 0 | [INFO DRT-0267] cpu time = 00:05:24, elapsed time = 00:00:20, memory = 432.08 (MB), peak = 435.71 (MB)
| INFO     | job0 | route.detailed       | 0 | 
| INFO     | job0 | route.detailed       | 0 | [INFO DRT-0157] Number of guides:     58591
| INFO     | job0 | route.detailed       | 0 | 
| INFO     | job0 | route.detailed       | 0 | [INFO DRT-0169] Post process guides.
| INFO     | job0 | route.detailed       | 0 | [INFO DRT-0176] GCELLGRID X 0 DO 173 STEP 6900 ;
| INFO     | job0 | route.detailed       | 0 | [INFO DRT-0177] GCELLGRID Y 0 DO 173 STEP 6900 ;
| INFO     | job0 | route.detailed       | 0 | [INFO DRT-0028]   Complete FR_MASTERSLICE.
| INFO     | job0 | route.detailed       | 0 | [INFO DRT-0028]   Complete licon.
| INFO     | job0 | route.detailed       | 0 | [INFO DRT-0028]   Complete li1.
| INFO     | job0 | route.detailed       | 0 | [INFO DRT-0028]   Complete mcon.
| INFO     | job0 | route.detailed       | 0 | [INFO DRT-0028]   Complete met1.
| INFO     | job0 | route.detailed       | 0 | [INFO DRT-0028]   Complete via.
| INFO     | job0 | route.detailed       | 0 | [INFO DRT-0028]   Complete met2.
| INFO     | job0 | route.detailed       | 0 | [INFO DRT-0028]   Complete via2.
| INFO     | job0 | route.detailed       | 0 | [INFO DRT-0028]   Complete met3.
| INFO     | job0 | route.detailed       | 0 | [INFO DRT-0028]   Complete via3.
| INFO     | job0 | route.detailed       | 0 | [INFO DRT-0028]   Complete met4.
| INFO     | job0 | route.detailed       | 0 | [INFO DRT-0028]   Complete via4.
| INFO     | job0 | route.detailed       | 0 | [INFO DRT-0028]   Complete met5.
| INFO     | job0 | route.detailed       | 0 | [INFO DRT-0178] Init guide query.
| INFO     | job0 | route.detailed       | 0 | [INFO DRT-0035]   Complete FR_MASTERSLICE (guide).
| INFO     | job0 | route.detailed       | 0 | [INFO DRT-0035]   Complete licon (guide).
| INFO     | job0 | route.detailed       | 0 | [INFO DRT-0035]   Complete li1 (guide).
| INFO     | job0 | route.detailed       | 0 | [INFO DRT-0035]   Complete mcon (guide).
| INFO     | job0 | route.detailed       | 0 | [INFO DRT-0035]   Complete met1 (guide).
| INFO     | job0 | route.detailed       | 0 | [INFO DRT-0035]   Complete via (guide).
| INFO     | job0 | route.detailed       | 0 | [INFO DRT-0035]   Complete met2 (guide).
| INFO     | job0 | route.detailed       | 0 | [INFO DRT-0035]   Complete via2 (guide).
| INFO     | job0 | route.detailed       | 0 | [INFO DRT-0035]   Complete met3 (guide).
| INFO     | job0 | route.detailed       | 0 | [INFO DRT-0035]   Complete via3 (guide).
| INFO     | job0 | route.detailed       | 0 | [INFO DRT-0035]   Complete met4 (guide).
| INFO     | job0 | route.detailed       | 0 | [INFO DRT-0035]   Complete via4 (guide).
| INFO     | job0 | route.detailed       | 0 | [INFO DRT-0035]   Complete met5 (guide).
| INFO     | job0 | route.detailed       | 0 | [INFO DRT-0036] FR_MASTERSLICE guide region query size = 0.
| INFO     | job0 | route.detailed       | 0 | [INFO DRT-0036] licon guide region query size = 0.
| INFO     | job0 | route.detailed       | 0 | [INFO DRT-0036] li1 guide region query size = 18390.
| INFO     | job0 | route.detailed       | 0 | [INFO DRT-0036] mcon guide region query size = 0.
| INFO     | job0 | route.detailed       | 0 | [INFO DRT-0036] met1 guide region query size = 16761.
| INFO     | job0 | route.detailed       | 0 | [INFO DRT-0036] via guide region query size = 0.
| INFO     | job0 | route.detailed       | 0 | [INFO DRT-0036] met2 guide region query size = 10120.
| INFO     | job0 | route.detailed       | 0 | [INFO DRT-0036] via2 guide region query size = 0.
| INFO     | job0 | route.detailed       | 0 | [INFO DRT-0036] met3 guide region query size = 2199.
| INFO     | job0 | route.detailed       | 0 | [INFO DRT-0036] via3 guide region query size = 0.
| INFO     | job0 | route.detailed       | 0 | [INFO DRT-0036] met4 guide region query size = 584.
| INFO     | job0 | route.detailed       | 0 | [INFO DRT-0036] via4 guide region query size = 0.
| INFO     | job0 | route.detailed       | 0 | [INFO DRT-0036] met5 guide region query size = 53.
| INFO     | job0 | route.detailed       | 0 | [INFO DRT-0179] Init gr pin query.
| INFO     | job0 | route.detailed       | 0 | [INFO DRT-0267] cpu time = 00:00:02, elapsed time = 00:00:00, memory = 452.86 (MB), peak = 452.86 (MB)
| INFO     | job0 | route.detailed       | 0 | [INFO DRT-0185] Post process initialize RPin region query.
| INFO     | job0 | route.detailed       | 0 | [INFO DRT-0181] Start track assignment.
| INFO     | job0 | route.detailed       | 0 | [INFO DRT-0184] Done with 29094 vertical wires in 4 frboxes and 19013 horizontal wires in 4 frboxes.
| INFO     | job0 | route.detailed       | 0 | [INFO DRT-0186] Done with 3146 vertical wires in 4 frboxes and 5210 horizontal wires in 4 frboxes.
| INFO     | job0 | route.detailed       | 0 | [INFO DRT-0182] Complete track assignment.
| INFO     | job0 | route.detailed       | 0 | [INFO DRT-0267] cpu time = 00:00:19, elapsed time = 00:00:07, memory = 921.33 (MB), peak = 997.32 (MB)
| INFO     | job0 | route.detailed       | 0 | [INFO DRT-0187] Start routing data preparation.
| INFO     | job0 | route.detailed       | 0 | [INFO DRT-0267] cpu time = 00:00:00, elapsed time = 00:00:00, memory = 921.33 (MB), peak = 997.32 (MB)
| INFO     | job0 | route.detailed       | 0 | [INFO DRT-0194] Start detail routing.
| INFO     | job0 | route.detailed       | 0 | [INFO DRT-0195] Start 0th optimization iteration.
| INFO     | job0 | route.detailed       | 0 |     Completing 10% with 0 violations.
| INFO     | job0 | route.detailed       | 0 |     elapsed time = 00:00:00, memory = 921.33 (MB).
| INFO     | job0 | route.detailed       | 0 |     Completing 20% with 0 violations.
| INFO     | job0 | route.detailed       | 0 |     elapsed time = 00:00:00, memory = 1136.96 (MB).
| INFO     | job0 | route.detailed       | 0 |     Completing 30% with 529 violations.
| INFO     | job0 | route.detailed       | 0 |     elapsed time = 00:00:09, memory = 1270.80 (MB).
| INFO     | job0 | route.detailed       | 0 |     Completing 40% with 529 violations.
| INFO     | job0 | route.detailed       | 0 |     elapsed time = 00:00:09, memory = 1270.80 (MB).
| INFO     | job0 | route.detailed       | 0 |     Completing 50% with 529 violations.
| INFO     | job0 | route.detailed       | 0 |     elapsed time = 00:00:15, memory = 1528.30 (MB).
| INFO     | job0 | route.detailed       | 0 |     Completing 60% with 1113 violations.
| INFO     | job0 | route.detailed       | 0 |     elapsed time = 00:00:19, memory = 1392.32 (MB).
| INFO     | job0 | route.detailed       | 0 |     Completing 70% with 1113 violations.
| INFO     | job0 | route.detailed       | 0 |     elapsed time = 00:00:19, memory = 1417.17 (MB).
| INFO     | job0 | route.detailed       | 0 |     Completing 80% with 1662 violations.
| INFO     | job0 | route.detailed       | 0 |     elapsed time = 00:00:35, memory = 1440.52 (MB).
| INFO     | job0 | route.detailed       | 0 |     Completing 90% with 1662 violations.
| INFO     | job0 | route.detailed       | 0 |     elapsed time = 00:00:35, memory = 1444.27 (MB).
| INFO     | job0 | route.detailed       | 0 |     Completing 100% with 2287 violations.
| INFO     | job0 | route.detailed       | 0 |     elapsed time = 00:00:47, memory = 1535.02 (MB).
| INFO     | job0 | route.detailed       | 0 | [INFO DRT-0199]   Number of violations = 3048.
| INFO     | job0 | route.detailed       | 0 | Viol/Layer         li1   mcon   met1   met2   met3   met4   via4   met5
| INFO     | job0 | route.detailed       | 0 | Cut Spacing          0      9      0      0      0      0      0      0
| INFO     | job0 | route.detailed       | 0 | Metal Spacing        0      0    819     68     16     10      0     15
| INFO     | job0 | route.detailed       | 0 | Min Hole             0      0      6      0      0      0      0      0
| INFO     | job0 | route.detailed       | 0 | NS Metal             0      0      1      0      0      0      0      0
| INFO     | job0 | route.detailed       | 0 | Recheck              2      0    496    223     10     25      0      5
| INFO     | job0 | route.detailed       | 0 | Short                0      2   1219     98     22      1      1      0
| INFO     | job0 | route.detailed       | 0 | [INFO DRT-0267] cpu time = 00:10:03, elapsed time = 00:00:48, memory = 1857.36 (MB), peak = 1857.36 (MB)
| INFO     | job0 | route.detailed       | 0 | Total wire length = 319089 um.
| INFO     | job0 | route.detailed       | 0 | Total wire length on LAYER li1 = 0 um.
| INFO     | job0 | route.detailed       | 0 | Total wire length on LAYER met1 = 105922 um.
| INFO     | job0 | route.detailed       | 0 | Total wire length on LAYER met2 = 133605 um.
| INFO     | job0 | route.detailed       | 0 | Total wire length on LAYER met3 = 55522 um.
| INFO     | job0 | route.detailed       | 0 | Total wire length on LAYER met4 = 22501 um.
| INFO     | job0 | route.detailed       | 0 | Total wire length on LAYER met5 = 1537 um.
| INFO     | job0 | route.detailed       | 0 | Total number of vias = 53283.
| INFO     | job0 | route.detailed       | 0 | Up-via summary (total 53283):
| INFO     | job0 | route.detailed       | 0 | 
| INFO     | job0 | route.detailed       | 0 | ------------------------
| INFO     | job0 | route.detailed       | 0 |  FR_MASTERSLICE        0
| INFO     | job0 | route.detailed       | 0 |             li1    23144
| INFO     | job0 | route.detailed       | 0 |            met1    25887
| INFO     | job0 | route.detailed       | 0 |            met2     3226
| INFO     | job0 | route.detailed       | 0 |            met3      946
| INFO     | job0 | route.detailed       | 0 |            met4       80
| INFO     | job0 | route.detailed       | 0 | ------------------------
| INFO     | job0 | route.detailed       | 0 |                53283
| INFO     | job0 | route.detailed       | 0 | 
| INFO     | job0 | route.detailed       | 0 | 
| INFO     | job0 | route.detailed       | 0 | [INFO DRT-0195] Start 1st optimization iteration.
| INFO     | job0 | route.detailed       | 0 |     Completing 10% with 3048 violations.
| INFO     | job0 | route.detailed       | 0 |     elapsed time = 00:00:00, memory = 1857.36 (MB).
| INFO     | job0 | route.detailed       | 0 |     Completing 20% with 3048 violations.
| INFO     | job0 | route.detailed       | 0 |     elapsed time = 00:00:00, memory = 1871.27 (MB).
| INFO     | job0 | route.detailed       | 0 |     Completing 30% with 2594 violations.
| INFO     | job0 | route.detailed       | 0 |     elapsed time = 00:00:14, memory = 1884.56 (MB).
| INFO     | job0 | route.detailed       | 0 |     Completing 40% with 2594 violations.
| INFO     | job0 | route.detailed       | 0 |     elapsed time = 00:00:14, memory = 1884.56 (MB).
| INFO     | job0 | route.detailed       | 0 |     Completing 50% with 2594 violations.
| INFO     | job0 | route.detailed       | 0 |     elapsed time = 00:00:20, memory = 1938.16 (MB).
| INFO     | job0 | route.detailed       | 0 |     Completing 60% with 2220 violations.
| INFO     | job0 | route.detailed       | 0 |     elapsed time = 00:00:24, memory = 1906.55 (MB).
| INFO     | job0 | route.detailed       | 0 |     Completing 70% with 2220 violations.
| INFO     | job0 | route.detailed       | 0 |     elapsed time = 00:00:24, memory = 1906.55 (MB).
| INFO     | job0 | route.detailed       | 0 |     Completing 80% with 1849 violations.
| INFO     | job0 | route.detailed       | 0 |     elapsed time = 00:00:36, memory = 1914.03 (MB).
| INFO     | job0 | route.detailed       | 0 |     Completing 90% with 1849 violations.
| INFO     | job0 | route.detailed       | 0 |     elapsed time = 00:00:37, memory = 1914.03 (MB).
| INFO     | job0 | route.detailed       | 0 |     Completing 100% with 1429 violations.
| INFO     | job0 | route.detailed       | 0 |     elapsed time = 00:00:54, memory = 1936.66 (MB).
| INFO     | job0 | route.detailed       | 0 | [INFO DRT-0199]   Number of violations = 1431.
| INFO     | job0 | route.detailed       | 0 | Viol/Layer        mcon   met1   met2   met3   met5
| INFO     | job0 | route.detailed       | 0 | Cut Spacing          7      0      0      0      0
| INFO     | job0 | route.detailed       | 0 | Metal Spacing        0    464     30      5      3
| INFO     | job0 | route.detailed       | 0 | Min Hole             0      1      0      0      0
| INFO     | job0 | route.detailed       | 0 | Recheck              0      2      0      0      0
| INFO     | job0 | route.detailed       | 0 | Short                0    877     41      1      0
| INFO     | job0 | route.detailed       | 0 | [INFO DRT-0267] cpu time = 00:10:04, elapsed time = 00:00:55, memory = 1939.63 (MB), peak = 1951.08 (MB)
| INFO     | job0 | route.detailed       | 0 | Total wire length = 317055 um.
| INFO     | job0 | route.detailed       | 0 | Total wire length on LAYER li1 = 0 um.
| INFO     | job0 | route.detailed       | 0 | Total wire length on LAYER met1 = 105341 um.
| INFO     | job0 | route.detailed       | 0 | Total wire length on LAYER met2 = 132646 um.
| INFO     | job0 | route.detailed       | 0 | Total wire length on LAYER met3 = 55222 um.
| INFO     | job0 | route.detailed       | 0 | Total wire length on LAYER met4 = 22399 um.
| INFO     | job0 | route.detailed       | 0 | Total wire length on LAYER met5 = 1444 um.
| INFO     | job0 | route.detailed       | 0 | Total number of vias = 52652.
| INFO     | job0 | route.detailed       | 0 | Up-via summary (total 52652):
| INFO     | job0 | route.detailed       | 0 | 
| INFO     | job0 | route.detailed       | 0 | ------------------------
| INFO     | job0 | route.detailed       | 0 |  FR_MASTERSLICE        0
| INFO     | job0 | route.detailed       | 0 |             li1    23124
| INFO     | job0 | route.detailed       | 0 |            met1    25440
| INFO     | job0 | route.detailed       | 0 |            met2     3109
| INFO     | job0 | route.detailed       | 0 |            met3      912
| INFO     | job0 | route.detailed       | 0 |            met4       67
| INFO     | job0 | route.detailed       | 0 | ------------------------
| INFO     | job0 | route.detailed       | 0 |                52652
| INFO     | job0 | route.detailed       | 0 | 
| INFO     | job0 | route.detailed       | 0 | 
| INFO     | job0 | route.detailed       | 0 | [INFO DRT-0195] Start 2nd optimization iteration.
| INFO     | job0 | route.detailed       | 0 |     Completing 10% with 1431 violations.
| INFO     | job0 | route.detailed       | 0 |     elapsed time = 00:00:00, memory = 1939.63 (MB).
| INFO     | job0 | route.detailed       | 0 |     Completing 20% with 1431 violations.
| INFO     | job0 | route.detailed       | 0 |     elapsed time = 00:00:00, memory = 1939.63 (MB).
| INFO     | job0 | route.detailed       | 0 |     Completing 30% with 1320 violations.
| INFO     | job0 | route.detailed       | 0 |     elapsed time = 00:00:14, memory = 1942.77 (MB).
| INFO     | job0 | route.detailed       | 0 |     Completing 40% with 1320 violations.
| INFO     | job0 | route.detailed       | 0 |     elapsed time = 00:00:14, memory = 1942.77 (MB).
| INFO     | job0 | route.detailed       | 0 |     Completing 50% with 1320 violations.
| INFO     | job0 | route.detailed       | 0 |     elapsed time = 00:00:28, memory = 1961.05 (MB).
| INFO     | job0 | route.detailed       | 0 |     Completing 60% with 1134 violations.
| INFO     | job0 | route.detailed       | 0 |     elapsed time = 00:00:29, memory = 1961.05 (MB).
| INFO     | job0 | route.detailed       | 0 |     Completing 70% with 1134 violations.
| INFO     | job0 | route.detailed       | 0 |     elapsed time = 00:00:29, memory = 1961.05 (MB).
| INFO     | job0 | route.detailed       | 0 |     Completing 80% with 1161 violations.
| INFO     | job0 | route.detailed       | 0 |     elapsed time = 00:00:40, memory = 1961.41 (MB).
| INFO     | job0 | route.detailed       | 0 |     Completing 90% with 1161 violations.
| INFO     | job0 | route.detailed       | 0 |     elapsed time = 00:00:40, memory = 1961.41 (MB).
| INFO     | job0 | route.detailed       | 0 |     Completing 100% with 1176 violations.
| INFO     | job0 | route.detailed       | 0 |     elapsed time = 00:00:51, memory = 1964.06 (MB).
| INFO     | job0 | route.detailed       | 0 | [INFO DRT-0199]   Number of violations = 1176.
| INFO     | job0 | route.detailed       | 0 | Viol/Layer        mcon   met1   met2   met3   met4   met5
| INFO     | job0 | route.detailed       | 0 | Cut Spacing          3      0      0      0      0      0
| INFO     | job0 | route.detailed       | 0 | Metal Spacing        0    395     30      4      2      1
| INFO     | job0 | route.detailed       | 0 | Short                0    714     26      1      0      0
| INFO     | job0 | route.detailed       | 0 | [INFO DRT-0267] cpu time = 00:09:08, elapsed time = 00:00:51, memory = 1964.06 (MB), peak = 2032.45 (MB)
| INFO     | job0 | route.detailed       | 0 | Total wire length = 316748 um.
| INFO     | job0 | route.detailed       | 0 | Total wire length on LAYER li1 = 0 um.
| INFO     | job0 | route.detailed       | 0 | Total wire length on LAYER met1 = 105257 um.
| INFO     | job0 | route.detailed       | 0 | Total wire length on LAYER met2 = 132380 um.
| INFO     | job0 | route.detailed       | 0 | Total wire length on LAYER met3 = 55233 um.
| INFO     | job0 | route.detailed       | 0 | Total wire length on LAYER met4 = 22419 um.
| INFO     | job0 | route.detailed       | 0 | Total wire length on LAYER met5 = 1457 um.
| INFO     | job0 | route.detailed       | 0 | Total number of vias = 52586.
| INFO     | job0 | route.detailed       | 0 | Up-via summary (total 52586):
| INFO     | job0 | route.detailed       | 0 | 
| INFO     | job0 | route.detailed       | 0 | ------------------------
| INFO     | job0 | route.detailed       | 0 |  FR_MASTERSLICE        0
| INFO     | job0 | route.detailed       | 0 |             li1    23130
| INFO     | job0 | route.detailed       | 0 |            met1    25344
| INFO     | job0 | route.detailed       | 0 |            met2     3126
| INFO     | job0 | route.detailed       | 0 |            met3      919
| INFO     | job0 | route.detailed       | 0 |            met4       67
| INFO     | job0 | route.detailed       | 0 | ------------------------
| INFO     | job0 | route.detailed       | 0 |                52586
| INFO     | job0 | route.detailed       | 0 | 
| INFO     | job0 | route.detailed       | 0 | 
| INFO     | job0 | route.detailed       | 0 | [INFO DRT-0195] Start 3rd optimization iteration.
| INFO     | job0 | route.detailed       | 0 |     Completing 10% with 1176 violations.
| INFO     | job0 | route.detailed       | 0 |     elapsed time = 00:00:00, memory = 1964.06 (MB).
| INFO     | job0 | route.detailed       | 0 |     Completing 20% with 1176 violations.
| INFO     | job0 | route.detailed       | 0 |     elapsed time = 00:00:00, memory = 1964.06 (MB).
| INFO     | job0 | route.detailed       | 0 |     Completing 30% with 966 violations.
| INFO     | job0 | route.detailed       | 0 |     elapsed time = 00:00:11, memory = 1977.64 (MB).
| INFO     | job0 | route.detailed       | 0 |     Completing 40% with 966 violations.
| INFO     | job0 | route.detailed       | 0 |     elapsed time = 00:00:11, memory = 1977.64 (MB).
| INFO     | job0 | route.detailed       | 0 |     Completing 50% with 966 violations.
| INFO     | job0 | route.detailed       | 0 |     elapsed time = 00:00:14, memory = 2040.61 (MB).
| INFO     | job0 | route.detailed       | 0 |     Completing 60% with 702 violations.
| INFO     | job0 | route.detailed       | 0 |     elapsed time = 00:00:28, memory = 1984.64 (MB).
| INFO     | job0 | route.detailed       | 0 |     Completing 70% with 702 violations.
| INFO     | job0 | route.detailed       | 0 |     elapsed time = 00:00:28, memory = 1984.64 (MB).
| INFO     | job0 | route.detailed       | 0 |     Completing 80% with 417 violations.
| INFO     | job0 | route.detailed       | 0 |     elapsed time = 00:00:42, memory = 1984.76 (MB).
| INFO     | job0 | route.detailed       | 0 |     Completing 90% with 417 violations.
| INFO     | job0 | route.detailed       | 0 |     elapsed time = 00:00:42, memory = 1984.76 (MB).
| INFO     | job0 | route.detailed       | 0 |     Completing 100% with 213 violations.
| INFO     | job0 | route.detailed       | 0 |     elapsed time = 00:00:54, memory = 1986.17 (MB).
| INFO     | job0 | route.detailed       | 0 | [INFO DRT-0199]   Number of violations = 213.
| INFO     | job0 | route.detailed       | 0 | Viol/Layer        mcon   met1   met2
| INFO     | job0 | route.detailed       | 0 | Cut Spacing          1      0      0
| INFO     | job0 | route.detailed       | 0 | Metal Spacing        0     69     13
| INFO     | job0 | route.detailed       | 0 | Short                0    128      2
| INFO     | job0 | route.detailed       | 0 | [INFO DRT-0267] cpu time = 00:06:38, elapsed time = 00:00:55, memory = 1986.17 (MB), peak = 2073.58 (MB)
| INFO     | job0 | route.detailed       | 0 | Total wire length = 316645 um.
| INFO     | job0 | route.detailed       | 0 | Total wire length on LAYER li1 = 0 um.
| INFO     | job0 | route.detailed       | 0 | Total wire length on LAYER met1 = 103504 um.
| INFO     | job0 | route.detailed       | 0 | Total wire length on LAYER met2 = 132700 um.
| INFO     | job0 | route.detailed       | 0 | Total wire length on LAYER met3 = 56612 um.
| INFO     | job0 | route.detailed       | 0 | Total wire length on LAYER met4 = 22375 um.
| INFO     | job0 | route.detailed       | 0 | Total wire length on LAYER met5 = 1452 um.
| INFO     | job0 | route.detailed       | 0 | Total number of vias = 53066.
| INFO     | job0 | route.detailed       | 0 | Up-via summary (total 53066):
| INFO     | job0 | route.detailed       | 0 | 
| INFO     | job0 | route.detailed       | 0 | ------------------------
| INFO     | job0 | route.detailed       | 0 |  FR_MASTERSLICE        0
| INFO     | job0 | route.detailed       | 0 |             li1    23120
| INFO     | job0 | route.detailed       | 0 |            met1    25512
| INFO     | job0 | route.detailed       | 0 |            met2     3451
| INFO     | job0 | route.detailed       | 0 |            met3      916
| INFO     | job0 | route.detailed       | 0 |            met4       67
| INFO     | job0 | route.detailed       | 0 | ------------------------
| INFO     | job0 | route.detailed       | 0 |                53066
| INFO     | job0 | route.detailed       | 0 | 
| INFO     | job0 | route.detailed       | 0 | 
| INFO     | job0 | route.detailed       | 0 | [INFO DRT-0195] Start 4th optimization iteration.
| INFO     | job0 | route.detailed       | 0 |     Completing 10% with 213 violations.
| INFO     | job0 | route.detailed       | 0 |     elapsed time = 00:00:00, memory = 1986.17 (MB).
| INFO     | job0 | route.detailed       | 0 |     Completing 20% with 213 violations.
| INFO     | job0 | route.detailed       | 0 |     elapsed time = 00:00:00, memory = 1986.17 (MB).
| INFO     | job0 | route.detailed       | 0 |     Completing 30% with 175 violations.
| INFO     | job0 | route.detailed       | 0 |     elapsed time = 00:00:02, memory = 1986.17 (MB).
| INFO     | job0 | route.detailed       | 0 |     Completing 40% with 175 violations.
| INFO     | job0 | route.detailed       | 0 |     elapsed time = 00:00:02, memory = 1986.17 (MB).
| INFO     | job0 | route.detailed       | 0 |     Completing 50% with 175 violations.
| INFO     | job0 | route.detailed       | 0 |     elapsed time = 00:00:02, memory = 1986.17 (MB).
| INFO     | job0 | route.detailed       | 0 |     Completing 60% with 125 violations.
| INFO     | job0 | route.detailed       | 0 |     elapsed time = 00:00:09, memory = 1987.43 (MB).
| INFO     | job0 | route.detailed       | 0 |     Completing 70% with 125 violations.
| INFO     | job0 | route.detailed       | 0 |     elapsed time = 00:00:09, memory = 1987.43 (MB).
| INFO     | job0 | route.detailed       | 0 |     Completing 80% with 110 violations.
| INFO     | job0 | route.detailed       | 0 |     elapsed time = 00:00:12, memory = 1987.47 (MB).
| INFO     | job0 | route.detailed       | 0 |     Completing 90% with 110 violations.
| INFO     | job0 | route.detailed       | 0 |     elapsed time = 00:00:12, memory = 1987.47 (MB).
| INFO     | job0 | route.detailed       | 0 |     Completing 100% with 37 violations.
| INFO     | job0 | route.detailed       | 0 |     elapsed time = 00:00:27, memory = 1980.64 (MB).
| INFO     | job0 | route.detailed       | 0 | [INFO DRT-0199]   Number of violations = 37.
| INFO     | job0 | route.detailed       | 0 | Viol/Layer        mcon   met1
| INFO     | job0 | route.detailed       | 0 | Cut Spacing          2      0
| INFO     | job0 | route.detailed       | 0 | Metal Spacing        0     21
| INFO     | job0 | route.detailed       | 0 | Short                0     14
| INFO     | job0 | route.detailed       | 0 | [INFO DRT-0267] cpu time = 00:01:10, elapsed time = 00:00:27, memory = 1980.64 (MB), peak = 2073.58 (MB)
| INFO     | job0 | route.detailed       | 0 | Total wire length = 316646 um.
| INFO     | job0 | route.detailed       | 0 | Total wire length on LAYER li1 = 0 um.
| INFO     | job0 | route.detailed       | 0 | Total wire length on LAYER met1 = 103415 um.
| INFO     | job0 | route.detailed       | 0 | Total wire length on LAYER met2 = 132731 um.
| INFO     | job0 | route.detailed       | 0 | Total wire length on LAYER met3 = 56692 um.
| INFO     | job0 | route.detailed       | 0 | Total wire length on LAYER met4 = 22353 um.
| INFO     | job0 | route.detailed       | 0 | Total wire length on LAYER met5 = 1452 um.
| INFO     | job0 | route.detailed       | 0 | Total number of vias = 53126.
| INFO     | job0 | route.detailed       | 0 | Up-via summary (total 53126):
| INFO     | job0 | route.detailed       | 0 | 
| INFO     | job0 | route.detailed       | 0 | ------------------------
| INFO     | job0 | route.detailed       | 0 |  FR_MASTERSLICE        0
| INFO     | job0 | route.detailed       | 0 |             li1    23120
| INFO     | job0 | route.detailed       | 0 |            met1    25559
| INFO     | job0 | route.detailed       | 0 |            met2     3465
| INFO     | job0 | route.detailed       | 0 |            met3      915
| INFO     | job0 | route.detailed       | 0 |            met4       67
| INFO     | job0 | route.detailed       | 0 | ------------------------
| INFO     | job0 | route.detailed       | 0 |                53126
| INFO     | job0 | route.detailed       | 0 | 
| INFO     | job0 | route.detailed       | 0 | 
| INFO     | job0 | route.detailed       | 0 | [INFO DRT-0195] Start 5th optimization iteration.
| INFO     | job0 | route.detailed       | 0 |     Completing 10% with 37 violations.
| INFO     | job0 | route.detailed       | 0 |     elapsed time = 00:00:00, memory = 1980.64 (MB).
| INFO     | job0 | route.detailed       | 0 |     Completing 20% with 37 violations.
| INFO     | job0 | route.detailed       | 0 |     elapsed time = 00:00:00, memory = 1980.64 (MB).
| INFO     | job0 | route.detailed       | 0 |     Completing 30% with 24 violations.
| INFO     | job0 | route.detailed       | 0 |     elapsed time = 00:00:01, memory = 1982.99 (MB).
| INFO     | job0 | route.detailed       | 0 |     Completing 40% with 24 violations.
| INFO     | job0 | route.detailed       | 0 |     elapsed time = 00:00:01, memory = 1982.99 (MB).
| INFO     | job0 | route.detailed       | 0 |     Completing 50% with 24 violations.
| INFO     | job0 | route.detailed       | 0 |     elapsed time = 00:00:01, memory = 1982.99 (MB).
| INFO     | job0 | route.detailed       | 0 |     Completing 60% with 17 violations.
| INFO     | job0 | route.detailed       | 0 |     elapsed time = 00:00:03, memory = 1982.99 (MB).
| INFO     | job0 | route.detailed       | 0 |     Completing 70% with 17 violations.
| INFO     | job0 | route.detailed       | 0 |     elapsed time = 00:00:03, memory = 1982.99 (MB).
| INFO     | job0 | route.detailed       | 0 |     Completing 80% with 15 violations.
| INFO     | job0 | route.detailed       | 0 |     elapsed time = 00:00:04, memory = 1982.99 (MB).
| INFO     | job0 | route.detailed       | 0 |     Completing 90% with 15 violations.
| INFO     | job0 | route.detailed       | 0 |     elapsed time = 00:00:04, memory = 1982.99 (MB).
| INFO     | job0 | route.detailed       | 0 |     Completing 100% with 0 violations.
| INFO     | job0 | route.detailed       | 0 |     elapsed time = 00:00:06, memory = 1982.99 (MB).
| INFO     | job0 | route.detailed       | 0 | [INFO DRT-0199]   Number of violations = 0.
| INFO     | job0 | route.detailed       | 0 | [INFO DRT-0267] cpu time = 00:00:15, elapsed time = 00:00:06, memory = 1982.99 (MB), peak = 2073.58 (MB)
| INFO     | job0 | route.detailed       | 0 | Total wire length = 316646 um.
| INFO     | job0 | route.detailed       | 0 | Total wire length on LAYER li1 = 0 um.
| INFO     | job0 | route.detailed       | 0 | Total wire length on LAYER met1 = 103379 um.
| INFO     | job0 | route.detailed       | 0 | Total wire length on LAYER met2 = 132743 um.
| INFO     | job0 | route.detailed       | 0 | Total wire length on LAYER met3 = 56716 um.
| INFO     | job0 | route.detailed       | 0 | Total wire length on LAYER met4 = 22353 um.
| INFO     | job0 | route.detailed       | 0 | Total wire length on LAYER met5 = 1452 um.
| INFO     | job0 | route.detailed       | 0 | Total number of vias = 53127.
| INFO     | job0 | route.detailed       | 0 | Up-via summary (total 53127):
| INFO     | job0 | route.detailed       | 0 | 
| INFO     | job0 | route.detailed       | 0 | ------------------------
| INFO     | job0 | route.detailed       | 0 |  FR_MASTERSLICE        0
| INFO     | job0 | route.detailed       | 0 |             li1    23119
| INFO     | job0 | route.detailed       | 0 |            met1    25557
| INFO     | job0 | route.detailed       | 0 |            met2     3469
| INFO     | job0 | route.detailed       | 0 |            met3      915
| INFO     | job0 | route.detailed       | 0 |            met4       67
| INFO     | job0 | route.detailed       | 0 | ------------------------
| INFO     | job0 | route.detailed       | 0 |                53127
| INFO     | job0 | route.detailed       | 0 | 
| INFO     | job0 | route.detailed       | 0 | 
| INFO     | job0 | route.detailed       | 0 | [INFO DRT-0198] Complete detail routing.
| INFO     | job0 | route.detailed       | 0 | Total wire length = 316646 um.
| INFO     | job0 | route.detailed       | 0 | Total wire length on LAYER li1 = 0 um.
| INFO     | job0 | route.detailed       | 0 | Total wire length on LAYER met1 = 103379 um.
| INFO     | job0 | route.detailed       | 0 | Total wire length on LAYER met2 = 132743 um.
| INFO     | job0 | route.detailed       | 0 | Total wire length on LAYER met3 = 56716 um.
| INFO     | job0 | route.detailed       | 0 | Total wire length on LAYER met4 = 22353 um.
| INFO     | job0 | route.detailed       | 0 | Total wire length on LAYER met5 = 1452 um.
| INFO     | job0 | route.detailed       | 0 | Total number of vias = 53127.
| INFO     | job0 | route.detailed       | 0 | Up-via summary (total 53127):
| INFO     | job0 | route.detailed       | 0 | 
| INFO     | job0 | route.detailed       | 0 | ------------------------
| INFO     | job0 | route.detailed       | 0 |  FR_MASTERSLICE        0
| INFO     | job0 | route.detailed       | 0 |             li1    23119
| INFO     | job0 | route.detailed       | 0 |            met1    25557
| INFO     | job0 | route.detailed       | 0 |            met2     3469
| INFO     | job0 | route.detailed       | 0 |            met3      915
| INFO     | job0 | route.detailed       | 0 |            met4       67
| INFO     | job0 | route.detailed       | 0 | ------------------------
| INFO     | job0 | route.detailed       | 0 |                53127
| INFO     | job0 | route.detailed       | 0 | 
| INFO     | job0 | route.detailed       | 0 | 
| INFO     | job0 | route.detailed       | 0 | [INFO DRT-0267] cpu time = 00:37:20, elapsed time = 00:04:06, memory = 1982.99 (MB), peak = 2073.58 (MB)
| INFO     | job0 | route.detailed       | 0 | 
| INFO     | job0 | route.detailed       | 0 | [INFO DRT-0180] Post processing.
| INFO     | job0 | route.detailed       | 0 | [INFO FLW-0001] Deleted 0 routing obstructions
| INFO     | job0 | route.detailed       | 0 | [WARNING EST-0026] Missing route to pin _5804_/A1 in net _1685_.
| INFO     | job0 | route.detailed       | 0 | [WARNING EST-0026] Missing route to pin _5804_/A1 in net _1685_.
| INFO     | job0 | route.detailed       | 0 | [WARNING EST-0026] Missing route to pin _5804_/A1 in net _1685_.
| INFO     | job0 | route.detailed       | 0 | [WARNING EST-0026] Missing route to pin _6656_/S0 in net net257.
| INFO     | job0 | route.detailed       | 0 | [WARNING EST-0026] Missing route to pin _6048_/S0 in net net257.
| INFO     | job0 | route.detailed       | 0 | [WARNING EST-0026] Missing route to pin _6042_/S0 in net net257.
| INFO     | job0 | route.detailed       | 0 | [WARNING EST-0026] Missing route to pin _6656_/S0 in net net257.
| INFO     | job0 | route.detailed       | 0 | [WARNING EST-0026] Missing route to pin _6048_/S0 in net net257.
| INFO     | job0 | route.detailed       | 0 | [WARNING EST-0026] Missing route to pin _6042_/S0 in net net257.
| INFO     | job0 | route.detailed       | 0 | [WARNING EST-0026] Missing route to pin _6656_/S0 in net net257.
| INFO     | job0 | route.detailed       | 0 | [WARNING EST-0026] Missing route to pin _6048_/S0 in net net257.
| INFO     | job0 | route.detailed       | 0 | [WARNING EST-0026] Missing route to pin _6042_/S0 in net net257.
| INFO     | job0 | route.detailed       | 0 | [WARNING EST-0026] Missing route to pin _6324_/S0 in net net255.
| INFO     | job0 | route.detailed       | 0 | [WARNING EST-0026] Missing route to pin _6324_/S0 in net net255.
| INFO     | job0 | route.detailed       | 0 | [WARNING EST-0026] Missing route to pin _6324_/S0 in net net255.
| INFO     | job0 | route.detailed       | 0 | [WARNING EST-0026] Missing route to pin _7681_/S0 in net net256.
| INFO     | job0 | route.detailed       | 0 | [WARNING EST-0026] Missing route to pin _6573_/S0 in net net256.
| INFO     | job0 | route.detailed       | 0 | [WARNING EST-0026] Missing route to pin _7681_/S0 in net net256.
| INFO     | job0 | route.detailed       | 0 | [WARNING EST-0026] Missing route to pin _6573_/S0 in net net256.
| INFO     | job0 | route.detailed       | 0 | [WARNING EST-0026] Missing route to pin _7681_/S0 in net net256.
| INFO     | job0 | route.detailed       | 0 | [WARNING EST-0026] Missing route to pin _6573_/S0 in net net256.
| INFO     | job0 | route.detailed       | 0 | [WARNING EST-0026] Missing route to pin _6110_/S0 in net net258.
| INFO     | job0 | route.detailed       | 0 | [WARNING EST-0026] Missing route to pin _6110_/S0 in net net258.
| INFO     | job0 | route.detailed       | 0 | [WARNING EST-0026] Missing route to pin _6110_/S0 in net net258.
| INFO     | job0 | route.detailed       | 0 | [WARNING EST-0026] Missing route to pin _7431_/S0 in net net246.
| INFO     | job0 | route.detailed       | 0 | [WARNING EST-0026] Missing route to pin _5339_/S0 in net net246.
| INFO     | job0 | route.detailed       | 0 | [WARNING EST-0026] Missing route to pin _7431_/S0 in net net246.
| INFO     | job0 | route.detailed       | 0 | [WARNING EST-0026] Missing route to pin _5339_/S0 in net net246.
| INFO     | job0 | route.detailed       | 0 | [WARNING EST-0026] Missing route to pin _7431_/S0 in net net246.
| INFO     | job0 | route.detailed       | 0 | [WARNING EST-0026] Missing route to pin _5339_/S0 in net net246.
| INFO     | job0 | route.detailed       | 0 | [WARNING EST-0026] Missing route to pin _6788_/S0 in net net247.
| INFO     | job0 | route.detailed       | 0 | [WARNING EST-0026] Missing route to pin _5411_/S0 in net net247.
| INFO     | job0 | route.detailed       | 0 | [WARNING EST-0026] Missing route to pin _6788_/S0 in net net247.
| INFO     | job0 | route.detailed       | 0 | [WARNING EST-0026] Missing route to pin _5411_/S0 in net net247.
| INFO     | job0 | route.detailed       | 0 | [WARNING EST-0026] Missing route to pin _6788_/S0 in net net247.
| INFO     | job0 | route.detailed       | 0 | [WARNING EST-0026] Missing route to pin _5411_/S0 in net net247.
| INFO     | job0 | route.detailed       | 0 | [WARNING EST-0026] Missing route to pin _5373_/S0 in net net248.
| INFO     | job0 | route.detailed       | 0 | [WARNING EST-0026] Missing route to pin _5373_/S0 in net net248.
| INFO     | job0 | route.detailed       | 0 | [WARNING EST-0026] Missing route to pin _5373_/S0 in net net248.
| INFO     | job0 | route.detailed       | 0 | [WARNING EST-0026] Missing route to pin _7977_/B1 in net _3645_.
| INFO     | job0 | route.detailed       | 0 | [WARNING EST-0026] Missing route to pin _7977_/B1 in net _3645_.
| INFO     | job0 | route.detailed       | 0 | [WARNING EST-0026] Missing route to pin _7977_/B1 in net _3645_.
| INFO     | job0 | route.detailed       | 0 | [WARNING EST-0026] Missing route to pin cpu\/cpuregs\[0\]\[26\]$_DFFE_PP_/Q in net cpu\/cpuregs\[0\]\[26\].
| INFO     | job0 | route.detailed       | 0 | [WARNING EST-0026] Missing route to pin cpu\/cpuregs\[0\]\[26\]$_DFFE_PP_/Q in net cpu\/cpuregs\[0\]\[26\].
| INFO     | job0 | route.detailed       | 0 | [WARNING EST-0026] Missing route to pin cpu\/cpuregs\[0\]\[26\]$_DFFE_PP_/Q in net cpu\/cpuregs\[0\]\[26\].
| INFO     | job0 | route.detailed       | 0 | [WARNING EST-0026] Missing route to pin cpu\/cpuregs\[11\]\[2\]$_DFFE_PP_/Q in net cpu\/cpuregs\[11\]\[2\].
| INFO     | job0 | route.detailed       | 0 | [WARNING EST-0026] Missing route to pin cpu\/cpuregs\[11\]\[2\]$_DFFE_PP_/Q in net cpu\/cpuregs\[11\]\[2\].
| INFO     | job0 | route.detailed       | 0 | [WARNING EST-0026] Missing route to pin cpu\/cpuregs\[11\]\[2\]$_DFFE_PP_/Q in net cpu\/cpuregs\[11\]\[2\].
| INFO     | job0 | route.detailed       | 0 | [WARNING EST-0026] Missing route to pin _6619_/A2 in net cpu\/cpuregs\[12\]\[7\].
| INFO     | job0 | route.detailed       | 0 | [WARNING EST-0026] Missing route to pin _6619_/A2 in net cpu\/cpuregs\[12\]\[7\].
| INFO     | job0 | route.detailed       | 0 | [WARNING EST-0026] Missing route to pin _6619_/A2 in net cpu\/cpuregs\[12\]\[7\].
| INFO     | job0 | route.detailed       | 0 | [WARNING EST-0026] Missing route to pin _5788_/A2 in net cpu\/cpuregs\[20\]\[16\].
| INFO     | job0 | route.detailed       | 0 | [WARNING EST-0026] Missing route to pin _5788_/A2 in net cpu\/cpuregs\[20\]\[16\].
| INFO     | job0 | route.detailed       | 0 | [WARNING EST-0026] Missing route to pin _5788_/A2 in net cpu\/cpuregs\[20\]\[16\].
| INFO     | job0 | route.detailed       | 0 | [WARNING EST-0026] Missing route to pin cpu\/cpuregs\[21\]\[12\]$_DFFE_PP_/Q in net cpu\/cpuregs\[21\]\[12\].
| INFO     | job0 | route.detailed       | 0 | [WARNING EST-0026] Missing route to pin cpu\/cpuregs\[21\]\[12\]$_DFFE_PP_/Q in net cpu\/cpuregs\[21\]\[12\].
| INFO     | job0 | route.detailed       | 0 | [WARNING EST-0026] Missing route to pin cpu\/cpuregs\[21\]\[12\]$_DFFE_PP_/Q in net cpu\/cpuregs\[21\]\[12\].
| INFO     | job0 | route.detailed       | 0 | [WARNING EST-0026] Missing route to pin _7506_/A2 in net cpu\/cpuregs\[28\]\[25\].
| INFO     | job0 | route.detailed       | 0 | [WARNING EST-0026] Missing route to pin _7506_/A2 in net cpu\/cpuregs\[28\]\[25\].
| INFO     | job0 | route.detailed       | 0 | [WARNING EST-0026] Missing route to pin _7506_/A2 in net cpu\/cpuregs\[28\]\[25\].
| INFO     | job0 | route.detailed       | 0 | [WARNING EST-0026] Missing route to pin cpu\/mem_rdata_q\[16\]$_DFFE_PP_/Q in net cpu\/mem_rdata_q\[16\].
| INFO     | job0 | route.detailed       | 0 | [WARNING EST-0026] Missing route to pin cpu\/mem_rdata_q\[16\]$_DFFE_PP_/Q in net cpu\/mem_rdata_q\[16\].
| INFO     | job0 | route.detailed       | 0 | [WARNING EST-0026] Missing route to pin cpu\/mem_rdata_q\[16\]$_DFFE_PP_/Q in net cpu\/mem_rdata_q\[16\].
| INFO     | job0 | route.detailed       | 0 | [WARNING EST-0026] Missing route to pin _4495_/A1 in net cpu\/pcpi_rs2\[21\].
| INFO     | job0 | route.detailed       | 0 | [WARNING EST-0026] Missing route to pin _4495_/A1 in net cpu\/pcpi_rs2\[21\].
| INFO     | job0 | route.detailed       | 0 | [WARNING EST-0026] Missing route to pin _4495_/A1 in net cpu\/pcpi_rs2\[21\].
| INFO     | job0 | route.detailed       | 0 | Writing database: outputs/picorv32_bp_top.odb.gz
| INFO     | job0 | route.detailed       | 0 | Writing DEF: outputs/picorv32_bp_top.def.gz
| INFO     | job0 | route.detailed       | 0 | Writing netlist: outputs/picorv32_bp_top.vg
| INFO     | job0 | route.detailed       | 0 | Writing LEC netlist: outputs/picorv32_bp_top.lec.vg
| INFO     | job0 | route.detailed       | 0 | Writing SDC: outputs/picorv32_bp_top.sdc
| INFO     | job0 | route.detailed       | 0 | SC_METRIC: report_checks -path_delay max
| INFO     | job0 | route.detailed       | 0 | No paths found.
| INFO     | job0 | route.detailed       | 0 | SC_METRIC: setupslack
| INFO     | job0 | route.detailed       | 0 | worst slack max INF
| INFO     | job0 | route.detailed       | 0 | SC_METRIC: tns
| INFO     | job0 | route.detailed       | 0 | tns max 0.00
| INFO     | job0 | route.detailed       | 0 | SC_METRIC: report_checks -path_delay min
| INFO     | job0 | route.detailed       | 0 | No paths found.
| INFO     | job0 | route.detailed       | 0 | SC_METRIC: holdslack
| INFO     | job0 | route.detailed       | 0 | worst slack min INF
| INFO     | job0 | route.detailed       | 0 | SC_METRIC: unconstrained
| INFO     | job0 | route.detailed       | 0 | Startpoint: cpu/latched_stalu$_SDFFE_PN0P_ (rising edge-triggered flip-flop)
| INFO     | job0 | route.detailed       | 0 | Endpoint: cpu/reg_next_pc[31]$_SDFFE_PN0P_ (rising edge-triggered flip-flop)
| INFO     | job0 | route.detailed       | 0 | Path Group: unconstrained
| INFO     | job0 | route.detailed       | 0 | Path Type: max
| INFO     | job0 | route.detailed       | 0 | Corner: slow
| INFO     | job0 | route.detailed       | 0 | 
| INFO     | job0 | route.detailed       | 0 | Fanout     Cap    Slew   Delay    Time   Description
| INFO     | job0 | route.detailed       | 0 | -----------------------------------------------------------------------------
| INFO     | job0 | route.detailed       | 0 |                   2.88    0.00    0.00 ^ cpu/latched_stalu$_SDFFE_PN0P_/CLK (sky130_fd_sc_hd__dfxtp_1)
| INFO     | job0 | route.detailed       | 0 |      3    0.01    0.32    2.72    2.72 ^ cpu/latched_stalu$_SDFFE_PN0P_/Q (sky130_fd_sc_hd__dfxtp_1)
| INFO     | job0 | route.detailed       | 0 |                                          _2675_ (net)
| INFO     | job0 | route.detailed       | 0 |                   0.32    0.00    2.72 ^ place238/A (sky130_fd_sc_hd__buf_4)
| INFO     | job0 | route.detailed       | 0 |     31    0.13    1.35    1.35    4.07 ^ place238/X (sky130_fd_sc_hd__buf_4)
| INFO     | job0 | route.detailed       | 0 |                                          net238 (net)
| INFO     | job0 | route.detailed       | 0 |                   1.35    0.00    4.07 ^ _6985_/S (sky130_fd_sc_hd__mux2_4)
| INFO     | job0 | route.detailed       | 0 |      3    0.01    0.18    1.77    5.84 v _6985_/X (sky130_fd_sc_hd__mux2_4)
| INFO     | job0 | route.detailed       | 0 |                                          _2798_ (net)
| INFO     | job0 | route.detailed       | 0 |                   0.18    0.00    5.84 v _7966_/A1 (sky130_fd_sc_hd__mux2_2)
| INFO     | job0 | route.detailed       | 0 |      2    0.01    0.19    1.39    7.23 v _7966_/X (sky130_fd_sc_hd__mux2_2)
| INFO     | job0 | route.detailed       | 0 |                                          _3636_ (net)
| INFO     | job0 | route.detailed       | 0 |                   0.19    0.00    7.23 v _7968_/B (sky130_fd_sc_hd__maj3_2)
| INFO     | job0 | route.detailed       | 0 |      3    0.01    0.22    1.59    8.82 v _7968_/X (sky130_fd_sc_hd__maj3_2)
| INFO     | job0 | route.detailed       | 0 |                                          _3638_ (net)
| INFO     | job0 | route.detailed       | 0 |                   0.22    0.00    8.82 v _7971_/A2 (sky130_fd_sc_hd__a211oi_2)
| INFO     | job0 | route.detailed       | 0 |      2    0.00    0.62    0.96    9.78 ^ _7971_/Y (sky130_fd_sc_hd__a211oi_2)
| INFO     | job0 | route.detailed       | 0 |                                          _3641_ (net)
| INFO     | job0 | route.detailed       | 0 |                   0.62    0.00    9.78 ^ _7974_/A3 (sky130_fd_sc_hd__o311ai_1)
| INFO     | job0 | route.detailed       | 0 |      3    0.01    0.22    0.49   10.27 v _7974_/Y (sky130_fd_sc_hd__o311ai_1)
| INFO     | job0 | route.detailed       | 0 |                                          _3644_ (net)
| INFO     | job0 | route.detailed       | 0 |                   0.22    0.00   10.27 v _7977_/A3 (sky130_fd_sc_hd__a311oi_1)
| INFO     | job0 | route.detailed       | 0 |      3    0.01    1.10    1.37   11.64 ^ _7977_/Y (sky130_fd_sc_hd__a311oi_1)
| INFO     | job0 | route.detailed       | 0 |                                          _3647_ (net)
| INFO     | job0 | route.detailed       | 0 |                   1.10    0.00   11.64 ^ _7980_/A3 (sky130_fd_sc_hd__o311ai_1)
| INFO     | job0 | route.detailed       | 0 |      4    0.01    0.33    0.79   12.43 v _7980_/Y (sky130_fd_sc_hd__o311ai_1)
| INFO     | job0 | route.detailed       | 0 |                                          _3650_ (net)
| INFO     | job0 | route.detailed       | 0 |                   0.33    0.00   12.43 v _7983_/A3 (sky130_fd_sc_hd__a311oi_2)
| INFO     | job0 | route.detailed       | 0 |      3    0.01    0.77    1.25   13.67 ^ _7983_/Y (sky130_fd_sc_hd__a311oi_2)
| INFO     | job0 | route.detailed       | 0 |                                          _3653_ (net)
| INFO     | job0 | route.detailed       | 0 |                   0.77    0.00   13.67 ^ _7986_/A3 (sky130_fd_sc_hd__o311ai_1)
| INFO     | job0 | route.detailed       | 0 |      3    0.01    0.25    0.57   14.25 v _7986_/Y (sky130_fd_sc_hd__o311ai_1)
| INFO     | job0 | route.detailed       | 0 |                                          _3656_ (net)
| INFO     | job0 | route.detailed       | 0 |                   0.25    0.00   14.25 v _7988_/A3 (sky130_fd_sc_hd__a31oi_1)
| INFO     | job0 | route.detailed       | 0 |      2    0.02    1.55    1.47   15.72 ^ _7988_/Y (sky130_fd_sc_hd__a31oi_1)
| INFO     | job0 | route.detailed       | 0 |                                          _3658_ (net)
| INFO     | job0 | route.detailed       | 0 |                   1.55    0.00   15.72 ^ _7990_/A2 (sky130_fd_sc_hd__o21bai_1)
| INFO     | job0 | route.detailed       | 0 |      3    0.00    0.22    0.79   16.50 v _7990_/Y (sky130_fd_sc_hd__o21bai_1)
| INFO     | job0 | route.detailed       | 0 |                                          _3660_ (net)
| INFO     | job0 | route.detailed       | 0 |                   0.22    0.00   16.50 v _7993_/A2 (sky130_fd_sc_hd__a211o_1)
| INFO     | job0 | route.detailed       | 0 |      3    0.00    0.16    1.36   17.86 v _7993_/X (sky130_fd_sc_hd__a211o_1)
| INFO     | job0 | route.detailed       | 0 |                                          _3663_ (net)
| INFO     | job0 | route.detailed       | 0 |                   0.16    0.00   17.86 v _7995_/A3 (sky130_fd_sc_hd__a31oi_1)
| INFO     | job0 | route.detailed       | 0 |      3    0.01    0.92    0.96   18.82 ^ _7995_/Y (sky130_fd_sc_hd__a31oi_1)
| INFO     | job0 | route.detailed       | 0 |                                          _3665_ (net)
| INFO     | job0 | route.detailed       | 0 |                   0.92    0.00   18.82 ^ _8000_/A2 (sky130_fd_sc_hd__a211o_1)
| INFO     | job0 | route.detailed       | 0 |      4    0.01    0.28    0.83   19.65 ^ _8000_/X (sky130_fd_sc_hd__a211o_1)
| INFO     | job0 | route.detailed       | 0 |                                          _3670_ (net)
| INFO     | job0 | route.detailed       | 0 |                   0.28    0.00   19.65 ^ _8001_/B (sky130_fd_sc_hd__nor2_1)
| INFO     | job0 | route.detailed       | 0 |      2    0.00    0.19    0.20   19.85 v _8001_/Y (sky130_fd_sc_hd__nor2_1)
| INFO     | job0 | route.detailed       | 0 |                                          _3671_ (net)
| INFO     | job0 | route.detailed       | 0 |                   0.19    0.00   19.85 v _8003_/A2 (sky130_fd_sc_hd__a21o_1)
| INFO     | job0 | route.detailed       | 0 |      2    0.01    0.15    0.79   20.64 v _8003_/X (sky130_fd_sc_hd__a21o_1)
| INFO     | job0 | route.detailed       | 0 |                                          _3673_ (net)
| INFO     | job0 | route.detailed       | 0 |                   0.15    0.00   20.64 v _8004_/B (sky130_fd_sc_hd__and2_1)
| INFO     | job0 | route.detailed       | 0 |      4    0.01    0.14    0.70   21.34 v _8004_/X (sky130_fd_sc_hd__and2_1)
| INFO     | job0 | route.detailed       | 0 |                                          _3674_ (net)
| INFO     | job0 | route.detailed       | 0 |                   0.14    0.00   21.34 v _8006_/A3 (sky130_fd_sc_hd__a31o_1)
| INFO     | job0 | route.detailed       | 0 |      2    0.00    0.11    0.91   22.25 v _8006_/X (sky130_fd_sc_hd__a31o_1)
| INFO     | job0 | route.detailed       | 0 |                                          _3676_ (net)
| INFO     | job0 | route.detailed       | 0 |                   0.11    0.00   22.25 v _8008_/A (sky130_fd_sc_hd__nand2_1)
| INFO     | job0 | route.detailed       | 0 |      2    0.00    0.18    0.22   22.46 ^ _8008_/Y (sky130_fd_sc_hd__nand2_1)
| INFO     | job0 | route.detailed       | 0 |                                          _3678_ (net)
| INFO     | job0 | route.detailed       | 0 |                   0.18    0.00   22.46 ^ _8009_/B1 (sky130_fd_sc_hd__o21ai_1)
| INFO     | job0 | route.detailed       | 0 |      2    0.01    0.21    0.24   22.71 v _8009_/Y (sky130_fd_sc_hd__o21ai_1)
| INFO     | job0 | route.detailed       | 0 |                                          _3679_ (net)
| INFO     | job0 | route.detailed       | 0 |                   0.21    0.00   22.71 v _8807_/C (sky130_fd_sc_hd__maj3_2)
| INFO     | job0 | route.detailed       | 0 |      2    0.00    0.19    1.45   24.15 v _8807_/X (sky130_fd_sc_hd__maj3_2)
| INFO     | job0 | route.detailed       | 0 |                                          _4273_ (net)
| INFO     | job0 | route.detailed       | 0 |                   0.19    0.00   24.15 v _8811_/A1 (sky130_fd_sc_hd__o21a_1)
| INFO     | job0 | route.detailed       | 0 |      1    0.00    0.10    0.81   24.96 v _8811_/X (sky130_fd_sc_hd__o21a_1)
| INFO     | job0 | route.detailed       | 0 |                                          _4277_ (net)
| INFO     | job0 | route.detailed       | 0 |                   0.10    0.00   24.97 v _8815_/A2 (sky130_fd_sc_hd__a21oi_1)
| INFO     | job0 | route.detailed       | 0 |      1    0.00    0.51    0.61   25.58 ^ _8815_/Y (sky130_fd_sc_hd__a21oi_1)
| INFO     | job0 | route.detailed       | 0 |                                          _4281_ (net)
| INFO     | job0 | route.detailed       | 0 |                   0.51    0.00   25.58 ^ _8819_/A1 (sky130_fd_sc_hd__o21ai_0)
| INFO     | job0 | route.detailed       | 0 |      1    0.00    0.16    0.42   26.00 v _8819_/Y (sky130_fd_sc_hd__o21ai_0)
| INFO     | job0 | route.detailed       | 0 |                                          _0356_ (net)
| INFO     | job0 | route.detailed       | 0 |                   0.16    0.00   26.00 v cpu/reg_next_pc[31]$_SDFFE_PN0P_/D (sky130_fd_sc_hd__dfxtp_1)
| INFO     | job0 | route.detailed       | 0 |                                  26.00   data arrival time
| INFO     | job0 | route.detailed       | 0 | -----------------------------------------------------------------------------
| INFO     | job0 | route.detailed       | 0 | (Path is unconstrained)
| INFO     | job0 | route.detailed       | 0 | 
| INFO     | job0 | route.detailed       | 0 | 
| INFO     | job0 | route.detailed       | 0 | SC_METRIC: DRV violators
| INFO     | job0 | route.detailed       | 0 | SC_METRIC: floating nets
| INFO     | job0 | route.detailed       | 0 | Reporting floating nets: reports/floating_nets.rpt
| INFO     | job0 | route.detailed       | 0 | SC_METRIC: overdriven nets
| INFO     | job0 | route.detailed       | 0 | Reporting overdriven nets: reports/overdriven_nets.rpt
| INFO     | job0 | route.detailed       | 0 | Reporting overdriven nets: reports/overdriven_nets_with_parallel.rpt
| INFO     | job0 | route.detailed       | 0 | SC_METRIC: fmax
| INFO     | job0 | route.detailed       | 0 | SC_METRIC: power
| INFO     | job0 | route.detailed       | 0 | Power for corner: fast
| INFO     | job0 | route.detailed       | 0 | Group                  Internal  Switching    Leakage      Total
| INFO     | job0 | route.detailed       | 0 |                           Power      Power      Power      Power (Watts)
| INFO     | job0 | route.detailed       | 0 | ----------------------------------------------------------------
| INFO     | job0 | route.detailed       | 0 | Sequential             1.87e-02   7.48e-03   4.73e-05   2.62e-02  26.6%
| INFO     | job0 | route.detailed       | 0 | Combinational          4.15e-02   3.08e-02   3.21e-05   7.23e-02  73.4%
| INFO     | job0 | route.detailed       | 0 | Clock                 -7.66e-10   0.00e+00   1.06e-11  -7.55e-10  -0.0%
| INFO     | job0 | route.detailed       | 0 | Macro                  0.00e+00   0.00e+00   0.00e+00   0.00e+00   0.0%
| INFO     | job0 | route.detailed       | 0 | Pad                    0.00e+00   0.00e+00   0.00e+00   0.00e+00   0.0%
| INFO     | job0 | route.detailed       | 0 | ----------------------------------------------------------------
| INFO     | job0 | route.detailed       | 0 | Total                  6.02e-02   3.83e-02   7.94e-05   9.86e-02 100.0%
| INFO     | job0 | route.detailed       | 0 |                           61.1%      38.8%       0.1%
| INFO     | job0 | route.detailed       | 0 | Power for corner: slow
| INFO     | job0 | route.detailed       | 0 | Group                  Internal  Switching    Leakage      Total
| INFO     | job0 | route.detailed       | 0 |                           Power      Power      Power      Power (Watts)
| INFO     | job0 | route.detailed       | 0 | ----------------------------------------------------------------
| INFO     | job0 | route.detailed       | 0 | Sequential             7.16e-03   3.61e-03   6.00e-10   1.08e-02  28.2%
| INFO     | job0 | route.detailed       | 0 | Combinational          1.37e-02   1.38e-02   8.48e-10   2.75e-02  71.8%
| INFO     | job0 | route.detailed       | 0 | Clock                  2.51e-10   0.00e+00   1.76e-14   2.51e-10   0.0%
| INFO     | job0 | route.detailed       | 0 | Macro                  0.00e+00   0.00e+00   0.00e+00   0.00e+00   0.0%
| INFO     | job0 | route.detailed       | 0 | Pad                    0.00e+00   0.00e+00   0.00e+00   0.00e+00   0.0%
| INFO     | job0 | route.detailed       | 0 | ----------------------------------------------------------------
| INFO     | job0 | route.detailed       | 0 | Total                  2.09e-02   1.74e-02   1.45e-09   3.83e-02 100.0%
| INFO     | job0 | route.detailed       | 0 |                           54.6%      45.4%       0.0%
| INFO     | job0 | route.detailed       | 0 | Power for corner: typical
| INFO     | job0 | route.detailed       | 0 | Group                  Internal  Switching    Leakage      Total
| INFO     | job0 | route.detailed       | 0 |                           Power      Power      Power      Power (Watts)
| INFO     | job0 | route.detailed       | 0 | ----------------------------------------------------------------
| INFO     | job0 | route.detailed       | 0 | Sequential             1.35e-02   6.28e-03   1.37e-08   1.98e-02  28.3%
| INFO     | job0 | route.detailed       | 0 | Combinational          2.47e-02   2.53e-02   1.16e-08   5.00e-02  71.7%
| INFO     | job0 | route.detailed       | 0 | Clock                  3.02e-10   0.00e+00   3.80e-14   3.02e-10   0.0%
| INFO     | job0 | route.detailed       | 0 | Macro                  0.00e+00   0.00e+00   0.00e+00   0.00e+00   0.0%
| INFO     | job0 | route.detailed       | 0 | Pad                    0.00e+00   0.00e+00   0.00e+00   0.00e+00   0.0%
| INFO     | job0 | route.detailed       | 0 | ----------------------------------------------------------------
| INFO     | job0 | route.detailed       | 0 | Total                  3.82e-02   3.16e-02   2.52e-08   6.98e-02 100.0%
| INFO     | job0 | route.detailed       | 0 |                           54.8%      45.2%       0.0%
| INFO     | job0 | route.detailed       | 0 | SC_METRIC: cellarea
| INFO     | job0 | route.detailed       | 0 | Design area 78384 um^2 6% utilization.
| INFO     | job0 | route.detailed       | 0 | Cell type report:                       Count       Area
| INFO     | job0 | route.detailed       | 0 |   Fill cell                            160936 1287582.39
| INFO     | job0 | route.detailed       | 0 |   Tap cell                              18487   23130.93
| INFO     | job0 | route.detailed       | 0 |   Timing Repair Buffer                    114     950.91
| INFO     | job0 | route.detailed       | 0 |   Inverter                                 84     315.30
| INFO     | job0 | route.detailed       | 0 |   Sequential cell                        1597   44786.70
| INFO     | job0 | route.detailed       | 0 |   Multi-Input combinational cell         4065   32331.01
| INFO     | job0 | route.detailed       | 0 |   Total                                185283 1389097.25
| INFO     | job0 | route.detailed       | 0 | 
| INFO     | job0 | route.detailed       | 0 | Cell instance report:
| INFO     | job0 | route.detailed       | 0 |   sky130_fd_sc_hd__a2111oi_0                1       8.76
| INFO     | job0 | route.detailed       | 0 |   sky130_fd_sc_hd__a2111oi_2                1      15.01
| INFO     | job0 | route.detailed       | 0 |   sky130_fd_sc_hd__a211o_1                 12     105.10
| INFO     | job0 | route.detailed       | 0 |   sky130_fd_sc_hd__a211oi_1                23     172.67
| INFO     | job0 | route.detailed       | 0 |   sky130_fd_sc_hd__a211oi_2                 2      25.02
| INFO     | job0 | route.detailed       | 0 |   sky130_fd_sc_hd__a21boi_0                 5      37.54
| INFO     | job0 | route.detailed       | 0 |   sky130_fd_sc_hd__a21o_1                  63     472.95
| INFO     | job0 | route.detailed       | 0 |   sky130_fd_sc_hd__a21oi_1                276    1381.32
| INFO     | job0 | route.detailed       | 0 |   sky130_fd_sc_hd__a21oi_2                  1       8.76
| INFO     | job0 | route.detailed       | 0 |   sky130_fd_sc_hd__a21oi_4                  1      16.27
| INFO     | job0 | route.detailed       | 0 |   sky130_fd_sc_hd__a221o_1                 15     150.14
| INFO     | job0 | route.detailed       | 0 |   sky130_fd_sc_hd__a221oi_1                25     218.96
| INFO     | job0 | route.detailed       | 0 |   sky130_fd_sc_hd__a222oi_1                40     400.38
| INFO     | job0 | route.detailed       | 0 |   sky130_fd_sc_hd__a22o_1                  27     236.48
| INFO     | job0 | route.detailed       | 0 |   sky130_fd_sc_hd__a22oi_1                 38     285.27
| INFO     | job0 | route.detailed       | 0 |   sky130_fd_sc_hd__a2bb2oi_1                1       8.76
| INFO     | job0 | route.detailed       | 0 |   sky130_fd_sc_hd__a311o_1                  2      20.02
| INFO     | job0 | route.detailed       | 0 |   sky130_fd_sc_hd__a311oi_1                11      96.34
| INFO     | job0 | route.detailed       | 0 |   sky130_fd_sc_hd__a311oi_2                 3      45.04
| INFO     | job0 | route.detailed       | 0 |   sky130_fd_sc_hd__a31o_1                   4      35.03
| INFO     | job0 | route.detailed       | 0 |   sky130_fd_sc_hd__a31oi_1                 64     400.38
| INFO     | job0 | route.detailed       | 0 |   sky130_fd_sc_hd__a32o_1                   8      80.08
| INFO     | job0 | route.detailed       | 0 |   sky130_fd_sc_hd__a32oi_1                 10      87.58
| INFO     | job0 | route.detailed       | 0 |   sky130_fd_sc_hd__a41oi_1                  3      26.28
| INFO     | job0 | route.detailed       | 0 |   sky130_fd_sc_hd__and2_0                  26     162.66
| INFO     | job0 | route.detailed       | 0 |   sky130_fd_sc_hd__and2_1                  53     331.57
| INFO     | job0 | route.detailed       | 0 |   sky130_fd_sc_hd__and3_1                  49     306.54
| INFO     | job0 | route.detailed       | 0 |   sky130_fd_sc_hd__and4_1                  32     280.27
| INFO     | job0 | route.detailed       | 0 |   sky130_fd_sc_hd__buf_12                   7     140.13
| INFO     | job0 | route.detailed       | 0 |   sky130_fd_sc_hd__buf_4                  106     795.76
| INFO     | job0 | route.detailed       | 0 |   sky130_fd_sc_hd__buf_8                    1      15.01
| INFO     | job0 | route.detailed       | 0 |   sky130_fd_sc_hd__clkinv_1                 3      11.26
| INFO     | job0 | route.detailed       | 0 |   sky130_fd_sc_hd__conb_1                  34     127.62
| INFO     | job0 | route.detailed       | 0 |   sky130_fd_sc_hd__dfxtp_1                314    6286.03
| INFO     | job0 | route.detailed       | 0 |   sky130_fd_sc_hd__dfxtp_2                  3      63.81
| INFO     | job0 | route.detailed       | 0 |   sky130_fd_sc_hd__diode_2                  6      15.01
| INFO     | job0 | route.detailed       | 0 |   sky130_fd_sc_hd__edfxtp_1              1280   38436.86
| INFO     | job0 | route.detailed       | 0 |   sky130_fd_sc_hd__fill_1               19184   24003.02
| INFO     | job0 | route.detailed       | 0 |   sky130_fd_sc_hd__fill_2               18697   46787.37
| INFO     | job0 | route.detailed       | 0 |   sky130_fd_sc_hd__fill_4                2985   14939.33
| INFO     | job0 | route.detailed       | 0 |   sky130_fd_sc_hd__fill_8              120070 1201852.67
| INFO     | job0 | route.detailed       | 0 |   sky130_fd_sc_hd__inv_1                   78     292.78
| INFO     | job0 | route.detailed       | 0 |   sky130_fd_sc_hd__inv_2                    3      11.26
| INFO     | job0 | route.detailed       | 0 |   sky130_fd_sc_hd__maj3_1                   4      40.04
| INFO     | job0 | route.detailed       | 0 |   sky130_fd_sc_hd__maj3_2                   7      78.83
| INFO     | job0 | route.detailed       | 0 |   sky130_fd_sc_hd__mux2_2                  54     608.08
| INFO     | job0 | route.detailed       | 0 |   sky130_fd_sc_hd__mux2_4                   1      15.01
| INFO     | job0 | route.detailed       | 0 |   sky130_fd_sc_hd__mux2i_1                 75     750.72
| INFO     | job0 | route.detailed       | 0 |   sky130_fd_sc_hd__mux4_2                 540   12161.66
| INFO     | job0 | route.detailed       | 0 |   sky130_fd_sc_hd__nand2_1                541    2030.70
| INFO     | job0 | route.detailed       | 0 |   sky130_fd_sc_hd__nand2b_1                39     243.98
| INFO     | job0 | route.detailed       | 0 |   sky130_fd_sc_hd__nand3_1                 76     380.36
| INFO     | job0 | route.detailed       | 0 |   sky130_fd_sc_hd__nand3b_1                11      82.58
| INFO     | job0 | route.detailed       | 0 |   sky130_fd_sc_hd__nand4_1                 21     131.38
| INFO     | job0 | route.detailed       | 0 |   sky130_fd_sc_hd__nand4b_1                 3      26.28
| INFO     | job0 | route.detailed       | 0 |   sky130_fd_sc_hd__nor2_1                 586    2199.61
| INFO     | job0 | route.detailed       | 0 |   sky130_fd_sc_hd__nor2_2                  33     206.45
| INFO     | job0 | route.detailed       | 0 |   sky130_fd_sc_hd__nor2b_1                 47     294.03
| INFO     | job0 | route.detailed       | 0 |   sky130_fd_sc_hd__nor3_1                 111     555.53
| INFO     | job0 | route.detailed       | 0 |   sky130_fd_sc_hd__nor3_2                   3      30.03
| INFO     | job0 | route.detailed       | 0 |   sky130_fd_sc_hd__nor3b_1                  2      15.01
| INFO     | job0 | route.detailed       | 0 |   sky130_fd_sc_hd__nor4_1                  20     125.12
| INFO     | job0 | route.detailed       | 0 |   sky130_fd_sc_hd__nor4_2                   2      25.02
| INFO     | job0 | route.detailed       | 0 |   sky130_fd_sc_hd__nor4b_1                  3      26.28
| INFO     | job0 | route.detailed       | 0 |   sky130_fd_sc_hd__o2111a_1                 1      11.26
| INFO     | job0 | route.detailed       | 0 |   sky130_fd_sc_hd__o2111ai_1                1       8.76
| INFO     | job0 | route.detailed       | 0 |   sky130_fd_sc_hd__o211a_1                  2      20.02
| INFO     | job0 | route.detailed       | 0 |   sky130_fd_sc_hd__o211ai_1                28     210.20
| INFO     | job0 | route.detailed       | 0 |   sky130_fd_sc_hd__o21a_1                  33     247.74
| INFO     | job0 | route.detailed       | 0 |   sky130_fd_sc_hd__o21ai_0                544    2722.61
| INFO     | job0 | route.detailed       | 0 |   sky130_fd_sc_hd__o21ai_1                 19      95.09
| INFO     | job0 | route.detailed       | 0 |   sky130_fd_sc_hd__o21bai_1                 3      22.52
| INFO     | job0 | route.detailed       | 0 |   sky130_fd_sc_hd__o221a_2                  3      33.78
| INFO     | job0 | route.detailed       | 0 |   sky130_fd_sc_hd__o221ai_1                58     507.99
| INFO     | job0 | route.detailed       | 0 |   sky130_fd_sc_hd__o22a_1                   1       8.76
| INFO     | job0 | route.detailed       | 0 |   sky130_fd_sc_hd__o22ai_1                 48     300.29
| INFO     | job0 | route.detailed       | 0 |   sky130_fd_sc_hd__o2bb2ai_1                2      17.52
| INFO     | job0 | route.detailed       | 0 |   sky130_fd_sc_hd__o311a_1                  1      10.01
| INFO     | job0 | route.detailed       | 0 |   sky130_fd_sc_hd__o311ai_0                 4      35.03
| INFO     | job0 | route.detailed       | 0 |   sky130_fd_sc_hd__o311ai_1                 8      70.07
| INFO     | job0 | route.detailed       | 0 |   sky130_fd_sc_hd__o31a_1                   5      43.79
| INFO     | job0 | route.detailed       | 0 |   sky130_fd_sc_hd__o31ai_1                 26     195.19
| INFO     | job0 | route.detailed       | 0 |   sky130_fd_sc_hd__o31ai_2                  1      12.51
| INFO     | job0 | route.detailed       | 0 |   sky130_fd_sc_hd__o32ai_1                 11      96.34
| INFO     | job0 | route.detailed       | 0 |   sky130_fd_sc_hd__or2_1                   27     168.91
| INFO     | job0 | route.detailed       | 0 |   sky130_fd_sc_hd__or3_1                   20     125.12
| INFO     | job0 | route.detailed       | 0 |   sky130_fd_sc_hd__or3b_2                   3      26.28
| INFO     | job0 | route.detailed       | 0 |   sky130_fd_sc_hd__or4_1                    5      37.54
| INFO     | job0 | route.detailed       | 0 |   sky130_fd_sc_hd__or4b_2                   2      20.02
| INFO     | job0 | route.detailed       | 0 |   sky130_fd_sc_hd__tapvpwrvgnd_1        18487   23130.93
| INFO     | job0 | route.detailed       | 0 |   sky130_fd_sc_hd__xnor2_1                123    1077.28
| INFO     | job0 | route.detailed       | 0 |   sky130_fd_sc_hd__xor2_1                  71     621.85
| WARNING  | job0 | route.detailed       | 0 |  13: [WARNING FLW-0001] No clocks defined.
| WARNING  | job0 | route.detailed       | 0 |  28: [WARNING DRT-0349] LEF58_ENCLOSURE with no CUTCLASS is not supported. Skipping for layer mcon
| WARNING  | job0 | route.detailed       | 0 |  29: [WARNING DRT-0349] LEF58_ENCLOSURE with no CUTCLASS is not supported. Skipping for layer mcon
| WARNING  | job0 | route.detailed       | 0 |  30: [WARNING DRT-0349] LEF58_ENCLOSURE with no CUTCLASS is not supported. Skipping for layer via
| WARNING  | job0 | route.detailed       | 0 |  31: [WARNING DRT-0349] LEF58_ENCLOSURE with no CUTCLASS is not supported. Skipping for layer via
| WARNING  | job0 | route.detailed       | 0 |  32: [WARNING DRT-0349] LEF58_ENCLOSURE with no CUTCLASS is not supported. Skipping for layer via2
| WARNING  | job0 | route.detailed       | 0 |  33: [WARNING DRT-0349] LEF58_ENCLOSURE with no CUTCLASS is not supported. Skipping for layer via2
| WARNING  | job0 | route.detailed       | 0 |  34: [WARNING DRT-0349] LEF58_ENCLOSURE with no CUTCLASS is not supported. Skipping for layer via3
| WARNING  | job0 | route.detailed       | 0 |  35: [WARNING DRT-0349] LEF58_ENCLOSURE with no CUTCLASS is not supported. Skipping for layer via3
| WARNING  | job0 | route.detailed       | 0 |  36: [WARNING DRT-0349] LEF58_ENCLOSURE with no CUTCLASS is not supported. Skipping for layer via4
| WARNING  | job0 | route.detailed       | 0 |  37: [WARNING DRT-0349] LEF58_ENCLOSURE with no CUTCLASS is not supported. Skipping for layer via4
| WARNING  | job0 | route.detailed       | 0 |  46: [WARNING DRT-0120] Large net net154 has 433 pins which may impact routing performance. Consider optimization.
| WARNING  | job0 | route.detailed       | 0 |  47: [WARNING DRT-0120] Large net net262 has 168 pins which may impact routing performance. Consider optimization.
| WARNING  | job0 | route.detailed       | 0 |  48: [WARNING DRT-0120] Large net net261 has 441 pins which may impact routing performance. Consider optimization.
| WARNING  | job0 | route.detailed       | 0 |  49: [WARNING DRT-0120] Large net net263 has 198 pins which may impact routing performance. Consider optimization.
| WARNING  | job0 | route.detailed       | 0 |  50: [WARNING DRT-0120] Large net net260 has 215 pins which may impact routing performance. Consider optimization.
| WARNING  | job0 | route.detailed       | 0 |  51: [WARNING DRT-0120] Large net net259 has 153 pins which may impact routing performance. Consider optimization.
| WARNING  | job0 | route.detailed       | 0 |  52: [WARNING DRT-0120] Large net net251 has 113 pins which may impact routing performance. Consider optimization.
| WARNING  | job0 | route.detailed       | 0 |  53: [WARNING DRT-0120] Large net net252 has 102 pins which may impact routing performance. Consider optimization.
| WARNING  | job0 | route.detailed       | 0 |  54: [WARNING DRT-0120] Large net net246 has 134 pins which may impact routing performance. Consider optimization.
| WARNING  | job0 | route.detailed       | 0 |  55: [WARNING DRT-0120] Large net net244 has 260 pins which may impact routing performance. Consider optimization.
| WARNING  | job0 | route.detailed       | 0 | 499: [WARNING EST-0026] Missing route to pin _5804_/A1 in net _1685_.
| WARNING  | job0 | route.detailed       | 0 | 500: [WARNING EST-0026] Missing route to pin _5804_/A1 in net _1685_.
| WARNING  | job0 | route.detailed       | 0 | 501: [WARNING EST-0026] Missing route to pin _5804_/A1 in net _1685_.
| WARNING  | job0 | route.detailed       | 0 | 502: [WARNING EST-0026] Missing route to pin _6656_/S0 in net net257.
| WARNING  | job0 | route.detailed       | 0 | 503: [WARNING EST-0026] Missing route to pin _6048_/S0 in net net257.
| WARNING  | job0 | route.detailed       | 0 | 504: [WARNING EST-0026] Missing route to pin _6042_/S0 in net net257.
| WARNING  | job0 | route.detailed       | 0 | 505: [WARNING EST-0026] Missing route to pin _6656_/S0 in net net257.
| WARNING  | job0 | route.detailed       | 0 | 506: [WARNING EST-0026] Missing route to pin _6048_/S0 in net net257.
| WARNING  | job0 | route.detailed       | 0 | 507: [WARNING EST-0026] Missing route to pin _6042_/S0 in net net257.
| WARNING  | job0 | route.detailed       | 0 | 508: [WARNING EST-0026] Missing route to pin _6656_/S0 in net net257.
| WARNING  | job0 | route.detailed       | 0 | 509: [WARNING EST-0026] Missing route to pin _6048_/S0 in net net257.
| WARNING  | job0 | route.detailed       | 0 | 510: [WARNING EST-0026] Missing route to pin _6042_/S0 in net net257.
| WARNING  | job0 | route.detailed       | 0 | 511: [WARNING EST-0026] Missing route to pin _6324_/S0 in net net255.
| WARNING  | job0 | route.detailed       | 0 | 512: [WARNING EST-0026] Missing route to pin _6324_/S0 in net net255.
| WARNING  | job0 | route.detailed       | 0 | 513: [WARNING EST-0026] Missing route to pin _6324_/S0 in net net255.
| WARNING  | job0 | route.detailed       | 0 | 514: [WARNING EST-0026] Missing route to pin _7681_/S0 in net net256.
| WARNING  | job0 | route.detailed       | 0 | 515: [WARNING EST-0026] Missing route to pin _6573_/S0 in net net256.
| WARNING  | job0 | route.detailed       | 0 | 516: [WARNING EST-0026] Missing route to pin _7681_/S0 in net net256.
| WARNING  | job0 | route.detailed       | 0 | 517: [WARNING EST-0026] Missing route to pin _6573_/S0 in net net256.
| WARNING  | job0 | route.detailed       | 0 | 518: [WARNING EST-0026] Missing route to pin _7681_/S0 in net net256.
| WARNING  | job0 | route.detailed       | 0 | 519: [WARNING EST-0026] Missing route to pin _6573_/S0 in net net256.
| WARNING  | job0 | route.detailed       | 0 | 520: [WARNING EST-0026] Missing route to pin _6110_/S0 in net net258.
| WARNING  | job0 | route.detailed       | 0 | 521: [WARNING EST-0026] Missing route to pin _6110_/S0 in net net258.
| WARNING  | job0 | route.detailed       | 0 | 522: [WARNING EST-0026] Missing route to pin _6110_/S0 in net net258.
| WARNING  | job0 | route.detailed       | 0 | 523: [WARNING EST-0026] Missing route to pin _7431_/S0 in net net246.
| WARNING  | job0 | route.detailed       | 0 | 524: [WARNING EST-0026] Missing route to pin _5339_/S0 in net net246.
| WARNING  | job0 | route.detailed       | 0 | 525: [WARNING EST-0026] Missing route to pin _7431_/S0 in net net246.
| WARNING  | job0 | route.detailed       | 0 | 526: [WARNING EST-0026] Missing route to pin _5339_/S0 in net net246.
| WARNING  | job0 | route.detailed       | 0 | 527: [WARNING EST-0026] Missing route to pin _7431_/S0 in net net246.
| WARNING  | job0 | route.detailed       | 0 | 528: [WARNING EST-0026] Missing route to pin _5339_/S0 in net net246.
| WARNING  | job0 | route.detailed       | 0 | 529: [WARNING EST-0026] Missing route to pin _6788_/S0 in net net247.
| WARNING  | job0 | route.detailed       | 0 | 530: [WARNING EST-0026] Missing route to pin _5411_/S0 in net net247.
| WARNING  | job0 | route.detailed       | 0 | 531: [WARNING EST-0026] Missing route to pin _6788_/S0 in net net247.
| WARNING  | job0 | route.detailed       | 0 | 532: [WARNING EST-0026] Missing route to pin _5411_/S0 in net net247.
| WARNING  | job0 | route.detailed       | 0 | 533: [WARNING EST-0026] Missing route to pin _6788_/S0 in net net247.
| WARNING  | job0 | route.detailed       | 0 | 534: [WARNING EST-0026] Missing route to pin _5411_/S0 in net net247.
| WARNING  | job0 | route.detailed       | 0 | 535: [WARNING EST-0026] Missing route to pin _5373_/S0 in net net248.
| WARNING  | job0 | route.detailed       | 0 | 536: [WARNING EST-0026] Missing route to pin _5373_/S0 in net net248.
| WARNING  | job0 | route.detailed       | 0 | 537: [WARNING EST-0026] Missing route to pin _5373_/S0 in net net248.
| WARNING  | job0 | route.detailed       | 0 | 538: [WARNING EST-0026] Missing route to pin _7977_/B1 in net _3645_.
| WARNING  | job0 | route.detailed       | 0 | 539: [WARNING EST-0026] Missing route to pin _7977_/B1 in net _3645_.
| WARNING  | job0 | route.detailed       | 0 | 540: [WARNING EST-0026] Missing route to pin _7977_/B1 in net _3645_.
| WARNING  | job0 | route.detailed       | 0 | 541: [WARNING EST-0026] Missing route to pin cpu\/cpuregs\[0\]\[26\]$_DFFE_PP_/Q in net cpu\/cpuregs\[0\]\[26\].
| WARNING  | job0 | route.detailed       | 0 | 542: [WARNING EST-0026] Missing route to pin cpu\/cpuregs\[0\]\[26\]$_DFFE_PP_/Q in net cpu\/cpuregs\[0\]\[26\].
| WARNING  | job0 | route.detailed       | 0 | 543: [WARNING EST-0026] Missing route to pin cpu\/cpuregs\[0\]\[26\]$_DFFE_PP_/Q in net cpu\/cpuregs\[0\]\[26\].
| WARNING  | job0 | route.detailed       | 0 | 544: [WARNING EST-0026] Missing route to pin cpu\/cpuregs\[11\]\[2\]$_DFFE_PP_/Q in net cpu\/cpuregs\[11\]\[2\].
| WARNING  | job0 | route.detailed       | 0 | 545: [WARNING EST-0026] Missing route to pin cpu\/cpuregs\[11\]\[2\]$_DFFE_PP_/Q in net cpu\/cpuregs\[11\]\[2\].
| WARNING  | job0 | route.detailed       | 0 | 546: [WARNING EST-0026] Missing route to pin cpu\/cpuregs\[11\]\[2\]$_DFFE_PP_/Q in net cpu\/cpuregs\[11\]\[2\].
| WARNING  | job0 | route.detailed       | 0 | 547: [WARNING EST-0026] Missing route to pin _6619_/A2 in net cpu\/cpuregs\[12\]\[7\].
| WARNING  | job0 | route.detailed       | 0 | 548: [WARNING EST-0026] Missing route to pin _6619_/A2 in net cpu\/cpuregs\[12\]\[7\].
| WARNING  | job0 | route.detailed       | 0 | 549: [WARNING EST-0026] Missing route to pin _6619_/A2 in net cpu\/cpuregs\[12\]\[7\].
| WARNING  | job0 | route.detailed       | 0 | 550: [WARNING EST-0026] Missing route to pin _5788_/A2 in net cpu\/cpuregs\[20\]\[16\].
| WARNING  | job0 | route.detailed       | 0 | 551: [WARNING EST-0026] Missing route to pin _5788_/A2 in net cpu\/cpuregs\[20\]\[16\].
| WARNING  | job0 | route.detailed       | 0 | 552: [WARNING EST-0026] Missing route to pin _5788_/A2 in net cpu\/cpuregs\[20\]\[16\].
| WARNING  | job0 | route.detailed       | 0 | 553: [WARNING EST-0026] Missing route to pin cpu\/cpuregs\[21\]\[12\]$_DFFE_PP_/Q in net cpu\/cpuregs\[21\]\[12\].
| WARNING  | job0 | route.detailed       | 0 | 554: [WARNING EST-0026] Missing route to pin cpu\/cpuregs\[21\]\[12\]$_DFFE_PP_/Q in net cpu\/cpuregs\[21\]\[12\].
| WARNING  | job0 | route.detailed       | 0 | 555: [WARNING EST-0026] Missing route to pin cpu\/cpuregs\[21\]\[12\]$_DFFE_PP_/Q in net cpu\/cpuregs\[21\]\[12\].
| WARNING  | job0 | route.detailed       | 0 | 556: [WARNING EST-0026] Missing route to pin _7506_/A2 in net cpu\/cpuregs\[28\]\[25\].
| WARNING  | job0 | route.detailed       | 0 | 557: [WARNING EST-0026] Missing route to pin _7506_/A2 in net cpu\/cpuregs\[28\]\[25\].
| WARNING  | job0 | route.detailed       | 0 | 558: [WARNING EST-0026] Missing route to pin _7506_/A2 in net cpu\/cpuregs\[28\]\[25\].
| WARNING  | job0 | route.detailed       | 0 | 559: [WARNING EST-0026] Missing route to pin cpu\/mem_rdata_q\[16\]$_DFFE_PP_/Q in net cpu\/mem_rdata_q\[16\].
| WARNING  | job0 | route.detailed       | 0 | 560: [WARNING EST-0026] Missing route to pin cpu\/mem_rdata_q\[16\]$_DFFE_PP_/Q in net cpu\/mem_rdata_q\[16\].
| WARNING  | job0 | route.detailed       | 0 | 561: [WARNING EST-0026] Missing route to pin cpu\/mem_rdata_q\[16\]$_DFFE_PP_/Q in net cpu\/mem_rdata_q\[16\].
| WARNING  | job0 | route.detailed       | 0 | 562: [WARNING EST-0026] Missing route to pin _4495_/A1 in net cpu\/pcpi_rs2\[21\].
| WARNING  | job0 | route.detailed       | 0 | 563: [WARNING EST-0026] Missing route to pin _4495_/A1 in net cpu\/pcpi_rs2\[21\].
| WARNING  | job0 | route.detailed       | 0 | 564: [WARNING EST-0026] Missing route to pin _4495_/A1 in net cpu\/pcpi_rs2\[21\].
| INFO     | job0 | route.detailed       | 0 | Number of errors: 0
| INFO     | job0 | route.detailed       | 0 | Number of warnings: 87
| INFO     | job0 | route.detailed       | 0 | Finished task in 306.23s
